Running as unit: run-p1442683-i14022791.scope; invocation ID: dd95cded67af48d5b7f1d707f65b07a4
   Compiling proc-macro2 v1.0.36
   Compiling unicode-xid v0.2.2
   Compiling syn v1.0.86
   Compiling libc v0.2.119
   Compiling autocfg v1.1.0
   Compiling version_check v0.9.4
   Compiling serde_derive v1.0.136
   Compiling serde v1.0.136
    Checking cfg-if v1.0.0
   Compiling memchr v2.4.1
   Compiling num-traits v0.2.14
   Compiling num-integer v0.1.44
   Compiling typenum v1.15.0
    Checking itoa v1.0.1
   Compiling generic-array v0.14.5
   Compiling futures-core v0.3.21
   Compiling quote v1.0.15
    Checking pin-project-lite v0.2.8
   Compiling cc v1.0.73
   Compiling log v0.4.14
   Compiling pq-sys v0.4.6
   Compiling indexmap v1.8.0
   Compiling standback v0.2.17
   Compiling futures-channel v0.3.21
   Compiling futures-task v0.3.21
    Checking lazy_static v1.4.0
    Checking futures-sink v0.3.21
    Checking time v0.1.43
   Compiling miniz_oxide v0.4.4
   Compiling unicase v2.6.0
   Compiling strsim v0.9.3
    Checking bytes v1.1.0
   Compiling proc-macro-hack v0.5.19
    Checking bitflags v1.3.2
   Compiling fnv v1.0.7
   Compiling ident_case v1.0.1
   Compiling futures-util v0.3.21
    Checking hashbrown v0.11.2
    Checking getrandom v0.2.5
    Checking futures-io v0.3.21
    Checking pin-utils v0.1.0
    Checking adler v1.0.2
    Checking slab v0.4.5
   Compiling pkg-config v0.3.24
    Checking crypto-common v0.1.3
   Compiling onig_sys v69.7.1
    Checking mio v0.8.0
    Checking socket2 v0.4.4
    Checking num_cpus v1.13.1
   Compiling time-macros v0.2.3
    Checking byteorder v1.4.3
    Checking num_threads v0.1.3
    Checking base64 v0.13.0
   Compiling ucd-trie v0.1.3
   Compiling const_fn v0.4.9
   Compiling crc32fast v1.3.2
   Compiling encoding_rs v0.8.30
   Compiling pest v2.1.3
    Checking tokio v1.17.0
    Checking http v0.2.6
    Checking time v0.3.7
    Checking tracing-core v0.1.22
   Compiling time v0.2.27
   Compiling nom v5.1.2
   Compiling maplit v1.0.2
   Compiling serde_json v1.0.79
    Checking safemem v0.3.3
   Compiling httparse v1.6.0
    Checking regex-syntax v0.6.25
    Checking linked-hash-map v0.5.4
    Checking percent-encoding v2.1.0
   Compiling derive_builder v0.9.0
    Checking ryu v1.0.9
    Checking line-wrap v0.1.1
   Compiling pest_meta v2.1.3
    Checking tracing v0.1.31
   Compiling mime_guess v2.0.4
   Compiling darling_core v0.10.2
    Checking tokio-util v0.6.9
    Checking inout v0.1.2
    Checking rand_core v0.6.3
   Compiling backtrace v0.3.64
    Checking aho-corasick v0.7.18
    Checking dirs-sys v0.3.6
   Compiling diesel_derives v1.4.1
   Compiling futures-macro v0.3.21
   Compiling time-macros-impl v0.1.2
   Compiling darling_macro v0.10.2
    Checking time-macros v0.1.1
   Compiling cookie v0.15.1
   Compiling darling v0.10.2
   Compiling derive_builder_core v0.9.0
   Compiling humansize v1.1.1
    Checking xml-rs v0.8.4
    Checking try-lock v0.2.3
   Compiling failure_derive v0.1.8
   Compiling askama_escape v0.3.0
    Checking unicode-width v0.1.9
   Compiling anyhow v1.0.56
    Checking same-file v1.0.6
    Checking gimli v0.26.1
    Checking ppv-lite86 v0.2.16
    Checking walkdir v2.3.2
    Checking textwrap v0.11.0
    Checking rand_chacha v0.3.1
    Checking onig v6.3.1
    Checking want v0.3.0
    Checking regex v1.5.5
    Checking quick-xml v0.20.0
   Compiling thiserror-impl v1.0.30
    Checking addr2line v0.17.0
   Compiling pin-project-internal v1.0.10
    Checking h2 v0.3.11
    Checking dirs v4.0.0
    Checking cipher v0.4.3
    Checking flate2 v1.0.22
   Compiling pest_generator v2.1.3
   Compiling synstructure v0.12.6
    Checking yaml-rust v0.4.5
    Checking http-body v0.4.4
    Checking block-buffer v0.10.2
    Checking object v0.27.1
    Checking atty v0.2.14
    Checking vec_map v0.8.2
    Checking ansi_term v0.12.1
    Checking httpdate v1.0.2
    Checking matches v0.1.9
    Checking tower-service v0.3.1
    Checking lazycell v1.3.0
    Checking unchecked-index v0.2.2
    Checking mime v0.3.16
    Checking rustc-demangle v0.1.21
    Checking strsim v0.8.0
    Checking clap v2.34.0
    Checking twoway v0.2.2
    Checking hyper v0.14.17
    Checking chrono v0.4.19
    Checking bincode v1.3.3
   Compiling toml v0.5.8
    Checking diesel v1.4.8
    Checking diligent-date-parser v0.1.3
    Checking plist v1.3.1
   Compiling askama_shared v0.9.1
    Checking syntect v4.6.0
    Checking atom_syndication v0.9.1
    Checking form_urlencoded v1.0.1
    Checking digest v0.10.3
   Compiling askama_derive v0.9.0
   Compiling pest_derive v2.1.0
    Checking pin-project v1.0.10
    Checking blowfish v0.9.1
    Checking xdg v2.4.1
    Checking thiserror v1.0.30
    Checking futures-executor v0.3.21
    Checking rand v0.8.5
   Compiling gotham_derive v0.7.0
    Checking uuid v0.8.2
    Checking cpufeatures v0.2.1
    Checking unicode_categories v0.1.1
    Checking borrow-bag v1.1.0
    Checking shell-words v1.1.0
   Compiling heck v0.4.0
    Checking typed-arena v1.7.0
    Checking entities v1.0.1
    Checking gotham v0.7.1
   Compiling diesel-derive-enum v1.1.2
    Checking comrak v0.12.1
    Checking sha2 v0.10.2
    Checking futures v0.3.21
    Checking bcrypt v0.12.0
    Checking failure v0.1.8
    Checking serde_urlencoded v0.7.1
    Checking askama v0.9.0
    Checking rss v1.10.0
    Checking migrations_internals v1.4.1
   Compiling migrations_macros v1.4.2
error: linking with `cc` failed: exit status: 1
  |
  = note:  "cc" "-Wl,--version-script=/tmp/nix-shell.uUVugk/agraven_amandag_cz1lm_tb/target/debug/deps/rustcdlyjG3/list" "-Wl,--no-undefined-version" "-m64" "/tmp/nix-shell.uUVugk/agraven_amandag_cz1lm_tb/target/debug/deps/rustcdlyjG3/symbols.o" "<4 object files omitted>" "/tmp/nix-shell.uUVugk/agraven_amandag_cz1lm_tb/target/debug/deps/rustcdlyjG3/rmeta.o" "<1 object files omitted>" "-Wl,--as-needed" "-Wl,-Bstatic" "/tmp/nix-shell.uUVugk/agraven_amandag_cz1lm_tb/target/debug/deps/{libsyn-ce3ed0f5e4702c0e,libquote-37294f6a2913e0fa,libproc_macro2-dccb2a25d2fb7900,libunicode_xid-00eba0ed0e789dae}.rlib" "<sysroot>/lib/rustlib/x86_64-unknown-linux-gnu/lib/{libproc_macro-*,librustc_literal_escaper-*}.rlib" "/tmp/nix-shell.uUVugk/agraven_amandag_cz1lm_tb/target/debug/deps/{libmigrations_internals-11bb6ac505d7611c,libdiesel-f00b4aa59988dc78,libpq_sys-b6494ce58b3c34c2,libchrono-335c47914fd1d0bd,libserde-814b7d9bddace66d,libnum_integer-e1da62b879f6b039,libnum_traits-32ad9849f36c3878,libtime-bf9dfc3e92efaab1,liblibc-b91808366ebbd819,libbyteorder-c0a8ce3869280ab9,libbitflags-a6bb40febbf12c7f}.rlib" "<sysroot>/lib/rustlib/x86_64-unknown-linux-gnu/lib/{libstd-*,libpanic_unwind-*,libobject-*,libmemchr-*,libaddr2line-*,libgimli-*,libcfg_if-*,librustc_demangle-*,libstd_detect-*,libhashbrown-*,librustc_std_workspace_alloc-*,libminiz_oxide-*,libadler2-*,libunwind-*,liblibc-*,librustc_std_workspace_core-*,liballoc-*,libcore-*,libcompiler_builtins-*}.rlib" "-Wl,-Bdynamic" "-lpq" "-lgcc_s" "-lutil" "-lrt" "-lpthread" "-lm" "-ldl" "-lc" "-L" "/tmp/nix-shell.uUVugk/agraven_amandag_cz1lm_tb/target/debug/deps/rustcdlyjG3/raw-dylibs" "-B<sysroot>/lib/rustlib/x86_64-unknown-linux-gnu/bin/gcc-ld" "-fuse-ld=lld" "-Wl,--eh-frame-hdr" "-Wl,-z,noexecstack" "-L" "<sysroot>/lib/rustlib/x86_64-unknown-linux-gnu/lib" "-o" "/tmp/nix-shell.uUVugk/agraven_amandag_cz1lm_tb/target/debug/deps/libmigrations_macros-bf2217c91273454a.so" "-Wl,--gc-sections" "-shared" "-Wl,-z,relro,-z,now" "-Wl,--strip-debug" "-nodefaultlibs"
  = note: some arguments are omitted. use `--verbose` to show all linker arguments
  = note: rust-lld: error: unable to find library -lpq
          collect2: error: ld returned 1 exit status
          

error: could not compile `migrations_macros` (lib) due to 1 previous error
warning: build failed, waiting for other jobs to finish...
