Running as unit: run-p3888447-i3888747.scope; invocation ID: 88ab768e1e0c472f9513c5fec0691229
warning: unused manifest key: profile.release.build
   Compiling proc-macro2 v1.0.89
   Compiling unicode-ident v1.0.13
   Compiling autocfg v1.4.0
    Checking cfg-if v1.0.0
   Compiling libc v0.2.162
    Checking once_cell v1.20.2
    Checking log v0.4.22
   Compiling pkg-config v0.3.31
    Checking smallvec v1.13.2
   Compiling crossbeam-utils v0.8.20
   Compiling version_check v0.9.5
    Checking pin-project-lite v0.2.15
    Checking bitflags v1.3.2
    Checking byteorder v1.5.0
    Checking futures-core v0.3.31
   Compiling xml-rs v0.8.23
    Checking parking v2.2.1
    Checking libloading v0.8.5
   Compiling equivalent v1.0.1
   Compiling hashbrown v0.15.1
   Compiling toml_datetime v0.6.8
    Checking dlib v0.5.2
    Checking memchr v2.7.4
    Checking futures-io v0.3.31
    Checking lazy_static v1.5.0
   Compiling serde v1.0.214
    Checking tracing-core v0.1.32
    Checking concurrent-queue v2.5.0
   Compiling quote v1.0.37
    Checking event-listener v5.3.1
   Compiling syn v2.0.87
    Checking bitflags v2.6.0
   Compiling typenum v1.17.0
    Checking stable_deref_trait v1.2.0
   Compiling indexmap v2.6.0
    Checking fastrand v2.2.0
   Compiling slab v0.4.9
    Checking event-listener-strategy v0.5.2
   Compiling num-traits v0.2.19
    Checking static_assertions v1.1.0
    Checking futures-lite v2.5.0
   Compiling generic-array v0.14.7
   Compiling shlex v1.3.0
   Compiling rustix v0.38.40
    Checking simd-adler32 v0.3.7
   Compiling cc v1.1.37
   Compiling wayland-scanner v0.29.5
   Compiling memoffset v0.6.5
    Checking linux-raw-sys v0.4.14
   Compiling syn v1.0.109
    Checking async-task v4.7.1
    Checking atomic-waker v1.1.2
    Checking piper v0.2.4
    Checking async-channel v2.3.1
    Checking litemap v0.7.3
    Checking scoped-tls v1.0.1
    Checking downcast-rs v1.2.1
    Checking adler2 v2.0.0
    Checking writeable v0.5.5
    Checking miniz_oxide v0.8.0
    Checking blocking v1.6.1
    Checking getrandom v0.2.15
   Compiling winnow v0.5.40
   Compiling wayland-sys v0.29.5
   Compiling lock_api v0.4.12
    Checking rand_core v0.6.4
    Checking block-buffer v0.10.4
    Checking crypto-common v0.1.6
    Checking crc32fast v1.4.2
   Compiling parking_lot_core v0.9.10
    Checking icu_locid_transform_data v1.5.0
   Compiling thiserror v1.0.69
    Checking flate2 v1.0.34
    Checking digest v0.10.7
   Compiling memoffset v0.7.1
    Checking percent-encoding v2.3.1
    Checking ttf-parser v0.25.0
    Checking cpufeatures v0.2.15
    Checking scopeguard v1.2.0
    Checking icu_properties_data v1.5.0
   Compiling io-lifetimes v1.0.11
    Checking pin-utils v0.1.0
    Checking futures-sink v0.3.31
    Checking event-listener v2.5.3
    Checking futures-task v0.3.31
    Checking sha1 v0.10.6
   Compiling wayland-client v0.29.5
    Checking nix v0.24.3
    Checking async-executor v1.13.1
   Compiling aho-corasick v1.1.3
    Checking fdeflate v0.3.6
    Checking xdg-home v1.3.0
   Compiling polling v2.8.0
    Checking ordered-stream v0.2.0
    Checking ab_glyph_rasterizer v0.1.8
   Compiling cfg_aliases v0.1.1
   Compiling rustix v0.37.27
    Checking fastrand v1.9.0
    Checking owned_ttf_parser v0.25.0
   Compiling khronos_api v3.1.0
    Checking write16 v1.0.0
   Compiling toml_edit v0.19.15
   Compiling regex-syntax v0.8.5
    Checking hex v0.4.3
    Checking arrayvec v0.7.6
    Checking utf8_iter v1.0.4
    Checking waker-fn v1.2.0
    Checking icu_normalizer_data v1.5.0
    Checking utf16_iter v1.0.5
    Checking futures-lite v1.13.0
    Checking ab_glyph v0.2.29
   Compiling synstructure v0.13.1
    Checking wayland-commons v0.29.5
    Checking png v0.17.14
    Checking parking_lot v0.12.3
    Checking async-lock v2.8.0
   Compiling slotmap v1.0.7
   Compiling async-fs v1.6.0
   Compiling async-io v1.13.0
    Checking linux-raw-sys v0.3.8
   Compiling regex-automata v0.4.9
   Compiling wayland-protocols v0.29.5
   Compiling zvariant_utils v1.0.1
   Compiling bytemuck_derive v1.8.0
   Compiling zerocopy-derive v0.7.35
   Compiling zerofrom-derive v0.1.4
   Compiling yoke-derive v0.7.4
   Compiling serde_derive v1.0.214
    Checking zerocopy v0.7.35
    Checking bytemuck v1.19.0
   Compiling zerovec-derive v0.10.3
   Compiling tracing-attributes v0.1.27
   Compiling displaydoc v0.2.5
   Compiling enumflags2_derive v0.7.10
   Compiling icu_provider_macros v1.5.0
    Checking zerofrom v0.1.4
    Checking yoke v0.7.4
    Checking ppv-lite86 v0.2.20
   Compiling proc-macro-crate v1.3.1
   Compiling thiserror-impl v1.0.69
   Compiling futures-macro v0.3.31
    Checking rand_chacha v0.3.1
   Compiling async-trait v0.1.83
    Checking zerovec v0.10.4
    Checking rand v0.8.5
   Compiling serde_repr v0.1.19
    Checking tracing v0.1.40
    Checking futures-util v0.3.31
   Compiling zvariant_derive v3.15.2
   Compiling regex v1.11.1
    Checking socket2 v0.4.10
    Checking either v1.13.0
   Compiling gl_generator v0.14.0
   Compiling derivative v2.2.0
   Compiling zbus_macros v3.15.2
    Checking tinystr v0.7.6
    Checking icu_locid v1.5.0
    Checking icu_collections v1.5.0
   Compiling async-recursion v1.1.1
    Checking icu_provider v1.5.0
    Checking nix v0.26.4
    Checking icu_locid_transform v1.5.0
    Checking async-broadcast v0.5.1
    Checking form_urlencoded v1.2.1
    Checking nix v0.25.1
    Checking icu_properties v1.5.1
   Compiling smithay-client-toolkit v0.16.1
   Compiling x11-dl v2.21.0
   Compiling ahash v0.8.11
    Checking xcursor v0.3.8
    Checking vec_map v0.8.2
   Compiling winnow v0.6.20
   Compiling paste v1.0.15
   Compiling semver v1.0.23
    Checking wayland-cursor v0.29.5
    Checking memmap2 v0.5.10
    Checking calloop v0.10.6
    Checking crossbeam-epoch v0.9.18
    Checking arrayref v0.3.9
   Compiling rustversion v1.0.18
   Compiling rayon-core v1.12.1
    Checking strict-num v0.1.1
    Checking crossbeam-deque v0.8.5
    Checking tiny-skia-path v0.8.4
    Checking icu_normalizer v1.5.0
   Compiling zvariant_utils v2.1.0
    Checking num-integer v0.1.46
   Compiling wayland-sys v0.31.5
    Checking idna_adapter v1.2.0
    Checking idna v1.0.3
    Checking accesskit v0.12.3
    Checking nohash-hasher v0.2.0
    Checking color_quant v1.1.0
    Checking num-bigint v0.4.6
    Checking enumflags2 v0.7.10
    Checking url v2.5.3
   Compiling rustc_version v0.4.1
    Checking zvariant v3.15.2
    Checking tiny-skia v0.8.4
   Compiling winit v0.28.7
   Compiling toml_edit v0.22.22
   Compiling wayland-backend v0.3.7
    Checking async-lock v3.4.0
   Compiling memoffset v0.9.1
   Compiling anyhow v1.0.93
   Compiling signal-hook v0.3.17
    Checking jpeg-decoder v0.3.1
   Compiling heck v0.5.0
    Checking raw-window-handle v0.5.2
    Checking zbus_names v2.6.1
    Checking weezl v0.1.8
   Compiling cfg_aliases v0.2.1
   Compiling nix v0.29.0
    Checking num-rational v0.4.2
   Compiling pathfinder_simd v0.5.4
    Checking zbus v3.15.2
   Compiling glutin_glx_sys v0.4.0
   Compiling glutin_egl_sys v0.5.1
    Checking polling v3.7.4
    Checking emath v0.24.1
    Checking ecolor v0.24.1
   Compiling freetype-sys v0.20.1
   Compiling quick-xml v0.36.2
    Checking mio v0.8.11
    Checking signal-hook-registry v1.4.2
   Compiling wayland-sys v0.30.1
   Compiling yeslogic-fontconfig-sys v6.0.0
    Checking instant v0.1.13
    Checking endi v1.1.0
    Checking aligned-vec v0.5.0
   Compiling built v0.7.5
   Compiling wayland-client v0.31.7
    Checking minimal-lexical v0.2.1
   Compiling wayland-scanner v0.31.5
    Checking nom v7.1.3
    Checking v_frame v0.3.8
   Compiling rav1e v0.7.1
   Compiling proc-macro-crate v3.2.0
    Checking epaint v0.24.1
    Checking async-io v2.4.0
    Checking rayon v1.10.0
   Compiling zvariant_derive v4.2.0
    Checking accesskit_consumer v0.16.1
   Compiling profiling-procmacros v1.0.16
   Compiling glutin v0.30.10
    Checking mio v1.0.2
    Checking sharded-slab v0.1.7
    Checking thread_local v1.1.8
    Checking utf8parse v0.2.2
    Checking async-once-cell v0.5.4
    Checking zvariant v4.2.0
    Checking option-ext v0.2.0
    Checking foldhash v0.1.3
    Checking x11rb-protocol v0.13.1
    Checking allocator-api2 v0.2.20
    Checking tracing-subscriber v0.3.18
    Checking sctk-adwaita v0.5.4
    Checking dirs-sys v0.4.1
    Checking anstyle-parse v0.2.6
    Checking atspi-common v0.3.0
    Checking signal-hook-mio v0.2.4
    Checking profiling v1.0.16
    Checking av1-grain v0.2.3
   Compiling zbus_macros v4.4.0
    Checking maybe-rayon v0.1.1
    Checking egui v0.24.1
    Checking image v0.24.9
   Compiling strum_macros v0.26.4
    Checking zbus_names v3.0.0
    Checking x11rb v0.13.1
    Checking async-fs v2.1.2
    Checking castaway v0.2.3
    Checking itertools v0.13.0
    Checking itertools v0.12.1
    Checking safe_arch v0.7.2
   Compiling arg_enum_proc_macro v0.3.4
    Checking atspi-proxies v0.3.0
   Compiling num-derive v0.4.2
   Compiling glutin-winit v0.3.0
   Compiling backtrace v0.3.71
    Checking async-broadcast v0.7.1
   Compiling simd_helpers v0.1.0
   Compiling matrixmultiply v0.3.9
    Checking libloading v0.7.4
    Checking home v0.5.9
    Checking anstyle v1.0.10
    Checking imgref v1.11.0
    Checking bitstream-io v2.6.0
    Checking ryu v1.0.18
   Compiling font-kit v0.14.2
    Checking same-file v1.0.6
   Compiling eyre v0.6.12
    Checking quick-error v2.0.1
    Checking emath v0.29.1
    Checking adler v1.0.2
    Checking colorchoice v1.0.3
    Checking new_debug_unreachable v1.0.6
    Checking unicode-width v0.1.14
    Checking gimli v0.28.1
    Checking unicode-segmentation v1.12.0
    Checking itoa v1.0.11
   Compiling noop_proc_macro v0.3.0
    Checking plotters-backend v0.3.7
    Checking is_terminal_polyfill v1.70.1
    Checking anstyle-query v1.1.2
    Checking compact_str v0.8.0
    Checking anstream v0.6.18
    Checking ecolor v0.29.1
    Checking unicode-truncate v1.1.0
    Checking miniz_oxide v0.7.4
    Checking walkdir v2.5.0
    Checking loop9 v0.1.5
    Checking webbrowser v0.8.15
    Checking zbus v4.4.0
    Checking strum v0.26.3
    Checking wide v0.7.28
    Checking arboard v3.4.1
    Checking pathfinder_geometry v0.5.1
    Checking wayland-protocols v0.32.5
    Checking lru v0.12.5
    Checking tracing-error v0.2.0
    Checking crossterm v0.28.1
    Checking dirs v5.0.1
    Checking smithay-clipboard v0.6.6
    Checking async-net v2.0.0
    Checking atspi-connection v0.3.0
    Checking atspi v0.19.0
    Checking accesskit_unix v0.6.2
    Checking gif v0.12.0
   Compiling instability v0.3.2
    Checking avif-serialize v0.8.2
    Checking addr2line v0.21.0
    Checking num-complex v0.4.6
    Checking approx v0.5.1
    Checking zune-inflate v0.2.54
    Checking object v0.32.2
    Checking futures-channel v0.3.31
    Checking half v2.4.1
   Compiling rfd v0.15.0
    Checking rawpointer v0.2.1
    Checking lebe v0.5.2
    Checking indenter v0.3.3
    Checking bit_field v0.10.2
    Checking raw-window-handle v0.6.2
    Checking clap_lex v0.7.2
    Checking iana-time-zone v0.1.61
    Checking glow v0.12.3
    Checking rgb v0.8.50
    Checking epaint_default_fonts v0.29.1
    Checking zune-core v0.4.12
    Checking strsim v0.11.1
    Checking float-ord v0.3.2
    Checking web-time v0.2.4
    Checking accesskit_winit v0.15.0
    Checking owo-colors v3.5.0
    Checking cassowary v0.3.0
    Checking byteorder-lite v0.1.0
    Checking rustc-demangle v0.1.24
    Checking ratatui v0.28.1
    Checking image-webp v0.2.0
    Checking egui-winit v0.24.1
    Checking color-spantrace v0.2.1
    Checking clap_builder v4.5.20
    Checking egui_glow v0.24.1
    Checking zune-jpeg v0.4.13
    Checking epaint v0.29.1
    Checking chrono v0.4.38
    Checking ravif v0.11.11
    Checking exr v1.73.0
    Checking simba v0.9.0
    Checking plotters-bitmap v0.3.7
    Checking plotters-svg v0.3.7
    Checking tiff v0.9.1
    Checking gif v0.13.1
   Compiling clap_derive v4.5.18
    Checking ashpd v0.9.2
    Checking qoi v0.4.1
   Compiling nalgebra-macros v0.2.2
    Checking is-terminal v0.4.13
    Checking humantime v2.1.0
    Checking urlencoding v2.1.3
    Checking pollster v0.3.0
    Checking termcolor v1.4.1
    Checking ttf-parser v0.20.0
    Checking color-eyre v0.6.3
    Checking env_logger v0.10.2
    Checking eframe v0.24.1
    Checking tui-menu v0.2.4
    Checking egui v0.29.1
    Checking clap v4.5.20
    Checking plotters v0.3.7
    Checking nalgebra v0.33.2
error[E0275]: overflow evaluating the requirement `Pin<Box<{async block@/home/adwin/.cargo/registry/src/mirrors.tuna.tsinghua.edu.cn-4dc01642fd091eda/rfd-0.15.0/src/backend/xdg_desktop_portal.rs:60:18: 60:28}>>: CoerceUnsized<Pin<Box<dyn std::future::Future<Output = std::option::Option<...>> + std::marker::Send>>>`
  --> /home/adwin/.cargo/registry/src/mirrors.tuna.tsinghua.edu.cn-4dc01642fd091eda/rfd-0.15.0/src/backend/xdg_desktop_portal.rs:60:9
   |
60 | /         Box::pin(async move {
61 | |             let res = OpenFileRequest::default()
62 | |                 .identifier(to_window_identifier(self.parent, self.parent_display))
63 | |                 .multiple(false)
...  |
89 | |             .map(FileHandle::from)
90 | |         })
   | |__________^
   |
   = help: consider increasing the recursion limit by adding a `#![recursion_limit = "256"]` attribute to your crate (`rfd`)
   = note: required for the cast from `Pin<Box<...>>` to `Pin<Box<dyn std::future::Future<Output = std::option::Option<FileHandle>> + std::marker::Send>>`
   = note: the full name for the type has been written to '/tmp/nix-shell.AaBijX/alonege_imgtools_jr40whxb/target/debug/deps/rfd-6fca730bedbd12d4.long-type-6893865255475381302.txt'
   = note: consider using `--verbose` to print the full type name to the console

error[E0275]: overflow evaluating the requirement `Pin<Box<{async block@/home/adwin/.cargo/registry/src/mirrors.tuna.tsinghua.edu.cn-4dc01642fd091eda/rfd-0.15.0/src/backend/xdg_desktop_portal.rs:94:18: 94:28}>>: CoerceUnsized<Pin<Box<dyn std::future::Future<Output = std::option::Option<...>> + std::marker::Send>>>`
   --> /home/adwin/.cargo/registry/src/mirrors.tuna.tsinghua.edu.cn-4dc01642fd091eda/rfd-0.15.0/src/backend/xdg_desktop_portal.rs:94:9
    |
 94 | /         Box::pin(async move {
 95 | |             let res = OpenFileRequest::default()
 96 | |                 .identifier(to_window_identifier(self.parent, self.parent_display))
 97 | |                 .multiple(true)
...   |
125 | |         })
    | |__________^
    |
    = help: consider increasing the recursion limit by adding a `#![recursion_limit = "256"]` attribute to your crate (`rfd`)
    = note: required for the cast from `Pin<Box<...>>` to `Pin<Box<dyn std::future::Future<Output = std::option::Option<Vec<FileHandle>>> + std::marker::Send>>`
    = note: the full name for the type has been written to '/tmp/nix-shell.AaBijX/alonege_imgtools_jr40whxb/target/debug/deps/rfd-6fca730bedbd12d4.long-type-3926056152103161124.txt'
    = note: consider using `--verbose` to print the full type name to the console

error[E0275]: overflow evaluating the requirement `Pin<Box<{async block@/home/adwin/.cargo/registry/src/mirrors.tuna.tsinghua.edu.cn-4dc01642fd091eda/rfd-0.15.0/src/backend/xdg_desktop_portal.rs:148:18: 148:28}>>: CoerceUnsized<Pin<Box<dyn std::future::Future<Output = std::option::Option<...>> + std::marker::Send>>>`
   --> /home/adwin/.cargo/registry/src/mirrors.tuna.tsinghua.edu.cn-4dc01642fd091eda/rfd-0.15.0/src/backend/xdg_desktop_portal.rs:148:9
    |
148 | /         Box::pin(async move {
149 | |             let res = OpenFileRequest::default()
150 | |                 .identifier(to_window_identifier(self.parent, self.parent_display))
151 | |                 .multiple(false)
...   |
178 | |             .map(FileHandle::from)
179 | |         })
    | |__________^
    |
    = help: consider increasing the recursion limit by adding a `#![recursion_limit = "256"]` attribute to your crate (`rfd`)
    = note: required for the cast from `Pin<Box<...>>` to `Pin<Box<dyn std::future::Future<Output = std::option::Option<FileHandle>> + std::marker::Send>>`
    = note: the full name for the type has been written to '/tmp/nix-shell.AaBijX/alonege_imgtools_jr40whxb/target/debug/deps/rfd-6fca730bedbd12d4.long-type-9279721860362073807.txt'
    = note: consider using `--verbose` to print the full type name to the console

error[E0275]: overflow evaluating the requirement `Pin<Box<{async block@/home/adwin/.cargo/registry/src/mirrors.tuna.tsinghua.edu.cn-4dc01642fd091eda/rfd-0.15.0/src/backend/xdg_desktop_portal.rs:183:18: 183:28}>>: CoerceUnsized<Pin<Box<dyn std::future::Future<Output = std::option::Option<...>> + std::marker::Send>>>`
   --> /home/adwin/.cargo/registry/src/mirrors.tuna.tsinghua.edu.cn-4dc01642fd091eda/rfd-0.15.0/src/backend/xdg_desktop_portal.rs:183:9
    |
183 | /         Box::pin(async move {
184 | |             let res = OpenFileRequest::default()
185 | |                 .identifier(to_window_identifier(self.parent, self.parent_display))
186 | |                 .multiple(true)
...   |
215 | |         })
    | |__________^
    |
    = help: consider increasing the recursion limit by adding a `#![recursion_limit = "256"]` attribute to your crate (`rfd`)
    = note: required for the cast from `Pin<Box<...>>` to `Pin<Box<dyn std::future::Future<Output = std::option::Option<Vec<FileHandle>>> + std::marker::Send>>`
    = note: the full name for the type has been written to '/tmp/nix-shell.AaBijX/alonege_imgtools_jr40whxb/target/debug/deps/rfd-6fca730bedbd12d4.long-type-4430766955570178516.txt'
    = note: consider using `--verbose` to print the full type name to the console

error[E0275]: overflow evaluating the requirement `Pin<Box<{async block@/home/adwin/.cargo/registry/src/mirrors.tuna.tsinghua.edu.cn-4dc01642fd091eda/rfd-0.15.0/src/backend/xdg_desktop_portal.rs:233:18: 233:28}>>: CoerceUnsized<Pin<Box<dyn std::future::Future<Output = std::option::Option<...>> + std::marker::Send>>>`
   --> /home/adwin/.cargo/registry/src/mirrors.tuna.tsinghua.edu.cn-4dc01642fd091eda/rfd-0.15.0/src/backend/xdg_desktop_portal.rs:233:9
    |
233 | /         Box::pin(async move {
234 | |             let res = SaveFileRequest::default()
235 | |                 .identifier(to_window_identifier(self.parent, self.parent_display))
236 | |                 .title(self.title.as_deref().or(None))
...   |
262 | |             .map(FileHandle::from)
263 | |         })
    | |__________^
    |
    = help: consider increasing the recursion limit by adding a `#![recursion_limit = "256"]` attribute to your crate (`rfd`)
    = note: required for the cast from `Pin<Box<...>>` to `Pin<Box<dyn std::future::Future<Output = std::option::Option<FileHandle>> + std::marker::Send>>`
    = note: the full name for the type has been written to '/tmp/nix-shell.AaBijX/alonege_imgtools_jr40whxb/target/debug/deps/rfd-6fca730bedbd12d4.long-type-14112123400096323558.txt'
    = note: consider using `--verbose` to print the full type name to the console

For more information about this error, try `rustc --explain E0275`.
error: could not compile `rfd` (lib) due to 5 previous errors
warning: build failed, waiting for other jobs to finish...
