Running as unit: run-p1510384-i14090492.scope; invocation ID: 4d78ab2e02dc43b6b873dffcda65d9f7
   Compiling proc-macro2 v1.0.103
   Compiling quote v1.0.42
   Compiling unicode-ident v1.0.22
   Compiling libc v0.2.178
   Compiling serde_core v1.0.228
    Checking cfg-if v1.0.4
   Compiling serde v1.0.228
    Checking pin-project-lite v0.2.16
    Checking bytes v1.11.0
   Compiling version_check v0.9.5
   Compiling typenum v1.19.0
   Compiling generic-array v0.14.7
    Checking memchr v2.7.6
   Compiling syn v2.0.111
    Checking itoa v1.0.15
    Checking once_cell v1.21.3
   Compiling find-msvc-tools v0.1.5
    Checking getrandom v0.2.16
   Compiling shlex v1.3.0
    Checking rand_core v0.6.4
    Checking subtle v2.6.1
   Compiling cc v1.2.48
    Checking stable_deref_trait v1.2.1
    Checking socket2 v0.6.1
    Checking mio v1.1.0
    Checking futures-core v0.3.31
    Checking http v1.4.0
    Checking tracing-core v0.1.35
    Checking equivalent v1.0.2
    Checking crypto-common v0.1.7
    Checking hashbrown v0.16.1
    Checking block-buffer v0.10.4
    Checking smallvec v1.15.1
    Checking cpufeatures v0.2.17
    Checking digest v0.10.7
    Checking percent-encoding v2.3.2
   Compiling winnow v0.7.14
   Compiling thiserror v2.0.17
    Checking litemap v0.8.1
    Checking indexmap v2.12.1
    Checking writeable v0.6.2
    Checking bitflags v2.10.0
   Compiling icu_properties_data v2.1.1
   Compiling icu_normalizer_data v2.1.1
    Checking base64 v0.22.1
    Checking futures-sink v0.3.31
   Compiling zerocopy v0.8.31
    Checking ryu v1.0.20
   Compiling toml_datetime v0.7.3
    Checking form_urlencoded v1.2.2
    Checking aho-corasick v1.1.4
   Compiling serde_json v1.0.145
   Compiling getrandom v0.3.4
    Checking regex-syntax v0.8.8
   Compiling toml_parser v1.0.4
   Compiling autocfg v1.5.0
    Checking ppv-lite86 v0.2.21
   Compiling toml_edit v0.23.7
   Compiling synstructure v0.13.2
    Checking rand_chacha v0.3.1
   Compiling httparse v1.10.1
    Checking regex-automata v0.4.13
   Compiling proc-macro-crate v3.4.0
   Compiling typewit_proc_macros v1.8.1
    Checking utf8_iter v1.0.4
    Checking slab v0.4.11
    Checking typewit v1.14.2
    Checking rand v0.8.5
   Compiling num-traits v0.2.19
   Compiling vcpkg v0.2.15
    Checking pin-utils v0.1.0
   Compiling pkg-config v0.3.32
   Compiling semver v1.0.27
   Compiling serde_derive v1.0.228
   Compiling zeroize_derive v1.4.2
   Compiling zerofrom-derive v0.1.6
   Compiling yoke-derive v0.8.1
   Compiling tokio-macros v2.6.0
   Compiling zerovec-derive v0.11.2
    Checking zeroize v1.8.2
   Compiling displaydoc v0.2.5
    Checking tokio v1.48.0
   Compiling tracing-attributes v0.1.31
   Compiling thiserror-impl v2.0.17
    Checking regex v1.12.2
    Checking zerofrom v0.1.6
    Checking yoke v0.8.1
   Compiling openssl-sys v0.9.111
    Checking zerovec v0.11.5
    Checking zerotrie v0.2.3
    Checking tinystr v0.8.2
    Checking potential_utf v0.1.4
    Checking icu_collections v2.1.1
    Checking icu_locale_core v2.1.1
    Checking tracing v0.1.43
   Compiling rustc_version v0.4.1
   Compiling futures-macro v0.3.31
    Checking powerfmt v0.2.0
    Checking futures-task v0.3.31
    Checking futures-io v0.3.31
   Compiling js_int v0.2.2
    Checking const-oid v0.9.6
    Checking icu_provider v2.1.1
    Checking der v0.7.10
   Compiling ruma-identifiers-validation v0.11.0
    Checking icu_normalizer v2.1.1
    Checking icu_properties v2.1.1
    Checking futures-util v0.3.31
    Checking deranged v0.5.5
   Compiling curve25519-dalek v4.1.3
   Compiling serde_spanned v0.6.9
   Compiling toml_datetime v0.6.11
    Checking idna_adapter v1.2.1
    Checking idna v1.1.0
   Compiling toml_edit v0.22.27
    Checking url v2.5.7
    Checking uuid v1.19.0
    Checking tokio-util v0.7.17
    Checking const_panic v0.2.15
    Checking konst_kernel v0.3.15
   Compiling ring v0.17.14
    Checking block-padding v0.3.3
    Checking num-conv v0.1.0
   Compiling ruma-common v0.16.0
    Checking time-core v0.1.6
    Checking konst v0.3.16
    Checking inout v0.1.4
    Checking time v0.3.44
    Checking spki v0.7.3
   Compiling curve25519-dalek-derive v0.1.1
    Checking serde_html_form v0.2.8
    Checking sha2 v0.10.9
    Checking http-body v1.0.1
    Checking as_variant v1.3.0
   Compiling pulldown-cmark v0.13.0
    Checking wildmatch v2.6.1
    Checking web-time v1.1.0
    Checking pkcs8 v0.10.2
    Checking cipher v0.4.4
    Checking rustls-pki-types v1.13.1
    Checking foreign-types-shared v0.1.1
   Compiling crc32fast v1.5.0
    Checking try-lock v0.2.5
    Checking signature v2.2.0
   Compiling ruma-events v0.31.0
    Checking unicase v2.8.1
   Compiling openssl v0.10.75
   Compiling strsim v0.11.1
    Checking fnv v1.0.7
    Checking mime v0.3.17
    Checking untrusted v0.9.0
   Compiling ident_case v1.0.1
    Checking pulldown-cmark-escape v0.11.0
    Checking tower-service v0.3.3
    Checking atomic-waker v1.1.2
   Compiling darling_core v0.20.11
    Checking h2 v0.4.12
   Compiling toml v0.8.23
    Checking ed25519 v2.2.3
    Checking want v0.3.1
    Checking foreign-types v0.3.2
    Checking js_option v0.1.1
   Compiling openssl-macros v0.1.1
    Checking futures-channel v0.3.31
   Compiling rustls v0.23.35
   Compiling ruma-macros v0.16.0
   Compiling anyhow v1.0.100
    Checking simd-adler32 v0.3.7
   Compiling crossbeam-utils v0.8.21
    Checking adler2 v2.0.1
   Compiling either v1.15.0
   Compiling native-tls v0.2.14
   Compiling paste v1.0.15
    Checking hyper v1.8.1
    Checking miniz_oxide v0.8.9
   Compiling darling_macro v0.20.11
    Checking ed25519-dalek v2.2.0
    Checking hmac v0.12.1
    Checking sha1 v0.10.6
    Checking headers-core v0.3.0
    Checking universal-hash v0.5.1
   Compiling proc-macro-error-attr2 v2.0.0
   Compiling ruma-signatures v0.18.0
    Checking iana-time-zone v0.1.64
    Checking openssl-probe v0.1.6
    Checking bitmaps v3.2.1
    Checking httpdate v1.0.3
   Compiling heck v0.5.0
    Checking rustls-webpki v0.103.8
   Compiling ruma-client-api v0.21.0
   Compiling ruma-federation-api v0.12.0
    Checking ipnet v2.11.0
    Checking opaque-debug v0.3.1
    Checking rand_core v0.9.3
    Checking log v0.4.29
    Checking rand_xoshiro v0.7.0
    Checking hyper-util v0.1.19
    Checking poly1305 v0.8.0
    Checking imbl-sized-chunks v0.1.3
   Compiling proc-macro-error2 v2.0.1
    Checking headers v0.4.1
    Checking chrono v0.4.42
   Compiling darling v0.20.11
    Checking flate2 v1.1.5
    Checking chacha20 v0.9.1
    Checking arrayvec v0.7.6
   Compiling blake3 v1.8.2
    Checking aead v0.5.2
    Checking sync_wrapper v1.0.2
    Checking http-auth v0.1.10
    Checking compression-core v0.4.31
    Checking date_header v1.0.5
   Compiling thiserror v1.0.69
    Checking maplit v1.0.2
    Checking assign v1.1.1
    Checking archery v1.2.2
    Checking byteorder v1.5.0
    Checking tower-layer v0.3.3
    Checking imbl v5.0.0
    Checking rmp v0.8.14
    Checking tower v0.5.2
    Checking compression-codecs v0.4.33
    Checking tokio-rustls v0.26.4
    Checking chacha20poly1305 v0.10.1
    Checking concurrent-queue v2.5.0
    Checking tokio-native-tls v0.3.1
   Compiling derive_builder_core v0.20.2
   Compiling itertools v0.14.0
    Checking webpki-roots v1.0.4
    Checking http-body-util v0.1.3
   Compiling thiserror-impl v1.0.69
    Checking serde_bytes v0.11.19
    Checking siphasher v1.0.1
    Checking utf8parse v0.2.2
    Checking iri-string v0.7.9
   Compiling rustix v1.1.2
   Compiling matrix-sdk-common v0.14.0
    Checking constant_time_eq v0.3.1
    Checking parking v2.2.1
    Checking arrayref v0.3.9
   Compiling decancer v3.3.3
    Checking tinyvec_macros v0.1.1
    Checking tinyvec v1.10.0
   Compiling derive_builder_macro v0.20.2
    Checking event-listener v5.4.1
    Checking phf_shared v0.12.1
    Checking anstyle-parse v0.2.7
    Checking eyeball-im v0.7.0
    Checking tower-http v0.6.7
    Checking hyper-tls v0.6.0
    Checking hyper-rustls v0.27.7
    Checking async-compression v0.4.34
    Checking rmp-serde v1.3.0
   Compiling matrix-pickle-derive v0.2.2
   Compiling strum_macros v0.27.2
    Checking pbkdf2 v0.12.2
   Compiling prost-derive v0.13.5
    Checking readlock-tokio v0.1.4
    Checking serde_urlencoded v0.7.1
   Compiling include_dir_macros v0.7.4
    Checking encoding_rs v0.8.35
    Checking fastrand v2.3.0
    Checking readlock v0.1.9
    Checking linux-raw-sys v0.11.0
    Checking xxhash-rust v0.8.15
    Checking lazy_static v1.5.0
    Checking anstyle-query v1.1.5
    Checking is_terminal_polyfill v1.70.2
   Compiling chrono-tz v0.10.4
    Checking anstyle v1.0.13
    Checking colorchoice v1.0.4
    Checking anstream v0.6.21
    Checking reqwest v0.12.24
    Checking growable-bloom-filter v2.1.1
    Checking eyeball v0.8.8
    Checking prost v0.13.5
    Checking strum v0.27.2
   Compiling include_dir v0.7.4
    Checking matrix-pickle v0.2.2
    Checking matrix-sdk-store-encryption v0.14.0
    Checking phf v0.12.1
    Checking event-listener-strategy v0.5.4
    Checking unicode-normalization v0.1.25
    Checking derive_builder v0.20.2
    Checking hkdf v0.12.4
   Compiling itertools v0.10.5
    Checking x25519-dalek v2.0.1
    Checking cbc v0.1.2
    Checking aes v0.8.4
   Compiling async-trait v0.1.89
   Compiling async-stream-impl v0.3.6
    Checking serde_path_to_error v0.1.20
    Checking clap_lex v0.7.6
   Compiling tokio-cron-scheduler v0.15.1
    Checking toml_write v0.1.2
    Checking base64ct v1.8.0
   Compiling matrix-sdk v0.14.0
    Checking clap_builder v4.5.53
    Checking vodozemac v0.9.0
    Checking async-stream v0.3.6
    Checking oauth2 v5.0.0
   Compiling aquamarine v0.6.0
    Checking tempfile v3.23.0
    Checking croner v3.0.1
    Checking async-channel v2.5.0
    Checking backon v1.6.0
   Compiling clap_derive v4.5.49
    Checking tokio-stream v0.1.17
    Checking english-to-cron v0.1.7
   Compiling num-derive v0.4.2
    Checking anymap2 v0.13.0
    Checking urlencoding v2.1.3
    Checking mime2ext v0.1.54
    Checking language-tags v0.3.2
    Checking bytesize v2.3.1
    Checking ical v0.11.0
    Checking clap v4.5.53
    Checking daemonize v0.5.0
    Checking ruma v0.13.0
    Checking matrix-sdk-base v0.14.1
error[E0275]: overflow evaluating the requirement `impl futures_core::Future<Output = std::result::Result<TimelineEvent, error::Error>>: SendOutsideWasm`
    --> /home/adwin/.cargo/registry/src/mirrors.tuna.tsinghua.edu.cn-4dc01642fd091eda/matrix-sdk-0.14.0/src/room/mod.rs:4649:54
     |
4649 |     async fn get_event(&self, event_id: &EventId) -> Result<TimelineEvent, Error> {
     |                                                      ^^^^^^^^^^^^^^^^^^^^^^^^^^^^
     |
     = help: consider increasing the recursion limit by adding a `#![recursion_limit = "256"]` attribute to your crate (`matrix_sdk`)
note: required by a bound in `EventSource::get_event::{anon_assoc#0}`
    --> /home/adwin/.cargo/registry/src/mirrors.tuna.tsinghua.edu.cn-4dc01642fd091eda/matrix-sdk-0.14.0/src/room/mod.rs:4645:63
     |
4645 |     ) -> impl Future<Output = Result<TimelineEvent, Error>> + SendOutsideWasm;
     |                                                               ^^^^^^^^^^^^^^^ required by this bound in `EventSource::get_event::{anon_assoc#0}`

error[E0275]: overflow evaluating the requirement `impl futures_core::Future<Output = ()>: std::marker::Send`
   --> /home/adwin/.cargo/registry/src/mirrors.tuna.tsinghua.edu.cn-4dc01642fd091eda/matrix-sdk-0.14.0/src/event_cache/mod.rs:191:61
    |
191 |           let thread_subscriber_task = AbortOnDrop::new(spawn(Self::thread_subscriber_task(
    |  _______________________________________________________-----_^
    | |                                                       |
    | |                                                       required by a bound introduced by this call
192 | |             client.clone(),
193 | |             linked_chunk_update_sender.clone(),
194 | |             thread_subscriber_sender,
195 | |         )));
    | |_________^
    |
    = help: consider increasing the recursion limit by adding a `#![recursion_limit = "256"]` attribute to your crate (`matrix_sdk`)
note: required by a bound in `tokio::spawn`
   --> /home/adwin/.cargo/registry/src/mirrors.tuna.tsinghua.edu.cn-4dc01642fd091eda/tokio-1.48.0/src/task/spawn.rs:171:21
    |
169 |     pub fn spawn<F>(future: F) -> JoinHandle<F::Output>
    |            ----- required by a bound in this function
170 |     where
171 |         F: Future + Send + 'static,
    |                     ^^^^ required by this bound in `spawn`

error[E0275]: overflow evaluating the requirement `impl futures_core::Future<Output = ()>: std::marker::Send`
   --> /home/adwin/.cargo/registry/src/mirrors.tuna.tsinghua.edu.cn-4dc01642fd091eda/matrix-sdk-0.14.0/src/event_cache/mod.rs:240:45
    |
240 |               let listen_updates_task = spawn(Self::listen_task(
    |  _______________________________________-----_^
    | |                                       |
    | |                                       required by a bound introduced by this call
241 | |                 self.inner.clone(),
242 | |                 client.subscribe_to_all_room_updates(),
243 | |             ));
    | |_____________^
    |
    = help: consider increasing the recursion limit by adding a `#![recursion_limit = "256"]` attribute to your crate (`matrix_sdk`)
note: required by a bound in `tokio::spawn`
   --> /home/adwin/.cargo/registry/src/mirrors.tuna.tsinghua.edu.cn-4dc01642fd091eda/tokio-1.48.0/src/task/spawn.rs:171:21
    |
169 |     pub fn spawn<F>(future: F) -> JoinHandle<F::Output>
    |            ----- required by a bound in this function
170 |     where
171 |         F: Future + Send + 'static,
    |                     ^^^^ required by this bound in `spawn`

error[E0275]: overflow evaluating the requirement `impl futures_core::Future<Output = ()>: std::marker::Send`
   --> /home/adwin/.cargo/registry/src/mirrors.tuna.tsinghua.edu.cn-4dc01642fd091eda/matrix-sdk-0.14.0/src/latest_events/mod.rs:112:40
    |
112 |           let listen_task_handle = spawn(listen_to_event_cache_and_send_queue_updates_task(
    |  __________________________________-----_^
    | |                                  |
    | |                                  required by a bound introduced by this call
113 | |             registered_rooms.clone(),
114 | |             room_registration_receiver,
115 | |             event_cache,
116 | |             send_queue,
117 | |             latest_event_queue_sender,
118 | |         ))
    | |_________^
    |
    = help: consider increasing the recursion limit by adding a `#![recursion_limit = "256"]` attribute to your crate (`matrix_sdk`)
note: required by a bound in `tokio::spawn`
   --> /home/adwin/.cargo/registry/src/mirrors.tuna.tsinghua.edu.cn-4dc01642fd091eda/tokio-1.48.0/src/task/spawn.rs:171:21
    |
169 |     pub fn spawn<F>(future: F) -> JoinHandle<F::Output>
    |            ----- required by a bound in this function
170 |     where
171 |         F: Future + Send + 'static,
    |                     ^^^^ required by this bound in `spawn`

error[E0275]: overflow evaluating the requirement `impl futures_core::Future<Output = ()>: std::marker::Send`
   --> /home/adwin/.cargo/registry/src/mirrors.tuna.tsinghua.edu.cn-4dc01642fd091eda/matrix-sdk-0.14.0/src/send_queue/mod.rs:453:26
    |
453 |           let task = spawn(Self::sending_task(
    |  ____________________-----_^
    | |                    |
    | |                    required by a bound introduced by this call
454 | |             weak_room.clone(),
455 | |             queue.clone(),
456 | |             notifier.clone(),
...   |
462 | |             report_media_upload_progress,
463 | |         ));
    | |_________^
    |
    = help: consider increasing the recursion limit by adding a `#![recursion_limit = "256"]` attribute to your crate (`matrix_sdk`)
note: required by a bound in `tokio::spawn`
   --> /home/adwin/.cargo/registry/src/mirrors.tuna.tsinghua.edu.cn-4dc01642fd091eda/tokio-1.48.0/src/task/spawn.rs:171:21
    |
169 |     pub fn spawn<F>(future: F) -> JoinHandle<F::Output>
    |            ----- required by a bound in this function
170 |     where
171 |         F: Future + Send + 'static,
    |                     ^^^^ required by this bound in `spawn`

error[E0275]: overflow evaluating the requirement `std::pin::Pin<Box<{async block@/home/adwin/.cargo/registry/src/mirrors.tuna.tsinghua.edu.cn-4dc01642fd091eda/matrix-sdk-0.14.0/src/client/futures.rs:89:18: 89:28}>>: CoerceUnsized<std::pin::Pin<Box<dyn futures_core::Future<Output = std::result::Result<..., ...>> + std::marker::Send>>>`
   --> /home/adwin/.cargo/registry/src/mirrors.tuna.tsinghua.edu.cn-4dc01642fd091eda/matrix-sdk-0.14.0/src/client/futures.rs:89:9
    |
 89 | /         Box::pin(async move {
 90 | |             let res =
 91 | |                 Box::pin(client.send_inner(request.clone(), config, send_progress.clone())).await;
...   |
154 | |             res
155 | |         })
    | |__________^
    |
    = help: consider increasing the recursion limit by adding a `#![recursion_limit = "256"]` attribute to your crate (`matrix_sdk`)
    = note: required for the cast from `Pin<Box<...>>` to `Pin<Box<dyn Future<Output = Result<..., ...>> + Send>>`
    = note: the full name for the type has been written to '/tmp/nix-shell.uUVugk/anewton1998_matrix-bot-ical_ujj15rfc/target/debug/deps/matrix_sdk-d84ef3081b3ed3e3.long-type-8567739556045740395.txt'
    = note: consider using `--verbose` to print the full type name to the console

error[E0275]: overflow evaluating the requirement `std::pin::Pin<Box<Instrumented<{async block@/home/adwin/.cargo/registry/src/mirrors.tuna.tsinghua.edu.cn-4dc01642fd091eda/matrix-sdk-0.14.0/src/room/futures.rs:305:19: 305:29}>>>: CoerceUnsized<std::pin::Pin<Box<dyn futures_core::Future<Output = ...> + std::marker::Send>>>`
   --> /home/adwin/.cargo/registry/src/mirrors.tuna.tsinghua.edu.cn-4dc01642fd091eda/matrix-sdk-0.14.0/src/room/futures.rs:317:9
    |
317 |         Box::pin(fut.instrument(tracing_span))
    |         ^^^^^^^^^^^^^^^^^^^^^^^^^^^^^^^^^^^^^^
    |
    = help: consider increasing the recursion limit by adding a `#![recursion_limit = "256"]` attribute to your crate (`matrix_sdk`)
    = note: required for the cast from `Pin<Box<Instrumented<...>>>` to `Pin<Box<dyn Future<Output = Result<Response, Error>> + Send>>`
    = note: the full name for the type has been written to '/tmp/nix-shell.uUVugk/anewton1998_matrix-bot-ical_ujj15rfc/target/debug/deps/matrix_sdk-d84ef3081b3ed3e3.long-type-11606063023541927239.txt'
    = note: consider using `--verbose` to print the full type name to the console

error[E0275]: overflow evaluating the requirement `Instrumented<{async block@/home/adwin/.cargo/registry/src/mirrors.tuna.tsinghua.edu.cn-4dc01642fd091eda/matrix-sdk-0.14.0/src/sliding_sync/mod.rs:610:22: 610:32}>: std::marker::Send`
   --> /home/adwin/.cargo/registry/src/mirrors.tuna.tsinghua.edu.cn-4dc01642fd091eda/matrix-sdk-0.14.0/src/sliding_sync/mod.rs:633:9
    |
633 |         spawn(future.instrument(Span::current())).await.unwrap()
    |         ^^^^^^^^^^^^^^^^^^^^^^^^^^^^^^^^^^^^^^^^^
    |
    = help: consider increasing the recursion limit by adding a `#![recursion_limit = "256"]` attribute to your crate (`matrix_sdk`)
note: required by a bound in `tokio::spawn`
   --> /home/adwin/.cargo/registry/src/mirrors.tuna.tsinghua.edu.cn-4dc01642fd091eda/tokio-1.48.0/src/task/spawn.rs:171:21
    |
169 |     pub fn spawn<F>(future: F) -> JoinHandle<F::Output>
    |            ----- required by a bound in this function
170 |     where
171 |         F: Future + Send + 'static,
    |                     ^^^^ required by this bound in `spawn`

For more information about this error, try `rustc --explain E0275`.
error: could not compile `matrix-sdk` (lib) due to 8 previous errors
