Running as unit: run-p1514917-i14095025.scope; invocation ID: 7495581e714b42a0ac70076a0983dd31
   Compiling proc-macro2 v1.0.94
   Compiling unicode-ident v1.0.18
   Compiling libc v0.2.171
   Compiling version_check v0.9.5
    Checking cfg-if v1.0.0
   Compiling autocfg v1.4.0
   Compiling typenum v1.18.0
   Compiling serde v1.0.219
   Compiling shlex v1.3.0
   Compiling generic-array v0.14.7
    Checking pin-project-lite v0.2.16
    Checking bytes v1.10.1
   Compiling slab v0.4.9
   Compiling cc v1.2.16
    Checking futures-core v0.3.31
   Compiling quote v1.0.40
    Checking getrandom v0.2.15
    Checking memchr v2.7.4
    Checking itoa v1.0.15
    Checking rand_core v0.6.4
   Compiling syn v2.0.100
    Checking signal-hook-registry v1.4.2
    Checking socket2 v0.5.8
    Checking mio v1.0.3
   Compiling lock_api v0.4.12
    Checking futures-sink v0.3.31
   Compiling zerocopy v0.8.23
    Checking once_cell v1.21.1
    Checking log v0.4.26
    Checking futures-channel v0.3.31
    Checking futures-io v0.3.31
   Compiling parking_lot_core v0.9.10
    Checking smallvec v1.14.0
    Checking pin-utils v0.1.0
    Checking futures-task v0.3.31
    Checking subtle v2.6.1
    Checking hashbrown v0.15.2
    Checking equivalent v1.0.2
    Checking crypto-common v0.1.6
   Compiling ring v0.17.14
    Checking fnv v1.0.7
    Checking block-buffer v0.10.4
   Compiling pkg-config v0.3.32
    Checking cpufeatures v0.2.17
   Compiling vcpkg v0.2.15
    Checking digest v0.10.7
    Checking tracing-core v0.1.33
   Compiling stable_deref_trait v1.2.0
   Compiling serde_json v1.0.140
   Compiling httparse v1.10.1
   Compiling proc-macro2-diagnostics v0.10.1
   Compiling crossbeam-utils v0.8.21
    Checking scopeguard v1.2.0
    Checking percent-encoding v2.3.1
   Compiling ahash v0.8.11
   Compiling yansi v1.0.1
   Compiling futures-util v0.3.31
   Compiling bitflags v2.9.0
    Checking ppv-lite86 v0.2.21
   Compiling tokio v1.44.1
    Checking sha2 v0.10.8
   Compiling num-traits v0.2.19
    Checking litemap v0.7.5
    Checking writeable v0.5.5
   Compiling getrandom v0.3.1
   Compiling thiserror v1.0.69
   Compiling synstructure v0.13.1
    Checking hmac v0.12.1
    Checking parking_lot v0.12.3
    Checking http v1.3.1
    Checking ryu v1.0.20
   Compiling rustix v1.0.2
   Compiling num-conv v0.1.0
   Compiling icu_locid_transform_data v1.5.0
    Checking try-lock v0.2.5
   Compiling indexmap v2.8.0
   Compiling time-core v0.1.3
    Checking want v0.3.1
   Compiling time-macros v0.2.20
    Checking untrusted v0.9.0
    Checking base64 v0.22.1
    Checking tower-service v0.3.3
   Compiling serde_derive v1.0.219
   Compiling zerofrom-derive v0.1.6
   Compiling yoke-derive v0.7.5
   Compiling zerovec-derive v0.10.3
   Compiling displaydoc v0.2.5
   Compiling tokio-macros v2.5.0
   Compiling tracing-attributes v0.1.28
   Compiling icu_provider_macros v1.5.0
   Compiling futures-macro v0.3.31
    Checking zerofrom v0.1.6
   Compiling yoke v0.7.5
    Checking zerovec v0.10.4
    Checking tracing v0.1.41
   Compiling thiserror-impl v1.0.69
    Checking tinystr v0.7.6
   Compiling icu_locid v1.5.0
   Compiling icu_provider v1.5.0
    Checking icu_locid_transform v1.5.0
   Compiling icu_collections v1.5.0
   Compiling icu_properties_data v1.5.0
   Compiling paste v1.0.15
    Checking icu_properties v1.5.1
    Checking tokio-util v0.7.14
   Compiling pear_codegen v0.2.9
   Compiling either v1.15.0
    Checking inout v0.1.4
   Compiling ref-cast v1.0.24
   Compiling utf8_iter v1.0.4
    Checking write16 v1.0.0
   Compiling icu_normalizer_data v1.5.0
   Compiling utf16_iter v1.0.5
    Checking cipher v0.4.4
    Checking icu_normalizer v1.5.0
   Compiling ref-cast-impl v1.0.24
    Checking rand_chacha v0.3.1
    Checking http v0.2.12
    Checking universal-hash v0.5.1
    Checking byteorder v1.5.0
   Compiling rustls v0.21.12
   Compiling powerfmt v0.2.0
    Checking opaque-debug v0.3.1
    Checking tinyvec_macros v0.1.1
   Compiling zerocopy v0.7.35
    Checking tinyvec v1.9.0
   Compiling idna_adapter v1.2.0
   Compiling deranged v0.3.11
    Checking polyval v0.6.2
    Checking rand v0.8.5
    Checking sct v0.7.1
    Checking rustls-webpki v0.101.7
    Checking tokio-stream v0.1.17
    Checking hkdf v0.12.4
   Compiling devise_core v0.4.2
    Checking spin v0.9.8
    Checking form_urlencoded v1.2.1
   Compiling libsqlite3-sys v0.27.0
   Compiling openssl-sys v0.9.106
    Checking is-terminal v0.4.16
   Compiling uncased v0.9.10
   Compiling cookie v0.18.1
    Checking base64 v0.21.7
   Compiling allocator-api2 v0.2.21
   Compiling minimal-lexical v0.2.1
    Checking rustls-pemfile v1.0.4
   Compiling nom v7.1.3
   Compiling hashbrown v0.14.5
   Compiling devise_codegen v0.4.2
   Compiling time v0.3.39
    Checking idna v1.0.3
    Checking unicode-normalization v0.1.24
   Compiling http-body v0.4.6
    Checking ghash v0.5.1
    Checking h2 v0.3.26
    Checking ctr v0.9.2
    Checking aes v0.8.4
    Checking toml_datetime v0.6.8
    Checking serde_spanned v0.6.8
   Compiling async-trait v0.1.87
    Checking aead v0.5.2
   Compiling inlinable_string v0.1.15
    Checking winnow v0.7.4
    Checking unicode-properties v0.1.3
    Checking httpdate v1.0.3
   Compiling unicode_categories v0.1.1
   Compiling crc-catalog v2.4.0
    Checking unicode-bidi v0.3.18
    Checking stringprep v0.1.5
   Compiling hyper v0.14.32
    Checking pear v0.2.9
    Checking toml_edit v0.22.24
   Compiling crc v3.2.1
   Compiling sqlformat v0.2.6
    Checking aes-gcm v0.10.3
   Compiling atoi v2.0.0
   Compiling crossbeam-queue v0.3.12
   Compiling url v2.5.4
   Compiling devise v0.4.2
   Compiling hashlink v0.8.4
   Compiling futures-intrusive v0.5.0
    Checking rand_core v0.9.3
   Compiling futures v0.3.31
    Checking md-5 v0.10.6
   Compiling stable-pattern v0.1.0
    Checking num_cpus v1.16.0
   Compiling figment v0.10.19
   Compiling multer v3.1.0
    Checking encoding_rs v0.8.35
    Checking openssl-probe v0.1.6
    Checking mime v0.3.17
   Compiling state v0.6.0
    Checking linux-raw-sys v0.9.2
   Compiling event-listener v2.5.3
   Compiling webpki-roots v0.25.4
   Compiling hex v0.4.3
   Compiling rocket_http v0.5.1
    Checking rand_chacha v0.9.0
    Checking toml v0.8.20
   Compiling async-stream-impl v0.3.6
   Compiling rocket v0.5.1
   Compiling openssl v0.10.71
   Compiling unicode-xid v0.2.6
   Compiling syn v1.0.109
   Compiling sqlx-core v0.7.4
   Compiling glob v0.3.2
    Checking foreign-types-shared v0.1.1
    Checking fastrand v2.3.0
    Checking foreign-types v0.3.2
    Checking tempfile v3.18.0
   Compiling rocket_codegen v0.5.1
    Checking async-stream v0.3.6
   Compiling flume v0.11.1
    Checking rand v0.9.0
    Checking ubyte v0.10.4
   Compiling openssl-macros v0.1.1
    Checking http-body v1.0.1
   Compiling futures-executor v0.3.31
   Compiling urlencoding v2.1.3
   Compiling home v0.5.11
   Compiling native-tls v0.2.14
   Compiling dotenvy v0.15.7
    Checking atomic-waker v1.1.2
    Checking whoami v1.5.2
    Checking fallible-iterator v0.2.0
    Checking binascii v0.1.4
    Checking atomic v0.5.3
   Compiling unicode-segmentation v1.12.0
    Checking siphasher v1.0.1
    Checking phf_shared v0.11.3
   Compiling sqlx-postgres v0.7.4
    Checking postgres-protocol v0.6.8
    Checking h2 v0.4.8
   Compiling heck v0.4.1
   Compiling sqlx-sqlite v0.7.4
   Compiling diesel_table_macro_syntax v0.1.0
   Compiling v_htmlescape v0.15.8
   Compiling diesel_derives v2.1.4
    Checking hyper v1.6.0
    Checking postgres-types v0.2.9
    Checking phf v0.11.3
    Checking deadpool-runtime v0.1.4
    Checking inotify-sys v0.1.5
   Compiling prometheus v0.13.4
    Checking bitflags v1.3.2
    Checking retain_mut v0.1.9
    Checking same-file v1.0.6
    Checking walkdir v2.5.0
    Checking deadpool v0.9.5
    Checking inotify v0.9.6
    Checking tokio-postgres v0.7.13
    Checking tokio-native-tls v0.3.1
    Checking hyper-util v0.1.10
   Compiling sqlx-macros-core v0.7.4
    Checking http-body-util v0.1.3
    Checking rustls-native-certs v0.6.3
    Checking tokio-rustls v0.24.1
    Checking crossbeam-channel v0.5.14
    Checking mio v0.8.11
    Checking filetime v0.2.25
    Checking diesel v2.1.6
    Checking sync_wrapper v1.0.2
    Checking scoped-futures v0.1.4
    Checking tower-layer v0.3.3
    Checking self_cell v1.1.0
    Checking lazy_static v1.5.0
    Checking memo-map v0.3.3
    Checking rustls-pki-types v1.11.0
    Checking minijinja v2.8.0
    Checking tower v0.5.2
    Checking rustls-pemfile v2.2.0
    Checking notify v6.1.1
    Checking hyper-rustls v0.24.2
    Checking hyper-tls v0.6.0
   Compiling sqlx-macros v0.7.4
   Compiling rocket_db_pools_codegen v0.2.0
    Checking serde_urlencoded v0.7.1
    Checking normpath v1.3.0
error[E0283]: type annotations needed
    --> /home/adwin/.cargo/registry/src/mirrors.tuna.tsinghua.edu.cn-4dc01642fd091eda/minijinja-2.8.0/src/environment.rs:708:42
     |
 708 |         self.filters.insert(name.into(), Value::from_function(f));
     |                                          ^^^^^^^^^^^^^^^^^^^^ - type must be known at this point
     |                                          |
     |                                          cannot infer type of the type parameter `Args` declared on the associated function `from_function`
     |
     = note: cannot satisfy `F: Function<Rv, _>`
     = help: the following types implement trait `Function<Rv, Args>`:
               `Func` implements `Function<Rv, ()>`
               `Func` implements `Function<Rv, (A, B)>`
               `Func` implements `Function<Rv, (A, B, C)>`
               `Func` implements `Function<Rv, (A, B, C, D)>`
               `Func` implements `Function<Rv, (A, B, C, D, E)>`
               `Func` implements `Function<Rv, (A,)>`
note: required by a bound in `value::Value::from_function`
    --> /home/adwin/.cargo/registry/src/mirrors.tuna.tsinghua.edu.cn-4dc01642fd091eda/minijinja-2.8.0/src/value/mod.rs:1059:12
     |
1056 |     pub fn from_function<F, Rv, Args>(f: F) -> Value
     |            ------------- required by a bound in this associated function
...
1059 |         F: functions::Function<Rv, Args>
     |            ^^^^^^^^^^^^^^^^^^^^^^^^^^^^^ required by this bound in `Value::from_function`
help: consider specifying the generic arguments
     |
 708 |         self.filters.insert(name.into(), Value::from_function::<F, Rv, Args>(f));
     |                                                              +++++++++++++++

error[E0283]: type annotations needed
    --> /home/adwin/.cargo/registry/src/mirrors.tuna.tsinghua.edu.cn-4dc01642fd091eda/minijinja-2.8.0/src/environment.rs:730:40
     |
 730 |         self.tests.insert(name.into(), Value::from_function(f));
     |                                        ^^^^^^^^^^^^^^^^^^^^ - type must be known at this point
     |                                        |
     |                                        cannot infer type of the type parameter `Args` declared on the associated function `from_function`
     |
     = note: cannot satisfy `F: Function<Rv, _>`
     = help: the following types implement trait `Function<Rv, Args>`:
               `Func` implements `Function<Rv, ()>`
               `Func` implements `Function<Rv, (A, B)>`
               `Func` implements `Function<Rv, (A, B, C)>`
               `Func` implements `Function<Rv, (A, B, C, D)>`
               `Func` implements `Function<Rv, (A, B, C, D, E)>`
               `Func` implements `Function<Rv, (A,)>`
note: required by a bound in `value::Value::from_function`
    --> /home/adwin/.cargo/registry/src/mirrors.tuna.tsinghua.edu.cn-4dc01642fd091eda/minijinja-2.8.0/src/value/mod.rs:1059:12
     |
1056 |     pub fn from_function<F, Rv, Args>(f: F) -> Value
     |            ------------- required by a bound in this associated function
...
1059 |         F: functions::Function<Rv, Args>
     |            ^^^^^^^^^^^^^^^^^^^^^^^^^^^^^ required by this bound in `Value::from_function`
help: consider specifying the generic arguments
     |
 730 |         self.tests.insert(name.into(), Value::from_function::<F, Rv, Args>(f));
     |                                                            +++++++++++++++

error[E0283]: type annotations needed
    --> /home/adwin/.cargo/registry/src/mirrors.tuna.tsinghua.edu.cn-4dc01642fd091eda/minijinja-2.8.0/src/environment.rs:756:38
     |
 756 |         self.add_global(name.into(), Value::from_function(f))
     |                                      ^^^^^^^^^^^^^^^^^^^^ - type must be known at this point
     |                                      |
     |                                      cannot infer type of the type parameter `Args` declared on the associated function `from_function`
     |
     = note: cannot satisfy `F: Function<Rv, _>`
     = help: the following types implement trait `Function<Rv, Args>`:
               `Func` implements `Function<Rv, ()>`
               `Func` implements `Function<Rv, (A, B)>`
               `Func` implements `Function<Rv, (A, B, C)>`
               `Func` implements `Function<Rv, (A, B, C, D)>`
               `Func` implements `Function<Rv, (A, B, C, D, E)>`
               `Func` implements `Function<Rv, (A,)>`
note: required by a bound in `value::Value::from_function`
    --> /home/adwin/.cargo/registry/src/mirrors.tuna.tsinghua.edu.cn-4dc01642fd091eda/minijinja-2.8.0/src/value/mod.rs:1059:12
     |
1056 |     pub fn from_function<F, Rv, Args>(f: F) -> Value
     |            ------------- required by a bound in this associated function
...
1059 |         F: functions::Function<Rv, Args>
     |            ^^^^^^^^^^^^^^^^^^^^^^^^^^^^^ required by this bound in `Value::from_function`
help: consider specifying the generic arguments
     |
 756 |         self.add_global(name.into(), Value::from_function::<F, Rv, Args>(f))
     |                                                          +++++++++++++++

   Compiling q-and-a v0.1.0 (/tmp/nix-shell.uUVugk/ant1441_do-app-rust-q-and-a_44wk_x1e)
    Checking ipnet v2.11.0
    Checking rocket_oauth2 v0.5.0
    Checking rocket_prometheus v0.10.1
    Checking reqwest v0.12.14
error[E0283]: type annotations needed
    --> /home/adwin/.cargo/registry/src/mirrors.tuna.tsinghua.edu.cn-4dc01642fd091eda/minijinja-2.8.0/src/value/mod.rs:1064:9
     |
1064 |         functions::BoxedFunction::new(f).to_value()
     |         ^^^^^^^^^^^^^^^^^^^^^^^^^^^^^ - type must be known at this point
     |         |
     |         cannot infer type of the type parameter `Args` declared on the associated function `new`
     |
     = note: cannot satisfy `F: Function<Rv, _>`
     = help: the following types implement trait `Function<Rv, Args>`:
               `Func` implements `Function<Rv, ()>`
               `Func` implements `Function<Rv, (A, B)>`
               `Func` implements `Function<Rv, (A, B, C)>`
               `Func` implements `Function<Rv, (A, B, C, D)>`
               `Func` implements `Function<Rv, (A, B, C, D, E)>`
               `Func` implements `Function<Rv, (A,)>`
note: required by a bound in `BoxedFunction::new`
    --> /home/adwin/.cargo/registry/src/mirrors.tuna.tsinghua.edu.cn-4dc01642fd091eda/minijinja-2.8.0/src/functions.rs:234:12
     |
 232 |     pub fn new<F, Rv, Args>(f: F) -> BoxedFunction
     |            --- required by a bound in this associated function
 233 |     where
 234 |         F: Function<Rv, Args> + for<'a> Function<Rv, <Args as FunctionArgs<'a>>::Output>,
     |            ^^^^^^^^^^^^^^^^^^ required by this bound in `BoxedFunction::new`
help: consider specifying the generic arguments
     |
1064 |         functions::BoxedFunction::new::<F, Rv, Args>(f).to_value()
     |                                      +++++++++++++++

    Checking sqlx v0.7.4
For more information about this error, try `rustc --explain E0283`.
error: could not compile `minijinja` (lib) due to 4 previous errors
warning: build failed, waiting for other jobs to finish...
error[E0271]: type mismatch resolving `<DB as TypeMetadata>::MetadataLookup == &mut <DB as TypeMetadata>::MetadataLookup`
   --> /home/adwin/.cargo/registry/src/mirrors.tuna.tsinghua.edu.cn-4dc01642fd091eda/diesel-2.1.6/src/query_builder/ast_pass.rs:220:51
    |
220 |             } => collector.push_bound_value(bind, metadata_lookup)?,
    |                                                   ^^^^^^^^^^^^^^^ types differ

For more information about this error, try `rustc --explain E0271`.
error: could not compile `diesel` (lib) due to 1 previous error
