Running as unit: run-p976868-i13557183.scope; invocation ID: 19fcc37000704606a4c8ea8dcc4adb89
   Compiling proc-macro2 v1.0.95
   Compiling unicode-ident v1.0.18
   Compiling libc v0.2.174
    Checking cfg-if v1.0.1
   Compiling shlex v1.3.0
    Checking log v0.4.27
   Compiling serde v1.0.219
    Checking pin-project-lite v0.2.16
    Checking bytes v1.10.1
    Checking itoa v1.0.15
    Checking once_cell v1.21.3
   Compiling cc v1.2.27
    Checking zeroize v1.8.1
    Checking futures-core v0.3.31
    Checking memchr v2.7.5
    Checking futures-sink v0.3.31
   Compiling autocfg v1.5.0
    Checking untrusted v0.9.0
    Checking fnv v1.0.7
   Compiling version_check v0.9.5
   Compiling typenum v1.18.0
    Checking slab v0.4.10
   Compiling generic-array v0.14.7
    Checking subtle v2.6.1
    Checking rustls-pki-types v1.12.0
   Compiling quote v1.0.40
    Checking futures-channel v0.3.31
   Compiling pkg-config v0.3.32
   Compiling syn v2.0.103
    Checking getrandom v0.2.16
    Checking signal-hook-registry v1.4.5
    Checking socket2 v0.5.10
    Checking mio v1.0.4
    Checking pin-utils v0.1.0
    Checking smallvec v1.15.1
    Checking futures-io v0.3.31
    Checking futures-task v0.3.31
    Checking rand_core v0.6.4
    Checking stable_deref_trait v1.2.0
    Checking tracing-core v0.1.34
   Compiling num-traits v0.2.19
   Compiling httparse v1.10.1
    Checking http v1.3.1
   Compiling vcpkg v0.2.15
    Checking lazy_static v1.5.0
    Checking bitflags v2.9.1
   Compiling ring v0.17.14
    Checking percent-encoding v2.3.1
    Checking hashbrown v0.15.4
    Checking writeable v0.6.1
    Checking litemap v0.8.0
    Checking equivalent v1.0.2
    Checking encoding_rs v0.8.35
   Compiling icu_properties_data v2.0.1
   Compiling syn v1.0.109
    Checking crypto-common v0.1.6
    Checking bitflags v1.3.2
    Checking bytemuck v1.23.1
   Compiling icu_normalizer_data v2.0.0
   Compiling rustls v0.23.28
    Checking indexmap v2.9.0
    Checking tower-service v0.3.3
    Checking try-lock v0.2.5
    Checking cpufeatures v0.2.17
    Checking want v0.3.1
   Compiling ident_case v1.0.1
   Compiling zerocopy v0.8.26
    Checking openssl-probe v0.1.6
   Compiling openssl-sys v0.9.109
    Checking http-body v1.0.1
    Checking form_urlencoded v1.2.1
    Checking ryu v1.0.20
    Checking utf8_iter v1.0.4
    Checking webpki-roots v1.0.1
   Compiling num-conv v0.1.0
    Checking alloc-no-stdlib v2.0.4
    Checking powerfmt v0.2.0
    Checking atomic-waker v1.1.2
   Compiling serde_json v1.0.140
    Checking base64 v0.22.1
    Checking ipnet v2.11.0
   Compiling time-core v0.1.4
   Compiling time-macros v0.2.22
    Checking alloc-stdlib v0.2.2
    Checking rustls-native-certs v0.8.1
   Compiling libz-sys v1.1.22
   Compiling getrandom v0.3.3
    Checking num_threads v0.1.7
    Checking ordered-float v2.10.1
    Checking block-buffer v0.10.4
   Compiling openssl v0.10.73
    Checking adler2 v2.0.1
    Checking foreign-types-shared v0.1.1
    Checking foreign-types v0.3.2
    Checking miniz_oxide v0.8.9
    Checking digest v0.10.7
    Checking crc32fast v1.4.2
   Compiling crossbeam-utils v0.8.21
   Compiling strsim v0.9.3
    Checking ppv-lite86 v0.2.21
   Compiling thiserror v1.0.69
   Compiling native-tls v0.2.14
    Checking flate2 v1.1.2
    Checking sha1 v0.10.6
    Checking http-body-util v0.1.3
    Checking inout v0.1.4
   Compiling lock_api v0.4.13
    Checking http v0.2.12
   Compiling rustls v0.22.4
    Checking mime v0.3.17
    Checking data-encoding v2.9.0
   Compiling rustls v0.21.12
    Checking cipher v0.4.4
    Checking rand_core v0.9.3
    Checking brotli-decompressor v5.0.0
    Checking universal-hash v0.5.1
    Checking num-integer v0.1.46
    Checking sync_wrapper v1.0.2
    Checking opaque-debug v0.3.1
    Checking tower-layer v0.3.3
   Compiling unicode-segmentation v1.12.0
   Compiling thiserror v2.0.12
   Compiling unicase v2.8.1
   Compiling strsim v0.11.1
    Checking scopeguard v1.2.0
    Checking utf-8 v0.7.6
   Compiling heck v0.3.3
   Compiling mime_guess v2.0.5
    Checking http-body v0.4.6
    Checking brotli v8.0.1
    Checking rand_chacha v0.9.0
    Checking rand_chacha v0.3.1
   Compiling aho-corasick v1.1.3
   Compiling rquickjs-sys v0.9.0
   Compiling synstructure v0.13.2
   Compiling darling_core v0.20.11
   Compiling cmake v0.1.54
   Compiling darling_core v0.10.2
    Checking rustls-webpki v0.103.3
    Checking sct v0.7.1
    Checking rustls-webpki v0.101.7
    Checking rustls-webpki v0.102.8
   Compiling serde_derive v1.0.219
   Compiling tokio-macros v2.5.0
    Checking tokio v1.45.1
   Compiling zerofrom-derive v0.1.6
   Compiling futures-macro v0.3.31
   Compiling yoke-derive v0.8.0
   Compiling zerovec-derive v0.11.1
   Compiling tracing-attributes v0.1.30
    Checking futures-util v0.3.31
   Compiling displaydoc v0.2.5
    Checking zerofrom v0.1.6
   Compiling serde_repr v0.1.20
    Checking yoke v0.8.0
   Compiling openssl-macros v0.1.1
    Checking zerovec v0.11.2
    Checking zerotrie v0.2.2
    Checking rustls-platform-verifier v0.6.0
   Compiling thiserror-impl v1.0.69
   Compiling darling_macro v0.10.2
   Compiling darling v0.10.2
    Checking tracing v0.1.41
   Compiling hashmap_derive v0.1.0
   Compiling thiserror-impl v2.0.12
    Checking tinystr v0.8.1
    Checking icu_locale_core v2.0.0
    Checking potential_utf v0.1.2
    Checking icu_collections v2.0.0
    Checking icu_provider v2.0.0
   Compiling parking_lot_core v0.9.11
    Checking httpdate v1.0.3
   Compiling regex-syntax v0.8.5
    Checking strength_reduce v0.2.4
    Checking icu_properties v2.0.1
    Checking icu_normalizer v2.0.0
    Checking iri-string v0.7.8
   Compiling derive_builder v0.9.0
   Compiling audiopus_sys v0.2.2
    Checking transpose v0.2.3
    Checking futures-executor v0.3.31
   Compiling from_map v0.1.0
    Checking tokio-util v0.7.15
    Checking tokio-rustls v0.26.2
    Checking tower v0.5.2
    Checking async-compression v0.4.25
    Checking tokio-native-tls v0.3.1
    Checking idna_adapter v1.2.1
    Checking idna v1.0.3
    Checking h2 v0.4.10
    Checking h2 v0.3.26
    Checking tokio-rustls v0.24.1
   Compiling derive_builder_core v0.9.0
   Compiling darling_macro v0.20.11
    Checking tower-http v0.6.6
   Compiling strum_macros v0.17.1
    Checking rand v0.8.5
    Checking rand v0.9.1
    Checking arrayvec v0.7.6
    Checking deranged v0.4.0
    Checking url v2.5.4
    Checking symphonia-core v0.5.4
    Checking serde-value v0.7.0
    Checking serde_urlencoded v0.7.1
   Compiling regex-automata v0.4.9
    Checking time v0.3.41
    Checking primal-check v0.3.4
    Checking webpki-roots v0.26.11
    Checking num-complex v0.4.6
    Checking symphonia-metadata v0.5.4
    Checking symphonia-utils-xiph v0.5.4
    Checking no-std-compat v0.2.0
    Checking fastrand v2.3.0
   Compiling convert_case v0.4.0
    Checking no-std-net v0.6.0
    Checking byteorder v1.5.0
    Checking base64 v0.21.7
    Checking tungstenite v0.21.0
    Checking rustls-pemfile v1.0.4
    Checking pnet_base v0.34.0
   Compiling derive_more v0.99.20
    Checking hyper v0.14.32
    Checking hyper v1.6.0
    Checking stable-vec v0.4.1
    Checking twilight-model v0.16.0
   Compiling regex v1.11.1
    Checking hyper-util v0.1.14
    Checking rustfft v6.4.0
    Checking strum v0.17.1
   Compiling darling v0.20.11
    Checking futures v0.3.31
   Compiling shorthand v0.1.1
    Checking twilight-http-ratelimiting v0.16.0
    Checking hyper-rustls v0.27.7
    Checking hyper-tls v0.6.0
    Checking tokio-rustls v0.25.0
    Checking hyper-rustls v0.24.2
    Checking reqwest v0.12.20
    Checking rustls-platform-verifier v0.5.3
   Compiling pin-project-internal v1.1.10
    Checking polyval v0.6.2
    Checking brotli-decompressor v4.0.3
    Checking aead v0.5.2
    Checking simdutf8 v0.1.5
    Checking sync_wrapper v0.1.2
    Checking bit-vec v0.8.0
   Compiling serenity v0.12.4
    Checking iana-time-zone v0.1.63
    Checking hex v0.4.3
    Checking webpki-roots v0.25.4
    Checking extended v0.1.0
    Checking sha1_smol v1.0.1
    Checking siphasher v1.0.1
    Checking hls_m3u8 v0.4.2
    Checking tokio-websockets v0.11.4
    Checking phf_shared v0.11.3
    Checking pin-project v1.1.10
    Checking symphonia-format-riff v0.5.4
    Checking reqwest v0.11.27
    Checking chrono v0.4.41
    Checking bit-set v0.8.0
    Checking ghash v0.5.1
    Checking tokio-tungstenite v0.21.0
   Compiling serde_with_macros v3.13.0
   Compiling pnet_macros v0.34.0
    Checking pnet_macros_support v0.34.0
    Checking symphonia-codec-vorbis v0.5.4
    Checking realfft v3.5.0
    Checking symphonia-format-mkv v0.5.4
    Checking symphonia-bundle-flac v0.5.4
    Checking symphonia-format-isomp4 v0.5.4
    Checking symphonia-format-ogg v0.5.4
    Checking symphonia-bundle-mp3 v0.5.4
    Checking symphonia-codec-aac v0.5.4
    Checking symphonia-codec-adpcm v0.5.4
    Checking symphonia-codec-alac v0.5.4
    Checking symphonia-codec-pcm v0.5.4
    Checking tungstenite v0.26.2
    Checking secrecy v0.8.0
    Checking serde_cow v0.1.2
    Checking twilight-gateway-queue v0.16.0
   Compiling async-trait v0.1.88
    Checking spin v0.9.8
    Checking crossbeam-channel v0.5.15
    Checking poly1305 v0.8.0
    Checking ctr v0.9.2
    Checking chacha20 v0.9.1
    Checking aes v0.8.4
    Checking patricia_tree v0.8.0
    Checking nanorand v0.7.0
    Checking num_cpus v1.17.0
   Compiling songbird v0.5.0
    Checking unicode-xid v0.2.6
   Compiling anyhow v1.0.98
    Checking typemap_rev v0.3.0
    Checking overload v0.1.1
    Checking hashbrown v0.14.5
    Checking nu-ansi-term v0.46.0
    Checking aes-gcm v0.10.3
    Checking ress v0.11.7
    Checking stream_lib v0.5.2
    Checking rusty_pool v0.7.0
    Checking flume v0.11.1
    Checking chacha20poly1305 v0.10.1
    Checking dashmap v6.1.0
    Checking tokio-tungstenite v0.26.2
    Checking symphonia v0.5.4
    Checking serde_with v3.13.0
    Checking discortp v0.6.0
    Checking rubato v0.16.2
    Checking serde-aux v4.7.0
    Checking fancy-regex v0.14.0
    Checking phf v0.11.3
    Checking tracing-futures v0.2.5
    Checking parking_lot v0.12.4
    Checking serenity-voice-model v0.2.0
    Checking serde_plain v1.0.2
    Checking streamcatcher v1.0.1
   Compiling derivative v2.2.0
   Compiling twilight-interactions-derive v0.16.1
    Checking ringbuf v0.4.8
    Checking uuid v1.17.0
    Checking sharded-slab v0.1.7
    Checking tracing-log v0.2.0
    Checking thread_local v1.1.9
    Checking either v1.15.0
    Checking urlencoding v2.1.3
    Checking localzone v0.3.1
    Checking nohash-hasher v0.2.0
    Checking tracing-subscriber v0.3.19
    Checking dotenvy v0.15.7
    Checking twilight-validate v0.16.0
    Checking twilight-interactions v0.16.2
    Checking twilight-http v0.16.0
    Checking twilight-util v0.16.0
    Checking twilight-gateway v0.16.0
    Checking rquickjs-core v0.9.0
    Checking rquickjs v0.9.0
    Checking rustypipe v0.11.4
    Checking audiopus v0.3.0-rc.0
error[E0275]: overflow evaluating the requirement `manager::Songbird: Sync`
   --> /home/adwin/.cargo/registry/src/mirrors.tuna.tsinghua.edu.cn-4dc01642fd091eda/songbird-0.5.0/src/manager.rs:418:30
    |
418 | impl VoiceGatewayManager for Songbird {
    |                              ^^^^^^^^
    |
    = help: consider increasing the recursion limit by adding a `#![recursion_limit = "256"]` attribute to your crate (`songbird`)
note: required by a bound in `VoiceGatewayManager`
   --> /home/adwin/.cargo/registry/src/mirrors.tuna.tsinghua.edu.cn-4dc01642fd091eda/serenity-0.12.4/src/gateway/bridge/voice.rs:13:39
    |
 13 | pub trait VoiceGatewayManager: Send + Sync {
    |                                       ^^^^ required by this bound in `VoiceGatewayManager`

error[E0275]: overflow evaluating the requirement `manager::Songbird: std::marker::Send`
   --> /home/adwin/.cargo/registry/src/mirrors.tuna.tsinghua.edu.cn-4dc01642fd091eda/songbird-0.5.0/src/manager.rs:418:30
    |
418 | impl VoiceGatewayManager for Songbird {
    |                              ^^^^^^^^
    |
    = help: consider increasing the recursion limit by adding a `#![recursion_limit = "256"]` attribute to your crate (`songbird`)
note: required by a bound in `VoiceGatewayManager`
   --> /home/adwin/.cargo/registry/src/mirrors.tuna.tsinghua.edu.cn-4dc01642fd091eda/serenity-0.12.4/src/gateway/bridge/voice.rs:13:32
    |
 13 | pub trait VoiceGatewayManager: Send + Sync {
    |                                ^^^^ required by this bound in `VoiceGatewayManager`

error[E0275]: overflow evaluating the requirement `ringbuf::Arc<manager::Songbird>: Sync`
  --> /home/adwin/.cargo/registry/src/mirrors.tuna.tsinghua.edu.cn-4dc01642fd091eda/songbird-0.5.0/src/serenity.rs:21:18
   |
21 |     type Value = Arc<Songbird>;
   |                  ^^^^^^^^^^^^^
   |
   = help: consider increasing the recursion limit by adding a `#![recursion_limit = "256"]` attribute to your crate (`songbird`)
note: required by a bound in `serenity::prelude::TypeMapKey::Value`
  --> /home/adwin/.cargo/registry/src/mirrors.tuna.tsinghua.edu.cn-4dc01642fd091eda/typemap_rev-0.3.0/src/lib.rs:94:30
   |
94 |     type Value: Any + Send + Sync;
   |                              ^^^^ required by this bound in `TypeMapKey::Value`

error[E0275]: overflow evaluating the requirement `ringbuf::Arc<manager::Songbird>: std::marker::Send`
  --> /home/adwin/.cargo/registry/src/mirrors.tuna.tsinghua.edu.cn-4dc01642fd091eda/songbird-0.5.0/src/serenity.rs:21:18
   |
21 |     type Value = Arc<Songbird>;
   |                  ^^^^^^^^^^^^^
   |
   = help: consider increasing the recursion limit by adding a `#![recursion_limit = "256"]` attribute to your crate (`songbird`)
note: required by a bound in `serenity::prelude::TypeMapKey::Value`
  --> /home/adwin/.cargo/registry/src/mirrors.tuna.tsinghua.edu.cn-4dc01642fd091eda/typemap_rev-0.3.0/src/lib.rs:94:23
   |
94 |     type Value: Any + Send + Sync;
   |                       ^^^^ required by this bound in `TypeMapKey::Value`

error[E0275]: overflow evaluating the requirement `impl futures::Future<Output = ()>: std::marker::Send`
   --> /home/adwin/.cargo/registry/src/mirrors.tuna.tsinghua.edu.cn-4dc01642fd091eda/songbird-0.5.0/src/driver/connection/mod.rs:244:15
    |
244 |         spawn(ws_task::runner(interconnect.clone(), ws_state));
    |         ----- ^^^^^^^^^^^^^^^^^^^^^^^^^^^^^^^^^^^^^^^^^^^^^^^
    |         |
    |         required by a bound introduced by this call
    |
    = help: consider increasing the recursion limit by adding a `#![recursion_limit = "256"]` attribute to your crate (`songbird`)
note: required by a bound in `tokio::spawn`
   --> /home/adwin/.cargo/registry/src/mirrors.tuna.tsinghua.edu.cn-4dc01642fd091eda/tokio-1.45.1/src/task/spawn.rs:168:21
    |
166 |     pub fn spawn<F>(future: F) -> JoinHandle<F::Output>
    |            ----- required by a bound in this function
167 |     where
168 |         F: Future + Send + 'static,
    |                     ^^^^ required by this bound in `spawn`

error[E0275]: overflow evaluating the requirement `<SongbirdKey as TypeMapKey>::Value: typemap_rev::IntoBox<dyn std::any::Any + std::marker::Send + Sync>`
   --> /home/adwin/.cargo/registry/src/mirrors.tuna.tsinghua.edu.cn-4dc01642fd091eda/songbird-0.5.0/src/serenity.rs:54:10
    |
 54 |     data.get::<SongbirdKey>().cloned()
    |          ^^^
    |
    = help: consider increasing the recursion limit by adding a `#![recursion_limit = "256"]` attribute to your crate (`songbird`)
note: required by a bound in `TypeMap::<S>::get`
   --> /home/adwin/.cargo/registry/src/mirrors.tuna.tsinghua.edu.cn-4dc01642fd091eda/typemap_rev-0.3.0/src/lib.rs:234:19
    |
231 |     pub fn get<T>(&self) -> Option<&T::Value>
    |            --- required by a bound in this associated function
...
234 |         T::Value: IntoBox<S>,
    |                   ^^^^^^^^^^ required by this bound in `TypeMap::<S>::get`

error[E0275]: overflow evaluating the requirement `{closure@/home/adwin/.cargo/registry/src/mirrors.tuna.tsinghua.edu.cn-4dc01642fd091eda/songbird-0.5.0/src/driver/scheduler/live.rs:630:28: 630:35}: std::marker::Send`
   --> /home/adwin/.cargo/registry/src/mirrors.tuna.tsinghua.edu.cn-4dc01642fd091eda/songbird-0.5.0/src/driver/scheduler/live.rs:630:28
    |
630 |           std::thread::spawn(move || {
    |  _________------------------_^
    | |         |
    | |         required by a bound introduced by this call
631 | |             self.run();
632 | |         });
    | |_________^
    |
    = help: consider increasing the recursion limit by adding a `#![recursion_limit = "256"]` attribute to your crate (`songbird`)
note: required by a bound in `std::thread::spawn`
   --> /home/adwin/.rustup/toolchains/nightly-x86_64-unknown-linux-gnu/lib/rustlib/src/rust/library/std/src/thread/functions.rs:128:8
    |
125 | pub fn spawn<F, T>(f: F) -> JoinHandle<T>
    |        ----- required by a bound in this function
...
128 |     F: Send + 'static,
    |        ^^^^ required by this bound in `spawn`

error[E0275]: overflow evaluating the requirement `{async block@/home/adwin/.cargo/registry/src/mirrors.tuna.tsinghua.edu.cn-4dc01642fd091eda/songbird-0.5.0/src/driver/scheduler/idle.rs:217:22: 217:32}: std::marker::Send`
   --> /home/adwin/.cargo/registry/src/mirrors.tuna.tsinghua.edu.cn-4dc01642fd091eda/songbird-0.5.0/src/driver/scheduler/idle.rs:217:9
    |
217 |         tokio::spawn(async move { self.run().await });
    |         ^^^^^^^^^^^^^^^^^^^^^^^^^^^^^^^^^^^^^^^^^^^^^
    |
    = help: consider increasing the recursion limit by adding a `#![recursion_limit = "256"]` attribute to your crate (`songbird`)
note: required by a bound in `tokio::spawn`
   --> /home/adwin/.cargo/registry/src/mirrors.tuna.tsinghua.edu.cn-4dc01642fd091eda/tokio-1.45.1/src/task/spawn.rs:168:21
    |
166 |     pub fn spawn<F>(future: F) -> JoinHandle<F::Output>
    |            ----- required by a bound in this function
167 |     where
168 |         F: Future + Send + 'static,
    |                     ^^^^ required by this bound in `spawn`

error[E0275]: overflow evaluating the requirement `{async block@/home/adwin/.cargo/registry/src/mirrors.tuna.tsinghua.edu.cn-4dc01642fd091eda/songbird-0.5.0/src/driver/tasks/mod.rs:30:11: 30:21}: std::marker::Send`
   --> /home/adwin/.cargo/registry/src/mirrors.tuna.tsinghua.edu.cn-4dc01642fd091eda/songbird-0.5.0/src/driver/tasks/mod.rs:30:5
    |
 30 | /     spawn(async move {
 31 | |         trace!("Driver started.");
 32 | |         runner(config, rx, tx).await;
 33 | |         trace!("Driver finished.");
 34 | |     });
    | |______^
    |
    = help: consider increasing the recursion limit by adding a `#![recursion_limit = "256"]` attribute to your crate (`songbird`)
note: required by a bound in `tokio::spawn`
   --> /home/adwin/.cargo/registry/src/mirrors.tuna.tsinghua.edu.cn-4dc01642fd091eda/tokio-1.45.1/src/task/spawn.rs:168:21
    |
166 |     pub fn spawn<F>(future: F) -> JoinHandle<F::Output>
    |            ----- required by a bound in this function
167 |     where
168 |         F: Future + Send + 'static,
    |                     ^^^^ required by this bound in `spawn`

error[E0275]: overflow evaluating the requirement `{async block@/home/adwin/.cargo/registry/src/mirrors.tuna.tsinghua.edu.cn-4dc01642fd091eda/songbird-0.5.0/src/driver/tasks/mod.rs:298:27: 298:37}: std::marker::Send`
   --> /home/adwin/.cargo/registry/src/mirrors.tuna.tsinghua.edu.cn-4dc01642fd091eda/songbird-0.5.0/src/driver/tasks/mod.rs:298:21
    |
298 | /                     spawn(async move {
299 | |                         tsleep(t).await;
300 | |                         drop(remote_ic.core.send(CoreMessage::RetryConnect(idx)));
301 | |                     });
    | |______________________^
    |
    = help: consider increasing the recursion limit by adding a `#![recursion_limit = "256"]` attribute to your crate (`songbird`)
note: required by a bound in `tokio::spawn`
   --> /home/adwin/.cargo/registry/src/mirrors.tuna.tsinghua.edu.cn-4dc01642fd091eda/tokio-1.45.1/src/task/spawn.rs:168:21
    |
166 |     pub fn spawn<F>(future: F) -> JoinHandle<F::Output>
    |            ----- required by a bound in this function
167 |     where
168 |         F: Future + Send + 'static,
    |                     ^^^^ required by this bound in `spawn`

error[E0275]: overflow evaluating the requirement `std::pin::Pin<Box<{async block@/home/adwin/.cargo/registry/src/mirrors.tuna.tsinghua.edu.cn-4dc01642fd091eda/songbird-0.5.0/src/manager.rs:419:73: 426:6}>>: CoerceUnsized<std::pin::Pin<Box<dyn futures::Future<Output = ()> + std::marker::Send>>>`
   --> /home/adwin/.cargo/registry/src/mirrors.tuna.tsinghua.edu.cn-4dc01642fd091eda/songbird-0.5.0/src/manager.rs:419:73
    |
419 |       async fn initialise(&self, shard_count: u32, user_id: SerenityUser) {
    |  _________________________________________________________________________^
420 | |         debug!(
421 | |             "Initialising Songbird for Serenity: ID {:?}, {} Shards",
422 | |             user_id, shard_count
...   |
425 | |         debug!("Songbird ({:?}) Initialised!", user_id);
426 | |     }
    | |_____^
    |
    = help: consider increasing the recursion limit by adding a `#![recursion_limit = "256"]` attribute to your crate (`songbird`)
    = note: required for the cast from `Pin<Box<...>>` to `std::pin::Pin<Box<dyn futures::Future<Output = ()> + std::marker::Send>>`
    = note: the full name for the type has been written to '/tmp/nix-shell.uUVugk/AWeirdDev_orange-berd_nktagj59/target/debug/deps/songbird-5270167736f255ef.long-type-13810972593830707364.txt'
    = note: consider using `--verbose` to print the full type name to the console

error[E0275]: overflow evaluating the requirement `std::pin::Pin<Box<{async block@/home/adwin/.cargo/registry/src/mirrors.tuna.tsinghua.edu.cn-4dc01642fd091eda/songbird-0.5.0/src/manager.rs:428:87: 435:6}>>: CoerceUnsized<std::pin::Pin<Box<dyn futures::Future<Output = ()> + std::marker::Send>>>`
   --> /home/adwin/.cargo/registry/src/mirrors.tuna.tsinghua.edu.cn-4dc01642fd091eda/songbird-0.5.0/src/manager.rs:428:87
    |
428 |       async fn register_shard(&self, shard_id: u32, sender: Sender<ShardRunnerMessage>) {
    |  _______________________________________________________________________________________^
429 | |         debug!(
430 | |             "Registering Serenity shard handle {} with Songbird",
431 | |             shard_id
...   |
434 | |         debug!("Registered shard handle {}.", shard_id);
435 | |     }
    | |_____^
    |
    = help: consider increasing the recursion limit by adding a `#![recursion_limit = "256"]` attribute to your crate (`songbird`)
    = note: required for the cast from `Pin<Box<...>>` to `std::pin::Pin<Box<dyn futures::Future<Output = ()> + std::marker::Send>>`
    = note: the full name for the type has been written to '/tmp/nix-shell.uUVugk/AWeirdDev_orange-berd_nktagj59/target/debug/deps/songbird-5270167736f255ef.long-type-17811513819122760994.txt'
    = note: consider using `--verbose` to print the full type name to the console

error[E0275]: overflow evaluating the requirement `std::pin::Pin<Box<{async block@/home/adwin/.cargo/registry/src/mirrors.tuna.tsinghua.edu.cn-4dc01642fd091eda/songbird-0.5.0/src/manager.rs:437:53: 444:6}>>: CoerceUnsized<std::pin::Pin<Box<dyn futures::Future<Output = ()> + std::marker::Send>>>`
   --> /home/adwin/.cargo/registry/src/mirrors.tuna.tsinghua.edu.cn-4dc01642fd091eda/songbird-0.5.0/src/manager.rs:437:53
    |
437 |       async fn deregister_shard(&self, shard_id: u32) {
    |  _____________________________________________________^
438 | |         debug!(
439 | |             "Deregistering Serenity shard handle {} with Songbird",
440 | |             shard_id
...   |
443 | |         debug!("Deregistered shard handle {}.", shard_id);
444 | |     }
    | |_____^
    |
    = help: consider increasing the recursion limit by adding a `#![recursion_limit = "256"]` attribute to your crate (`songbird`)
    = note: required for the cast from `Pin<Box<...>>` to `std::pin::Pin<Box<dyn futures::Future<Output = ()> + std::marker::Send>>`
    = note: the full name for the type has been written to '/tmp/nix-shell.uUVugk/AWeirdDev_orange-berd_nktagj59/target/debug/deps/songbird-5270167736f255ef.long-type-5238309548992092534.txt'
    = note: consider using `--verbose` to print the full type name to the console

error[E0275]: overflow evaluating the requirement `std::pin::Pin<Box<{async block@/home/adwin/.cargo/registry/src/mirrors.tuna.tsinghua.edu.cn-4dc01642fd091eda/songbird-0.5.0/src/manager.rs:446:100: 453:6}>>: CoerceUnsized<std::pin::Pin<Box<dyn futures::Future<Output = ()> + std::marker::Send>>>`
   --> /home/adwin/.cargo/registry/src/mirrors.tuna.tsinghua.edu.cn-4dc01642fd091eda/songbird-0.5.0/src/manager.rs:446:100
    |
446 |       async fn server_update(&self, guild_id: SerenityGuild, endpoint: &Option<String>, token: &str) {
    |  ____________________________________________________________________________________________________^
447 | |         if let Some(call) = self.get(guild_id) {
448 | |             let mut handler = call.lock().await;
449 | |             if let Some(endpoint) = endpoint {
...   |
453 | |     }
    | |_____^
    |
    = help: consider increasing the recursion limit by adding a `#![recursion_limit = "256"]` attribute to your crate (`songbird`)
    = note: required for the cast from `Pin<Box<...>>` to `std::pin::Pin<Box<dyn futures::Future<Output = ()> + std::marker::Send>>`
    = note: the full name for the type has been written to '/tmp/nix-shell.uUVugk/AWeirdDev_orange-berd_nktagj59/target/debug/deps/songbird-5270167736f255ef.long-type-3143947174757964012.txt'
    = note: consider using `--verbose` to print the full type name to the console

error[E0275]: overflow evaluating the requirement `std::pin::Pin<Box<{async block@/home/adwin/.cargo/registry/src/mirrors.tuna.tsinghua.edu.cn-4dc01642fd091eda/songbird-0.5.0/src/manager.rs:455:85: 466:6}>>: CoerceUnsized<std::pin::Pin<Box<dyn futures::Future<Output = ()> + std::marker::Send>>>`
   --> /home/adwin/.cargo/registry/src/mirrors.tuna.tsinghua.edu.cn-4dc01642fd091eda/songbird-0.5.0/src/manager.rs:455:85
    |
455 |       async fn state_update(&self, guild_id: SerenityGuild, voice_state: &VoiceState) {
    |  _____________________________________________________________________________________^
456 | |         if self.client_data.get().map_or(true, |data| {
457 | |             voice_state.user_id.get() != data.user_id.0.get()
458 | |         }) {
...   |
466 | |     }
    | |_____^
    |
    = help: consider increasing the recursion limit by adding a `#![recursion_limit = "256"]` attribute to your crate (`songbird`)
    = note: required for the cast from `Pin<Box<...>>` to `std::pin::Pin<Box<dyn futures::Future<Output = ()> + std::marker::Send>>`
    = note: the full name for the type has been written to '/tmp/nix-shell.uUVugk/AWeirdDev_orange-berd_nktagj59/target/debug/deps/songbird-5270167736f255ef.long-type-11488199554449250193.txt'
    = note: consider using `--verbose` to print the full type name to the console

For more information about this error, try `rustc --explain E0275`.
error: could not compile `songbird` (lib) due to 15 previous errors
