Running as unit: run-p3099811-i15679851.scope; invocation ID: a76fdc2c227d41f992577b25a6106d0b
    Updating `tuna` index
 Downloading crates ...
  Downloaded anthropic v0.0.8 (registry `tuna`)
  Downloaded quick_cache v0.6.10 (registry `tuna`)
  Downloaded async-openai v0.14.3 (registry `tuna`)
  Downloaded async-openai v0.28.0 (registry `tuna`)
  Downloaded tiktoken-rs v0.6.0 (registry `tuna`)
  Downloaded mxlink v1.7.0 (registry `tuna`)
  Downloaded mxidwc v1.0.1 (registry `tuna`)
  Downloaded reqwest-eventsource v0.4.0 (registry `tuna`)
  Downloaded etke_openai_api_rust v0.1.9 (registry `tuna`)
   Compiling proc-macro2 v1.0.93
   Compiling unicode-ident v1.0.17
   Compiling libc v0.2.170
    Checking cfg-if v1.0.0
   Compiling serde v1.0.218
    Checking pin-project-lite v0.2.16
    Checking bytes v1.10.0
    Checking memchr v2.7.4
    Checking once_cell v1.21.1
   Compiling autocfg v1.4.0
   Compiling shlex v1.3.0
    Checking itoa v1.0.14
   Compiling cc v1.2.15
    Checking futures-core v0.3.31
   Compiling version_check v0.9.5
    Checking smallvec v1.14.0
    Checking foldhash v0.1.5
    Checking stable_deref_trait v1.2.0
    Checking tracing-core v0.1.33
    Checking hashbrown v0.15.2
   Compiling typenum v1.18.0
    Checking futures-sink v0.3.31
    Checking fnv v1.0.7
   Compiling generic-array v0.14.7
    Checking equivalent v1.0.2
   Compiling slab v0.4.9
   Compiling quote v1.0.38
    Checking byteorder v1.5.0
    Checking litemap v0.7.5
   Compiling syn v2.0.98
    Checking getrandom v0.2.15
    Checking socket2 v0.5.8
    Checking mio v1.0.3
    Checking writeable v0.5.5
    Checking rand_core v0.6.4
    Checking futures-channel v0.3.31
    Checking futures-io v0.3.31
    Checking icu_locid_transform_data v1.5.0
    Checking subtle v2.6.1
    Checking futures-task v0.3.31
    Checking ryu v1.0.19
    Checking pin-utils v0.1.0
    Checking icu_properties_data v1.5.0
    Checking percent-encoding v2.3.1
    Checking utf8_iter v1.0.4
    Checking icu_normalizer_data v1.5.0
    Checking write16 v1.0.0
    Checking utf16_iter v1.0.5
   Compiling serde_json v1.0.139
    Checking log v0.4.26
    Checking form_urlencoded v1.2.1
    Checking untrusted v0.9.0
    Checking http v1.2.0
   Compiling vcpkg v0.2.15
   Compiling pkg-config v0.3.31
   Compiling getrandom v0.3.1
    Checking unicase v2.8.1
   Compiling ring v0.17.11
   Compiling thiserror v2.0.11
   Compiling httparse v1.10.0
    Checking aho-corasick v1.1.3
    Checking base64 v0.22.1
    Checking regex-syntax v0.8.5
    Checking try-lock v0.2.5
    Checking want v0.3.1
   Compiling winnow v0.7.3
    Checking crypto-common v0.1.6
    Checking tower-service v0.3.3
    Checking openssl-probe v0.1.6
   Compiling semver v1.0.25
    Checking block-buffer v0.10.4
   Compiling ident_case v1.0.1
    Checking cpufeatures v0.2.17
   Compiling thiserror v1.0.69
    Checking digest v0.10.7
   Compiling indexmap v2.7.1
    Checking rustls-pki-types v1.11.0
   Compiling zerocopy v0.8.20
    Checking block-padding v0.3.3
   Compiling openssl-sys v0.9.106
   Compiling mime_guess v2.0.5
    Checking inout v0.1.4
   Compiling typewit_proc_macros v1.8.1
    Checking mime v0.3.17
    Checking typewit v1.11.0
   Compiling num-traits v0.2.19
    Checking regex-automata v0.4.9
    Checking powerfmt v0.2.0
   Compiling js_int v0.2.2
   Compiling rustls v0.23.23
   Compiling anyhow v1.0.96
    Checking deranged v0.3.11
    Checking konst_kernel v0.3.15
   Compiling rustc_version v0.4.1
    Checking http-body v1.0.1
   Compiling either v1.14.0
   Compiling pulldown-cmark v0.13.0
    Checking rand_core v0.9.2
    Checking adler2 v2.0.0
    Checking time-core v0.1.2
   Compiling syn v1.0.109
   Compiling ruma-common v0.15.2
   Compiling openssl v0.10.71
    Checking ipnet v2.11.0
    Checking num-conv v0.1.0
    Checking const_panic v0.2.12
   Compiling paste v1.0.15
    Checking atomic-waker v1.1.2
    Checking foreign-types-shared v0.1.1
    Checking foreign-types v0.3.2
    Checking time v0.3.37
    Checking konst v0.3.16
    Checking miniz_oxide v0.8.5
   Compiling curve25519-dalek v4.1.3
    Checking uuid v1.15.1
   Compiling proc-macro-error-attr2 v2.0.0
    Checking crc32fast v1.4.2
    Checking wildmatch v2.4.0
   Compiling ruma-events v0.30.2
    Checking pulldown-cmark-escape v0.11.0
   Compiling native-tls v0.2.14
    Checking as_variant v1.3.0
    Checking web-time v1.1.0
    Checking lazy_static v1.5.0
    Checking regex v1.11.1
   Compiling proc-macro-error2 v2.0.1
    Checking flate2 v1.1.0
    Checking hmac v0.12.1
   Compiling synstructure v0.13.1
    Checking sha2 v0.10.8
    Checking universal-hash v0.5.1
    Checking http v0.2.12
    Checking minimal-lexical v0.2.1
   Compiling ruma-client-api v0.20.2
    Checking opaque-debug v0.3.1
   Compiling strsim v0.10.0
    Checking bitmaps v3.2.1
   Compiling rustls v0.21.12
    Checking rustls-webpki v0.102.8
    Checking sct v0.7.1
    Checking rustls-webpki v0.101.7
    Checking nom v7.1.3
    Checking poly1305 v0.8.0
    Checking rand_xoshiro v0.7.0
   Compiling itertools v0.14.0
    Checking aead v0.5.2
    Checking maplit v1.0.2
    Checking assign v1.1.1
    Checking date_header v1.0.5
    Checking signature v2.2.0
    Checking imbl-sized-chunks v0.1.3
   Compiling crossbeam-utils v0.8.21
    Checking archery v1.2.1
    Checking http-body v0.4.6
    Checking rmp v0.8.14
    Checking rustls-native-certs v0.8.1
   Compiling libsqlite3-sys v0.31.0
   Compiling blake3 v1.8.1
   Compiling include_dir_macros v0.7.4
    Checking sync_wrapper v1.0.2
    Checking base64 v0.21.7
   Compiling matrix-sdk-common v0.11.0
   Compiling strsim v0.11.1
    Checking tower-layer v0.3.3
   Compiling serde_derive v1.0.218
   Compiling tokio-macros v2.5.0
   Compiling zerofrom-derive v0.1.6
   Compiling yoke-derive v0.7.5
    Checking tokio v1.44.1
   Compiling zerovec-derive v0.10.3
   Compiling tracing-attributes v0.1.28
   Compiling displaydoc v0.2.5
   Compiling zerocopy-derive v0.7.35
   Compiling icu_provider_macros v1.5.0
    Checking zerofrom v0.1.6
   Compiling futures-macro v0.3.31
    Checking yoke v0.7.5
   Compiling zeroize_derive v1.4.2
    Checking zerovec v0.10.4
    Checking tracing v0.1.41
    Checking zerocopy v0.7.35
   Compiling thiserror-impl v2.0.11
    Checking zeroize v1.8.1
   Compiling thiserror-impl v1.0.69
    Checking futures-util v0.3.31
    Checking ppv-lite86 v0.2.20
    Checking tinystr v0.7.6
    Checking icu_collections v1.5.0
    Checking icu_locid v1.5.0
    Checking rand_chacha v0.3.1
    Checking rand v0.8.5
    Checking icu_provider v1.5.0
    Checking cipher v0.4.4
   Compiling ruma-identifiers-validation v0.10.1
    Checking icu_locid_transform v1.5.0
   Compiling async-trait v0.1.86
   Compiling openssl-macros v0.1.1
    Checking icu_properties v1.5.1
   Compiling curve25519-dalek-derive v0.1.1
    Checking chacha20 v0.9.1
    Checking tokio-util v0.7.13
   Compiling darling_core v0.14.4
    Checking chacha20poly1305 v0.10.1
    Checking rand_chacha v0.9.0
    Checking http-body-util v0.1.2
   Compiling prost-derive v0.13.5
    Checking tokio-stream v0.1.17
    Checking httpdate v1.0.3
    Checking rand v0.9.0
    Checking tower v0.5.2
    Checking icu_normalizer v1.5.0
    Checking async-compression v0.4.18
    Checking tokio-rustls v0.24.1
    Checking idna_adapter v1.2.0
    Checking bitflags v2.9.0
    Checking idna v1.0.3
    Checking serde_urlencoded v0.7.1
    Checking url v2.5.4
   Compiling serde_spanned v0.6.8
   Compiling toml_datetime v0.6.8
    Checking js_option v0.1.1
    Checking h2 v0.4.8
    Checking serde_html_form v0.2.7
   Compiling toml_edit v0.22.24
    Checking arrayvec v0.7.6
    Checking h2 v0.3.26
    Checking tokio-rustls v0.26.1
   Compiling darling_macro v0.14.4
    Checking ed25519 v2.2.3
    Checking imbl v5.0.0
    Checking serde_bytes v0.11.15
   Compiling darling v0.14.4
    Checking prost v0.13.5
    Checking rmp-serde v1.3.0
    Checking readlock-tokio v0.1.4
    Checking deadpool-runtime v0.1.4
    Checking aes v0.8.4
    Checking cbc v0.1.2
    Checking eventsource-stream v0.2.3
    Checking x25519-dalek v2.0.1
    Checking ed25519-dalek v2.1.1
   Compiling darling_core v0.20.10
   Compiling include_dir v0.7.4
    Checking rustls-pemfile v1.0.4
    Checking eyeball-im v0.7.0
    Checking pbkdf2 v0.12.2
    Checking hkdf v0.12.4
   Compiling itertools v0.10.5
    Checking rustls-pemfile v2.2.0
    Checking hyper v1.6.0
   Compiling lock_api v0.4.12
    Checking arrayref v0.3.9
    Checking futures-timer v3.0.3
    Checking constant_time_eq v0.3.1
   Compiling decancer v3.2.8
    Checking base64ct v1.6.0
    Checking hyper v0.14.32
    Checking tinyvec_macros v0.1.1
    Checking readlock v0.1.9
   Compiling parking_lot_core v0.9.10
    Checking tokio-native-tls v0.3.1
    Checking eyeball v0.8.8
    Checking tinyvec v1.8.1
   Compiling proc-macro-crate v3.2.0
   Compiling toml v0.8.20
    Checking hyper-util v0.1.10
   Compiling aquamarine v0.6.0
    Checking concurrent-queue v2.5.0
    Checking rustls-native-certs v0.6.3
   Compiling derive_builder_core v0.12.0
    Checking ulid v1.2.0
    Checking ctr v0.9.2
   Compiling ruma-macros v0.15.1
   Compiling matrix-pickle-derive v0.2.1
    Checking hashlink v0.10.0
    Checking num_cpus v1.16.0
   Compiling darling_macro v0.20.10
    Checking instant v0.1.13
    Checking encoding_rs v0.8.35
    Checking parking v2.2.1
    Checking matrix-pickle v0.2.1
    Checking xxhash-rust v0.8.15
    Checking vodozemac v0.9.0
    Checking hyper-rustls v0.24.2
    Checking hyper-tls v0.6.0
    Checking hyper-rustls v0.27.5
    Checking fallible-iterator v0.3.0
    Checking sync_wrapper v0.1.2
    Checking scopeguard v1.2.0
    Checking bs58 v0.5.1
   Compiling rustix v1.0.3
    Checking reqwest v0.12.12
    Checking fallible-streaming-iterator v0.1.9
   Compiling derive_builder_macro v0.12.0
    Checking rusqlite v0.33.0
    Checking growable-bloom-filter v2.1.1
   Compiling darling v0.20.10
    Checking event-listener v5.4.0
    Checking backoff v0.4.0
    Checking deadpool v0.12.2
    Checking matrix-sdk-store-encryption v0.11.0
    Checking reqwest v0.11.27
    Checking unicode-normalization v0.1.24
    Checking deadpool-sync v0.1.4
    Checking futures-executor v0.3.31
   Compiling ahash v0.8.11
    Checking fastrand v2.3.0
    Checking linux-raw-sys v0.9.3
    Checking iana-time-zone v0.1.63
    Checking deadpool-sqlite v0.10.0
    Checking chrono v0.4.40
    Checking futures v0.3.31
    Checking parking_lot v0.12.3
    Checking event-listener-strategy v0.5.3
    Checking derive_builder v0.12.0
   Compiling derive_builder_core v0.20.2
    Checking serde_path_to_error v0.1.17
   Compiling async-stream-impl v0.3.6
    Checking bit-vec v0.6.3
    Checking reqwest-eventsource v0.4.0
    Checking bitflags v1.3.2
    Checking regex-syntax v0.6.29
    Checking base64 v0.13.1
   Compiling matrix-sdk v0.11.0
    Checking ron v0.7.1
    Checking async-stream v0.3.6
    Checking bit-set v0.5.3
    Checking async-channel v2.3.1
    Checking backon v1.5.0
    Checking async-convert v1.0.0
    Checking webpki-roots v0.26.8
    Checking language-tags v0.3.2
    Checking oauth2 v5.0.0
   Compiling derive_builder_macro v0.20.2
    Checking pathdiff v0.2.3
    Checking bytesize v2.0.1
    Checking mime2ext v0.1.53
    Checking hashbrown v0.14.5
    Checking overload v0.1.1
    Checking anymap2 v0.13.0
    Checking urlencoding v2.1.3
    Checking derive_builder v0.20.2
    Checking nu-ansi-term v0.46.0
    Checking config v0.13.4
    Checking ureq v2.12.1
    Checking tempfile v3.19.1
    Checking async-openai v0.14.3
    Checking regex-automata v0.1.10
    Checking quick_cache v0.6.10
    Checking fancy-regex v0.13.0
    Checking reqwest-eventsource v0.6.0
    Checking secrecy v0.10.3
   Compiling async-openai-macros v0.1.0
    Checking sharded-slab v0.1.7
    Checking bstr v1.11.3
    Checking tracing-log v0.2.0
    Checking matchers v0.1.0
    Checking thread_local v1.1.8
    Checking unsafe-libyaml v0.2.11
    Checking rustc-hash v1.1.0
    Checking hex v0.4.3
    Checking etke_openai_api_rust v0.1.9
    Checking async-openai v0.28.0
    Checking anthropic v0.0.8
    Checking tracing-subscriber v0.3.19
    Checking mxidwc v1.0.1
    Checking serde_yaml v0.9.34+deprecated
    Checking tiktoken-rs v0.6.0
    Checking ruma v0.12.2
    Checking matrix-sdk-crypto v0.11.0
    Checking matrix-sdk-base v0.11.0
    Checking matrix-sdk-sqlite v0.11.0
error[E0275]: overflow evaluating the requirement `impl futures_core::Future<Output = std::result::Result<EventWithContextResponse, PaginatorError>>: SendOutsideWasm`
   --> /home/adwin/.cargo/registry/src/mirrors.tuna.tsinghua.edu.cn-4dc01642fd091eda/matrix-sdk-0.11.0/src/event_cache/paginator.rs:427:10
    |
427 |     ) -> Result<EventWithContextResponse, PaginatorError> {
    |          ^^^^^^^^^^^^^^^^^^^^^^^^^^^^^^^^^^^^^^^^^^^^^^^^
    |
    = help: consider increasing the recursion limit by adding a `#![recursion_limit = "256"]` attribute to your crate (`matrix_sdk`)
note: required by a bound in `PaginableRoom::event_with_context::{anon_assoc#0}`
   --> /home/adwin/.cargo/registry/src/mirrors.tuna.tsinghua.edu.cn-4dc01642fd091eda/matrix-sdk-0.11.0/src/event_cache/paginator.rs:412:83
    |
412 |     ) -> impl Future<Output = Result<EventWithContextResponse, PaginatorError>> + SendOutsideWasm;
    |                                                                                   ^^^^^^^^^^^^^^^ required by this bound in `PaginableRoom::event_with_context::{anon_assoc#0}`

error[E0275]: overflow evaluating the requirement `impl futures_core::Future<Output = std::result::Result<room::messages::Messages, PaginatorError>>: SendOutsideWasm`
   --> /home/adwin/.cargo/registry/src/mirrors.tuna.tsinghua.edu.cn-4dc01642fd091eda/matrix-sdk-0.11.0/src/event_cache/paginator.rs:451:56
    |
451 |     async fn messages(&self, opts: MessagesOptions) -> Result<Messages, PaginatorError> {
    |                                                        ^^^^^^^^^^^^^^^^^^^^^^^^^^^^^^^^
    |
    = help: consider increasing the recursion limit by adding a `#![recursion_limit = "256"]` attribute to your crate (`matrix_sdk`)
note: required by a bound in `PaginableRoom::messages::{anon_assoc#0}`
   --> /home/adwin/.cargo/registry/src/mirrors.tuna.tsinghua.edu.cn-4dc01642fd091eda/matrix-sdk-0.11.0/src/event_cache/paginator.rs:418:67
    |
418 |     ) -> impl Future<Output = Result<Messages, PaginatorError>> + SendOutsideWasm;
    |                                                                   ^^^^^^^^^^^^^^^ required by this bound in `PaginableRoom::messages::{anon_assoc#0}`

error[E0283]: type annotations needed
   --> /home/adwin/.cargo/registry/src/mirrors.tuna.tsinghua.edu.cn-4dc01642fd091eda/matrix-sdk-0.11.0/src/encryption/backups/mod.rs:756:21
    |
756 |         self.client.add_event_handler(Self::secret_send_event_handler);
    |                     ^^^^^^^^^^^^^^^^^ cannot infer type of the type parameter `Ev` declared on the method `add_event_handler`
    |
    = note: cannot satisfy `_: SyncEvent`
    = help: the following types implement trait `SyncEvent`:
              AnyGlobalAccountDataEvent
              AnyRoomAccountDataEvent
              AnyStrippedStateEvent
              AnySyncEphemeralRoomEvent
              AnySyncMessageLikeEvent
              AnySyncStateEvent
              AnySyncTimelineEvent
              AnyToDeviceEvent
            and 16 others
note: required by a bound in `client::Client::add_event_handler`
   --> /home/adwin/.cargo/registry/src/mirrors.tuna.tsinghua.edu.cn-4dc01642fd091eda/matrix-sdk-0.11.0/src/client/mod.rs:789:13
    |
787 |     pub fn add_event_handler<Ev, Ctx, H>(&self, handler: H) -> EventHandlerHandle
    |            ----------------- required by a bound in this associated function
788 |     where
789 |         Ev: SyncEvent + DeserializeOwned + SendOutsideWasm + 'static,
    |             ^^^^^^^^^ required by this bound in `Client::add_event_handler`
help: consider specifying the generic arguments
    |
756 |         self.client.add_event_handler::<Ev, Ctx, _>(Self::secret_send_event_handler);
    |                                      ++++++++++++++

error[E0275]: overflow evaluating the requirement `fn(ruma::ruma_events::ToDeviceEvent<ToDeviceSecretSendEventContent>, client::Client) -> impl futures_core::Future<Output = ()> {Backups::secret_send_event_handler}: EventHandler<_, _>`
   --> /home/adwin/.cargo/registry/src/mirrors.tuna.tsinghua.edu.cn-4dc01642fd091eda/matrix-sdk-0.11.0/src/encryption/backups/mod.rs:756:21
    |
756 |         self.client.add_event_handler(Self::secret_send_event_handler);
    |                     ^^^^^^^^^^^^^^^^^
    |
    = help: consider increasing the recursion limit by adding a `#![recursion_limit = "256"]` attribute to your crate (`matrix_sdk`)
note: required by a bound in `client::Client::add_event_handler`
   --> /home/adwin/.cargo/registry/src/mirrors.tuna.tsinghua.edu.cn-4dc01642fd091eda/matrix-sdk-0.11.0/src/client/mod.rs:790:12
    |
787 |     pub fn add_event_handler<Ev, Ctx, H>(&self, handler: H) -> EventHandlerHandle
    |            ----------------- required by a bound in this associated function
...
790 |         H: EventHandler<Ev, Ctx>,
    |            ^^^^^^^^^^^^^^^^^^^^^ required by this bound in `Client::add_event_handler`

error[E0283]: type annotations needed
   --> /home/adwin/.cargo/registry/src/mirrors.tuna.tsinghua.edu.cn-4dc01642fd091eda/matrix-sdk-0.11.0/src/encryption/recovery/mod.rs:550:21
    |
550 |         self.client.add_event_handler(Self::default_key_event_handler);
    |                     ^^^^^^^^^^^^^^^^^ cannot infer type of the type parameter `Ev` declared on the method `add_event_handler`
    |
    = note: cannot satisfy `_: SyncEvent`
    = help: the following types implement trait `SyncEvent`:
              AnyGlobalAccountDataEvent
              AnyRoomAccountDataEvent
              AnyStrippedStateEvent
              AnySyncEphemeralRoomEvent
              AnySyncMessageLikeEvent
              AnySyncStateEvent
              AnySyncTimelineEvent
              AnyToDeviceEvent
            and 16 others
note: required by a bound in `client::Client::add_event_handler`
   --> /home/adwin/.cargo/registry/src/mirrors.tuna.tsinghua.edu.cn-4dc01642fd091eda/matrix-sdk-0.11.0/src/client/mod.rs:789:13
    |
787 |     pub fn add_event_handler<Ev, Ctx, H>(&self, handler: H) -> EventHandlerHandle
    |            ----------------- required by a bound in this associated function
788 |     where
789 |         Ev: SyncEvent + DeserializeOwned + SendOutsideWasm + 'static,
    |             ^^^^^^^^^ required by this bound in `Client::add_event_handler`
help: consider specifying the generic arguments
    |
550 |         self.client.add_event_handler::<Ev, Ctx, _>(Self::default_key_event_handler);
    |                                      ++++++++++++++

error[E0275]: overflow evaluating the requirement `fn(GlobalAccountDataEvent<SecretStorageDefaultKeyEventContent>, client::Client) -> impl futures_core::Future<Output = ()> {Recovery::default_key_event_handler}: EventHandler<_, _>`
   --> /home/adwin/.cargo/registry/src/mirrors.tuna.tsinghua.edu.cn-4dc01642fd091eda/matrix-sdk-0.11.0/src/encryption/recovery/mod.rs:550:21
    |
550 |         self.client.add_event_handler(Self::default_key_event_handler);
    |                     ^^^^^^^^^^^^^^^^^
    |
    = help: consider increasing the recursion limit by adding a `#![recursion_limit = "256"]` attribute to your crate (`matrix_sdk`)
note: required by a bound in `client::Client::add_event_handler`
   --> /home/adwin/.cargo/registry/src/mirrors.tuna.tsinghua.edu.cn-4dc01642fd091eda/matrix-sdk-0.11.0/src/client/mod.rs:790:12
    |
787 |     pub fn add_event_handler<Ev, Ctx, H>(&self, handler: H) -> EventHandlerHandle
    |            ----------------- required by a bound in this associated function
...
790 |         H: EventHandler<Ev, Ctx>,
    |            ^^^^^^^^^^^^^^^^^^^^^ required by this bound in `Client::add_event_handler`

error[E0275]: overflow evaluating the requirement `fn(ruma::ruma_events::ToDeviceEvent<ToDeviceSecretSendEventContent>, client::Client) -> impl futures_core::Future<Output = ()> {Recovery::secret_send_event_handler}: EventHandler<_, _>`
   --> /home/adwin/.cargo/registry/src/mirrors.tuna.tsinghua.edu.cn-4dc01642fd091eda/matrix-sdk-0.11.0/src/encryption/recovery/mod.rs:551:21
    |
551 |         self.client.add_event_handler(Self::secret_send_event_handler);
    |                     ^^^^^^^^^^^^^^^^^
    |
    = help: consider increasing the recursion limit by adding a `#![recursion_limit = "256"]` attribute to your crate (`matrix_sdk`)
note: required by a bound in `client::Client::add_event_handler`
   --> /home/adwin/.cargo/registry/src/mirrors.tuna.tsinghua.edu.cn-4dc01642fd091eda/matrix-sdk-0.11.0/src/client/mod.rs:790:12
    |
787 |     pub fn add_event_handler<Ev, Ctx, H>(&self, handler: H) -> EventHandlerHandle
    |            ----------------- required by a bound in this associated function
...
790 |         H: EventHandler<Ev, Ctx>,
    |            ^^^^^^^^^^^^^^^^^^^^^ required by this bound in `Client::add_event_handler`

error[E0275]: overflow evaluating the requirement `impl futures_core::Future<Output = std::result::Result<TimelineEvent, error::Error>>: SendOutsideWasm`
    --> /home/adwin/.cargo/registry/src/mirrors.tuna.tsinghua.edu.cn-4dc01642fd091eda/matrix-sdk-0.11.0/src/room/mod.rs:3824:54
     |
3824 |     async fn get_event(&self, event_id: &EventId) -> Result<TimelineEvent, Error> {
     |                                                      ^^^^^^^^^^^^^^^^^^^^^^^^^^^^
     |
     = help: consider increasing the recursion limit by adding a `#![recursion_limit = "256"]` attribute to your crate (`matrix_sdk`)
note: required by a bound in `EventSource::get_event::{anon_assoc#0}`
    --> /home/adwin/.cargo/registry/src/mirrors.tuna.tsinghua.edu.cn-4dc01642fd091eda/matrix-sdk-0.11.0/src/room/mod.rs:3820:63
     |
3820 |     ) -> impl Future<Output = Result<TimelineEvent, Error>> + SendOutsideWasm;
     |                                                               ^^^^^^^^^^^^^^^ required by this bound in `EventSource::get_event::{anon_assoc#0}`

error[E0275]: overflow evaluating the requirement `std::pin::Pin<Box<impl futures_core::Future<Output = std::result::Result<ruma::api::ruma_client_api::session::login::v3::Response, error::Error>>>>: CoerceUnsized<std::pin::Pin<...>>`
   --> /home/adwin/.cargo/registry/src/mirrors.tuna.tsinghua.edu.cn-4dc01642fd091eda/matrix-sdk-0.11.0/src/authentication/matrix/login_builder.rs:206:9
    |
206 |         Box::pin(self.send())
    |         ^^^^^^^^^^^^^^^^^^^^^
    |
    = help: consider increasing the recursion limit by adding a `#![recursion_limit = "256"]` attribute to your crate (`matrix_sdk`)
    = note: required for the cast from `Pin<Box<impl Future<Output = Result<Response, Error>>>>` to `Pin<Box<dyn Future<Output = Result<Response, Error>> + Send>>`
    = note: the full name for the type has been written to '/getea/tmp/crater-spurious/baibot-1.6.0/target/debug/deps/matrix_sdk-985ea392a23105e2.long-type-914904315983052203.txt'
    = note: consider using `--verbose` to print the full type name to the console

error[E0275]: overflow evaluating the requirement `impl futures_core::Future<Output = ()>: std::marker::Send`
   --> /home/adwin/.cargo/registry/src/mirrors.tuna.tsinghua.edu.cn-4dc01642fd091eda/matrix-sdk-0.11.0/src/encryption/mod.rs:153:33
    |
153 |         let join_handle = spawn(future);
    |                           ----- ^^^^^^
    |                           |
    |                           required by a bound introduced by this call
    |
    = help: consider increasing the recursion limit by adding a `#![recursion_limit = "256"]` attribute to your crate (`matrix_sdk`)
note: required by a bound in `tokio::spawn`
   --> /home/adwin/.cargo/registry/src/mirrors.tuna.tsinghua.edu.cn-4dc01642fd091eda/tokio-1.44.1/src/task/spawn.rs:168:21
    |
166 |     pub fn spawn<F>(future: F) -> JoinHandle<F::Output>
    |            ----- required by a bound in this function
167 |     where
168 |         F: Future + Send + 'static,
    |                     ^^^^ required by this bound in `spawn`

error[E0275]: overflow evaluating the requirement `impl futures_core::Future<Output = ()>: std::marker::Send`
   --> /home/adwin/.cargo/registry/src/mirrors.tuna.tsinghua.edu.cn-4dc01642fd091eda/matrix-sdk-0.11.0/src/event_cache/mod.rs:198:45
    |
198 |               let listen_updates_task = spawn(Self::listen_task(
    |  _______________________________________-----_^
    | |                                       |
    | |                                       required by a bound introduced by this call
199 | |                 self.inner.clone(),
200 | |                 client.subscribe_to_all_room_updates(),
201 | |             ));
    | |_____________^
    |
    = help: consider increasing the recursion limit by adding a `#![recursion_limit = "256"]` attribute to your crate (`matrix_sdk`)
note: required by a bound in `tokio::spawn`
   --> /home/adwin/.cargo/registry/src/mirrors.tuna.tsinghua.edu.cn-4dc01642fd091eda/tokio-1.44.1/src/task/spawn.rs:168:21
    |
166 |     pub fn spawn<F>(future: F) -> JoinHandle<F::Output>
    |            ----- required by a bound in this function
167 |     where
168 |         F: Future + Send + 'static,
    |                     ^^^^ required by this bound in `spawn`

error[E0275]: overflow evaluating the requirement `impl futures_core::Future<Output = ()>: std::marker::Send`
   --> /home/adwin/.cargo/registry/src/mirrors.tuna.tsinghua.edu.cn-4dc01642fd091eda/matrix-sdk-0.11.0/src/event_cache/mod.rs:203:54
    |
203 |               let ignore_user_list_update_task = spawn(Self::ignore_user_list_update_task(
    |  ________________________________________________-----_^
    | |                                                |
    | |                                                required by a bound introduced by this call
204 | |                 self.inner.clone(),
205 | |                 client.subscribe_to_ignore_user_list_changes(),
206 | |             ));
    | |_____________^
    |
    = help: consider increasing the recursion limit by adding a `#![recursion_limit = "256"]` attribute to your crate (`matrix_sdk`)
note: required by a bound in `tokio::spawn`
   --> /home/adwin/.cargo/registry/src/mirrors.tuna.tsinghua.edu.cn-4dc01642fd091eda/tokio-1.44.1/src/task/spawn.rs:168:21
    |
166 |     pub fn spawn<F>(future: F) -> JoinHandle<F::Output>
    |            ----- required by a bound in this function
167 |     where
168 |         F: Future + Send + 'static,
    |                     ^^^^ required by this bound in `spawn`

error[E0275]: overflow evaluating the requirement `impl futures_core::Future<Output = ()>: std::marker::Send`
   --> /home/adwin/.cargo/registry/src/mirrors.tuna.tsinghua.edu.cn-4dc01642fd091eda/matrix-sdk-0.11.0/src/event_cache/mod.rs:214:23
    |
214 |                 spawn(Self::auto_shrink_linked_chunk_task(self.inner.clone(), rx));
    |                 ----- ^^^^^^^^^^^^^^^^^^^^^^^^^^^^^^^^^^^^^^^^^^^^^^^^^^^^^^^^^^^
    |                 |
    |                 required by a bound introduced by this call
    |
    = help: consider increasing the recursion limit by adding a `#![recursion_limit = "256"]` attribute to your crate (`matrix_sdk`)
note: required by a bound in `tokio::spawn`
   --> /home/adwin/.cargo/registry/src/mirrors.tuna.tsinghua.edu.cn-4dc01642fd091eda/tokio-1.44.1/src/task/spawn.rs:168:21
    |
166 |     pub fn spawn<F>(future: F) -> JoinHandle<F::Output>
    |            ----- required by a bound in this function
167 |     where
168 |         F: Future + Send + 'static,
    |                     ^^^^ required by this bound in `spawn`

error[E0275]: overflow evaluating the requirement `impl futures_core::Future<Output = ()>: std::marker::Send`
   --> /home/adwin/.cargo/registry/src/mirrors.tuna.tsinghua.edu.cn-4dc01642fd091eda/matrix-sdk-0.11.0/src/send_queue/mod.rs:399:26
    |
399 |           let task = spawn(Self::sending_task(
    |  ____________________-----_^
    | |                    |
    | |                    required by a bound introduced by this call
400 | |             weak_room.clone(),
401 | |             queue.clone(),
402 | |             notifier.clone(),
...   |
406 | |             is_dropping,
407 | |         ));
    | |_________^
    |
    = help: consider increasing the recursion limit by adding a `#![recursion_limit = "256"]` attribute to your crate (`matrix_sdk`)
note: required by a bound in `tokio::spawn`
   --> /home/adwin/.cargo/registry/src/mirrors.tuna.tsinghua.edu.cn-4dc01642fd091eda/tokio-1.44.1/src/task/spawn.rs:168:21
    |
166 |     pub fn spawn<F>(future: F) -> JoinHandle<F::Output>
    |            ----- required by a bound in this function
167 |     where
168 |         F: Future + Send + 'static,
    |                     ^^^^ required by this bound in `spawn`

error[E0275]: overflow evaluating the requirement `std::pin::Pin<Box<{async block@/home/adwin/.cargo/registry/src/mirrors.tuna.tsinghua.edu.cn-4dc01642fd091eda/matrix-sdk-0.11.0/src/authentication/oauth/qrcode/login.rs:107:18: 107:28}>>: CoerceUnsized<std::pin::Pin<Box<dyn futures_core::Future<Output = std::result::Result<(), ...>> + std::marker::Send>>>`
   --> /home/adwin/.cargo/registry/src/mirrors.tuna.tsinghua.edu.cn-4dc01642fd091eda/matrix-sdk-0.11.0/src/authentication/oauth/qrcode/login.rs:107:9
    |
107 | /         Box::pin(async move {
...   |
265 | |             Ok(())
266 | |         })
    | |__________^
    |
    = help: consider increasing the recursion limit by adding a `#![recursion_limit = "256"]` attribute to your crate (`matrix_sdk`)
    = note: required for the cast from `Pin<Box<...>>` to `Pin<Box<dyn Future<Output = Result<(), QRCodeLoginError>> + Send>>`
    = note: the full name for the type has been written to '/getea/tmp/crater-spurious/baibot-1.6.0/target/debug/deps/matrix_sdk-985ea392a23105e2.long-type-13470355471192555360.txt'
    = note: consider using `--verbose` to print the full type name to the console

error[E0275]: overflow evaluating the requirement `std::pin::Pin<Box<{async block@/home/adwin/.cargo/registry/src/mirrors.tuna.tsinghua.edu.cn-4dc01642fd091eda/matrix-sdk-0.11.0/src/client/futures.rs:86:18: 86:28}>>: CoerceUnsized<std::pin::Pin<Box<dyn futures_core::Future<Output = std::result::Result<..., ...>> + std::marker::Send>>>`
   --> /home/adwin/.cargo/registry/src/mirrors.tuna.tsinghua.edu.cn-4dc01642fd091eda/matrix-sdk-0.11.0/src/client/futures.rs:86:9
    |
 86 | /         Box::pin(async move {
 87 | |             let res =
 88 | |                 Box::pin(client.send_inner(request.clone(), config, send_progress.clone())).await;
...   |
148 | |             res
149 | |         })
    | |__________^
    |
    = help: consider increasing the recursion limit by adding a `#![recursion_limit = "256"]` attribute to your crate (`matrix_sdk`)
    = note: required for the cast from `Pin<Box<...>>` to `Pin<Box<dyn Future<Output = Result<..., ...>> + Send>>`
    = note: the full name for the type has been written to '/getea/tmp/crater-spurious/baibot-1.6.0/target/debug/deps/matrix_sdk-985ea392a23105e2.long-type-11813612065225745208.txt'
    = note: consider using `--verbose` to print the full type name to the console

error[E0275]: overflow evaluating the requirement `std::pin::Pin<Box<Instrumented<{async block@/home/adwin/.cargo/registry/src/mirrors.tuna.tsinghua.edu.cn-4dc01642fd091eda/matrix-sdk-0.11.0/src/encryption/recovery/futures.rs:89:22: 89:32}>>>: CoerceUnsized<std::pin::Pin<Box<dyn futures_core::Future<Output = ...> + std::marker::Send>>>`
   --> /home/adwin/.cargo/registry/src/mirrors.tuna.tsinghua.edu.cn-4dc01642fd091eda/matrix-sdk-0.11.0/src/encryption/recovery/futures.rs:154:9
    |
154 |         Box::pin(future.instrument(tracing_span))
    |         ^^^^^^^^^^^^^^^^^^^^^^^^^^^^^^^^^^^^^^^^^
    |
    = help: consider increasing the recursion limit by adding a `#![recursion_limit = "256"]` attribute to your crate (`matrix_sdk`)
    = note: required for the cast from `Pin<Box<Instrumented<...>>>` to `Pin<Box<dyn Future<Output = Result<String, RecoveryError>> + Send>>`
    = note: the full name for the type has been written to '/getea/tmp/crater-spurious/baibot-1.6.0/target/debug/deps/matrix_sdk-985ea392a23105e2.long-type-8409362805429323156.txt'
    = note: consider using `--verbose` to print the full type name to the console

error[E0275]: overflow evaluating the requirement `std::pin::Pin<Box<Instrumented<{async block@/home/adwin/.cargo/registry/src/mirrors.tuna.tsinghua.edu.cn-4dc01642fd091eda/matrix-sdk-0.11.0/src/encryption/recovery/futures.rs:188:22: 188:32}>>>: CoerceUnsized<std::pin::Pin<Box<dyn futures_core::Future<Output = ...> + std::marker::Send>>>`
   --> /home/adwin/.cargo/registry/src/mirrors.tuna.tsinghua.edu.cn-4dc01642fd091eda/matrix-sdk-0.11.0/src/encryption/recovery/futures.rs:203:9
    |
203 |         Box::pin(future.instrument(tracing_span))
    |         ^^^^^^^^^^^^^^^^^^^^^^^^^^^^^^^^^^^^^^^^^
    |
    = help: consider increasing the recursion limit by adding a `#![recursion_limit = "256"]` attribute to your crate (`matrix_sdk`)
    = note: required for the cast from `Pin<Box<Instrumented<...>>>` to `Pin<Box<dyn Future<Output = Result<String, RecoveryError>> + Send>>`
    = note: the full name for the type has been written to '/getea/tmp/crater-spurious/baibot-1.6.0/target/debug/deps/matrix_sdk-985ea392a23105e2.long-type-4830842267744206120.txt'
    = note: consider using `--verbose` to print the full type name to the console

error[E0275]: overflow evaluating the requirement `std::pin::Pin<Box<Instrumented<{async block@/home/adwin/.cargo/registry/src/mirrors.tuna.tsinghua.edu.cn-4dc01642fd091eda/matrix-sdk-0.11.0/src/encryption/recovery/futures.rs:238:22: 238:32}>>>: CoerceUnsized<std::pin::Pin<Box<dyn futures_core::Future<Output = ...> + std::marker::Send>>>`
   --> /home/adwin/.cargo/registry/src/mirrors.tuna.tsinghua.edu.cn-4dc01642fd091eda/matrix-sdk-0.11.0/src/encryption/recovery/futures.rs:250:9
    |
250 |         Box::pin(future.instrument(tracing_span))
    |         ^^^^^^^^^^^^^^^^^^^^^^^^^^^^^^^^^^^^^^^^^
    |
    = help: consider increasing the recursion limit by adding a `#![recursion_limit = "256"]` attribute to your crate (`matrix_sdk`)
    = note: required for the cast from `Pin<Box<Instrumented<...>>>` to `Pin<Box<dyn Future<Output = Result<String, RecoveryError>> + Send>>`
    = note: the full name for the type has been written to '/getea/tmp/crater-spurious/baibot-1.6.0/target/debug/deps/matrix_sdk-985ea392a23105e2.long-type-1930716976081322487.txt'
    = note: consider using `--verbose` to print the full type name to the console

error[E0275]: overflow evaluating the requirement `std::pin::Pin<Box<{async block@/home/adwin/.cargo/registry/src/mirrors.tuna.tsinghua.edu.cn-4dc01642fd091eda/matrix-sdk-0.11.0/src/encryption/secret_storage/futures.rs:52:18: 52:28}>>: CoerceUnsized<std::pin::Pin<Box<dyn futures_core::Future<Output = std::result::Result<..., ...>> + std::marker::Send>>>`
  --> /home/adwin/.cargo/registry/src/mirrors.tuna.tsinghua.edu.cn-4dc01642fd091eda/matrix-sdk-0.11.0/src/encryption/secret_storage/futures.rs:52:9
   |
52 | /         Box::pin(async move {
...  |
78 | |             Ok(store)
79 | |         })
   | |__________^
   |
   = help: consider increasing the recursion limit by adding a `#![recursion_limit = "256"]` attribute to your crate (`matrix_sdk`)
   = note: required for the cast from `Pin<Box<...>>` to `Pin<Box<dyn Future<Output = Result<SecretStore, SecretStorageError>> + Send>>`
   = note: the full name for the type has been written to '/getea/tmp/crater-spurious/baibot-1.6.0/target/debug/deps/matrix_sdk-985ea392a23105e2.long-type-4134927480818236607.txt'
   = note: consider using `--verbose` to print the full type name to the console

error[E0275]: overflow evaluating the requirement `{async block@/home/adwin/.cargo/registry/src/mirrors.tuna.tsinghua.edu.cn-4dc01642fd091eda/matrix-sdk-0.11.0/src/encryption/tasks.rs:70:33: 70:43}: std::marker::Send`
   --> /home/adwin/.cargo/registry/src/mirrors.tuna.tsinghua.edu.cn-4dc01642fd091eda/matrix-sdk-0.11.0/src/encryption/tasks.rs:70:27
    |
 70 |           let join_handle = spawn(async move {
    |  ___________________________^
 71 | |             Self::listen(client, receiver).await;
 72 | |         });
    | |__________^
    |
    = help: consider increasing the recursion limit by adding a `#![recursion_limit = "256"]` attribute to your crate (`matrix_sdk`)
note: required by a bound in `tokio::spawn`
   --> /home/adwin/.cargo/registry/src/mirrors.tuna.tsinghua.edu.cn-4dc01642fd091eda/tokio-1.44.1/src/task/spawn.rs:168:21
    |
166 |     pub fn spawn<F>(future: F) -> JoinHandle<F::Output>
    |            ----- required by a bound in this function
167 |     where
168 |         F: Future + Send + 'static,
    |                     ^^^^ required by this bound in `spawn`

error[E0275]: overflow evaluating the requirement `{async block@/home/adwin/.cargo/registry/src/mirrors.tuna.tsinghua.edu.cn-4dc01642fd091eda/matrix-sdk-0.11.0/src/encryption/tasks.rs:149:33: 149:43}: std::marker::Send`
   --> /home/adwin/.cargo/registry/src/mirrors.tuna.tsinghua.edu.cn-4dc01642fd091eda/matrix-sdk-0.11.0/src/encryption/tasks.rs:149:27
    |
149 |           let join_handle = spawn(async move {
    |  ___________________________^
150 | |             Self::listen(client, receiver).await;
151 | |         });
    | |__________^
    |
    = help: consider increasing the recursion limit by adding a `#![recursion_limit = "256"]` attribute to your crate (`matrix_sdk`)
note: required by a bound in `tokio::spawn`
   --> /home/adwin/.cargo/registry/src/mirrors.tuna.tsinghua.edu.cn-4dc01642fd091eda/tokio-1.44.1/src/task/spawn.rs:168:21
    |
166 |     pub fn spawn<F>(future: F) -> JoinHandle<F::Output>
    |            ----- required by a bound in this function
167 |     where
168 |         F: Future + Send + 'static,
    |                     ^^^^ required by this bound in `spawn`

error[E0275]: overflow evaluating the requirement `{async block@/home/adwin/.cargo/registry/src/mirrors.tuna.tsinghua.edu.cn-4dc01642fd091eda/matrix-sdk-0.11.0/src/encryption/mod.rs:1649:39: 1649:49}: std::marker::Send`
    --> /home/adwin/.cargo/registry/src/mirrors.tuna.tsinghua.edu.cn-4dc01642fd091eda/matrix-sdk-0.11.0/src/encryption/mod.rs:1649:33
     |
1649 |           tasks.setup_e2ee = Some(spawn(async move {
     |  _________________________________^
1650 | |             // Update the current state first, so we don't have to wait for the result of
1651 | |             // network requests
1652 | |             this.update_verification_state().await;
...    |
1666 | |         }));
     | |__________^
     |
     = help: consider increasing the recursion limit by adding a `#![recursion_limit = "256"]` attribute to your crate (`matrix_sdk`)
note: required by a bound in `tokio::spawn`
    --> /home/adwin/.cargo/registry/src/mirrors.tuna.tsinghua.edu.cn-4dc01642fd091eda/tokio-1.44.1/src/task/spawn.rs:168:21
     |
 166 |     pub fn spawn<F>(future: F) -> JoinHandle<F::Output>
     |            ----- required by a bound in this function
 167 |     where
 168 |         F: Future + Send + 'static,
     |                     ^^^^ required by this bound in `spawn`

error[E0275]: overflow evaluating the requirement `std::pin::Pin<Box<Instrumented<{async block@/home/adwin/.cargo/registry/src/mirrors.tuna.tsinghua.edu.cn-4dc01642fd091eda/matrix-sdk-0.11.0/src/room/futures.rs:171:19: 171:29}>>>: CoerceUnsized<std::pin::Pin<Box<dyn futures_core::Future<Output = ...> + std::marker::Send>>>`
   --> /home/adwin/.cargo/registry/src/mirrors.tuna.tsinghua.edu.cn-4dc01642fd091eda/matrix-sdk-0.11.0/src/room/futures.rs:235:9
    |
235 |         Box::pin(fut.instrument(tracing_span))
    |         ^^^^^^^^^^^^^^^^^^^^^^^^^^^^^^^^^^^^^^
    |
    = help: consider increasing the recursion limit by adding a `#![recursion_limit = "256"]` attribute to your crate (`matrix_sdk`)
    = note: required for the cast from `Pin<Box<Instrumented<...>>>` to `Pin<Box<dyn Future<Output = Result<Response, Error>> + Send>>`
    = note: the full name for the type has been written to '/getea/tmp/crater-spurious/baibot-1.6.0/target/debug/deps/matrix_sdk-985ea392a23105e2.long-type-3157269350766279387.txt'
    = note: consider using `--verbose` to print the full type name to the console

error[E0275]: overflow evaluating the requirement `std::pin::Pin<Box<Instrumented<{async block@/home/adwin/.cargo/registry/src/mirrors.tuna.tsinghua.edu.cn-4dc01642fd091eda/matrix-sdk-0.11.0/src/room/futures.rs:307:19: 307:29}>>>: CoerceUnsized<std::pin::Pin<Box<dyn futures_core::Future<Output = ...> + std::marker::Send>>>`
   --> /home/adwin/.cargo/registry/src/mirrors.tuna.tsinghua.edu.cn-4dc01642fd091eda/matrix-sdk-0.11.0/src/room/futures.rs:319:9
    |
319 |         Box::pin(fut.instrument(tracing_span))
    |         ^^^^^^^^^^^^^^^^^^^^^^^^^^^^^^^^^^^^^^
    |
    = help: consider increasing the recursion limit by adding a `#![recursion_limit = "256"]` attribute to your crate (`matrix_sdk`)
    = note: required for the cast from `Pin<Box<Instrumented<...>>>` to `Pin<Box<dyn Future<Output = Result<Response, Error>> + Send>>`
    = note: the full name for the type has been written to '/getea/tmp/crater-spurious/baibot-1.6.0/target/debug/deps/matrix_sdk-985ea392a23105e2.long-type-14037021878562040361.txt'
    = note: consider using `--verbose` to print the full type name to the console

error[E0275]: overflow evaluating the requirement `{async block@/home/adwin/.cargo/registry/src/mirrors.tuna.tsinghua.edu.cn-4dc01642fd091eda/matrix-sdk-0.11.0/src/room/mod.rs:1755:45: 1755:55}: SendOutsideWasm`
    --> /home/adwin/.cargo/registry/src/mirrors.tuna.tsinghua.edu.cn-4dc01642fd091eda/matrix-sdk-0.11.0/src/room/mod.rs:1755:14
     |
1755 |             .run(self.room_id().to_owned(), async move {
     |              ^^^
     |
     = help: consider increasing the recursion limit by adding a `#![recursion_limit = "256"]` attribute to your crate (`matrix_sdk`)
note: required by a bound in `DeduplicatingHandler::<Key>::run`
    --> /home/adwin/.cargo/registry/src/mirrors.tuna.tsinghua.edu.cn-4dc01642fd091eda/matrix-sdk-0.11.0/src/deduplicating_handler.rs:69:59
     |
  69 |     pub async fn run<'a, F: Future<Output = Result<()>> + SendOutsideWasm + 'a>(
     |                                                           ^^^^^^^^^^^^^^^ required by this bound in `DeduplicatingHandler::<Key>::run`

error[E0275]: overflow evaluating the requirement `impl futures_core::Future<Output = std::result::Result<(), error::Error>> well-formed`
    --> /home/adwin/.cargo/registry/src/mirrors.tuna.tsinghua.edu.cn-4dc01642fd091eda/matrix-sdk-0.11.0/src/room/mod.rs:1752:9
     |
1752 | /         self.client
1753 | |             .locks()
1754 | |             .group_session_deduplicated_handler
1755 | |             .run(self.room_id().to_owned(), async move {
...    |
1778 | |                 Ok(())
1779 | |             })
     | |______________^
     |
     = help: consider increasing the recursion limit by adding a `#![recursion_limit = "256"]` attribute to your crate (`matrix_sdk`)

error[E0275]: overflow evaluating the requirement `impl futures_core::Future<Output = std::result::Result<(), error::Error>> well-formed`
    --> /home/adwin/.cargo/registry/src/mirrors.tuna.tsinghua.edu.cn-4dc01642fd091eda/matrix-sdk-0.11.0/src/room/mod.rs:1755:14
     |
1755 |             .run(self.room_id().to_owned(), async move {
     |              ^^^
     |
     = help: consider increasing the recursion limit by adding a `#![recursion_limit = "256"]` attribute to your crate (`matrix_sdk`)

error[E0275]: overflow evaluating the requirement `<impl futures_core::Future<Output = std::result::Result<(), error::Error>> as std::future::IntoFuture>::IntoFuture well-formed`
    --> /home/adwin/.cargo/registry/src/mirrors.tuna.tsinghua.edu.cn-4dc01642fd091eda/matrix-sdk-0.11.0/src/room/mod.rs:1780:14
     |
1780 |             .await
     |              ^^^^^
     |
     = help: consider increasing the recursion limit by adding a `#![recursion_limit = "256"]` attribute to your crate (`matrix_sdk`)

error[E0275]: overflow evaluating the requirement `impl futures_core::Future<Output = std::result::Result<(), error::Error>> well-formed`
    --> /home/adwin/.cargo/registry/src/mirrors.tuna.tsinghua.edu.cn-4dc01642fd091eda/matrix-sdk-0.11.0/src/room/mod.rs:1780:14
     |
1780 |             .await
     |              ^^^^^
     |
     = help: consider increasing the recursion limit by adding a `#![recursion_limit = "256"]` attribute to your crate (`matrix_sdk`)

error[E0275]: overflow evaluating the requirement `std::pin::Pin<&mut impl futures_core::Future<Output = std::result::Result<(), error::Error>>> well-formed`
    --> /home/adwin/.cargo/registry/src/mirrors.tuna.tsinghua.edu.cn-4dc01642fd091eda/matrix-sdk-0.11.0/src/room/mod.rs:1780:14
     |
1780 |             .await
     |              ^^^^^
     |
     = help: consider increasing the recursion limit by adding a `#![recursion_limit = "256"]` attribute to your crate (`matrix_sdk`)

error[E0275]: overflow evaluating the requirement `&mut impl futures_core::Future<Output = std::result::Result<(), error::Error>> well-formed`
    --> /home/adwin/.cargo/registry/src/mirrors.tuna.tsinghua.edu.cn-4dc01642fd091eda/matrix-sdk-0.11.0/src/room/mod.rs:1780:14
     |
1780 |             .await
     |              ^^^^^
     |
     = help: consider increasing the recursion limit by adding a `#![recursion_limit = "256"]` attribute to your crate (`matrix_sdk`)

error[E0275]: overflow evaluating the requirement `Poll<<impl futures_core::Future<Output = std::result::Result<(), error::Error>> as futures_core::Future>::Output> well-formed`
    --> /home/adwin/.cargo/registry/src/mirrors.tuna.tsinghua.edu.cn-4dc01642fd091eda/matrix-sdk-0.11.0/src/room/mod.rs:1780:14
     |
1780 |             .await
     |              ^^^^^
     |
     = help: consider increasing the recursion limit by adding a `#![recursion_limit = "256"]` attribute to your crate (`matrix_sdk`)

error[E0275]: overflow evaluating the requirement `std::pin::Pin<Box<{async block@/home/adwin/.cargo/registry/src/mirrors.tuna.tsinghua.edu.cn-4dc01642fd091eda/matrix-sdk-0.11.0/src/room/mod.rs:3539:18: 3539:23}>>: CoerceUnsized<std::pin::Pin<Box<dyn futures_core::Future<Output = bool> + std::marker::Send>>>`
    --> /home/adwin/.cargo/registry/src/mirrors.tuna.tsinghua.edu.cn-4dc01642fd091eda/matrix-sdk-0.11.0/src/room/mod.rs:3539:9
     |
3539 |         Box::pin(async { self.get_member(user_id).await.unwrap_or(None).is_some() })
     |         ^^^^^^^^^^^^^^^^^^^^^^^^^^^^^^^^^^^^^^^^^^^^^^^^^^^^^^^^^^^^^^^^^^^^^^^^^^^^
     |
     = help: consider increasing the recursion limit by adding a `#![recursion_limit = "256"]` attribute to your crate (`matrix_sdk`)
     = note: required for the cast from `Pin<Box<...>>` to `std::pin::Pin<Box<dyn futures_core::Future<Output = bool> + std::marker::Send>>`
     = note: the full name for the type has been written to '/getea/tmp/crater-spurious/baibot-1.6.0/target/debug/deps/matrix_sdk-985ea392a23105e2.long-type-16308573285180416983.txt'
     = note: consider using `--verbose` to print the full type name to the console

error[E0275]: overflow evaluating the requirement `std::pin::Pin<Box<{async block@/home/adwin/.cargo/registry/src/mirrors.tuna.tsinghua.edu.cn-4dc01642fd091eda/matrix-sdk-0.11.0/src/room/mod.rs:3543:18: 3543:23}>>: CoerceUnsized<std::pin::Pin<Box<dyn futures_core::Future<Output = Vec<...>> + std::marker::Send>>>`
    --> /home/adwin/.cargo/registry/src/mirrors.tuna.tsinghua.edu.cn-4dc01642fd091eda/matrix-sdk-0.11.0/src/room/mod.rs:3543:9
     |
3543 | /         Box::pin(async {
3544 | |             let members = self
3545 | |                 .members(RoomMemberships::JOIN | RoomMemberships::INVITE)
3546 | |                 .await
...    |
3555 | |             ret
3556 | |         })
     | |__________^
     |
     = help: consider increasing the recursion limit by adding a `#![recursion_limit = "256"]` attribute to your crate (`matrix_sdk`)
     = note: required for the cast from `Pin<Box<...>>` to `Pin<Box<dyn Future<Output = Vec<UserIdentity>> + Send>>`
     = note: the full name for the type has been written to '/getea/tmp/crater-spurious/baibot-1.6.0/target/debug/deps/matrix_sdk-985ea392a23105e2.long-type-10529187933878599284.txt'
     = note: consider using `--verbose` to print the full type name to the console

error[E0275]: overflow evaluating the requirement `Instrumented<{async block@/home/adwin/.cargo/registry/src/mirrors.tuna.tsinghua.edu.cn-4dc01642fd091eda/matrix-sdk-0.11.0/src/sliding_sync/mod.rs:580:21: 580:31}>: std::marker::Send`
   --> /home/adwin/.cargo/registry/src/mirrors.tuna.tsinghua.edu.cn-4dc01642fd091eda/matrix-sdk-0.11.0/src/sliding_sync/mod.rs:579:36
    |
579 |                   let e2ee_uploads = spawn(
    |  ____________________________________^
580 | |                     async move {
581 | |                         if let Err(error) = client.send_outgoing_requests().await {
582 | |                             error!(?error, "Error while sending outgoing E2EE requests");
...   |
585 | |                     .instrument(Span::current()),
586 | |                 )
    | |_________________^
    |
    = help: consider increasing the recursion limit by adding a `#![recursion_limit = "256"]` attribute to your crate (`matrix_sdk`)
note: required by a bound in `tokio::spawn`
   --> /home/adwin/.cargo/registry/src/mirrors.tuna.tsinghua.edu.cn-4dc01642fd091eda/tokio-1.44.1/src/task/spawn.rs:168:21
    |
166 |     pub fn spawn<F>(future: F) -> JoinHandle<F::Output>
    |            ----- required by a bound in this function
167 |     where
168 |         F: Future + Send + 'static,
    |                     ^^^^ required by this bound in `spawn`

error[E0275]: overflow evaluating the requirement `Instrumented<{async block@/home/adwin/.cargo/registry/src/mirrors.tuna.tsinghua.edu.cn-4dc01642fd091eda/matrix-sdk-0.11.0/src/sliding_sync/mod.rs:628:22: 628:32}>: std::marker::Send`
   --> /home/adwin/.cargo/registry/src/mirrors.tuna.tsinghua.edu.cn-4dc01642fd091eda/matrix-sdk-0.11.0/src/sliding_sync/mod.rs:651:9
    |
651 |         spawn(future.instrument(Span::current())).await.unwrap()
    |         ^^^^^^^^^^^^^^^^^^^^^^^^^^^^^^^^^^^^^^^^^
    |
    = help: consider increasing the recursion limit by adding a `#![recursion_limit = "256"]` attribute to your crate (`matrix_sdk`)
note: required by a bound in `tokio::spawn`
   --> /home/adwin/.cargo/registry/src/mirrors.tuna.tsinghua.edu.cn-4dc01642fd091eda/tokio-1.44.1/src/task/spawn.rs:168:21
    |
166 |     pub fn spawn<F>(future: F) -> JoinHandle<F::Output>
    |            ----- required by a bound in this function
167 |     where
168 |         F: Future + Send + 'static,
    |                     ^^^^ required by this bound in `spawn`

Some errors have detailed explanations: E0275, E0283.
For more information about an error, try `rustc --explain E0275`.
error: could not compile `matrix-sdk` (lib) due to 37 previous errors
