Running as unit: run-p1597590-i14177698.scope; invocation ID: deff1126db81412b8145479badd9aa22
   Compiling proc-macro2 v1.0.101
   Compiling unicode-ident v1.0.18
    Checking cfg-if v1.0.3
   Compiling libc v0.2.178
   Compiling typenum v1.19.0
   Compiling version_check v0.9.5
    Checking subtle v2.6.1
   Compiling autocfg v1.5.0
    Checking const-oid v0.9.6
    Checking cpufeatures v0.2.17
    Checking memchr v2.7.5
   Compiling generic-array v0.14.7
    Checking pin-project-lite v0.2.16
    Checking base64ct v1.6.0
   Compiling portable-atomic v1.11.1
    Checking smallvec v1.15.1
   Compiling quote v1.0.40
    Checking bytes v1.11.0
    Checking critical-section v1.2.0
   Compiling syn v2.0.106
    Checking log v0.4.27
    Checking once_cell v1.21.3
   Compiling lock_api v0.4.13
   Compiling shlex v1.3.0
   Compiling parking_lot_core v0.9.11
   Compiling zerocopy v0.8.26
    Checking getrandom v0.2.16
    Checking pem-rfc7468 v0.7.0
    Checking rand_core v0.6.4
    Checking scopeguard v1.2.0
    Checking futures-core v0.3.31
    Checking stable_deref_trait v1.2.0
    Checking tracing-core v0.1.36
   Compiling getrandom v0.3.3
    Checking parking_lot v0.12.4
   Compiling jobserver v0.1.33
    Checking slab v0.4.11
    Checking futures-sink v0.3.31
    Checking futures-channel v0.3.31
    Checking mio v1.0.4
    Checking signal-hook-registry v1.4.6
   Compiling cc v1.2.34
    Checking socket2 v0.6.0
    Checking futures-io v0.3.31
   Compiling dunce v1.0.5
   Compiling serde_core v1.0.228
   Compiling cfg_aliases v0.2.1
    Checking futures-task v0.3.31
   Compiling fs_extra v1.3.0
    Checking pin-utils v0.1.0
    Checking itoa v1.0.15
   Compiling serde v1.0.228
    Checking rand_core v0.9.3
   Compiling num-traits v0.2.19
   Compiling crossbeam-utils v0.8.21
   Compiling aws-lc-rs v1.15.2
    Checking const-oid v0.10.1
   Compiling cmake v0.1.54
    Checking ppv-lite86 v0.2.21
    Checking fnv v1.0.7
    Checking rand_chacha v0.9.0
    Checking rand v0.9.2
    Checking ff v0.13.1
   Compiling aws-lc-sys v0.35.0
   Compiling ring v0.17.14
    Checking hybrid-array v0.4.5
    Checking base16ct v0.2.0
    Checking bitflags v2.9.3
    Checking litemap v0.8.0
    Checking writeable v0.6.1
   Compiling unicase v2.8.1
   Compiling semver v1.0.26
    Checking group v0.13.0
    Checking http v1.3.1
    Checking equivalent v1.0.2
    Checking hashbrown v0.15.5
    Checking untrusted v0.7.1
   Compiling thiserror v1.0.69
   Compiling icu_normalizer_data v2.0.0
   Compiling hax-lib v0.3.5
    Checking percent-encoding v2.3.2
   Compiling icu_properties_data v2.0.1
    Checking block-buffer v0.11.0
    Checking crypto-common v0.2.0-rc.5
   Compiling synstructure v0.13.2
    Checking pem-rfc7468 v1.0.0
   Compiling libm v0.2.15
   Compiling thiserror v2.0.16
    Checking untrusted v0.9.0
    Checking spin v0.9.8
    Checking opaque-debug v0.3.1
    Checking lazy_static v1.5.0
    Checking digest v0.11.0-rc.4
   Compiling rustc_version v0.4.1
    Checking http-body v1.0.1
   Compiling rustls v0.23.35
    Checking rand_core v0.10.0-rc-3
    Checking adler2 v2.0.1
    Checking miniz_oxide v0.8.9
   Compiling curve25519-dalek v4.1.3
    Checking form_urlencoded v1.2.2
    Checking indexmap v2.11.0
    Checking num-integer v0.1.46
    Checking rand_chacha v0.3.1
    Checking aho-corasick v1.1.3
   Compiling zeroize_derive v1.4.2
   Compiling zerofrom-derive v0.1.6
   Compiling tracing-attributes v0.1.31
    Checking zeroize v1.8.1
   Compiling yoke-derive v0.8.0
    Checking crypto-common v0.1.6
    Checking block-buffer v0.10.4
    Checking digest v0.10.7
    Checking block-padding v0.3.3
    Checking inout v0.1.4
    Checking cipher v0.4.4
    Checking hmac v0.12.1
    Checking sha2 v0.10.9
    Checking pbkdf2 v0.12.2
    Checking zerofrom v0.1.6
    Checking aes v0.8.4
    Checking cbc v0.1.2
    Checking salsa20 v0.10.2
    Checking tracing v0.1.44
    Checking der v0.7.10
   Compiling tokio-macros v2.6.0
    Checking yoke v0.8.0
   Compiling futures-macro v0.3.31
    Checking scrypt v0.11.0
   Compiling zerovec-derive v0.11.1
   Compiling displaydoc v0.2.5
    Checking tokio v1.48.0
    Checking futures-util v0.3.31
    Checking spki v0.7.3
   Compiling serde_derive v1.0.228
    Checking pkcs5 v0.7.1
    Checking pkcs8 v0.10.2
    Checking zerovec v0.11.4
    Checking rustls-pki-types v1.12.0
    Checking sec1 v0.7.3
    Checking zerotrie v0.2.2
    Checking hkdf v0.12.4
    Checking signature v2.2.0
    Checking crypto-bigint v0.5.5
    Checking tinystr v0.8.1
    Checking icu_locale_core v2.0.0
    Checking potential_utf v0.1.2
    Checking icu_collections v2.0.0
    Checking icu_provider v2.0.0
    Checking universal-hash v0.5.1
   Compiling thiserror-impl v1.0.69
   Compiling hax-lib-macros v0.3.5
    Checking elliptic-curve v0.13.8
    Checking rfc6979 v0.4.0
    Checking der v0.8.0-rc.10
   Compiling thiserror-impl v2.0.16
    Checking ecdsa v0.16.9
    Checking tokio-util v0.7.17
    Checking primeorder v0.13.6
    Checking icu_normalizer v2.0.0
    Checking spki v0.8.0-rc.4
    Checking icu_properties v2.0.1
    Checking polyval v0.6.2
   Compiling object v0.36.7
    Checking tower-layer v0.3.3
    Checking bytemuck v1.23.2
   Compiling libcrux-intrinsics v0.0.4
   Compiling httparse v1.10.1
    Checking tinyvec_macros v0.1.1
    Checking regex-syntax v0.8.5
    Checking hex v0.4.3
    Checking byteorder v1.5.0
    Checking tower-service v0.3.3
    Checking tinyvec v1.10.0
    Checking safe_arch v0.7.4
    Checking ghash v0.5.1
    Checking libcrux-secrets v0.0.4
    Checking ssh-encoding v0.2.0
    Checking idna_adapter v1.2.1
    Checking ctr v0.9.2
    Checking aead v0.5.2
    Checking crypto-bigint v0.7.0-rc.10
   Compiling curve25519-dalek-derive v0.1.1
    Checking rand v0.8.5
   Compiling mime_guess v2.0.5
    Checking concurrent-queue v2.5.0
   Compiling nix v0.29.0
   Compiling crc32fast v1.5.0
    Checking httpdate v1.0.3
   Compiling rustversion v1.0.22
   Compiling rustix v0.38.44
    Checking utf8parse v0.2.2
    Checking atomic-waker v1.1.2
    Checking gimli v0.31.1
   Compiling libcrux-sha3 v0.0.4
    Checking regex-automata v0.4.13
    Checking parking v2.2.1
    Checking try-lock v0.2.5
   Compiling zmij v1.0.2
    Checking utf8_iter v1.0.4
    Checking mime v0.3.17
   Compiling num-bigint-dig v0.8.4
    Checking ipnet v2.11.0
    Checking openssl-probe v0.1.6
    Checking rustls-native-certs v0.8.1
    Checking idna v1.1.0
    Checking want v0.3.1
    Checking event-listener v5.4.1
    Checking h2 v0.4.12
    Checking anstyle-parse v0.2.7
    Checking addr2line v0.24.2
    Checking aes-gcm v0.10.3
    Checking wide v0.7.33
    Checking libcrux-traits v0.0.4
    Checking crypto-primes v0.7.0-pre.4
    Checking blowfish v0.9.1
    Checking pkcs1 v0.8.0-rc.4
    Checking pkcs8 v0.11.0-rc.8
    Checking poly1305 v0.8.0
    Checking futures-executor v0.3.31
    Checking ed25519 v2.2.3
    Checking chacha20 v0.9.1
    Checking blake2 v0.10.6
   Compiling async-trait v0.1.89
   Compiling tls_codec_derive v0.4.2
    Checking num-iter v0.1.45
    Checking signature v3.0.0-rc.5
    Checking http-body-util v0.1.3
    Checking sha2 v0.11.0-rc.3
   Compiling quinn-udp v0.5.13
    Checking password-hash v0.5.0
    Checking libcrux-platform v0.0.2
    Checking nom v8.0.0
   Compiling memoffset v0.9.1
    Checking ryu v1.0.20
   Compiling protobuf v3.7.2
    Checking anstyle-query v1.1.4
    Checking colorchoice v1.0.4
    Checking data-encoding v2.9.0
   Compiling anyhow v1.0.100
    Checking sync_wrapper v1.0.2
   Compiling libcrux-ml-kem v0.0.4
   Compiling serde_json v1.0.148
    Checking linux-raw-sys v0.4.15
    Checking siphasher v1.0.1
   Compiling moka v0.12.10
    Checking anstyle v1.0.11
    Checking rustc-demangle v0.1.26
   Compiling procfs v0.17.0
   Compiling heck v0.5.0
    Checking is_terminal_polyfill v1.70.1
    Checking anstream v0.6.20
    Checking backtrace v0.3.75
   Compiling enum-as-inner v0.6.1
    Checking fastbloom v0.9.0
    Checking rsa v0.10.0-rc.10
    Checking argon2 v0.5.3
    Checking tls_codec v0.4.2
    Checking hyper v1.8.1
    Checking ssh-cipher v0.2.0
    Checking ed25519-dalek v2.2.0
    Checking futures v0.3.31
    Checking bcrypt-pbkdf v0.10.0
    Checking event-listener-strategy v0.5.4
    Checking url v2.5.7
    Checking procfs-core v0.17.0
    Checking p256 v0.13.2
    Checking p521 v0.13.3
    Checking p384 v0.13.1
    Checking protobuf-support v3.7.2
    Checking sha1 v0.10.6
    Checking sha1 v0.11.0-rc.3
    Checking crossbeam-epoch v0.9.18
    Checking crossbeam-channel v0.5.15
   Compiling quinn v0.11.8
   Compiling nix v0.30.1
    Checking uuid v1.18.0
    Checking socket2 v0.5.10
    Checking tagptr v0.2.0
    Checking allocator-api2 v0.2.21
    Checking rustc-hash v2.1.1
    Checking strsim v0.11.1
    Checking clap_lex v0.7.5
    Checking base64 v0.22.1
   Compiling prometheus v0.14.0
    Checking lru-slab v0.1.2
    Checking foldhash v0.2.0
    Checking bytecount v0.6.9
    Checking hashbrown v0.16.0
   Compiling enum_dispatch v0.3.13
    Checking hyper-util v0.1.19
    Checking clap_builder v4.5.53
    Checking internal-russh-forked-ssh-key v0.6.16+upstream-0.6.7
    Checking hickory-proto v0.25.2
    Checking generic-array v1.3.5
error[E0275]: overflow evaluating the requirement `GenericArray<T, UInt<UTerm, typenum::B1>> well-formed`
   --> /home/adwin/.cargo/registry/src/mirrors.tuna.tsinghua.edu.cn-4dc01642fd091eda/generic-array-1.3.5/src/impls.rs:161:13
    |
161 |               fn from(tuple: ($(impl_tuple!(@T $t),)*)) -> Self {
    |               ^^^^^^^^^^^^^^^^^^^^^^^^^^^^^^^^^^^^^^^^^^^^^^^^^
...
178 | / impl_tuple! {
179 | |     consts::U1  => (A,);
180 | |     consts::U2  => (A,B,);
181 | |     consts::U3  => (A,B,C,);
...   |
190 | |     consts::U12 => (A,B,C,D,E,F,G,H,I,J,K,L,);
191 | | }
    | |_- in this macro invocation
    |
    = help: consider increasing the recursion limit by adding a `#![recursion_limit = "256"]` attribute to your crate (`generic_array`)
note: the requirement `GenericArray<T, UInt<UTerm, typenum::B1>> well-formed` appears on the `impl`'s associated function `from` but not on the corresponding trait's associated function
   --> /home/adwin/.rustup/toolchains/nightly-x86_64-unknown-linux-gnu/lib/rustlib/src/rust/library/core/src/convert/mod.rs:592:8
    |
587 | pub const trait From<T>: Sized {
    |                 ---- in this trait
...
592 |     fn from(value: T) -> Self;
    |        ^^^^ this trait's associated function doesn't have the requirement `GenericArray<T, UInt<UTerm, typenum::B1>> well-formed`
    = note: this error originates in the macro `impl_tuple` (in Nightly builds, run with -Z macro-backtrace for more info)

error[E0275]: overflow evaluating the requirement `GenericArray<T, UInt<UTerm, typenum::B1>>: Sized`
   --> /home/adwin/.cargo/registry/src/mirrors.tuna.tsinghua.edu.cn-4dc01642fd091eda/generic-array-1.3.5/src/impls.rs:158:53
    |
158 |           impl<T> From<($(impl_tuple!(@T $t),)*)> for GenericArray<T, $len> {
    |                                                       ^^^^^^^^^^^^^^^^^^^^^
...
178 | / impl_tuple! {
179 | |     consts::U1  => (A,);
180 | |     consts::U2  => (A,B,);
181 | |     consts::U3  => (A,B,C,);
...   |
190 | |     consts::U12 => (A,B,C,D,E,F,G,H,I,J,K,L,);
191 | | }
    | |_- in this macro invocation
    |
    = help: consider increasing the recursion limit by adding a `#![recursion_limit = "256"]` attribute to your crate (`generic_array`)
note: required by a bound in `From`
   --> /home/adwin/.rustup/toolchains/nightly-x86_64-unknown-linux-gnu/lib/rustlib/src/rust/library/core/src/convert/mod.rs:587:26
    |
587 | pub const trait From<T>: Sized {
    |                          ^^^^^ required by this bound in `From`
    = note: this error originates in the macro `impl_tuple` (in Nightly builds, run with -Z macro-backtrace for more info)

error[E0275]: overflow evaluating the requirement `GenericArray<T, UInt<UTerm, typenum::B1>> well-formed`
   --> /home/adwin/.cargo/registry/src/mirrors.tuna.tsinghua.edu.cn-4dc01642fd091eda/generic-array-1.3.5/src/impls.rs:158:53
    |
158 |           impl<T> From<($(impl_tuple!(@T $t),)*)> for GenericArray<T, $len> {
    |                                                       ^^^^^^^^^^^^^^^^^^^^^
...
178 | / impl_tuple! {
179 | |     consts::U1  => (A,);
180 | |     consts::U2  => (A,B,);
181 | |     consts::U3  => (A,B,C,);
...   |
190 | |     consts::U12 => (A,B,C,D,E,F,G,H,I,J,K,L,);
191 | | }
    | |_- in this macro invocation
    |
    = help: consider increasing the recursion limit by adding a `#![recursion_limit = "256"]` attribute to your crate (`generic_array`)
    = note: this error originates in the macro `impl_tuple` (in Nightly builds, run with -Z macro-backtrace for more info)

error[E0275]: overflow evaluating the requirement `GenericArray<T, UInt<UTerm, typenum::B1>> well-formed`
   --> /home/adwin/.cargo/registry/src/mirrors.tuna.tsinghua.edu.cn-4dc01642fd091eda/generic-array-1.3.5/src/impls.rs:170:13
    |
170 |               fn from(array: GenericArray<T, $len>) -> Self {
    |               ^^^^^^^^^^^^^^^^^^^^^^^^^^^^^^^^^^^^^^^^^^^^^
...
178 | / impl_tuple! {
179 | |     consts::U1  => (A,);
180 | |     consts::U2  => (A,B,);
181 | |     consts::U3  => (A,B,C,);
...   |
190 | |     consts::U12 => (A,B,C,D,E,F,G,H,I,J,K,L,);
191 | | }
    | |_- in this macro invocation
    |
    = help: consider increasing the recursion limit by adding a `#![recursion_limit = "256"]` attribute to your crate (`generic_array`)
note: the requirement `GenericArray<T, UInt<UTerm, typenum::B1>> well-formed` appears on the `impl`'s associated function `from` but not on the corresponding trait's associated function
   --> /home/adwin/.rustup/toolchains/nightly-x86_64-unknown-linux-gnu/lib/rustlib/src/rust/library/core/src/convert/mod.rs:592:8
    |
587 | pub const trait From<T>: Sized {
    |                 ---- in this trait
...
592 |     fn from(value: T) -> Self;
    |        ^^^^ this trait's associated function doesn't have the requirement `GenericArray<T, UInt<UTerm, typenum::B1>> well-formed`
    = note: this error originates in the macro `impl_tuple` (in Nightly builds, run with -Z macro-backtrace for more info)

error[E0275]: overflow evaluating the requirement `GenericArray<T, UInt<UTerm, typenum::B1>>: Sized`
   --> /home/adwin/.cargo/registry/src/mirrors.tuna.tsinghua.edu.cn-4dc01642fd091eda/generic-array-1.3.5/src/impls.rs:167:17
    |
167 |           impl<T> From<GenericArray<T, $len>> for ($(impl_tuple!(@T $t),)*) {
    |                   ^^^^^^^^^^^^^^^^^^^^^^^^^^^
...
178 | / impl_tuple! {
179 | |     consts::U1  => (A,);
180 | |     consts::U2  => (A,B,);
181 | |     consts::U3  => (A,B,C,);
...   |
190 | |     consts::U12 => (A,B,C,D,E,F,G,H,I,J,K,L,);
191 | | }
    | |_- in this macro invocation
    |
    = help: consider increasing the recursion limit by adding a `#![recursion_limit = "256"]` attribute to your crate (`generic_array`)
note: required by an implicit `Sized` bound in `From`
   --> /home/adwin/.rustup/toolchains/nightly-x86_64-unknown-linux-gnu/lib/rustlib/src/rust/library/core/src/convert/mod.rs:587:22
    |
587 | pub const trait From<T>: Sized {
    |                      ^ required by the implicit `Sized` requirement on this type parameter in `From`
    = note: this error originates in the macro `impl_tuple` (in Nightly builds, run with -Z macro-backtrace for more info)

error[E0275]: overflow evaluating the requirement `GenericArray<T, UInt<UTerm, typenum::B1>> well-formed`
   --> /home/adwin/.cargo/registry/src/mirrors.tuna.tsinghua.edu.cn-4dc01642fd091eda/generic-array-1.3.5/src/impls.rs:167:17
    |
167 |           impl<T> From<GenericArray<T, $len>> for ($(impl_tuple!(@T $t),)*) {
    |                   ^^^^^^^^^^^^^^^^^^^^^^^^^^^
...
178 | / impl_tuple! {
179 | |     consts::U1  => (A,);
180 | |     consts::U2  => (A,B,);
181 | |     consts::U3  => (A,B,C,);
...   |
190 | |     consts::U12 => (A,B,C,D,E,F,G,H,I,J,K,L,);
191 | | }
    | |_- in this macro invocation
    |
    = help: consider increasing the recursion limit by adding a `#![recursion_limit = "256"]` attribute to your crate (`generic_array`)
    = note: this error originates in the macro `impl_tuple` (in Nightly builds, run with -Z macro-backtrace for more info)

error[E0275]: overflow evaluating the requirement `GenericArray<T, UInt<UInt<UTerm, typenum::B1>, B0>> well-formed`
   --> /home/adwin/.cargo/registry/src/mirrors.tuna.tsinghua.edu.cn-4dc01642fd091eda/generic-array-1.3.5/src/impls.rs:161:13
    |
161 |               fn from(tuple: ($(impl_tuple!(@T $t),)*)) -> Self {
    |               ^^^^^^^^^^^^^^^^^^^^^^^^^^^^^^^^^^^^^^^^^^^^^^^^^
...
178 | / impl_tuple! {
179 | |     consts::U1  => (A,);
180 | |     consts::U2  => (A,B,);
181 | |     consts::U3  => (A,B,C,);
...   |
190 | |     consts::U12 => (A,B,C,D,E,F,G,H,I,J,K,L,);
191 | | }
    | |_- in this macro invocation
    |
    = help: consider increasing the recursion limit by adding a `#![recursion_limit = "256"]` attribute to your crate (`generic_array`)
note: the requirement `GenericArray<T, UInt<UInt<UTerm, typenum::B1>, B0>> well-formed` appears on the `impl`'s associated function `from` but not on the corresponding trait's associated function
   --> /home/adwin/.rustup/toolchains/nightly-x86_64-unknown-linux-gnu/lib/rustlib/src/rust/library/core/src/convert/mod.rs:592:8
    |
587 | pub const trait From<T>: Sized {
    |                 ---- in this trait
...
592 |     fn from(value: T) -> Self;
    |        ^^^^ this trait's associated function doesn't have the requirement `GenericArray<T, UInt<UInt<UTerm, typenum::B1>, B0>> well-formed`
    = note: this error originates in the macro `impl_tuple` (in Nightly builds, run with -Z macro-backtrace for more info)

error[E0275]: overflow evaluating the requirement `GenericArray<T, UInt<UInt<UTerm, typenum::B1>, B0>>: Sized`
   --> /home/adwin/.cargo/registry/src/mirrors.tuna.tsinghua.edu.cn-4dc01642fd091eda/generic-array-1.3.5/src/impls.rs:158:53
    |
158 |           impl<T> From<($(impl_tuple!(@T $t),)*)> for GenericArray<T, $len> {
    |                                                       ^^^^^^^^^^^^^^^^^^^^^
...
178 | / impl_tuple! {
179 | |     consts::U1  => (A,);
180 | |     consts::U2  => (A,B,);
181 | |     consts::U3  => (A,B,C,);
...   |
190 | |     consts::U12 => (A,B,C,D,E,F,G,H,I,J,K,L,);
191 | | }
    | |_- in this macro invocation
    |
    = help: consider increasing the recursion limit by adding a `#![recursion_limit = "256"]` attribute to your crate (`generic_array`)
note: required by a bound in `From`
   --> /home/adwin/.rustup/toolchains/nightly-x86_64-unknown-linux-gnu/lib/rustlib/src/rust/library/core/src/convert/mod.rs:587:26
    |
587 | pub const trait From<T>: Sized {
    |                          ^^^^^ required by this bound in `From`
    = note: this error originates in the macro `impl_tuple` (in Nightly builds, run with -Z macro-backtrace for more info)

error[E0275]: overflow evaluating the requirement `GenericArray<T, UInt<UInt<UTerm, typenum::B1>, B0>> well-formed`
   --> /home/adwin/.cargo/registry/src/mirrors.tuna.tsinghua.edu.cn-4dc01642fd091eda/generic-array-1.3.5/src/impls.rs:158:53
    |
158 |           impl<T> From<($(impl_tuple!(@T $t),)*)> for GenericArray<T, $len> {
    |                                                       ^^^^^^^^^^^^^^^^^^^^^
...
178 | / impl_tuple! {
179 | |     consts::U1  => (A,);
180 | |     consts::U2  => (A,B,);
181 | |     consts::U3  => (A,B,C,);
...   |
190 | |     consts::U12 => (A,B,C,D,E,F,G,H,I,J,K,L,);
191 | | }
    | |_- in this macro invocation
    |
    = help: consider increasing the recursion limit by adding a `#![recursion_limit = "256"]` attribute to your crate (`generic_array`)
    = note: this error originates in the macro `impl_tuple` (in Nightly builds, run with -Z macro-backtrace for more info)

error[E0275]: overflow evaluating the requirement `GenericArray<T, UInt<UInt<UTerm, typenum::B1>, B0>> well-formed`
   --> /home/adwin/.cargo/registry/src/mirrors.tuna.tsinghua.edu.cn-4dc01642fd091eda/generic-array-1.3.5/src/impls.rs:170:13
    |
170 |               fn from(array: GenericArray<T, $len>) -> Self {
    |               ^^^^^^^^^^^^^^^^^^^^^^^^^^^^^^^^^^^^^^^^^^^^^
...
178 | / impl_tuple! {
179 | |     consts::U1  => (A,);
180 | |     consts::U2  => (A,B,);
181 | |     consts::U3  => (A,B,C,);
...   |
190 | |     consts::U12 => (A,B,C,D,E,F,G,H,I,J,K,L,);
191 | | }
    | |_- in this macro invocation
    |
    = help: consider increasing the recursion limit by adding a `#![recursion_limit = "256"]` attribute to your crate (`generic_array`)
note: the requirement `GenericArray<T, UInt<UInt<UTerm, typenum::B1>, B0>> well-formed` appears on the `impl`'s associated function `from` but not on the corresponding trait's associated function
   --> /home/adwin/.rustup/toolchains/nightly-x86_64-unknown-linux-gnu/lib/rustlib/src/rust/library/core/src/convert/mod.rs:592:8
    |
587 | pub const trait From<T>: Sized {
    |                 ---- in this trait
...
592 |     fn from(value: T) -> Self;
    |        ^^^^ this trait's associated function doesn't have the requirement `GenericArray<T, UInt<UInt<UTerm, typenum::B1>, B0>> well-formed`
    = note: this error originates in the macro `impl_tuple` (in Nightly builds, run with -Z macro-backtrace for more info)

error[E0275]: overflow evaluating the requirement `GenericArray<T, UInt<UInt<UTerm, typenum::B1>, B0>>: Sized`
   --> /home/adwin/.cargo/registry/src/mirrors.tuna.tsinghua.edu.cn-4dc01642fd091eda/generic-array-1.3.5/src/impls.rs:167:17
    |
167 |           impl<T> From<GenericArray<T, $len>> for ($(impl_tuple!(@T $t),)*) {
    |                   ^^^^^^^^^^^^^^^^^^^^^^^^^^^
...
178 | / impl_tuple! {
179 | |     consts::U1  => (A,);
180 | |     consts::U2  => (A,B,);
181 | |     consts::U3  => (A,B,C,);
...   |
190 | |     consts::U12 => (A,B,C,D,E,F,G,H,I,J,K,L,);
191 | | }
    | |_- in this macro invocation
    |
    = help: consider increasing the recursion limit by adding a `#![recursion_limit = "256"]` attribute to your crate (`generic_array`)
note: required by an implicit `Sized` bound in `From`
   --> /home/adwin/.rustup/toolchains/nightly-x86_64-unknown-linux-gnu/lib/rustlib/src/rust/library/core/src/convert/mod.rs:587:22
    |
587 | pub const trait From<T>: Sized {
    |                      ^ required by the implicit `Sized` requirement on this type parameter in `From`
    = note: this error originates in the macro `impl_tuple` (in Nightly builds, run with -Z macro-backtrace for more info)

error[E0275]: overflow evaluating the requirement `GenericArray<T, UInt<UInt<UTerm, typenum::B1>, B0>> well-formed`
   --> /home/adwin/.cargo/registry/src/mirrors.tuna.tsinghua.edu.cn-4dc01642fd091eda/generic-array-1.3.5/src/impls.rs:167:17
    |
167 |           impl<T> From<GenericArray<T, $len>> for ($(impl_tuple!(@T $t),)*) {
    |                   ^^^^^^^^^^^^^^^^^^^^^^^^^^^
...
178 | / impl_tuple! {
179 | |     consts::U1  => (A,);
180 | |     consts::U2  => (A,B,);
181 | |     consts::U3  => (A,B,C,);
...   |
190 | |     consts::U12 => (A,B,C,D,E,F,G,H,I,J,K,L,);
191 | | }
    | |_- in this macro invocation
    |
    = help: consider increasing the recursion limit by adding a `#![recursion_limit = "256"]` attribute to your crate (`generic_array`)
    = note: this error originates in the macro `impl_tuple` (in Nightly builds, run with -Z macro-backtrace for more info)

error[E0275]: overflow evaluating the requirement `GenericArray<T, UInt<UInt<UTerm, typenum::B1>, typenum::B1>> well-formed`
   --> /home/adwin/.cargo/registry/src/mirrors.tuna.tsinghua.edu.cn-4dc01642fd091eda/generic-array-1.3.5/src/impls.rs:161:13
    |
161 |               fn from(tuple: ($(impl_tuple!(@T $t),)*)) -> Self {
    |               ^^^^^^^^^^^^^^^^^^^^^^^^^^^^^^^^^^^^^^^^^^^^^^^^^
...
178 | / impl_tuple! {
179 | |     consts::U1  => (A,);
180 | |     consts::U2  => (A,B,);
181 | |     consts::U3  => (A,B,C,);
...   |
190 | |     consts::U12 => (A,B,C,D,E,F,G,H,I,J,K,L,);
191 | | }
    | |_- in this macro invocation
    |
    = help: consider increasing the recursion limit by adding a `#![recursion_limit = "256"]` attribute to your crate (`generic_array`)
note: the requirement `GenericArray<T, UInt<UInt<UTerm, typenum::B1>, typenum::B1>> well-formed` appears on the `impl`'s associated function `from` but not on the corresponding trait's associated function
   --> /home/adwin/.rustup/toolchains/nightly-x86_64-unknown-linux-gnu/lib/rustlib/src/rust/library/core/src/convert/mod.rs:592:8
    |
587 | pub const trait From<T>: Sized {
    |                 ---- in this trait
...
592 |     fn from(value: T) -> Self;
    |        ^^^^ this trait's associated function doesn't have the requirement `GenericArray<T, UInt<UInt<UTerm, typenum::B1>, typenum::B1>> well-formed`
    = note: this error originates in the macro `impl_tuple` (in Nightly builds, run with -Z macro-backtrace for more info)

error[E0275]: overflow evaluating the requirement `GenericArray<T, UInt<UInt<UTerm, typenum::B1>, typenum::B1>>: Sized`
   --> /home/adwin/.cargo/registry/src/mirrors.tuna.tsinghua.edu.cn-4dc01642fd091eda/generic-array-1.3.5/src/impls.rs:158:53
    |
158 |           impl<T> From<($(impl_tuple!(@T $t),)*)> for GenericArray<T, $len> {
    |                                                       ^^^^^^^^^^^^^^^^^^^^^
...
178 | / impl_tuple! {
179 | |     consts::U1  => (A,);
180 | |     consts::U2  => (A,B,);
181 | |     consts::U3  => (A,B,C,);
...   |
190 | |     consts::U12 => (A,B,C,D,E,F,G,H,I,J,K,L,);
191 | | }
    | |_- in this macro invocation
    |
    = help: consider increasing the recursion limit by adding a `#![recursion_limit = "256"]` attribute to your crate (`generic_array`)
note: required by a bound in `From`
   --> /home/adwin/.rustup/toolchains/nightly-x86_64-unknown-linux-gnu/lib/rustlib/src/rust/library/core/src/convert/mod.rs:587:26
    |
587 | pub const trait From<T>: Sized {
    |                          ^^^^^ required by this bound in `From`
    = note: this error originates in the macro `impl_tuple` (in Nightly builds, run with -Z macro-backtrace for more info)

error[E0275]: overflow evaluating the requirement `GenericArray<T, UInt<UInt<UTerm, typenum::B1>, typenum::B1>> well-formed`
   --> /home/adwin/.cargo/registry/src/mirrors.tuna.tsinghua.edu.cn-4dc01642fd091eda/generic-array-1.3.5/src/impls.rs:158:53
    |
158 |           impl<T> From<($(impl_tuple!(@T $t),)*)> for GenericArray<T, $len> {
    |                                                       ^^^^^^^^^^^^^^^^^^^^^
...
178 | / impl_tuple! {
179 | |     consts::U1  => (A,);
180 | |     consts::U2  => (A,B,);
181 | |     consts::U3  => (A,B,C,);
...   |
190 | |     consts::U12 => (A,B,C,D,E,F,G,H,I,J,K,L,);
191 | | }
    | |_- in this macro invocation
    |
    = help: consider increasing the recursion limit by adding a `#![recursion_limit = "256"]` attribute to your crate (`generic_array`)
    = note: this error originates in the macro `impl_tuple` (in Nightly builds, run with -Z macro-backtrace for more info)

error[E0275]: overflow evaluating the requirement `GenericArray<T, UInt<UInt<UTerm, typenum::B1>, typenum::B1>> well-formed`
   --> /home/adwin/.cargo/registry/src/mirrors.tuna.tsinghua.edu.cn-4dc01642fd091eda/generic-array-1.3.5/src/impls.rs:170:13
    |
170 |               fn from(array: GenericArray<T, $len>) -> Self {
    |               ^^^^^^^^^^^^^^^^^^^^^^^^^^^^^^^^^^^^^^^^^^^^^
...
178 | / impl_tuple! {
179 | |     consts::U1  => (A,);
180 | |     consts::U2  => (A,B,);
181 | |     consts::U3  => (A,B,C,);
...   |
190 | |     consts::U12 => (A,B,C,D,E,F,G,H,I,J,K,L,);
191 | | }
    | |_- in this macro invocation
    |
    = help: consider increasing the recursion limit by adding a `#![recursion_limit = "256"]` attribute to your crate (`generic_array`)
note: the requirement `GenericArray<T, UInt<UInt<UTerm, typenum::B1>, typenum::B1>> well-formed` appears on the `impl`'s associated function `from` but not on the corresponding trait's associated function
   --> /home/adwin/.rustup/toolchains/nightly-x86_64-unknown-linux-gnu/lib/rustlib/src/rust/library/core/src/convert/mod.rs:592:8
    |
587 | pub const trait From<T>: Sized {
    |                 ---- in this trait
...
592 |     fn from(value: T) -> Self;
    |        ^^^^ this trait's associated function doesn't have the requirement `GenericArray<T, UInt<UInt<UTerm, typenum::B1>, typenum::B1>> well-formed`
    = note: this error originates in the macro `impl_tuple` (in Nightly builds, run with -Z macro-backtrace for more info)

error[E0275]: overflow evaluating the requirement `GenericArray<T, UInt<UInt<UTerm, typenum::B1>, typenum::B1>>: Sized`
   --> /home/adwin/.cargo/registry/src/mirrors.tuna.tsinghua.edu.cn-4dc01642fd091eda/generic-array-1.3.5/src/impls.rs:167:17
    |
167 |           impl<T> From<GenericArray<T, $len>> for ($(impl_tuple!(@T $t),)*) {
    |                   ^^^^^^^^^^^^^^^^^^^^^^^^^^^
...
178 | / impl_tuple! {
179 | |     consts::U1  => (A,);
180 | |     consts::U2  => (A,B,);
181 | |     consts::U3  => (A,B,C,);
...   |
190 | |     consts::U12 => (A,B,C,D,E,F,G,H,I,J,K,L,);
191 | | }
    | |_- in this macro invocation
    |
    = help: consider increasing the recursion limit by adding a `#![recursion_limit = "256"]` attribute to your crate (`generic_array`)
note: required by an implicit `Sized` bound in `From`
   --> /home/adwin/.rustup/toolchains/nightly-x86_64-unknown-linux-gnu/lib/rustlib/src/rust/library/core/src/convert/mod.rs:587:22
    |
587 | pub const trait From<T>: Sized {
    |                      ^ required by the implicit `Sized` requirement on this type parameter in `From`
    = note: this error originates in the macro `impl_tuple` (in Nightly builds, run with -Z macro-backtrace for more info)

error[E0275]: overflow evaluating the requirement `GenericArray<T, UInt<UInt<UTerm, typenum::B1>, typenum::B1>> well-formed`
   --> /home/adwin/.cargo/registry/src/mirrors.tuna.tsinghua.edu.cn-4dc01642fd091eda/generic-array-1.3.5/src/impls.rs:167:17
    |
167 |           impl<T> From<GenericArray<T, $len>> for ($(impl_tuple!(@T $t),)*) {
    |                   ^^^^^^^^^^^^^^^^^^^^^^^^^^^
...
178 | / impl_tuple! {
179 | |     consts::U1  => (A,);
180 | |     consts::U2  => (A,B,);
181 | |     consts::U3  => (A,B,C,);
...   |
190 | |     consts::U12 => (A,B,C,D,E,F,G,H,I,J,K,L,);
191 | | }
    | |_- in this macro invocation
    |
    = help: consider increasing the recursion limit by adding a `#![recursion_limit = "256"]` attribute to your crate (`generic_array`)
    = note: this error originates in the macro `impl_tuple` (in Nightly builds, run with -Z macro-backtrace for more info)

error[E0275]: overflow evaluating the requirement `GenericArray<T, UInt<UInt<UInt<UTerm, typenum::B1>, ...>, ...>> well-formed`
   --> /home/adwin/.cargo/registry/src/mirrors.tuna.tsinghua.edu.cn-4dc01642fd091eda/generic-array-1.3.5/src/impls.rs:161:13
    |
161 |               fn from(tuple: ($(impl_tuple!(@T $t),)*)) -> Self {
    |               ^^^^^^^^^^^^^^^^^^^^^^^^^^^^^^^^^^^^^^^^^^^^^^^^^
...
178 | / impl_tuple! {
179 | |     consts::U1  => (A,);
180 | |     consts::U2  => (A,B,);
181 | |     consts::U3  => (A,B,C,);
...   |
190 | |     consts::U12 => (A,B,C,D,E,F,G,H,I,J,K,L,);
191 | | }
    | |_- in this macro invocation
    |
    = help: consider increasing the recursion limit by adding a `#![recursion_limit = "256"]` attribute to your crate (`generic_array`)
note: the requirement `GenericArray<T, UInt<UInt<UInt<UTerm, typenum::B1>, B0>, B0>> well-formed` appears on the `impl`'s associated function `from` but not on the corresponding trait's associated function
   --> /home/adwin/.rustup/toolchains/nightly-x86_64-unknown-linux-gnu/lib/rustlib/src/rust/library/core/src/convert/mod.rs:592:8
    |
587 | pub const trait From<T>: Sized {
    |                 ---- in this trait
...
592 |     fn from(value: T) -> Self;
    |        ^^^^ this trait's associated function doesn't have the requirement `GenericArray<T, UInt<UInt<UInt<UTerm, typenum::B1>, B0>, B0>> well-formed`
    = note: this error originates in the macro `impl_tuple` (in Nightly builds, run with -Z macro-backtrace for more info)

error[E0275]: overflow evaluating the requirement `GenericArray<T, UInt<UInt<UInt<UTerm, typenum::B1>, ...>, ...>>: Sized`
   --> /home/adwin/.cargo/registry/src/mirrors.tuna.tsinghua.edu.cn-4dc01642fd091eda/generic-array-1.3.5/src/impls.rs:158:53
    |
158 |           impl<T> From<($(impl_tuple!(@T $t),)*)> for GenericArray<T, $len> {
    |                                                       ^^^^^^^^^^^^^^^^^^^^^
...
178 | / impl_tuple! {
179 | |     consts::U1  => (A,);
180 | |     consts::U2  => (A,B,);
181 | |     consts::U3  => (A,B,C,);
...   |
190 | |     consts::U12 => (A,B,C,D,E,F,G,H,I,J,K,L,);
191 | | }
    | |_- in this macro invocation
    |
    = help: consider increasing the recursion limit by adding a `#![recursion_limit = "256"]` attribute to your crate (`generic_array`)
note: required by a bound in `From`
   --> /home/adwin/.rustup/toolchains/nightly-x86_64-unknown-linux-gnu/lib/rustlib/src/rust/library/core/src/convert/mod.rs:587:26
    |
587 | pub const trait From<T>: Sized {
    |                          ^^^^^ required by this bound in `From`
    = note: this error originates in the macro `impl_tuple` (in Nightly builds, run with -Z macro-backtrace for more info)

error[E0275]: overflow evaluating the requirement `GenericArray<T, UInt<UInt<UInt<UTerm, typenum::B1>, ...>, ...>> well-formed`
   --> /home/adwin/.cargo/registry/src/mirrors.tuna.tsinghua.edu.cn-4dc01642fd091eda/generic-array-1.3.5/src/impls.rs:158:53
    |
158 |           impl<T> From<($(impl_tuple!(@T $t),)*)> for GenericArray<T, $len> {
    |                                                       ^^^^^^^^^^^^^^^^^^^^^
...
178 | / impl_tuple! {
179 | |     consts::U1  => (A,);
180 | |     consts::U2  => (A,B,);
181 | |     consts::U3  => (A,B,C,);
...   |
190 | |     consts::U12 => (A,B,C,D,E,F,G,H,I,J,K,L,);
191 | | }
    | |_- in this macro invocation
    |
    = help: consider increasing the recursion limit by adding a `#![recursion_limit = "256"]` attribute to your crate (`generic_array`)
    = note: this error originates in the macro `impl_tuple` (in Nightly builds, run with -Z macro-backtrace for more info)

error[E0275]: overflow evaluating the requirement `GenericArray<T, UInt<UInt<UInt<UTerm, typenum::B1>, ...>, ...>> well-formed`
   --> /home/adwin/.cargo/registry/src/mirrors.tuna.tsinghua.edu.cn-4dc01642fd091eda/generic-array-1.3.5/src/impls.rs:170:13
    |
170 |               fn from(array: GenericArray<T, $len>) -> Self {
    |               ^^^^^^^^^^^^^^^^^^^^^^^^^^^^^^^^^^^^^^^^^^^^^
...
178 | / impl_tuple! {
179 | |     consts::U1  => (A,);
180 | |     consts::U2  => (A,B,);
181 | |     consts::U3  => (A,B,C,);
...   |
190 | |     consts::U12 => (A,B,C,D,E,F,G,H,I,J,K,L,);
191 | | }
    | |_- in this macro invocation
    |
    = help: consider increasing the recursion limit by adding a `#![recursion_limit = "256"]` attribute to your crate (`generic_array`)
note: the requirement `GenericArray<T, UInt<UInt<UInt<UTerm, typenum::B1>, B0>, B0>> well-formed` appears on the `impl`'s associated function `from` but not on the corresponding trait's associated function
   --> /home/adwin/.rustup/toolchains/nightly-x86_64-unknown-linux-gnu/lib/rustlib/src/rust/library/core/src/convert/mod.rs:592:8
    |
587 | pub const trait From<T>: Sized {
    |                 ---- in this trait
...
592 |     fn from(value: T) -> Self;
    |        ^^^^ this trait's associated function doesn't have the requirement `GenericArray<T, UInt<UInt<UInt<UTerm, typenum::B1>, B0>, B0>> well-formed`
    = note: this error originates in the macro `impl_tuple` (in Nightly builds, run with -Z macro-backtrace for more info)

error[E0275]: overflow evaluating the requirement `GenericArray<T, UInt<UInt<UInt<UTerm, typenum::B1>, ...>, ...>>: Sized`
   --> /home/adwin/.cargo/registry/src/mirrors.tuna.tsinghua.edu.cn-4dc01642fd091eda/generic-array-1.3.5/src/impls.rs:167:17
    |
167 |           impl<T> From<GenericArray<T, $len>> for ($(impl_tuple!(@T $t),)*) {
    |                   ^^^^^^^^^^^^^^^^^^^^^^^^^^^
...
178 | / impl_tuple! {
179 | |     consts::U1  => (A,);
180 | |     consts::U2  => (A,B,);
181 | |     consts::U3  => (A,B,C,);
...   |
190 | |     consts::U12 => (A,B,C,D,E,F,G,H,I,J,K,L,);
191 | | }
    | |_- in this macro invocation
    |
    = help: consider increasing the recursion limit by adding a `#![recursion_limit = "256"]` attribute to your crate (`generic_array`)
note: required by an implicit `Sized` bound in `From`
   --> /home/adwin/.rustup/toolchains/nightly-x86_64-unknown-linux-gnu/lib/rustlib/src/rust/library/core/src/convert/mod.rs:587:22
    |
587 | pub const trait From<T>: Sized {
    |                      ^ required by the implicit `Sized` requirement on this type parameter in `From`
    = note: this error originates in the macro `impl_tuple` (in Nightly builds, run with -Z macro-backtrace for more info)

error[E0275]: overflow evaluating the requirement `GenericArray<T, UInt<UInt<UInt<UTerm, typenum::B1>, ...>, ...>> well-formed`
   --> /home/adwin/.cargo/registry/src/mirrors.tuna.tsinghua.edu.cn-4dc01642fd091eda/generic-array-1.3.5/src/impls.rs:167:17
    |
167 |           impl<T> From<GenericArray<T, $len>> for ($(impl_tuple!(@T $t),)*) {
    |                   ^^^^^^^^^^^^^^^^^^^^^^^^^^^
...
178 | / impl_tuple! {
179 | |     consts::U1  => (A,);
180 | |     consts::U2  => (A,B,);
181 | |     consts::U3  => (A,B,C,);
...   |
190 | |     consts::U12 => (A,B,C,D,E,F,G,H,I,J,K,L,);
191 | | }
    | |_- in this macro invocation
    |
    = help: consider increasing the recursion limit by adding a `#![recursion_limit = "256"]` attribute to your crate (`generic_array`)
    = note: this error originates in the macro `impl_tuple` (in Nightly builds, run with -Z macro-backtrace for more info)

error[E0275]: overflow evaluating the requirement `GenericArray<T, UInt<UInt<UInt<UTerm, typenum::B1>, ...>, ...>> well-formed`
   --> /home/adwin/.cargo/registry/src/mirrors.tuna.tsinghua.edu.cn-4dc01642fd091eda/generic-array-1.3.5/src/impls.rs:161:13
    |
161 |               fn from(tuple: ($(impl_tuple!(@T $t),)*)) -> Self {
    |               ^^^^^^^^^^^^^^^^^^^^^^^^^^^^^^^^^^^^^^^^^^^^^^^^^
...
178 | / impl_tuple! {
179 | |     consts::U1  => (A,);
180 | |     consts::U2  => (A,B,);
181 | |     consts::U3  => (A,B,C,);
...   |
190 | |     consts::U12 => (A,B,C,D,E,F,G,H,I,J,K,L,);
191 | | }
    | |_- in this macro invocation
    |
    = help: consider increasing the recursion limit by adding a `#![recursion_limit = "256"]` attribute to your crate (`generic_array`)
note: the requirement `GenericArray<T, UInt<UInt<UInt<UTerm, typenum::B1>, B0>, typenum::B1>> well-formed` appears on the `impl`'s associated function `from` but not on the corresponding trait's associated function
   --> /home/adwin/.rustup/toolchains/nightly-x86_64-unknown-linux-gnu/lib/rustlib/src/rust/library/core/src/convert/mod.rs:592:8
    |
587 | pub const trait From<T>: Sized {
    |                 ---- in this trait
...
592 |     fn from(value: T) -> Self;
    |        ^^^^ this trait's associated function doesn't have the requirement `GenericArray<T, UInt<UInt<UInt<UTerm, typenum::B1>, B0>, typenum::B1>> well-formed`
    = note: this error originates in the macro `impl_tuple` (in Nightly builds, run with -Z macro-backtrace for more info)

error[E0275]: overflow evaluating the requirement `GenericArray<T, UInt<UInt<UInt<UTerm, typenum::B1>, ...>, ...>> well-formed`
   --> /home/adwin/.cargo/registry/src/mirrors.tuna.tsinghua.edu.cn-4dc01642fd091eda/generic-array-1.3.5/src/impls.rs:170:13
    |
170 |               fn from(array: GenericArray<T, $len>) -> Self {
    |               ^^^^^^^^^^^^^^^^^^^^^^^^^^^^^^^^^^^^^^^^^^^^^
...
178 | / impl_tuple! {
179 | |     consts::U1  => (A,);
180 | |     consts::U2  => (A,B,);
181 | |     consts::U3  => (A,B,C,);
...   |
190 | |     consts::U12 => (A,B,C,D,E,F,G,H,I,J,K,L,);
191 | | }
    | |_- in this macro invocation
    |
    = help: consider increasing the recursion limit by adding a `#![recursion_limit = "256"]` attribute to your crate (`generic_array`)
note: the requirement `GenericArray<T, UInt<UInt<UInt<UTerm, typenum::B1>, B0>, typenum::B1>> well-formed` appears on the `impl`'s associated function `from` but not on the corresponding trait's associated function
   --> /home/adwin/.rustup/toolchains/nightly-x86_64-unknown-linux-gnu/lib/rustlib/src/rust/library/core/src/convert/mod.rs:592:8
    |
587 | pub const trait From<T>: Sized {
    |                 ---- in this trait
...
592 |     fn from(value: T) -> Self;
    |        ^^^^ this trait's associated function doesn't have the requirement `GenericArray<T, UInt<UInt<UInt<UTerm, typenum::B1>, B0>, typenum::B1>> well-formed`
    = note: this error originates in the macro `impl_tuple` (in Nightly builds, run with -Z macro-backtrace for more info)

error[E0275]: overflow evaluating the requirement `GenericArray<T, UInt<UInt<UInt<UTerm, typenum::B1>, ...>, ...>> well-formed`
   --> /home/adwin/.cargo/registry/src/mirrors.tuna.tsinghua.edu.cn-4dc01642fd091eda/generic-array-1.3.5/src/impls.rs:161:13
    |
161 |               fn from(tuple: ($(impl_tuple!(@T $t),)*)) -> Self {
    |               ^^^^^^^^^^^^^^^^^^^^^^^^^^^^^^^^^^^^^^^^^^^^^^^^^
...
178 | / impl_tuple! {
179 | |     consts::U1  => (A,);
180 | |     consts::U2  => (A,B,);
181 | |     consts::U3  => (A,B,C,);
...   |
190 | |     consts::U12 => (A,B,C,D,E,F,G,H,I,J,K,L,);
191 | | }
    | |_- in this macro invocation
    |
    = help: consider increasing the recursion limit by adding a `#![recursion_limit = "256"]` attribute to your crate (`generic_array`)
note: the requirement `GenericArray<T, UInt<UInt<UInt<UTerm, typenum::B1>, typenum::B1>, B0>> well-formed` appears on the `impl`'s associated function `from` but not on the corresponding trait's associated function
   --> /home/adwin/.rustup/toolchains/nightly-x86_64-unknown-linux-gnu/lib/rustlib/src/rust/library/core/src/convert/mod.rs:592:8
    |
587 | pub const trait From<T>: Sized {
    |                 ---- in this trait
...
592 |     fn from(value: T) -> Self;
    |        ^^^^ this trait's associated function doesn't have the requirement `GenericArray<T, UInt<UInt<UInt<UTerm, typenum::B1>, typenum::B1>, B0>> well-formed`
    = note: this error originates in the macro `impl_tuple` (in Nightly builds, run with -Z macro-backtrace for more info)

error[E0275]: overflow evaluating the requirement `GenericArray<T, UInt<UInt<UInt<UTerm, typenum::B1>, ...>, ...>> well-formed`
   --> /home/adwin/.cargo/registry/src/mirrors.tuna.tsinghua.edu.cn-4dc01642fd091eda/generic-array-1.3.5/src/impls.rs:170:13
    |
170 |               fn from(array: GenericArray<T, $len>) -> Self {
    |               ^^^^^^^^^^^^^^^^^^^^^^^^^^^^^^^^^^^^^^^^^^^^^
...
178 | / impl_tuple! {
179 | |     consts::U1  => (A,);
180 | |     consts::U2  => (A,B,);
181 | |     consts::U3  => (A,B,C,);
...   |
190 | |     consts::U12 => (A,B,C,D,E,F,G,H,I,J,K,L,);
191 | | }
    | |_- in this macro invocation
    |
    = help: consider increasing the recursion limit by adding a `#![recursion_limit = "256"]` attribute to your crate (`generic_array`)
note: the requirement `GenericArray<T, UInt<UInt<UInt<UTerm, typenum::B1>, typenum::B1>, B0>> well-formed` appears on the `impl`'s associated function `from` but not on the corresponding trait's associated function
   --> /home/adwin/.rustup/toolchains/nightly-x86_64-unknown-linux-gnu/lib/rustlib/src/rust/library/core/src/convert/mod.rs:592:8
    |
587 | pub const trait From<T>: Sized {
    |                 ---- in this trait
...
592 |     fn from(value: T) -> Self;
    |        ^^^^ this trait's associated function doesn't have the requirement `GenericArray<T, UInt<UInt<UInt<UTerm, typenum::B1>, typenum::B1>, B0>> well-formed`
    = note: this error originates in the macro `impl_tuple` (in Nightly builds, run with -Z macro-backtrace for more info)

error[E0275]: overflow evaluating the requirement `GenericArray<T, UInt<UInt<UInt<UTerm, typenum::B1>, ...>, ...>> well-formed`
   --> /home/adwin/.cargo/registry/src/mirrors.tuna.tsinghua.edu.cn-4dc01642fd091eda/generic-array-1.3.5/src/impls.rs:161:13
    |
161 |               fn from(tuple: ($(impl_tuple!(@T $t),)*)) -> Self {
    |               ^^^^^^^^^^^^^^^^^^^^^^^^^^^^^^^^^^^^^^^^^^^^^^^^^
...
178 | / impl_tuple! {
179 | |     consts::U1  => (A,);
180 | |     consts::U2  => (A,B,);
181 | |     consts::U3  => (A,B,C,);
...   |
190 | |     consts::U12 => (A,B,C,D,E,F,G,H,I,J,K,L,);
191 | | }
    | |_- in this macro invocation
    |
    = help: consider increasing the recursion limit by adding a `#![recursion_limit = "256"]` attribute to your crate (`generic_array`)
note: the requirement `GenericArray<T, UInt<UInt<UInt<UTerm, typenum::B1>, typenum::B1>, typenum::B1>> well-formed` appears on the `impl`'s associated function `from` but not on the corresponding trait's associated function
   --> /home/adwin/.rustup/toolchains/nightly-x86_64-unknown-linux-gnu/lib/rustlib/src/rust/library/core/src/convert/mod.rs:592:8
    |
587 | pub const trait From<T>: Sized {
    |                 ---- in this trait
...
592 |     fn from(value: T) -> Self;
    |        ^^^^ this trait's associated function doesn't have the requirement `GenericArray<T, UInt<UInt<UInt<UTerm, typenum::B1>, typenum::B1>, typenum::B1>> well-formed`
    = note: this error originates in the macro `impl_tuple` (in Nightly builds, run with -Z macro-backtrace for more info)

error[E0275]: overflow evaluating the requirement `GenericArray<T, UInt<UInt<UInt<UTerm, typenum::B1>, ...>, ...>> well-formed`
   --> /home/adwin/.cargo/registry/src/mirrors.tuna.tsinghua.edu.cn-4dc01642fd091eda/generic-array-1.3.5/src/impls.rs:170:13
    |
170 |               fn from(array: GenericArray<T, $len>) -> Self {
    |               ^^^^^^^^^^^^^^^^^^^^^^^^^^^^^^^^^^^^^^^^^^^^^
...
178 | / impl_tuple! {
179 | |     consts::U1  => (A,);
180 | |     consts::U2  => (A,B,);
181 | |     consts::U3  => (A,B,C,);
...   |
190 | |     consts::U12 => (A,B,C,D,E,F,G,H,I,J,K,L,);
191 | | }
    | |_- in this macro invocation
    |
    = help: consider increasing the recursion limit by adding a `#![recursion_limit = "256"]` attribute to your crate (`generic_array`)
note: the requirement `GenericArray<T, UInt<UInt<UInt<UTerm, typenum::B1>, typenum::B1>, typenum::B1>> well-formed` appears on the `impl`'s associated function `from` but not on the corresponding trait's associated function
   --> /home/adwin/.rustup/toolchains/nightly-x86_64-unknown-linux-gnu/lib/rustlib/src/rust/library/core/src/convert/mod.rs:592:8
    |
587 | pub const trait From<T>: Sized {
    |                 ---- in this trait
...
592 |     fn from(value: T) -> Self;
    |        ^^^^ this trait's associated function doesn't have the requirement `GenericArray<T, UInt<UInt<UInt<UTerm, typenum::B1>, typenum::B1>, typenum::B1>> well-formed`
    = note: this error originates in the macro `impl_tuple` (in Nightly builds, run with -Z macro-backtrace for more info)

error[E0275]: overflow evaluating the requirement `GenericArray<T, UInt<UInt<UInt<UInt<UTerm, ...>, ...>, ...>, ...>> well-formed`
   --> /home/adwin/.cargo/registry/src/mirrors.tuna.tsinghua.edu.cn-4dc01642fd091eda/generic-array-1.3.5/src/impls.rs:161:13
    |
161 |               fn from(tuple: ($(impl_tuple!(@T $t),)*)) -> Self {
    |               ^^^^^^^^^^^^^^^^^^^^^^^^^^^^^^^^^^^^^^^^^^^^^^^^^
...
178 | / impl_tuple! {
179 | |     consts::U1  => (A,);
180 | |     consts::U2  => (A,B,);
181 | |     consts::U3  => (A,B,C,);
...   |
190 | |     consts::U12 => (A,B,C,D,E,F,G,H,I,J,K,L,);
191 | | }
    | |_- in this macro invocation
    |
    = help: consider increasing the recursion limit by adding a `#![recursion_limit = "256"]` attribute to your crate (`generic_array`)
note: the requirement `GenericArray<T, UInt<UInt<UInt<UInt<UTerm, typenum::B1>, B0>, B0>, B0>> well-formed` appears on the `impl`'s associated function `from` but not on the corresponding trait's associated function
   --> /home/adwin/.rustup/toolchains/nightly-x86_64-unknown-linux-gnu/lib/rustlib/src/rust/library/core/src/convert/mod.rs:592:8
    |
587 | pub const trait From<T>: Sized {
    |                 ---- in this trait
...
592 |     fn from(value: T) -> Self;
    |        ^^^^ this trait's associated function doesn't have the requirement `GenericArray<T, UInt<UInt<UInt<UInt<UTerm, typenum::B1>, B0>, B0>, B0>> well-formed`
    = note: this error originates in the macro `impl_tuple` (in Nightly builds, run with -Z macro-backtrace for more info)

error[E0275]: overflow evaluating the requirement `GenericArray<T, UInt<UInt<UInt<UInt<UTerm, ...>, ...>, ...>, ...>>: Sized`
   --> /home/adwin/.cargo/registry/src/mirrors.tuna.tsinghua.edu.cn-4dc01642fd091eda/generic-array-1.3.5/src/impls.rs:158:53
    |
158 |           impl<T> From<($(impl_tuple!(@T $t),)*)> for GenericArray<T, $len> {
    |                                                       ^^^^^^^^^^^^^^^^^^^^^
...
178 | / impl_tuple! {
179 | |     consts::U1  => (A,);
180 | |     consts::U2  => (A,B,);
181 | |     consts::U3  => (A,B,C,);
...   |
190 | |     consts::U12 => (A,B,C,D,E,F,G,H,I,J,K,L,);
191 | | }
    | |_- in this macro invocation
    |
    = help: consider increasing the recursion limit by adding a `#![recursion_limit = "256"]` attribute to your crate (`generic_array`)
note: required by a bound in `From`
   --> /home/adwin/.rustup/toolchains/nightly-x86_64-unknown-linux-gnu/lib/rustlib/src/rust/library/core/src/convert/mod.rs:587:26
    |
587 | pub const trait From<T>: Sized {
    |                          ^^^^^ required by this bound in `From`
    = note: this error originates in the macro `impl_tuple` (in Nightly builds, run with -Z macro-backtrace for more info)

error[E0275]: overflow evaluating the requirement `GenericArray<T, UInt<UInt<UInt<UInt<UTerm, ...>, ...>, ...>, ...>> well-formed`
   --> /home/adwin/.cargo/registry/src/mirrors.tuna.tsinghua.edu.cn-4dc01642fd091eda/generic-array-1.3.5/src/impls.rs:158:53
    |
158 |           impl<T> From<($(impl_tuple!(@T $t),)*)> for GenericArray<T, $len> {
    |                                                       ^^^^^^^^^^^^^^^^^^^^^
...
178 | / impl_tuple! {
179 | |     consts::U1  => (A,);
180 | |     consts::U2  => (A,B,);
181 | |     consts::U3  => (A,B,C,);
...   |
190 | |     consts::U12 => (A,B,C,D,E,F,G,H,I,J,K,L,);
191 | | }
    | |_- in this macro invocation
    |
    = help: consider increasing the recursion limit by adding a `#![recursion_limit = "256"]` attribute to your crate (`generic_array`)
    = note: this error originates in the macro `impl_tuple` (in Nightly builds, run with -Z macro-backtrace for more info)

error[E0275]: overflow evaluating the requirement `GenericArray<T, UInt<UInt<UInt<UInt<UTerm, ...>, ...>, ...>, ...>> well-formed`
   --> /home/adwin/.cargo/registry/src/mirrors.tuna.tsinghua.edu.cn-4dc01642fd091eda/generic-array-1.3.5/src/impls.rs:170:13
    |
170 |               fn from(array: GenericArray<T, $len>) -> Self {
    |               ^^^^^^^^^^^^^^^^^^^^^^^^^^^^^^^^^^^^^^^^^^^^^
...
178 | / impl_tuple! {
179 | |     consts::U1  => (A,);
180 | |     consts::U2  => (A,B,);
181 | |     consts::U3  => (A,B,C,);
...   |
190 | |     consts::U12 => (A,B,C,D,E,F,G,H,I,J,K,L,);
191 | | }
    | |_- in this macro invocation
    |
    = help: consider increasing the recursion limit by adding a `#![recursion_limit = "256"]` attribute to your crate (`generic_array`)
note: the requirement `GenericArray<T, UInt<UInt<UInt<UInt<UTerm, typenum::B1>, B0>, B0>, B0>> well-formed` appears on the `impl`'s associated function `from` but not on the corresponding trait's associated function
   --> /home/adwin/.rustup/toolchains/nightly-x86_64-unknown-linux-gnu/lib/rustlib/src/rust/library/core/src/convert/mod.rs:592:8
    |
587 | pub const trait From<T>: Sized {
    |                 ---- in this trait
...
592 |     fn from(value: T) -> Self;
    |        ^^^^ this trait's associated function doesn't have the requirement `GenericArray<T, UInt<UInt<UInt<UInt<UTerm, typenum::B1>, B0>, B0>, B0>> well-formed`
    = note: this error originates in the macro `impl_tuple` (in Nightly builds, run with -Z macro-backtrace for more info)

error[E0275]: overflow evaluating the requirement `GenericArray<T, UInt<UInt<UInt<UInt<UTerm, ...>, ...>, ...>, ...>>: Sized`
   --> /home/adwin/.cargo/registry/src/mirrors.tuna.tsinghua.edu.cn-4dc01642fd091eda/generic-array-1.3.5/src/impls.rs:167:17
    |
167 |           impl<T> From<GenericArray<T, $len>> for ($(impl_tuple!(@T $t),)*) {
    |                   ^^^^^^^^^^^^^^^^^^^^^^^^^^^
...
178 | / impl_tuple! {
179 | |     consts::U1  => (A,);
180 | |     consts::U2  => (A,B,);
181 | |     consts::U3  => (A,B,C,);
...   |
190 | |     consts::U12 => (A,B,C,D,E,F,G,H,I,J,K,L,);
191 | | }
    | |_- in this macro invocation
    |
    = help: consider increasing the recursion limit by adding a `#![recursion_limit = "256"]` attribute to your crate (`generic_array`)
note: required by an implicit `Sized` bound in `From`
   --> /home/adwin/.rustup/toolchains/nightly-x86_64-unknown-linux-gnu/lib/rustlib/src/rust/library/core/src/convert/mod.rs:587:22
    |
587 | pub const trait From<T>: Sized {
    |                      ^ required by the implicit `Sized` requirement on this type parameter in `From`
    = note: this error originates in the macro `impl_tuple` (in Nightly builds, run with -Z macro-backtrace for more info)

error[E0275]: overflow evaluating the requirement `GenericArray<T, UInt<UInt<UInt<UInt<UTerm, ...>, ...>, ...>, ...>> well-formed`
   --> /home/adwin/.cargo/registry/src/mirrors.tuna.tsinghua.edu.cn-4dc01642fd091eda/generic-array-1.3.5/src/impls.rs:167:17
    |
167 |           impl<T> From<GenericArray<T, $len>> for ($(impl_tuple!(@T $t),)*) {
    |                   ^^^^^^^^^^^^^^^^^^^^^^^^^^^
...
178 | / impl_tuple! {
179 | |     consts::U1  => (A,);
180 | |     consts::U2  => (A,B,);
181 | |     consts::U3  => (A,B,C,);
...   |
190 | |     consts::U12 => (A,B,C,D,E,F,G,H,I,J,K,L,);
191 | | }
    | |_- in this macro invocation
    |
    = help: consider increasing the recursion limit by adding a `#![recursion_limit = "256"]` attribute to your crate (`generic_array`)
    = note: this error originates in the macro `impl_tuple` (in Nightly builds, run with -Z macro-backtrace for more info)

error[E0275]: overflow evaluating the requirement `GenericArray<T, UInt<UInt<UInt<UInt<UTerm, ...>, ...>, ...>, ...>> well-formed`
   --> /home/adwin/.cargo/registry/src/mirrors.tuna.tsinghua.edu.cn-4dc01642fd091eda/generic-array-1.3.5/src/impls.rs:161:13
    |
161 |               fn from(tuple: ($(impl_tuple!(@T $t),)*)) -> Self {
    |               ^^^^^^^^^^^^^^^^^^^^^^^^^^^^^^^^^^^^^^^^^^^^^^^^^
...
178 | / impl_tuple! {
179 | |     consts::U1  => (A,);
180 | |     consts::U2  => (A,B,);
181 | |     consts::U3  => (A,B,C,);
...   |
190 | |     consts::U12 => (A,B,C,D,E,F,G,H,I,J,K,L,);
191 | | }
    | |_- in this macro invocation
    |
    = help: consider increasing the recursion limit by adding a `#![recursion_limit = "256"]` attribute to your crate (`generic_array`)
note: the requirement `GenericArray<T, UInt<UInt<UInt<UInt<UTerm, typenum::B1>, B0>, B0>, typenum::B1>> well-formed` appears on the `impl`'s associated function `from` but not on the corresponding trait's associated function
   --> /home/adwin/.rustup/toolchains/nightly-x86_64-unknown-linux-gnu/lib/rustlib/src/rust/library/core/src/convert/mod.rs:592:8
    |
587 | pub const trait From<T>: Sized {
    |                 ---- in this trait
...
592 |     fn from(value: T) -> Self;
    |        ^^^^ this trait's associated function doesn't have the requirement `GenericArray<T, UInt<UInt<UInt<UInt<UTerm, typenum::B1>, B0>, B0>, typenum::B1>> well-formed`
    = note: this error originates in the macro `impl_tuple` (in Nightly builds, run with -Z macro-backtrace for more info)

error[E0275]: overflow evaluating the requirement `GenericArray<T, UInt<UInt<UInt<UInt<UTerm, ...>, ...>, ...>, ...>> well-formed`
   --> /home/adwin/.cargo/registry/src/mirrors.tuna.tsinghua.edu.cn-4dc01642fd091eda/generic-array-1.3.5/src/impls.rs:170:13
    |
170 |               fn from(array: GenericArray<T, $len>) -> Self {
    |               ^^^^^^^^^^^^^^^^^^^^^^^^^^^^^^^^^^^^^^^^^^^^^
...
178 | / impl_tuple! {
179 | |     consts::U1  => (A,);
180 | |     consts::U2  => (A,B,);
181 | |     consts::U3  => (A,B,C,);
...   |
190 | |     consts::U12 => (A,B,C,D,E,F,G,H,I,J,K,L,);
191 | | }
    | |_- in this macro invocation
    |
    = help: consider increasing the recursion limit by adding a `#![recursion_limit = "256"]` attribute to your crate (`generic_array`)
note: the requirement `GenericArray<T, UInt<UInt<UInt<UInt<UTerm, typenum::B1>, B0>, B0>, typenum::B1>> well-formed` appears on the `impl`'s associated function `from` but not on the corresponding trait's associated function
   --> /home/adwin/.rustup/toolchains/nightly-x86_64-unknown-linux-gnu/lib/rustlib/src/rust/library/core/src/convert/mod.rs:592:8
    |
587 | pub const trait From<T>: Sized {
    |                 ---- in this trait
...
592 |     fn from(value: T) -> Self;
    |        ^^^^ this trait's associated function doesn't have the requirement `GenericArray<T, UInt<UInt<UInt<UInt<UTerm, typenum::B1>, B0>, B0>, typenum::B1>> well-formed`
    = note: this error originates in the macro `impl_tuple` (in Nightly builds, run with -Z macro-backtrace for more info)

error[E0275]: overflow evaluating the requirement `GenericArray<T, UInt<UInt<UInt<UInt<UTerm, ...>, ...>, ...>, ...>> well-formed`
   --> /home/adwin/.cargo/registry/src/mirrors.tuna.tsinghua.edu.cn-4dc01642fd091eda/generic-array-1.3.5/src/impls.rs:161:13
    |
161 |               fn from(tuple: ($(impl_tuple!(@T $t),)*)) -> Self {
    |               ^^^^^^^^^^^^^^^^^^^^^^^^^^^^^^^^^^^^^^^^^^^^^^^^^
...
178 | / impl_tuple! {
179 | |     consts::U1  => (A,);
180 | |     consts::U2  => (A,B,);
181 | |     consts::U3  => (A,B,C,);
...   |
190 | |     consts::U12 => (A,B,C,D,E,F,G,H,I,J,K,L,);
191 | | }
    | |_- in this macro invocation
    |
    = help: consider increasing the recursion limit by adding a `#![recursion_limit = "256"]` attribute to your crate (`generic_array`)
note: the requirement `GenericArray<T, UInt<UInt<UInt<UInt<UTerm, typenum::B1>, B0>, typenum::B1>, B0>> well-formed` appears on the `impl`'s associated function `from` but not on the corresponding trait's associated function
   --> /home/adwin/.rustup/toolchains/nightly-x86_64-unknown-linux-gnu/lib/rustlib/src/rust/library/core/src/convert/mod.rs:592:8
    |
587 | pub const trait From<T>: Sized {
    |                 ---- in this trait
...
592 |     fn from(value: T) -> Self;
    |        ^^^^ this trait's associated function doesn't have the requirement `GenericArray<T, UInt<UInt<UInt<UInt<UTerm, typenum::B1>, B0>, typenum::B1>, B0>> well-formed`
    = note: this error originates in the macro `impl_tuple` (in Nightly builds, run with -Z macro-backtrace for more info)

error[E0275]: overflow evaluating the requirement `GenericArray<T, UInt<UInt<UInt<UInt<UTerm, ...>, ...>, ...>, ...>> well-formed`
   --> /home/adwin/.cargo/registry/src/mirrors.tuna.tsinghua.edu.cn-4dc01642fd091eda/generic-array-1.3.5/src/impls.rs:170:13
    |
170 |               fn from(array: GenericArray<T, $len>) -> Self {
    |               ^^^^^^^^^^^^^^^^^^^^^^^^^^^^^^^^^^^^^^^^^^^^^
...
178 | / impl_tuple! {
179 | |     consts::U1  => (A,);
180 | |     consts::U2  => (A,B,);
181 | |     consts::U3  => (A,B,C,);
...   |
190 | |     consts::U12 => (A,B,C,D,E,F,G,H,I,J,K,L,);
191 | | }
    | |_- in this macro invocation
    |
    = help: consider increasing the recursion limit by adding a `#![recursion_limit = "256"]` attribute to your crate (`generic_array`)
note: the requirement `GenericArray<T, UInt<UInt<UInt<UInt<UTerm, typenum::B1>, B0>, typenum::B1>, B0>> well-formed` appears on the `impl`'s associated function `from` but not on the corresponding trait's associated function
   --> /home/adwin/.rustup/toolchains/nightly-x86_64-unknown-linux-gnu/lib/rustlib/src/rust/library/core/src/convert/mod.rs:592:8
    |
587 | pub const trait From<T>: Sized {
    |                 ---- in this trait
...
592 |     fn from(value: T) -> Self;
    |        ^^^^ this trait's associated function doesn't have the requirement `GenericArray<T, UInt<UInt<UInt<UInt<UTerm, typenum::B1>, B0>, typenum::B1>, B0>> well-formed`
    = note: this error originates in the macro `impl_tuple` (in Nightly builds, run with -Z macro-backtrace for more info)

error[E0275]: overflow evaluating the requirement `GenericArray<T, UInt<UInt<UInt<UInt<UTerm, ...>, ...>, ...>, ...>> well-formed`
   --> /home/adwin/.cargo/registry/src/mirrors.tuna.tsinghua.edu.cn-4dc01642fd091eda/generic-array-1.3.5/src/impls.rs:161:13
    |
161 |               fn from(tuple: ($(impl_tuple!(@T $t),)*)) -> Self {
    |               ^^^^^^^^^^^^^^^^^^^^^^^^^^^^^^^^^^^^^^^^^^^^^^^^^
...
178 | / impl_tuple! {
179 | |     consts::U1  => (A,);
180 | |     consts::U2  => (A,B,);
181 | |     consts::U3  => (A,B,C,);
...   |
190 | |     consts::U12 => (A,B,C,D,E,F,G,H,I,J,K,L,);
191 | | }
    | |_- in this macro invocation
    |
    = help: consider increasing the recursion limit by adding a `#![recursion_limit = "256"]` attribute to your crate (`generic_array`)
note: the requirement `GenericArray<T, UInt<UInt<UInt<UInt<UTerm, typenum::B1>, B0>, typenum::B1>, typenum::B1>> well-formed` appears on the `impl`'s associated function `from` but not on the corresponding trait's associated function
   --> /home/adwin/.rustup/toolchains/nightly-x86_64-unknown-linux-gnu/lib/rustlib/src/rust/library/core/src/convert/mod.rs:592:8
    |
587 | pub const trait From<T>: Sized {
    |                 ---- in this trait
...
592 |     fn from(value: T) -> Self;
    |        ^^^^ this trait's associated function doesn't have the requirement `GenericArray<T, UInt<UInt<UInt<UInt<UTerm, typenum::B1>, B0>, typenum::B1>, typenum::B1>> well-formed`
    = note: this error originates in the macro `impl_tuple` (in Nightly builds, run with -Z macro-backtrace for more info)

error[E0275]: overflow evaluating the requirement `GenericArray<T, UInt<UInt<UInt<UInt<UTerm, ...>, ...>, ...>, ...>> well-formed`
   --> /home/adwin/.cargo/registry/src/mirrors.tuna.tsinghua.edu.cn-4dc01642fd091eda/generic-array-1.3.5/src/impls.rs:170:13
    |
170 |               fn from(array: GenericArray<T, $len>) -> Self {
    |               ^^^^^^^^^^^^^^^^^^^^^^^^^^^^^^^^^^^^^^^^^^^^^
...
178 | / impl_tuple! {
179 | |     consts::U1  => (A,);
180 | |     consts::U2  => (A,B,);
181 | |     consts::U3  => (A,B,C,);
...   |
190 | |     consts::U12 => (A,B,C,D,E,F,G,H,I,J,K,L,);
191 | | }
    | |_- in this macro invocation
    |
    = help: consider increasing the recursion limit by adding a `#![recursion_limit = "256"]` attribute to your crate (`generic_array`)
note: the requirement `GenericArray<T, UInt<UInt<UInt<UInt<UTerm, typenum::B1>, B0>, typenum::B1>, typenum::B1>> well-formed` appears on the `impl`'s associated function `from` but not on the corresponding trait's associated function
   --> /home/adwin/.rustup/toolchains/nightly-x86_64-unknown-linux-gnu/lib/rustlib/src/rust/library/core/src/convert/mod.rs:592:8
    |
587 | pub const trait From<T>: Sized {
    |                 ---- in this trait
...
592 |     fn from(value: T) -> Self;
    |        ^^^^ this trait's associated function doesn't have the requirement `GenericArray<T, UInt<UInt<UInt<UInt<UTerm, typenum::B1>, B0>, typenum::B1>, typenum::B1>> well-formed`
    = note: this error originates in the macro `impl_tuple` (in Nightly builds, run with -Z macro-backtrace for more info)

error[E0275]: overflow evaluating the requirement `GenericArray<T, UInt<UInt<UInt<UInt<UTerm, ...>, ...>, ...>, ...>> well-formed`
   --> /home/adwin/.cargo/registry/src/mirrors.tuna.tsinghua.edu.cn-4dc01642fd091eda/generic-array-1.3.5/src/impls.rs:161:13
    |
161 |               fn from(tuple: ($(impl_tuple!(@T $t),)*)) -> Self {
    |               ^^^^^^^^^^^^^^^^^^^^^^^^^^^^^^^^^^^^^^^^^^^^^^^^^
...
178 | / impl_tuple! {
179 | |     consts::U1  => (A,);
180 | |     consts::U2  => (A,B,);
181 | |     consts::U3  => (A,B,C,);
...   |
190 | |     consts::U12 => (A,B,C,D,E,F,G,H,I,J,K,L,);
191 | | }
    | |_- in this macro invocation
    |
    = help: consider increasing the recursion limit by adding a `#![recursion_limit = "256"]` attribute to your crate (`generic_array`)
note: the requirement `GenericArray<T, UInt<UInt<UInt<UInt<UTerm, typenum::B1>, typenum::B1>, B0>, B0>> well-formed` appears on the `impl`'s associated function `from` but not on the corresponding trait's associated function
   --> /home/adwin/.rustup/toolchains/nightly-x86_64-unknown-linux-gnu/lib/rustlib/src/rust/library/core/src/convert/mod.rs:592:8
    |
587 | pub const trait From<T>: Sized {
    |                 ---- in this trait
...
592 |     fn from(value: T) -> Self;
    |        ^^^^ this trait's associated function doesn't have the requirement `GenericArray<T, UInt<UInt<UInt<UInt<UTerm, typenum::B1>, typenum::B1>, B0>, B0>> well-formed`
    = note: this error originates in the macro `impl_tuple` (in Nightly builds, run with -Z macro-backtrace for more info)

error[E0275]: overflow evaluating the requirement `GenericArray<T, UInt<UInt<UInt<UInt<UTerm, ...>, ...>, ...>, ...>> well-formed`
   --> /home/adwin/.cargo/registry/src/mirrors.tuna.tsinghua.edu.cn-4dc01642fd091eda/generic-array-1.3.5/src/impls.rs:170:13
    |
170 |               fn from(array: GenericArray<T, $len>) -> Self {
    |               ^^^^^^^^^^^^^^^^^^^^^^^^^^^^^^^^^^^^^^^^^^^^^
...
178 | / impl_tuple! {
179 | |     consts::U1  => (A,);
180 | |     consts::U2  => (A,B,);
181 | |     consts::U3  => (A,B,C,);
...   |
190 | |     consts::U12 => (A,B,C,D,E,F,G,H,I,J,K,L,);
191 | | }
    | |_- in this macro invocation
    |
    = help: consider increasing the recursion limit by adding a `#![recursion_limit = "256"]` attribute to your crate (`generic_array`)
note: the requirement `GenericArray<T, UInt<UInt<UInt<UInt<UTerm, typenum::B1>, typenum::B1>, B0>, B0>> well-formed` appears on the `impl`'s associated function `from` but not on the corresponding trait's associated function
   --> /home/adwin/.rustup/toolchains/nightly-x86_64-unknown-linux-gnu/lib/rustlib/src/rust/library/core/src/convert/mod.rs:592:8
    |
587 | pub const trait From<T>: Sized {
    |                 ---- in this trait
...
592 |     fn from(value: T) -> Self;
    |        ^^^^ this trait's associated function doesn't have the requirement `GenericArray<T, UInt<UInt<UInt<UInt<UTerm, typenum::B1>, typenum::B1>, B0>, B0>> well-formed`
    = note: this error originates in the macro `impl_tuple` (in Nightly builds, run with -Z macro-backtrace for more info)

error[E0275]: overflow evaluating the requirement `<Self as IsLess<<UInt<UTerm, typenum::B1> as Shl<<<... as typenum::ToUInt>::Output as Shl<...>>::Output>>::Output>>::Output == typenum::B1`
    |
    = help: consider increasing the recursion limit by adding a `#![recursion_limit = "256"]` attribute to your crate (`generic_array`)
note: required by a bound in `IsWithinUsizeBound`
   --> /home/adwin/.cargo/registry/src/mirrors.tuna.tsinghua.edu.cn-4dc01642fd091eda/generic-array-1.3.5/src/lib.rs:395:61
    |
395 | trait IsWithinUsizeBound: typenum::IsLess<MaxArrayLengthP1, Output = typenum::consts::True> {}
    |                                                             ^^^^^^^^^^^^^^^^^^^^^^^^^^^^^^ required by this bound in `IsWithinUsizeBound`

error[E0275]: overflow evaluating the requirement `<UInt<UTerm, typenum::B1> as Shl<<<Const<{ mem::size_of::<usize>() }> as typenum::ToUInt>::Output as Shl<...>>::Output>>::Output: Sized`
   --> /home/adwin/.cargo/registry/src/mirrors.tuna.tsinghua.edu.cn-4dc01642fd091eda/generic-array-1.3.5/src/lib.rs:395:27
    |
395 | trait IsWithinUsizeBound: typenum::IsLess<MaxArrayLengthP1, Output = typenum::consts::True> {}
    |                           ^^^^^^^^^^^^^^^^^^^^^^^^^^^^^^^^^^^^^^^^^^^^^^^^^^^^^^^^^^^^^^^^^
    |
    = help: consider increasing the recursion limit by adding a `#![recursion_limit = "256"]` attribute to your crate (`generic_array`)
note: required by an implicit `Sized` bound in `IsLess`
   --> /home/adwin/.cargo/registry/src/mirrors.tuna.tsinghua.edu.cn-4dc01642fd091eda/typenum-1.19.0/src/type_operators.rs:374:18
    |
374 | pub trait IsLess<Rhs = Self> {
    |                  ^^^^^^^^^^ required by the implicit `Sized` requirement on this type parameter in `IsLess`

error[E0275]: overflow evaluating the requirement `<UInt<UTerm, typenum::B1> as Shl<<<Const<{ mem::size_of::<usize>() }> as typenum::ToUInt>::Output as Shl<...>>::Output>>::Output: Sized`
   --> /home/adwin/.cargo/registry/src/mirrors.tuna.tsinghua.edu.cn-4dc01642fd091eda/generic-array-1.3.5/src/lib.rs:395:61
    |
395 | trait IsWithinUsizeBound: typenum::IsLess<MaxArrayLengthP1, Output = typenum::consts::True> {}
    |                                                             ^^^^^^^^^^^^^^^^^^^^^^^^^^^^^^
    |
    = help: consider increasing the recursion limit by adding a `#![recursion_limit = "256"]` attribute to your crate (`generic_array`)
note: required by an implicit `Sized` bound in `IsLess`
   --> /home/adwin/.cargo/registry/src/mirrors.tuna.tsinghua.edu.cn-4dc01642fd091eda/typenum-1.19.0/src/type_operators.rs:374:18
    |
374 | pub trait IsLess<Rhs = Self> {
    |                  ^^^^^^^^^^ required by the implicit `Sized` requirement on this type parameter in `IsLess`

error[E0275]: overflow evaluating the requirement `<UInt<UTerm, typenum::B1> as Shl<<<Const<{ mem::size_of::<usize>() }> as typenum::ToUInt>::Output as Shl<...>>::Output>>::Output well-formed`
   --> /home/adwin/.cargo/registry/src/mirrors.tuna.tsinghua.edu.cn-4dc01642fd091eda/generic-array-1.3.5/src/lib.rs:395:27
    |
395 | trait IsWithinUsizeBound: typenum::IsLess<MaxArrayLengthP1, Output = typenum::consts::True> {}
    |                           ^^^^^^^^^^^^^^^^^^^^^^^^^^^^^^^^^^^^^^^^^^^^^^^^^^^^^^^^^^^^^^^^^
    |
    = help: consider increasing the recursion limit by adding a `#![recursion_limit = "256"]` attribute to your crate (`generic_array`)

error[E0275]: overflow evaluating the requirement `<UInt<UTerm, typenum::B1> as Shl<<<Const<{ mem::size_of::<usize>() }> as typenum::ToUInt>::Output as Shl<...>>::Output>>::Output well-formed`
   --> /home/adwin/.cargo/registry/src/mirrors.tuna.tsinghua.edu.cn-4dc01642fd091eda/generic-array-1.3.5/src/lib.rs:395:61
    |
395 | trait IsWithinUsizeBound: typenum::IsLess<MaxArrayLengthP1, Output = typenum::consts::True> {}
    |                                                             ^^^^^^^^^^^^^^^^^^^^^^^^^^^^^^
    |
    = help: consider increasing the recursion limit by adding a `#![recursion_limit = "256"]` attribute to your crate (`generic_array`)

error[E0275]: overflow evaluating the requirement `N: IsWithinUsizeBound`
   --> /home/adwin/.cargo/registry/src/mirrors.tuna.tsinghua.edu.cn-4dc01642fd091eda/generic-array-1.3.5/src/lib.rs:397:32
    |
397 | impl<N> IsWithinUsizeBound for N where
    |                                ^
    |
    = help: consider increasing the recursion limit by adding a `#![recursion_limit = "256"]` attribute to your crate (`generic_array`)

error[E0275]: overflow evaluating the requirement `<UInt<UTerm, typenum::B1> as Shl<<<Const<{ mem::size_of::<usize>() }> as typenum::ToUInt>::Output as Shl<...>>::Output>>::Output: Sized`
   --> /home/adwin/.cargo/registry/src/mirrors.tuna.tsinghua.edu.cn-4dc01642fd091eda/generic-array-1.3.5/src/lib.rs:398:42
    |
398 |     N: typenum::IsLess<MaxArrayLengthP1, Output = typenum::consts::True>
    |                                          ^^^^^^^^^^^^^^^^^^^^^^^^^^^^^^
    |
    = help: consider increasing the recursion limit by adding a `#![recursion_limit = "256"]` attribute to your crate (`generic_array`)
note: required by an implicit `Sized` bound in `IsLess`
   --> /home/adwin/.cargo/registry/src/mirrors.tuna.tsinghua.edu.cn-4dc01642fd091eda/typenum-1.19.0/src/type_operators.rs:374:18
    |
374 | pub trait IsLess<Rhs = Self> {
    |                  ^^^^^^^^^^ required by the implicit `Sized` requirement on this type parameter in `IsLess`

error[E0275]: overflow evaluating the requirement `<UInt<UTerm, typenum::B1> as Shl<<<Const<{ mem::size_of::<usize>() }> as typenum::ToUInt>::Output as Shl<...>>::Output>>::Output: Sized`
   --> /home/adwin/.cargo/registry/src/mirrors.tuna.tsinghua.edu.cn-4dc01642fd091eda/generic-array-1.3.5/src/lib.rs:398:8
    |
398 |     N: typenum::IsLess<MaxArrayLengthP1, Output = typenum::consts::True>
    |        ^^^^^^^^^^^^^^^^^^^^^^^^^^^^^^^^^^^^^^^^^^^^^^^^^^^^^^^^^^^^^^^^^
    |
    = help: consider increasing the recursion limit by adding a `#![recursion_limit = "256"]` attribute to your crate (`generic_array`)
note: required by an implicit `Sized` bound in `IsLess`
   --> /home/adwin/.cargo/registry/src/mirrors.tuna.tsinghua.edu.cn-4dc01642fd091eda/typenum-1.19.0/src/type_operators.rs:374:18
    |
374 | pub trait IsLess<Rhs = Self> {
    |                  ^^^^^^^^^^ required by the implicit `Sized` requirement on this type parameter in `IsLess`

error[E0275]: overflow evaluating the requirement `<UInt<UTerm, typenum::B1> as Shl<<<Const<{ mem::size_of::<usize>() }> as typenum::ToUInt>::Output as Shl<...>>::Output>>::Output well-formed`
   --> /home/adwin/.cargo/registry/src/mirrors.tuna.tsinghua.edu.cn-4dc01642fd091eda/generic-array-1.3.5/src/lib.rs:398:42
    |
398 |     N: typenum::IsLess<MaxArrayLengthP1, Output = typenum::consts::True>
    |                                          ^^^^^^^^^^^^^^^^^^^^^^^^^^^^^^
    |
    = help: consider increasing the recursion limit by adding a `#![recursion_limit = "256"]` attribute to your crate (`generic_array`)

error[E0275]: overflow evaluating the requirement `<UInt<UTerm, typenum::B1> as Shl<<<Const<{ mem::size_of::<usize>() }> as typenum::ToUInt>::Output as Shl<...>>::Output>>::Output well-formed`
   --> /home/adwin/.cargo/registry/src/mirrors.tuna.tsinghua.edu.cn-4dc01642fd091eda/generic-array-1.3.5/src/lib.rs:398:8
    |
398 |     N: typenum::IsLess<MaxArrayLengthP1, Output = typenum::consts::True>
    |        ^^^^^^^^^^^^^^^^^^^^^^^^^^^^^^^^^^^^^^^^^^^^^^^^^^^^^^^^^^^^^^^^^
    |
    = help: consider increasing the recursion limit by adding a `#![recursion_limit = "256"]` attribute to your crate (`generic_array`)

error[E0275]: overflow evaluating the requirement `<UInt<N, B0> as IsLess<<UInt<UTerm, typenum::B1> as Shl<...>>::Output>>::Output == typenum::B1`
   --> /home/adwin/.cargo/registry/src/mirrors.tuna.tsinghua.edu.cn-4dc01642fd091eda/generic-array-1.3.5/src/lib.rs:404:11
    |
404 |     Self: IsWithinUsizeBound,
    |           ^^^^^^^^^^^^^^^^^^
    |
    = help: consider increasing the recursion limit by adding a `#![recursion_limit = "256"]` attribute to your crate (`generic_array`)
note: required by a bound in `IsWithinUsizeBound`
   --> /home/adwin/.cargo/registry/src/mirrors.tuna.tsinghua.edu.cn-4dc01642fd091eda/generic-array-1.3.5/src/lib.rs:395:61
    |
395 | trait IsWithinUsizeBound: typenum::IsLess<MaxArrayLengthP1, Output = typenum::consts::True> {}
    |                                                             ^^^^^^^^^^^^^^^^^^^^^^^^^^^^^^ required by this bound in `IsWithinUsizeBound`

error[E0275]: overflow evaluating the requirement `<UInt<N, typenum::B1> as IsLess<<UInt<UTerm, typenum::B1> as Shl<...>>::Output>>::Output == typenum::B1`
   --> /home/adwin/.cargo/registry/src/mirrors.tuna.tsinghua.edu.cn-4dc01642fd091eda/generic-array-1.3.5/src/lib.rs:412:11
    |
412 |     Self: IsWithinUsizeBound,
    |           ^^^^^^^^^^^^^^^^^^
    |
    = help: consider increasing the recursion limit by adding a `#![recursion_limit = "256"]` attribute to your crate (`generic_array`)
note: required by a bound in `IsWithinUsizeBound`
   --> /home/adwin/.cargo/registry/src/mirrors.tuna.tsinghua.edu.cn-4dc01642fd091eda/generic-array-1.3.5/src/lib.rs:395:61
    |
395 | trait IsWithinUsizeBound: typenum::IsLess<MaxArrayLengthP1, Output = typenum::consts::True> {}
    |                                                             ^^^^^^^^^^^^^^^^^^^^^^^^^^^^^^ required by this bound in `IsWithinUsizeBound`

error[E0275]: overflow evaluating the requirement `GenericArray<T, UInt<UTerm, typenum::B1>>: Sized`
   --> /home/adwin/.cargo/registry/src/mirrors.tuna.tsinghua.edu.cn-4dc01642fd091eda/generic-array-1.3.5/src/impls.rs:161:58
    |
161 |               fn from(tuple: ($(impl_tuple!(@T $t),)*)) -> Self {
    |                                                            ^^^^
...
178 | / impl_tuple! {
179 | |     consts::U1  => (A,);
180 | |     consts::U2  => (A,B,);
181 | |     consts::U3  => (A,B,C,);
...   |
190 | |     consts::U12 => (A,B,C,D,E,F,G,H,I,J,K,L,);
191 | | }
    | |_- in this macro invocation
    |
    = help: consider increasing the recursion limit by adding a `#![recursion_limit = "256"]` attribute to your crate (`generic_array`)
    = note: the return type of a function must have a statically known size
    = note: this error originates in the macro `impl_tuple` (in Nightly builds, run with -Z macro-backtrace for more info)

error[E0275]: overflow evaluating the requirement `GenericArray<T, UInt<UTerm, typenum::B1>> well-formed`
   --> /home/adwin/.cargo/registry/src/mirrors.tuna.tsinghua.edu.cn-4dc01642fd091eda/generic-array-1.3.5/src/impls.rs:161:58
    |
161 |               fn from(tuple: ($(impl_tuple!(@T $t),)*)) -> Self {
    |                                                            ^^^^
...
178 | / impl_tuple! {
179 | |     consts::U1  => (A,);
180 | |     consts::U2  => (A,B,);
181 | |     consts::U3  => (A,B,C,);
...   |
190 | |     consts::U12 => (A,B,C,D,E,F,G,H,I,J,K,L,);
191 | | }
    | |_- in this macro invocation
    |
    = help: consider increasing the recursion limit by adding a `#![recursion_limit = "256"]` attribute to your crate (`generic_array`)
    = note: this error originates in the macro `impl_tuple` (in Nightly builds, run with -Z macro-backtrace for more info)

error[E0275]: overflow evaluating the requirement `GenericArray<T, UInt<UTerm, typenum::B1>> well-formed`
   --> /home/adwin/.cargo/registry/src/mirrors.tuna.tsinghua.edu.cn-4dc01642fd091eda/generic-array-1.3.5/src/impls.rs:170:28
    |
170 |               fn from(array: GenericArray<T, $len>) -> Self {
    |                              ^^^^^^^^^^^^^^^^^^^^^
...
178 | / impl_tuple! {
179 | |     consts::U1  => (A,);
180 | |     consts::U2  => (A,B,);
181 | |     consts::U3  => (A,B,C,);
...   |
190 | |     consts::U12 => (A,B,C,D,E,F,G,H,I,J,K,L,);
191 | | }
    | |_- in this macro invocation
    |
    = help: consider increasing the recursion limit by adding a `#![recursion_limit = "256"]` attribute to your crate (`generic_array`)
    = note: this error originates in the macro `impl_tuple` (in Nightly builds, run with -Z macro-backtrace for more info)

error[E0275]: overflow evaluating the requirement `GenericArray<T, UInt<UInt<UTerm, typenum::B1>, B0>>: Sized`
   --> /home/adwin/.cargo/registry/src/mirrors.tuna.tsinghua.edu.cn-4dc01642fd091eda/generic-array-1.3.5/src/impls.rs:161:58
    |
161 |               fn from(tuple: ($(impl_tuple!(@T $t),)*)) -> Self {
    |                                                            ^^^^
...
178 | / impl_tuple! {
179 | |     consts::U1  => (A,);
180 | |     consts::U2  => (A,B,);
181 | |     consts::U3  => (A,B,C,);
...   |
190 | |     consts::U12 => (A,B,C,D,E,F,G,H,I,J,K,L,);
191 | | }
    | |_- in this macro invocation
    |
    = help: consider increasing the recursion limit by adding a `#![recursion_limit = "256"]` attribute to your crate (`generic_array`)
    = note: the return type of a function must have a statically known size
    = note: this error originates in the macro `impl_tuple` (in Nightly builds, run with -Z macro-backtrace for more info)

error[E0275]: overflow evaluating the requirement `GenericArray<T, UInt<UInt<UTerm, typenum::B1>, B0>> well-formed`
   --> /home/adwin/.cargo/registry/src/mirrors.tuna.tsinghua.edu.cn-4dc01642fd091eda/generic-array-1.3.5/src/impls.rs:161:58
    |
161 |               fn from(tuple: ($(impl_tuple!(@T $t),)*)) -> Self {
    |                                                            ^^^^
...
178 | / impl_tuple! {
179 | |     consts::U1  => (A,);
180 | |     consts::U2  => (A,B,);
181 | |     consts::U3  => (A,B,C,);
...   |
190 | |     consts::U12 => (A,B,C,D,E,F,G,H,I,J,K,L,);
191 | | }
    | |_- in this macro invocation
    |
    = help: consider increasing the recursion limit by adding a `#![recursion_limit = "256"]` attribute to your crate (`generic_array`)
    = note: this error originates in the macro `impl_tuple` (in Nightly builds, run with -Z macro-backtrace for more info)

error[E0275]: overflow evaluating the requirement `GenericArray<T, UInt<UInt<UTerm, typenum::B1>, B0>> well-formed`
   --> /home/adwin/.cargo/registry/src/mirrors.tuna.tsinghua.edu.cn-4dc01642fd091eda/generic-array-1.3.5/src/impls.rs:170:28
    |
170 |               fn from(array: GenericArray<T, $len>) -> Self {
    |                              ^^^^^^^^^^^^^^^^^^^^^
...
178 | / impl_tuple! {
179 | |     consts::U1  => (A,);
180 | |     consts::U2  => (A,B,);
181 | |     consts::U3  => (A,B,C,);
...   |
190 | |     consts::U12 => (A,B,C,D,E,F,G,H,I,J,K,L,);
191 | | }
    | |_- in this macro invocation
    |
    = help: consider increasing the recursion limit by adding a `#![recursion_limit = "256"]` attribute to your crate (`generic_array`)
    = note: this error originates in the macro `impl_tuple` (in Nightly builds, run with -Z macro-backtrace for more info)

error[E0275]: overflow evaluating the requirement `GenericArray<T, UInt<UInt<UTerm, typenum::B1>, typenum::B1>>: Sized`
   --> /home/adwin/.cargo/registry/src/mirrors.tuna.tsinghua.edu.cn-4dc01642fd091eda/generic-array-1.3.5/src/impls.rs:161:58
    |
161 |               fn from(tuple: ($(impl_tuple!(@T $t),)*)) -> Self {
    |                                                            ^^^^
...
178 | / impl_tuple! {
179 | |     consts::U1  => (A,);
180 | |     consts::U2  => (A,B,);
181 | |     consts::U3  => (A,B,C,);
...   |
190 | |     consts::U12 => (A,B,C,D,E,F,G,H,I,J,K,L,);
191 | | }
    | |_- in this macro invocation
    |
    = help: consider increasing the recursion limit by adding a `#![recursion_limit = "256"]` attribute to your crate (`generic_array`)
    = note: the return type of a function must have a statically known size
    = note: this error originates in the macro `impl_tuple` (in Nightly builds, run with -Z macro-backtrace for more info)

error[E0275]: overflow evaluating the requirement `GenericArray<T, UInt<UInt<UTerm, typenum::B1>, typenum::B1>> well-formed`
   --> /home/adwin/.cargo/registry/src/mirrors.tuna.tsinghua.edu.cn-4dc01642fd091eda/generic-array-1.3.5/src/impls.rs:161:58
    |
161 |               fn from(tuple: ($(impl_tuple!(@T $t),)*)) -> Self {
    |                                                            ^^^^
...
178 | / impl_tuple! {
179 | |     consts::U1  => (A,);
180 | |     consts::U2  => (A,B,);
181 | |     consts::U3  => (A,B,C,);
...   |
190 | |     consts::U12 => (A,B,C,D,E,F,G,H,I,J,K,L,);
191 | | }
    | |_- in this macro invocation
    |
    = help: consider increasing the recursion limit by adding a `#![recursion_limit = "256"]` attribute to your crate (`generic_array`)
    = note: this error originates in the macro `impl_tuple` (in Nightly builds, run with -Z macro-backtrace for more info)

error[E0275]: overflow evaluating the requirement `GenericArray<T, UInt<UInt<UTerm, typenum::B1>, typenum::B1>> well-formed`
   --> /home/adwin/.cargo/registry/src/mirrors.tuna.tsinghua.edu.cn-4dc01642fd091eda/generic-array-1.3.5/src/impls.rs:170:28
    |
170 |               fn from(array: GenericArray<T, $len>) -> Self {
    |                              ^^^^^^^^^^^^^^^^^^^^^
...
178 | / impl_tuple! {
179 | |     consts::U1  => (A,);
180 | |     consts::U2  => (A,B,);
181 | |     consts::U3  => (A,B,C,);
...   |
190 | |     consts::U12 => (A,B,C,D,E,F,G,H,I,J,K,L,);
191 | | }
    | |_- in this macro invocation
    |
    = help: consider increasing the recursion limit by adding a `#![recursion_limit = "256"]` attribute to your crate (`generic_array`)
    = note: this error originates in the macro `impl_tuple` (in Nightly builds, run with -Z macro-backtrace for more info)

error[E0275]: overflow evaluating the requirement `GenericArray<T, UInt<UInt<UInt<UTerm, typenum::B1>, ...>, ...>>: Sized`
   --> /home/adwin/.cargo/registry/src/mirrors.tuna.tsinghua.edu.cn-4dc01642fd091eda/generic-array-1.3.5/src/impls.rs:161:58
    |
161 |               fn from(tuple: ($(impl_tuple!(@T $t),)*)) -> Self {
    |                                                            ^^^^
...
178 | / impl_tuple! {
179 | |     consts::U1  => (A,);
180 | |     consts::U2  => (A,B,);
181 | |     consts::U3  => (A,B,C,);
...   |
190 | |     consts::U12 => (A,B,C,D,E,F,G,H,I,J,K,L,);
191 | | }
    | |_- in this macro invocation
    |
    = help: consider increasing the recursion limit by adding a `#![recursion_limit = "256"]` attribute to your crate (`generic_array`)
    = note: the return type of a function must have a statically known size
    = note: this error originates in the macro `impl_tuple` (in Nightly builds, run with -Z macro-backtrace for more info)

error[E0275]: overflow evaluating the requirement `GenericArray<T, UInt<UInt<UInt<UTerm, typenum::B1>, ...>, ...>> well-formed`
   --> /home/adwin/.cargo/registry/src/mirrors.tuna.tsinghua.edu.cn-4dc01642fd091eda/generic-array-1.3.5/src/impls.rs:161:58
    |
161 |               fn from(tuple: ($(impl_tuple!(@T $t),)*)) -> Self {
    |                                                            ^^^^
...
178 | / impl_tuple! {
179 | |     consts::U1  => (A,);
180 | |     consts::U2  => (A,B,);
181 | |     consts::U3  => (A,B,C,);
...   |
190 | |     consts::U12 => (A,B,C,D,E,F,G,H,I,J,K,L,);
191 | | }
    | |_- in this macro invocation
    |
    = help: consider increasing the recursion limit by adding a `#![recursion_limit = "256"]` attribute to your crate (`generic_array`)
    = note: this error originates in the macro `impl_tuple` (in Nightly builds, run with -Z macro-backtrace for more info)

error[E0275]: overflow evaluating the requirement `GenericArray<T, UInt<UInt<UInt<UTerm, typenum::B1>, ...>, ...>> well-formed`
   --> /home/adwin/.cargo/registry/src/mirrors.tuna.tsinghua.edu.cn-4dc01642fd091eda/generic-array-1.3.5/src/impls.rs:170:28
    |
170 |               fn from(array: GenericArray<T, $len>) -> Self {
    |                              ^^^^^^^^^^^^^^^^^^^^^
...
178 | / impl_tuple! {
179 | |     consts::U1  => (A,);
180 | |     consts::U2  => (A,B,);
181 | |     consts::U3  => (A,B,C,);
...   |
190 | |     consts::U12 => (A,B,C,D,E,F,G,H,I,J,K,L,);
191 | | }
    | |_- in this macro invocation
    |
    = help: consider increasing the recursion limit by adding a `#![recursion_limit = "256"]` attribute to your crate (`generic_array`)
    = note: this error originates in the macro `impl_tuple` (in Nightly builds, run with -Z macro-backtrace for more info)

error[E0275]: overflow evaluating the requirement `GenericArray<T, UInt<UInt<UInt<UInt<UTerm, ...>, ...>, ...>, ...>>: Sized`
   --> /home/adwin/.cargo/registry/src/mirrors.tuna.tsinghua.edu.cn-4dc01642fd091eda/generic-array-1.3.5/src/impls.rs:161:58
    |
161 |               fn from(tuple: ($(impl_tuple!(@T $t),)*)) -> Self {
    |                                                            ^^^^
...
178 | / impl_tuple! {
179 | |     consts::U1  => (A,);
180 | |     consts::U2  => (A,B,);
181 | |     consts::U3  => (A,B,C,);
...   |
190 | |     consts::U12 => (A,B,C,D,E,F,G,H,I,J,K,L,);
191 | | }
    | |_- in this macro invocation
    |
    = help: consider increasing the recursion limit by adding a `#![recursion_limit = "256"]` attribute to your crate (`generic_array`)
    = note: the return type of a function must have a statically known size
    = note: this error originates in the macro `impl_tuple` (in Nightly builds, run with -Z macro-backtrace for more info)

error[E0275]: overflow evaluating the requirement `GenericArray<T, UInt<UInt<UInt<UInt<UTerm, ...>, ...>, ...>, ...>> well-formed`
   --> /home/adwin/.cargo/registry/src/mirrors.tuna.tsinghua.edu.cn-4dc01642fd091eda/generic-array-1.3.5/src/impls.rs:161:58
    |
161 |               fn from(tuple: ($(impl_tuple!(@T $t),)*)) -> Self {
    |                                                            ^^^^
...
178 | / impl_tuple! {
179 | |     consts::U1  => (A,);
180 | |     consts::U2  => (A,B,);
181 | |     consts::U3  => (A,B,C,);
...   |
190 | |     consts::U12 => (A,B,C,D,E,F,G,H,I,J,K,L,);
191 | | }
    | |_- in this macro invocation
    |
    = help: consider increasing the recursion limit by adding a `#![recursion_limit = "256"]` attribute to your crate (`generic_array`)
    = note: this error originates in the macro `impl_tuple` (in Nightly builds, run with -Z macro-backtrace for more info)

error[E0275]: overflow evaluating the requirement `GenericArray<T, UInt<UInt<UInt<UInt<UTerm, ...>, ...>, ...>, ...>> well-formed`
   --> /home/adwin/.cargo/registry/src/mirrors.tuna.tsinghua.edu.cn-4dc01642fd091eda/generic-array-1.3.5/src/impls.rs:170:28
    |
170 |               fn from(array: GenericArray<T, $len>) -> Self {
    |                              ^^^^^^^^^^^^^^^^^^^^^
...
178 | / impl_tuple! {
179 | |     consts::U1  => (A,);
180 | |     consts::U2  => (A,B,);
181 | |     consts::U3  => (A,B,C,);
...   |
190 | |     consts::U12 => (A,B,C,D,E,F,G,H,I,J,K,L,);
191 | | }
    | |_- in this macro invocation
    |
    = help: consider increasing the recursion limit by adding a `#![recursion_limit = "256"]` attribute to your crate (`generic_array`)
    = note: this error originates in the macro `impl_tuple` (in Nightly builds, run with -Z macro-backtrace for more info)

error[E0275]: overflow evaluating the requirement `UInt<UTerm, typenum::B1>: ArrayLength`
   --> /home/adwin/.cargo/registry/src/mirrors.tuna.tsinghua.edu.cn-4dc01642fd091eda/generic-array-1.3.5/src/impls.rs:163:17
    |
163 |                   GenericArray::from_array([$($t,)*])
    |                   ^^^^^^^^^^^^^^^^^^^^^^^^^^^^^^^^^^^
...
178 | / impl_tuple! {
179 | |     consts::U1  => (A,);
180 | |     consts::U2  => (A,B,);
181 | |     consts::U3  => (A,B,C,);
...   |
190 | |     consts::U12 => (A,B,C,D,E,F,G,H,I,J,K,L,);
191 | | }
    | |_- in this macro invocation
    |
    = help: consider increasing the recursion limit by adding a `#![recursion_limit = "256"]` attribute to your crate (`generic_array`)
note: required by a bound in `GenericArray::<T, N>::from_array`
   --> /home/adwin/.cargo/registry/src/mirrors.tuna.tsinghua.edu.cn-4dc01642fd091eda/generic-array-1.3.5/src/lib.rs:773:12
    |
773 | impl<T, N: ArrayLength> GenericArray<T, N> {
    |            ^^^^^^^^^^^ required by this bound in `GenericArray::<T, N>::from_array`
...
940 |     pub const fn from_array<const U: usize>(value: [T; U]) -> Self
    |                  ---------- required by a bound in this associated function
    = note: this error originates in the macro `impl_tuple` (in Nightly builds, run with -Z macro-backtrace for more info)

error[E0275]: overflow evaluating the requirement `Const<1>: IntoArrayLength`
   --> /home/adwin/.cargo/registry/src/mirrors.tuna.tsinghua.edu.cn-4dc01642fd091eda/generic-array-1.3.5/src/impls.rs:163:17
    |
163 |                   GenericArray::from_array([$($t,)*])
    |                   ^^^^^^^^^^^^^^^^^^^^^^^^^^^^^^^^^^^
...
178 | / impl_tuple! {
179 | |     consts::U1  => (A,);
180 | |     consts::U2  => (A,B,);
181 | |     consts::U3  => (A,B,C,);
...   |
190 | |     consts::U12 => (A,B,C,D,E,F,G,H,I,J,K,L,);
191 | | }
    | |_- in this macro invocation
    |
    = help: consider increasing the recursion limit by adding a `#![recursion_limit = "256"]` attribute to your crate (`generic_array`)
note: required by a bound in `GenericArray::<T, N>::from_array`
   --> /home/adwin/.cargo/registry/src/mirrors.tuna.tsinghua.edu.cn-4dc01642fd091eda/generic-array-1.3.5/src/lib.rs:942:19
    |
940 |     pub const fn from_array<const U: usize>(value: [T; U]) -> Self
    |                  ---------- required by a bound in this associated function
941 |     where
942 |         Const<U>: IntoArrayLength<ArrayLength = N>,
    |                   ^^^^^^^^^^^^^^^^^^^^^^^^^^^^^^^^ required by this bound in `GenericArray::<T, N>::from_array`
    = note: this error originates in the macro `impl_tuple` (in Nightly builds, run with -Z macro-backtrace for more info)

error[E0275]: overflow evaluating the requirement `<Const<1> as IntoArrayLength>::ArrayLength == UInt<UTerm, typenum::B1>`
   --> /home/adwin/.cargo/registry/src/mirrors.tuna.tsinghua.edu.cn-4dc01642fd091eda/generic-array-1.3.5/src/impls.rs:163:17
    |
163 |                   GenericArray::from_array([$($t,)*])
    |                   ^^^^^^^^^^^^^^^^^^^^^^^^^^^^^^^^^^^
...
178 | / impl_tuple! {
179 | |     consts::U1  => (A,);
180 | |     consts::U2  => (A,B,);
181 | |     consts::U3  => (A,B,C,);
...   |
190 | |     consts::U12 => (A,B,C,D,E,F,G,H,I,J,K,L,);
191 | | }
    | |_- in this macro invocation
    |
    = help: consider increasing the recursion limit by adding a `#![recursion_limit = "256"]` attribute to your crate (`generic_array`)
note: required by a bound in `GenericArray::<T, N>::from_array`
   --> /home/adwin/.cargo/registry/src/mirrors.tuna.tsinghua.edu.cn-4dc01642fd091eda/generic-array-1.3.5/src/lib.rs:942:35
    |
940 |     pub const fn from_array<const U: usize>(value: [T; U]) -> Self
    |                  ---------- required by a bound in this associated function
941 |     where
942 |         Const<U>: IntoArrayLength<ArrayLength = N>,
    |                                   ^^^^^^^^^^^^^^^ required by this bound in `GenericArray::<T, N>::from_array`
    = note: this error originates in the macro `impl_tuple` (in Nightly builds, run with -Z macro-backtrace for more info)

error[E0275]: overflow evaluating the requirement `GenericArray<T, UInt<UTerm, typenum::B1>>: Sized`
   --> /home/adwin/.cargo/registry/src/mirrors.tuna.tsinghua.edu.cn-4dc01642fd091eda/generic-array-1.3.5/src/impls.rs:163:17
    |
163 |                   GenericArray::from_array([$($t,)*])
    |                   ^^^^^^^^^^^^^^^^^^^^^^^^^^^^^^^^^^^
...
178 | / impl_tuple! {
179 | |     consts::U1  => (A,);
180 | |     consts::U2  => (A,B,);
181 | |     consts::U3  => (A,B,C,);
...   |
190 | |     consts::U12 => (A,B,C,D,E,F,G,H,I,J,K,L,);
191 | | }
    | |_- in this macro invocation
    |
    = help: consider increasing the recursion limit by adding a `#![recursion_limit = "256"]` attribute to your crate (`generic_array`)
    = note: the return type of a function must have a statically known size
    = note: this error originates in the macro `impl_tuple` (in Nightly builds, run with -Z macro-backtrace for more info)

error[E0275]: overflow evaluating the requirement `GenericArray<T, UInt<UTerm, typenum::B1>> well-formed`
   --> /home/adwin/.cargo/registry/src/mirrors.tuna.tsinghua.edu.cn-4dc01642fd091eda/generic-array-1.3.5/src/impls.rs:163:17
    |
163 |                   GenericArray::from_array([$($t,)*])
    |                   ^^^^^^^^^^^^
...
178 | / impl_tuple! {
179 | |     consts::U1  => (A,);
180 | |     consts::U2  => (A,B,);
181 | |     consts::U3  => (A,B,C,);
...   |
190 | |     consts::U12 => (A,B,C,D,E,F,G,H,I,J,K,L,);
191 | | }
    | |_- in this macro invocation
    |
    = help: consider increasing the recursion limit by adding a `#![recursion_limit = "256"]` attribute to your crate (`generic_array`)
    = note: this error originates in the macro `impl_tuple` (in Nightly builds, run with -Z macro-backtrace for more info)

error[E0275]: overflow evaluating the requirement `GenericArray<T, UInt<UTerm, typenum::B1>> well-formed`
   --> /home/adwin/.cargo/registry/src/mirrors.tuna.tsinghua.edu.cn-4dc01642fd091eda/generic-array-1.3.5/src/impls.rs:163:17
    |
163 |                   GenericArray::from_array([$($t,)*])
    |                   ^^^^^^^^^^^^^^^^^^^^^^^^^^^^^^^^^^^
...
178 | / impl_tuple! {
179 | |     consts::U1  => (A,);
180 | |     consts::U2  => (A,B,);
181 | |     consts::U3  => (A,B,C,);
...   |
190 | |     consts::U12 => (A,B,C,D,E,F,G,H,I,J,K,L,);
191 | | }
    | |_- in this macro invocation
    |
    = help: consider increasing the recursion limit by adding a `#![recursion_limit = "256"]` attribute to your crate (`generic_array`)
    = note: this error originates in the macro `impl_tuple` (in Nightly builds, run with -Z macro-backtrace for more info)

error[E0282]: type annotations needed
   --> /home/adwin/.cargo/registry/src/mirrors.tuna.tsinghua.edu.cn-4dc01642fd091eda/generic-array-1.3.5/src/impls.rs:171:33
    |
171 |                   let [$($t),*] = array.into_array();
    |                                   ^^^^^ cannot infer type
...
178 | / impl_tuple! {
179 | |     consts::U1  => (A,);
180 | |     consts::U2  => (A,B,);
181 | |     consts::U3  => (A,B,C,);
...   |
190 | |     consts::U12 => (A,B,C,D,E,F,G,H,I,J,K,L,);
191 | | }
    | |_- in this macro invocation
    |
    = note: this error originates in the macro `impl_tuple` (in Nightly builds, run with -Z macro-backtrace for more info)

error[E0275]: overflow evaluating the requirement `UInt<UInt<UTerm, typenum::B1>, B0>: ArrayLength`
   --> /home/adwin/.cargo/registry/src/mirrors.tuna.tsinghua.edu.cn-4dc01642fd091eda/generic-array-1.3.5/src/impls.rs:163:17
    |
163 |                   GenericArray::from_array([$($t,)*])
    |                   ^^^^^^^^^^^^^^^^^^^^^^^^^^^^^^^^^^^
...
178 | / impl_tuple! {
179 | |     consts::U1  => (A,);
180 | |     consts::U2  => (A,B,);
181 | |     consts::U3  => (A,B,C,);
...   |
190 | |     consts::U12 => (A,B,C,D,E,F,G,H,I,J,K,L,);
191 | | }
    | |_- in this macro invocation
    |
    = help: consider increasing the recursion limit by adding a `#![recursion_limit = "256"]` attribute to your crate (`generic_array`)
note: required by a bound in `GenericArray::<T, N>::from_array`
   --> /home/adwin/.cargo/registry/src/mirrors.tuna.tsinghua.edu.cn-4dc01642fd091eda/generic-array-1.3.5/src/lib.rs:773:12
    |
773 | impl<T, N: ArrayLength> GenericArray<T, N> {
    |            ^^^^^^^^^^^ required by this bound in `GenericArray::<T, N>::from_array`
...
940 |     pub const fn from_array<const U: usize>(value: [T; U]) -> Self
    |                  ---------- required by a bound in this associated function
    = note: this error originates in the macro `impl_tuple` (in Nightly builds, run with -Z macro-backtrace for more info)

error[E0275]: overflow evaluating the requirement `Const<2>: IntoArrayLength`
   --> /home/adwin/.cargo/registry/src/mirrors.tuna.tsinghua.edu.cn-4dc01642fd091eda/generic-array-1.3.5/src/impls.rs:163:17
    |
163 |                   GenericArray::from_array([$($t,)*])
    |                   ^^^^^^^^^^^^^^^^^^^^^^^^^^^^^^^^^^^
...
178 | / impl_tuple! {
179 | |     consts::U1  => (A,);
180 | |     consts::U2  => (A,B,);
181 | |     consts::U3  => (A,B,C,);
...   |
190 | |     consts::U12 => (A,B,C,D,E,F,G,H,I,J,K,L,);
191 | | }
    | |_- in this macro invocation
    |
    = help: consider increasing the recursion limit by adding a `#![recursion_limit = "256"]` attribute to your crate (`generic_array`)
note: required by a bound in `GenericArray::<T, N>::from_array`
   --> /home/adwin/.cargo/registry/src/mirrors.tuna.tsinghua.edu.cn-4dc01642fd091eda/generic-array-1.3.5/src/lib.rs:942:19
    |
940 |     pub const fn from_array<const U: usize>(value: [T; U]) -> Self
    |                  ---------- required by a bound in this associated function
941 |     where
942 |         Const<U>: IntoArrayLength<ArrayLength = N>,
    |                   ^^^^^^^^^^^^^^^^^^^^^^^^^^^^^^^^ required by this bound in `GenericArray::<T, N>::from_array`
    = note: this error originates in the macro `impl_tuple` (in Nightly builds, run with -Z macro-backtrace for more info)

error[E0275]: overflow evaluating the requirement `<Const<2> as IntoArrayLength>::ArrayLength == UInt<UInt<UTerm, typenum::B1>, B0>`
   --> /home/adwin/.cargo/registry/src/mirrors.tuna.tsinghua.edu.cn-4dc01642fd091eda/generic-array-1.3.5/src/impls.rs:163:17
    |
163 |                   GenericArray::from_array([$($t,)*])
    |                   ^^^^^^^^^^^^^^^^^^^^^^^^^^^^^^^^^^^
...
178 | / impl_tuple! {
179 | |     consts::U1  => (A,);
180 | |     consts::U2  => (A,B,);
181 | |     consts::U3  => (A,B,C,);
...   |
190 | |     consts::U12 => (A,B,C,D,E,F,G,H,I,J,K,L,);
191 | | }
    | |_- in this macro invocation
    |
    = help: consider increasing the recursion limit by adding a `#![recursion_limit = "256"]` attribute to your crate (`generic_array`)
note: required by a bound in `GenericArray::<T, N>::from_array`
   --> /home/adwin/.cargo/registry/src/mirrors.tuna.tsinghua.edu.cn-4dc01642fd091eda/generic-array-1.3.5/src/lib.rs:942:35
    |
940 |     pub const fn from_array<const U: usize>(value: [T; U]) -> Self
    |                  ---------- required by a bound in this associated function
941 |     where
942 |         Const<U>: IntoArrayLength<ArrayLength = N>,
    |                                   ^^^^^^^^^^^^^^^ required by this bound in `GenericArray::<T, N>::from_array`
    = note: this error originates in the macro `impl_tuple` (in Nightly builds, run with -Z macro-backtrace for more info)

error[E0275]: overflow evaluating the requirement `GenericArray<T, UInt<UInt<UTerm, typenum::B1>, B0>>: Sized`
   --> /home/adwin/.cargo/registry/src/mirrors.tuna.tsinghua.edu.cn-4dc01642fd091eda/generic-array-1.3.5/src/impls.rs:163:17
    |
163 |                   GenericArray::from_array([$($t,)*])
    |                   ^^^^^^^^^^^^^^^^^^^^^^^^^^^^^^^^^^^
...
178 | / impl_tuple! {
179 | |     consts::U1  => (A,);
180 | |     consts::U2  => (A,B,);
181 | |     consts::U3  => (A,B,C,);
...   |
190 | |     consts::U12 => (A,B,C,D,E,F,G,H,I,J,K,L,);
191 | | }
    | |_- in this macro invocation
    |
    = help: consider increasing the recursion limit by adding a `#![recursion_limit = "256"]` attribute to your crate (`generic_array`)
    = note: the return type of a function must have a statically known size
    = note: this error originates in the macro `impl_tuple` (in Nightly builds, run with -Z macro-backtrace for more info)

error[E0275]: overflow evaluating the requirement `GenericArray<T, UInt<UInt<UTerm, typenum::B1>, B0>> well-formed`
   --> /home/adwin/.cargo/registry/src/mirrors.tuna.tsinghua.edu.cn-4dc01642fd091eda/generic-array-1.3.5/src/impls.rs:163:17
    |
163 |                   GenericArray::from_array([$($t,)*])
    |                   ^^^^^^^^^^^^
...
178 | / impl_tuple! {
179 | |     consts::U1  => (A,);
180 | |     consts::U2  => (A,B,);
181 | |     consts::U3  => (A,B,C,);
...   |
190 | |     consts::U12 => (A,B,C,D,E,F,G,H,I,J,K,L,);
191 | | }
    | |_- in this macro invocation
    |
    = help: consider increasing the recursion limit by adding a `#![recursion_limit = "256"]` attribute to your crate (`generic_array`)
    = note: this error originates in the macro `impl_tuple` (in Nightly builds, run with -Z macro-backtrace for more info)

error[E0275]: overflow evaluating the requirement `GenericArray<T, UInt<UInt<UTerm, typenum::B1>, B0>> well-formed`
   --> /home/adwin/.cargo/registry/src/mirrors.tuna.tsinghua.edu.cn-4dc01642fd091eda/generic-array-1.3.5/src/impls.rs:163:17
    |
163 |                   GenericArray::from_array([$($t,)*])
    |                   ^^^^^^^^^^^^^^^^^^^^^^^^^^^^^^^^^^^
...
178 | / impl_tuple! {
179 | |     consts::U1  => (A,);
180 | |     consts::U2  => (A,B,);
181 | |     consts::U3  => (A,B,C,);
...   |
190 | |     consts::U12 => (A,B,C,D,E,F,G,H,I,J,K,L,);
191 | | }
    | |_- in this macro invocation
    |
    = help: consider increasing the recursion limit by adding a `#![recursion_limit = "256"]` attribute to your crate (`generic_array`)
    = note: this error originates in the macro `impl_tuple` (in Nightly builds, run with -Z macro-backtrace for more info)

error[E0275]: overflow evaluating the requirement `UInt<UInt<UTerm, typenum::B1>, typenum::B1>: ArrayLength`
   --> /home/adwin/.cargo/registry/src/mirrors.tuna.tsinghua.edu.cn-4dc01642fd091eda/generic-array-1.3.5/src/impls.rs:163:17
    |
163 |                   GenericArray::from_array([$($t,)*])
    |                   ^^^^^^^^^^^^^^^^^^^^^^^^^^^^^^^^^^^
...
178 | / impl_tuple! {
179 | |     consts::U1  => (A,);
180 | |     consts::U2  => (A,B,);
181 | |     consts::U3  => (A,B,C,);
...   |
190 | |     consts::U12 => (A,B,C,D,E,F,G,H,I,J,K,L,);
191 | | }
    | |_- in this macro invocation
    |
    = help: consider increasing the recursion limit by adding a `#![recursion_limit = "256"]` attribute to your crate (`generic_array`)
note: required by a bound in `GenericArray::<T, N>::from_array`
   --> /home/adwin/.cargo/registry/src/mirrors.tuna.tsinghua.edu.cn-4dc01642fd091eda/generic-array-1.3.5/src/lib.rs:773:12
    |
773 | impl<T, N: ArrayLength> GenericArray<T, N> {
    |            ^^^^^^^^^^^ required by this bound in `GenericArray::<T, N>::from_array`
...
940 |     pub const fn from_array<const U: usize>(value: [T; U]) -> Self
    |                  ---------- required by a bound in this associated function
    = note: this error originates in the macro `impl_tuple` (in Nightly builds, run with -Z macro-backtrace for more info)

error[E0275]: overflow evaluating the requirement `Const<3>: IntoArrayLength`
   --> /home/adwin/.cargo/registry/src/mirrors.tuna.tsinghua.edu.cn-4dc01642fd091eda/generic-array-1.3.5/src/impls.rs:163:17
    |
163 |                   GenericArray::from_array([$($t,)*])
    |                   ^^^^^^^^^^^^^^^^^^^^^^^^^^^^^^^^^^^
...
178 | / impl_tuple! {
179 | |     consts::U1  => (A,);
180 | |     consts::U2  => (A,B,);
181 | |     consts::U3  => (A,B,C,);
...   |
190 | |     consts::U12 => (A,B,C,D,E,F,G,H,I,J,K,L,);
191 | | }
    | |_- in this macro invocation
    |
    = help: consider increasing the recursion limit by adding a `#![recursion_limit = "256"]` attribute to your crate (`generic_array`)
note: required by a bound in `GenericArray::<T, N>::from_array`
   --> /home/adwin/.cargo/registry/src/mirrors.tuna.tsinghua.edu.cn-4dc01642fd091eda/generic-array-1.3.5/src/lib.rs:942:19
    |
940 |     pub const fn from_array<const U: usize>(value: [T; U]) -> Self
    |                  ---------- required by a bound in this associated function
941 |     where
942 |         Const<U>: IntoArrayLength<ArrayLength = N>,
    |                   ^^^^^^^^^^^^^^^^^^^^^^^^^^^^^^^^ required by this bound in `GenericArray::<T, N>::from_array`
    = note: this error originates in the macro `impl_tuple` (in Nightly builds, run with -Z macro-backtrace for more info)

error[E0275]: overflow evaluating the requirement `<Const<3> as IntoArrayLength>::ArrayLength == UInt<UInt<UTerm, typenum::B1>, typenum::B1>`
   --> /home/adwin/.cargo/registry/src/mirrors.tuna.tsinghua.edu.cn-4dc01642fd091eda/generic-array-1.3.5/src/impls.rs:163:17
    |
163 |                   GenericArray::from_array([$($t,)*])
    |                   ^^^^^^^^^^^^^^^^^^^^^^^^^^^^^^^^^^^
...
178 | / impl_tuple! {
179 | |     consts::U1  => (A,);
180 | |     consts::U2  => (A,B,);
181 | |     consts::U3  => (A,B,C,);
...   |
190 | |     consts::U12 => (A,B,C,D,E,F,G,H,I,J,K,L,);
191 | | }
    | |_- in this macro invocation
    |
    = help: consider increasing the recursion limit by adding a `#![recursion_limit = "256"]` attribute to your crate (`generic_array`)
note: required by a bound in `GenericArray::<T, N>::from_array`
   --> /home/adwin/.cargo/registry/src/mirrors.tuna.tsinghua.edu.cn-4dc01642fd091eda/generic-array-1.3.5/src/lib.rs:942:35
    |
940 |     pub const fn from_array<const U: usize>(value: [T; U]) -> Self
    |                  ---------- required by a bound in this associated function
941 |     where
942 |         Const<U>: IntoArrayLength<ArrayLength = N>,
    |                                   ^^^^^^^^^^^^^^^ required by this bound in `GenericArray::<T, N>::from_array`
    = note: this error originates in the macro `impl_tuple` (in Nightly builds, run with -Z macro-backtrace for more info)

error[E0275]: overflow evaluating the requirement `GenericArray<T, UInt<UInt<UTerm, typenum::B1>, typenum::B1>>: Sized`
   --> /home/adwin/.cargo/registry/src/mirrors.tuna.tsinghua.edu.cn-4dc01642fd091eda/generic-array-1.3.5/src/impls.rs:163:17
    |
163 |                   GenericArray::from_array([$($t,)*])
    |                   ^^^^^^^^^^^^^^^^^^^^^^^^^^^^^^^^^^^
...
178 | / impl_tuple! {
179 | |     consts::U1  => (A,);
180 | |     consts::U2  => (A,B,);
181 | |     consts::U3  => (A,B,C,);
...   |
190 | |     consts::U12 => (A,B,C,D,E,F,G,H,I,J,K,L,);
191 | | }
    | |_- in this macro invocation
    |
    = help: consider increasing the recursion limit by adding a `#![recursion_limit = "256"]` attribute to your crate (`generic_array`)
    = note: the return type of a function must have a statically known size
    = note: this error originates in the macro `impl_tuple` (in Nightly builds, run with -Z macro-backtrace for more info)

error[E0275]: overflow evaluating the requirement `GenericArray<T, UInt<UInt<UTerm, typenum::B1>, typenum::B1>> well-formed`
   --> /home/adwin/.cargo/registry/src/mirrors.tuna.tsinghua.edu.cn-4dc01642fd091eda/generic-array-1.3.5/src/impls.rs:163:17
    |
163 |                   GenericArray::from_array([$($t,)*])
    |                   ^^^^^^^^^^^^
...
178 | / impl_tuple! {
179 | |     consts::U1  => (A,);
180 | |     consts::U2  => (A,B,);
181 | |     consts::U3  => (A,B,C,);
...   |
190 | |     consts::U12 => (A,B,C,D,E,F,G,H,I,J,K,L,);
191 | | }
    | |_- in this macro invocation
    |
    = help: consider increasing the recursion limit by adding a `#![recursion_limit = "256"]` attribute to your crate (`generic_array`)
    = note: this error originates in the macro `impl_tuple` (in Nightly builds, run with -Z macro-backtrace for more info)

error[E0275]: overflow evaluating the requirement `GenericArray<T, UInt<UInt<UTerm, typenum::B1>, typenum::B1>> well-formed`
   --> /home/adwin/.cargo/registry/src/mirrors.tuna.tsinghua.edu.cn-4dc01642fd091eda/generic-array-1.3.5/src/impls.rs:163:17
    |
163 |                   GenericArray::from_array([$($t,)*])
    |                   ^^^^^^^^^^^^^^^^^^^^^^^^^^^^^^^^^^^
...
178 | / impl_tuple! {
179 | |     consts::U1  => (A,);
180 | |     consts::U2  => (A,B,);
181 | |     consts::U3  => (A,B,C,);
...   |
190 | |     consts::U12 => (A,B,C,D,E,F,G,H,I,J,K,L,);
191 | | }
    | |_- in this macro invocation
    |
    = help: consider increasing the recursion limit by adding a `#![recursion_limit = "256"]` attribute to your crate (`generic_array`)
    = note: this error originates in the macro `impl_tuple` (in Nightly builds, run with -Z macro-backtrace for more info)

error[E0275]: overflow evaluating the requirement `UInt<UInt<UInt<UTerm, typenum::B1>, B0>, B0>: ArrayLength`
   --> /home/adwin/.cargo/registry/src/mirrors.tuna.tsinghua.edu.cn-4dc01642fd091eda/generic-array-1.3.5/src/impls.rs:163:17
    |
163 |                   GenericArray::from_array([$($t,)*])
    |                   ^^^^^^^^^^^^^^^^^^^^^^^^^^^^^^^^^^^
...
178 | / impl_tuple! {
179 | |     consts::U1  => (A,);
180 | |     consts::U2  => (A,B,);
181 | |     consts::U3  => (A,B,C,);
...   |
190 | |     consts::U12 => (A,B,C,D,E,F,G,H,I,J,K,L,);
191 | | }
    | |_- in this macro invocation
    |
    = help: consider increasing the recursion limit by adding a `#![recursion_limit = "256"]` attribute to your crate (`generic_array`)
note: required by a bound in `GenericArray::<T, N>::from_array`
   --> /home/adwin/.cargo/registry/src/mirrors.tuna.tsinghua.edu.cn-4dc01642fd091eda/generic-array-1.3.5/src/lib.rs:773:12
    |
773 | impl<T, N: ArrayLength> GenericArray<T, N> {
    |            ^^^^^^^^^^^ required by this bound in `GenericArray::<T, N>::from_array`
...
940 |     pub const fn from_array<const U: usize>(value: [T; U]) -> Self
    |                  ---------- required by a bound in this associated function
    = note: this error originates in the macro `impl_tuple` (in Nightly builds, run with -Z macro-backtrace for more info)

error[E0275]: overflow evaluating the requirement `Const<4>: IntoArrayLength`
   --> /home/adwin/.cargo/registry/src/mirrors.tuna.tsinghua.edu.cn-4dc01642fd091eda/generic-array-1.3.5/src/impls.rs:163:17
    |
163 |                   GenericArray::from_array([$($t,)*])
    |                   ^^^^^^^^^^^^^^^^^^^^^^^^^^^^^^^^^^^
...
178 | / impl_tuple! {
179 | |     consts::U1  => (A,);
180 | |     consts::U2  => (A,B,);
181 | |     consts::U3  => (A,B,C,);
...   |
190 | |     consts::U12 => (A,B,C,D,E,F,G,H,I,J,K,L,);
191 | | }
    | |_- in this macro invocation
    |
    = help: consider increasing the recursion limit by adding a `#![recursion_limit = "256"]` attribute to your crate (`generic_array`)
note: required by a bound in `GenericArray::<T, N>::from_array`
   --> /home/adwin/.cargo/registry/src/mirrors.tuna.tsinghua.edu.cn-4dc01642fd091eda/generic-array-1.3.5/src/lib.rs:942:19
    |
940 |     pub const fn from_array<const U: usize>(value: [T; U]) -> Self
    |                  ---------- required by a bound in this associated function
941 |     where
942 |         Const<U>: IntoArrayLength<ArrayLength = N>,
    |                   ^^^^^^^^^^^^^^^^^^^^^^^^^^^^^^^^ required by this bound in `GenericArray::<T, N>::from_array`
    = note: this error originates in the macro `impl_tuple` (in Nightly builds, run with -Z macro-backtrace for more info)

error[E0275]: overflow evaluating the requirement `<Const<4> as IntoArrayLength>::ArrayLength == UInt<UInt<UInt<UTerm, typenum::B1>, B0>, B0>`
   --> /home/adwin/.cargo/registry/src/mirrors.tuna.tsinghua.edu.cn-4dc01642fd091eda/generic-array-1.3.5/src/impls.rs:163:17
    |
163 |                   GenericArray::from_array([$($t,)*])
    |                   ^^^^^^^^^^^^^^^^^^^^^^^^^^^^^^^^^^^
...
178 | / impl_tuple! {
179 | |     consts::U1  => (A,);
180 | |     consts::U2  => (A,B,);
181 | |     consts::U3  => (A,B,C,);
...   |
190 | |     consts::U12 => (A,B,C,D,E,F,G,H,I,J,K,L,);
191 | | }
    | |_- in this macro invocation
    |
    = help: consider increasing the recursion limit by adding a `#![recursion_limit = "256"]` attribute to your crate (`generic_array`)
note: required by a bound in `GenericArray::<T, N>::from_array`
   --> /home/adwin/.cargo/registry/src/mirrors.tuna.tsinghua.edu.cn-4dc01642fd091eda/generic-array-1.3.5/src/lib.rs:942:35
    |
940 |     pub const fn from_array<const U: usize>(value: [T; U]) -> Self
    |                  ---------- required by a bound in this associated function
941 |     where
942 |         Const<U>: IntoArrayLength<ArrayLength = N>,
    |                                   ^^^^^^^^^^^^^^^ required by this bound in `GenericArray::<T, N>::from_array`
    = note: this error originates in the macro `impl_tuple` (in Nightly builds, run with -Z macro-backtrace for more info)

error[E0275]: overflow evaluating the requirement `GenericArray<T, UInt<UInt<UInt<UTerm, typenum::B1>, ...>, ...>>: Sized`
   --> /home/adwin/.cargo/registry/src/mirrors.tuna.tsinghua.edu.cn-4dc01642fd091eda/generic-array-1.3.5/src/impls.rs:163:17
    |
163 |                   GenericArray::from_array([$($t,)*])
    |                   ^^^^^^^^^^^^^^^^^^^^^^^^^^^^^^^^^^^
...
178 | / impl_tuple! {
179 | |     consts::U1  => (A,);
180 | |     consts::U2  => (A,B,);
181 | |     consts::U3  => (A,B,C,);
...   |
190 | |     consts::U12 => (A,B,C,D,E,F,G,H,I,J,K,L,);
191 | | }
    | |_- in this macro invocation
    |
    = help: consider increasing the recursion limit by adding a `#![recursion_limit = "256"]` attribute to your crate (`generic_array`)
    = note: the return type of a function must have a statically known size
    = note: this error originates in the macro `impl_tuple` (in Nightly builds, run with -Z macro-backtrace for more info)

error[E0275]: overflow evaluating the requirement `GenericArray<T, UInt<UInt<UInt<UTerm, typenum::B1>, ...>, ...>> well-formed`
   --> /home/adwin/.cargo/registry/src/mirrors.tuna.tsinghua.edu.cn-4dc01642fd091eda/generic-array-1.3.5/src/impls.rs:163:17
    |
163 |                   GenericArray::from_array([$($t,)*])
    |                   ^^^^^^^^^^^^
...
178 | / impl_tuple! {
179 | |     consts::U1  => (A,);
180 | |     consts::U2  => (A,B,);
181 | |     consts::U3  => (A,B,C,);
...   |
190 | |     consts::U12 => (A,B,C,D,E,F,G,H,I,J,K,L,);
191 | | }
    | |_- in this macro invocation
    |
    = help: consider increasing the recursion limit by adding a `#![recursion_limit = "256"]` attribute to your crate (`generic_array`)
    = note: this error originates in the macro `impl_tuple` (in Nightly builds, run with -Z macro-backtrace for more info)

error[E0275]: overflow evaluating the requirement `GenericArray<T, UInt<UInt<UInt<UTerm, typenum::B1>, ...>, ...>> well-formed`
   --> /home/adwin/.cargo/registry/src/mirrors.tuna.tsinghua.edu.cn-4dc01642fd091eda/generic-array-1.3.5/src/impls.rs:163:17
    |
163 |                   GenericArray::from_array([$($t,)*])
    |                   ^^^^^^^^^^^^^^^^^^^^^^^^^^^^^^^^^^^
...
178 | / impl_tuple! {
179 | |     consts::U1  => (A,);
180 | |     consts::U2  => (A,B,);
181 | |     consts::U3  => (A,B,C,);
...   |
190 | |     consts::U12 => (A,B,C,D,E,F,G,H,I,J,K,L,);
191 | | }
    | |_- in this macro invocation
    |
    = help: consider increasing the recursion limit by adding a `#![recursion_limit = "256"]` attribute to your crate (`generic_array`)
    = note: this error originates in the macro `impl_tuple` (in Nightly builds, run with -Z macro-backtrace for more info)

error[E0275]: overflow evaluating the requirement `UInt<UInt<UInt<UTerm, typenum::B1>, B0>, typenum::B1>: ArrayLength`
   --> /home/adwin/.cargo/registry/src/mirrors.tuna.tsinghua.edu.cn-4dc01642fd091eda/generic-array-1.3.5/src/impls.rs:163:17
    |
163 |                   GenericArray::from_array([$($t,)*])
    |                   ^^^^^^^^^^^^^^^^^^^^^^^^^^^^^^^^^^^
...
178 | / impl_tuple! {
179 | |     consts::U1  => (A,);
180 | |     consts::U2  => (A,B,);
181 | |     consts::U3  => (A,B,C,);
...   |
190 | |     consts::U12 => (A,B,C,D,E,F,G,H,I,J,K,L,);
191 | | }
    | |_- in this macro invocation
    |
    = help: consider increasing the recursion limit by adding a `#![recursion_limit = "256"]` attribute to your crate (`generic_array`)
note: required by a bound in `GenericArray::<T, N>::from_array`
   --> /home/adwin/.cargo/registry/src/mirrors.tuna.tsinghua.edu.cn-4dc01642fd091eda/generic-array-1.3.5/src/lib.rs:773:12
    |
773 | impl<T, N: ArrayLength> GenericArray<T, N> {
    |            ^^^^^^^^^^^ required by this bound in `GenericArray::<T, N>::from_array`
...
940 |     pub const fn from_array<const U: usize>(value: [T; U]) -> Self
    |                  ---------- required by a bound in this associated function
    = note: this error originates in the macro `impl_tuple` (in Nightly builds, run with -Z macro-backtrace for more info)

error[E0275]: overflow evaluating the requirement `Const<5>: IntoArrayLength`
   --> /home/adwin/.cargo/registry/src/mirrors.tuna.tsinghua.edu.cn-4dc01642fd091eda/generic-array-1.3.5/src/impls.rs:163:17
    |
163 |                   GenericArray::from_array([$($t,)*])
    |                   ^^^^^^^^^^^^^^^^^^^^^^^^^^^^^^^^^^^
...
178 | / impl_tuple! {
179 | |     consts::U1  => (A,);
180 | |     consts::U2  => (A,B,);
181 | |     consts::U3  => (A,B,C,);
...   |
190 | |     consts::U12 => (A,B,C,D,E,F,G,H,I,J,K,L,);
191 | | }
    | |_- in this macro invocation
    |
    = help: consider increasing the recursion limit by adding a `#![recursion_limit = "256"]` attribute to your crate (`generic_array`)
note: required by a bound in `GenericArray::<T, N>::from_array`
   --> /home/adwin/.cargo/registry/src/mirrors.tuna.tsinghua.edu.cn-4dc01642fd091eda/generic-array-1.3.5/src/lib.rs:942:19
    |
940 |     pub const fn from_array<const U: usize>(value: [T; U]) -> Self
    |                  ---------- required by a bound in this associated function
941 |     where
942 |         Const<U>: IntoArrayLength<ArrayLength = N>,
    |                   ^^^^^^^^^^^^^^^^^^^^^^^^^^^^^^^^ required by this bound in `GenericArray::<T, N>::from_array`
    = note: this error originates in the macro `impl_tuple` (in Nightly builds, run with -Z macro-backtrace for more info)

error[E0275]: overflow evaluating the requirement `<Const<5> as IntoArrayLength>::ArrayLength == UInt<UInt<UInt<UTerm, typenum::B1>, B0>, typenum::B1>`
   --> /home/adwin/.cargo/registry/src/mirrors.tuna.tsinghua.edu.cn-4dc01642fd091eda/generic-array-1.3.5/src/impls.rs:163:17
    |
163 |                   GenericArray::from_array([$($t,)*])
    |                   ^^^^^^^^^^^^^^^^^^^^^^^^^^^^^^^^^^^
...
178 | / impl_tuple! {
179 | |     consts::U1  => (A,);
180 | |     consts::U2  => (A,B,);
181 | |     consts::U3  => (A,B,C,);
...   |
190 | |     consts::U12 => (A,B,C,D,E,F,G,H,I,J,K,L,);
191 | | }
    | |_- in this macro invocation
    |
    = help: consider increasing the recursion limit by adding a `#![recursion_limit = "256"]` attribute to your crate (`generic_array`)
note: required by a bound in `GenericArray::<T, N>::from_array`
   --> /home/adwin/.cargo/registry/src/mirrors.tuna.tsinghua.edu.cn-4dc01642fd091eda/generic-array-1.3.5/src/lib.rs:942:35
    |
940 |     pub const fn from_array<const U: usize>(value: [T; U]) -> Self
    |                  ---------- required by a bound in this associated function
941 |     where
942 |         Const<U>: IntoArrayLength<ArrayLength = N>,
    |                                   ^^^^^^^^^^^^^^^ required by this bound in `GenericArray::<T, N>::from_array`
    = note: this error originates in the macro `impl_tuple` (in Nightly builds, run with -Z macro-backtrace for more info)

error[E0275]: overflow evaluating the requirement `UInt<UInt<UInt<UTerm, typenum::B1>, typenum::B1>, B0>: ArrayLength`
   --> /home/adwin/.cargo/registry/src/mirrors.tuna.tsinghua.edu.cn-4dc01642fd091eda/generic-array-1.3.5/src/impls.rs:163:17
    |
163 |                   GenericArray::from_array([$($t,)*])
    |                   ^^^^^^^^^^^^^^^^^^^^^^^^^^^^^^^^^^^
...
178 | / impl_tuple! {
179 | |     consts::U1  => (A,);
180 | |     consts::U2  => (A,B,);
181 | |     consts::U3  => (A,B,C,);
...   |
190 | |     consts::U12 => (A,B,C,D,E,F,G,H,I,J,K,L,);
191 | | }
    | |_- in this macro invocation
    |
    = help: consider increasing the recursion limit by adding a `#![recursion_limit = "256"]` attribute to your crate (`generic_array`)
note: required by a bound in `GenericArray::<T, N>::from_array`
   --> /home/adwin/.cargo/registry/src/mirrors.tuna.tsinghua.edu.cn-4dc01642fd091eda/generic-array-1.3.5/src/lib.rs:773:12
    |
773 | impl<T, N: ArrayLength> GenericArray<T, N> {
    |            ^^^^^^^^^^^ required by this bound in `GenericArray::<T, N>::from_array`
...
940 |     pub const fn from_array<const U: usize>(value: [T; U]) -> Self
    |                  ---------- required by a bound in this associated function
    = note: this error originates in the macro `impl_tuple` (in Nightly builds, run with -Z macro-backtrace for more info)

error[E0275]: overflow evaluating the requirement `Const<6>: IntoArrayLength`
   --> /home/adwin/.cargo/registry/src/mirrors.tuna.tsinghua.edu.cn-4dc01642fd091eda/generic-array-1.3.5/src/impls.rs:163:17
    |
163 |                   GenericArray::from_array([$($t,)*])
    |                   ^^^^^^^^^^^^^^^^^^^^^^^^^^^^^^^^^^^
...
178 | / impl_tuple! {
179 | |     consts::U1  => (A,);
180 | |     consts::U2  => (A,B,);
181 | |     consts::U3  => (A,B,C,);
...   |
190 | |     consts::U12 => (A,B,C,D,E,F,G,H,I,J,K,L,);
191 | | }
    | |_- in this macro invocation
    |
    = help: consider increasing the recursion limit by adding a `#![recursion_limit = "256"]` attribute to your crate (`generic_array`)
note: required by a bound in `GenericArray::<T, N>::from_array`
   --> /home/adwin/.cargo/registry/src/mirrors.tuna.tsinghua.edu.cn-4dc01642fd091eda/generic-array-1.3.5/src/lib.rs:942:19
    |
940 |     pub const fn from_array<const U: usize>(value: [T; U]) -> Self
    |                  ---------- required by a bound in this associated function
941 |     where
942 |         Const<U>: IntoArrayLength<ArrayLength = N>,
    |                   ^^^^^^^^^^^^^^^^^^^^^^^^^^^^^^^^ required by this bound in `GenericArray::<T, N>::from_array`
    = note: this error originates in the macro `impl_tuple` (in Nightly builds, run with -Z macro-backtrace for more info)

error[E0275]: overflow evaluating the requirement `<Const<6> as IntoArrayLength>::ArrayLength == UInt<UInt<UInt<UTerm, typenum::B1>, typenum::B1>, B0>`
   --> /home/adwin/.cargo/registry/src/mirrors.tuna.tsinghua.edu.cn-4dc01642fd091eda/generic-array-1.3.5/src/impls.rs:163:17
    |
163 |                   GenericArray::from_array([$($t,)*])
    |                   ^^^^^^^^^^^^^^^^^^^^^^^^^^^^^^^^^^^
...
178 | / impl_tuple! {
179 | |     consts::U1  => (A,);
180 | |     consts::U2  => (A,B,);
181 | |     consts::U3  => (A,B,C,);
...   |
190 | |     consts::U12 => (A,B,C,D,E,F,G,H,I,J,K,L,);
191 | | }
    | |_- in this macro invocation
    |
    = help: consider increasing the recursion limit by adding a `#![recursion_limit = "256"]` attribute to your crate (`generic_array`)
note: required by a bound in `GenericArray::<T, N>::from_array`
   --> /home/adwin/.cargo/registry/src/mirrors.tuna.tsinghua.edu.cn-4dc01642fd091eda/generic-array-1.3.5/src/lib.rs:942:35
    |
940 |     pub const fn from_array<const U: usize>(value: [T; U]) -> Self
    |                  ---------- required by a bound in this associated function
941 |     where
942 |         Const<U>: IntoArrayLength<ArrayLength = N>,
    |                                   ^^^^^^^^^^^^^^^ required by this bound in `GenericArray::<T, N>::from_array`
    = note: this error originates in the macro `impl_tuple` (in Nightly builds, run with -Z macro-backtrace for more info)

error[E0275]: overflow evaluating the requirement `UInt<UInt<UInt<UTerm, typenum::B1>, typenum::B1>, typenum::B1>: ArrayLength`
   --> /home/adwin/.cargo/registry/src/mirrors.tuna.tsinghua.edu.cn-4dc01642fd091eda/generic-array-1.3.5/src/impls.rs:163:17
    |
163 |                   GenericArray::from_array([$($t,)*])
    |                   ^^^^^^^^^^^^^^^^^^^^^^^^^^^^^^^^^^^
...
178 | / impl_tuple! {
179 | |     consts::U1  => (A,);
180 | |     consts::U2  => (A,B,);
181 | |     consts::U3  => (A,B,C,);
...   |
190 | |     consts::U12 => (A,B,C,D,E,F,G,H,I,J,K,L,);
191 | | }
    | |_- in this macro invocation
    |
    = help: consider increasing the recursion limit by adding a `#![recursion_limit = "256"]` attribute to your crate (`generic_array`)
note: required by a bound in `GenericArray::<T, N>::from_array`
   --> /home/adwin/.cargo/registry/src/mirrors.tuna.tsinghua.edu.cn-4dc01642fd091eda/generic-array-1.3.5/src/lib.rs:773:12
    |
773 | impl<T, N: ArrayLength> GenericArray<T, N> {
    |            ^^^^^^^^^^^ required by this bound in `GenericArray::<T, N>::from_array`
...
940 |     pub const fn from_array<const U: usize>(value: [T; U]) -> Self
    |                  ---------- required by a bound in this associated function
    = note: this error originates in the macro `impl_tuple` (in Nightly builds, run with -Z macro-backtrace for more info)

error[E0275]: overflow evaluating the requirement `Const<7>: IntoArrayLength`
   --> /home/adwin/.cargo/registry/src/mirrors.tuna.tsinghua.edu.cn-4dc01642fd091eda/generic-array-1.3.5/src/impls.rs:163:17
    |
163 |                   GenericArray::from_array([$($t,)*])
    |                   ^^^^^^^^^^^^^^^^^^^^^^^^^^^^^^^^^^^
...
178 | / impl_tuple! {
179 | |     consts::U1  => (A,);
180 | |     consts::U2  => (A,B,);
181 | |     consts::U3  => (A,B,C,);
...   |
190 | |     consts::U12 => (A,B,C,D,E,F,G,H,I,J,K,L,);
191 | | }
    | |_- in this macro invocation
    |
    = help: consider increasing the recursion limit by adding a `#![recursion_limit = "256"]` attribute to your crate (`generic_array`)
note: required by a bound in `GenericArray::<T, N>::from_array`
   --> /home/adwin/.cargo/registry/src/mirrors.tuna.tsinghua.edu.cn-4dc01642fd091eda/generic-array-1.3.5/src/lib.rs:942:19
    |
940 |     pub const fn from_array<const U: usize>(value: [T; U]) -> Self
    |                  ---------- required by a bound in this associated function
941 |     where
942 |         Const<U>: IntoArrayLength<ArrayLength = N>,
    |                   ^^^^^^^^^^^^^^^^^^^^^^^^^^^^^^^^ required by this bound in `GenericArray::<T, N>::from_array`
    = note: this error originates in the macro `impl_tuple` (in Nightly builds, run with -Z macro-backtrace for more info)

error[E0275]: overflow evaluating the requirement `<Const<7> as IntoArrayLength>::ArrayLength == UInt<UInt<UInt<UTerm, typenum::B1>, typenum::B1>, typenum::B1>`
   --> /home/adwin/.cargo/registry/src/mirrors.tuna.tsinghua.edu.cn-4dc01642fd091eda/generic-array-1.3.5/src/impls.rs:163:17
    |
163 |                   GenericArray::from_array([$($t,)*])
    |                   ^^^^^^^^^^^^^^^^^^^^^^^^^^^^^^^^^^^
...
178 | / impl_tuple! {
179 | |     consts::U1  => (A,);
180 | |     consts::U2  => (A,B,);
181 | |     consts::U3  => (A,B,C,);
...   |
190 | |     consts::U12 => (A,B,C,D,E,F,G,H,I,J,K,L,);
191 | | }
    | |_- in this macro invocation
    |
    = help: consider increasing the recursion limit by adding a `#![recursion_limit = "256"]` attribute to your crate (`generic_array`)
note: required by a bound in `GenericArray::<T, N>::from_array`
   --> /home/adwin/.cargo/registry/src/mirrors.tuna.tsinghua.edu.cn-4dc01642fd091eda/generic-array-1.3.5/src/lib.rs:942:35
    |
940 |     pub const fn from_array<const U: usize>(value: [T; U]) -> Self
    |                  ---------- required by a bound in this associated function
941 |     where
942 |         Const<U>: IntoArrayLength<ArrayLength = N>,
    |                                   ^^^^^^^^^^^^^^^ required by this bound in `GenericArray::<T, N>::from_array`
    = note: this error originates in the macro `impl_tuple` (in Nightly builds, run with -Z macro-backtrace for more info)

error[E0275]: overflow evaluating the requirement `UInt<UInt<UInt<UInt<UTerm, typenum::B1>, B0>, ...>, ...>: ArrayLength`
   --> /home/adwin/.cargo/registry/src/mirrors.tuna.tsinghua.edu.cn-4dc01642fd091eda/generic-array-1.3.5/src/impls.rs:163:17
    |
163 |                   GenericArray::from_array([$($t,)*])
    |                   ^^^^^^^^^^^^^^^^^^^^^^^^^^^^^^^^^^^
...
178 | / impl_tuple! {
179 | |     consts::U1  => (A,);
180 | |     consts::U2  => (A,B,);
181 | |     consts::U3  => (A,B,C,);
...   |
190 | |     consts::U12 => (A,B,C,D,E,F,G,H,I,J,K,L,);
191 | | }
    | |_- in this macro invocation
    |
    = help: consider increasing the recursion limit by adding a `#![recursion_limit = "256"]` attribute to your crate (`generic_array`)
note: required by a bound in `GenericArray::<T, N>::from_array`
   --> /home/adwin/.cargo/registry/src/mirrors.tuna.tsinghua.edu.cn-4dc01642fd091eda/generic-array-1.3.5/src/lib.rs:773:12
    |
773 | impl<T, N: ArrayLength> GenericArray<T, N> {
    |            ^^^^^^^^^^^ required by this bound in `GenericArray::<T, N>::from_array`
...
940 |     pub const fn from_array<const U: usize>(value: [T; U]) -> Self
    |                  ---------- required by a bound in this associated function
    = note: this error originates in the macro `impl_tuple` (in Nightly builds, run with -Z macro-backtrace for more info)

error[E0275]: overflow evaluating the requirement `Const<8>: IntoArrayLength`
   --> /home/adwin/.cargo/registry/src/mirrors.tuna.tsinghua.edu.cn-4dc01642fd091eda/generic-array-1.3.5/src/impls.rs:163:17
    |
163 |                   GenericArray::from_array([$($t,)*])
    |                   ^^^^^^^^^^^^^^^^^^^^^^^^^^^^^^^^^^^
...
178 | / impl_tuple! {
179 | |     consts::U1  => (A,);
180 | |     consts::U2  => (A,B,);
181 | |     consts::U3  => (A,B,C,);
...   |
190 | |     consts::U12 => (A,B,C,D,E,F,G,H,I,J,K,L,);
191 | | }
    | |_- in this macro invocation
    |
    = help: consider increasing the recursion limit by adding a `#![recursion_limit = "256"]` attribute to your crate (`generic_array`)
note: required by a bound in `GenericArray::<T, N>::from_array`
   --> /home/adwin/.cargo/registry/src/mirrors.tuna.tsinghua.edu.cn-4dc01642fd091eda/generic-array-1.3.5/src/lib.rs:942:19
    |
940 |     pub const fn from_array<const U: usize>(value: [T; U]) -> Self
    |                  ---------- required by a bound in this associated function
941 |     where
942 |         Const<U>: IntoArrayLength<ArrayLength = N>,
    |                   ^^^^^^^^^^^^^^^^^^^^^^^^^^^^^^^^ required by this bound in `GenericArray::<T, N>::from_array`
    = note: this error originates in the macro `impl_tuple` (in Nightly builds, run with -Z macro-backtrace for more info)

error[E0275]: overflow evaluating the requirement `<Const<8> as IntoArrayLength>::ArrayLength == UInt<UInt<UInt<UInt<UTerm, typenum::B1>, B0>, ...>, ...>`
   --> /home/adwin/.cargo/registry/src/mirrors.tuna.tsinghua.edu.cn-4dc01642fd091eda/generic-array-1.3.5/src/impls.rs:163:17
    |
163 |                   GenericArray::from_array([$($t,)*])
    |                   ^^^^^^^^^^^^^^^^^^^^^^^^^^^^^^^^^^^
...
178 | / impl_tuple! {
179 | |     consts::U1  => (A,);
180 | |     consts::U2  => (A,B,);
181 | |     consts::U3  => (A,B,C,);
...   |
190 | |     consts::U12 => (A,B,C,D,E,F,G,H,I,J,K,L,);
191 | | }
    | |_- in this macro invocation
    |
    = help: consider increasing the recursion limit by adding a `#![recursion_limit = "256"]` attribute to your crate (`generic_array`)
note: required by a bound in `GenericArray::<T, N>::from_array`
   --> /home/adwin/.cargo/registry/src/mirrors.tuna.tsinghua.edu.cn-4dc01642fd091eda/generic-array-1.3.5/src/lib.rs:942:35
    |
940 |     pub const fn from_array<const U: usize>(value: [T; U]) -> Self
    |                  ---------- required by a bound in this associated function
941 |     where
942 |         Const<U>: IntoArrayLength<ArrayLength = N>,
    |                                   ^^^^^^^^^^^^^^^ required by this bound in `GenericArray::<T, N>::from_array`
    = note: this error originates in the macro `impl_tuple` (in Nightly builds, run with -Z macro-backtrace for more info)

error[E0275]: overflow evaluating the requirement `GenericArray<T, UInt<UInt<UInt<UInt<UTerm, ...>, ...>, ...>, ...>>: Sized`
   --> /home/adwin/.cargo/registry/src/mirrors.tuna.tsinghua.edu.cn-4dc01642fd091eda/generic-array-1.3.5/src/impls.rs:163:17
    |
163 |                   GenericArray::from_array([$($t,)*])
    |                   ^^^^^^^^^^^^^^^^^^^^^^^^^^^^^^^^^^^
...
178 | / impl_tuple! {
179 | |     consts::U1  => (A,);
180 | |     consts::U2  => (A,B,);
181 | |     consts::U3  => (A,B,C,);
...   |
190 | |     consts::U12 => (A,B,C,D,E,F,G,H,I,J,K,L,);
191 | | }
    | |_- in this macro invocation
    |
    = help: consider increasing the recursion limit by adding a `#![recursion_limit = "256"]` attribute to your crate (`generic_array`)
    = note: the return type of a function must have a statically known size
    = note: this error originates in the macro `impl_tuple` (in Nightly builds, run with -Z macro-backtrace for more info)

error[E0275]: overflow evaluating the requirement `GenericArray<T, UInt<UInt<UInt<UInt<UTerm, ...>, ...>, ...>, ...>> well-formed`
   --> /home/adwin/.cargo/registry/src/mirrors.tuna.tsinghua.edu.cn-4dc01642fd091eda/generic-array-1.3.5/src/impls.rs:163:17
    |
163 |                   GenericArray::from_array([$($t,)*])
    |                   ^^^^^^^^^^^^
...
178 | / impl_tuple! {
179 | |     consts::U1  => (A,);
180 | |     consts::U2  => (A,B,);
181 | |     consts::U3  => (A,B,C,);
...   |
190 | |     consts::U12 => (A,B,C,D,E,F,G,H,I,J,K,L,);
191 | | }
    | |_- in this macro invocation
    |
    = help: consider increasing the recursion limit by adding a `#![recursion_limit = "256"]` attribute to your crate (`generic_array`)
    = note: this error originates in the macro `impl_tuple` (in Nightly builds, run with -Z macro-backtrace for more info)

error[E0275]: overflow evaluating the requirement `GenericArray<T, UInt<UInt<UInt<UInt<UTerm, ...>, ...>, ...>, ...>> well-formed`
   --> /home/adwin/.cargo/registry/src/mirrors.tuna.tsinghua.edu.cn-4dc01642fd091eda/generic-array-1.3.5/src/impls.rs:163:17
    |
163 |                   GenericArray::from_array([$($t,)*])
    |                   ^^^^^^^^^^^^^^^^^^^^^^^^^^^^^^^^^^^
...
178 | / impl_tuple! {
179 | |     consts::U1  => (A,);
180 | |     consts::U2  => (A,B,);
181 | |     consts::U3  => (A,B,C,);
...   |
190 | |     consts::U12 => (A,B,C,D,E,F,G,H,I,J,K,L,);
191 | | }
    | |_- in this macro invocation
    |
    = help: consider increasing the recursion limit by adding a `#![recursion_limit = "256"]` attribute to your crate (`generic_array`)
    = note: this error originates in the macro `impl_tuple` (in Nightly builds, run with -Z macro-backtrace for more info)

error[E0275]: overflow evaluating the requirement `Const<9>: IntoArrayLength`
   --> /home/adwin/.cargo/registry/src/mirrors.tuna.tsinghua.edu.cn-4dc01642fd091eda/generic-array-1.3.5/src/impls.rs:163:17
    |
163 |                   GenericArray::from_array([$($t,)*])
    |                   ^^^^^^^^^^^^^^^^^^^^^^^^^^^^^^^^^^^
...
178 | / impl_tuple! {
179 | |     consts::U1  => (A,);
180 | |     consts::U2  => (A,B,);
181 | |     consts::U3  => (A,B,C,);
...   |
190 | |     consts::U12 => (A,B,C,D,E,F,G,H,I,J,K,L,);
191 | | }
    | |_- in this macro invocation
    |
    = help: consider increasing the recursion limit by adding a `#![recursion_limit = "256"]` attribute to your crate (`generic_array`)
note: required by a bound in `GenericArray::<T, N>::from_array`
   --> /home/adwin/.cargo/registry/src/mirrors.tuna.tsinghua.edu.cn-4dc01642fd091eda/generic-array-1.3.5/src/lib.rs:942:19
    |
940 |     pub const fn from_array<const U: usize>(value: [T; U]) -> Self
    |                  ---------- required by a bound in this associated function
941 |     where
942 |         Const<U>: IntoArrayLength<ArrayLength = N>,
    |                   ^^^^^^^^^^^^^^^^^^^^^^^^^^^^^^^^ required by this bound in `GenericArray::<T, N>::from_array`
    = note: this error originates in the macro `impl_tuple` (in Nightly builds, run with -Z macro-backtrace for more info)

error[E0275]: overflow evaluating the requirement `<Const<9> as IntoArrayLength>::ArrayLength == UInt<UInt<UInt<UInt<UTerm, typenum::B1>, B0>, ...>, ...>`
   --> /home/adwin/.cargo/registry/src/mirrors.tuna.tsinghua.edu.cn-4dc01642fd091eda/generic-array-1.3.5/src/impls.rs:163:17
    |
163 |                   GenericArray::from_array([$($t,)*])
    |                   ^^^^^^^^^^^^^^^^^^^^^^^^^^^^^^^^^^^
...
178 | / impl_tuple! {
179 | |     consts::U1  => (A,);
180 | |     consts::U2  => (A,B,);
181 | |     consts::U3  => (A,B,C,);
...   |
190 | |     consts::U12 => (A,B,C,D,E,F,G,H,I,J,K,L,);
191 | | }
    | |_- in this macro invocation
    |
    = help: consider increasing the recursion limit by adding a `#![recursion_limit = "256"]` attribute to your crate (`generic_array`)
note: required by a bound in `GenericArray::<T, N>::from_array`
   --> /home/adwin/.cargo/registry/src/mirrors.tuna.tsinghua.edu.cn-4dc01642fd091eda/generic-array-1.3.5/src/lib.rs:942:35
    |
940 |     pub const fn from_array<const U: usize>(value: [T; U]) -> Self
    |                  ---------- required by a bound in this associated function
941 |     where
942 |         Const<U>: IntoArrayLength<ArrayLength = N>,
    |                                   ^^^^^^^^^^^^^^^ required by this bound in `GenericArray::<T, N>::from_array`
    = note: this error originates in the macro `impl_tuple` (in Nightly builds, run with -Z macro-backtrace for more info)

error[E0275]: overflow evaluating the requirement `Const<10>: IntoArrayLength`
   --> /home/adwin/.cargo/registry/src/mirrors.tuna.tsinghua.edu.cn-4dc01642fd091eda/generic-array-1.3.5/src/impls.rs:163:17
    |
163 |                   GenericArray::from_array([$($t,)*])
    |                   ^^^^^^^^^^^^^^^^^^^^^^^^^^^^^^^^^^^
...
178 | / impl_tuple! {
179 | |     consts::U1  => (A,);
180 | |     consts::U2  => (A,B,);
181 | |     consts::U3  => (A,B,C,);
...   |
190 | |     consts::U12 => (A,B,C,D,E,F,G,H,I,J,K,L,);
191 | | }
    | |_- in this macro invocation
    |
    = help: consider increasing the recursion limit by adding a `#![recursion_limit = "256"]` attribute to your crate (`generic_array`)
note: required by a bound in `GenericArray::<T, N>::from_array`
   --> /home/adwin/.cargo/registry/src/mirrors.tuna.tsinghua.edu.cn-4dc01642fd091eda/generic-array-1.3.5/src/lib.rs:942:19
    |
940 |     pub const fn from_array<const U: usize>(value: [T; U]) -> Self
    |                  ---------- required by a bound in this associated function
941 |     where
942 |         Const<U>: IntoArrayLength<ArrayLength = N>,
    |                   ^^^^^^^^^^^^^^^^^^^^^^^^^^^^^^^^ required by this bound in `GenericArray::<T, N>::from_array`
    = note: this error originates in the macro `impl_tuple` (in Nightly builds, run with -Z macro-backtrace for more info)

error[E0275]: overflow evaluating the requirement `<Const<10> as IntoArrayLength>::ArrayLength == UInt<UInt<UInt<UInt<UTerm, typenum::B1>, B0>, ...>, ...>`
   --> /home/adwin/.cargo/registry/src/mirrors.tuna.tsinghua.edu.cn-4dc01642fd091eda/generic-array-1.3.5/src/impls.rs:163:17
    |
163 |                   GenericArray::from_array([$($t,)*])
    |                   ^^^^^^^^^^^^^^^^^^^^^^^^^^^^^^^^^^^
...
178 | / impl_tuple! {
179 | |     consts::U1  => (A,);
180 | |     consts::U2  => (A,B,);
181 | |     consts::U3  => (A,B,C,);
...   |
190 | |     consts::U12 => (A,B,C,D,E,F,G,H,I,J,K,L,);
191 | | }
    | |_- in this macro invocation
    |
    = help: consider increasing the recursion limit by adding a `#![recursion_limit = "256"]` attribute to your crate (`generic_array`)
note: required by a bound in `GenericArray::<T, N>::from_array`
   --> /home/adwin/.cargo/registry/src/mirrors.tuna.tsinghua.edu.cn-4dc01642fd091eda/generic-array-1.3.5/src/lib.rs:942:35
    |
940 |     pub const fn from_array<const U: usize>(value: [T; U]) -> Self
    |                  ---------- required by a bound in this associated function
941 |     where
942 |         Const<U>: IntoArrayLength<ArrayLength = N>,
    |                                   ^^^^^^^^^^^^^^^ required by this bound in `GenericArray::<T, N>::from_array`
    = note: this error originates in the macro `impl_tuple` (in Nightly builds, run with -Z macro-backtrace for more info)

error[E0275]: overflow evaluating the requirement `Const<11>: IntoArrayLength`
   --> /home/adwin/.cargo/registry/src/mirrors.tuna.tsinghua.edu.cn-4dc01642fd091eda/generic-array-1.3.5/src/impls.rs:163:17
    |
163 |                   GenericArray::from_array([$($t,)*])
    |                   ^^^^^^^^^^^^^^^^^^^^^^^^^^^^^^^^^^^
...
178 | / impl_tuple! {
179 | |     consts::U1  => (A,);
180 | |     consts::U2  => (A,B,);
181 | |     consts::U3  => (A,B,C,);
...   |
190 | |     consts::U12 => (A,B,C,D,E,F,G,H,I,J,K,L,);
191 | | }
    | |_- in this macro invocation
    |
    = help: consider increasing the recursion limit by adding a `#![recursion_limit = "256"]` attribute to your crate (`generic_array`)
note: required by a bound in `GenericArray::<T, N>::from_array`
   --> /home/adwin/.cargo/registry/src/mirrors.tuna.tsinghua.edu.cn-4dc01642fd091eda/generic-array-1.3.5/src/lib.rs:942:19
    |
940 |     pub const fn from_array<const U: usize>(value: [T; U]) -> Self
    |                  ---------- required by a bound in this associated function
941 |     where
942 |         Const<U>: IntoArrayLength<ArrayLength = N>,
    |                   ^^^^^^^^^^^^^^^^^^^^^^^^^^^^^^^^ required by this bound in `GenericArray::<T, N>::from_array`
    = note: this error originates in the macro `impl_tuple` (in Nightly builds, run with -Z macro-backtrace for more info)

error[E0275]: overflow evaluating the requirement `<Const<11> as IntoArrayLength>::ArrayLength == UInt<UInt<UInt<UInt<UTerm, typenum::B1>, B0>, ...>, ...>`
   --> /home/adwin/.cargo/registry/src/mirrors.tuna.tsinghua.edu.cn-4dc01642fd091eda/generic-array-1.3.5/src/impls.rs:163:17
    |
163 |                   GenericArray::from_array([$($t,)*])
    |                   ^^^^^^^^^^^^^^^^^^^^^^^^^^^^^^^^^^^
...
178 | / impl_tuple! {
179 | |     consts::U1  => (A,);
180 | |     consts::U2  => (A,B,);
181 | |     consts::U3  => (A,B,C,);
...   |
190 | |     consts::U12 => (A,B,C,D,E,F,G,H,I,J,K,L,);
191 | | }
    | |_- in this macro invocation
    |
    = help: consider increasing the recursion limit by adding a `#![recursion_limit = "256"]` attribute to your crate (`generic_array`)
note: required by a bound in `GenericArray::<T, N>::from_array`
   --> /home/adwin/.cargo/registry/src/mirrors.tuna.tsinghua.edu.cn-4dc01642fd091eda/generic-array-1.3.5/src/lib.rs:942:35
    |
940 |     pub const fn from_array<const U: usize>(value: [T; U]) -> Self
    |                  ---------- required by a bound in this associated function
941 |     where
942 |         Const<U>: IntoArrayLength<ArrayLength = N>,
    |                                   ^^^^^^^^^^^^^^^ required by this bound in `GenericArray::<T, N>::from_array`
    = note: this error originates in the macro `impl_tuple` (in Nightly builds, run with -Z macro-backtrace for more info)

error[E0275]: overflow evaluating the requirement `UInt<UInt<UInt<UInt<UTerm, typenum::B1>, typenum::B1>, ...>, ...>: ArrayLength`
   --> /home/adwin/.cargo/registry/src/mirrors.tuna.tsinghua.edu.cn-4dc01642fd091eda/generic-array-1.3.5/src/impls.rs:163:17
    |
163 |                   GenericArray::from_array([$($t,)*])
    |                   ^^^^^^^^^^^^^^^^^^^^^^^^^^^^^^^^^^^
...
178 | / impl_tuple! {
179 | |     consts::U1  => (A,);
180 | |     consts::U2  => (A,B,);
181 | |     consts::U3  => (A,B,C,);
...   |
190 | |     consts::U12 => (A,B,C,D,E,F,G,H,I,J,K,L,);
191 | | }
    | |_- in this macro invocation
    |
    = help: consider increasing the recursion limit by adding a `#![recursion_limit = "256"]` attribute to your crate (`generic_array`)
note: required by a bound in `GenericArray::<T, N>::from_array`
   --> /home/adwin/.cargo/registry/src/mirrors.tuna.tsinghua.edu.cn-4dc01642fd091eda/generic-array-1.3.5/src/lib.rs:773:12
    |
773 | impl<T, N: ArrayLength> GenericArray<T, N> {
    |            ^^^^^^^^^^^ required by this bound in `GenericArray::<T, N>::from_array`
...
940 |     pub const fn from_array<const U: usize>(value: [T; U]) -> Self
    |                  ---------- required by a bound in this associated function
    = note: this error originates in the macro `impl_tuple` (in Nightly builds, run with -Z macro-backtrace for more info)

error[E0275]: overflow evaluating the requirement `Const<12>: IntoArrayLength`
   --> /home/adwin/.cargo/registry/src/mirrors.tuna.tsinghua.edu.cn-4dc01642fd091eda/generic-array-1.3.5/src/impls.rs:163:17
    |
163 |                   GenericArray::from_array([$($t,)*])
    |                   ^^^^^^^^^^^^^^^^^^^^^^^^^^^^^^^^^^^
...
178 | / impl_tuple! {
179 | |     consts::U1  => (A,);
180 | |     consts::U2  => (A,B,);
181 | |     consts::U3  => (A,B,C,);
...   |
190 | |     consts::U12 => (A,B,C,D,E,F,G,H,I,J,K,L,);
191 | | }
    | |_- in this macro invocation
    |
    = help: consider increasing the recursion limit by adding a `#![recursion_limit = "256"]` attribute to your crate (`generic_array`)
note: required by a bound in `GenericArray::<T, N>::from_array`
   --> /home/adwin/.cargo/registry/src/mirrors.tuna.tsinghua.edu.cn-4dc01642fd091eda/generic-array-1.3.5/src/lib.rs:942:19
    |
940 |     pub const fn from_array<const U: usize>(value: [T; U]) -> Self
    |                  ---------- required by a bound in this associated function
941 |     where
942 |         Const<U>: IntoArrayLength<ArrayLength = N>,
    |                   ^^^^^^^^^^^^^^^^^^^^^^^^^^^^^^^^ required by this bound in `GenericArray::<T, N>::from_array`
    = note: this error originates in the macro `impl_tuple` (in Nightly builds, run with -Z macro-backtrace for more info)

error[E0275]: overflow evaluating the requirement `<Const<12> as IntoArrayLength>::ArrayLength == UInt<UInt<UInt<UInt<UTerm, typenum::B1>, typenum::B1>, ...>, ...>`
   --> /home/adwin/.cargo/registry/src/mirrors.tuna.tsinghua.edu.cn-4dc01642fd091eda/generic-array-1.3.5/src/impls.rs:163:17
    |
163 |                   GenericArray::from_array([$($t,)*])
    |                   ^^^^^^^^^^^^^^^^^^^^^^^^^^^^^^^^^^^
...
178 | / impl_tuple! {
179 | |     consts::U1  => (A,);
180 | |     consts::U2  => (A,B,);
181 | |     consts::U3  => (A,B,C,);
...   |
190 | |     consts::U12 => (A,B,C,D,E,F,G,H,I,J,K,L,);
191 | | }
    | |_- in this macro invocation
    |
    = help: consider increasing the recursion limit by adding a `#![recursion_limit = "256"]` attribute to your crate (`generic_array`)
note: required by a bound in `GenericArray::<T, N>::from_array`
   --> /home/adwin/.cargo/registry/src/mirrors.tuna.tsinghua.edu.cn-4dc01642fd091eda/generic-array-1.3.5/src/lib.rs:942:35
    |
940 |     pub const fn from_array<const U: usize>(value: [T; U]) -> Self
    |                  ---------- required by a bound in this associated function
941 |     where
942 |         Const<U>: IntoArrayLength<ArrayLength = N>,
    |                                   ^^^^^^^^^^^^^^^ required by this bound in `GenericArray::<T, N>::from_array`
    = note: this error originates in the macro `impl_tuple` (in Nightly builds, run with -Z macro-backtrace for more info)

Some errors have detailed explanations: E0275, E0282.
For more information about an error, try `rustc --explain E0275`.
error: could not compile `generic-array` (lib) due to 120 previous errors
warning: build failed, waiting for other jobs to finish...
