Running as unit: run-p3119377-i15699417.scope; invocation ID: 99b9f8acef9a48458f81956b13312c20
 Downloading crates ...
  Downloaded const_panic v0.2.13 (registry `tuna`)
  Downloaded typewit v1.12.1 (registry `tuna`)
   Compiling proc-macro2 v1.0.95
   Compiling unicode-ident v1.0.18
   Compiling libc v0.2.174
   Compiling serde v1.0.219
    Checking cfg-if v1.0.1
    Checking pin-project-lite v0.2.16
    Checking bytes v1.10.1
    Checking memchr v2.7.5
   Compiling typenum v1.18.0
   Compiling version_check v0.9.5
    Checking itoa v1.0.15
    Checking futures-core v0.3.31
    Checking once_cell v1.21.3
    Checking stable_deref_trait v1.2.0
    Checking subtle v2.6.1
   Compiling generic-array v0.14.7
    Checking log v0.4.27
    Checking fnv v1.0.7
    Checking tracing-core v0.1.34
    Checking futures-sink v0.3.31
    Checking smallvec v1.15.1
    Checking hashbrown v0.15.5
    Checking percent-encoding v2.3.1
    Checking http v1.3.1
    Checking equivalent v1.0.2
   Compiling shlex v1.3.0
   Compiling quote v1.0.40
    Checking ryu v1.0.20
    Checking litemap v0.8.0
    Checking writeable v0.6.1
   Compiling syn v2.0.104
    Checking getrandom v0.2.16
    Checking socket2 v0.6.0
    Checking mio v1.0.4
   Compiling cc v1.2.32
    Checking rand_core v0.6.4
   Compiling icu_normalizer_data v2.0.0
    Checking slab v0.4.11
    Checking base64 v0.22.1
    Checking cpufeatures v0.2.17
   Compiling icu_properties_data v2.0.1
    Checking form_urlencoded v1.2.1
    Checking futures-channel v0.3.31
    Checking futures-io v0.3.31
   Compiling zerocopy v0.8.26
    Checking pin-utils v0.1.0
    Checking futures-task v0.3.31
   Compiling thiserror v2.0.12
    Checking aho-corasick v1.1.3
   Compiling winnow v0.7.12
   Compiling serde_json v1.0.142
    Checking regex-syntax v0.8.5
   Compiling indexmap v2.10.0
    Checking crypto-common v0.1.6
    Checking block-buffer v0.10.4
    Checking digest v0.10.7
    Checking utf8_iter v1.0.4
    Checking http-body v1.0.1
   Compiling getrandom v0.3.3
   Compiling autocfg v1.5.0
    Checking block-padding v0.3.3
   Compiling ring v0.17.14
   Compiling httparse v1.10.1
   Compiling semver v1.0.26
   Compiling num-traits v0.2.19
   Compiling typewit_proc_macros v1.8.1
    Checking tower-service v0.3.3
    Checking inout v0.1.4
    Checking mime v0.3.17
    Checking typewit v1.12.1
   Compiling js_int v0.2.2
    Checking regex-automata v0.4.9
    Checking try-lock v0.2.5
    Checking powerfmt v0.2.0
    Checking httpdate v1.0.3
    Checking atomic-waker v1.1.2
    Checking konst_kernel v0.3.15
    Checking deranged v0.4.0
    Checking want v0.3.1
    Checking ppv-lite86 v0.2.21
    Checking rand_chacha v0.3.1
    Checking rand v0.8.5
    Checking sync_wrapper v1.0.2
    Checking untrusted v0.9.0
    Checking const_panic v0.2.13
    Checking num-conv v0.1.0
    Checking time-core v0.1.4
   Compiling ruma-common v0.15.4
   Compiling anyhow v1.0.98
    Checking unicase v2.8.1
   Compiling pulldown-cmark v0.13.0
    Checking tower-layer v0.3.3
    Checking time v0.3.41
    Checking konst v0.3.16
   Compiling rustc_version v0.4.1
    Checking uuid v1.17.0
    Checking as_variant v1.3.0
    Checking wildmatch v2.4.0
   Compiling paste v1.0.15
   Compiling ruma-events v0.30.5
   Compiling crc32fast v1.5.0
    Checking pulldown-cmark-escape v0.11.0
    Checking ipnet v2.11.0
   Compiling either v1.15.0
   Compiling rustls v0.23.31
    Checking web-time v1.1.0
   Compiling crossbeam-utils v0.8.21
    Checking regex v1.11.1
   Compiling curve25519-dalek v4.1.3
    Checking http-body-util v0.1.3
    Checking hmac v0.12.1
    Checking sha2 v0.10.9
    Checking universal-hash v0.5.1
   Compiling proc-macro-error-attr2 v2.0.0
    Checking opaque-debug v0.3.1
    Checking rand_core v0.9.3
    Checking bitmaps v3.2.1
   Compiling thiserror v1.0.69
    Checking adler2 v2.0.1
   Compiling ruma-client-api v0.20.4
    Checking rand_xoshiro v0.7.0
    Checking miniz_oxide v0.8.9
    Checking poly1305 v0.8.0
   Compiling proc-macro-error2 v2.0.1
   Compiling blake3 v1.8.2
    Checking aead v0.5.2
   Compiling siphasher v1.0.1
    Checking date_header v1.0.5
    Checking assign v1.1.1
    Checking openssl-probe v0.1.6
   Compiling rustversion v1.0.22
    Checking byteorder v1.5.0
    Checking imbl-sized-chunks v0.1.3
    Checking archery v1.2.1
    Checking maplit v1.0.2
   Compiling phf_shared v0.11.3
    Checking concurrent-queue v2.5.0
    Checking rmp v0.8.14
    Checking flate2 v1.1.2
   Compiling itertools v0.14.0
    Checking parking v2.2.1
    Checking constant_time_eq v0.3.1
   Compiling synstructure v0.13.2
   Compiling decancer v3.3.3
    Checking lazy_static v1.5.0
    Checking iri-string v0.7.8
   Compiling matrix-sdk-common v0.13.0
    Checking tinyvec_macros v0.1.1
    Checking iana-time-zone v0.1.63
    Checking arrayref v0.3.9
   Compiling rustix v1.0.8
    Checking signature v2.2.0
    Checking tinyvec v1.9.0
    Checking event-listener v5.4.1
   Compiling phf v0.11.3
    Checking pbkdf2 v0.12.2
   Compiling include_dir_macros v0.7.4
    Checking encoding_rs v0.8.35
    Checking utf8parse v0.2.2
    Checking readlock v0.1.9
    Checking fastrand v2.3.0
    Checking xxhash-rust v0.8.15
    Checking linux-raw-sys v0.9.4
    Checking unicode-normalization v0.1.24
    Checking anstyle-parse v0.2.7
   Compiling include_dir v0.7.4
   Compiling mime_guess2 v2.3.1
    Checking event-listener-strategy v0.5.4
    Checking hkdf v0.12.4
   Compiling itertools v0.10.5
    Checking sha1 v0.10.6
    Checking headers-core v0.3.0
    Checking is_terminal_polyfill v1.70.1
    Checking anstyle v1.0.11
    Checking base64ct v1.8.0
    Checking anstyle-query v1.1.4
    Checking colorchoice v1.0.4
   Compiling matrix-sdk v0.13.0
    Checking matchit v0.8.4
    Checking anstream v0.6.20
    Checking headers v0.4.1
    Checking async-channel v2.5.0
   Compiling serde_derive v1.0.219
   Compiling zerofrom-derive v0.1.6
   Compiling yoke-derive v0.8.0
   Compiling tokio-macros v2.5.0
   Compiling zeroize_derive v1.4.2
   Compiling zerovec-derive v0.11.1
   Compiling tracing-attributes v0.1.30
    Checking tokio v1.47.1
    Checking zeroize v1.8.1
   Compiling displaydoc v0.2.5
   Compiling futures-macro v0.3.31
   Compiling thiserror-impl v2.0.12
    Checking rustls-pki-types v1.12.0
    Checking cipher v0.4.4
    Checking rustls-webpki v0.103.4
    Checking chacha20 v0.9.1
    Checking zerofrom v0.1.6
    Checking yoke v0.8.0
   Compiling thiserror-impl v1.0.69
    Checking zerovec v0.11.4
    Checking tracing v0.1.41
    Checking zerotrie v0.2.2
    Checking futures-util v0.3.31
   Compiling curve25519-dalek-derive v0.1.1
   Compiling ruma-identifiers-validation v0.10.1
    Checking chacha20poly1305 v0.10.1
    Checking webpki-roots v1.0.2
    Checking rustls-native-certs v0.8.1
   Compiling prost-derive v0.13.5
    Checking axum-core v0.5.2
    Checking cbc v0.1.2
    Checking aes v0.8.4
    Checking tinystr v0.8.1
    Checking icu_locale_core v2.0.0
    Checking potential_utf v0.1.2
    Checking icu_collections v2.0.0
    Checking icu_provider v2.0.0
    Checking icu_normalizer v2.0.0
    Checking icu_properties v2.0.1
   Compiling async-trait v0.1.88
   Compiling async-stream-impl v0.3.6
    Checking prost v0.13.5
    Checking tokio-util v0.7.16
    Checking tower v0.5.2
    Checking tokio-rustls v0.26.2
    Checking readlock-tokio v0.1.4
    Checking idna_adapter v1.2.1
    Checking async-compression v0.4.27
    Checking eyeball v0.8.8
    Checking idna v1.0.3
    Checking tokio-stream v0.1.17
    Checking async-stream v0.3.6
    Checking backon v1.5.2
    Checking futures-executor v0.3.31
   Compiling aquamarine v0.6.0
    Checking env_filter v0.1.3
    Checking mime2ext v0.1.54
    Checking urlencoding v2.1.3
    Checking anymap2 v0.13.0
    Checking unsafe-libyaml v0.2.11
    Checking bytesize v2.0.1
    Checking language-tags v0.3.2
    Checking jiff v0.2.15
    Checking futures v0.3.31
    Checking constant_time_eq v0.4.2
    Checking bitflags v2.9.1
    Checking url v2.5.4
    Checking js_option v0.1.1
    Checking arrayvec v0.7.6
    Checking serde_urlencoded v0.7.1
    Checking imbl v5.0.0
   Compiling serde_spanned v0.6.9
   Compiling toml_datetime v0.6.11
    Checking h2 v0.4.12
    Checking serde_html_form v0.2.7
   Compiling toml_edit v0.22.27
    Checking serde_bytes v0.11.17
    Checking serde_path_to_error v0.1.17
    Checking tower-http v0.6.6
    Checking ed25519 v2.2.3
    Checking chrono v0.4.41
    Checking rmp-serde v1.3.0
    Checking eyeball-im v0.7.0
    Checking growable-bloom-filter v2.1.1
    Checking x25519-dalek v2.0.1
    Checking ed25519-dalek v2.2.0
    Checking matrix-sdk-store-encryption v0.13.0
    Checking serde_yaml v0.9.34+deprecated
    Checking mime-sniffer v0.1.3
    Checking quick-xml v0.38.1
    Checking serde_regex v1.1.0
    Checking dateparser v0.2.1
    Checking env_logger v0.11.8
    Checking tempfile v3.20.0
   Compiling proc-macro-crate v3.3.0
   Compiling toml v0.8.23
   Compiling matrix-pickle-derive v0.2.1
   Compiling ruma-macros v0.15.2
    Checking matrix-pickle v0.2.1
    Checking hyper v1.6.0
    Checking vodozemac v0.9.0
    Checking hyper-util v0.1.16
    Checking hyper-rustls v0.27.7
    Checking axum v0.8.4
    Checking reqwest v0.12.22
    Checking oauth2 v5.0.0
    Checking axum-extra v0.10.1
    Checking ruma v0.12.6
    Checking matrix-sdk-base v0.13.0
error[E0275]: overflow evaluating the requirement `impl futures_core::Future<Output = std::result::Result<TimelineEvent, error::Error>>: SendOutsideWasm`
    --> /home/adwin/.cargo/registry/src/mirrors.tuna.tsinghua.edu.cn-4dc01642fd091eda/matrix-sdk-0.13.0/src/room/mod.rs:3929:54
     |
3929 |     async fn get_event(&self, event_id: &EventId) -> Result<TimelineEvent, Error> {
     |                                                      ^^^^^^^^^^^^^^^^^^^^^^^^^^^^
     |
     = help: consider increasing the recursion limit by adding a `#![recursion_limit = "256"]` attribute to your crate (`matrix_sdk`)
note: required by a bound in `EventSource::get_event::{anon_assoc#0}`
    --> /home/adwin/.cargo/registry/src/mirrors.tuna.tsinghua.edu.cn-4dc01642fd091eda/matrix-sdk-0.13.0/src/room/mod.rs:3925:63
     |
3925 |     ) -> impl Future<Output = Result<TimelineEvent, Error>> + SendOutsideWasm;
     |                                                               ^^^^^^^^^^^^^^^ required by this bound in `EventSource::get_event::{anon_assoc#0}`

error[E0275]: overflow evaluating the requirement `impl futures_core::Future<Output = ()>: std::marker::Send`
   --> /home/adwin/.cargo/registry/src/mirrors.tuna.tsinghua.edu.cn-4dc01642fd091eda/matrix-sdk-0.13.0/src/event_cache/mod.rs:195:45
    |
195 |               let listen_updates_task = spawn(Self::listen_task(
    |  _______________________________________-----_^
    | |                                       |
    | |                                       required by a bound introduced by this call
196 | |                 self.inner.clone(),
197 | |                 client.subscribe_to_all_room_updates(),
198 | |             ));
    | |_____________^
    |
    = help: consider increasing the recursion limit by adding a `#![recursion_limit = "256"]` attribute to your crate (`matrix_sdk`)
note: required by a bound in `tokio::spawn`
   --> /home/adwin/.cargo/registry/src/mirrors.tuna.tsinghua.edu.cn-4dc01642fd091eda/tokio-1.47.1/src/task/spawn.rs:168:21
    |
166 |     pub fn spawn<F>(future: F) -> JoinHandle<F::Output>
    |            ----- required by a bound in this function
167 |     where
168 |         F: Future + Send + 'static,
    |                     ^^^^ required by this bound in `spawn`

error[E0275]: overflow evaluating the requirement `impl futures_core::Future<Output = ()>: std::marker::Send`
   --> /home/adwin/.cargo/registry/src/mirrors.tuna.tsinghua.edu.cn-4dc01642fd091eda/matrix-sdk-0.13.0/src/send_queue/mod.rs:419:26
    |
419 |           let task = spawn(Self::sending_task(
    |  ____________________-----_^
    | |                    |
    | |                    required by a bound introduced by this call
420 | |             weak_room.clone(),
421 | |             queue.clone(),
422 | |             notifier.clone(),
...   |
427 | |             is_dropping,
428 | |         ));
    | |_________^
    |
    = help: consider increasing the recursion limit by adding a `#![recursion_limit = "256"]` attribute to your crate (`matrix_sdk`)
note: required by a bound in `tokio::spawn`
   --> /home/adwin/.cargo/registry/src/mirrors.tuna.tsinghua.edu.cn-4dc01642fd091eda/tokio-1.47.1/src/task/spawn.rs:168:21
    |
166 |     pub fn spawn<F>(future: F) -> JoinHandle<F::Output>
    |            ----- required by a bound in this function
167 |     where
168 |         F: Future + Send + 'static,
    |                     ^^^^ required by this bound in `spawn`

error[E0275]: overflow evaluating the requirement `std::pin::Pin<Box<{async block@/home/adwin/.cargo/registry/src/mirrors.tuna.tsinghua.edu.cn-4dc01642fd091eda/matrix-sdk-0.13.0/src/client/futures.rs:89:18: 89:28}>>: CoerceUnsized<std::pin::Pin<Box<dyn futures_core::Future<Output = std::result::Result<..., ...>> + std::marker::Send>>>`
   --> /home/adwin/.cargo/registry/src/mirrors.tuna.tsinghua.edu.cn-4dc01642fd091eda/matrix-sdk-0.13.0/src/client/futures.rs:89:9
    |
 89 | /         Box::pin(async move {
 90 | |             let res =
 91 | |                 Box::pin(client.send_inner(request.clone(), config, send_progress.clone())).await;
...   |
154 | |             res
155 | |         })
    | |__________^
    |
    = help: consider increasing the recursion limit by adding a `#![recursion_limit = "256"]` attribute to your crate (`matrix_sdk`)
    = note: required for the cast from `Pin<Box<...>>` to `Pin<Box<dyn Future<Output = Result<..., ...>> + Send>>`
    = note: the full name for the type has been written to '/getea/tmp/crater-spurious/bebot-0.2.5/target/debug/deps/matrix_sdk-694dc5b615a8f0e1.long-type-2689914672085765328.txt'
    = note: consider using `--verbose` to print the full type name to the console

error[E0275]: overflow evaluating the requirement `std::pin::Pin<Box<Instrumented<{async block@/home/adwin/.cargo/registry/src/mirrors.tuna.tsinghua.edu.cn-4dc01642fd091eda/matrix-sdk-0.13.0/src/room/futures.rs:307:19: 307:29}>>>: CoerceUnsized<std::pin::Pin<Box<dyn futures_core::Future<Output = ...> + std::marker::Send>>>`
   --> /home/adwin/.cargo/registry/src/mirrors.tuna.tsinghua.edu.cn-4dc01642fd091eda/matrix-sdk-0.13.0/src/room/futures.rs:319:9
    |
319 |         Box::pin(fut.instrument(tracing_span))
    |         ^^^^^^^^^^^^^^^^^^^^^^^^^^^^^^^^^^^^^^
    |
    = help: consider increasing the recursion limit by adding a `#![recursion_limit = "256"]` attribute to your crate (`matrix_sdk`)
    = note: required for the cast from `Pin<Box<Instrumented<...>>>` to `Pin<Box<dyn Future<Output = Result<Response, Error>> + Send>>`
    = note: the full name for the type has been written to '/getea/tmp/crater-spurious/bebot-0.2.5/target/debug/deps/matrix_sdk-694dc5b615a8f0e1.long-type-1553225989744413840.txt'
    = note: consider using `--verbose` to print the full type name to the console

error[E0275]: overflow evaluating the requirement `Instrumented<{async block@/home/adwin/.cargo/registry/src/mirrors.tuna.tsinghua.edu.cn-4dc01642fd091eda/matrix-sdk-0.13.0/src/sliding_sync/mod.rs:576:22: 576:32}>: std::marker::Send`
   --> /home/adwin/.cargo/registry/src/mirrors.tuna.tsinghua.edu.cn-4dc01642fd091eda/matrix-sdk-0.13.0/src/sliding_sync/mod.rs:599:9
    |
599 |         spawn(future.instrument(Span::current())).await.unwrap()
    |         ^^^^^^^^^^^^^^^^^^^^^^^^^^^^^^^^^^^^^^^^^
    |
    = help: consider increasing the recursion limit by adding a `#![recursion_limit = "256"]` attribute to your crate (`matrix_sdk`)
note: required by a bound in `tokio::spawn`
   --> /home/adwin/.cargo/registry/src/mirrors.tuna.tsinghua.edu.cn-4dc01642fd091eda/tokio-1.47.1/src/task/spawn.rs:168:21
    |
166 |     pub fn spawn<F>(future: F) -> JoinHandle<F::Output>
    |            ----- required by a bound in this function
167 |     where
168 |         F: Future + Send + 'static,
    |                     ^^^^ required by this bound in `spawn`

For more information about this error, try `rustc --explain E0275`.
error: could not compile `matrix-sdk` (lib) due to 6 previous errors
