Running as unit: run-p1659134-i14239242.scope; invocation ID: 294161b9cc1d42b1b45ad94363880305
   Compiling proc-macro2 v1.0.95
   Compiling unicode-ident v1.0.18
    Checking cfg-if v1.0.1
   Compiling serde_core v1.0.228
   Compiling libc v0.2.174
   Compiling version_check v0.9.5
    Checking allocator-api2 v0.2.21
    Checking smallvec v1.15.1
   Compiling typenum v1.18.0
   Compiling generic-array v0.14.7
    Checking equivalent v1.0.2
    Checking foldhash v0.2.0
   Compiling serde v1.0.228
    Checking hashbrown v0.16.1
    Checking itoa v1.0.15
    Checking ryu v1.0.20
   Compiling autocfg v1.5.0
   Compiling quote v1.0.40
   Compiling siphasher v1.0.1
   Compiling syn v2.0.104
    Checking memchr v2.7.5
   Compiling crossbeam-utils v0.8.21
   Compiling thiserror v2.0.17
   Compiling rustversion v1.0.21
    Checking rustc-hash v2.1.1
    Checking either v1.15.0
    Checking getrandom v0.2.16
    Checking rand_core v0.6.4
    Checking crossbeam-epoch v0.9.18
   Compiling phf_shared v0.13.1
    Checking unicode-width v0.2.0
   Compiling rayon-core v1.13.0
    Checking crossbeam-deque v0.8.6
    Checking str_indices v0.4.4
   Compiling owo-colors v4.2.3
    Checking unicode-segmentation v1.12.0
    Checking ropey v1.6.1
    Checking castaway v0.2.3
   Compiling num-traits v0.2.19
    Checking unicode-linebreak v0.1.5
    Checking static_assertions v1.1.0
    Checking smawk v0.3.2
    Checking oxc_data_structures v0.92.0
    Checking textwrap v0.16.2
    Checking rayon v1.11.0
    Checking dragonbox_ecma v0.0.5
    Checking bitflags v2.10.0
    Checking indexmap v2.11.4
   Compiling fastrand v2.3.0
   Compiling phf_generator v0.13.1
    Checking oxc_estree v0.92.0
   Compiling phf v0.13.1
    Checking bumpalo v3.19.0
    Checking once_cell v1.21.3
   Compiling serde_json v1.0.145
    Checking cow-utils v0.1.3
    Checking percent-encoding v2.3.2
    Checking crypto-common v0.1.6
    Checking unicode-id-start v1.4.0
    Checking nonmax v0.5.5
    Checking simd-adler32 v0.3.7
   Compiling crc32fast v1.5.0
    Checking subtle v2.6.1
    Checking zlib-rs v0.5.3
    Checking adler2 v2.0.1
    Checking miniz_oxide v0.8.9
    Checking foldhash v0.1.5
   Compiling zerocopy v0.8.27
    Checking hashbrown v0.15.4
    Checking num-integer v0.1.46
    Checking cpufeatures v0.2.17
    Checking num-bigint v0.4.6
    Checking libz-rs-sys v0.5.3
    Checking flate2 v1.1.2
    Checking block-buffer v0.10.4
    Checking pin-project-lite v0.2.16
    Checking fixedbitset v0.5.7
    Checking digest v0.10.7
    Checking petgraph v0.8.3
    Checking itertools v0.14.0
   Compiling lock_api v0.4.13
   Compiling ahash v0.8.12
   Compiling parking_lot_core v0.9.11
    Checking self_cell v1.2.1
   Compiling anyhow v1.0.100
    Checking powerfmt v0.2.0
   Compiling virtue v0.0.18
    Checking scopeguard v1.2.0
    Checking deranged v0.5.5
   Compiling bincode_derive v2.0.1
    Checking tracing-core v0.1.34
    Checking aho-corasick v1.1.3
    Checking time-core v0.1.6
    Checking regex-syntax v0.8.6
    Checking num-conv v0.1.0
    Checking unty v0.0.4
    Checking bincode v2.0.1
    Checking time v0.3.44
    Checking hashbrown v0.14.5
   Compiling serde_derive v1.0.228
   Compiling thiserror-impl v2.0.17
   Compiling oxc-miette-derive v2.6.0
   Compiling phf_macros v0.13.1
   Compiling oxc_ast_macros v0.92.0
    Checking nom v8.0.0
    Checking regex-automata v0.4.13
    Checking vsimd v0.8.0
    Checking outref v0.5.2
   Compiling oxc_sourcemap v4.2.0
    Checking json-escape-simd v1.1.0
    Checking oxc-miette v2.6.0
    Checking futures-sink v0.3.31
    Checking futures-core v0.3.31
    Checking base64-simd v0.8.0
    Checking byteorder v1.5.0
   Compiling seq-macro v0.3.6
   Compiling getrandom v0.3.3
    Checking oxc_diagnostics v0.92.0
    Checking log v0.4.29
    Checking futures-channel v0.3.31
   Compiling futures-macro v0.3.31
    Checking futures-io v0.3.31
    Checking futures-task v0.3.31
    Checking slab v0.4.11
    Checking arrayvec v0.7.6
    Checking pin-utils v0.1.0
    Checking futures-util v0.3.31
   Compiling tracing-attributes v0.1.30
   Compiling synstructure v0.13.2
    Checking sha1 v0.10.6
    Checking base64 v0.22.1
    Checking bit-vec v0.8.0
   Compiling semver v1.0.26
    Checking tracing v0.1.41
    Checking compact_str v0.9.0
    Checking oxc_allocator v0.92.0
    Checking oxc_index v3.1.0
    Checking bit-set v0.8.0
    Checking uuid v1.19.0
    Checking oxc_span v0.92.0
    Checking dashmap v6.1.0
   Compiling pin-project-internal v1.1.10
    Checking oxc_syntax v0.92.0
    Checking oxc_regular_expression v0.92.0
   Compiling tokio-macros v2.6.0
    Checking oxc_cfg v0.92.0
    Checking nibble_vec v0.1.0
    Checking fnv v1.0.7
    Checking endian-type v0.2.0
    Checking simdutf8 v0.1.5
    Checking oxc_ast v0.92.0
    Checking radix_trie v0.3.0
    Checking cfb v0.7.3
    Checking futures-executor v0.3.31
    Checking tokio v1.48.0
    Checking futures v0.3.31
    Checking fancy-regex v0.16.2
    Checking pin-project v1.1.10
   Compiling zerofrom-derive v0.1.6
    Checking regex v1.12.2
    Checking form_urlencoded v1.2.2
    Checking concurrent_lru v0.2.0
    Checking seize v0.5.1
   Compiling shlex v1.3.0
    Checking pathdiff v0.2.3
    Checking pnp v0.12.5
   Compiling convert_case v0.10.0
   Compiling cc v1.2.29
    Checking papaya v0.2.3
    Checking brk_rolldown_std_utils v0.2.3
    Checking zerofrom v0.1.6
   Compiling rustc_version v0.4.1
    Checking infer v0.19.0
   Compiling yoke-derive v0.8.1
    Checking async-scoped v0.9.0
    Checking fast-glob v1.0.0
    Checking json-strip-comments v3.1.0
    Checking regress v0.10.5
    Checking sugar_path v1.2.1
    Checking stable_deref_trait v1.2.1
    Checking mime v0.3.17
   Compiling unicode-xid v0.2.6
    Checking xxhash-rust v0.8.15
    Checking arcstr v1.2.0
    Checking base-encode v0.3.1
   Compiling blake3 v1.8.2
   Compiling derive_more-impl v2.1.0
    Checking oxc_resolver v11.9.0
    Checking yoke v0.8.1
    Checking yansi v1.0.1
    Checking rolldown-ariadne v0.5.3
   Compiling zerovec-derive v0.11.2
    Checking heck v0.5.0
   Compiling displaydoc v0.2.5
    Checking lazy_static v1.5.0
    Checking derive_more v2.1.0
    Checking sharded-slab v0.1.7
    Checking tracing-serde v0.2.0
    Checking tracing-log v0.2.0
    Checking zerovec v0.11.5
    Checking thread_local v1.1.9
    Checking nu-ansi-term v0.50.1
   Compiling termcolor v1.4.1
    Checking brk_string_wizard v0.2.3
    Checking tracing-subscriber v0.3.20
    Checking filetime v0.2.26
    Checking constant_time_eq v0.3.1
    Checking arrayref v0.3.9
   Compiling ts-rs-macros v11.1.0
    Checking vfs v0.12.2
    Checking tinystr v0.8.2
   Compiling curve25519-dalek v4.2.0
    Checking litemap v0.8.1
    Checking oxc_ecmascript v0.92.0
    Checking oxc_ast_visit v0.92.0
    Checking writeable v0.6.2
   Compiling beef v0.5.2
    Checking icu_locale_core v2.1.1
    Checking oxc_parser v0.92.0
    Checking brk_rolldown_fs v0.2.3
    Checking potential_utf v0.1.4
    Checking zerotrie v0.2.3
    Checking oxc_semantic v0.92.0
    Checking oxc_isolated_declarations v0.92.0
    Checking ts-rs v11.1.0
    Checking mio v1.0.4
    Checking brk_rolldown_debug_action v0.2.3
   Compiling curve25519-dalek-derive v0.1.1
    Checking oxc_traverse v0.92.0
    Checking oxc_codegen v0.92.0
    Checking oxc_mangler v0.92.0
   Compiling icu_normalizer_data v2.1.1
   Compiling icu_properties_data v2.1.1
   Compiling zeroize v1.8.1
    Checking brk_rolldown_debug v0.2.3
    Checking icu_provider v2.1.1
    Checking icu_collections v2.1.1
    Checking typedmap v0.6.0
   Compiling async-trait v0.1.89
   Compiling rand v0.8.5
   Compiling phf_shared v0.11.3
   Compiling rustix v0.38.44
   Compiling snafu-derive v0.8.6
   Compiling phf_generator v0.11.3
   Compiling inout v0.1.4
    Checking inotify-sys v0.1.5
    Checking utf8parse v0.2.2
   Compiling ident_case v1.0.1
   Compiling strsim v0.11.1
    Checking same-file v1.0.6
   Compiling regex-syntax v0.6.29
    Checking linux-raw-sys v0.4.15
   Compiling signal-hook v0.3.18
   Compiling darling_core v0.20.11
    Checking walkdir v2.5.0
    Checking anstyle-parse v0.2.7
    Checking inotify v0.11.0
   Compiling phf_macros v0.11.3
   Compiling logos-codegen v0.13.0
   Compiling cipher v0.4.4
    Checking icu_normalizer v2.1.1
    Checking oxc-browserslist v2.1.3
    Checking icu_properties v2.1.1
   Compiling universal-hash v0.5.1
   Compiling logos-codegen v0.15.1
    Checking ppv-lite86 v0.2.21
    Checking signal-hook-registry v1.4.5
   Compiling signature v2.2.0
   Compiling opaque-debug v0.3.1
    Checking brk-notify-types v2.0.1
    Checking anstyle-query v1.1.4
    Checking colorchoice v1.0.4
   Compiling thiserror v1.0.69
    Checking is_terminal_polyfill v1.70.1
   Compiling base64ct v1.8.0
    Checking anstyle v1.0.11
   Compiling indoc v2.0.6
   Compiling darling_macro v0.20.11
    Checking oxc_compat v0.92.0
    Checking anstream v0.6.20
    Checking brk-notify v8.2.1
   Compiling password-hash v0.5.0
    Checking oxc_transformer v0.92.0
    Checking oxc_minifier v0.92.0
   Compiling logos-derive v0.13.0
   Compiling ed25519 v2.2.3
   Compiling poly1305 v0.8.0
    Checking phf v0.11.3
    Checking rand_chacha v0.3.1
    Checking idna_adapter v1.2.1
   Compiling chacha20 v0.9.1
   Compiling sha2 v0.10.9
   Compiling blake2 v0.10.6
   Compiling aead v0.5.2
   Compiling thiserror-impl v1.0.69
    Checking parking_lot v0.12.4
    Checking fdeflate v0.3.7
    Checking pxfm v0.1.10
    Checking brk-file-id v0.2.3
    Checking clap_lex v0.7.5
   Compiling paste v1.0.15
    Checking color_quant v1.1.0
    Checking zune-core v0.4.12
    Checking quick-error v2.0.1
    Checking weezl v0.1.10
    Checking byteorder-lite v0.1.0
    Checking utf8_iter v1.0.4
    Checking moxcms v0.7.5
    Checking gif v0.13.3
    Checking idna v1.1.0
    Checking image-webp v0.2.4
    Checking zune-jpeg v0.4.21
    Checking clap_builder v4.5.48
   Compiling ed25519-dalek v2.2.0
    Checking brk-notify-debouncer-full v0.6.1
    Checking png v0.18.0
   Compiling argon2 v0.5.3
    Checking oxc_transformer_plugins v0.92.0
   Compiling chacha20poly1305 v0.10.1
    Checking oxc v0.92.0
    Checking brk_rolldown_utils v0.2.3
    Checking signal-hook-mio v0.2.4
   Compiling logos v0.13.0
   Compiling darling v0.20.11
   Compiling snafu v0.8.6
    Checking tracing-chrome v0.7.2
    Checking brk_rolldown_error v0.2.3
    Checking brk_rolldown_sourcemap v0.2.3
   Compiling strum_macros v0.26.4
    Checking lasso v0.7.3
    Checking brk_rolldown_ecmascript v0.2.3
    Checking brk_rolldown_common v0.2.3
    Checking itertools v0.13.0
    Checking urlencoding v2.1.3
    Checking unicode-width v0.1.14
    Checking x11rb-protocol v0.13.1
    Checking codemap v0.1.3
   Compiling palette v0.7.6
   Compiling by_address v1.2.1
    Checking bytemuck v1.23.1
   Compiling palette_derive v0.7.6
    Checking image v0.25.8
    Checking strum v0.26.3
    Checking grass_compiler v0.13.4
    Checking brk_rolldown_resolver v0.2.3
    Checking brk_rolldown_plugin v0.2.3
    Checking brk_rolldown_ecmascript_utils v0.2.3
    Checking unicode-truncate v1.1.0
   Compiling logos-derive v0.15.1
    Checking brk_rolldown_watcher v0.2.3
    Checking brk_rolldown_tracing v0.2.3
   Compiling codas v0.5.1
   Compiling instability v0.3.7
    Checking clap v4.5.48
    Checking brk_rolldown_plugin_chunk_import_map v0.2.3
    Checking brk_rolldown_plugin_data_uri v0.2.3
    Checking brk_rolldown_plugin_hmr v0.2.3
    Checking brk_rolldown_plugin_oxc_runtime v0.2.3
    Checking crossterm v0.28.1
    Checking commondir v1.0.0
    Checking x11rb v0.13.1
    Checking url v2.5.7
    Checking lru v0.12.5
    Checking approx v0.5.1
    Checking compact_str v0.8.1
    Checking css-module-lexer v0.0.15
    Checking dunce v1.0.5
    Checking append-only-vec v0.1.8
    Checking cassowary v0.3.0
    Checking unicode-id v0.3.6
    Checking fast-srgb8 v1.0.0
    Checking markdown v1.0.0
    Checking ratatui v0.29.0
    Checking arboard v3.6.0
    Checking grass v0.13.4
    Checking brk_rolldown v0.2.3
    Checking logos v0.15.1
   Compiling codas-macros v0.5.1
error[E0275]: overflow evaluating the requirement `Pin<std::boxed::Box<impl futures::Future<Output = ()>>>: CoerceUnsized<Pin<std::boxed::Box<dyn futures::Future<Output = ()> + std::marker::Send>>>`
  --> /home/adwin/.cargo/registry/src/mirrors.tuna.tsinghua.edu.cn-4dc01642fd091eda/brk_rolldown-0.2.3/src/dev/build_driver.rs:81:30
   |
81 |       let bundling_future = (Box::pin(bundling_task.run()) as PinBoxSendStaticFuture).shared();
   |                              ^^^^^^^^^^^^^^^^^^^^^^^^^^^^^
   |
   = help: consider increasing the recursion limit by adding a `#![recursion_limit = "256"]` attribute to your crate (`brk_rolldown`)
   = note: required for the cast from `Pin<std::boxed::Box<impl futures::Future<Output = ()>>>` to `Pin<std::boxed::Box<(dyn futures::Future<Output = ()> + std::marker::Send + 'static)>>`

error[E0275]: overflow evaluating the requirement `impl futures::Future<Output = Result<BundleOutput, BatchedBuildDiagnostic>>: std::marker::Send`
   --> /home/adwin/.cargo/registry/src/mirrors.tuna.tsinghua.edu.cn-4dc01642fd091eda/brk_rolldown-0.2.3/src/bundler.rs:409:15
    |
409 |   assert_send(write_fut);
    |   ----------- ^^^^^^^^^
    |   |
    |   required by a bound introduced by this call
    |
    = help: consider increasing the recursion limit by adding a `#![recursion_limit = "256"]` attribute to your crate (`brk_rolldown`)
note: required by a bound in `assert_send`
   --> /home/adwin/.cargo/registry/src/mirrors.tuna.tsinghua.edu.cn-4dc01642fd091eda/brk_rolldown-0.2.3/src/bundler.rs:406:29
    |
406 |   fn assert_send(_foo: impl Send) {}
    |                             ^^^^ required by this bound in `assert_send`

error[E0275]: overflow evaluating the requirement `impl futures::Future<Output = Result<BundleOutput, BatchedBuildDiagnostic>>: std::marker::Send`
   --> /home/adwin/.cargo/registry/src/mirrors.tuna.tsinghua.edu.cn-4dc01642fd091eda/brk_rolldown-0.2.3/src/bundler.rs:412:15
    |
412 |   assert_send(generate_fut);
    |   ----------- ^^^^^^^^^^^^
    |   |
    |   required by a bound introduced by this call
    |
    = help: consider increasing the recursion limit by adding a `#![recursion_limit = "256"]` attribute to your crate (`brk_rolldown`)
note: required by a bound in `assert_send`
   --> /home/adwin/.cargo/registry/src/mirrors.tuna.tsinghua.edu.cn-4dc01642fd091eda/brk_rolldown-0.2.3/src/bundler.rs:406:29
    |
406 |   fn assert_send(_foo: impl Send) {}
    |                             ^^^^ required by this bound in `assert_send`

For more information about this error, try `rustc --explain E0275`.
error: could not compile `brk_rolldown` (lib) due to 3 previous errors
