Running as unit: run-p104592-i104892.scope; invocation ID: c5a319cc9165448c936d27e4eae2ccd5
    Updating `tuna` index
 Downloading crates ...
  Downloaded anyhow_trace v0.1.3 (registry `tuna`)
  Downloaded maelstrom-client v0.14.0 (registry `tuna`)
  Downloaded countio v0.2.19 (registry `tuna`)
  Downloaded std-semaphore v0.1.0 (registry `tuna`)
  Downloaded lddtree v0.3.7 (registry `tuna`)
  Downloaded tuple v0.5.2 (registry `tuna`)
  Downloaded maelstrom-worker-child v0.14.0 (registry `tuna`)
  Downloaded scroll_derive v0.12.0 (registry `tuna`)
  Downloaded maelstrom-macro v0.14.0 (registry `tuna`)
  Downloaded maelstrom-base v0.14.0 (registry `tuna`)
  Downloaded versions v6.3.2 (registry `tuna`)
  Downloaded maelstrom-linux v0.14.0 (registry `tuna`)
  Downloaded fs-err v3.1.0 (registry `tuna`)
  Downloaded bracoxide v0.1.5 (registry `tuna`)
  Downloaded maelstrom-github v0.14.0 (registry `tuna`)
  Downloaded tui-term v0.2.0 (registry `tuna`)
  Downloaded maelstrom-layer-fs v0.14.0 (registry `tuna`)
  Downloaded maelstrom-client-base v0.14.0 (registry `tuna`)
  Downloaded maelstrom-client-process v0.14.0 (registry `tuna`)
  Downloaded maelstrom-fuse v0.14.0 (registry `tuna`)
  Downloaded maelstrom-test-runner v0.14.0 (registry `tuna`)
  Downloaded maelstrom-util v0.14.0 (registry `tuna`)
  Downloaded goblin v0.9.3 (registry `tuna`)
  Downloaded maelstrom-container v0.14.0 (registry `tuna`)
  Downloaded maelstrom-worker v0.14.0 (registry `tuna`)
   Compiling proc-macro2 v1.0.94
   Compiling unicode-ident v1.0.18
   Compiling libc v0.2.171
   Compiling autocfg v1.4.0
    Checking cfg-if v1.0.0
    Checking pin-project-lite v0.2.16
   Compiling serde v1.0.219
    Checking log v0.4.26
    Checking futures-core v0.3.31
    Checking memchr v2.7.4
    Checking bytes v1.10.1
    Checking itoa v1.0.15
    Checking futures-io v0.3.31
   Compiling version_check v0.9.5
    Checking once_cell v1.21.1
    Checking bitflags v2.9.0
    Checking smallvec v1.14.0
    Checking futures-sink v0.3.31
   Compiling slab v0.4.9
   Compiling anyhow v1.0.97
    Checking equivalent v1.0.2
    Checking foldhash v0.1.5
    Checking allocator-api2 v0.2.21
    Checking stable_deref_trait v1.2.0
   Compiling crossbeam-utils v0.8.21
    Checking futures-channel v0.3.31
    Checking futures-task v0.3.31
    Checking pin-utils v0.1.0
   Compiling ident_case v1.0.1
   Compiling fnv v1.0.7
   Compiling zerocopy v0.8.23
   Compiling strsim v0.11.1
    Checking atomic-waker v1.1.2
    Checking http v1.3.1
   Compiling quote v1.0.40
    Checking hashbrown v0.15.2
    Checking mio v1.0.3
   Compiling syn v2.0.100
    Checking signal-hook-registry v1.4.2
    Checking socket2 v0.5.8
   Compiling shlex v1.3.0
   Compiling rustversion v1.0.20
   Compiling vcpkg v0.2.15
   Compiling cc v1.2.16
    Checking parking v2.2.1
    Checking litemap v0.7.5
   Compiling heck v0.5.0
   Compiling pkg-config v0.3.32
    Checking writeable v0.5.5
    Checking http-body v1.0.1
    Checking indexmap v2.8.0
    Checking concurrent-queue v2.5.0
    Checking tracing-core v0.1.33
    Checking ryu v1.0.20
    Checking tower-service v0.3.3
   Compiling httparse v1.10.1
    Checking icu_locid_transform_data v1.5.0
   Compiling typenum v1.18.0
    Checking percent-encoding v2.3.1
   Compiling generic-array v0.14.7
   Compiling num-traits v0.2.19
   Compiling thiserror v1.0.69
    Checking try-lock v0.2.5
   Compiling paste v1.0.15
   Compiling getrandom v0.3.1
    Checking icu_properties_data v1.5.0
    Checking want v0.3.1
   Compiling openssl v0.10.71
    Checking utf8_iter v1.0.4
    Checking tower-layer v0.3.3
    Checking icu_normalizer_data v1.5.0
   Compiling getrandom v0.1.16
    Checking write16 v1.0.0
    Checking utf16_iter v1.0.5
   Compiling serde_json v1.0.140
    Checking httpdate v1.0.3
    Checking foreign-types-shared v0.1.1
    Checking foreign-types v0.3.2
    Checking http-body-util v0.1.3
    Checking getrandom v0.2.15
    Checking sync_wrapper v1.0.2
   Compiling semver v1.0.26
   Compiling native-tls v0.2.14
    Checking rand_core v0.6.4
   Compiling openssl-sys v0.9.106
    Checking form_urlencoded v1.2.1
    Checking event-listener v5.4.0
    Checking mime v0.3.17
    Checking openssl-probe v0.1.6
    Checking rand_core v0.5.1
    Checking event-listener-strategy v0.5.3
   Compiling proc-macro-error-attr v1.0.4
   Compiling rustix v1.0.2
    Checking powerfmt v0.2.0
   Compiling syn v1.0.109
   Compiling time-core v0.1.3
    Checking subtle v2.6.1
   Compiling num-conv v0.1.0
    Checking utf8parse v0.2.2
   Compiling rustc_version v0.4.1
   Compiling time-macros v0.2.20
   Compiling proc-macro-error v1.0.4
   Compiling either v1.15.0
    Checking base64 v0.22.1
    Checking event-listener v2.5.3
    Checking linux-raw-sys v0.9.3
    Checking fastrand v1.9.0
   Compiling http-types v2.12.0
    Checking rustls-pki-types v1.11.0
    Checking waker-fn v1.2.0
    Checking futures-lite v1.13.0
    Checking crypto-common v0.1.6
    Checking block-buffer v0.10.4
    Checking async-channel v1.9.0
    Checking digest v0.10.7
    Checking rustls-pemfile v2.2.0
   Compiling azure_core v0.21.0
    Checking encoding_rs v0.8.35
    Checking ipnet v2.11.0
    Checking fastrand v2.3.0
    Checking base64 v0.13.1
    Checking infer v0.2.3
   Compiling unicode-xid v0.2.6
    Checking cpufeatures v0.2.17
    Checking sha2 v0.10.8
   Compiling proc-macro-utils v0.8.0
    Checking hmac v0.12.1
    Checking async-lock v3.4.0
   Compiling interpolator v0.5.0
   Compiling thiserror v2.0.12
   Compiling collection_literals v1.0.1
    Checking dyn-clone v1.0.19
   Compiling itertools v0.14.0
    Checking aho-corasick v1.1.3
   Compiling slog v2.7.0
    Checking regex-syntax v0.8.5
   Compiling camino v1.1.9
   Compiling indoc v2.0.6
    Checking futures-lite v2.6.0
    Checking piper v0.2.4
    Checking anstyle-parse v0.2.6
    Checking async-channel v2.3.1
    Checking dirs-sys-next v0.1.2
   Compiling fs-err v3.1.0
    Checking byteorder v1.5.0
    Checking anstyle-query v1.1.2
    Checking is_terminal_polyfill v1.70.1
    Checking colorchoice v1.0.3
    Checking iana-time-zone v0.1.61
    Checking async-task v4.7.1
    Checking anstyle v1.0.10
    Checking RustyXML v0.3.0
    Checking dirs-next v2.0.0
    Checking anstream v0.6.18
    Checking terminal_size v0.4.2
    Checking rand_core v0.9.3
    Checking thread_local v1.1.8
    Checking plain v0.2.3
   Compiling synstructure v0.13.1
   Compiling darling_core v0.20.10
    Checking blocking v1.6.1
   Compiling slog-async v2.8.0
    Checking same-file v1.0.6
    Checking clap_lex v0.7.4
    Checking winnow v0.7.4
    Checking regex-automata v0.4.9
    Checking walkdir v2.5.0
    Checking clap_builder v4.5.32
    Checking async-fs v2.1.2
    Checking term v0.7.0
    Checking crossbeam-channel v0.5.14
    Checking is-terminal v0.4.16
    Checking bstr v1.11.3
    Checking glob v0.3.2
    Checking hex v0.4.3
    Checking unicode-width v0.1.14
    Checking take_mut v0.2.2
    Checking bytesize v1.3.2
   Compiling serde_derive v1.0.219
   Compiling tokio-macros v2.5.0
   Compiling zerofrom-derive v0.1.6
   Compiling yoke-derive v0.7.5
   Compiling zerovec-derive v0.10.3
   Compiling futures-macro v0.3.31
    Checking tokio v1.44.1
   Compiling displaydoc v0.2.5
   Compiling zerocopy-derive v0.8.23
   Compiling darling_macro v0.20.10
    Checking futures-util v0.3.31
   Compiling icu_provider_macros v1.5.0
   Compiling tracing-attributes v0.1.28
   Compiling darling v0.20.10
   Compiling thiserror-impl v1.0.69
    Checking zerofrom v0.1.6
    Checking yoke v0.7.5
   Compiling openssl-macros v0.1.1
    Checking zerovec v0.10.4
    Checking tracing v0.1.41
   Compiling async-trait v0.1.88
   Compiling pin-project-internal v1.1.10
    Checking tinystr v0.7.6
    Checking icu_locid v1.5.0
    Checking icu_provider v1.5.0
    Checking icu_collections v1.5.0
    Checking icu_locid_transform v1.5.0
    Checking pin-project v1.1.10
   Compiling derive-where v1.2.7
   Compiling derive_more-impl v2.0.1
    Checking ppv-lite86 v0.2.21
    Checking futures-executor v0.3.31
    Checking futures v0.3.31
   Compiling thiserror-impl v2.0.12
    Checking icu_properties v1.5.1
    Checking rand_chacha v0.3.1
    Checking rand v0.8.5
    Checking rand_chacha v0.2.2
    Checking rand v0.7.3
   Compiling scroll_derive v0.12.0
   Compiling quote-use-macros v0.7.2
    Checking tokio-util v0.7.14
    Checking tower v0.5.2
    Checking tokio-native-tls v0.3.1
   Compiling prost-derive v0.13.5
    Checking scroll v0.12.0
   Compiling enumset_derive v0.10.0
    Checking h2 v0.4.8
   Compiling quote-use v0.7.2
   Compiling attribute-derive-macro v0.6.1
   Compiling serde_with_macros v3.12.0
    Checking icu_normalizer v1.5.0
    Checking idna_adapter v1.2.0
    Checking idna v1.0.3
    Checking url v2.5.4
    Checking serde_urlencoded v0.7.1
    Checking deranged v0.3.11
    Checking serde_qs v0.8.5
    Checking quick-xml v0.31.0
    Checking uuid v1.16.0
   Compiling attribute-derive v0.6.1
    Checking serde_spanned v0.6.8
    Checking toml_datetime v0.6.8
   Compiling get-size-derive v0.1.3
    Checking chrono v0.4.40
    Checking bincode v1.3.3
    Checking time v0.3.39
    Checking derive_more v2.0.1
   Compiling strum_macros v0.27.1
   Compiling enum-map-derive v0.17.0
    Checking get-size v0.1.4
    Checking maelstrom-linux v0.14.0
    Checking toml_edit v0.22.24
    Checking hyper v1.6.0
    Checking enum-map v2.7.3
    Checking enumset v1.1.5
    Checking nonempty v0.10.0
    Checking goblin v0.9.3
    Checking rand_chacha v0.9.0
   Compiling maelstrom-macro v0.14.0
    Checking serde_with v3.12.0
    Checking regex v1.11.1
   Compiling clap_derive v4.5.32
    Checking hyper-util v0.1.10
   Compiling serde_repr v0.1.20
    Checking strum v0.27.1
    Checking unicode-width v0.2.0
   Compiling prettyplease v0.2.31
    Checking maelstrom-base v0.14.0
    Checking toml v0.8.20
   Compiling prost v0.13.5
    Checking slog-term v2.9.1
    Checking hyper-tls v0.6.0
    Checking reqwest v0.12.14
    Checking clap v4.5.32
    Checking rand v0.9.0
    Checking bytesize-serde v0.2.1
    Checking async-walkdir v2.1.0
    Checking tokio-stream v0.1.17
    Checking countio v0.2.19
    Checking lddtree v0.3.7
    Checking globset v0.4.16
   Compiling strum_macros v0.26.4
    Checking tempfile v3.19.0
    Checking lru v0.13.0
   Compiling vte_generate_state_changes v0.1.2
    Checking fs2 v0.4.3
    Checking filetime v0.2.25
    Checking num_cpus v1.16.0
    Checking xdg v2.5.2
   Compiling fixedbitset v0.5.7
    Checking arrayvec v0.7.6
   Compiling prost-types v0.13.5
    Checking vte v0.11.1
   Compiling petgraph v0.7.1
    Checking azure_storage v0.21.0
    Checking azure_svc_blobstorage v0.21.0
    Checking strum v0.26.3
   Compiling derive_builder_core v0.20.2
    Checking xattr v1.5.0
    Checking num-integer v0.1.46
   Compiling proc-macro-error-attr2 v2.0.0
   Compiling indexmap v1.9.3
   Compiling minimal-lexical v0.2.1
   Compiling portable-atomic v1.11.0
   Compiling multimap v0.10.0
    Checking adler2 v2.0.0
    Checking miniz_oxide v0.8.5
   Compiling prost-build v0.13.5
   Compiling proc-macro-error2 v2.0.1
    Checking tokio-tar v0.3.1
   Compiling nom v7.1.3
   Compiling derive_builder_macro v0.20.2
    Checking vt100 v0.15.2
   Compiling anyhow_trace v0.1.3
   Compiling itertools v0.13.0
   Compiling lock_api v0.4.12
    Checking crc32fast v1.4.2
   Compiling protoc-bin-vendored-win32 v3.1.0
    Checking hashbrown v0.12.3
   Compiling protoc-bin-vendored-linux-x86_32 v3.1.0
   Compiling protoc-bin-vendored-macos-x86_64 v3.1.0
   Compiling protoc-bin-vendored-macos-aarch_64 v3.1.0
   Compiling protoc-bin-vendored-linux-aarch_64 v3.1.0
   Compiling parking_lot_core v0.9.10
   Compiling protoc-bin-vendored-linux-ppcle_64 v3.1.0
   Compiling protoc-bin-vendored-linux-x86_64 v3.1.0
   Compiling signal-hook v0.3.17
   Compiling protoc-bin-vendored v3.1.0
    Checking flate2 v1.1.0
   Compiling tonic-build v0.12.3
    Checking derive_builder v0.20.2
   Compiling getset v0.1.5
    Checking num-bigint v0.4.6
    Checking console v0.15.11
    Checking axum-core v0.4.5
    Checking netlink-packet-utils v0.5.2
   Compiling async-stream-impl v0.3.6
    Checking page_size v0.6.0
   Compiling rustix v0.38.44
    Checking matchit v0.7.3
    Checking number_prefix v0.4.0
    Checking scopeguard v1.2.0
    Checking async-stream v0.3.6
    Checking indicatif v0.17.11
    Checking netlink-packet-core v0.7.0
    Checking oci-spec v0.7.1
    Checking num-rational v0.4.2
    Checking tower v0.4.13
    Checking async-compression v0.4.21
   Compiling versions v6.3.2
    Checking num-iter v0.1.45
    Checking hyper-timeout v0.5.2
   Compiling num-derive v0.4.2
    Checking azure_storage_blobs v0.21.0
    Checking num-complex v0.4.6
   Compiling maelstrom-client-base v0.14.0
    Checking combine v4.6.7
    Checking unicode-segmentation v1.12.0
    Checking bitflags v1.3.2
    Checking linux-raw-sys v0.4.15
    Checking netlink-packet-route v0.17.1
    Checking num v0.4.3
    Checking signal-hook-mio v0.2.4
    Checking parking_lot v0.12.3
    Checking maelstrom-worker-child v0.14.0
    Checking tuple v0.5.2
    Checking castaway v0.2.3
    Checking bumpalo v3.17.0
    Checking std-semaphore v0.1.0
    Checking static_assertions v1.1.0
    Checking compact_str v0.8.1
    Checking maelstrom-github v0.14.0
    Checking unicode-truncate v1.1.0
    Checking crossterm v0.28.1
   Compiling instability v0.3.7
    Checking lru v0.12.5
    Checking inotify-sys v0.1.5
    Checking maelstrom-util v0.14.0
    Checking assert_matches v1.5.0
    Checking cassowary v0.3.0
    Checking bracoxide v0.1.5
    Checking axum v0.7.9
    Checking inotify v0.11.0
    Checking notify-types v2.0.0
    Checking ratatui v0.29.0
    Checking unicode-truncate v2.0.0
    Checking notify v8.0.0
    Checking cargo-platform v0.1.9
    Checking colored v3.0.0
    Checking cargo_metadata v0.19.2
    Checking tui-term v0.2.0
    Checking maelstrom-fuse v0.14.0
    Checking maelstrom-layer-fs v0.14.0
    Checking maelstrom-container v0.14.0
    Checking maelstrom-worker v0.14.0
    Checking tonic v0.12.3
    Checking maelstrom-client-process v0.14.0
    Checking maelstrom-client v0.14.0
    Checking maelstrom-test-runner v0.14.0
    Checking cargo-maelstrom v0.14.0 (/getea/tmp/crater-spurious/cargo-maelstrom-0.14.0)
warning: unused import: `command`
 --> src/cli.rs:1:12
  |
1 | use clap::{command, Args};
  |            ^^^^^^^
  |
  = note: `#[warn(unused_imports)]` (part of `#[warn(unused)]`) on by default

error[E0700]: hidden type for `impl combine::Parser<InputT, Output = &'static str>` captures lifetime that does not appear in bounds
   --> src/pattern/parser.rs:182:35
    |
177 | ) -> impl Parser<InputT, Output = &'static str> {
    |      ------------------------------------------ opaque type defined here
...
182 |             attempt(string(s)).or(prefix(&s[..s.len() - 1], min_len))
    |                                   ^^^^^^^^^^^^^^^^^^^^^^^^^^^^^^^^^^
    |
    = note: hidden type `Box<dyn combine::Parser<InputT, Output = &'static str, PartialState = ()>>` captures lifetime `'_`

error[E0700]: hidden type for `impl combine::Parser<InputT, Output = pattern::parser::AndExpression>` captures lifetime that does not appear in bounds
   --> src/pattern/parser.rs:388:49
    |
387 |     pub fn parser<InputT: Stream<Token = char>>() -> impl Parser<InputT, Output = Self> {
    |                                                      ---------------------------------- opaque type defined here
388 |         let self_parser = || no_partial(lazy(|| Self::parser())).boxed();
    |                                                 ^^^^^^^^^^^^^^
    |
    = note: hidden type `Choice<(combine::parser::combinator::Map<combine::parser::combinator::Try<(impl combine::Parser<InputT, Output = pattern::parser::NotExpression>, impl combine::Parser<InputT, Output = &'static str>, Box<dyn combine::Parser<InputT, Output = pattern::parser::AndExpression, PartialState = ()>>)>, {closure@src/pattern/parser.rs:391:22: 391:33}>, combine::parser::combinator::Map<combine::parser::combinator::Try<(impl combine::Parser<InputT, Output = pattern::parser::NotExpression>, impl combine::Parser<InputT, Output = &'static str>, Box<dyn combine::Parser<InputT, Output = pattern::parser::AndExpression, PartialState = ()>>)>, {closure@src/pattern/parser.rs:393:22: 393:33}>, combine::parser::combinator::Map<impl combine::Parser<InputT, Output = pattern::parser::NotExpression>, fn(pattern::parser::NotExpression) -> pattern::parser::AndExpression {pattern::parser::AndExpression::Not}>)>` captures lifetime `'_`

error[E0700]: hidden type for `impl combine::Parser<InputT, Output = pattern::parser::OrExpression>` captures lifetime that does not appear in bounds
   --> src/pattern/parser.rs:424:49
    |
423 |     pub fn parser<InputT: Stream<Token = char>>() -> impl Parser<InputT, Output = Self> {
    |                                                      ---------------------------------- opaque type defined here
424 |         let self_parser = || no_partial(lazy(|| Self::parser())).boxed();
    |                                                 ^^^^^^^^^^^^^^
    |
    = note: hidden type `Choice<(combine::parser::combinator::Map<combine::parser::combinator::Try<(impl combine::Parser<InputT, Output = pattern::parser::AndExpression>, impl combine::Parser<InputT, Output = &'static str>, Box<dyn combine::Parser<InputT, Output = pattern::parser::OrExpression, PartialState = ()>>)>, {closure@src/pattern/parser.rs:427:22: 427:33}>, combine::parser::combinator::Map<impl combine::Parser<InputT, Output = pattern::parser::AndExpression>, fn(pattern::parser::AndExpression) -> pattern::parser::OrExpression {pattern::parser::OrExpression::And}>)>` captures lifetime `'_`

For more information about this error, try `rustc --explain E0700`.
warning: `cargo-maelstrom` (lib) generated 1 warning
error: could not compile `cargo-maelstrom` (lib) due to 3 previous errors; 1 warning emitted
