Running as unit: run-p4138371-i4138671.scope; invocation ID: f66eab41eeea4d95b3b3fb535762a6f7
warning: profiles for the non root package will be ignored, specify profiles at the workspace root:
package:   /tmp/nix-shell.AaBijX/ccgauche_ytermusic_6yqvm8r0/crates/ytermusic/Cargo.toml
workspace: /tmp/nix-shell.AaBijX/ccgauche_ytermusic_6yqvm8r0/Cargo.toml
   Compiling proc-macro2 v1.0.103
   Compiling unicode-ident v1.0.22
   Compiling quote v1.0.42
   Compiling libc v0.2.178
    Checking cfg-if v1.0.4
   Compiling serde_core v1.0.228
   Compiling version_check v0.9.5
    Checking smallvec v1.15.1
   Compiling zerocopy v0.8.31
    Checking pin-project-lite v0.2.16
    Checking stable_deref_trait v1.2.1
   Compiling serde v1.0.228
    Checking futures-core v0.3.31
    Checking memchr v2.7.6
    Checking itoa v1.0.15
    Checking scopeguard v1.2.0
   Compiling autocfg v1.5.0
    Checking lock_api v0.4.14
    Checking log v0.4.29
   Compiling syn v2.0.111
   Compiling shlex v1.3.0
    Checking once_cell v1.21.3
   Compiling find-msvc-tools v0.1.5
   Compiling parking_lot_core v0.9.12
   Compiling cc v1.2.49
    Checking equivalent v1.0.2
    Checking allocator-api2 v0.2.21
    Checking getrandom v0.2.16
   Compiling typenum v1.19.0
    Checking parking_lot v0.12.5
    Checking bytes v1.11.0
    Checking rand_core v0.6.4
    Checking signal-hook-registry v1.4.7
   Compiling generic-array v0.14.7
    Checking futures-sink v0.3.31
    Checking futures-io v0.3.31
    Checking foldhash v0.2.0
    Checking slab v0.4.11
    Checking hashbrown v0.16.1
   Compiling ring v0.17.14
    Checking bitflags v2.10.0
    Checking futures-channel v0.3.31
    Checking mio v1.1.1
    Checking socket2 v0.6.1
    Checking pin-utils v0.1.0
    Checking indexmap v2.12.1
    Checking subtle v2.6.1
    Checking futures-task v0.3.31
    Checking writeable v0.6.2
   Compiling siphasher v1.0.1
   Compiling ppv-lite86 v0.2.21
    Checking crypto-common v0.1.7
    Checking percent-encoding v2.3.2
    Checking litemap v0.8.1
   Compiling phf_shared v0.11.3
   Compiling rand_chacha v0.3.1
   Compiling icu_normalizer_data v2.1.1
   Compiling icu_properties_data v2.1.2
    Checking untrusted v0.9.0
   Compiling pkg-config v0.3.32
   Compiling rand v0.8.5
    Checking tracing-core v0.1.35
   Compiling crossbeam-utils v0.8.21
    Checking utf8_iter v1.0.4
    Checking ryu v1.0.20
   Compiling phf_generator v0.11.3
   Compiling num-conv v0.1.0
   Compiling httparse v1.10.1
    Checking powerfmt v0.2.0
   Compiling time-core v0.1.6
    Checking deranged v0.5.5
   Compiling time-macros v0.2.24
   Compiling synstructure v0.13.2
   Compiling num-traits v0.2.19
   Compiling crc32fast v1.5.0
    Checking tower-service v0.3.3
   Compiling getrandom v0.3.4
    Checking try-lock v0.2.5
    Checking num_threads v0.1.7
   Compiling serde_json v1.0.145
    Checking static_assertions v1.1.0
    Checking time v0.3.44
    Checking want v0.3.1
    Checking form_urlencoded v1.2.2
   Compiling ahash v0.8.12
    Checking simd-adler32 v0.3.8
    Checking adler2 v2.0.1
    Checking atomic-waker v1.1.2
    Checking bitflags v1.3.2
    Checking miniz_oxide v0.8.9
   Compiling zerofrom-derive v0.1.6
   Compiling serde_derive v1.0.228
   Compiling displaydoc v0.2.5
   Compiling yoke-derive v0.8.1
   Compiling zerovec-derive v0.11.2
   Compiling tokio-macros v2.6.0
   Compiling futures-macro v0.3.31
    Checking tokio v1.48.0
   Compiling tracing-attributes v0.1.31
    Checking zerofrom v0.1.6
    Checking futures-util v0.3.31
    Checking yoke v0.8.1
   Compiling yoke-derive v0.7.5
    Checking zerovec v0.11.5
    Checking tinystr v0.8.2
    Checking icu_locale_core v2.1.1
    Checking potential_utf v0.1.4
    Checking zerotrie v0.2.3
    Checking icu_collections v2.1.1
    Checking tracing v0.1.43
    Checking icu_provider v2.1.1
    Checking yoke v0.7.5
   Compiling bytemuck_derive v1.10.2
    Checking icu_properties v2.1.2
    Checking icu_normalizer v2.1.1
   Compiling phf_macros v0.11.3
   Compiling zerovec-derive v0.10.3
    Checking idna_adapter v1.2.1
    Checking idna v1.1.0
   Compiling syn v1.0.109
    Checking url v2.5.7
    Checking bytemuck v1.24.0
    Checking flate2 v1.1.5
    Checking phf v0.11.3
    Checking http v1.4.0
    Checking psl-types v2.0.11
    Checking zerovec v0.10.4
    Checking arrayvec v0.7.6
    Checking zeroize v1.8.2
    Checking cpufeatures v0.2.17
    Checking compression-core v0.4.31
   Compiling paste v1.0.15
   Compiling rustversion v1.0.22
    Checking compression-codecs v0.4.35
    Checking rustls-pki-types v1.13.1
    Checking publicsuffix v2.3.0
    Checking http-body v1.0.1
    Checking encoding_rs v0.8.35
    Checking ipnet v2.11.0
    Checking foldhash v0.1.5
    Checking hashbrown v0.15.5
    Checking tokio-util v0.7.17
    Checking tinystr v0.7.6
    Checking async-compression v0.4.36
    Checking hashbrown v0.14.5
    Checking num-integer v0.1.46
    Checking concurrent-queue v2.5.0
    Checking block-buffer v0.10.4
    Checking block-padding v0.3.3
   Compiling rustls v0.23.35
    Checking new_debug_unreachable v1.0.6
    Checking byteorder v1.5.0
   Compiling icu_locid_transform_data v1.5.1
   Compiling crunchy v0.2.4
    Checking litemap v0.7.5
    Checking fnv v1.0.7
    Checking parking v2.2.1
    Checking writeable v0.5.5
   Compiling siphasher v0.3.11
    Checking http v0.2.12
    Checking inout v0.1.4
    Checking icu_locid v1.5.0
   Compiling phf_shared v0.10.0
    Checking digest v0.10.7
    Checking num-bigint v0.4.6
    Checking rustls-webpki v0.103.8
    Checking serde_urlencoded v0.7.1
   Compiling icu_provider_macros v1.5.0
   Compiling cookie v0.18.1
    Checking tinyvec_macros v0.1.1
   Compiling icu_properties_data v1.5.1
    Checking lazy_static v1.5.0
    Checking fast-float2 v0.2.3
   Compiling winnow v0.7.14
   Compiling thiserror v1.0.69
   Compiling winnow v0.5.40
    Checking sptr v0.3.2
   Compiling tiny-keccak v2.0.2
   Compiling toml_datetime v0.6.11
    Checking rustc-hash v2.1.1
   Compiling rustls v0.21.12
    Checking boa_string v0.20.0
    Checking icu_provider v1.5.0
    Checking symphonia-core v0.5.5
    Checking tinyvec v1.10.0
   Compiling phf_generator v0.10.0
    Checking cipher v0.4.4
    Checking hyper v1.8.1
    Checking sct v0.7.1
    Checking rustls-webpki v0.101.7
   Compiling toml_parser v1.0.4
   Compiling boa_macros v0.20.0
   Compiling toml_edit v0.19.15
   Compiling thiserror-impl v1.0.69
   Compiling phf_codegen v0.11.3
   Compiling string_cache_codegen v0.5.4
    Checking sync_wrapper v1.0.2
   Compiling cookie v0.17.0
    Checking precomputed-hash v0.1.1
    Checking thin-vec v0.2.14
    Checking boa_profiler v0.20.0
   Compiling toml_datetime v0.7.3
    Checking base64 v0.22.1
   Compiling litrs v1.0.0
    Checking mac v0.1.1
    Checking either v1.15.0
    Checking tower-layer v0.3.3
    Checking hyper-util v0.1.19
    Checking futf v0.1.5
    Checking tower v0.5.2
   Compiling document-features v0.2.12
   Compiling toml_edit v0.23.9
   Compiling markup5ever v0.12.1
    Checking boa_gc v0.20.0
    Checking tokio-rustls v0.26.4
   Compiling zvariant_utils v1.0.1
   Compiling proc-macro-crate v1.3.1
    Checking icu_locid_transform v1.5.0
   Compiling phf_codegen v0.10.0
    Checking unicode-normalization v0.1.25
    Checking h2 v0.3.27
    Checking http-body v0.4.6
    Checking event-listener v5.4.1
    Checking icu_collections v1.5.0
    Checking webpki-roots v1.0.4
    Checking http-body-util v0.1.3
   Compiling async-trait v0.1.89
   Compiling alsa-sys v0.3.1
    Checking socket2 v0.5.10
   Compiling memoffset v0.9.1
   Compiling io-lifetimes v1.0.11
   Compiling icu_normalizer_data v1.5.1
    Checking utf-8 v0.7.6
   Compiling anyhow v1.0.100
    Checking dtoa v1.0.10
    Checking event-listener v2.5.3
    Checking httpdate v1.0.3
    Checking fastrand v2.3.0
    Checking iri-string v0.7.9
    Checking unicode-bidi v0.3.18
    Checking dtoa-short v0.3.5
    Checking tendril v0.4.3
    Checking idna v0.3.0
    Checking tokio-rustls v0.24.1
   Compiling aho-corasick v1.1.4
    Checking icu_properties v1.5.1
    Checking hyper-rustls v0.27.7
    Checking event-listener-strategy v0.5.4
    Checking cookie_store v0.22.0
   Compiling selectors v0.25.0
    Checking hyper v0.14.32
   Compiling const-random-macro v0.1.16
    Checking boa_interner v0.20.0
    Checking tower-http v0.6.8
   Compiling proc-macro-crate v3.4.0
    Checking itertools v0.13.0
    Checking string_cache v0.8.9
    Checking symphonia-metadata v0.5.5
    Checking sha1 v0.10.6
   Compiling html5ever v0.27.0
   Compiling enumflags2_derive v0.7.12
   Compiling cssparser-macros v0.6.1
   Compiling libdbus-sys v0.2.7
   Compiling memoffset v0.7.1
   Compiling polling v2.8.0
    Checking futures-lite v2.6.1
    Checking regex-syntax v0.8.8
   Compiling thiserror v2.0.17
   Compiling rustix v0.37.28
    Checking fastrand v1.9.0
   Compiling vcpkg v0.2.15
    Checking base64 v0.21.7
    Checking mime v0.3.17
    Checking waker-fn v1.2.0
   Compiling signal-hook v0.3.18
    Checking async-task v4.7.1
   Compiling portable-atomic v1.11.1
    Checking rustls-pemfile v1.0.4
    Checking futures-lite v1.13.0
    Checking hyper-rustls v0.24.2
   Compiling libsqlite3-sys v0.28.0
    Checking cssparser v0.31.2
    Checking enumflags2 v0.7.12
    Checking symphonia-utils-xiph v0.5.5
    Checking regex-automata v0.4.13
   Compiling num_enum_derive v0.7.5
    Checking cookie_store v0.20.0
    Checking reqwest v0.12.26
    Checking const-random v0.1.18
    Checking boa_ast v0.20.0
    Checking async-channel v2.5.0
    Checking phf v0.10.1
    Checking piper v0.2.4
    Checking async-lock v2.8.0
   Compiling zvariant_derive v3.15.2
   Compiling derivative v2.2.0
    Checking aes v0.8.4
    Checking fxhash v0.2.1
    Checking futures-executor v0.3.31
   Compiling derive_more v0.99.20
   Compiling thiserror-impl v2.0.17
    Checking universal-hash v0.5.1
    Checking regress v0.10.5
   Compiling async-io v1.13.0
   Compiling async-fs v1.6.0
    Checking servo_arc v0.3.0
   Compiling cpal v0.16.0
    Checking hex v0.4.3
   Compiling unicode-xid v0.2.6
    Checking opaque-debug v0.3.1
    Checking write16 v1.0.0
    Checking unicode-width v0.2.2
   Compiling cfg_aliases v0.2.1
    Checking linux-raw-sys v0.3.8
    Checking utf16_iter v1.0.5
    Checking sync_wrapper v0.1.2
    Checking minimal-lexical v0.2.1
    Checking webpki-roots v0.25.4
    Checking reqwest v0.11.27
    Checking nom v7.1.3
    Checking icu_normalizer v1.5.0
    Checking boa_parser v0.20.0
    Checking getopts v0.2.24
   Compiling nix v0.30.1
    Checking polyval v0.6.2
   Compiling derive_more-impl v1.0.0
   Compiling regex v1.12.2
    Checking zvariant v3.15.2
    Checking futures v0.3.31
    Checking blocking v1.6.2
    Checking reqwest-middleware v0.3.3
    Checking intrusive-collections v0.9.7
    Checking alsa v0.9.1
    Checking num_enum v0.7.5
    Checking dlv-list v0.5.2
    Checking symphonia-format-isomp4 v0.5.5
    Checking retry-policies v0.4.0
    Checking cbc v0.1.2
    Checking symphonia-codec-aac v0.5.5
    Checking dashmap v6.1.0
    Checking chrono v0.4.42
   Compiling libmimalloc-sys v0.1.44
    Checking nanorand v0.7.0
    Checking socket2 v0.4.10
    Checking mio v0.8.11
    Checking spin v0.9.8
    Checking ego-tree v0.6.3
    Checking pollster v0.4.0
    Checking dasp_sample v0.11.0
   Compiling eyre v0.6.12
    Checking ryu-js v1.0.2
   Compiling heck v0.5.0
    Checking tap v1.0.1
    Checking m3u8-rs v6.0.0
    Checking boa_engine v0.20.0
   Compiling strum_macros v0.26.4
    Checking signal-hook-mio v0.2.5
    Checking scraper v0.20.0
    Checking flume v0.11.1
    Checking symphonia v0.5.5
    Checking zbus_names v2.6.1
    Checking reqwest-retry v0.6.1
    Checking nix v0.26.4
    Checking dbus v0.9.10
    Checking derive_more v1.0.0
    Checking ordered-multimap v0.7.3
   Compiling zbus_macros v3.15.2
    Checking ghash v0.5.1
    Checking ytpapi2 v0.1.0 (/tmp/nix-shell.AaBijX/ccgauche_ytermusic_6yqvm8r0/crates/ytpapi2)
    Checking async-executor v1.13.3
    Checking async-broadcast v0.5.1
    Checking serde_qs v0.13.0
error[E0271]: type mismatch resolving `&[u16] == &Vec<u16>`
   --> /home/adwin/.cargo/registry/src/mirrors.tuna.tsinghua.edu.cn-4dc01642fd091eda/boa_engine-0.20.0/src/builtins/json/mod.rs:694:25
    |
694 |                         &separator,
    |                         ^^^^^^^^^^ types differ

    Checking ctr v0.9.2
error[E0271]: type mismatch resolving `&[u16] == &Vec<u16>`
   --> /home/adwin/.cargo/registry/src/mirrors.tuna.tsinghua.edu.cn-4dc01642fd091eda/boa_engine-0.20.0/src/builtins/json/mod.rs:807:25
    |
807 |                         &separator,
    |                         ^^^^^^^^^^ types differ

    Checking num-rational v0.4.2
    Checking hmac v0.12.1
    Checking hashlink v0.9.1
    Checking castaway v0.2.4
    Checking serde_spanned v0.6.9
   Compiling async-recursion v1.1.1
   Compiling serde_repr v0.1.20
    Checking aead v0.5.2
    Checking xdg-home v1.3.0
    Checking ordered-stream v0.2.0
    Checking twox-hash v2.1.2
    Checking fallible-iterator v0.3.0
   Compiling rookie v0.5.6
    Checking urlencoding v2.1.3
    Checking toml_write v0.1.2
    Checking varuint v0.7.1
   Compiling souvlaki v0.7.3
    Checking unicode-width v0.1.14
    Checking fallible-streaming-iterator v0.1.9
    Checking option-ext v0.2.0
    Checking indenter v0.3.4
    Checking unicode-segmentation v1.12.0
    Checking dirs-sys v0.4.1
    Checking unicode-truncate v1.1.0
    Checking database v0.1.0 (/tmp/nix-shell.AaBijX/ccgauche_ytermusic_6yqvm8r0/crates/database)
    Checking lz4_flex v0.11.5
    Checking aes-gcm v0.10.3
    Checking dbus-crossroads v0.5.3
    Checking compact_str v0.7.1
    Checking zbus v3.15.2
    Checking rodio v0.21.1
    Checking pbkdf2 v0.12.2
    Checking rust-ini v0.21.3
    Checking toml_edit v0.22.27
    Checking strum v0.26.3
    Checking crossterm v0.27.0
    Checking itertools v0.12.1
    Checking lru v0.12.5
   Compiling stability v0.2.1
    Checking cassowary v0.3.0
    Checking common-structs v0.1.0 (/tmp/nix-shell.AaBijX/ccgauche_ytermusic_6yqvm8r0/crates/common-structs)
   Compiling indoc v2.0.7
For more information about this error, try `rustc --explain E0271`.
error: could not compile `boa_engine` (lib) due to 2 previous errors
warning: build failed, waiting for other jobs to finish...
