Running as unit: run-p160595-i160895.scope; invocation ID: 88492fea28504670bd6b5929b8841791
    Updating `tuna` index
 Downloading crates ...
  Downloaded tokio-reactor-trait v2.8.0 (registry `tuna`)
  Downloaded celery-rs-codegen v0.6.2 (registry `tuna`)
   Compiling proc-macro2 v1.0.101
   Compiling unicode-ident v1.0.19
   Compiling libc v0.2.175
   Compiling autocfg v1.5.0
    Checking cfg-if v1.0.3
   Compiling typenum v1.18.0
   Compiling version_check v0.9.5
    Checking memchr v2.7.5
    Checking scopeguard v1.2.0
    Checking smallvec v1.15.1
    Checking zeroize v1.8.1
    Checking pin-project-lite v0.2.16
    Checking stable_deref_trait v1.2.0
    Checking futures-core v0.3.31
    Checking futures-io v0.3.31
   Compiling generic-array v0.14.7
    Checking subtle v2.6.1
   Compiling find-msvc-tools v0.1.2
   Compiling lock_api v0.4.13
   Compiling num-traits v0.2.19
    Checking futures-sink v0.3.31
   Compiling shlex v1.3.0
    Checking itoa v1.0.15
   Compiling parking_lot_core v0.9.11
   Compiling dunce v1.0.5
   Compiling fs_extra v1.3.0
    Checking litemap v0.8.0
   Compiling quote v1.0.40
    Checking writeable v0.6.1
   Compiling serde_core v1.0.225
   Compiling syn v2.0.106
   Compiling jobserver v0.1.34
    Checking base64ct v1.8.0
   Compiling icu_properties_data v2.0.1
   Compiling zerocopy v0.8.27
   Compiling icu_normalizer_data v2.0.0
   Compiling cc v1.2.38
    Checking pem-rfc7468 v0.7.0
    Checking parking_lot v0.12.4
    Checking signal-hook-registry v1.4.6
    Checking socket2 v0.6.0
    Checking mio v1.0.4
   Compiling thiserror v2.0.16
   Compiling serde v1.0.225
    Checking flagset v0.4.7
    Checking const-oid v0.9.6
   Compiling time-core v0.1.6
   Compiling num-conv v0.1.0
    Checking bytes v1.10.1
    Checking powerfmt v0.2.0
   Compiling getrandom v0.3.3
   Compiling aws-lc-rs v1.14.0
    Checking crypto-common v0.1.6
    Checking block-padding v0.3.3
    Checking block-buffer v0.10.4
    Checking inout v0.1.4
    Checking minimal-lexical v0.2.1
    Checking digest v0.10.7
    Checking cipher v0.4.4
   Compiling cmake v0.1.54
    Checking nom v7.1.3
    Checking deranged v0.5.3
   Compiling time-macros v0.2.24
    Checking num-integer v0.1.46
   Compiling aws-lc-sys v0.31.0
    Checking rustls-pki-types v1.12.0
    Checking cpufeatures v0.2.17
    Checking num-bigint v0.4.6
    Checking time v0.3.44
    Checking hmac v0.12.1
    Checking spin v0.9.8
    Checking untrusted v0.9.0
    Checking lazy_static v1.5.0
   Compiling oid-registry v0.8.1
    Checking utf8_iter v1.0.4
    Checking ryu v1.0.20
   Compiling rustls v0.23.31
    Checking percent-encoding v2.3.2
    Checking flume v0.11.1
    Checking form_urlencoded v1.2.2
    Checking ppv-lite86 v0.2.21
    Checking pbkdf2 v0.12.2
    Checking rusticata-macros v4.1.0
    Checking rand_core v0.9.3
    Checking sha2 v0.10.9
    Checking salsa20 v0.10.2
    Checking once_cell v1.21.3
   Compiling serde_json v1.0.145
    Checking aes v0.8.4
    Checking scrypt v0.11.0
    Checking rand_chacha v0.9.0
    Checking cbc v0.1.2
    Checking data-encoding v2.9.0
    Checking log v0.4.28
    Checking openssl-probe v0.1.6
    Checking rand v0.9.2
    Checking rustls-native-certs v0.8.1
    Checking sha1 v0.10.6
    Checking rc2 v0.8.1
    Checking des v0.8.1
    Checking futures-channel v0.3.31
    Checking nom v8.0.0
    Checking slab v0.4.11
    Checking cookie-factory v0.3.3
    Checking fastrand v2.3.0
    Checking hex v0.4.3
    Checking base64 v0.22.1
    Checking pin-utils v0.1.0
    Checking futures-task v0.3.31
    Checking rustls-pemfile v2.2.0
    Checking tracing-core v0.1.34
    Checking backon v1.5.2
    Checking getrandom v0.2.16
   Compiling amq-protocol v8.3.1
   Compiling syn v1.0.109
    Checking rand_core v0.6.4
    Checking num_cpus v1.17.0
    Checking aho-corasick v1.1.3
    Checking tracing v0.1.41
   Compiling lapin v3.6.0
    Checking arc-swap v1.7.1
    Checking regex-syntax v0.8.6
    Checking sha1_smol v1.0.1
    Checking rand_chacha v0.3.1
    Checking bstr v1.12.0
    Checking iana-time-zone v0.1.64
    Checking parking v2.2.1
    Checking futures-lite v2.6.1
    Checking rand v0.8.5
   Compiling synstructure v0.13.2
    Checking regex-automata v0.4.10
    Checking uuid v1.18.1
    Checking hostname v0.4.1
    Checking colored v3.0.0
   Compiling displaydoc v0.2.5
   Compiling zerofrom-derive v0.1.6
   Compiling yoke-derive v0.8.0
   Compiling zerovec-derive v0.11.1
   Compiling der_derive v0.7.3
   Compiling tokio-macros v2.5.0
   Compiling async-trait v0.1.89
   Compiling thiserror-impl v2.0.16
    Checking zerofrom v0.1.6
    Checking tokio v1.47.1
    Checking der v0.7.10
    Checking yoke v0.8.0
    Checking zerovec v0.11.4
    Checking zerotrie v0.2.2
   Compiling serde_derive v1.0.225
    Checking spki v0.7.3
    Checking executor-trait v2.1.2
   Compiling asn1-rs-impl v0.2.0
   Compiling asn1-rs-derive v0.6.0
    Checking x509-cert v0.2.5
    Checking tinystr v0.8.1
    Checking icu_locale_core v2.0.0
    Checking potential_utf v0.1.3
    Checking icu_collections v2.0.0
    Checking asn1-rs v0.7.1
    Checking icu_provider v2.0.0
    Checking reactor-trait v3.1.1
    Checking cms v0.2.3
    Checking reactor-trait v2.8.0
    Checking icu_normalizer v2.0.0
    Checking icu_properties v2.0.1
    Checking pkcs5 v0.7.1
    Checking pkcs12 v0.1.0
   Compiling futures-macro v0.3.31
    Checking executor-trait v3.1.0
   Compiling celery-rs-codegen v0.6.2
    Checking der-parser v10.0.0
    Checking idna_adapter v1.2.1
    Checking idna v1.1.0
    Checking futures-util v0.3.31
    Checking globset v0.4.16
    Checking x509-parser v0.17.0
    Checking tokio-util v0.7.16
    Checking url v2.5.7
    Checking deadpool-runtime v0.1.4
    Checking deadpool v0.12.3
    Checking tokio-stream v0.1.17
    Checking p12-keystore v0.2.0
    Checking tokio-executor-trait v2.4.0
    Checking combine v4.6.7
    Checking chrono v0.4.42
    Checking tokio-executor-trait v3.1.0
    Checking tokio-reactor-trait v2.8.0
    Checking futures-executor v0.3.31
    Checking futures v0.3.31
    Checking amq-protocol-types v8.3.1
    Checking redis v0.32.5
    Checking amq-protocol-uri v8.3.1
    Checking rustls-webpki v0.103.6
    Checking futures-rustls v0.26.0
    Checking rustls-connector v0.21.11
    Checking tcp-stream v0.30.9
    Checking amq-protocol-tcp v8.3.1
error[E0275]: overflow evaluating the requirement `Box<PromiseResolver<Consumer>>: CoerceUnsized<Box<dyn Cancelable + Send>>`
   --> /home/adwin/.cargo/registry/src/mirrors.tuna.tsinghua.edu.cn-4dc01642fd091eda/lapin-3.6.0/src/generated.rs:442:17
    |
442 |                 Box::new(resolver),
    |                 ^^^^^^^^^^^^^^^^^^
    |
    = help: consider increasing the recursion limit by adding a `#![recursion_limit = "256"]` attribute to your crate (`lapin`)
    = note: required for the cast from `Box<PromiseResolver<Consumer>>` to `Box<(dyn Cancelable + Send + 'static)>`

error[E0275]: overflow evaluating the requirement `Pin<Box<impl Future<Output = ()>>>: CoerceUnsized<Pin<Box<dyn Future<Output = ()> + Send>>>`
   --> /home/adwin/.cargo/registry/src/mirrors.tuna.tsinghua.edu.cn-4dc01642fd091eda/lapin-3.6.0/src/internal_rpc.rs:271:38
    |
271 |         self.handle().executor.spawn(Box::pin(self.run(channels)));
    |                                      ^^^^^^^^^^^^^^^^^^^^^^^^^^^^
    |
    = help: consider increasing the recursion limit by adding a `#![recursion_limit = "256"]` attribute to your crate (`lapin`)
    = note: required for the cast from `Pin<Box<impl Future<Output = ()>>>` to `Pin<Box<(dyn Future<Output = ()> + Send + 'static)>>`

error[E0275]: overflow evaluating the requirement `{async block@/home/adwin/.cargo/registry/src/mirrors.tuna.tsinghua.edu.cn-4dc01642fd091eda/lapin-3.6.0/src/channel.rs:1019:52: 1019:62}: Send`
    --> /home/adwin/.cargo/registry/src/mirrors.tuna.tsinghua.edu.cn-4dc01642fd091eda/lapin-3.6.0/src/channel.rs:1019:27
     |
1019 |         self.internal_rpc.register_internal_future(async move {
     |                           ^^^^^^^^^^^^^^^^^^^^^^^^
     |
     = help: consider increasing the recursion limit by adding a `#![recursion_limit = "256"]` attribute to your crate (`lapin`)
note: required by a bound in `InternalRPCHandle::register_internal_future`
    --> /home/adwin/.cargo/registry/src/mirrors.tuna.tsinghua.edu.cn-4dc01642fd091eda/lapin-3.6.0/src/internal_rpc.rs:176:47
     |
 174 |     pub(crate) fn register_internal_future(
     |                   ------------------------ required by a bound in this associated function
 175 |         &self,
 176 |         f: impl Future<Output = Result<()>> + Send + 'static,
     |                                               ^^^^ required by this bound in `InternalRPCHandle::register_internal_future`

error[E0275]: overflow evaluating the requirement `{async block@/home/adwin/.cargo/registry/src/mirrors.tuna.tsinghua.edu.cn-4dc01642fd091eda/lapin-3.6.0/src/internal_rpc.rs:354:53: 354:63}: Send`
   --> /home/adwin/.cargo/registry/src/mirrors.tuna.tsinghua.edu.cn-4dc01642fd091eda/lapin-3.6.0/src/internal_rpc.rs:354:28
    |
354 |                     handle.register_internal_future(async move {
    |                            ^^^^^^^^^^^^^^^^^^^^^^^^
    |
    = help: consider increasing the recursion limit by adding a `#![recursion_limit = "256"]` attribute to your crate (`lapin`)
note: required by a bound in `InternalRPCHandle::register_internal_future`
   --> /home/adwin/.cargo/registry/src/mirrors.tuna.tsinghua.edu.cn-4dc01642fd091eda/lapin-3.6.0/src/internal_rpc.rs:176:47
    |
174 |     pub(crate) fn register_internal_future(
    |                   ------------------------ required by a bound in this associated function
175 |         &self,
176 |         f: impl Future<Output = Result<()>> + Send + 'static,
    |                                               ^^^^ required by this bound in `InternalRPCHandle::register_internal_future`

error[E0275]: overflow evaluating the requirement `{async block@/home/adwin/.cargo/registry/src/mirrors.tuna.tsinghua.edu.cn-4dc01642fd091eda/lapin-3.6.0/src/internal_rpc.rs:393:53: 393:63}: Send`
   --> /home/adwin/.cargo/registry/src/mirrors.tuna.tsinghua.edu.cn-4dc01642fd091eda/lapin-3.6.0/src/internal_rpc.rs:393:28
    |
393 |                     handle.register_internal_future(async move { channels.start_recovery().await })
    |                            ^^^^^^^^^^^^^^^^^^^^^^^^
    |
    = help: consider increasing the recursion limit by adding a `#![recursion_limit = "256"]` attribute to your crate (`lapin`)
note: required by a bound in `InternalRPCHandle::register_internal_future`
   --> /home/adwin/.cargo/registry/src/mirrors.tuna.tsinghua.edu.cn-4dc01642fd091eda/lapin-3.6.0/src/internal_rpc.rs:176:47
    |
174 |     pub(crate) fn register_internal_future(
    |                   ------------------------ required by a bound in this associated function
175 |         &self,
176 |         f: impl Future<Output = Result<()>> + Send + 'static,
    |                                               ^^^^ required by this bound in `InternalRPCHandle::register_internal_future`

For more information about this error, try `rustc --explain E0275`.
error: could not compile `lapin` (lib) due to 5 previous errors
warning: build failed, waiting for other jobs to finish...
