Running as unit: run-p1039830-i13620142.scope; invocation ID: abd4766a7abc4905ba566ab83f747257
   Compiling proc-macro2 v1.0.103
   Compiling quote v1.0.42
   Compiling unicode-ident v1.0.22
   Compiling serde_core v1.0.228
   Compiling serde v1.0.228
   Compiling version_check v0.9.5
   Compiling libc v0.2.178
    Checking cfg-if v1.0.4
   Compiling typenum v1.19.0
    Checking zeroize v1.8.2
    Checking memchr v2.7.6
    Checking subtle v2.6.1
    Checking pin-project-lite v0.2.16
   Compiling generic-array v0.14.7
    Checking once_cell v1.21.3
   Compiling unicode-segmentation v1.12.0
    Checking itoa v1.0.15
   Compiling unicode-xid v0.2.6
   Compiling paste v1.0.15
    Checking foldhash v0.2.0
   Compiling crunchy v0.2.4
   Compiling thiserror v2.0.17
   Compiling syn v2.0.111
   Compiling convert_case v0.10.0
    Checking futures-core v0.3.31
   Compiling radium v0.7.0
    Checking getrandom v0.2.16
    Checking rand_core v0.6.4
    Checking const-oid v0.9.6
    Checking tap v1.0.1
    Checking wyz v0.5.1
    Checking funty v2.0.0
   Compiling tiny-keccak v2.0.2
   Compiling ruint-macro v1.2.1
    Checking futures-sink v0.3.31
   Compiling proc-macro-error-attr2 v2.0.0
    Checking cpufeatures v0.2.17
    Checking der v0.7.10
    Checking bitvec v1.0.1
    Checking base16ct v0.2.0
   Compiling equivalent v1.0.2
   Compiling hashbrown v0.16.1
    Checking futures-channel v0.3.31
    Checking block-buffer v0.10.4
    Checking crypto-common v0.1.7
    Checking crypto-bigint v0.5.5
    Checking digest v0.10.7
    Checking hmac v0.12.1
    Checking sec1 v0.7.3
    Checking spki v0.7.3
   Compiling indexmap v2.12.1
    Checking rfc6979 v0.4.0
    Checking signature v2.2.0
    Checking slab v0.4.11
   Compiling rustversion v1.0.22
    Checking sha2 v0.10.9
   Compiling serde_json v1.0.145
   Compiling winnow v0.7.14
    Checking pin-utils v0.1.0
    Checking ryu v1.0.20
    Checking const-hex v1.17.0
   Compiling semver v1.0.27
    Checking futures-task v0.3.31
    Checking ff v0.13.1
    Checking futures-io v0.3.31
    Checking group v0.13.0
    Checking stable_deref_trait v1.2.1
   Compiling rustc_version v0.4.1
   Compiling wasm-bindgen-shared v0.2.106
    Checking elliptic-curve v0.13.8
   Compiling crossbeam-utils v0.8.21
   Compiling find-msvc-tools v0.1.5
   Compiling parking_lot_core v0.9.12
   Compiling shlex v1.3.0
    Checking ecdsa v0.16.9
   Compiling cc v1.2.49
    Checking tracing-core v0.1.35
    Checking k256 v0.13.4
   Compiling strsim v0.11.1
   Compiling bumpalo v3.19.0
   Compiling fnv v1.0.7
   Compiling ident_case v1.0.1
   Compiling wasm-bindgen v0.2.106
    Checking scopeguard v1.2.0
    Checking percent-encoding v2.3.2
   Compiling heck v0.5.0
   Compiling ruint v1.17.0
    Checking num_cpus v1.17.0
    Checking writeable v0.6.2
    Checking litemap v0.8.1
    Checking mio v1.1.1
    Checking socket2 v0.6.1
   Compiling icu_properties_data v2.1.1
   Compiling icu_normalizer_data v2.1.1
    Checking lock_api v0.4.14
   Compiling dunce v1.0.5
    Checking base64 v0.22.1
    Checking form_urlencoded v1.2.2
   Compiling pkg-config v0.3.32
   Compiling smallvec v1.15.1
   Compiling synstructure v0.13.2
   Compiling proc-macro-error2 v2.0.1
   Compiling wasm-bindgen-macro-support v0.2.106
   Compiling syn-solidity v1.4.1
   Compiling macro-string v0.1.4
   Compiling vcpkg v0.2.15
    Checking utf8_iter v1.0.4
    Checking crc-catalog v2.4.0
   Compiling ring v0.17.14
    Checking crc v3.4.0
   Compiling convert_case v0.8.0
   Compiling openssl-sys v0.9.111
   Compiling anyhow v1.0.100
    Checking hashbrown v0.14.5
   Compiling syn v1.0.109
    Checking concurrent-queue v2.5.0
    Checking bitflags v2.10.0
   Compiling proc-macro2-diagnostics v0.10.1
    Checking parking v2.2.1
   Compiling httparse v1.10.1
    Checking tower-service v0.3.3
    Checking event-listener v5.4.1
   Compiling serde_derive v1.0.228
   Compiling thiserror-impl v2.0.17
   Compiling derive_more-impl v2.1.0
   Compiling alloy-rlp-derive v0.3.12
   Compiling zerofrom-derive v0.1.6
   Compiling yoke-derive v0.8.1
   Compiling futures-macro v0.3.31
   Compiling zerovec-derive v0.11.2
    Checking zerofrom v0.1.6
   Compiling displaydoc v0.2.5
    Checking yoke v0.8.1
   Compiling tracing-attributes v0.1.31
    Checking futures-util v0.3.31
   Compiling wasm-bindgen-macro v0.2.106
    Checking zerovec v0.11.5
    Checking zerotrie v0.2.3
   Compiling tokio-macros v2.6.0
   Compiling auto_impl v1.3.0
    Checking tracing v0.1.43
    Checking js-sys v0.3.83
   Compiling async-trait v0.1.89
    Checking tinystr v0.8.2
    Checking potential_utf v0.1.4
    Checking icu_locale_core v2.1.1
    Checking icu_collections v2.1.1
    Checking bytes v1.11.0
    Checking arrayvec v0.7.6
    Checking either v1.15.0
   Compiling alloy-sol-type-parser v1.4.1
    Checking alloy-rlp v0.3.12
    Checking http v1.4.0
    Checking derive_more v2.1.0
    Checking icu_provider v2.1.1
    Checking tokio v1.48.0
    Checking futures-executor v0.3.31
   Compiling alloy-primitives v1.4.1
   Compiling darling_core v0.21.3
    Checking futures v0.3.31
    Checking icu_normalizer v2.1.1
    Checking icu_properties v2.1.1
    Checking itertools v0.14.0
    Checking parking_lot v0.12.5
    Checking alloy-json-abi v1.4.1
    Checking idna_adapter v1.2.1
    Checking idna v1.1.0
    Checking wasm-bindgen-futures v0.4.56
    Checking web-sys v0.3.83
    Checking alloy-eip7702 v0.6.3
    Checking url v2.5.7
    Checking alloy-eip2124 v0.2.0
    Checking alloy-serde v1.1.3
    Checking alloy-eip2930 v0.2.3
    Checking nybbles v0.4.6
   Compiling alloy-sol-macro-input v1.4.1
    Checking http-body v1.0.1
    Checking dashmap v6.1.0
   Compiling pin-project-internal v1.1.10
    Checking alloy-trie v0.9.1
   Compiling alloy-sol-macro-expander v1.4.1
   Compiling proc-macro-utils v0.10.0
   Compiling const_format_proc_macros v0.2.34
   Compiling darling_macro v0.21.3
    Checking pin-project v1.1.10
    Checking throw_error v0.3.1
   Compiling slotmap v1.1.1
    Checking rustls-pki-types v1.13.1
    Checking tokio-util v0.7.17
   Compiling darling v0.21.3
    Checking try-lock v0.2.5
   Compiling serde_with_macros v3.16.1
   Compiling alloy-tx-macros v1.1.3
    Checking foreign-types-shared v0.1.1
   Compiling openssl v0.10.75
    Checking atomic-waker v1.1.2
    Checking untrusted v0.9.0
    Checking h2 v0.4.12
    Checking foreign-types v0.3.2
    Checking want v0.3.1
    Checking event-listener-strategy v0.5.4
   Compiling openssl-macros v0.1.1
    Checking serde_with v3.16.1
   Compiling derive-where v1.6.0
   Compiling reactive_graph v0.2.12
   Compiling server_fn_macro v0.8.8
    Checking send_wrapper v0.6.0
   Compiling alloy-sol-macro v1.4.1
   Compiling camino v1.2.1
    Checking or_poisoned v0.1.0
   Compiling native-tls v0.2.14
   Compiling getrandom v0.3.4
    Checking alloy-sol-types v1.4.1
    Checking log v0.4.29
   Compiling thiserror v1.0.69
   Compiling rustls v0.23.35
    Checking hyper v1.8.1
    Checking hydration_context v0.3.0
    Checking rustls-webpki v0.103.8
    Checking async-lock v3.4.1
    Checking alloy-eips v1.1.3
   Compiling const_format v0.2.35
    Checking any_spawner v0.3.0
   Compiling thiserror-impl v1.0.69
   Compiling syn_derive v0.2.0
    Checking digest v0.9.0
    Checking sync_wrapper v1.0.2
    Checking core2 v0.4.0
    Checking unsigned-varint v0.8.0
    Checking openssl-probe v0.1.6
    Checking guardian v1.3.0
   Compiling data-encoding v2.9.0
    Checking rustc-hash v2.1.1
    Checking tower-layer v0.3.3
    Checking alloy-consensus v1.1.3
    Checking ipnet v2.11.0
   Compiling xxhash-rust v0.8.15
    Checking hyper-util v0.1.19
   Compiling match-lookup v0.1.1
   Compiling data-encoding-macro-internal v0.1.16
    Checking tower v0.5.2
    Checking alloy-json-rpc v1.1.3
    Checking multihash v0.19.3
   Compiling manyhow-macros v0.11.4
error[E0282]: type annotations needed for `&_`
   --> /home/adwin/.cargo/registry/src/mirrors.tuna.tsinghua.edu.cn-4dc01642fd091eda/reactive_graph-0.2.12/src/computed/async_derived/arc_async_derived.rs:673:14
    |
673 |             |v| v.deref(),
    |              ^  - type must be known at this point
    |
help: consider giving this closure parameter an explicit type, where the placeholders `_` are specified
    |
673 |             |v: &_| v.deref(),
    |               ++++

error[E0282]: type annotations needed for `&mut _`
   --> /home/adwin/.cargo/registry/src/mirrors.tuna.tsinghua.edu.cn-4dc01642fd091eda/reactive_graph-0.2.12/src/computed/async_derived/arc_async_derived.rs:674:14
    |
674 |             |v| v.deref_mut(),
    |              ^  - type must be known at this point
    |
help: consider giving this closure parameter an explicit type, where the placeholders `_` are specified
    |
674 |             |v: &mut _| v.deref_mut(),
    |               ++++++++

error[E0282]: type annotations needed for `&_`
   --> /home/adwin/.cargo/registry/src/mirrors.tuna.tsinghua.edu.cn-4dc01642fd091eda/reactive_graph-0.2.12/src/computed/async_derived/arc_async_derived.rs:691:14
    |
691 |             |v| v.deref(),
    |              ^  - type must be known at this point
    |
help: consider giving this closure parameter an explicit type, where the placeholders `_` are specified
    |
691 |             |v: &_| v.deref(),
    |               ++++

error[E0282]: type annotations needed for `&mut _`
   --> /home/adwin/.cargo/registry/src/mirrors.tuna.tsinghua.edu.cn-4dc01642fd091eda/reactive_graph-0.2.12/src/computed/async_derived/arc_async_derived.rs:692:14
    |
692 |             |v| v.deref_mut(),
    |              ^  - type must be known at this point
    |
help: consider giving this closure parameter an explicit type, where the placeholders `_` are specified
    |
692 |             |v: &mut _| v.deref_mut(),
    |               ++++++++

error[E0282]: type annotations needed for `&_`
   --> /home/adwin/.cargo/registry/src/mirrors.tuna.tsinghua.edu.cn-4dc01642fd091eda/reactive_graph-0.2.12/src/computed/async_derived/async_derived.rs:367:14
    |
367 |             |v| v.deref(),
    |              ^  - type must be known at this point
    |
help: consider giving this closure parameter an explicit type, where the placeholders `_` are specified
    |
367 |             |v: &_| v.deref(),
    |               ++++

error[E0282]: type annotations needed for `&mut _`
   --> /home/adwin/.cargo/registry/src/mirrors.tuna.tsinghua.edu.cn-4dc01642fd091eda/reactive_graph-0.2.12/src/computed/async_derived/async_derived.rs:368:14
    |
368 |             |v| v.deref_mut(),
    |              ^  - type must be known at this point
    |
help: consider giving this closure parameter an explicit type, where the placeholders `_` are specified
    |
368 |             |v: &mut _| v.deref_mut(),
    |               ++++++++

error[E0282]: type annotations needed for `&_`
   --> /home/adwin/.cargo/registry/src/mirrors.tuna.tsinghua.edu.cn-4dc01642fd091eda/reactive_graph-0.2.12/src/computed/async_derived/async_derived.rs:388:40
    |
388 |                 MappedMut::new(inner, |v| v.deref(), |v| v.deref_mut())
    |                                        ^  - type must be known at this point
    |
help: consider giving this closure parameter an explicit type, where the placeholders `_` are specified
    |
388 |                 MappedMut::new(inner, |v: &_| v.deref(), |v| v.deref_mut())
    |                                         ++++

error[E0282]: type annotations needed for `&mut _`
   --> /home/adwin/.cargo/registry/src/mirrors.tuna.tsinghua.edu.cn-4dc01642fd091eda/reactive_graph-0.2.12/src/computed/async_derived/async_derived.rs:388:55
    |
388 |                 MappedMut::new(inner, |v| v.deref(), |v| v.deref_mut())
    |                                                       ^  - type must be known at this point
    |
help: consider giving this closure parameter an explicit type, where the placeholders `_` are specified
    |
388 |                 MappedMut::new(inner, |v| v.deref(), |v: &mut _| v.deref_mut())
    |                                                        ++++++++

   Compiling quote-use-macros v0.8.4
   Compiling reactive_stores_macro v0.2.6
    Checking alloy-network-primitives v1.1.3
    Checking alloy-consensus-any v1.1.3
   Compiling toml_parser v1.0.4
   Compiling tachys v0.2.11
error[E0282]: type annotations needed for `&_`
   --> /home/adwin/.cargo/registry/src/mirrors.tuna.tsinghua.edu.cn-4dc01642fd091eda/reactive_graph-0.2.12/src/computed/async_derived/arc_async_derived.rs:648:59
    |
648 |             ReadGuard::new(Mapped::new_with_guard(plain, |v| v.deref()))
    |                                                           ^  - type must be known at this point
    |
help: consider giving this closure parameter an explicit type, where the placeholders `_` are specified
    |
648 |             ReadGuard::new(Mapped::new_with_guard(plain, |v: &_| v.deref()))
    |                                                            ++++

   Compiling zerocopy v0.8.31
    Checking utf8-width v0.1.8
    Checking const-str v0.4.3
    Checking futures-utils-wasm v0.1.0
   Compiling prettyplease v0.2.37
   Compiling toml_datetime v0.7.3
   Compiling autocfg v1.5.0
   Compiling yansi v1.0.1
    Checking data-encoding-macro v0.1.18
   Compiling toml_edit v0.23.9
    Checking base256emoji v1.0.2
    Checking html-escape v0.2.13
   Compiling num-traits v0.2.19
    Checking alloy-rpc-types-eth v1.1.3
   Compiling quote-use v0.8.4
For more information about this error, try `rustc --explain E0282`.
error: could not compile `reactive_graph` (lib) due to 9 previous errors
warning: build failed, waiting for other jobs to finish...
