Running as unit: run-p1057793-i13638105.scope; invocation ID: 962cd04a1d744d1487cbadcd71d6566a
    Updating `tuna` index
 Downloading crates ...
  Downloaded indexed_json v0.3.2 (registry `tuna`)
  Downloaded tag_ptr v0.1.0 (registry `tuna`)
  Downloaded simple_logger v5.1.0 (registry `tuna`)
  Downloaded boa_interner v0.21.0 (registry `tuna`)
  Downloaded jsonnet-rs v0.17.0 (registry `tuna`)
  Downloaded dynify-macros v0.1.2 (registry `tuna`)
  Downloaded xsum v0.1.6 (registry `tuna`)
  Downloaded boa_string v0.21.0 (registry `tuna`)
  Downloaded boa_gc v0.21.0 (registry `tuna`)
  Downloaded dynify v0.1.2 (registry `tuna`)
  Downloaded icu_properties v2.0.2 (registry `tuna`)
  Downloaded icu_normalizer v2.0.1 (registry `tuna`)
  Downloaded attohttpc v0.28.5 (registry `tuna`)
  Downloaded selectors v0.32.0 (registry `tuna`)
  Downloaded boa_ast v0.21.0 (registry `tuna`)
  Downloaded boa_parser v0.21.0 (registry `tuna`)
  Downloaded handlebars_misc_helpers v0.17.0 (registry `tuna`)
  Downloaded float16 v0.1.5 (registry `tuna`)
  Downloaded lol_html v2.7.0 (registry `tuna`)
  Downloaded jsonnet-sys v0.17.0 (registry `tuna`)
  Downloaded small_btree v0.1.0 (registry `tuna`)
  Downloaded netidx-derive v0.22.0 (registry `tuna`)
  Downloaded netidx-core v0.26.2 (registry `tuna`)
  Downloaded boa_macros v0.21.0 (registry `tuna`)
  Downloaded gray_matter v0.3.2 (registry `tuna`)
  Downloaded boa_engine v0.21.0 (registry `tuna`)
  Downloaded asciidocr v0.1.12 (registry `tuna`)
   Compiling proc-macro2 v1.0.103
   Compiling quote v1.0.41
   Compiling unicode-ident v1.0.22
   Compiling serde_core v1.0.228
   Compiling serde v1.0.228
   Compiling libc v0.2.177
    Checking cfg-if v1.0.4
    Checking memchr v2.7.6
    Checking itoa v1.0.15
    Checking smallvec v1.15.1
    Checking log v0.4.28
   Compiling shlex v1.3.0
    Checking pin-project-lite v0.2.16
    Checking once_cell v1.21.3
   Compiling autocfg v1.5.0
    Checking scopeguard v1.2.0
    Checking lock_api v0.4.14
   Compiling parking_lot_core v0.9.12
    Checking allocator-api2 v0.2.21
    Checking equivalent v1.0.2
    Checking futures-core v0.3.31
    Checking stable_deref_trait v1.2.1
   Compiling version_check v0.9.5
   Compiling pkg-config v0.3.32
    Checking bitflags v2.10.0
   Compiling syn v2.0.108
    Checking ryu v1.0.20
   Compiling zerocopy v0.8.27
   Compiling libm v0.2.15
   Compiling siphasher v1.0.1
    Checking regex-syntax v0.8.8
   Compiling jobserver v0.1.34
   Compiling num-traits v0.2.19
    Checking foldhash v0.2.0
   Compiling cc v1.2.32
    Checking hashbrown v0.16.0
    Checking parking_lot v0.12.5
    Checking mio v1.1.0
    Checking socket2 v0.6.1
    Checking signal-hook-registry v1.4.6
    Checking getrandom v0.2.16
    Checking futures-sink v0.3.31
   Compiling crossbeam-utils v0.8.21
   Compiling serde_json v1.0.145
    Checking aho-corasick v1.1.4
   Compiling thiserror v2.0.17
   Compiling getrandom v0.3.4
    Checking ppv-lite86 v0.2.21
    Checking futures-io v0.3.31
    Checking slab v0.4.11
    Checking indexmap v2.12.0
    Checking fnv v1.0.7
   Compiling rustversion v1.0.22
    Checking futures-channel v0.3.31
    Checking rand_core v0.6.4
    Checking percent-encoding v2.3.2
    Checking regex-automata v0.4.13
   Compiling phf_shared v0.11.3
   Compiling crc32fast v1.5.0
    Checking rand_chacha v0.3.1
    Checking byteorder v1.5.0
    Checking futures-task v0.3.31
    Checking pin-utils v0.1.0
    Checking rand v0.8.5
   Compiling heck v0.5.0
   Compiling syn v1.0.109
    Checking tracing-core v0.1.34
    Checking simd-adler32 v0.3.7
    Checking adler2 v2.0.1
    Checking miniz_oxide v0.8.9
   Compiling zstd-sys v2.0.16+zstd.1.5.7
   Compiling phf_generator v0.11.3
   Compiling cmake v0.1.54
    Checking litemap v0.8.1
    Checking writeable v0.6.2
   Compiling typenum v1.19.0
   Compiling strsim v0.11.1
   Compiling ident_case v1.0.1
    Checking foldhash v0.1.5
   Compiling libz-ng-sys v1.1.23
   Compiling generic-array v0.14.9
   Compiling icu_properties_data v2.0.1
    Checking subtle v2.6.1
   Compiling icu_normalizer_data v2.0.0
    Checking lazy_static v1.5.0
   Compiling zstd-safe v7.2.4
   Compiling thiserror v1.0.69
    Checking regex v1.12.2
   Compiling synstructure v0.13.2
    Checking hashbrown v0.15.5
    Checking crossbeam-epoch v0.9.18
   Compiling num-conv v0.1.0
    Checking arrayvec v0.7.6
   Compiling time-core v0.1.6
   Compiling paste v1.0.15
   Compiling either v1.15.0
    Checking powerfmt v0.2.0
   Compiling time-macros v0.2.24
    Checking deranged v0.5.5
   Compiling openssl-src v300.5.4+3.5.4
   Compiling vcpkg v0.2.15
    Checking iana-time-zone v0.1.64
    Checking utf16_iter v1.0.5
    Checking alloc-no-stdlib v2.0.4
    Checking write16 v1.0.0
   Compiling serde_derive v1.0.228
   Compiling tokio-macros v2.6.0
   Compiling zerofrom-derive v0.1.6
   Compiling yoke-derive v0.8.1
   Compiling thiserror-impl v2.0.17
   Compiling zerovec-derive v0.11.2
    Checking zerofrom v0.1.6
   Compiling displaydoc v0.2.5
    Checking yoke v0.8.1
   Compiling futures-macro v0.3.31
   Compiling tracing-attributes v0.1.30
    Checking zerovec v0.11.5
    Checking zerotrie v0.2.3
   Compiling thiserror-impl v1.0.69
    Checking futures-util v0.3.31
    Checking num_threads v0.1.7
   Compiling openssl-sys v0.9.111
    Checking tinystr v0.8.2
    Checking potential_utf v0.1.4
    Checking icu_collections v2.0.0
    Checking icu_locale_core v2.1.1
    Checking tracing v0.1.41
   Compiling async-trait v0.1.89
    Checking alloc-stdlib v0.2.2
    Checking crossbeam-deque v0.8.6
    Checking crypto-common v0.1.6
    Checking block-buffer v0.10.4
   Compiling phf_codegen v0.11.3
    Checking icu_provider v2.1.1
   Compiling indexmap v1.9.3
   Compiling rustix v1.1.2
    Checking bytes v1.11.0
    Checking chrono v0.4.42
    Checking icu_properties v2.0.2
    Checking icu_normalizer v2.0.1
    Checking time v0.3.44
    Checking tokio v1.48.0
    Checking http v1.3.1
    Checking futures-executor v0.3.31
    Checking digest v0.10.7
   Compiling phf_macros v0.11.3
    Checking hashbrown v0.12.3
    Checking linux-raw-sys v0.11.0
    Checking static_assertions v1.1.0
   Compiling ucd-trie v0.1.7
   Compiling httparse v1.10.1
    Checking rustc-hash v2.1.1
   Compiling rust_decimal v1.39.0
   Compiling pest v2.8.3
    Checking phf v0.11.3
    Checking idna_adapter v1.2.1
    Checking futures v0.3.31
    Checking form_urlencoded v1.2.2
    Checking rand_core v0.9.3
    Checking crossbeam-queue v0.3.12
   Compiling proc-macro-error-attr v1.0.4
    Checking thread_local v1.1.9
    Checking base64 v0.22.1
    Checking same-file v1.0.6
   Compiling anyhow v1.0.100
    Checking utf8_iter v1.0.4
    Checking walkdir v2.5.0
    Checking idna v1.1.0
   Compiling pest_meta v2.8.3
    Checking rand_chacha v0.9.0
   Compiling darling_core v0.20.11
   Compiling ring v0.17.14
    Checking tokio-util v0.7.17
   Compiling proc-macro-error v1.0.4
   Compiling openssl v0.10.75
    Checking zeroize v1.8.2
    Checking foreign-types-shared v0.1.1
    Checking foreign-types v0.3.2
   Compiling parse-zoneinfo v0.3.1
    Checking rustls-pki-types v1.13.0
   Compiling pest_generator v2.8.3
    Checking rand v0.9.2
    Checking url v2.5.7
   Compiling openssl-macros v0.1.1
   Compiling darling_core v0.21.3
   Compiling phf_shared v0.13.1
   Compiling memoffset v0.6.5
    Checking winnow v0.7.13
    Checking utf8parse v0.2.2
   Compiling tokio-openssl v0.6.5
   Compiling fastrand v2.3.0
   Compiling darling_macro v0.20.11
   Compiling prettyplease v0.2.37
    Checking httpdate v1.0.3
   Compiling unicode-xid v0.2.6
   Compiling object v0.37.3
   Compiling protobuf v2.28.0
   Compiling derive_more-impl v2.0.1
   Compiling darling v0.20.11
   Compiling phf_generator v0.13.1
    Checking anstyle-parse v0.2.7
   Compiling chrono-tz-build v0.3.0
   Compiling pest_derive v2.8.3
   Compiling darling_macro v0.21.3
   Compiling trackable_derive v1.0.0
   Compiling async-stream-impl v0.3.6
   Compiling strum_macros v0.27.2
   Compiling onig_sys v69.9.1
   Compiling ahash v0.8.12
    Checking bstr v1.12.1
    Checking encoding_rs v0.8.35
   Compiling crunchy v0.2.4
    Checking bitflags v1.3.2
    Checking anstyle v1.0.13
   Compiling semver-parser v0.7.0
   Compiling cow-utils v0.1.3
   Compiling heck v0.4.1
    Checking pingora-error v0.6.0
    Checking is_terminal_polyfill v1.70.2
    Checking os_str_bytes v6.6.1
    Checking colorchoice v1.0.4
   Compiling deunicode v1.6.2
   Compiling prometheus v0.13.4
    Checking ryu-js v1.0.2
    Checking linked-hash-map v0.5.6
    Checking gimli v0.32.3
    Checking anstyle-query v1.1.4
    Checking untrusted v0.9.0
    Checking fast-float2 v0.2.3
    Checking boa_string v0.21.0
   Compiling strum v0.27.2
    Checking zstd v0.13.3
    Checking anstream v0.6.21
    Checking yaml-rust v0.4.5
   Compiling slug v0.1.6
    Checking derive_more v2.0.1
    Checking clap_lex v0.2.4
    Checking pingora-http v0.6.0
   Compiling clap_derive v3.2.25
   Compiling boa_macros v0.21.0
   Compiling semver v0.9.0
    Checking addr2line v0.25.1
    Checking globset v0.4.18
    Checking async-stream v0.3.6
   Compiling toml_parser v1.0.4
    Checking trackable v1.3.0
   Compiling darling v0.21.3
   Compiling chrono-tz v0.9.0
   Compiling phf_macros v0.13.1
   Compiling derive_builder_core v0.20.2
    Checking pingora-timeout v0.6.0
    Checking tokio-stream v0.1.17
    Checking terminal_size v0.4.3
   Compiling neli-proc-macros v0.1.4
    Checking uuid v1.18.1
    Checking brotli-decompressor v2.5.1
   Compiling strum_macros v0.26.4
   Compiling itertools v0.14.0
    Checking lru v0.14.0
   Compiling jsonnet-sys v0.17.0
    Checking atty v0.2.14
    Checking local-waker v0.1.4
    Checking clap_lex v0.7.6
   Compiling toml_datetime v0.7.3
    Checking atomic-waker v1.1.2
    Checking strsim v0.10.0
    Checking rustc-demangle v0.1.26
   Compiling rustls v0.23.35
    Checking tinyvec_macros v0.1.1
    Checking dtoa v1.0.10
    Checking thin-vec v0.2.14
   Compiling jetscii v0.5.3
    Checking textwrap v0.16.2
   Compiling parking_lot_core v0.8.6
    Checking termcolor v1.4.1
    Checking minimal-lexical v0.2.1
    Checking strum v0.26.3
    Checking clap_builder v4.5.51
    Checking clap v3.2.25
    Checking nom v7.1.3
    Checking backtrace v0.3.76
   Compiling indextree-macros v0.1.3
    Checking boa_gc v0.21.0
    Checking dtoa-short v0.3.5
    Checking tinyvec v1.10.0
   Compiling toml_edit v0.23.7
    Checking h2 v0.4.12
    Checking phf v0.13.1
    Checking pingora-pool v0.6.0
    Checking brotli v3.5.0
    Checking neli v0.6.5
    Checking tokio-test v0.4.4
   Compiling derive_builder_macro v0.20.2
   Compiling bon-macros v3.8.1
    Checking nix v0.24.3
    Checking ignore v0.4.25
    Checking rustls-webpki v0.103.8
   Compiling rustc_version v0.2.3
   Compiling jmespath v0.3.0
    Checking serde_yaml v0.8.26
    Checking webpki-roots v1.0.4
    Checking pingora-runtime v0.6.0
    Checking sfv v0.10.4
    Checking http v0.2.12
    Checking toml_datetime v0.6.11
    Checking serde_spanned v0.6.9
   Compiling selectors v0.32.0
   Compiling derivative v2.2.0
   Compiling cssparser-macros v0.6.1
   Compiling clap_derive v4.5.49
    Checking castaway v0.2.4
    Checking num-integer v0.1.46
    Checking crossbeam-channel v0.5.15
    Checking daemonize v0.5.0
    Checking ownedbytes v0.9.0
   Compiling memoffset v0.9.1
    Checking instant v0.1.13
    Checking unicase v2.8.1
   Compiling entities v1.0.1
    Checking openssl-probe v0.1.6
    Checking num-modular v0.6.1
    Checking toml_write v0.1.2
    Checking mime v0.3.17
    Checking toml_edit v0.22.27
   Compiling bytestring v1.5.0
   Compiling comrak v0.48.0
    Checking bon v3.8.1
    Checking num-order v1.2.0
    Checking tantivy-common v0.10.0
    Checking clap v4.5.51
    Checking num-bigint v0.4.6
    Checking cssparser v0.35.0
    Checking webpki-roots v0.26.11
    Checking flate2 v1.1.5
   Compiling float16 v0.1.5
    Checking globwalk v0.9.1
    Checking bitpacking v0.9.2
    Checking onig v6.5.1
    Checking local-ip-address v0.6.5
    Checking derive_builder v0.20.2
    Checking boa_interner v0.21.0
   Compiling proc-macro-crate v3.4.0
    Checking unicode-normalization v0.1.25
    Checking indextree v4.7.4
    Checking cf-rustracing v1.2.1
    Checking actix-utils v3.0.1
    Checking thrift_codec v0.3.2
    Checking document_tree v0.4.2
    Checking actix-rt v2.11.0
    Checking bincode v1.3.3
    Checking rmp v0.8.14
    Checking brotli-decompressor v5.0.0
   Compiling equator-macro v0.4.2
   Compiling enumflags2_derive v0.7.12
   Compiling pin-project-internal v1.1.10
    Checking hashlink v0.10.0
    Checking fxhash v0.2.1
    Checking serde_spanned v1.0.3
    Checking humansize v2.1.3
    Checking hostname v0.4.1
   Compiling cookie v0.16.2
    Checking actix-service v2.0.3
    Checking servo_arc v0.4.3
    Checking unsafe-libyaml v0.2.11
   Compiling portable-atomic v1.11.1
    Checking keccak v0.1.5
    Checking diatomic-waker v0.2.3
    Checking precomputed-hash v0.1.1
    Checking cordyceps v0.3.4
   Compiling rayon-core v1.13.0
    Checking unicode-segmentation v1.12.0
    Checking parking v2.2.1
    Checking toml_writer v1.0.4
    Checking colored v3.0.0
    Checking arraydeque v0.5.1
   Compiling regex-lite v0.1.8
    Checking cpufeatures v0.2.17
    Checking xml-rs v0.8.28
    Checking new_debug_unreachable v1.0.6
    Checking utf8-ranges v1.0.5
    Checking spin v0.10.0
    Checking pin-project v1.1.10
    Checking sha1 v0.10.6
    Checking futures-buffered v0.2.12
    Checking tantivy-fst v0.5.0
    Checking simple_logger v5.1.0
    Checking yaml-rust2 v0.10.4
    Checking toml v0.9.8
    Checking serde-xml-rs v0.5.1
    Checking serde_yaml v0.9.34+deprecated
   Compiling actix-router v0.5.3
    Checking tera v1.20.1
    Checking futures-lite v2.6.1
    Checking sha3 v0.10.8
    Checking cf-rustracing-jaeger v1.2.2
    Checking brotli v8.0.2
    Checking equator v0.4.2
    Checking enumflags2 v0.7.12
    Checking attohttpc v0.28.5
    Checking syntect v5.3.0
    Checking rmp-serde v1.3.0
    Checking toml v0.8.23
   Compiling num_enum_derive v0.7.5
    Checking caseless v0.2.2
    Checking serde_indextree v0.2.0
    Checking boa_ast v0.21.0
    Checking handlebars v6.3.2
    Checking tantivy-bitpacker v0.9.0
    Checking parking_lot v0.11.2
    Checking crossbeam v0.8.4
    Checking compact_str v0.7.1
    Checking h2 v0.3.27
    Checking local-channel v0.1.5
    Checking pingora-header-serde v0.6.0
    Checking actix-codec v0.5.2
    Checking emojis v0.6.4
    Checking blake2 v0.10.6
    Checking triomphe v0.1.15
    Checking arcstr v1.2.0
    Checking jsonptr v0.7.1
    Checking enquote v1.1.0
   Compiling dynify-macros v0.1.2
   Compiling bytemuck_derive v1.10.2
    Checking pingora-lru v0.6.0
    Checking cruet v0.14.0
    Checking rand_distr v0.4.3
    Checking regress v0.10.5
    Checking socket2 v0.5.10
    Checking fs2 v0.4.3
    Checking typed-arena v2.0.2
    Checking xdg v2.5.2
    Checking shell-words v1.1.0
    Checking bytecount v0.6.9
    Checking murmurhash32 v0.3.1
    Checking hashbrown v0.14.5
    Checking language-tags v0.3.2
    Checking fmt2io v1.0.0
    Checking arc-swap v1.7.1
    Checking hex v0.4.3
    Checking fixedbitset v0.5.7
    Checking unicode_categories v0.1.1
    Checking dashmap v6.1.0
    Checking futures-concurrency v7.6.3
    Checking bytemuck v1.24.0
    Checking tantivy-stacker v0.6.0
    Checking orgize v0.9.0
    Checking boa_parser v0.21.0
    Checking sled v0.34.7
    Checking actix-http v3.11.2
    Checking actix-server v2.6.0
    Checking dynify v0.1.2
    Checking json-patch v4.1.0
    Checking netidx-core v0.26.2
    Checking intrusive-collections v0.9.7
    Checking num_enum v0.7.5
    Checking tantivy-sstable v0.6.0
    Checking asciidocr v0.1.12
    Checking aligned-vec v0.6.4
   Compiling actix-web-codegen v4.3.0
    Checking gray_matter v0.3.2
    Checking lol_html v2.7.0
    Checking rst_renderer v0.4.2
    Checking rst_parser v0.4.2
    Checking compact_str v0.8.1
    Checking domain v0.1.0 (/tmp/nix-shell.uUVugk/CoderByBlood_whisper-cms_31sv52k8/crates/domain)
    Checking serde_urlencoded v0.7.1
    Checking combine v4.6.7
    Checking minijinja v2.12.0
   Compiling netidx-derive v0.22.0
   Compiling actix-macros v0.2.4
    Checking small_btree v0.1.0
    Checking immutable-chunkmap v2.1.2
    Checking pingora-ketama v0.6.0
    Checking inotify-sys v0.1.5
    Checking impl-more v0.1.9
    Checking tower-service v0.3.3
    Checking tap v1.0.1
    Checking tag_ptr v0.1.0
    Checking fastdivide v0.4.2
    Checking tower-layer v0.3.3
    Checking xsum v0.1.6
    Checking downcast-rs v2.0.2
    Checking tantivy-columnar v0.6.0
    Checking tower v0.5.2
    Checking actix-web v4.12.1
    Checking inotify v0.11.0
    Checking rayon v1.11.0
    Checking boa_engine v0.21.0
    Checking tantivy-query-grammar v0.25.0
    Checking tempfile v3.23.0
    Checking fs4 v0.13.1
    Checking rust-stemmers v1.2.0
    Checking hyperloglogplus v0.4.1
    Checking sketches-ddsketch v0.3.0
    Checking tantivy-tokenizer-api v0.6.0
error[E0271]: type mismatch resolving `&[u16] == &Vec<u16>`
   --> /home/adwin/.cargo/registry/src/mirrors.tuna.tsinghua.edu.cn-4dc01642fd091eda/boa_engine-0.21.0/src/builtins/json/mod.rs:699:25
    |
699 |                         &separator,
    |                         ^^^^^^^^^^ types differ

error[E0271]: type mismatch resolving `&[u16] == &Vec<u16>`
   --> /home/adwin/.cargo/registry/src/mirrors.tuna.tsinghua.edu.cn-4dc01642fd091eda/boa_engine-0.21.0/src/builtins/json/mod.rs:811:25
    |
811 |                         &separator,
    |                         ^^^^^^^^^^ types differ

    Checking lru v0.12.5
    Checking matchers v0.2.0
    Checking sharded-slab v0.1.7
    Checking tracing-log v0.2.0
    Checking memmap2 v0.9.9
    Checking measure_time v0.9.0
    Checking census v0.4.2
    Checking htmlescape v0.3.1
    Checking oneshot v0.1.11
    Checking nu-ansi-term v0.50.3
    Checking levenshtein_automata v0.2.1
    Checking notify-types v2.0.0
    Checking lz4_flex v0.11.5
    Checking notify v8.2.0
    Checking tracing-subscriber v0.3.20
    Checking tantivy v0.25.0
    Checking jsonnet-rs v0.17.0
    Checking handlebars_misc_helpers v0.17.0
    Checking indexed_json v0.3.2
For more information about this error, try `rustc --explain E0271`.
error: could not compile `boa_engine` (lib) due to 2 previous errors
warning: build failed, waiting for other jobs to finish...
