Running as unit: run-p1075100-i13655412.scope; invocation ID: 755e50f3de0c4fffb8f2fe1b8be2ce1f
warning: profiles for the non root package will be ignored, specify profiles at the workspace root:
package:   /tmp/nix-shell.uUVugk/CodingTil_wordle-rs_zobnfo8k/wordle_web/Cargo.toml
workspace: /tmp/nix-shell.uUVugk/CodingTil_wordle-rs_zobnfo8k/Cargo.toml
   Compiling proc-macro2 v1.0.103
   Compiling quote v1.0.42
   Compiling unicode-ident v1.0.22
   Compiling libc v0.2.177
    Checking cfg-if v1.0.4
   Compiling version_check v0.9.5
   Compiling rustversion v1.0.22
    Checking memchr v2.7.6
    Checking once_cell v1.21.3
   Compiling semver v1.0.27
    Checking pin-project-lite v0.2.16
   Compiling serde_core v1.0.228
   Compiling rustc_version v0.4.1
   Compiling wasm-bindgen-shared v0.2.106
   Compiling thiserror v2.0.17
   Compiling crossbeam-utils v0.8.21
   Compiling parking_lot_core v0.9.12
   Compiling serde v1.0.228
    Checking smallvec v1.15.1
   Compiling bumpalo v3.19.0
   Compiling wasm-bindgen v0.2.106
    Checking stable_deref_trait v1.2.1
    Checking futures-core v0.3.31
   Compiling syn v2.0.111
    Checking futures-sink v0.3.31
    Checking scopeguard v1.2.0
    Checking equivalent v1.0.2
    Checking futures-channel v0.3.31
    Checking lock_api v0.4.14
    Checking futures-io v0.3.31
    Checking futures-task v0.3.31
   Compiling proc-macro-error-attr2 v2.0.0
    Checking slab v0.4.11
    Checking pin-utils v0.1.0
   Compiling paste v1.0.15
    Checking itoa v1.0.15
    Checking either v1.15.0
    Checking num_cpus v1.17.0
    Checking ryu v1.0.20
   Compiling unicode-segmentation v1.12.0
   Compiling typenum v1.19.0
    Checking writeable v0.6.2
    Checking litemap v0.8.1
    Checking parking_lot v0.12.5
    Checking concurrent-queue v2.5.0
   Compiling proc-macro2-diagnostics v0.10.1
   Compiling generic-array v0.14.7
   Compiling icu_normalizer_data v2.1.1
   Compiling unicode-xid v0.2.6
   Compiling convert_case v0.8.0
    Checking parking v2.2.1
   Compiling icu_properties_data v2.1.1
   Compiling const_format_proc_macros v0.2.34
    Checking event-listener v5.4.1
   Compiling proc-macro-utils v0.10.0
   Compiling slotmap v1.0.7
    Checking throw_error v0.3.1
   Compiling zerocopy v0.8.31
   Compiling getrandom v0.3.4
   Compiling serde_json v1.0.145
    Checking hashbrown v0.16.1
    Checking event-listener-strategy v0.5.4
    Checking send_wrapper v0.6.0
   Compiling reactive_graph v0.2.11
   Compiling server_fn_macro v0.8.8
    Checking hashbrown v0.14.5
   Compiling camino v1.2.1
   Compiling anyhow v1.0.100
    Checking or_poisoned v0.1.0
    Checking indexmap v2.12.1
   Compiling const_format v0.2.35
    Checking async-lock v3.4.1
    Checking dashmap v6.1.0
    Checking guardian v1.3.0
    Checking percent-encoding v2.3.2
    Checking rustc-hash v2.1.1
   Compiling thiserror v1.0.69
   Compiling xxhash-rust v0.8.15
    Checking rand_core v0.9.3
   Compiling crypto-common v0.1.7
   Compiling block-buffer v0.10.4
   Compiling manyhow-macros v0.11.4
    Checking itertools v0.14.0
   Compiling tachys v0.2.11
    Checking tracing-core v0.1.35
   Compiling fnv v1.0.7
    Checking lazy_static v1.5.0
    Checking winnow v0.7.14
    Checking utf8_iter v1.0.4
    Checking utf8-width v0.1.8
   Compiling heck v0.5.0
   Compiling strsim v0.11.1
   Compiling yansi v1.0.1
   Compiling signal-hook v0.3.18
   Compiling ident_case v1.0.1
   Compiling prettyplease v0.2.37
    Checking bytes v1.11.0
    Checking html-escape v0.2.13
    Checking sharded-slab v0.1.7
    Checking http v1.4.0
   Compiling digest v0.10.7
    Checking form_urlencoded v1.2.2
    Checking serde_spanned v1.0.3
    Checking ppv-lite86 v0.2.21
    Checking toml_datetime v0.7.3
    Checking either_of v0.1.6
    Checking signal-hook-registry v1.4.7
   Compiling server_fn v0.8.8
    Checking rand_chacha v0.9.0
    Checking aho-corasick v1.1.4
    Checking thread_local v1.1.9
   Compiling object v0.37.3
    Checking const_str_slice_concat v0.1.0
   Compiling rustix v0.38.44
    Checking regex-syntax v0.8.8
   Compiling synstructure v0.13.2
   Compiling wasm-bindgen-macro-support v0.2.106
   Compiling proc-macro-error2 v2.0.1
    Checking toml_parser v1.0.4
   Compiling manyhow v0.11.4
   Compiling darling_core v0.20.11
    Checking utf8parse v0.2.2
    Checking next_tuple v0.1.0
   Compiling same-file v1.0.6
    Checking drain_filter_polyfill v0.1.3
   Compiling collection_literals v1.0.3
   Compiling owo-colors v4.2.3
    Checking linear-map v1.2.0
    Checking erased v0.1.2
   Compiling serde_derive v1.0.228
   Compiling thiserror-impl v2.0.17
   Compiling zerofrom-derive v0.1.6
   Compiling yoke-derive v0.8.1
   Compiling zerovec-derive v0.11.2
   Compiling displaydoc v0.2.5
   Compiling futures-macro v0.3.31
   Compiling wasm-bindgen-macro v0.2.106
    Checking zerofrom v0.1.6
   Compiling derive-where v1.6.0
   Compiling syn_derive v0.2.0
   Compiling quote-use-macros v0.8.4
    Checking yoke v0.8.1
    Checking zerovec v0.11.5
    Checking zerotrie v0.2.3
   Compiling pin-project-internal v1.1.10
    Checking futures-util v0.3.31
   Compiling reactive_stores_macro v0.2.6
    Checking tinystr v0.8.2
    Checking potential_utf v0.1.4
    Checking icu_locale_core v2.1.1
    Checking icu_collections v2.1.1
    Checking js-sys v0.3.83
   Compiling thiserror-impl v1.0.69
   Compiling quote-use v0.8.4
   Compiling async-trait v0.1.89
   Compiling interpolator v0.5.0
    Checking icu_provider v2.1.1
    Checking pin-project v1.1.10
    Checking log v0.4.28
   Compiling cpufeatures v0.2.17
   Compiling sha2 v0.10.9
    Checking icu_normalizer v2.1.1
    Checking icu_properties v2.1.1
   Compiling attribute-derive-macro v0.10.5
    Checking mio v1.1.0
   Compiling rstml v0.12.1
    Checking oco_ref v0.2.1
    Checking serde_qs v0.15.0
   Compiling darling_macro v0.20.11
    Checking idna_adapter v1.2.1
    Checking idna v1.1.0
   Compiling wordle_proc v0.1.0 (/tmp/nix-shell.uUVugk/CodingTil_wordle-rs_zobnfo8k/wordle_proc)
   Compiling typed-builder-macro v0.21.2
    Checking url v2.5.7
   Compiling server_fn_macro_default v0.8.5
   Compiling walkdir v2.5.0
    Checking futures-executor v0.3.31
    Checking regex-automata v0.4.13
    Checking futures v0.3.31
    Checking hydration_context v0.3.0
    Checking anstyle-parse v0.2.7
    Checking toml v0.9.8
    Checking tracing-subscriber v0.3.22
    Checking rand v0.9.2
    Checking tracing v0.1.43
    Checking convert_case v0.6.0
    Checking wasm-bindgen-futures v0.4.56
    Checking web-sys v0.3.83
   Compiling leptos_macro v0.8.12
    Checking linux-raw-sys v0.4.15
    Checking any_spawner v0.3.0
    Checking foldhash v0.1.5
    Checking colorchoice v1.0.4
    Checking pathdiff v0.2.3
    Checking anstyle-query v1.1.5
    Checking allocator-api2 v0.2.21
   Compiling eyre v0.6.12
   Compiling instability v0.3.10
    Checking const-str v0.6.4
    Checking gimli v0.32.3
   Compiling base16 v0.2.1
error[E0282]: type annotations needed for `&_`
   --> /home/adwin/.cargo/registry/src/mirrors.tuna.tsinghua.edu.cn-4dc01642fd091eda/reactive_graph-0.2.11/src/computed/async_derived/arc_async_derived.rs:673:14
    |
673 |             |v| v.deref(),
    |              ^  - type must be known at this point
    |
help: consider giving this closure parameter an explicit type, where the placeholders `_` are specified
    |
673 |             |v: &_| v.deref(),
    |               ++++

error[E0282]: type annotations needed for `&mut _`
   --> /home/adwin/.cargo/registry/src/mirrors.tuna.tsinghua.edu.cn-4dc01642fd091eda/reactive_graph-0.2.11/src/computed/async_derived/arc_async_derived.rs:674:14
    |
674 |             |v| v.deref_mut(),
    |              ^  - type must be known at this point
    |
help: consider giving this closure parameter an explicit type, where the placeholders `_` are specified
    |
674 |             |v: &mut _| v.deref_mut(),
    |               ++++++++

error[E0282]: type annotations needed for `&_`
   --> /home/adwin/.cargo/registry/src/mirrors.tuna.tsinghua.edu.cn-4dc01642fd091eda/reactive_graph-0.2.11/src/computed/async_derived/arc_async_derived.rs:691:14
    |
691 |             |v| v.deref(),
    |              ^  - type must be known at this point
    |
help: consider giving this closure parameter an explicit type, where the placeholders `_` are specified
    |
691 |             |v: &_| v.deref(),
    |               ++++

error[E0282]: type annotations needed for `&mut _`
   --> /home/adwin/.cargo/registry/src/mirrors.tuna.tsinghua.edu.cn-4dc01642fd091eda/reactive_graph-0.2.11/src/computed/async_derived/arc_async_derived.rs:692:14
    |
692 |             |v| v.deref_mut(),
    |              ^  - type must be known at this point
    |
help: consider giving this closure parameter an explicit type, where the placeholders `_` are specified
    |
692 |             |v: &mut _| v.deref_mut(),
    |               ++++++++

error[E0282]: type annotations needed for `&_`
   --> /home/adwin/.cargo/registry/src/mirrors.tuna.tsinghua.edu.cn-4dc01642fd091eda/reactive_graph-0.2.11/src/computed/async_derived/async_derived.rs:367:14
    |
367 |             |v| v.deref(),
    |              ^  - type must be known at this point
    |
help: consider giving this closure parameter an explicit type, where the placeholders `_` are specified
    |
367 |             |v: &_| v.deref(),
    |               ++++

error[E0282]: type annotations needed for `&mut _`
   --> /home/adwin/.cargo/registry/src/mirrors.tuna.tsinghua.edu.cn-4dc01642fd091eda/reactive_graph-0.2.11/src/computed/async_derived/async_derived.rs:368:14
    |
368 |             |v| v.deref_mut(),
    |              ^  - type must be known at this point
    |
help: consider giving this closure parameter an explicit type, where the placeholders `_` are specified
    |
368 |             |v: &mut _| v.deref_mut(),
    |               ++++++++

error[E0282]: type annotations needed for `&_`
   --> /home/adwin/.cargo/registry/src/mirrors.tuna.tsinghua.edu.cn-4dc01642fd091eda/reactive_graph-0.2.11/src/computed/async_derived/async_derived.rs:388:40
    |
388 |                 MappedMut::new(inner, |v| v.deref(), |v| v.deref_mut())
    |                                        ^  - type must be known at this point
    |
help: consider giving this closure parameter an explicit type, where the placeholders `_` are specified
    |
388 |                 MappedMut::new(inner, |v: &_| v.deref(), |v| v.deref_mut())
    |                                         ++++

error[E0282]: type annotations needed for `&mut _`
   --> /home/adwin/.cargo/registry/src/mirrors.tuna.tsinghua.edu.cn-4dc01642fd091eda/reactive_graph-0.2.11/src/computed/async_derived/async_derived.rs:388:55
    |
388 |                 MappedMut::new(inner, |v| v.deref(), |v| v.deref_mut())
    |                                                       ^  - type must be known at this point
    |
help: consider giving this closure parameter an explicit type, where the placeholders `_` are specified
    |
388 |                 MappedMut::new(inner, |v| v.deref(), |v: &mut _| v.deref_mut())
    |                                                        ++++++++

    Checking anstyle v1.0.13
    Checking adler2 v2.0.1
    Checking base64 v0.22.1
    Checking bitflags v2.10.0
    Checking is_terminal_polyfill v1.70.2
   Compiling color-spantrace v0.3.0
    Checking anstream v0.6.21
    Checking miniz_oxide v0.8.9
    Checking regex v1.12.2
   Compiling wasm_split_macros v0.2.0
    Checking hashbrown v0.15.5
error[E0282]: type annotations needed for `&_`
   --> /home/adwin/.cargo/registry/src/mirrors.tuna.tsinghua.edu.cn-4dc01642fd091eda/reactive_graph-0.2.11/src/computed/async_derived/arc_async_derived.rs:648:59
    |
648 |             ReadGuard::new(Mapped::new_with_guard(plain, |v| v.deref()))
    |                                                           ^  - type must be known at this point
    |
help: consider giving this closure parameter an explicit type, where the placeholders `_` are specified
    |
648 |             ReadGuard::new(Mapped::new_with_guard(plain, |v: &_| v.deref()))
    |                                                            ++++

    Checking typed-builder v0.21.2
    Checking config v0.15.19
    Checking tracing-error v0.2.1
   Compiling leptos_hot_reload v0.8.5
    Checking wordle_core v0.1.0 (/tmp/nix-shell.uUVugk/CodingTil_wordle-rs_zobnfo8k/wordle_core)
   Compiling uuid v1.18.1
    Checking signal-hook-mio v0.2.5
   Compiling attribute-derive v0.10.5
For more information about this error, try `rustc --explain E0282`.
error: could not compile `reactive_graph` (lib) due to 9 previous errors
warning: build failed, waiting for other jobs to finish...
