Running as unit: run-p1708080-i14288188.scope; invocation ID: 389a704727fc4effbc2f12892f4c6612
   Compiling proc-macro2 v1.0.101
   Compiling unicode-ident v1.0.19
   Compiling libc v0.2.175
    Checking cfg-if v1.0.3
   Compiling autocfg v1.5.0
    Checking pin-project-lite v0.2.16
    Checking futures-core v0.3.31
    Checking log v0.4.28
   Compiling find-msvc-tools v0.1.1
   Compiling shlex v1.3.0
    Checking smallvec v1.15.1
    Checking memchr v2.7.5
    Checking once_cell v1.21.3
   Compiling version_check v0.9.5
   Compiling lock_api v0.4.13
   Compiling quote v1.0.40
    Checking scopeguard v1.2.0
    Checking bytes v1.10.1
   Compiling syn v2.0.106
   Compiling parking_lot_core v0.9.11
    Checking itoa v1.0.15
   Compiling jobserver v0.1.34
   Compiling typenum v1.18.0
   Compiling generic-array v0.14.7
   Compiling cc v1.2.37
    Checking slab v0.4.11
   Compiling serde v1.0.219
    Checking futures-sink v0.3.31
   Compiling num-traits v0.2.19
    Checking subtle v2.6.1
   Compiling crossbeam-utils v0.8.21
    Checking getrandom v0.2.16
    Checking rand_core v0.6.4
    Checking mio v1.0.4
    Checking parking_lot v0.12.4
    Checking socket2 v0.6.0
    Checking signal-hook-registry v1.4.6
    Checking pin-utils v0.1.0
    Checking zeroize v1.8.1
    Checking futures-task v0.3.31
   Compiling zerocopy v0.8.27
    Checking tracing-core v0.1.34
    Checking fnv v1.0.7
    Checking percent-encoding v2.3.2
   Compiling time-core v0.1.6
    Checking powerfmt v0.2.0
    Checking stable_deref_trait v1.2.0
   Compiling num-conv v0.1.0
    Checking deranged v0.5.3
   Compiling time-macros v0.2.24
    Checking crypto-common v0.1.6
    Checking ryu v1.0.20
    Checking bitflags v2.9.4
    Checking block-buffer v0.10.4
    Checking hashbrown v0.15.5
    Checking minimal-lexical v0.2.1
    Checking equivalent v1.0.2
   Compiling pkg-config v0.3.32
   Compiling serde_json v1.0.143
    Checking indexmap v2.11.1
    Checking nom v7.1.3
    Checking digest v0.10.7
    Checking time v0.3.43
    Checking ppv-lite86 v0.2.21
    Checking block-padding v0.3.3
    Checking cpufeatures v0.2.17
    Checking inout v0.1.4
    Checking rustls-pki-types v1.12.0
    Checking futures-channel v0.3.31
    Checking cipher v0.4.4
   Compiling ring v0.17.14
   Compiling thiserror v1.0.69
    Checking parking v2.2.1
    Checking base64ct v1.8.0
   Compiling getrandom v0.3.3
   Compiling cmake v0.1.54
   Compiling indexmap v1.9.3
   Compiling fs_extra v1.3.0
    Checking writeable v0.6.1
    Checking litemap v0.8.0
    Checking futures-io v0.3.31
   Compiling syn v1.0.109
   Compiling httparse v1.10.1
   Compiling thiserror v2.0.16
   Compiling dunce v1.0.5
   Compiling aws-lc-sys v0.31.0
    Checking concurrent-queue v2.5.0
    Checking rusticata-macros v4.1.0
    Checking num-integer v0.1.46
   Compiling synstructure v0.13.2
   Compiling icu_properties_data v2.0.1
   Compiling icu_normalizer_data v2.0.0
    Checking tower-service v0.3.3
    Checking hashbrown v0.12.3
    Checking num-bigint v0.4.6
    Checking pem-rfc7468 v0.7.0
    Checking http v0.2.12
    Checking const-oid v0.9.6
   Compiling serde_derive v1.0.219
   Compiling tokio-macros v2.5.0
   Compiling displaydoc v0.2.5
    Checking tokio v1.47.1
   Compiling futures-macro v0.3.31
   Compiling tracing-attributes v0.1.30
    Checking futures-util v0.3.31
    Checking tracing v0.1.41
   Compiling zerofrom-derive v0.1.6
    Checking zerofrom v0.1.6
   Compiling yoke-derive v0.8.0
   Compiling async-trait v0.1.89
   Compiling zerovec-derive v0.11.1
    Checking tokio-util v0.7.16
   Compiling thiserror-impl v1.0.69
   Compiling thiserror-impl v2.0.16
    Checking yoke v0.8.0
   Compiling der_derive v0.7.3
    Checking zerovec v0.11.4
    Checking zerotrie v0.2.2
    Checking bitflags v1.3.2
    Checking untrusted v0.9.0
    Checking flagset v0.4.7
    Checking der v0.7.10
    Checking tinystr v0.8.1
    Checking potential_utf v0.1.3
    Checking icu_collections v2.0.0
    Checking icu_locale_core v2.0.0
    Checking rand_chacha v0.3.1
    Checking aho-corasick v1.1.3
    Checking openssl-probe v0.1.6
   Compiling aws-lc-rs v1.14.0
    Checking icu_provider v2.0.0
    Checking regex-syntax v0.8.6
    Checking atomic-waker v1.1.2
   Compiling rustversion v1.0.22
    Checking try-lock v0.2.5
    Checking want v0.3.1
    Checking icu_properties v2.0.1
    Checking icu_normalizer v2.0.0
    Checking spki v0.7.3
    Checking rand v0.8.5
   Compiling asn1-rs-impl v0.2.0
   Compiling asn1-rs-derive v0.6.0
    Checking rand_core v0.9.3
   Compiling vcpkg v0.2.15
    Checking lazy_static v1.5.0
   Compiling unicode-xid v0.2.6
    Checking fastrand v2.3.0
    Checking idna_adapter v1.2.1
    Checking asn1-rs v0.7.1
    Checking rand_chacha v0.9.0
    Checking regex-automata v0.4.10
    Checking event-listener v5.4.1
   Compiling openssl-sys v0.9.109
    Checking hmac v0.12.1
    Checking form_urlencoded v1.2.2
   Compiling rustix v1.1.2
    Checking utf8_iter v1.0.4
    Checking tower-layer v0.3.3
   Compiling oid-registry v0.8.1
    Checking idna v1.1.0
    Checking pbkdf2 v0.12.2
    Checking event-listener-strategy v0.5.4
    Checking rand v0.9.2
    Checking x509-cert v0.2.5
    Checking h2 v0.3.27
    Checking aes v0.8.4
    Checking salsa20 v0.10.2
    Checking sha1 v0.10.6
    Checking sha2 v0.10.9
    Checking crossbeam-channel v0.5.15
    Checking http v1.3.1
    Checking socket2 v0.5.10
    Checking regex v1.11.2
    Checking urlencoding v2.1.3
    Checking mime v0.3.17
    Checking linux-raw-sys v0.11.0
   Compiling rustls v0.23.31
    Checking data-encoding v2.9.0
    Checking httpdate v1.0.3
    Checking opentelemetry_api v0.20.0
    Checking scrypt v0.11.0
    Checking cms v0.2.3
    Checking der-parser v10.0.0
    Checking url v2.5.7
    Checking futures-lite v2.6.1
    Checking futures-executor v0.3.31
    Checking http-body v0.4.6
    Checking cbc v0.1.2
    Checking rustls-pemfile v2.2.0
   Compiling zstd-sys v2.0.16+zstd.1.5.7
    Checking ordered-float v3.9.2
   Compiling anyhow v1.0.99
   Compiling io-lifetimes v1.0.11
    Checking opentelemetry_sdk v0.20.0
    Checking rustls-native-certs v0.7.3
    Checking pkcs5 v0.7.1
    Checking x509-parser v0.17.0
    Checking pkcs12 v0.1.0
    Checking http-body v1.0.1
   Compiling axum-core v0.3.4
   Compiling pin-project-internal v1.1.10
    Checking des v0.8.1
    Checking rc2 v0.8.1
   Compiling polling v2.8.0
    Checking hex v0.4.3
   Compiling either v1.15.0
   Compiling rustix v0.37.28
   Compiling openssl v0.10.73
    Checking async-task v4.7.1
    Checking cookie-factory v0.3.3
    Checking foreign-types-shared v0.1.1
    Checking pin-project v1.1.10
    Checking foreign-types v0.3.2
   Compiling itertools v0.10.5
    Checking p12-keystore v0.1.5
    Checking polling v3.10.0
    Checking amq-protocol-types v7.2.3
    Checking hyper v0.14.32
    Checking async-lock v3.4.1
    Checking async-channel v2.5.0
   Compiling axum v0.6.20
    Checking piper v0.2.4
   Compiling synstructure v0.12.6
    Checking tokio-stream v0.1.17
   Compiling openssl-macros v0.1.1
   Compiling async-io v1.13.0
   Compiling zstd-safe v7.2.4
    Checking waker-fn v1.2.0
    Checking local-waker v0.1.4
    Checking alloc-no-stdlib v2.0.4
    Checking event-listener v2.5.3
    Checking fastrand v1.9.0
    Checking linux-raw-sys v0.3.8
    Checking base64 v0.22.1
   Compiling native-tls v0.2.14
   Compiling doc-comment v0.3.3
   Compiling crc32fast v1.5.0
    Checking futures-lite v1.13.0
    Checking async-lock v2.8.0
    Checking alloc-stdlib v0.2.2
   Compiling asn1-rs-derive v0.4.0
    Checking blocking v1.6.2
   Compiling prost-derive v0.11.9
    Checking async-io v2.5.0
    Checking amq-protocol-uri v7.2.3
    Checking tower v0.4.13
    Checking async-executor v1.13.3
    Checking h2 v0.4.12
    Checking reactor-trait v1.1.0
    Checking executor-trait v2.1.2
    Checking tokio-io-timeout v1.2.1
   Compiling asn1-rs-impl v0.1.0
    Checking socket2 v0.4.10
    Checking spin v0.9.8
    Checking matchit v0.7.3
   Compiling amq-protocol v7.2.3
    Checking sync_wrapper v0.1.2
    Checking adler2 v2.0.1
    Checking base64 v0.21.7
   Compiling protobuf v2.28.0
   Compiling cfg_aliases v0.2.1
   Compiling nix v0.30.1
    Checking miniz_oxide v0.8.9
   Compiling bytestring v1.4.0
    Checking flume v0.11.1
    Checking asn1-rs v0.5.2
    Checking hyper-timeout v0.4.1
    Checking async-global-executor v3.1.0
    Checking prost v0.11.9
    Checking brotli-decompressor v5.0.0
    Checking hyper v1.7.0
    Checking actix-utils v3.0.1
    Checking opentelemetry v0.20.0
   Compiling derive_more-impl v2.0.1
    Checking actix-rt v2.11.0
    Checking universal-hash v0.5.1
   Compiling ring v0.16.20
    Checking num_cpus v1.17.0
   Compiling cookie v0.16.2
    Checking actix-service v2.0.3
    Checking sync_wrapper v1.0.2
    Checking encoding_rs v0.8.35
    Checking ipnet v2.11.0
   Compiling lapin v2.5.4
   Compiling rustls v0.22.4
   Compiling prometheus v0.13.4
    Checking opaque-debug v0.3.1
   Compiling oid-registry v0.6.1
   Compiling regex-lite v0.1.7
    Checking derive_more v2.0.1
    Checking polyval v0.6.2
    Checking hyper-util v0.1.16
    Checking tower v0.5.2
    Checking threadpool v1.8.1
   Compiling actix-router v0.5.3
    Checking opentelemetry-semantic-conventions v0.12.0
    Checking flate2 v1.1.2
    Checking pinky-swear v6.2.1
    Checking brotli v8.0.2
    Checking tokio-native-tls v0.3.1
    Checking async-global-executor-trait v2.2.0
    Checking tonic v0.9.2
    Checking async-reactor-trait v1.1.0
    Checking zstd v0.13.3
    Checking local-channel v0.1.5
    Checking http-body-util v0.1.3
    Checking serde_urlencoded v0.7.1
    Checking rustls-webpki v0.102.8
    Checking serde_spanned v0.6.9
    Checking toml_datetime v0.6.11
    Checking actix-codec v0.5.2
    Checking ordered-float v2.10.1
    Checking inotify-sys v0.1.5
    Checking option-ext v0.2.0
    Checking language-tags v0.3.2
    Checking iana-time-zone v0.1.64
    Checking byteorder v1.5.0
    Checking untrusted v0.7.1
    Checking iri-string v0.7.8
    Checking spin v0.5.2
    Checking termcolor v1.1.3
    Checking toml_write v0.1.2
    Checking foldhash v0.1.5
    Checking integer-encoding v3.0.4
    Checking same-file v1.0.6
    Checking winnow v0.7.13
    Checking os_str_bytes v6.6.1
    Checking base64 v0.13.1
    Checking pem v1.1.1
    Checking clap_lex v0.2.4
    Checking walkdir v2.5.0
    Checking thrift v0.17.0
    Checking actix-http v3.11.1
    Checking chrono v0.4.42
    Checking tower-http v0.6.6
    Checking dirs-sys v0.4.1
    Checking inotify v0.9.6
    Checking opentelemetry-proto v0.3.0
    Checking hyper-tls v0.6.0
   Compiling actix-web-codegen v4.3.0
    Checking toml_edit v0.22.27
    Checking ghash v0.5.1
    Checking actix-server v2.6.0
    Checking der-parser v8.2.0
    Checking tokio-executor-trait v2.4.0
    Checking tokio-reactor-trait v1.1.0
    Checking simple_asn1 v0.6.3
   Compiling actix-macros v0.2.4
    Checking password-hash v0.5.0
    Checking ctr v0.9.2
    Checking webpki-roots v1.0.2
    Checking blake2 v0.10.6
    Checking aead v0.5.2
    Checking atty v0.2.14
    Checking mio v0.8.11
    Checking rtoolbox v0.0.3
    Checking filetime v0.2.26
    Checking unsafe-libyaml v0.2.11
    Checking textwrap v0.16.2
    Checking impl-more v0.1.9
    Checking hashbrown v0.14.5
    Checking strsim v0.10.0
    Checking match_cfg v0.1.0
    Checking hostname v0.3.1
    Checking notify v6.1.1
    Checking clap v3.2.25
    Checking actix-web v4.11.0
    Checking serde_yaml v0.9.34+deprecated
    Checking dashmap v6.1.0
    Checking toml v0.8.23
    Checking rpassword v7.4.0
    Checking argon2 v0.5.3
    Checking aes-gcm v0.10.3
    Checking x509-parser v0.15.1
    Checking webpki-roots v0.26.11
    Checking tokio-rustls v0.25.0
    Checking jsonwebtoken v8.3.0
    Checking ctrlc v3.5.0
    Checking opentelemetry-otlp v0.13.0
    Checking reqwest v0.12.23
    Checking simplelog v0.9.0
    Checking opentelemetry-prometheus v0.13.0
    Checking dirs v5.0.1
    Checking opentelemetry-jaeger v0.19.0
    Checking tempfile v3.22.0
    Checking uuid v1.18.1
    Checking bincode v1.3.3
    Checking serde_bytes v0.11.17
    Checking glob v0.3.3
    Checking md5 v0.7.0
    Checking rustls-webpki v0.103.5
    Checking rustls-connector v0.20.2
    Checking tcp-stream v0.28.0
    Checking amq-protocol-tcp v7.2.3
error[E0275]: overflow evaluating the requirement `Box<Pinky<std::result::Result<channel::Channel, error::Error>>>: CoerceUnsized<Box<dyn Cancellable<...> + Send>>`
    --> /home/adwin/.cargo/registry/src/mirrors.tuna.tsinghua.edu.cn-4dc01642fd091eda/lapin-2.5.4/src/generated.rs:1250:17
     |
1250 |                 Box::new(resolver),
     |                 ^^^^^^^^^^^^^^^^^^
     |
     = help: consider increasing the recursion limit by adding a `#![recursion_limit = "256"]` attribute to your crate (`lapin`)
     = note: required for the cast from `Box<Pinky<std::result::Result<channel::Channel, error::Error>>>` to `Box<(dyn Cancellable<error::Error> + Send + 'static)>`

error[E0275]: overflow evaluating the requirement `PinkySwear<std::result::Result<channel::Channel, error::Error>>: IntoFuture`
    --> /home/adwin/.cargo/registry/src/mirrors.tuna.tsinghua.edu.cn-4dc01642fd091eda/lapin-2.5.4/src/generated.rs:1254:17
     |
1254 |         promise.await
     |                 ^^^^^
     |
     = help: consider increasing the recursion limit by adding a `#![recursion_limit = "256"]` attribute to your crate (`lapin`)

error[E0275]: overflow evaluating the requirement `<PinkySwear<std::result::Result<channel::Channel, error::Error>> as IntoFuture>::IntoFuture == _`
    --> /home/adwin/.cargo/registry/src/mirrors.tuna.tsinghua.edu.cn-4dc01642fd091eda/lapin-2.5.4/src/generated.rs:1254:17
     |
1254 |         promise.await
     |                 ^^^^^
     |
     = help: consider increasing the recursion limit by adding a `#![recursion_limit = "256"]` attribute to your crate (`lapin`)

error[E0275]: overflow evaluating the requirement `<PinkySwear<std::result::Result<channel::Channel, error::Error>> as IntoFuture>::IntoFuture <: _`
    --> /home/adwin/.cargo/registry/src/mirrors.tuna.tsinghua.edu.cn-4dc01642fd091eda/lapin-2.5.4/src/generated.rs:1254:17
     |
1254 |         promise.await
     |                 ^^^^^
     |
     = help: consider increasing the recursion limit by adding a `#![recursion_limit = "256"]` attribute to your crate (`lapin`)

error[E0275]: overflow evaluating the requirement `<PinkySwear<std::result::Result<channel::Channel, error::Error>> as IntoFuture>::IntoFuture well-formed`
    --> /home/adwin/.cargo/registry/src/mirrors.tuna.tsinghua.edu.cn-4dc01642fd091eda/lapin-2.5.4/src/generated.rs:1254:17
     |
1254 |         promise.await
     |                 ^^^^^
     |
     = help: consider increasing the recursion limit by adding a `#![recursion_limit = "256"]` attribute to your crate (`lapin`)

error[E0275]: overflow evaluating the requirement `Pin<Box<impl Future<Output = ()>>>: CoerceUnsized<Pin<Box<dyn Future<Output = ()> + Send>>>`
   --> /home/adwin/.cargo/registry/src/mirrors.tuna.tsinghua.edu.cn-4dc01642fd091eda/lapin-2.5.4/src/connection.rs:405:24
    |
405 |         executor.spawn(Box::pin(internal_rpc.run(channels.clone())));
    |                        ^^^^^^^^^^^^^^^^^^^^^^^^^^^^^^^^^^^^^^^^^^^^
    |
    = help: consider increasing the recursion limit by adding a `#![recursion_limit = "256"]` attribute to your crate (`lapin`)
    = note: required for the cast from `Pin<Box<impl Future<Output = ()>>>` to `Pin<Box<(dyn Future<Output = ()> + Send + 'static)>>`

error[E0275]: overflow evaluating the requirement `{closure@/home/adwin/.cargo/registry/src/mirrors.tuna.tsinghua.edu.cn-4dc01642fd091eda/lapin-2.5.4/src/io_loop.rs:166:24: 166:31}: Send`
   --> /home/adwin/.cargo/registry/src/mirrors.tuna.tsinghua.edu.cn-4dc01642fd091eda/lapin-2.5.4/src/io_loop.rs:166:18
    |
166 |                 .spawn(move || {
    |                  ^^^^^
    |
    = help: consider increasing the recursion limit by adding a `#![recursion_limit = "256"]` attribute to your crate (`lapin`)
note: required by a bound in `Builder::spawn`
   --> /home/adwin/.rustup/toolchains/nightly-x86_64-unknown-linux-gnu/lib/rustlib/src/rust/library/std/src/thread/builder.rs:188:12
    |
185 |     pub fn spawn<F, T>(self, f: F) -> io::Result<JoinHandle<T>>
    |            ----- required by a bound in this associated function
...
188 |         F: Send + 'static,
    |            ^^^^ required by this bound in `Builder::spawn`

error[E0275]: overflow evaluating the requirement `Pin<Box<{async block@/home/adwin/.cargo/registry/src/mirrors.tuna.tsinghua.edu.cn-4dc01642fd091eda/lapin-2.5.4/src/heartbeat.rs:50:38: 50:48}>>: CoerceUnsized<Pin<Box<dyn Future<Output = ()> + Send>>>`
  --> /home/adwin/.cargo/registry/src/mirrors.tuna.tsinghua.edu.cn-4dc01642fd091eda/lapin-2.5.4/src/heartbeat.rs:50:29
   |
50 |           self.executor.spawn(Box::pin(async move {
   |  _____________________________^
51 | |             while let Some(dur) = heartbeat.poll_timeout() {
52 | |                 heartbeat.reactor.sleep(dur).await;
53 | |             }
54 | |         }));
   | |__________^
   |
   = help: consider increasing the recursion limit by adding a `#![recursion_limit = "256"]` attribute to your crate (`lapin`)
   = note: required for the cast from `Pin<Box<...>>` to `Pin<Box<dyn Future<Output = ()> + Send>>`
   = note: the full name for the type has been written to '/tmp/nix-shell.uUVugk/core-dragonby7k_pilgrimage_314cty1y/target/debug/deps/lapin-2f79bfc198eac59a.long-type-18359975541930854949.txt'
   = note: consider using `--verbose` to print the full type name to the console

error[E0275]: overflow evaluating the requirement `{async block@/home/adwin/.cargo/registry/src/mirrors.tuna.tsinghua.edu.cn-4dc01642fd091eda/lapin-2.5.4/src/channel.rs:525:52: 525:62}: Send`
   --> /home/adwin/.cargo/registry/src/mirrors.tuna.tsinghua.edu.cn-4dc01642fd091eda/lapin-2.5.4/src/channel.rs:525:27
    |
525 |         self.internal_rpc.register_internal_future(async move {
    |                           ^^^^^^^^^^^^^^^^^^^^^^^^
    |
    = help: consider increasing the recursion limit by adding a `#![recursion_limit = "256"]` attribute to your crate (`lapin`)
note: required by a bound in `InternalRPCHandle::register_internal_future`
   --> /home/adwin/.cargo/registry/src/mirrors.tuna.tsinghua.edu.cn-4dc01642fd091eda/lapin-2.5.4/src/internal_rpc.rs:150:47
    |
148 |     pub(crate) fn register_internal_future(
    |                   ------------------------ required by a bound in this associated function
149 |         &self,
150 |         f: impl Future<Output = Result<()>> + Send + 'static,
    |                                               ^^^^ required by this bound in `InternalRPCHandle::register_internal_future`

error[E0275]: overflow evaluating the requirement `{async block@/home/adwin/.cargo/registry/src/mirrors.tuna.tsinghua.edu.cn-4dc01642fd091eda/lapin-2.5.4/src/channel.rs:704:56: 704:66}: Send`
   --> /home/adwin/.cargo/registry/src/mirrors.tuna.tsinghua.edu.cn-4dc01642fd091eda/lapin-2.5.4/src/channel.rs:704:31
    |
704 |             self.internal_rpc.register_internal_future(async move {
    |                               ^^^^^^^^^^^^^^^^^^^^^^^^
    |
    = help: consider increasing the recursion limit by adding a `#![recursion_limit = "256"]` attribute to your crate (`lapin`)
note: required by a bound in `InternalRPCHandle::register_internal_future`
   --> /home/adwin/.cargo/registry/src/mirrors.tuna.tsinghua.edu.cn-4dc01642fd091eda/lapin-2.5.4/src/internal_rpc.rs:150:47
    |
148 |     pub(crate) fn register_internal_future(
    |                   ------------------------ required by a bound in this associated function
149 |         &self,
150 |         f: impl Future<Output = Result<()>> + Send + 'static,
    |                                               ^^^^ required by this bound in `InternalRPCHandle::register_internal_future`

error[E0275]: overflow evaluating the requirement `{async block@/home/adwin/.cargo/registry/src/mirrors.tuna.tsinghua.edu.cn-4dc01642fd091eda/lapin-2.5.4/src/channel.rs:735:56: 735:66}: Send`
   --> /home/adwin/.cargo/registry/src/mirrors.tuna.tsinghua.edu.cn-4dc01642fd091eda/lapin-2.5.4/src/channel.rs:735:31
    |
735 |             self.internal_rpc.register_internal_future(async move {
    |                               ^^^^^^^^^^^^^^^^^^^^^^^^
    |
    = help: consider increasing the recursion limit by adding a `#![recursion_limit = "256"]` attribute to your crate (`lapin`)
note: required by a bound in `InternalRPCHandle::register_internal_future`
   --> /home/adwin/.cargo/registry/src/mirrors.tuna.tsinghua.edu.cn-4dc01642fd091eda/lapin-2.5.4/src/internal_rpc.rs:150:47
    |
148 |     pub(crate) fn register_internal_future(
    |                   ------------------------ required by a bound in this associated function
149 |         &self,
150 |         f: impl Future<Output = Result<()>> + Send + 'static,
    |                                               ^^^^ required by this bound in `InternalRPCHandle::register_internal_future`

error[E0275]: overflow evaluating the requirement `{async block@/home/adwin/.cargo/registry/src/mirrors.tuna.tsinghua.edu.cn-4dc01642fd091eda/lapin-2.5.4/src/channel.rs:768:56: 768:66}: Send`
   --> /home/adwin/.cargo/registry/src/mirrors.tuna.tsinghua.edu.cn-4dc01642fd091eda/lapin-2.5.4/src/channel.rs:768:31
    |
768 |             self.internal_rpc.register_internal_future(async move {
    |                               ^^^^^^^^^^^^^^^^^^^^^^^^
    |
    = help: consider increasing the recursion limit by adding a `#![recursion_limit = "256"]` attribute to your crate (`lapin`)
note: required by a bound in `InternalRPCHandle::register_internal_future`
   --> /home/adwin/.cargo/registry/src/mirrors.tuna.tsinghua.edu.cn-4dc01642fd091eda/lapin-2.5.4/src/internal_rpc.rs:150:47
    |
148 |     pub(crate) fn register_internal_future(
    |                   ------------------------ required by a bound in this associated function
149 |         &self,
150 |         f: impl Future<Output = Result<()>> + Send + 'static,
    |                                               ^^^^ required by this bound in `InternalRPCHandle::register_internal_future`

error[E0275]: overflow evaluating the requirement `{async block@/home/adwin/.cargo/registry/src/mirrors.tuna.tsinghua.edu.cn-4dc01642fd091eda/lapin-2.5.4/src/channel.rs:868:52: 868:62}: Send`
   --> /home/adwin/.cargo/registry/src/mirrors.tuna.tsinghua.edu.cn-4dc01642fd091eda/lapin-2.5.4/src/channel.rs:868:27
    |
868 |         self.internal_rpc.register_internal_future(async move {
    |                           ^^^^^^^^^^^^^^^^^^^^^^^^
    |
    = help: consider increasing the recursion limit by adding a `#![recursion_limit = "256"]` attribute to your crate (`lapin`)
note: required by a bound in `InternalRPCHandle::register_internal_future`
   --> /home/adwin/.cargo/registry/src/mirrors.tuna.tsinghua.edu.cn-4dc01642fd091eda/lapin-2.5.4/src/internal_rpc.rs:150:47
    |
148 |     pub(crate) fn register_internal_future(
    |                   ------------------------ required by a bound in this associated function
149 |         &self,
150 |         f: impl Future<Output = Result<()>> + Send + 'static,
    |                                               ^^^^ required by this bound in `InternalRPCHandle::register_internal_future`

error[E0275]: overflow evaluating the requirement `{async block@/home/adwin/.cargo/registry/src/mirrors.tuna.tsinghua.edu.cn-4dc01642fd091eda/lapin-2.5.4/src/channel.rs:900:39: 900:49}: Send`
   --> /home/adwin/.cargo/registry/src/mirrors.tuna.tsinghua.edu.cn-4dc01642fd091eda/lapin-2.5.4/src/channel.rs:900:14
    |
900 |             .register_internal_future(async move { channel.channel_close_ok(error).await });
    |              ^^^^^^^^^^^^^^^^^^^^^^^^
    |
    = help: consider increasing the recursion limit by adding a `#![recursion_limit = "256"]` attribute to your crate (`lapin`)
note: required by a bound in `InternalRPCHandle::register_internal_future`
   --> /home/adwin/.cargo/registry/src/mirrors.tuna.tsinghua.edu.cn-4dc01642fd091eda/lapin-2.5.4/src/internal_rpc.rs:150:47
    |
148 |     pub(crate) fn register_internal_future(
    |                   ------------------------ required by a bound in this associated function
149 |         &self,
150 |         f: impl Future<Output = Result<()>> + Send + 'static,
    |                                               ^^^^ required by this bound in `InternalRPCHandle::register_internal_future`

error[E0275]: overflow evaluating the requirement `{async block@/home/adwin/.cargo/registry/src/mirrors.tuna.tsinghua.edu.cn-4dc01642fd091eda/lapin-2.5.4/src/channel.rs:1130:56: 1130:66}: Send`
    --> /home/adwin/.cargo/registry/src/mirrors.tuna.tsinghua.edu.cn-4dc01642fd091eda/lapin-2.5.4/src/channel.rs:1130:31
     |
1130 |             self.internal_rpc.register_internal_future(async move {
     |                               ^^^^^^^^^^^^^^^^^^^^^^^^
     |
     = help: consider increasing the recursion limit by adding a `#![recursion_limit = "256"]` attribute to your crate (`lapin`)
note: required by a bound in `InternalRPCHandle::register_internal_future`
    --> /home/adwin/.cargo/registry/src/mirrors.tuna.tsinghua.edu.cn-4dc01642fd091eda/lapin-2.5.4/src/internal_rpc.rs:150:47
     |
 148 |     pub(crate) fn register_internal_future(
     |                   ------------------------ required by a bound in this associated function
 149 |         &self,
 150 |         f: impl Future<Output = Result<()>> + Send + 'static,
     |                                               ^^^^ required by this bound in `InternalRPCHandle::register_internal_future`

error[E0275]: overflow evaluating the requirement `{async block@/home/adwin/.cargo/registry/src/mirrors.tuna.tsinghua.edu.cn-4dc01642fd091eda/lapin-2.5.4/src/channels.rs:211:68: 211:78}: Send`
   --> /home/adwin/.cargo/registry/src/mirrors.tuna.tsinghua.edu.cn-4dc01642fd091eda/lapin-2.5.4/src/channels.rs:211:43
    |
211 |                         self.internal_rpc.register_internal_future(async move {
    |                                           ^^^^^^^^^^^^^^^^^^^^^^^^
    |
    = help: consider increasing the recursion limit by adding a `#![recursion_limit = "256"]` attribute to your crate (`lapin`)
note: required by a bound in `InternalRPCHandle::register_internal_future`
   --> /home/adwin/.cargo/registry/src/mirrors.tuna.tsinghua.edu.cn-4dc01642fd091eda/lapin-2.5.4/src/internal_rpc.rs:150:47
    |
148 |     pub(crate) fn register_internal_future(
    |                   ------------------------ required by a bound in this associated function
149 |         &self,
150 |         f: impl Future<Output = Result<()>> + Send + 'static,
    |                                               ^^^^ required by this bound in `InternalRPCHandle::register_internal_future`

error[E0275]: overflow evaluating the requirement `{async block@/home/adwin/.cargo/registry/src/mirrors.tuna.tsinghua.edu.cn-4dc01642fd091eda/lapin-2.5.4/src/channels.rs:234:68: 234:78}: Send`
   --> /home/adwin/.cargo/registry/src/mirrors.tuna.tsinghua.edu.cn-4dc01642fd091eda/lapin-2.5.4/src/channels.rs:234:43
    |
234 |                         self.internal_rpc.register_internal_future(async move {
    |                                           ^^^^^^^^^^^^^^^^^^^^^^^^
    |
    = help: consider increasing the recursion limit by adding a `#![recursion_limit = "256"]` attribute to your crate (`lapin`)
note: required by a bound in `InternalRPCHandle::register_internal_future`
   --> /home/adwin/.cargo/registry/src/mirrors.tuna.tsinghua.edu.cn-4dc01642fd091eda/lapin-2.5.4/src/internal_rpc.rs:150:47
    |
148 |     pub(crate) fn register_internal_future(
    |                   ------------------------ required by a bound in this associated function
149 |         &self,
150 |         f: impl Future<Output = Result<()>> + Send + 'static,
    |                                               ^^^^ required by this bound in `InternalRPCHandle::register_internal_future`

error[E0275]: overflow evaluating the requirement `{async block@/home/adwin/.cargo/registry/src/mirrors.tuna.tsinghua.edu.cn-4dc01642fd091eda/lapin-2.5.4/src/internal_rpc.rs:241:25: 241:35}: Send`
   --> /home/adwin/.cargo/registry/src/mirrors.tuna.tsinghua.edu.cn-4dc01642fd091eda/lapin-2.5.4/src/internal_rpc.rs:240:33
    |
240 |                     self.handle.register_internal_future_with_resolver(
    |                                 ^^^^^^^^^^^^^^^^^^^^^^^^^^^^^^^^^^^^^^
    |
    = help: consider increasing the recursion limit by adding a `#![recursion_limit = "256"]` attribute to your crate (`lapin`)
note: required by a bound in `InternalRPCHandle::register_internal_future_with_resolver`
   --> /home/adwin/.cargo/registry/src/mirrors.tuna.tsinghua.edu.cn-4dc01642fd091eda/lapin-2.5.4/src/internal_rpc.rs:162:47
    |
160 |     fn register_internal_future_with_resolver(
    |        -------------------------------------- required by a bound in this associated function
161 |         &self,
162 |         f: impl Future<Output = Result<()>> + Send + 'static,
    |                                               ^^^^ required by this bound in `InternalRPCHandle::register_internal_future_with_resolver`

error[E0275]: overflow evaluating the requirement `{async block@/home/adwin/.cargo/registry/src/mirrors.tuna.tsinghua.edu.cn-4dc01642fd091eda/lapin-2.5.4/src/internal_rpc.rs:253:25: 253:35}: Send`
   --> /home/adwin/.cargo/registry/src/mirrors.tuna.tsinghua.edu.cn-4dc01642fd091eda/lapin-2.5.4/src/internal_rpc.rs:252:33
    |
252 |                     self.handle.register_internal_future_with_resolver(
    |                                 ^^^^^^^^^^^^^^^^^^^^^^^^^^^^^^^^^^^^^^
    |
    = help: consider increasing the recursion limit by adding a `#![recursion_limit = "256"]` attribute to your crate (`lapin`)
note: required by a bound in `InternalRPCHandle::register_internal_future_with_resolver`
   --> /home/adwin/.cargo/registry/src/mirrors.tuna.tsinghua.edu.cn-4dc01642fd091eda/lapin-2.5.4/src/internal_rpc.rs:162:47
    |
160 |     fn register_internal_future_with_resolver(
    |        -------------------------------------- required by a bound in this associated function
161 |         &self,
162 |         f: impl Future<Output = Result<()>> + Send + 'static,
    |                                               ^^^^ required by this bound in `InternalRPCHandle::register_internal_future_with_resolver`

error[E0275]: overflow evaluating the requirement `{async block@/home/adwin/.cargo/registry/src/mirrors.tuna.tsinghua.edu.cn-4dc01642fd091eda/lapin-2.5.4/src/internal_rpc.rs:265:25: 265:35}: Send`
   --> /home/adwin/.cargo/registry/src/mirrors.tuna.tsinghua.edu.cn-4dc01642fd091eda/lapin-2.5.4/src/internal_rpc.rs:264:33
    |
264 |                     self.handle.register_internal_future_with_resolver(
    |                                 ^^^^^^^^^^^^^^^^^^^^^^^^^^^^^^^^^^^^^^
    |
    = help: consider increasing the recursion limit by adding a `#![recursion_limit = "256"]` attribute to your crate (`lapin`)
note: required by a bound in `InternalRPCHandle::register_internal_future_with_resolver`
   --> /home/adwin/.cargo/registry/src/mirrors.tuna.tsinghua.edu.cn-4dc01642fd091eda/lapin-2.5.4/src/internal_rpc.rs:162:47
    |
160 |     fn register_internal_future_with_resolver(
    |        -------------------------------------- required by a bound in this associated function
161 |         &self,
162 |         f: impl Future<Output = Result<()>> + Send + 'static,
    |                                               ^^^^ required by this bound in `InternalRPCHandle::register_internal_future_with_resolver`

error[E0275]: overflow evaluating the requirement `{async block@/home/adwin/.cargo/registry/src/mirrors.tuna.tsinghua.edu.cn-4dc01642fd091eda/lapin-2.5.4/src/internal_rpc.rs:276:53: 276:63}: Send`
   --> /home/adwin/.cargo/registry/src/mirrors.tuna.tsinghua.edu.cn-4dc01642fd091eda/lapin-2.5.4/src/internal_rpc.rs:276:28
    |
276 |                     handle.register_internal_future(async move {
    |                            ^^^^^^^^^^^^^^^^^^^^^^^^
    |
    = help: consider increasing the recursion limit by adding a `#![recursion_limit = "256"]` attribute to your crate (`lapin`)
note: required by a bound in `InternalRPCHandle::register_internal_future`
   --> /home/adwin/.cargo/registry/src/mirrors.tuna.tsinghua.edu.cn-4dc01642fd091eda/lapin-2.5.4/src/internal_rpc.rs:150:47
    |
148 |     pub(crate) fn register_internal_future(
    |                   ------------------------ required by a bound in this associated function
149 |         &self,
150 |         f: impl Future<Output = Result<()>> + Send + 'static,
    |                                               ^^^^ required by this bound in `InternalRPCHandle::register_internal_future`

error[E0275]: overflow evaluating the requirement `{async block@/home/adwin/.cargo/registry/src/mirrors.tuna.tsinghua.edu.cn-4dc01642fd091eda/lapin-2.5.4/src/internal_rpc.rs:289:53: 289:63}: Send`
   --> /home/adwin/.cargo/registry/src/mirrors.tuna.tsinghua.edu.cn-4dc01642fd091eda/lapin-2.5.4/src/internal_rpc.rs:289:28
    |
289 |                     handle.register_internal_future(async move {
    |                            ^^^^^^^^^^^^^^^^^^^^^^^^
    |
    = help: consider increasing the recursion limit by adding a `#![recursion_limit = "256"]` attribute to your crate (`lapin`)
note: required by a bound in `InternalRPCHandle::register_internal_future`
   --> /home/adwin/.cargo/registry/src/mirrors.tuna.tsinghua.edu.cn-4dc01642fd091eda/lapin-2.5.4/src/internal_rpc.rs:150:47
    |
148 |     pub(crate) fn register_internal_future(
    |                   ------------------------ required by a bound in this associated function
149 |         &self,
150 |         f: impl Future<Output = Result<()>> + Send + 'static,
    |                                               ^^^^ required by this bound in `InternalRPCHandle::register_internal_future`

error[E0275]: overflow evaluating the requirement `{async block@/home/adwin/.cargo/registry/src/mirrors.tuna.tsinghua.edu.cn-4dc01642fd091eda/lapin-2.5.4/src/internal_rpc.rs:295:53: 295:63}: Send`
   --> /home/adwin/.cargo/registry/src/mirrors.tuna.tsinghua.edu.cn-4dc01642fd091eda/lapin-2.5.4/src/internal_rpc.rs:295:28
    |
295 |                     handle.register_internal_future(async move {
    |                            ^^^^^^^^^^^^^^^^^^^^^^^^
    |
    = help: consider increasing the recursion limit by adding a `#![recursion_limit = "256"]` attribute to your crate (`lapin`)
note: required by a bound in `InternalRPCHandle::register_internal_future`
   --> /home/adwin/.cargo/registry/src/mirrors.tuna.tsinghua.edu.cn-4dc01642fd091eda/lapin-2.5.4/src/internal_rpc.rs:150:47
    |
148 |     pub(crate) fn register_internal_future(
    |                   ------------------------ required by a bound in this associated function
149 |         &self,
150 |         f: impl Future<Output = Result<()>> + Send + 'static,
    |                                               ^^^^ required by this bound in `InternalRPCHandle::register_internal_future`

error[E0275]: overflow evaluating the requirement `{async block@/home/adwin/.cargo/registry/src/mirrors.tuna.tsinghua.edu.cn-4dc01642fd091eda/lapin-2.5.4/src/internal_rpc.rs:303:53: 303:63}: Send`
   --> /home/adwin/.cargo/registry/src/mirrors.tuna.tsinghua.edu.cn-4dc01642fd091eda/lapin-2.5.4/src/internal_rpc.rs:303:28
    |
303 |                     handle.register_internal_future(async move {
    |                            ^^^^^^^^^^^^^^^^^^^^^^^^
    |
    = help: consider increasing the recursion limit by adding a `#![recursion_limit = "256"]` attribute to your crate (`lapin`)
note: required by a bound in `InternalRPCHandle::register_internal_future`
   --> /home/adwin/.cargo/registry/src/mirrors.tuna.tsinghua.edu.cn-4dc01642fd091eda/lapin-2.5.4/src/internal_rpc.rs:150:47
    |
148 |     pub(crate) fn register_internal_future(
    |                   ------------------------ required by a bound in this associated function
149 |         &self,
150 |         f: impl Future<Output = Result<()>> + Send + 'static,
    |                                               ^^^^ required by this bound in `InternalRPCHandle::register_internal_future`

For more information about this error, try `rustc --explain E0275`.
error: could not compile `lapin` (lib) due to 24 previous errors
