Running as unit: run-p268284-i268584.scope; invocation ID: c2916aeec8a843cfb62d96aefcd0a8c1
    Updating `tuna` index
 Downloading crates ...
  Downloaded boa_runtime v0.20.0 (registry `tuna`)
  Downloaded swc_trace_macro v2.0.2 (registry `tuna`)
  Downloaded swc_node_comments v17.0.0 (registry `tuna`)
  Downloaded swc_graph_analyzer v14.0.1 (registry `tuna`)
  Downloaded crc v2.1.0 (registry `tuna`)
  Downloaded swc_ecma_transforms_macros v1.0.1 (registry `tuna`)
  Downloaded swc_ecma_compat_es2019 v30.0.0 (registry `tuna`)
  Downloaded crc-catalog v1.1.1 (registry `tuna`)
  Downloaded precomputed-map v0.2.0 (registry `tuna`)
  Downloaded swc_atoms v8.0.2 (registry `tuna`)
  Downloaded swc_ecma_compat_es2021 v30.0.0 (registry `tuna`)
  Downloaded swc_ecma_compat_es2017 v30.0.0 (registry `tuna`)
  Downloaded preset_env_base v6.0.0 (registry `tuna`)
  Downloaded swc_ecma_transforms_classes v30.0.0 (registry `tuna`)
  Downloaded boa_interop v0.20.0 (registry `tuna`)
  Downloaded swc_ecma_compiler v8.0.0 (registry `tuna`)
  Downloaded swc_ecma_compat_es2022 v31.0.0 (registry `tuna`)
  Downloaded swc_ecma_loader v17.0.0 (registry `tuna`)
  Downloaded swc_ecma_compat_es2016 v30.0.0 (registry `tuna`)
  Downloaded swc_ecma_compat_bugfixes v33.0.0 (registry `tuna`)
  Downloaded swc_ecma_compat_es3 v25.0.0 (registry `tuna`)
  Downloaded swc_compiler_base v39.0.0 (registry `tuna`)
  Downloaded swc_ecma_transforms_typescript v33.0.0 (registry `tuna`)
  Downloaded swc_ecma_transforms_react v33.0.0 (registry `tuna`)
  Downloaded swc_ecma_transforms_proposal v30.0.0 (registry `tuna`)
  Downloaded swc_bundler v35.0.0 (registry `tuna`)
  Downloaded swc v45.0.0 (registry `tuna`)
  Downloaded swc_ecma_compat_es2015 v33.0.0 (registry `tuna`)
  Downloaded jsonc-parser v0.26.3 (registry `tuna`)
  Downloaded swc_ecma_preset_env v39.0.0 (registry `tuna`)
  Downloaded swc_common v16.0.0 (registry `tuna`)
  Downloaded swc_ecma_compat_es2018 v30.0.0 (registry `tuna`)
  Downloaded browserslist-data v0.1.4 (registry `tuna`)
  Downloaded swc_ecma_visit v17.0.0 (registry `tuna`)
  Downloaded swc_ecma_compat_es2020 v31.0.0 (registry `tuna`)
  Downloaded swc_transform_common v11.0.0 (registry `tuna`)
  Downloaded swc_typescript v23.0.0 (registry `tuna`)
  Downloaded swc_ecma_compat_common v24.0.0 (registry `tuna`)
  Downloaded swc_ecma_ext_transforms v24.0.0 (registry `tuna`)
  Downloaded swc_ecma_transforms v38.0.0 (registry `tuna`)
  Downloaded swc_ecma_transforms_compat v34.0.0 (registry `tuna`)
  Downloaded swc_ecma_ast v17.0.0 (registry `tuna`)
  Downloaded swc_ecma_transforms_module v33.0.0 (registry `tuna`)
  Downloaded swc_ecma_lints v25.0.0 (registry `tuna`)
  Downloaded browserslist-rs v0.19.0 (registry `tuna`)
    Blocking waiting for file lock on package cache
   Compiling proc-macro2 v1.0.101
   Compiling quote v1.0.41
   Compiling unicode-ident v1.0.19
   Compiling serde_core v1.0.228
    Checking stable_deref_trait v1.2.1
   Compiling version_check v0.9.5
   Compiling libc v0.2.177
    Checking cfg-if v1.0.3
   Compiling serde v1.0.228
    Checking allocator-api2 v0.2.21
    Checking once_cell v1.21.3
   Compiling autocfg v1.5.0
   Compiling zerocopy v0.8.27
   Compiling getrandom v0.3.3
   Compiling ahash v0.8.12
    Checking rustc-hash v2.1.1
    Checking memchr v2.7.6
    Checking smallvec v1.15.1
    Checking litemap v0.8.1
   Compiling num-traits v0.2.19
    Checking writeable v0.6.2
   Compiling icu_normalizer_data v2.1.1
   Compiling syn v2.0.106
   Compiling icu_properties_data v2.1.1
    Checking utf8_iter v1.0.4
    Checking either v1.15.0
    Checking itoa v1.0.15
   Compiling serde_json v1.0.145
    Checking ryu v1.0.20
   Compiling anyhow v1.0.100
   Compiling parking_lot_core v0.9.12
    Checking scopeguard v1.2.0
    Checking percent-encoding v2.3.2
    Checking lock_api v0.4.14
    Checking form_urlencoded v1.2.2
    Checking num-integer v0.1.46
    Checking tracing-core v0.1.34
   Compiling siphasher v1.0.1
    Checking equivalent v1.0.2
    Checking pin-project-lite v0.2.16
    Checking tap v1.0.1
   Compiling rand_core v0.6.4
    Checking new_debug_unreachable v1.0.6
   Compiling phf_shared v0.11.3
    Checking bytes v1.10.1
   Compiling rand v0.8.5
   Compiling radium v0.7.0
    Checking scoped-tls v1.0.1
    Checking unicode-id-start v1.4.0
    Checking foldhash v0.2.0
    Checking better_scoped_tls v1.0.1
    Checking swc_visit v2.0.1
    Checking hashbrown v0.16.0
    Checking wyz v0.5.1
    Checking vsimd v0.8.0
    Checking uuid v1.18.1
    Checking outref v0.5.2
    Checking siphasher v0.3.11
    Checking funty v2.0.0
   Compiling phf_generator v0.11.3
    Checking unicode-width v0.2.2
    Checking bitflags v2.9.4
    Checking if_chain v1.0.3
    Checking data-encoding v2.9.0
    Checking base64-simd v0.8.0
    Checking parking_lot v0.12.5
    Checking termcolor v1.4.1
   Compiling heck v0.5.0
    Checking static_assertions v1.1.0
    Checking bitvec v1.0.1
    Checking ryu-js v1.0.2
    Checking par-core v2.0.0
   Compiling find-msvc-tools v0.1.4
   Compiling shlex v1.3.0
    Checking num_cpus v1.17.0
   Compiling smartstring v1.0.1
   Compiling cc v1.2.41
    Checking indexmap v2.11.4
   Compiling seq-macro v0.3.6
   Compiling object v0.32.2
    Checking foldhash v0.1.5
    Checking hashbrown v0.15.5
    Checking aho-corasick v1.1.3
    Checking regex-syntax v0.8.8
    Checking bstr v1.12.1
    Checking regress v0.10.4
    Checking arrayvec v0.7.6
   Compiling rustversion v1.0.22
   Compiling typenum v1.19.0
   Compiling stacker v0.1.22
   Compiling generic-array v0.14.9
    Checking fixedbitset v0.5.7
   Compiling paste v1.0.15
    Checking petgraph v0.7.1
    Checking litemap v0.7.5
    Checking regex-automata v0.4.13
   Compiling icu_locid_transform_data v1.5.1
    Checking writeable v0.5.5
    Checking fast-float2 v0.2.3
    Checking sptr v0.3.2
   Compiling icu_properties_data v1.5.1
   Compiling winnow v0.7.13
   Compiling synstructure v0.13.2
   Compiling swc_macros_common v1.0.1
    Checking crypto-common v0.1.6
    Checking block-buffer v0.10.4
   Compiling ar_archive_writer v0.2.0
    Checking regex v1.12.2
    Checking globset v0.4.18
    Checking boa_string v0.20.0
    Checking itertools v0.13.0
    Checking pathdiff v0.2.3
    Checking thin-vec v0.2.14
   Compiling toml_datetime v0.7.3
    Checking boa_profiler v0.20.0
    Checking digest v0.10.7
    Checking castaway v0.2.4
   Compiling psm v0.1.28
    Checking lru v0.16.2
    Checking getrandom v0.2.16
   Compiling memoffset v0.9.1
    Checking bumpalo v3.19.0
   Compiling icu_normalizer_data v1.5.1
   Compiling zerofrom-derive v0.1.6
   Compiling serde_derive v1.0.228
   Compiling displaydoc v0.2.5
   Compiling yoke-derive v0.8.1
   Compiling zerovec-derive v0.11.2
   Compiling tracing-attributes v0.1.30
   Compiling phf_macros v0.11.3
   Compiling swc_eq_ignore_macros v1.0.1
   Compiling from_variant v3.0.0
   Compiling ast_node v5.0.0
    Checking phf v0.11.3
   Compiling string_enum v1.0.2
   Compiling is-macro v0.3.7
    Checking zerofrom v0.1.6
    Checking yoke v0.8.1
   Compiling swc_trace_macro v2.0.2
    Checking zerovec v0.11.5
    Checking zerotrie v0.2.3
   Compiling yoke-derive v0.7.5
    Checking tracing v0.1.41
   Compiling swc_config_macro v1.0.1
   Compiling zerovec-derive v0.10.3
   Compiling swc_ecma_transforms_macros v1.0.1
    Checking tinystr v0.8.2
    Checking potential_utf v0.1.4
    Checking icu_collections v2.1.1
    Checking icu_locale_core v2.1.1
   Compiling icu_provider_macros v1.5.0
   Compiling toml_parser v1.0.4
   Compiling boa_macros v0.20.0
   Compiling thiserror v1.0.69
    Checking cpufeatures v0.2.17
   Compiling crossbeam-utils v0.8.21
    Checking icu_provider v2.1.1
   Compiling toml_edit v0.23.7
    Checking path-clean v0.1.0
    Checking iana-time-zone v0.1.64
    Checking yoke v0.7.5
    Checking base64 v0.22.1
    Checking unicode-width v0.1.14
    Checking chrono v0.4.42
    Checking icu_normalizer v2.1.1
    Checking icu_properties v2.1.1
    Checking zerovec v0.10.4
    Checking boa_gc v0.20.0
    Checking sha1 v0.10.6
   Compiling thiserror-impl v1.0.69
   Compiling swc_ecma_codegen_macros v2.0.2
    Checking num-bigint v0.4.6
    Checking triomphe v0.1.15
    Checking hashbrown v0.14.5
    Checking bytes-str v0.2.7
    Checking debugid v0.8.0
    Checking boa_interner v0.20.0
    Checking idna_adapter v1.2.1
    Checking idna v1.1.0
    Checking tinystr v0.7.6
    Checking icu_collections v1.5.0
   Compiling proc-macro-crate v3.4.0
    Checking icu_locid v1.5.0
    Checking url v2.5.7
    Checking hstr v3.0.3
    Checking dashmap v5.5.3
    Checking swc_allocator v4.0.1
    Checking compact_str v0.7.1
    Checking ppv-lite86 v0.2.21
    Checking swc_atoms v9.0.0
    Checking ascii v1.1.0
   Compiling time-core v0.1.6
   Compiling portable-atomic v1.11.1
    Checking swc_sourcemap v9.3.4
    Checking icu_provider v1.5.0
   Compiling thiserror v2.0.17
    Checking lazy_static v1.5.0
    Checking minimal-lexical v0.2.1
    Checking powerfmt v0.2.0
   Compiling num-conv v0.1.0
   Compiling owo-colors v4.2.3
    Checking deranged v0.5.4
   Compiling time-macros v0.2.24
    Checking nom v7.1.3
    Checking icu_locid_transform v1.5.0
    Checking Inflector v0.11.4
    Checking rand_chacha v0.3.1
   Compiling num_enum_derive v0.7.5
    Checking boa_ast v0.20.0
    Checking swc_common v17.0.0
    Checking swc_config v3.1.2
    Checking icu_properties v1.5.1
    Checking browserslist-data v0.1.4
    Checking swc_timer v1.0.0
   Compiling static-map-macro v0.3.4
   Compiling auto_impl v1.3.0
   Compiling thiserror-impl v2.0.17
    Checking swc_ecma_ast v18.0.0
    Checking swc_ecma_loader v17.0.0
   Compiling bytemuck_derive v1.10.2
   Compiling precomputed-map v0.2.0
    Checking write16 v1.0.0
    Checking utf16_iter v1.0.5
    Checking unicode-linebreak v0.1.5
    Checking num_threads v0.1.7
    Checking radix_fmt v1.0.0
    Checking path-clean v1.0.1
    Checking textwrap v0.16.2
    Checking time v0.3.44
    Checking browserslist-rs v0.19.0
   Compiling swc_ecma_preset_env v39.0.0
    Checking icu_normalizer v1.5.0
    Checking boa_parser v0.20.0
    Checking st-map v0.2.4
    Checking dashmap v6.1.0
    Checking num_enum v0.7.5
    Checking intrusive-collections v0.9.7
    Checking bytemuck v1.24.0
    Checking swc_atoms v8.0.2
   Compiling miette-derive v7.6.0
   Compiling from_variant v2.0.2
   Compiling ast_node v4.0.0
    Checking semver v1.0.27
    Checking par-iter v2.0.0
    Checking pollster v0.4.0
    Checking preset_env_base v6.0.0
    Checking boa_engine v0.20.0
   Compiling swc_bundler v35.0.0
    Checking crc-catalog v1.1.1
    Checking crc v2.1.0
    Checking swc_graph_analyzer v14.0.1
    Checking swc_transform_common v11.0.0
    Checking swc_node_comments v17.0.0
    Checking jsonc-parser v0.26.3
    Checking relative-path v1.9.3
    Checking swc_common v16.0.0
    Checking miette v7.6.0
    Checking swc_ecma_visit v18.0.0
    Checking swc_ecma_parser v27.0.2
    Checking swc_ecma_codegen v20.0.0
    Checking swc_error_reporters v19.0.0
    Checking swc_ecma_ast v17.0.0
error[E0271]: type mismatch resolving `&[u16] == &Vec<u16>`
   --> /home/adwin/.cargo/registry/src/mirrors.tuna.tsinghua.edu.cn-4dc01642fd091eda/boa_engine-0.20.0/src/builtins/json/mod.rs:694:25
    |
694 |                         &separator,
    |                         ^^^^^^^^^^ types differ

error[E0271]: type mismatch resolving `&[u16] == &Vec<u16>`
   --> /home/adwin/.cargo/registry/src/mirrors.tuna.tsinghua.edu.cn-4dc01642fd091eda/boa_engine-0.20.0/src/builtins/json/mod.rs:807:25
    |
807 |                         &separator,
    |                         ^^^^^^^^^^ types differ

    Checking swc_ecma_visit v17.0.0
For more information about this error, try `rustc --explain E0271`.
error: could not compile `boa_engine` (lib) due to 2 previous errors
warning: build failed, waiting for other jobs to finish...
