Running as unit: run-p1719938-i14300046.scope; invocation ID: 7625acc7e49a423da1a80e81152bb56a
   Compiling proc-macro2 v1.0.86
   Compiling unicode-ident v1.0.13
   Compiling libc v0.2.159
    Checking cfg-if v1.0.0
   Compiling version_check v0.9.5
   Compiling serde v1.0.210
   Compiling typenum v1.17.0
    Checking pin-project-lite v0.2.14
   Compiling autocfg v1.4.0
    Checking once_cell v1.20.1
   Compiling generic-array v0.14.7
    Checking subtle v2.6.1
    Checking bytes v1.7.2
    Checking const-oid v0.9.6
    Checking byteorder v1.5.0
    Checking log v0.4.22
   Compiling quote v1.0.37
    Checking getrandom v0.2.15
    Checking itoa v1.0.11
   Compiling syn v2.0.79
    Checking rand_core v0.6.4
    Checking futures-core v0.3.30
    Checking cpufeatures v0.2.14
   Compiling thiserror v1.0.64
    Checking tracing-core v0.1.32
    Checking mio v1.0.2
    Checking socket2 v0.5.7
   Compiling libm v0.2.8
   Compiling shlex v1.3.0
   Compiling cc v1.1.24
   Compiling num-traits v0.2.19
    Checking memchr v2.7.4
    Checking equivalent v1.0.1
    Checking hashbrown v0.15.0
    Checking futures-sink v0.3.30
    Checking base64ct v1.6.0
    Checking pem-rfc7468 v0.7.0
    Checking fnv v1.0.7
    Checking flagset v0.4.6
    Checking percent-encoding v2.3.1
    Checking ryu v1.0.18
    Checking http v0.2.12
   Compiling indexmap v2.6.0
    Checking smallvec v1.13.2
   Compiling serde_json v1.0.128
   Compiling siphasher v0.3.11
    Checking form_urlencoded v1.2.1
   Compiling slab v0.4.9
    Checking tinyvec_macros v0.1.1
    Checking tinyvec v1.8.0
   Compiling winnow v0.6.20
    Checking spin v0.9.8
    Checking pin-utils v0.1.0
    Checking futures-task v0.3.30
    Checking unicode-bidi v0.3.17
   Compiling vcpkg v0.2.15
   Compiling pkg-config v0.3.31
   Compiling syn v1.0.109
   Compiling phf_shared v0.10.0
    Checking unicode-normalization v0.1.24
    Checking aho-corasick v1.1.3
    Checking regex-syntax v0.8.5
    Checking base64 v0.21.7
    Checking idna v0.5.0
   Compiling lock_api v0.4.12
   Compiling winnow v0.5.40
   Compiling parking_lot_core v0.9.10
    Checking bitflags v2.6.0
   Compiling js_int v0.2.2
   Compiling crossbeam-utils v0.8.20
    Checking regex-automata v0.4.8
    Checking new_debug_unreachable v1.0.6
    Checking scopeguard v1.2.0
    Checking mac v0.1.1
   Compiling semver v1.0.23
    Checking futf v0.1.5
    Checking parking_lot v0.12.3
    Checking lazy_static v1.5.0
   Compiling phf_shared v0.11.2
    Checking ff v0.13.0
    Checking as_variant v1.2.0
    Checking precomputed-hash v0.1.1
    Checking base16ct v0.2.0
   Compiling typewit_proc_macros v1.8.1
    Checking wildmatch v2.4.0
    Checking utf-8 v0.7.6
    Checking typewit v1.9.0
    Checking tendril v0.4.3
    Checking group v0.13.0
    Checking phf v0.10.1
    Checking konst_kernel v0.3.9
   Compiling rustc_version v0.4.1
    Checking regex v1.11.0
   Compiling openssl-sys v0.9.103
   Compiling ring v0.17.8
   Compiling serde_derive v1.0.210
   Compiling zeroize_derive v1.4.2
   Compiling zerocopy-derive v0.7.35
   Compiling thiserror-impl v1.0.64
   Compiling tracing-attributes v0.1.27
    Checking zeroize v1.8.1
    Checking zerocopy v0.7.35
    Checking crypto-common v0.1.6
    Checking block-buffer v0.10.4
    Checking digest v0.10.7
    Checking block-padding v0.3.3
   Compiling tokio-macros v2.4.0
    Checking ppv-lite86 v0.2.20
    Checking inout v0.1.3
    Checking cipher v0.4.4
    Checking hmac v0.12.1
    Checking tracing v0.1.40
    Checking rand_chacha v0.3.1
   Compiling der_derive v0.7.3
    Checking sha2 v0.10.8
    Checking tokio v1.40.0
    Checking rand v0.8.5
    Checking pbkdf2 v0.12.2
    Checking aes v0.8.4
    Checking der v0.7.9
    Checking cbc v0.1.2
   Compiling futures-macro v0.3.30
    Checking salsa20 v0.10.2
    Checking scrypt v0.11.0
    Checking spki v0.7.3
    Checking signature v2.2.0
    Checking futures-util v0.3.30
    Checking pkcs5 v0.7.1
   Compiling phf_generator v0.10.0
    Checking hkdf v0.12.4
    Checking pkcs8 v0.10.2
   Compiling ruma-identifiers-validation v0.9.5
   Compiling string_cache_codegen v0.5.2
   Compiling phf_codegen v0.10.0
   Compiling async-trait v0.1.83
   Compiling markup5ever v0.11.0
    Checking sec1 v0.7.3
   Compiling phf_generator v0.11.2
   Compiling html5ever v0.26.0
    Checking crypto-bigint v0.5.5
    Checking tokio-util v0.7.12
   Compiling phf_macros v0.11.2
    Checking universal-hash v0.5.1
    Checking futures-channel v0.3.30
    Checking url v2.5.2
   Compiling toml_datetime v0.6.8
   Compiling serde_spanned v0.6.8
   Compiling toml_edit v0.22.22
    Checking serde_html_form v0.2.6
   Compiling toml_edit v0.20.7
    Checking string_cache v0.8.7
    Checking elliptic-curve v0.13.8
   Compiling ruma-common v0.12.1
    Checking tower-service v0.3.3
    Checking const_panic v0.2.10
   Compiling strsim v0.11.1
    Checking opaque-debug v0.3.1
   Compiling either v1.13.0
   Compiling ident_case v1.0.1
   Compiling anyhow v1.0.89
   Compiling darling_core v0.20.10
    Checking konst v0.3.9
    Checking poly1305 v0.8.0
    Checking phf v0.11.2
    Checking js_option v0.1.1
    Checking rfc6979 v0.4.0
    Checking chacha20 v0.9.1
    Checking aead v0.5.2
   Compiling curve25519-dalek v4.1.3
    Checking uuid v1.10.0
   Compiling paste v1.0.15
    Checking urlencoding v2.1.3
   Compiling httparse v1.9.5
    Checking opentelemetry v0.21.0
    Checking chacha20poly1305 v0.10.1
    Checking ruma-html v0.1.0
    Checking ecdsa v0.16.9
    Checking arrayvec v0.7.6
   Compiling curve25519-dalek-derive v0.1.1
   Compiling toml v0.8.19
   Compiling proc-macro-crate v3.2.0
   Compiling proc-macro-crate v2.0.0
   Compiling darling_macro v0.20.10
   Compiling serde_derive_internals v0.29.1
    Checking http-body v0.4.6
    Checking num-integer v0.1.46
   Compiling proc-macro-error-attr2 v2.0.0
   Compiling indexmap v1.9.3
   Compiling ahash v0.8.11
   Compiling ruma-macros v0.12.0
    Checking assign v1.1.1
   Compiling ruma-client-api v0.17.4
   Compiling schemars v0.8.21
    Checking untrusted v0.9.0
    Checking try-lock v0.2.5
   Compiling num-bigint-dig v0.8.4
    Checking httpdate v1.0.3
    Checking openssl-probe v0.1.5
    Checking want v0.3.1
   Compiling proc-macro-error2 v2.0.1
   Compiling schemars_derive v0.8.21
    Checking num-iter v0.1.45
   Compiling darling v0.20.10
   Compiling itertools v0.13.0
    Checking primeorder v0.13.6
    Checking h2 v0.3.26
   Compiling pin-project-internal v1.1.5
    Checking thread_local v1.1.8
    Checking dyn-clone v1.0.17
    Checking bitmaps v3.2.1
   Compiling ruma v0.9.4
    Checking maplit v1.0.2
    Checking base64 v0.22.1
   Compiling openssl v0.10.66
    Checking foreign-types-shared v0.1.1
    Checking hashbrown v0.12.3
    Checking iana-time-zone v0.1.61
    Checking chrono v0.4.38
   Compiling prost-derive v0.13.3
    Checking pin-project v1.1.5
    Checking foreign-types v0.3.2
    Checking imbl-sized-chunks v0.1.2
    Checking rmp v0.8.14
   Compiling serde_with_macros v3.10.0
    Checking hyper v0.14.30
   Compiling matrix-pickle-derive v0.2.1
    Checking ed25519 v2.2.3
    Checking futures-executor v0.3.30
    Checking pkcs1 v0.7.5
    Checking x509-cert v0.2.5
   Compiling openssl-macros v0.1.1
   Compiling structmeta-derive v0.2.0
    Checking crossbeam-channel v0.5.13
    Checking sharded-slab v0.1.7
   Compiling libsqlite3-sys v0.27.0
   Compiling blake3 v1.5.4
    Checking ordered-float v4.3.0
    Checking hdrhistogram v7.5.4
    Checking rand_xoshiro v0.6.0
    Checking instant v0.1.13
   Compiling matrix-sdk-common v0.7.0
   Compiling rustls v0.21.12
   Compiling native-tls v0.2.12
    Checking allocator-api2 v0.2.18
    Checking tower-layer v0.3.3
    Checking opentelemetry_sdk v0.21.2
    Checking tower v0.4.13
    Checking hashbrown v0.14.5
    Checking imbl v2.0.3
   Compiling structmeta v0.2.0
    Checking tracing-subscriber v0.3.18
    Checking pkcs7 v0.4.1
    Checking rsa v0.9.6
    Checking ed25519-dalek v2.1.1
    Checking matrix-pickle v0.2.1
    Checking serde_with v3.10.0
    Checking prost v0.13.3
    Checking mas-iana v0.7.0
    Checking rmp-serde v1.3.0
    Checking p384 v0.13.0
    Checking p256 v0.13.2
    Checking x25519-dalek v2.0.1
    Checking sct v0.7.1
    Checking rustls-webpki v0.101.7
    Checking k256 v0.13.4
    Checking serde_bytes v0.11.15
    Checking deadpool-runtime v0.1.4
    Checking concurrent-queue v2.5.0
    Checking rustls-pemfile v1.0.4
   Compiling proc-macro-error-attr v1.0.4
    Checking adler2 v2.0.0
    Checking constant_time_eq v0.3.1
    Checking readlock v0.1.8
    Checking arrayref v0.3.9
    Checking mime v0.3.17
    Checking parking v2.2.1
   Compiling regex-syntax v0.7.5
    Checking itertools v0.12.1
    Checking eyeball v0.8.8
    Checking miniz_oxide v0.8.0
    Checking vodozemac v0.7.0
    Checking mas-jose v0.7.0
    Checking eyeball-im v0.4.3
    Checking tracing-opentelemetry v0.22.0
    Checking ruma-events v0.27.11
    Checking hashlink v0.8.4
    Checking opentelemetry-http v0.10.0
    Checking opentelemetry-semantic-conventions v0.13.0
    Checking serde_urlencoded v0.7.1
    Checking tokio-stream v0.1.16
    Checking ulid v1.1.3
    Checking ctr v0.9.2
   Compiling parse-display-derive v0.8.2
    Checking sha1 v0.10.6
   Compiling displaydoc v0.2.5
    Checking headers-core v0.2.0
    Checking num_cpus v1.16.0
   Compiling proc-macro-error v1.0.4
    Checking crc32fast v1.4.2
   Compiling rustix v0.38.37
    Checking http-range-header v0.3.1
    Checking iri-string v0.7.6
    Checking fallible-streaming-iterator v0.1.9
    Checking fallible-iterator v0.3.0
    Checking bs58 v0.5.1
    Checking matrix-sdk-store-encryption v0.7.0
    Checking flate2 v1.0.34
    Checking rusqlite v0.30.0
    Checking deadpool v0.10.0
    Checking tokio-rustls v0.24.1
    Checking headers v0.3.9
    Checking mas-tower v0.7.0
    Checking parse-display v0.8.2
    Checking tokio-native-tls v0.3.1
    Checking event-listener v5.3.1
    Checking rustls-native-certs v0.6.3
    Checking deadpool-sync v0.1.4
    Checking tower-http v0.4.4
   Compiling toml_edit v0.19.15
    Checking language-tags v0.3.2
   Compiling include_dir_macros v0.7.4
    Checking data-encoding v2.6.0
    Checking linux-raw-sys v0.4.14
    Checking powerfmt v0.2.0
    Checking mas-http v0.7.0
    Checking deranged v0.3.11
    Checking oauth2-types v0.7.0
   Compiling include_dir v0.7.4
    Checking event-listener-strategy v0.5.2
    Checking deadpool-sqlite v0.7.0
    Checking hyper-rustls v0.24.2
    Checking hyper-tls v0.5.0
    Checking async-compression v0.4.13
    Checking mas-keystore v0.7.0
   Compiling itertools v0.10.5
   Compiling async-stream-impl v0.3.6
    Checking encoding_rs v0.8.34
    Checking time-core v0.1.2
    Checking ipnet v2.10.1
    Checking sync_wrapper v0.1.2
   Compiling matrix-sdk v0.7.1
   Compiling ruma-common v0.13.0
   Compiling proc-macro-crate v1.3.1
    Checking num-conv v0.1.0
    Checking fastrand v2.1.1
    Checking tempfile v3.13.0
    Checking time v0.3.36
    Checking reqwest v0.11.27
    Checking mas-oidc-client v0.7.0
   Compiling aquamarine v0.5.0
    Checking async-stream v0.3.6
    Checking async-channel v2.3.1
    Checking eyeball-im-util v0.5.3
    Checking event-listener v4.0.3
   Compiling cfg-vis v0.3.0
    Checking backoff v0.4.0
   Compiling ruma-macros v0.13.0
    Checking mime2ext v0.1.53
   Compiling ruma v0.10.1
    Checking bytesize v1.3.0
    Checking anymap2 v0.13.0
    Checking web-time v1.1.0
    Checking fuzzy-matcher v0.3.7
    Checking async-rx v0.1.3
    Checking async-once-cell v0.5.3
    Checking async_cell v0.2.2
    Checking dotenv v0.15.0
    Checking matrix-sdk-crypto v0.7.2
    Checking matrix-sdk-base v0.7.0
    Checking matrix-sdk-sqlite v0.7.1
error[E0283]: type annotations needed
   --> /home/adwin/.cargo/registry/src/mirrors.tuna.tsinghua.edu.cn-4dc01642fd091eda/matrix-sdk-0.7.1/src/encryption/backups/mod.rs:636:21
    |
636 |         self.client.add_event_handler(Self::secret_send_event_handler);
    |                     ^^^^^^^^^^^^^^^^^ cannot infer type of the type parameter `Ev` declared on the method `add_event_handler`
    |
    = note: cannot satisfy `_: SyncEvent`
    = help: the following types implement trait `SyncEvent`:
              AnyGlobalAccountDataEvent
              AnyRoomAccountDataEvent
              AnyStrippedStateEvent
              AnySyncEphemeralRoomEvent
              AnySyncMessageLikeEvent
              AnySyncStateEvent
              AnySyncTimelineEvent
              AnyToDeviceEvent
            and 16 others
note: required by a bound in `client::Client::add_event_handler`
   --> /home/adwin/.cargo/registry/src/mirrors.tuna.tsinghua.edu.cn-4dc01642fd091eda/matrix-sdk-0.7.1/src/client/mod.rs:671:13
    |
669 |     pub fn add_event_handler<Ev, Ctx, H>(&self, handler: H) -> EventHandlerHandle
    |            ----------------- required by a bound in this associated function
670 |     where
671 |         Ev: SyncEvent + DeserializeOwned + Send + 'static,
    |             ^^^^^^^^^ required by this bound in `Client::add_event_handler`
help: consider specifying the generic arguments
    |
636 |         self.client.add_event_handler::<Ev, Ctx, _>(Self::secret_send_event_handler);
    |                                      ++++++++++++++

error[E0275]: overflow evaluating the requirement `fn(ruma::ruma_events::ToDeviceEvent<ToDeviceSecretSendEventContent>, client::Client) -> impl futures_core::Future<Output = ()> {Backups::secret_send_event_handler}: EventHandler<_, _>`
   --> /home/adwin/.cargo/registry/src/mirrors.tuna.tsinghua.edu.cn-4dc01642fd091eda/matrix-sdk-0.7.1/src/encryption/backups/mod.rs:636:21
    |
636 |         self.client.add_event_handler(Self::secret_send_event_handler);
    |                     ^^^^^^^^^^^^^^^^^
    |
    = help: consider increasing the recursion limit by adding a `#![recursion_limit = "256"]` attribute to your crate (`matrix_sdk`)
note: required by a bound in `client::Client::add_event_handler`
   --> /home/adwin/.cargo/registry/src/mirrors.tuna.tsinghua.edu.cn-4dc01642fd091eda/matrix-sdk-0.7.1/src/client/mod.rs:672:12
    |
669 |     pub fn add_event_handler<Ev, Ctx, H>(&self, handler: H) -> EventHandlerHandle
    |            ----------------- required by a bound in this associated function
...
672 |         H: EventHandler<Ev, Ctx>,
    |            ^^^^^^^^^^^^^^^^^^^^^ required by this bound in `Client::add_event_handler`

error[E0283]: type annotations needed
   --> /home/adwin/.cargo/registry/src/mirrors.tuna.tsinghua.edu.cn-4dc01642fd091eda/matrix-sdk-0.7.1/src/encryption/recovery/mod.rs:441:21
    |
441 |         self.client.add_event_handler(Self::default_key_event_handler);
    |                     ^^^^^^^^^^^^^^^^^ cannot infer type of the type parameter `Ev` declared on the method `add_event_handler`
    |
    = note: cannot satisfy `_: SyncEvent`
    = help: the following types implement trait `SyncEvent`:
              AnyGlobalAccountDataEvent
              AnyRoomAccountDataEvent
              AnyStrippedStateEvent
              AnySyncEphemeralRoomEvent
              AnySyncMessageLikeEvent
              AnySyncStateEvent
              AnySyncTimelineEvent
              AnyToDeviceEvent
            and 16 others
note: required by a bound in `client::Client::add_event_handler`
   --> /home/adwin/.cargo/registry/src/mirrors.tuna.tsinghua.edu.cn-4dc01642fd091eda/matrix-sdk-0.7.1/src/client/mod.rs:671:13
    |
669 |     pub fn add_event_handler<Ev, Ctx, H>(&self, handler: H) -> EventHandlerHandle
    |            ----------------- required by a bound in this associated function
670 |     where
671 |         Ev: SyncEvent + DeserializeOwned + Send + 'static,
    |             ^^^^^^^^^ required by this bound in `Client::add_event_handler`
help: consider specifying the generic arguments
    |
441 |         self.client.add_event_handler::<Ev, Ctx, _>(Self::default_key_event_handler);
    |                                      ++++++++++++++

error[E0275]: overflow evaluating the requirement `fn(GlobalAccountDataEvent<SecretStorageDefaultKeyEventContent>, client::Client) -> impl futures_core::Future<Output = ()> {Recovery::default_key_event_handler}: EventHandler<_, _>`
   --> /home/adwin/.cargo/registry/src/mirrors.tuna.tsinghua.edu.cn-4dc01642fd091eda/matrix-sdk-0.7.1/src/encryption/recovery/mod.rs:441:21
    |
441 |         self.client.add_event_handler(Self::default_key_event_handler);
    |                     ^^^^^^^^^^^^^^^^^
    |
    = help: consider increasing the recursion limit by adding a `#![recursion_limit = "256"]` attribute to your crate (`matrix_sdk`)
note: required by a bound in `client::Client::add_event_handler`
   --> /home/adwin/.cargo/registry/src/mirrors.tuna.tsinghua.edu.cn-4dc01642fd091eda/matrix-sdk-0.7.1/src/client/mod.rs:672:12
    |
669 |     pub fn add_event_handler<Ev, Ctx, H>(&self, handler: H) -> EventHandlerHandle
    |            ----------------- required by a bound in this associated function
...
672 |         H: EventHandler<Ev, Ctx>,
    |            ^^^^^^^^^^^^^^^^^^^^^ required by this bound in `Client::add_event_handler`

error[E0275]: overflow evaluating the requirement `fn(ruma::ruma_events::ToDeviceEvent<ToDeviceSecretSendEventContent>, client::Client) -> impl futures_core::Future<Output = ()> {Recovery::secret_send_event_handler}: EventHandler<_, _>`
   --> /home/adwin/.cargo/registry/src/mirrors.tuna.tsinghua.edu.cn-4dc01642fd091eda/matrix-sdk-0.7.1/src/encryption/recovery/mod.rs:442:21
    |
442 |         self.client.add_event_handler(Self::secret_send_event_handler);
    |                     ^^^^^^^^^^^^^^^^^
    |
    = help: consider increasing the recursion limit by adding a `#![recursion_limit = "256"]` attribute to your crate (`matrix_sdk`)
note: required by a bound in `client::Client::add_event_handler`
   --> /home/adwin/.cargo/registry/src/mirrors.tuna.tsinghua.edu.cn-4dc01642fd091eda/matrix-sdk-0.7.1/src/client/mod.rs:672:12
    |
669 |     pub fn add_event_handler<Ev, Ctx, H>(&self, handler: H) -> EventHandlerHandle
    |            ----------------- required by a bound in this associated function
...
672 |         H: EventHandler<Ev, Ctx>,
    |            ^^^^^^^^^^^^^^^^^^^^^ required by this bound in `Client::add_event_handler`

error[E0275]: overflow evaluating the requirement `Pin<Box<impl futures_core::Future<Output = std::result::Result<ruma::api::ruma_client_api::session::login::v3::Response, error::Error>>>>: CoerceUnsized<Pin<...>>`
   --> /home/adwin/.cargo/registry/src/mirrors.tuna.tsinghua.edu.cn-4dc01642fd091eda/matrix-sdk-0.7.1/src/matrix_auth/login_builder.rs:218:9
    |
218 |         Box::pin(self.send())
    |         ^^^^^^^^^^^^^^^^^^^^^
    |
    = help: consider increasing the recursion limit by adding a `#![recursion_limit = "256"]` attribute to your crate (`matrix_sdk`)
    = note: required for the cast from `Pin<Box<impl Future<Output = Result<Response, Error>>>>` to `Pin<Box<dyn Future<Output = Result<Response, Error>> + Send>>`
    = note: the full name for the type has been written to '/tmp/nix-shell.uUVugk/cshaa_matrix-poll-bot_6v1sddgo/target/debug/deps/matrix_sdk-6b9875d39597a248.long-type-14993988695255353959.txt'
    = note: consider using `--verbose` to print the full type name to the console

error[E0275]: overflow evaluating the requirement `Pin<Box<{async block@/home/adwin/.cargo/registry/src/mirrors.tuna.tsinghua.edu.cn-4dc01642fd091eda/matrix-sdk-0.7.1/src/client/futures.rs:92:18: 92:28}>>: CoerceUnsized<Pin<Box<dyn futures_core::Future<Output = std::result::Result<..., ...>> + std::marker::Send>>>`
   --> /home/adwin/.cargo/registry/src/mirrors.tuna.tsinghua.edu.cn-4dc01642fd091eda/matrix-sdk-0.7.1/src/client/futures.rs:92:9
    |
 92 | /         Box::pin(async move {
 93 | |             let res = Box::pin(client.send_inner(
 94 | |                 request.clone(),
 95 | |                 config,
...   |
171 | |             res
172 | |         })
    | |__________^
    |
    = help: consider increasing the recursion limit by adding a `#![recursion_limit = "256"]` attribute to your crate (`matrix_sdk`)
    = note: required for the cast from `Pin<Box<...>>` to `Pin<Box<dyn Future<Output = Result<..., ...>> + Send>>`
    = note: the full name for the type has been written to '/tmp/nix-shell.uUVugk/cshaa_matrix-poll-bot_6v1sddgo/target/debug/deps/matrix_sdk-6b9875d39597a248.long-type-9393447272255014454.txt'
    = note: consider using `--verbose` to print the full type name to the console

error[E0275]: overflow evaluating the requirement `{async block@/home/adwin/.cargo/registry/src/mirrors.tuna.tsinghua.edu.cn-4dc01642fd091eda/matrix-sdk-0.7.1/src/client/tasks.rs:59:33: 59:43}: std::marker::Send`
   --> /home/adwin/.cargo/registry/src/mirrors.tuna.tsinghua.edu.cn-4dc01642fd091eda/matrix-sdk-0.7.1/src/client/tasks.rs:59:27
    |
 59 |           let join_handle = spawn(async move {
    |  ___________________________^
 60 | |             Self::listen(client, receiver).await;
 61 | |         });
    | |__________^
    |
    = help: consider increasing the recursion limit by adding a `#![recursion_limit = "256"]` attribute to your crate (`matrix_sdk`)
note: required by a bound in `tokio::spawn`
   --> /home/adwin/.cargo/registry/src/mirrors.tuna.tsinghua.edu.cn-4dc01642fd091eda/tokio-1.40.0/src/task/spawn.rs:167:21
    |
165 |     pub fn spawn<F>(future: F) -> JoinHandle<F::Output>
    |            ----- required by a bound in this function
166 |     where
167 |         F: Future + Send + 'static,
    |                     ^^^^ required by this bound in `spawn`

error[E0275]: overflow evaluating the requirement `Pin<Box<Instrumented<{async block@/home/adwin/.cargo/registry/src/mirrors.tuna.tsinghua.edu.cn-4dc01642fd091eda/matrix-sdk-0.7.1/src/encryption/recovery/futures.rs:89:22: 89:32}>>>: CoerceUnsized<Pin<Box<dyn futures_core::Future<Output = ...> + std::marker::Send>>>`
   --> /home/adwin/.cargo/registry/src/mirrors.tuna.tsinghua.edu.cn-4dc01642fd091eda/matrix-sdk-0.7.1/src/encryption/recovery/futures.rs:154:9
    |
154 |         Box::pin(future.instrument(tracing_span))
    |         ^^^^^^^^^^^^^^^^^^^^^^^^^^^^^^^^^^^^^^^^^
    |
    = help: consider increasing the recursion limit by adding a `#![recursion_limit = "256"]` attribute to your crate (`matrix_sdk`)
    = note: required for the cast from `Pin<Box<Instrumented<...>>>` to `Pin<Box<dyn Future<Output = Result<String, RecoveryError>> + Send>>`
    = note: the full name for the type has been written to '/tmp/nix-shell.uUVugk/cshaa_matrix-poll-bot_6v1sddgo/target/debug/deps/matrix_sdk-6b9875d39597a248.long-type-13834069405847876893.txt'
    = note: consider using `--verbose` to print the full type name to the console

error[E0275]: overflow evaluating the requirement `Pin<Box<Instrumented<{async block@/home/adwin/.cargo/registry/src/mirrors.tuna.tsinghua.edu.cn-4dc01642fd091eda/matrix-sdk-0.7.1/src/encryption/recovery/futures.rs:188:22: 188:32}>>>: CoerceUnsized<Pin<Box<dyn futures_core::Future<Output = ...> + std::marker::Send>>>`
   --> /home/adwin/.cargo/registry/src/mirrors.tuna.tsinghua.edu.cn-4dc01642fd091eda/matrix-sdk-0.7.1/src/encryption/recovery/futures.rs:203:9
    |
203 |         Box::pin(future.instrument(tracing_span))
    |         ^^^^^^^^^^^^^^^^^^^^^^^^^^^^^^^^^^^^^^^^^
    |
    = help: consider increasing the recursion limit by adding a `#![recursion_limit = "256"]` attribute to your crate (`matrix_sdk`)
    = note: required for the cast from `Pin<Box<Instrumented<...>>>` to `Pin<Box<dyn Future<Output = Result<String, RecoveryError>> + Send>>`
    = note: the full name for the type has been written to '/tmp/nix-shell.uUVugk/cshaa_matrix-poll-bot_6v1sddgo/target/debug/deps/matrix_sdk-6b9875d39597a248.long-type-2391067799869542680.txt'
    = note: consider using `--verbose` to print the full type name to the console

error[E0275]: overflow evaluating the requirement `Pin<Box<Instrumented<{async block@/home/adwin/.cargo/registry/src/mirrors.tuna.tsinghua.edu.cn-4dc01642fd091eda/matrix-sdk-0.7.1/src/encryption/recovery/futures.rs:238:22: 238:32}>>>: CoerceUnsized<Pin<Box<dyn futures_core::Future<Output = ...> + std::marker::Send>>>`
   --> /home/adwin/.cargo/registry/src/mirrors.tuna.tsinghua.edu.cn-4dc01642fd091eda/matrix-sdk-0.7.1/src/encryption/recovery/futures.rs:250:9
    |
250 |         Box::pin(future.instrument(tracing_span))
    |         ^^^^^^^^^^^^^^^^^^^^^^^^^^^^^^^^^^^^^^^^^
    |
    = help: consider increasing the recursion limit by adding a `#![recursion_limit = "256"]` attribute to your crate (`matrix_sdk`)
    = note: required for the cast from `Pin<Box<Instrumented<...>>>` to `Pin<Box<dyn Future<Output = Result<String, RecoveryError>> + Send>>`
    = note: the full name for the type has been written to '/tmp/nix-shell.uUVugk/cshaa_matrix-poll-bot_6v1sddgo/target/debug/deps/matrix_sdk-6b9875d39597a248.long-type-4429220748338248735.txt'
    = note: consider using `--verbose` to print the full type name to the console

error[E0275]: overflow evaluating the requirement `Pin<Box<Instrumented<{async block@/home/adwin/.cargo/registry/src/mirrors.tuna.tsinghua.edu.cn-4dc01642fd091eda/matrix-sdk-0.7.1/src/room/futures.rs:147:19: 147:29}>>>: CoerceUnsized<Pin<Box<dyn futures_core::Future<Output = ...> + std::marker::Send>>>`
   --> /home/adwin/.cargo/registry/src/mirrors.tuna.tsinghua.edu.cn-4dc01642fd091eda/matrix-sdk-0.7.1/src/room/futures.rs:207:9
    |
207 |         Box::pin(fut.instrument(tracing_span))
    |         ^^^^^^^^^^^^^^^^^^^^^^^^^^^^^^^^^^^^^^
    |
    = help: consider increasing the recursion limit by adding a `#![recursion_limit = "256"]` attribute to your crate (`matrix_sdk`)
    = note: required for the cast from `Pin<Box<Instrumented<...>>>` to `Pin<Box<dyn Future<Output = Result<Response, Error>> + Send>>`
    = note: the full name for the type has been written to '/tmp/nix-shell.uUVugk/cshaa_matrix-poll-bot_6v1sddgo/target/debug/deps/matrix_sdk-6b9875d39597a248.long-type-17899644716545159523.txt'
    = note: consider using `--verbose` to print the full type name to the console

error[E0275]: overflow evaluating the requirement `Pin<Box<Instrumented<{async block@/home/adwin/.cargo/registry/src/mirrors.tuna.tsinghua.edu.cn-4dc01642fd091eda/matrix-sdk-0.7.1/src/room/futures.rs:260:19: 260:29}>>>: CoerceUnsized<Pin<Box<dyn futures_core::Future<Output = ...> + std::marker::Send>>>`
   --> /home/adwin/.cargo/registry/src/mirrors.tuna.tsinghua.edu.cn-4dc01642fd091eda/matrix-sdk-0.7.1/src/room/futures.rs:326:9
    |
326 |         Box::pin(fut.instrument(tracing_span))
    |         ^^^^^^^^^^^^^^^^^^^^^^^^^^^^^^^^^^^^^^
    |
    = help: consider increasing the recursion limit by adding a `#![recursion_limit = "256"]` attribute to your crate (`matrix_sdk`)
    = note: required for the cast from `Pin<Box<Instrumented<...>>>` to `Pin<Box<dyn Future<Output = Result<Response, Error>> + Send>>`
    = note: the full name for the type has been written to '/tmp/nix-shell.uUVugk/cshaa_matrix-poll-bot_6v1sddgo/target/debug/deps/matrix_sdk-6b9875d39597a248.long-type-5470372359158935829.txt'
    = note: consider using `--verbose` to print the full type name to the console

error[E0275]: overflow evaluating the requirement `{async block@/home/adwin/.cargo/registry/src/mirrors.tuna.tsinghua.edu.cn-4dc01642fd091eda/matrix-sdk-0.7.1/src/room/mod.rs:1320:45: 1320:55}: SendOutsideWasm`
    --> /home/adwin/.cargo/registry/src/mirrors.tuna.tsinghua.edu.cn-4dc01642fd091eda/matrix-sdk-0.7.1/src/room/mod.rs:1320:14
     |
1320 |             .run(self.room_id().to_owned(), async move {
     |              ^^^
     |
     = help: consider increasing the recursion limit by adding a `#![recursion_limit = "256"]` attribute to your crate (`matrix_sdk`)
note: required by a bound in `DeduplicatingHandler::<Key>::run`
    --> /home/adwin/.cargo/registry/src/mirrors.tuna.tsinghua.edu.cn-4dc01642fd091eda/matrix-sdk-0.7.1/src/deduplicating_handler.rs:42:59
     |
  42 |     pub async fn run<'a, F: Future<Output = Result<()>> + SendOutsideWasm + 'a>(
     |                                                           ^^^^^^^^^^^^^^^ required by this bound in `DeduplicatingHandler::<Key>::run`

error[E0275]: overflow evaluating the requirement `impl futures_core::Future<Output = std::result::Result<(), error::Error>> well-formed`
    --> /home/adwin/.cargo/registry/src/mirrors.tuna.tsinghua.edu.cn-4dc01642fd091eda/matrix-sdk-0.7.1/src/room/mod.rs:1317:9
     |
1317 | /         self.client
1318 | |             .locks()
1319 | |             .group_session_deduplicated_handler
1320 | |             .run(self.room_id().to_owned(), async move {
...    |
1343 | |                 Ok(())
1344 | |             })
     | |______________^
     |
     = help: consider increasing the recursion limit by adding a `#![recursion_limit = "256"]` attribute to your crate (`matrix_sdk`)

error[E0275]: overflow evaluating the requirement `impl futures_core::Future<Output = std::result::Result<(), error::Error>> well-formed`
    --> /home/adwin/.cargo/registry/src/mirrors.tuna.tsinghua.edu.cn-4dc01642fd091eda/matrix-sdk-0.7.1/src/room/mod.rs:1320:14
     |
1320 |             .run(self.room_id().to_owned(), async move {
     |              ^^^
     |
     = help: consider increasing the recursion limit by adding a `#![recursion_limit = "256"]` attribute to your crate (`matrix_sdk`)

error[E0275]: overflow evaluating the requirement `<impl futures_core::Future<Output = std::result::Result<(), error::Error>> as std::future::IntoFuture>::IntoFuture well-formed`
    --> /home/adwin/.cargo/registry/src/mirrors.tuna.tsinghua.edu.cn-4dc01642fd091eda/matrix-sdk-0.7.1/src/room/mod.rs:1345:14
     |
1345 |             .await
     |              ^^^^^
     |
     = help: consider increasing the recursion limit by adding a `#![recursion_limit = "256"]` attribute to your crate (`matrix_sdk`)

error[E0275]: overflow evaluating the requirement `impl futures_core::Future<Output = std::result::Result<(), error::Error>> well-formed`
    --> /home/adwin/.cargo/registry/src/mirrors.tuna.tsinghua.edu.cn-4dc01642fd091eda/matrix-sdk-0.7.1/src/room/mod.rs:1345:14
     |
1345 |             .await
     |              ^^^^^
     |
     = help: consider increasing the recursion limit by adding a `#![recursion_limit = "256"]` attribute to your crate (`matrix_sdk`)

error[E0275]: overflow evaluating the requirement `Pin<&mut impl futures_core::Future<Output = std::result::Result<(), error::Error>>> well-formed`
    --> /home/adwin/.cargo/registry/src/mirrors.tuna.tsinghua.edu.cn-4dc01642fd091eda/matrix-sdk-0.7.1/src/room/mod.rs:1345:14
     |
1345 |             .await
     |              ^^^^^
     |
     = help: consider increasing the recursion limit by adding a `#![recursion_limit = "256"]` attribute to your crate (`matrix_sdk`)

error[E0275]: overflow evaluating the requirement `&mut impl futures_core::Future<Output = std::result::Result<(), error::Error>> well-formed`
    --> /home/adwin/.cargo/registry/src/mirrors.tuna.tsinghua.edu.cn-4dc01642fd091eda/matrix-sdk-0.7.1/src/room/mod.rs:1345:14
     |
1345 |             .await
     |              ^^^^^
     |
     = help: consider increasing the recursion limit by adding a `#![recursion_limit = "256"]` attribute to your crate (`matrix_sdk`)

error[E0275]: overflow evaluating the requirement `Poll<<impl futures_core::Future<Output = std::result::Result<(), error::Error>> as futures_core::Future>::Output> well-formed`
    --> /home/adwin/.cargo/registry/src/mirrors.tuna.tsinghua.edu.cn-4dc01642fd091eda/matrix-sdk-0.7.1/src/room/mod.rs:1345:14
     |
1345 |             .await
     |              ^^^^^
     |
     = help: consider increasing the recursion limit by adding a `#![recursion_limit = "256"]` attribute to your crate (`matrix_sdk`)

error[E0275]: overflow evaluating the requirement `{async block@/home/adwin/.cargo/registry/src/mirrors.tuna.tsinghua.edu.cn-4dc01642fd091eda/matrix-sdk-0.7.1/src/sliding_sync/mod.rs:608:42: 608:52}: std::marker::Send`
   --> /home/adwin/.cargo/registry/src/mirrors.tuna.tsinghua.edu.cn-4dc01642fd091eda/matrix-sdk-0.7.1/src/sliding_sync/mod.rs:608:36
    |
608 |                   let e2ee_uploads = spawn(async move {
    |  ____________________________________^
609 | |                     if let Err(error) = client.send_outgoing_requests().await {
610 | |                         error!(?error, "Error while sending outoging E2EE requests");
611 | |                     }
612 | |                 })
    | |__________________^
    |
    = help: consider increasing the recursion limit by adding a `#![recursion_limit = "256"]` attribute to your crate (`matrix_sdk`)
note: required by a bound in `tokio::spawn`
   --> /home/adwin/.cargo/registry/src/mirrors.tuna.tsinghua.edu.cn-4dc01642fd091eda/tokio-1.40.0/src/task/spawn.rs:167:21
    |
165 |     pub fn spawn<F>(future: F) -> JoinHandle<F::Output>
    |            ----- required by a bound in this function
166 |     where
167 |         F: Future + Send + 'static,
    |                     ^^^^ required by this bound in `spawn`

error[E0275]: overflow evaluating the requirement `Instrumented<{async block@/home/adwin/.cargo/registry/src/mirrors.tuna.tsinghua.edu.cn-4dc01642fd091eda/matrix-sdk-0.7.1/src/sliding_sync/mod.rs:654:22: 654:32}>: std::marker::Send`
   --> /home/adwin/.cargo/registry/src/mirrors.tuna.tsinghua.edu.cn-4dc01642fd091eda/matrix-sdk-0.7.1/src/sliding_sync/mod.rs:686:9
    |
686 |         spawn(future.instrument(Span::current())).await.unwrap()
    |         ^^^^^^^^^^^^^^^^^^^^^^^^^^^^^^^^^^^^^^^^^
    |
    = help: consider increasing the recursion limit by adding a `#![recursion_limit = "256"]` attribute to your crate (`matrix_sdk`)
note: required by a bound in `tokio::spawn`
   --> /home/adwin/.cargo/registry/src/mirrors.tuna.tsinghua.edu.cn-4dc01642fd091eda/tokio-1.40.0/src/task/spawn.rs:167:21
    |
165 |     pub fn spawn<F>(future: F) -> JoinHandle<F::Output>
    |            ----- required by a bound in this function
166 |     where
167 |         F: Future + Send + 'static,
    |                     ^^^^ required by this bound in `spawn`

Some errors have detailed explanations: E0275, E0283.
For more information about an error, try `rustc --explain E0275`.
error: could not compile `matrix-sdk` (lib) due to 23 previous errors
