Running as unit: run-p1739082-i14319190.scope; invocation ID: 294e1c4622194cdcb7122362242e6377
   Compiling proc-macro2 v1.0.103
   Compiling unicode-ident v1.0.22
   Compiling quote v1.0.42
   Compiling libc v0.2.178
    Checking cfg-if v1.0.4
   Compiling version_check v0.9.5
   Compiling typenum v1.19.0
   Compiling autocfg v1.5.0
    Checking pin-project-lite v0.2.16
   Compiling generic-array v0.14.7
    Checking memchr v2.7.6
   Compiling crossbeam-utils v0.8.21
    Checking zeroize v1.8.2
    Checking futures-core v0.3.31
    Checking stable_deref_trait v1.2.1
    Checking parking v2.2.1
    Checking futures-io v0.3.31
    Checking concurrent-queue v2.5.0
   Compiling find-msvc-tools v0.1.5
   Compiling syn v2.0.111
   Compiling shlex v1.3.0
    Checking subtle v2.6.1
    Checking fastrand v2.3.0
   Compiling num-traits v0.2.19
    Checking scopeguard v1.2.0
   Compiling dunce v1.0.5
   Compiling fs_extra v1.3.0
   Compiling rustix v1.1.2
    Checking itoa v1.0.15
    Checking smallvec v1.15.1
   Compiling jobserver v0.1.34
    Checking lock_api v0.4.14
    Checking futures-lite v2.6.1
    Checking bitflags v2.10.0
   Compiling cc v1.2.49
    Checking linux-raw-sys v0.11.0
    Checking crypto-common v0.1.7
    Checking block-padding v0.3.3
    Checking inout v0.1.4
    Checking block-buffer v0.10.4
    Checking digest v0.10.7
    Checking cipher v0.4.4
   Compiling async-io v2.6.0
    Checking litemap v0.8.1
    Checking writeable v0.6.2
    Checking base64ct v1.8.1
    Checking slab v0.4.11
    Checking const-oid v0.9.6
    Checking pem-rfc7468 v0.7.0
    Checking flagset v0.4.7
   Compiling cmake v0.1.54
   Compiling num-conv v0.1.0
   Compiling icu_normalizer_data v2.1.1
    Checking minimal-lexical v0.2.1
   Compiling thiserror v2.0.17
   Compiling time-core v0.1.6
   Compiling serde_core v1.0.228
   Compiling icu_properties_data v2.1.2
    Checking powerfmt v0.2.0
   Compiling aws-lc-sys v0.34.0
   Compiling aws-lc-rs v1.15.1
    Checking deranged v0.5.5
   Compiling time-macros v0.2.24
    Checking nom v7.1.3
    Checking rustls-pki-types v1.13.1
   Compiling zerocopy v0.8.31
   Compiling getrandom v0.3.4
    Checking cpufeatures v0.2.17
    Checking time v0.3.44
    Checking polling v3.11.0
   Compiling synstructure v0.13.2
    Checking rusticata-macros v4.1.0
    Checking num-integer v0.1.46
    Checking futures-sink v0.3.31
   Compiling serde v1.0.228
    Checking num-bigint v0.4.6
    Checking hmac v0.12.1
    Checking spin v0.9.8
    Checking event-listener v5.4.1
   Compiling oid-registry v0.8.1
    Checking untrusted v0.9.0
   Compiling displaydoc v0.2.5
   Compiling zerofrom-derive v0.1.6
   Compiling yoke-derive v0.8.1
   Compiling zerovec-derive v0.11.2
   Compiling der_derive v0.7.3
   Compiling async-trait v0.1.89
   Compiling thiserror-impl v2.0.17
    Checking zerofrom v0.1.6
   Compiling asn1-rs-derive v0.6.0
    Checking yoke v0.8.1
    Checking der v0.7.10
    Checking zerovec v0.11.5
    Checking zerotrie v0.2.3
    Checking executor-trait v2.1.2
   Compiling asn1-rs-impl v0.2.0
   Compiling serde_derive v1.0.228
    Checking tinystr v0.8.2
    Checking potential_utf v0.1.4
    Checking icu_locale_core v2.1.1
    Checking spki v0.7.3
    Checking icu_collections v2.1.1
   Compiling rustls v0.23.35
    Checking x509-cert v0.2.5
    Checking asn1-rs v0.7.1
    Checking ppv-lite86 v0.2.21
    Checking icu_provider v2.1.1
    Checking event-listener-strategy v0.5.4
    Checking flume v0.11.1
    Checking icu_properties v2.1.2
    Checking icu_normalizer v2.1.1
    Checking pbkdf2 v0.12.2
    Checking rand_core v0.9.3
    Checking sha2 v0.10.9
    Checking salsa20 v0.10.2
   Compiling serde_json v1.0.145
    Checking ryu v1.0.20
    Checking once_cell v1.21.3
    Checking utf8_iter v1.0.4
    Checking log v0.4.29
    Checking percent-encoding v2.3.2
    Checking scrypt v0.11.0
    Checking der-parser v10.0.0
    Checking form_urlencoded v1.2.2
    Checking rand_chacha v0.9.0
    Checking idna_adapter v1.2.1
    Checking idna v1.1.0
    Checking cms v0.2.3
    Checking reactor-trait v3.1.1
    Checking aes v0.8.4
    Checking cbc v0.1.2
    Checking atomic-waker v1.1.2
    Checking data-encoding v2.9.0
    Checking lazy_static v1.5.0
   Compiling parking_lot_core v0.9.12
    Checking openssl-probe v0.1.6
    Checking async-task v4.7.1
    Checking x509-parser v0.17.0
    Checking pkcs12 v0.1.0
    Checking rustls-native-certs v0.8.2
    Checking pkcs5 v0.7.1
    Checking piper v0.2.4
    Checking rand v0.9.2
    Checking async-channel v2.5.0
    Checking sha1 v0.10.6
    Checking des v0.8.1
    Checking rc2 v0.8.1
    Checking nom v8.0.0
    Checking base64 v0.22.1
    Checking bytes v1.11.0
    Checking cookie-factory v0.3.3
    Checking hex v0.4.3
    Checking p12-keystore v0.2.0
    Checking blocking v1.6.2
    Checking async-executor v1.13.3
    Checking reactor-trait v2.8.0
    Checking async-lock v3.4.1
    Checking rustls-pemfile v2.2.0
    Checking url v2.5.7
    Checking socket2 v0.6.1
    Checking aho-corasick v1.1.4
    Checking tracing-core v0.1.35
    Checking regex-syntax v0.8.8
    Checking async-global-executor v3.1.0
    Checking parking_lot v0.12.5
    Checking tracing v0.1.43
   Compiling tokio-macros v2.6.0
    Checking signal-hook-registry v1.4.7
    Checking mio v1.1.1
   Compiling amq-protocol v8.3.1
    Checking utf8parse v0.2.2
    Checking async-global-executor-trait v2.2.0
    Checking anstyle-parse v0.2.7
    Checking executor-trait v3.1.0
    Checking anstyle v1.0.13
    Checking anstyle-query v1.1.5
   Compiling lapin v3.7.2
    Checking tokio v1.48.0
    Checking is_terminal_polyfill v1.70.2
    Checking colorchoice v1.0.4
    Checking async-global-executor-trait v3.1.0
    Checking anstream v0.6.21
    Checking regex-automata v0.4.13
    Checking combine v4.6.7
    Checking async-reactor-trait v3.1.1
    Checking backon v1.6.0
    Checking sha1_smol v1.0.1
    Checking jiff v0.2.16
    Checking regex v1.12.2
    Checking env_filter v0.1.4
    Checking env_logger v0.11.8
    Checking tokio-stream v0.1.17
    Checking tokio-util v0.7.17
    Checking redis v0.32.7
    Checking amq-protocol-types v8.3.1
    Checking amq-protocol-uri v8.3.1
    Checking rustls-webpki v0.103.8
    Checking futures-rustls v0.26.0
    Checking rustls-connector v0.21.11
    Checking tcp-stream v0.30.9
    Checking amq-protocol-tcp v8.3.1
error[E0275]: overflow evaluating the requirement `Box<PromiseResolver<Consumer>>: CoerceUnsized<Box<dyn Cancelable + Send>>`
   --> /home/adwin/.cargo/registry/src/mirrors.tuna.tsinghua.edu.cn-4dc01642fd091eda/lapin-3.7.2/src/generated.rs:442:17
    |
442 |                 Box::new(resolver),
    |                 ^^^^^^^^^^^^^^^^^^
    |
    = help: consider increasing the recursion limit by adding a `#![recursion_limit = "256"]` attribute to your crate (`lapin`)
    = note: required for the cast from `Box<PromiseResolver<Consumer>>` to `Box<(dyn Cancelable + Send + 'static)>`

error[E0275]: overflow evaluating the requirement `Pin<Box<impl Future<Output = ()>>>: CoerceUnsized<Pin<Box<dyn Future<Output = ()> + Send>>>`
   --> /home/adwin/.cargo/registry/src/mirrors.tuna.tsinghua.edu.cn-4dc01642fd091eda/lapin-3.7.2/src/internal_rpc.rs:271:38
    |
271 |         self.handle().executor.spawn(Box::pin(self.run(channels)));
    |                                      ^^^^^^^^^^^^^^^^^^^^^^^^^^^^
    |
    = help: consider increasing the recursion limit by adding a `#![recursion_limit = "256"]` attribute to your crate (`lapin`)
    = note: required for the cast from `Pin<Box<impl Future<Output = ()>>>` to `Pin<Box<(dyn Future<Output = ()> + Send + 'static)>>`

error[E0275]: overflow evaluating the requirement `{async block@/home/adwin/.cargo/registry/src/mirrors.tuna.tsinghua.edu.cn-4dc01642fd091eda/lapin-3.7.2/src/channel.rs:1019:52: 1019:62}: Send`
    --> /home/adwin/.cargo/registry/src/mirrors.tuna.tsinghua.edu.cn-4dc01642fd091eda/lapin-3.7.2/src/channel.rs:1019:27
     |
1019 |         self.internal_rpc.register_internal_future(async move {
     |                           ^^^^^^^^^^^^^^^^^^^^^^^^
     |
     = help: consider increasing the recursion limit by adding a `#![recursion_limit = "256"]` attribute to your crate (`lapin`)
note: required by a bound in `InternalRPCHandle::register_internal_future`
    --> /home/adwin/.cargo/registry/src/mirrors.tuna.tsinghua.edu.cn-4dc01642fd091eda/lapin-3.7.2/src/internal_rpc.rs:176:47
     |
 174 |     pub(crate) fn register_internal_future(
     |                   ------------------------ required by a bound in this associated function
 175 |         &self,
 176 |         f: impl Future<Output = Result<()>> + Send + 'static,
     |                                               ^^^^ required by this bound in `InternalRPCHandle::register_internal_future`

error[E0275]: overflow evaluating the requirement `{async block@/home/adwin/.cargo/registry/src/mirrors.tuna.tsinghua.edu.cn-4dc01642fd091eda/lapin-3.7.2/src/internal_rpc.rs:354:53: 354:63}: Send`
   --> /home/adwin/.cargo/registry/src/mirrors.tuna.tsinghua.edu.cn-4dc01642fd091eda/lapin-3.7.2/src/internal_rpc.rs:354:28
    |
354 |                     handle.register_internal_future(async move {
    |                            ^^^^^^^^^^^^^^^^^^^^^^^^
    |
    = help: consider increasing the recursion limit by adding a `#![recursion_limit = "256"]` attribute to your crate (`lapin`)
note: required by a bound in `InternalRPCHandle::register_internal_future`
   --> /home/adwin/.cargo/registry/src/mirrors.tuna.tsinghua.edu.cn-4dc01642fd091eda/lapin-3.7.2/src/internal_rpc.rs:176:47
    |
174 |     pub(crate) fn register_internal_future(
    |                   ------------------------ required by a bound in this associated function
175 |         &self,
176 |         f: impl Future<Output = Result<()>> + Send + 'static,
    |                                               ^^^^ required by this bound in `InternalRPCHandle::register_internal_future`

error[E0275]: overflow evaluating the requirement `{async block@/home/adwin/.cargo/registry/src/mirrors.tuna.tsinghua.edu.cn-4dc01642fd091eda/lapin-3.7.2/src/internal_rpc.rs:393:53: 393:63}: Send`
   --> /home/adwin/.cargo/registry/src/mirrors.tuna.tsinghua.edu.cn-4dc01642fd091eda/lapin-3.7.2/src/internal_rpc.rs:393:28
    |
393 |                     handle.register_internal_future(async move { channels.start_recovery().await })
    |                            ^^^^^^^^^^^^^^^^^^^^^^^^
    |
    = help: consider increasing the recursion limit by adding a `#![recursion_limit = "256"]` attribute to your crate (`lapin`)
note: required by a bound in `InternalRPCHandle::register_internal_future`
   --> /home/adwin/.cargo/registry/src/mirrors.tuna.tsinghua.edu.cn-4dc01642fd091eda/lapin-3.7.2/src/internal_rpc.rs:176:47
    |
174 |     pub(crate) fn register_internal_future(
    |                   ------------------------ required by a bound in this associated function
175 |         &self,
176 |         f: impl Future<Output = Result<()>> + Send + 'static,
    |                                               ^^^^ required by this bound in `InternalRPCHandle::register_internal_future`

For more information about this error, try `rustc --explain E0275`.
error: could not compile `lapin` (lib) due to 5 previous errors
