Running as unit: run-p341165-i341465.scope; invocation ID: c3c2b2bb49f4401ba1169ffc7ba41495
    Updating `tuna` index
     Locking 268 packages to latest compatible versions
      Adding crypto-common v0.1.6 (available: v0.1.7)
 Downloading crates ...
  Downloaded ddnet-account-sql v0.3.0 (registry `tuna`)
  Downloaded machine-uid v0.5.4 (registry `tuna`)
  Downloaded ddnet-accounts-types v0.1.0 (registry `tuna`)
  Downloaded ddnet-accounts-shared v0.2.0 (registry `tuna`)
   Compiling proc-macro2 v1.0.106
   Compiling quote v1.0.44
   Compiling unicode-ident v1.0.23
   Compiling libc v0.2.182
   Compiling version_check v0.9.5
    Checking cfg-if v1.0.4
    Checking zeroize v1.8.2
   Compiling typenum v1.19.0
    Checking subtle v2.6.1
    Checking const-oid v0.9.6
   Compiling serde_core v1.0.228
   Compiling libm v0.2.16
   Compiling generic-array v0.14.9
   Compiling autocfg v1.5.0
    Checking cpufeatures v0.2.17
    Checking base64ct v1.8.3
   Compiling zerocopy v0.8.39
   Compiling icu_properties_data v2.1.2
   Compiling num-traits v0.2.19
   Compiling shlex v1.3.0
   Compiling find-msvc-tools v0.1.9
   Compiling icu_normalizer_data v2.1.1
   Compiling cc v1.2.56
   Compiling stable_deref_trait v1.2.1
   Compiling syn v2.0.115
   Compiling serde v1.0.228
    Checking getrandom v0.2.17
    Checking pem-rfc7468 v0.7.0
    Checking rand_core v0.6.4
   Compiling crossbeam-utils v0.8.21
    Checking flagset v0.4.7
   Compiling parking_lot_core v0.9.12
   Compiling smallvec v1.15.1
   Compiling zmij v1.0.21
   Compiling litemap v0.8.1
   Compiling writeable v0.6.2
    Checking memchr v2.8.0
    Checking crypto-common v0.1.6
    Checking block-buffer v0.10.4
   Compiling ring v0.17.14
    Checking digest v0.10.7
   Compiling thiserror v2.0.18
    Checking sha2 v0.10.9
   Compiling num-bigint-dig v0.8.6
   Compiling serde_json v1.0.149
    Checking pin-project-lite v0.2.16
   Compiling rustls v0.23.36
   Compiling rustls-pki-types v1.14.0
   Compiling futures-core v0.3.31
   Compiling der v0.7.10
    Checking signature v2.2.0
   Compiling once_cell v1.21.3
   Compiling scopeguard v1.2.0
    Checking untrusted v0.9.0
   Compiling equivalent v1.0.2
   Compiling lock_api v0.4.14
   Compiling num-integer v0.1.46
    Checking hmac v0.12.1
   Compiling mio v1.1.1
   Compiling spki v0.7.3
   Compiling socket2 v0.6.2
   Compiling futures-sink v0.3.31
   Compiling percent-encoding v2.3.2
   Compiling foldhash v0.1.5
   Compiling utf8_iter v1.0.4
   Compiling allocator-api2 v0.2.21
   Compiling bytes v1.11.1
   Compiling tinyvec_macros v0.1.1
   Compiling synstructure v0.13.2
   Compiling spin v0.9.8
   Compiling lazy_static v1.5.0
   Compiling tokio v1.49.0
   Compiling tinyvec v1.10.0
    Checking futures-channel v0.3.31
   Compiling hashbrown v0.15.5
   Compiling form_urlencoded v1.2.2
   Compiling pkcs8 v0.10.2
   Compiling parking_lot v0.12.5
   Compiling rustls-webpki v0.103.9
   Compiling num-iter v0.1.45
   Compiling concurrent-queue v2.5.0
   Compiling tracing-core v0.1.36
   Compiling webpki-roots v1.0.6
   Compiling zerofrom-derive v0.1.6
   Compiling yoke-derive v0.8.1
   Compiling zerovec-derive v0.11.2
   Compiling displaydoc v0.2.5
   Compiling serde_derive v1.0.228
   Compiling der_derive v0.7.3
   Compiling thiserror-impl v2.0.18
   Compiling tracing-attributes v0.1.31
   Compiling ppv-lite86 v0.2.21
   Compiling zerofrom v0.1.6
   Compiling yoke v0.8.1
   Compiling zerovec v0.11.5
   Compiling zerotrie v0.2.3
   Compiling rand_chacha v0.3.1
   Compiling rand v0.8.5
   Compiling futures-macro v0.3.31
   Compiling tinystr v0.8.2
   Compiling potential_utf v0.1.4
   Compiling icu_locale_core v2.1.1
   Compiling icu_collections v2.1.1
   Compiling iana-time-zone v0.1.65
    Checking pin-utils v0.1.0
    Checking base64 v0.22.1
   Compiling slab v0.4.12
    Checking icu_provider v2.1.1
   Compiling futures-io v0.3.31
   Compiling crc-catalog v2.4.0
   Compiling log v0.4.29
   Compiling hashbrown v0.16.1
    Checking icu_properties v2.1.2
    Checking icu_normalizer v2.1.1
   Compiling itoa v1.0.17
   Compiling futures-task v0.3.31
   Compiling heck v0.5.0
   Compiling parking v2.2.1
   Compiling indexmap v2.13.0
   Compiling event-listener v5.4.1
    Checking futures-util v0.3.31
    Checking idna_adapter v1.2.1
    Checking idna v1.1.0
   Compiling either v1.15.0
   Compiling tracing v0.1.44
   Compiling crc v3.4.0
   Compiling tokio-stream v0.1.18
   Compiling chrono v0.4.43
   Compiling url v2.5.8
   Compiling webpki-roots v0.26.11
   Compiling hashlink v0.10.0
   Compiling futures-intrusive v0.5.0
   Compiling pkcs1 v0.7.5
   Compiling unicode-normalization v0.1.25
   Compiling crossbeam-queue v0.3.12
    Checking ff v0.13.1
    Checking base16ct v0.2.0
   Compiling rustversion v1.0.22
   Compiling object v0.37.3
   Compiling unicode-bidi v0.3.18
   Compiling unicode-properties v0.1.4
   Compiling semver v1.0.27
    Checking sec1 v0.7.3
   Compiling stringprep v0.1.5
   Compiling rustc_version v0.4.1
    Checking group v0.13.0
   Compiling hkdf v0.12.4
   Compiling rsa v0.9.10
   Compiling bitflags v2.10.0
   Compiling sha1 v0.10.6
   Compiling atoi v2.0.0
   Compiling md-5 v0.10.6
    Checking crypto-bigint v0.5.5
   Compiling byteorder v1.5.0
    Checking gimli v0.32.3
    Checking adler2 v2.0.1
   Compiling whoami v1.6.1
   Compiling hex v0.4.3
    Checking powerfmt v0.2.0
   Compiling dotenvy v0.15.7
    Checking deranged v0.5.6
   Compiling sqlx-core v0.8.6
    Checking elliptic-curve v0.13.8
    Checking miniz_oxide v0.8.9
   Compiling curve25519-dalek v4.1.3
    Checking addr2line v0.25.1
   Compiling anyhow v1.0.101
    Checking rustc-demangle v0.1.27
    Checking num-conv v0.2.0
    Checking time-core v0.1.8
   Compiling curve25519-dalek-derive v0.1.1
    Checking time v0.3.47
    Checking rfc6979 v0.4.0
    Checking yasna v0.5.2
    Checking ecdsa v0.16.9
   Compiling strum_macros v0.26.4
    Checking primeorder v0.13.6
    Checking futures-executor v0.3.31
    Checking ed25519 v2.2.3
    Checking pem v3.0.6
    Checking blake2 v0.10.6
    Checking password-hash v0.5.0
    Checking rcgen v0.13.2
    Checking futures v0.3.31
   Compiling sqlx-mysql v0.8.6
    Checking argon2 v0.5.3
    Checking p256 v0.13.2
    Checking generic-array v1.3.5
    Checking ed25519-dalek v2.2.0
    Checking email_address v0.2.9
error[E0275]: overflow evaluating the requirement `GenericArray<T, UInt<UTerm, typenum::B1>> well-formed`
   --> /home/adwin/.cargo/registry/src/mirrors.tuna.tsinghua.edu.cn-4dc01642fd091eda/generic-array-1.3.5/src/impls.rs:161:13
    |
161 |               fn from(tuple: ($(impl_tuple!(@T $t),)*)) -> Self {
    |               ^^^^^^^^^^^^^^^^^^^^^^^^^^^^^^^^^^^^^^^^^^^^^^^^^
...
178 | / impl_tuple! {
179 | |     consts::U1  => (A,);
180 | |     consts::U2  => (A,B,);
181 | |     consts::U3  => (A,B,C,);
...   |
190 | |     consts::U12 => (A,B,C,D,E,F,G,H,I,J,K,L,);
191 | | }
    | |_- in this macro invocation
    |
    = help: consider increasing the recursion limit by adding a `#![recursion_limit = "256"]` attribute to your crate (`generic_array`)
note: the requirement `GenericArray<T, UInt<UTerm, typenum::B1>> well-formed` appears on the `impl`'s associated function `from` but not on the corresponding trait's associated function
   --> /home/adwin/.rustup/toolchains/nightly-x86_64-unknown-linux-gnu/lib/rustlib/src/rust/library/core/src/convert/mod.rs:592:8
    |
587 | pub const trait From<T>: Sized {
    |                 ---- in this trait
...
592 |     fn from(value: T) -> Self;
    |        ^^^^ this trait's associated function doesn't have the requirement `GenericArray<T, UInt<UTerm, typenum::B1>> well-formed`
    = note: this error originates in the macro `impl_tuple` (in Nightly builds, run with -Z macro-backtrace for more info)

error[E0275]: overflow evaluating the requirement `GenericArray<T, UInt<UTerm, typenum::B1>>: Sized`
   --> /home/adwin/.cargo/registry/src/mirrors.tuna.tsinghua.edu.cn-4dc01642fd091eda/generic-array-1.3.5/src/impls.rs:158:53
    |
158 |           impl<T> From<($(impl_tuple!(@T $t),)*)> for GenericArray<T, $len> {
    |                                                       ^^^^^^^^^^^^^^^^^^^^^
...
178 | / impl_tuple! {
179 | |     consts::U1  => (A,);
180 | |     consts::U2  => (A,B,);
181 | |     consts::U3  => (A,B,C,);
...   |
190 | |     consts::U12 => (A,B,C,D,E,F,G,H,I,J,K,L,);
191 | | }
    | |_- in this macro invocation
    |
    = help: consider increasing the recursion limit by adding a `#![recursion_limit = "256"]` attribute to your crate (`generic_array`)
note: required by a bound in `From`
   --> /home/adwin/.rustup/toolchains/nightly-x86_64-unknown-linux-gnu/lib/rustlib/src/rust/library/core/src/convert/mod.rs:587:26
    |
587 | pub const trait From<T>: Sized {
    |                          ^^^^^ required by this bound in `From`
    = note: this error originates in the macro `impl_tuple` (in Nightly builds, run with -Z macro-backtrace for more info)

error[E0275]: overflow evaluating the requirement `GenericArray<T, UInt<UTerm, typenum::B1>> well-formed`
   --> /home/adwin/.cargo/registry/src/mirrors.tuna.tsinghua.edu.cn-4dc01642fd091eda/generic-array-1.3.5/src/impls.rs:158:53
    |
158 |           impl<T> From<($(impl_tuple!(@T $t),)*)> for GenericArray<T, $len> {
    |                                                       ^^^^^^^^^^^^^^^^^^^^^
...
178 | / impl_tuple! {
179 | |     consts::U1  => (A,);
180 | |     consts::U2  => (A,B,);
181 | |     consts::U3  => (A,B,C,);
...   |
190 | |     consts::U12 => (A,B,C,D,E,F,G,H,I,J,K,L,);
191 | | }
    | |_- in this macro invocation
    |
    = help: consider increasing the recursion limit by adding a `#![recursion_limit = "256"]` attribute to your crate (`generic_array`)
    = note: this error originates in the macro `impl_tuple` (in Nightly builds, run with -Z macro-backtrace for more info)

error[E0275]: overflow evaluating the requirement `GenericArray<T, UInt<UTerm, typenum::B1>> well-formed`
   --> /home/adwin/.cargo/registry/src/mirrors.tuna.tsinghua.edu.cn-4dc01642fd091eda/generic-array-1.3.5/src/impls.rs:170:13
    |
170 |               fn from(array: GenericArray<T, $len>) -> Self {
    |               ^^^^^^^^^^^^^^^^^^^^^^^^^^^^^^^^^^^^^^^^^^^^^
...
178 | / impl_tuple! {
179 | |     consts::U1  => (A,);
180 | |     consts::U2  => (A,B,);
181 | |     consts::U3  => (A,B,C,);
...   |
190 | |     consts::U12 => (A,B,C,D,E,F,G,H,I,J,K,L,);
191 | | }
    | |_- in this macro invocation
    |
    = help: consider increasing the recursion limit by adding a `#![recursion_limit = "256"]` attribute to your crate (`generic_array`)
note: the requirement `GenericArray<T, UInt<UTerm, typenum::B1>> well-formed` appears on the `impl`'s associated function `from` but not on the corresponding trait's associated function
   --> /home/adwin/.rustup/toolchains/nightly-x86_64-unknown-linux-gnu/lib/rustlib/src/rust/library/core/src/convert/mod.rs:592:8
    |
587 | pub const trait From<T>: Sized {
    |                 ---- in this trait
...
592 |     fn from(value: T) -> Self;
    |        ^^^^ this trait's associated function doesn't have the requirement `GenericArray<T, UInt<UTerm, typenum::B1>> well-formed`
    = note: this error originates in the macro `impl_tuple` (in Nightly builds, run with -Z macro-backtrace for more info)

error[E0275]: overflow evaluating the requirement `GenericArray<T, UInt<UTerm, typenum::B1>>: Sized`
   --> /home/adwin/.cargo/registry/src/mirrors.tuna.tsinghua.edu.cn-4dc01642fd091eda/generic-array-1.3.5/src/impls.rs:167:17
    |
167 |           impl<T> From<GenericArray<T, $len>> for ($(impl_tuple!(@T $t),)*) {
    |                   ^^^^^^^^^^^^^^^^^^^^^^^^^^^
...
178 | / impl_tuple! {
179 | |     consts::U1  => (A,);
180 | |     consts::U2  => (A,B,);
181 | |     consts::U3  => (A,B,C,);
...   |
190 | |     consts::U12 => (A,B,C,D,E,F,G,H,I,J,K,L,);
191 | | }
    | |_- in this macro invocation
    |
    = help: consider increasing the recursion limit by adding a `#![recursion_limit = "256"]` attribute to your crate (`generic_array`)
note: required by an implicit `Sized` bound in `From`
   --> /home/adwin/.rustup/toolchains/nightly-x86_64-unknown-linux-gnu/lib/rustlib/src/rust/library/core/src/convert/mod.rs:587:22
    |
587 | pub const trait From<T>: Sized {
    |                      ^ required by the implicit `Sized` requirement on this type parameter in `From`
    = note: this error originates in the macro `impl_tuple` (in Nightly builds, run with -Z macro-backtrace for more info)

error[E0275]: overflow evaluating the requirement `GenericArray<T, UInt<UTerm, typenum::B1>> well-formed`
   --> /home/adwin/.cargo/registry/src/mirrors.tuna.tsinghua.edu.cn-4dc01642fd091eda/generic-array-1.3.5/src/impls.rs:167:17
    |
167 |           impl<T> From<GenericArray<T, $len>> for ($(impl_tuple!(@T $t),)*) {
    |                   ^^^^^^^^^^^^^^^^^^^^^^^^^^^
...
178 | / impl_tuple! {
179 | |     consts::U1  => (A,);
180 | |     consts::U2  => (A,B,);
181 | |     consts::U3  => (A,B,C,);
...   |
190 | |     consts::U12 => (A,B,C,D,E,F,G,H,I,J,K,L,);
191 | | }
    | |_- in this macro invocation
    |
    = help: consider increasing the recursion limit by adding a `#![recursion_limit = "256"]` attribute to your crate (`generic_array`)
    = note: this error originates in the macro `impl_tuple` (in Nightly builds, run with -Z macro-backtrace for more info)

error[E0275]: overflow evaluating the requirement `GenericArray<T, UInt<UInt<UTerm, typenum::B1>, B0>> well-formed`
   --> /home/adwin/.cargo/registry/src/mirrors.tuna.tsinghua.edu.cn-4dc01642fd091eda/generic-array-1.3.5/src/impls.rs:161:13
    |
161 |               fn from(tuple: ($(impl_tuple!(@T $t),)*)) -> Self {
    |               ^^^^^^^^^^^^^^^^^^^^^^^^^^^^^^^^^^^^^^^^^^^^^^^^^
...
178 | / impl_tuple! {
179 | |     consts::U1  => (A,);
180 | |     consts::U2  => (A,B,);
181 | |     consts::U3  => (A,B,C,);
...   |
190 | |     consts::U12 => (A,B,C,D,E,F,G,H,I,J,K,L,);
191 | | }
    | |_- in this macro invocation
    |
    = help: consider increasing the recursion limit by adding a `#![recursion_limit = "256"]` attribute to your crate (`generic_array`)
note: the requirement `GenericArray<T, UInt<UInt<UTerm, typenum::B1>, B0>> well-formed` appears on the `impl`'s associated function `from` but not on the corresponding trait's associated function
   --> /home/adwin/.rustup/toolchains/nightly-x86_64-unknown-linux-gnu/lib/rustlib/src/rust/library/core/src/convert/mod.rs:592:8
    |
587 | pub const trait From<T>: Sized {
    |                 ---- in this trait
...
592 |     fn from(value: T) -> Self;
    |        ^^^^ this trait's associated function doesn't have the requirement `GenericArray<T, UInt<UInt<UTerm, typenum::B1>, B0>> well-formed`
    = note: this error originates in the macro `impl_tuple` (in Nightly builds, run with -Z macro-backtrace for more info)

error[E0275]: overflow evaluating the requirement `GenericArray<T, UInt<UInt<UTerm, typenum::B1>, B0>>: Sized`
   --> /home/adwin/.cargo/registry/src/mirrors.tuna.tsinghua.edu.cn-4dc01642fd091eda/generic-array-1.3.5/src/impls.rs:158:53
    |
158 |           impl<T> From<($(impl_tuple!(@T $t),)*)> for GenericArray<T, $len> {
    |                                                       ^^^^^^^^^^^^^^^^^^^^^
...
178 | / impl_tuple! {
179 | |     consts::U1  => (A,);
180 | |     consts::U2  => (A,B,);
181 | |     consts::U3  => (A,B,C,);
...   |
190 | |     consts::U12 => (A,B,C,D,E,F,G,H,I,J,K,L,);
191 | | }
    | |_- in this macro invocation
    |
    = help: consider increasing the recursion limit by adding a `#![recursion_limit = "256"]` attribute to your crate (`generic_array`)
note: required by a bound in `From`
   --> /home/adwin/.rustup/toolchains/nightly-x86_64-unknown-linux-gnu/lib/rustlib/src/rust/library/core/src/convert/mod.rs:587:26
    |
587 | pub const trait From<T>: Sized {
    |                          ^^^^^ required by this bound in `From`
    = note: this error originates in the macro `impl_tuple` (in Nightly builds, run with -Z macro-backtrace for more info)

error[E0275]: overflow evaluating the requirement `GenericArray<T, UInt<UInt<UTerm, typenum::B1>, B0>> well-formed`
   --> /home/adwin/.cargo/registry/src/mirrors.tuna.tsinghua.edu.cn-4dc01642fd091eda/generic-array-1.3.5/src/impls.rs:158:53
    |
158 |           impl<T> From<($(impl_tuple!(@T $t),)*)> for GenericArray<T, $len> {
    |                                                       ^^^^^^^^^^^^^^^^^^^^^
...
178 | / impl_tuple! {
179 | |     consts::U1  => (A,);
180 | |     consts::U2  => (A,B,);
181 | |     consts::U3  => (A,B,C,);
...   |
190 | |     consts::U12 => (A,B,C,D,E,F,G,H,I,J,K,L,);
191 | | }
    | |_- in this macro invocation
    |
    = help: consider increasing the recursion limit by adding a `#![recursion_limit = "256"]` attribute to your crate (`generic_array`)
    = note: this error originates in the macro `impl_tuple` (in Nightly builds, run with -Z macro-backtrace for more info)

error[E0275]: overflow evaluating the requirement `GenericArray<T, UInt<UInt<UTerm, typenum::B1>, B0>> well-formed`
   --> /home/adwin/.cargo/registry/src/mirrors.tuna.tsinghua.edu.cn-4dc01642fd091eda/generic-array-1.3.5/src/impls.rs:170:13
    |
170 |               fn from(array: GenericArray<T, $len>) -> Self {
    |               ^^^^^^^^^^^^^^^^^^^^^^^^^^^^^^^^^^^^^^^^^^^^^
...
178 | / impl_tuple! {
179 | |     consts::U1  => (A,);
180 | |     consts::U2  => (A,B,);
181 | |     consts::U3  => (A,B,C,);
...   |
190 | |     consts::U12 => (A,B,C,D,E,F,G,H,I,J,K,L,);
191 | | }
    | |_- in this macro invocation
    |
    = help: consider increasing the recursion limit by adding a `#![recursion_limit = "256"]` attribute to your crate (`generic_array`)
note: the requirement `GenericArray<T, UInt<UInt<UTerm, typenum::B1>, B0>> well-formed` appears on the `impl`'s associated function `from` but not on the corresponding trait's associated function
   --> /home/adwin/.rustup/toolchains/nightly-x86_64-unknown-linux-gnu/lib/rustlib/src/rust/library/core/src/convert/mod.rs:592:8
    |
587 | pub const trait From<T>: Sized {
    |                 ---- in this trait
...
592 |     fn from(value: T) -> Self;
    |        ^^^^ this trait's associated function doesn't have the requirement `GenericArray<T, UInt<UInt<UTerm, typenum::B1>, B0>> well-formed`
    = note: this error originates in the macro `impl_tuple` (in Nightly builds, run with -Z macro-backtrace for more info)

error[E0275]: overflow evaluating the requirement `GenericArray<T, UInt<UInt<UTerm, typenum::B1>, B0>>: Sized`
   --> /home/adwin/.cargo/registry/src/mirrors.tuna.tsinghua.edu.cn-4dc01642fd091eda/generic-array-1.3.5/src/impls.rs:167:17
    |
167 |           impl<T> From<GenericArray<T, $len>> for ($(impl_tuple!(@T $t),)*) {
    |                   ^^^^^^^^^^^^^^^^^^^^^^^^^^^
...
178 | / impl_tuple! {
179 | |     consts::U1  => (A,);
180 | |     consts::U2  => (A,B,);
181 | |     consts::U3  => (A,B,C,);
...   |
190 | |     consts::U12 => (A,B,C,D,E,F,G,H,I,J,K,L,);
191 | | }
    | |_- in this macro invocation
    |
    = help: consider increasing the recursion limit by adding a `#![recursion_limit = "256"]` attribute to your crate (`generic_array`)
note: required by an implicit `Sized` bound in `From`
   --> /home/adwin/.rustup/toolchains/nightly-x86_64-unknown-linux-gnu/lib/rustlib/src/rust/library/core/src/convert/mod.rs:587:22
    |
587 | pub const trait From<T>: Sized {
    |                      ^ required by the implicit `Sized` requirement on this type parameter in `From`
    = note: this error originates in the macro `impl_tuple` (in Nightly builds, run with -Z macro-backtrace for more info)

error[E0275]: overflow evaluating the requirement `GenericArray<T, UInt<UInt<UTerm, typenum::B1>, B0>> well-formed`
   --> /home/adwin/.cargo/registry/src/mirrors.tuna.tsinghua.edu.cn-4dc01642fd091eda/generic-array-1.3.5/src/impls.rs:167:17
    |
167 |           impl<T> From<GenericArray<T, $len>> for ($(impl_tuple!(@T $t),)*) {
    |                   ^^^^^^^^^^^^^^^^^^^^^^^^^^^
...
178 | / impl_tuple! {
179 | |     consts::U1  => (A,);
180 | |     consts::U2  => (A,B,);
181 | |     consts::U3  => (A,B,C,);
...   |
190 | |     consts::U12 => (A,B,C,D,E,F,G,H,I,J,K,L,);
191 | | }
    | |_- in this macro invocation
    |
    = help: consider increasing the recursion limit by adding a `#![recursion_limit = "256"]` attribute to your crate (`generic_array`)
    = note: this error originates in the macro `impl_tuple` (in Nightly builds, run with -Z macro-backtrace for more info)

error[E0275]: overflow evaluating the requirement `GenericArray<T, UInt<UInt<UTerm, typenum::B1>, typenum::B1>> well-formed`
   --> /home/adwin/.cargo/registry/src/mirrors.tuna.tsinghua.edu.cn-4dc01642fd091eda/generic-array-1.3.5/src/impls.rs:161:13
    |
161 |               fn from(tuple: ($(impl_tuple!(@T $t),)*)) -> Self {
    |               ^^^^^^^^^^^^^^^^^^^^^^^^^^^^^^^^^^^^^^^^^^^^^^^^^
...
178 | / impl_tuple! {
179 | |     consts::U1  => (A,);
180 | |     consts::U2  => (A,B,);
181 | |     consts::U3  => (A,B,C,);
...   |
190 | |     consts::U12 => (A,B,C,D,E,F,G,H,I,J,K,L,);
191 | | }
    | |_- in this macro invocation
    |
    = help: consider increasing the recursion limit by adding a `#![recursion_limit = "256"]` attribute to your crate (`generic_array`)
note: the requirement `GenericArray<T, UInt<UInt<UTerm, typenum::B1>, typenum::B1>> well-formed` appears on the `impl`'s associated function `from` but not on the corresponding trait's associated function
   --> /home/adwin/.rustup/toolchains/nightly-x86_64-unknown-linux-gnu/lib/rustlib/src/rust/library/core/src/convert/mod.rs:592:8
    |
587 | pub const trait From<T>: Sized {
    |                 ---- in this trait
...
592 |     fn from(value: T) -> Self;
    |        ^^^^ this trait's associated function doesn't have the requirement `GenericArray<T, UInt<UInt<UTerm, typenum::B1>, typenum::B1>> well-formed`
    = note: this error originates in the macro `impl_tuple` (in Nightly builds, run with -Z macro-backtrace for more info)

error[E0275]: overflow evaluating the requirement `GenericArray<T, UInt<UInt<UTerm, typenum::B1>, typenum::B1>>: Sized`
   --> /home/adwin/.cargo/registry/src/mirrors.tuna.tsinghua.edu.cn-4dc01642fd091eda/generic-array-1.3.5/src/impls.rs:158:53
    |
158 |           impl<T> From<($(impl_tuple!(@T $t),)*)> for GenericArray<T, $len> {
    |                                                       ^^^^^^^^^^^^^^^^^^^^^
...
178 | / impl_tuple! {
179 | |     consts::U1  => (A,);
180 | |     consts::U2  => (A,B,);
181 | |     consts::U3  => (A,B,C,);
...   |
190 | |     consts::U12 => (A,B,C,D,E,F,G,H,I,J,K,L,);
191 | | }
    | |_- in this macro invocation
    |
    = help: consider increasing the recursion limit by adding a `#![recursion_limit = "256"]` attribute to your crate (`generic_array`)
note: required by a bound in `From`
   --> /home/adwin/.rustup/toolchains/nightly-x86_64-unknown-linux-gnu/lib/rustlib/src/rust/library/core/src/convert/mod.rs:587:26
    |
587 | pub const trait From<T>: Sized {
    |                          ^^^^^ required by this bound in `From`
    = note: this error originates in the macro `impl_tuple` (in Nightly builds, run with -Z macro-backtrace for more info)

error[E0275]: overflow evaluating the requirement `GenericArray<T, UInt<UInt<UTerm, typenum::B1>, typenum::B1>> well-formed`
   --> /home/adwin/.cargo/registry/src/mirrors.tuna.tsinghua.edu.cn-4dc01642fd091eda/generic-array-1.3.5/src/impls.rs:158:53
    |
158 |           impl<T> From<($(impl_tuple!(@T $t),)*)> for GenericArray<T, $len> {
    |                                                       ^^^^^^^^^^^^^^^^^^^^^
...
178 | / impl_tuple! {
179 | |     consts::U1  => (A,);
180 | |     consts::U2  => (A,B,);
181 | |     consts::U3  => (A,B,C,);
...   |
190 | |     consts::U12 => (A,B,C,D,E,F,G,H,I,J,K,L,);
191 | | }
    | |_- in this macro invocation
    |
    = help: consider increasing the recursion limit by adding a `#![recursion_limit = "256"]` attribute to your crate (`generic_array`)
    = note: this error originates in the macro `impl_tuple` (in Nightly builds, run with -Z macro-backtrace for more info)

error[E0275]: overflow evaluating the requirement `GenericArray<T, UInt<UInt<UTerm, typenum::B1>, typenum::B1>> well-formed`
   --> /home/adwin/.cargo/registry/src/mirrors.tuna.tsinghua.edu.cn-4dc01642fd091eda/generic-array-1.3.5/src/impls.rs:170:13
    |
170 |               fn from(array: GenericArray<T, $len>) -> Self {
    |               ^^^^^^^^^^^^^^^^^^^^^^^^^^^^^^^^^^^^^^^^^^^^^
...
178 | / impl_tuple! {
179 | |     consts::U1  => (A,);
180 | |     consts::U2  => (A,B,);
181 | |     consts::U3  => (A,B,C,);
...   |
190 | |     consts::U12 => (A,B,C,D,E,F,G,H,I,J,K,L,);
191 | | }
    | |_- in this macro invocation
    |
    = help: consider increasing the recursion limit by adding a `#![recursion_limit = "256"]` attribute to your crate (`generic_array`)
note: the requirement `GenericArray<T, UInt<UInt<UTerm, typenum::B1>, typenum::B1>> well-formed` appears on the `impl`'s associated function `from` but not on the corresponding trait's associated function
   --> /home/adwin/.rustup/toolchains/nightly-x86_64-unknown-linux-gnu/lib/rustlib/src/rust/library/core/src/convert/mod.rs:592:8
    |
587 | pub const trait From<T>: Sized {
    |                 ---- in this trait
...
592 |     fn from(value: T) -> Self;
    |        ^^^^ this trait's associated function doesn't have the requirement `GenericArray<T, UInt<UInt<UTerm, typenum::B1>, typenum::B1>> well-formed`
    = note: this error originates in the macro `impl_tuple` (in Nightly builds, run with -Z macro-backtrace for more info)

error[E0275]: overflow evaluating the requirement `GenericArray<T, UInt<UInt<UTerm, typenum::B1>, typenum::B1>>: Sized`
   --> /home/adwin/.cargo/registry/src/mirrors.tuna.tsinghua.edu.cn-4dc01642fd091eda/generic-array-1.3.5/src/impls.rs:167:17
    |
167 |           impl<T> From<GenericArray<T, $len>> for ($(impl_tuple!(@T $t),)*) {
    |                   ^^^^^^^^^^^^^^^^^^^^^^^^^^^
...
178 | / impl_tuple! {
179 | |     consts::U1  => (A,);
180 | |     consts::U2  => (A,B,);
181 | |     consts::U3  => (A,B,C,);
...   |
190 | |     consts::U12 => (A,B,C,D,E,F,G,H,I,J,K,L,);
191 | | }
    | |_- in this macro invocation
    |
    = help: consider increasing the recursion limit by adding a `#![recursion_limit = "256"]` attribute to your crate (`generic_array`)
note: required by an implicit `Sized` bound in `From`
   --> /home/adwin/.rustup/toolchains/nightly-x86_64-unknown-linux-gnu/lib/rustlib/src/rust/library/core/src/convert/mod.rs:587:22
    |
587 | pub const trait From<T>: Sized {
    |                      ^ required by the implicit `Sized` requirement on this type parameter in `From`
    = note: this error originates in the macro `impl_tuple` (in Nightly builds, run with -Z macro-backtrace for more info)

error[E0275]: overflow evaluating the requirement `GenericArray<T, UInt<UInt<UTerm, typenum::B1>, typenum::B1>> well-formed`
   --> /home/adwin/.cargo/registry/src/mirrors.tuna.tsinghua.edu.cn-4dc01642fd091eda/generic-array-1.3.5/src/impls.rs:167:17
    |
167 |           impl<T> From<GenericArray<T, $len>> for ($(impl_tuple!(@T $t),)*) {
    |                   ^^^^^^^^^^^^^^^^^^^^^^^^^^^
...
178 | / impl_tuple! {
179 | |     consts::U1  => (A,);
180 | |     consts::U2  => (A,B,);
181 | |     consts::U3  => (A,B,C,);
...   |
190 | |     consts::U12 => (A,B,C,D,E,F,G,H,I,J,K,L,);
191 | | }
    | |_- in this macro invocation
    |
    = help: consider increasing the recursion limit by adding a `#![recursion_limit = "256"]` attribute to your crate (`generic_array`)
    = note: this error originates in the macro `impl_tuple` (in Nightly builds, run with -Z macro-backtrace for more info)

error[E0275]: overflow evaluating the requirement `GenericArray<T, UInt<UInt<UInt<UTerm, typenum::B1>, ...>, ...>> well-formed`
   --> /home/adwin/.cargo/registry/src/mirrors.tuna.tsinghua.edu.cn-4dc01642fd091eda/generic-array-1.3.5/src/impls.rs:161:13
    |
161 |               fn from(tuple: ($(impl_tuple!(@T $t),)*)) -> Self {
    |               ^^^^^^^^^^^^^^^^^^^^^^^^^^^^^^^^^^^^^^^^^^^^^^^^^
...
178 | / impl_tuple! {
179 | |     consts::U1  => (A,);
180 | |     consts::U2  => (A,B,);
181 | |     consts::U3  => (A,B,C,);
...   |
190 | |     consts::U12 => (A,B,C,D,E,F,G,H,I,J,K,L,);
191 | | }
    | |_- in this macro invocation
    |
    = help: consider increasing the recursion limit by adding a `#![recursion_limit = "256"]` attribute to your crate (`generic_array`)
note: the requirement `GenericArray<T, UInt<UInt<UInt<UTerm, typenum::B1>, B0>, B0>> well-formed` appears on the `impl`'s associated function `from` but not on the corresponding trait's associated function
   --> /home/adwin/.rustup/toolchains/nightly-x86_64-unknown-linux-gnu/lib/rustlib/src/rust/library/core/src/convert/mod.rs:592:8
    |
587 | pub const trait From<T>: Sized {
    |                 ---- in this trait
...
592 |     fn from(value: T) -> Self;
    |        ^^^^ this trait's associated function doesn't have the requirement `GenericArray<T, UInt<UInt<UInt<UTerm, typenum::B1>, B0>, B0>> well-formed`
    = note: this error originates in the macro `impl_tuple` (in Nightly builds, run with -Z macro-backtrace for more info)

error[E0275]: overflow evaluating the requirement `GenericArray<T, UInt<UInt<UInt<UTerm, typenum::B1>, ...>, ...>>: Sized`
   --> /home/adwin/.cargo/registry/src/mirrors.tuna.tsinghua.edu.cn-4dc01642fd091eda/generic-array-1.3.5/src/impls.rs:158:53
    |
158 |           impl<T> From<($(impl_tuple!(@T $t),)*)> for GenericArray<T, $len> {
    |                                                       ^^^^^^^^^^^^^^^^^^^^^
...
178 | / impl_tuple! {
179 | |     consts::U1  => (A,);
180 | |     consts::U2  => (A,B,);
181 | |     consts::U3  => (A,B,C,);
...   |
190 | |     consts::U12 => (A,B,C,D,E,F,G,H,I,J,K,L,);
191 | | }
    | |_- in this macro invocation
    |
    = help: consider increasing the recursion limit by adding a `#![recursion_limit = "256"]` attribute to your crate (`generic_array`)
note: required by a bound in `From`
   --> /home/adwin/.rustup/toolchains/nightly-x86_64-unknown-linux-gnu/lib/rustlib/src/rust/library/core/src/convert/mod.rs:587:26
    |
587 | pub const trait From<T>: Sized {
    |                          ^^^^^ required by this bound in `From`
    = note: this error originates in the macro `impl_tuple` (in Nightly builds, run with -Z macro-backtrace for more info)

error[E0275]: overflow evaluating the requirement `GenericArray<T, UInt<UInt<UInt<UTerm, typenum::B1>, ...>, ...>> well-formed`
   --> /home/adwin/.cargo/registry/src/mirrors.tuna.tsinghua.edu.cn-4dc01642fd091eda/generic-array-1.3.5/src/impls.rs:158:53
    |
158 |           impl<T> From<($(impl_tuple!(@T $t),)*)> for GenericArray<T, $len> {
    |                                                       ^^^^^^^^^^^^^^^^^^^^^
...
178 | / impl_tuple! {
179 | |     consts::U1  => (A,);
180 | |     consts::U2  => (A,B,);
181 | |     consts::U3  => (A,B,C,);
...   |
190 | |     consts::U12 => (A,B,C,D,E,F,G,H,I,J,K,L,);
191 | | }
    | |_- in this macro invocation
    |
    = help: consider increasing the recursion limit by adding a `#![recursion_limit = "256"]` attribute to your crate (`generic_array`)
    = note: this error originates in the macro `impl_tuple` (in Nightly builds, run with -Z macro-backtrace for more info)

error[E0275]: overflow evaluating the requirement `GenericArray<T, UInt<UInt<UInt<UTerm, typenum::B1>, ...>, ...>> well-formed`
   --> /home/adwin/.cargo/registry/src/mirrors.tuna.tsinghua.edu.cn-4dc01642fd091eda/generic-array-1.3.5/src/impls.rs:170:13
    |
170 |               fn from(array: GenericArray<T, $len>) -> Self {
    |               ^^^^^^^^^^^^^^^^^^^^^^^^^^^^^^^^^^^^^^^^^^^^^
...
178 | / impl_tuple! {
179 | |     consts::U1  => (A,);
180 | |     consts::U2  => (A,B,);
181 | |     consts::U3  => (A,B,C,);
...   |
190 | |     consts::U12 => (A,B,C,D,E,F,G,H,I,J,K,L,);
191 | | }
    | |_- in this macro invocation
    |
    = help: consider increasing the recursion limit by adding a `#![recursion_limit = "256"]` attribute to your crate (`generic_array`)
note: the requirement `GenericArray<T, UInt<UInt<UInt<UTerm, typenum::B1>, B0>, B0>> well-formed` appears on the `impl`'s associated function `from` but not on the corresponding trait's associated function
   --> /home/adwin/.rustup/toolchains/nightly-x86_64-unknown-linux-gnu/lib/rustlib/src/rust/library/core/src/convert/mod.rs:592:8
    |
587 | pub const trait From<T>: Sized {
    |                 ---- in this trait
...
592 |     fn from(value: T) -> Self;
    |        ^^^^ this trait's associated function doesn't have the requirement `GenericArray<T, UInt<UInt<UInt<UTerm, typenum::B1>, B0>, B0>> well-formed`
    = note: this error originates in the macro `impl_tuple` (in Nightly builds, run with -Z macro-backtrace for more info)

error[E0275]: overflow evaluating the requirement `GenericArray<T, UInt<UInt<UInt<UTerm, typenum::B1>, ...>, ...>>: Sized`
   --> /home/adwin/.cargo/registry/src/mirrors.tuna.tsinghua.edu.cn-4dc01642fd091eda/generic-array-1.3.5/src/impls.rs:167:17
    |
167 |           impl<T> From<GenericArray<T, $len>> for ($(impl_tuple!(@T $t),)*) {
    |                   ^^^^^^^^^^^^^^^^^^^^^^^^^^^
...
178 | / impl_tuple! {
179 | |     consts::U1  => (A,);
180 | |     consts::U2  => (A,B,);
181 | |     consts::U3  => (A,B,C,);
...   |
190 | |     consts::U12 => (A,B,C,D,E,F,G,H,I,J,K,L,);
191 | | }
    | |_- in this macro invocation
    |
    = help: consider increasing the recursion limit by adding a `#![recursion_limit = "256"]` attribute to your crate (`generic_array`)
note: required by an implicit `Sized` bound in `From`
   --> /home/adwin/.rustup/toolchains/nightly-x86_64-unknown-linux-gnu/lib/rustlib/src/rust/library/core/src/convert/mod.rs:587:22
    |
587 | pub const trait From<T>: Sized {
    |                      ^ required by the implicit `Sized` requirement on this type parameter in `From`
    = note: this error originates in the macro `impl_tuple` (in Nightly builds, run with -Z macro-backtrace for more info)

error[E0275]: overflow evaluating the requirement `GenericArray<T, UInt<UInt<UInt<UTerm, typenum::B1>, ...>, ...>> well-formed`
   --> /home/adwin/.cargo/registry/src/mirrors.tuna.tsinghua.edu.cn-4dc01642fd091eda/generic-array-1.3.5/src/impls.rs:167:17
    |
167 |           impl<T> From<GenericArray<T, $len>> for ($(impl_tuple!(@T $t),)*) {
    |                   ^^^^^^^^^^^^^^^^^^^^^^^^^^^
...
178 | / impl_tuple! {
179 | |     consts::U1  => (A,);
180 | |     consts::U2  => (A,B,);
181 | |     consts::U3  => (A,B,C,);
...   |
190 | |     consts::U12 => (A,B,C,D,E,F,G,H,I,J,K,L,);
191 | | }
    | |_- in this macro invocation
    |
    = help: consider increasing the recursion limit by adding a `#![recursion_limit = "256"]` attribute to your crate (`generic_array`)
    = note: this error originates in the macro `impl_tuple` (in Nightly builds, run with -Z macro-backtrace for more info)

error[E0275]: overflow evaluating the requirement `GenericArray<T, UInt<UInt<UInt<UTerm, typenum::B1>, ...>, ...>> well-formed`
   --> /home/adwin/.cargo/registry/src/mirrors.tuna.tsinghua.edu.cn-4dc01642fd091eda/generic-array-1.3.5/src/impls.rs:161:13
    |
161 |               fn from(tuple: ($(impl_tuple!(@T $t),)*)) -> Self {
    |               ^^^^^^^^^^^^^^^^^^^^^^^^^^^^^^^^^^^^^^^^^^^^^^^^^
...
178 | / impl_tuple! {
179 | |     consts::U1  => (A,);
180 | |     consts::U2  => (A,B,);
181 | |     consts::U3  => (A,B,C,);
...   |
190 | |     consts::U12 => (A,B,C,D,E,F,G,H,I,J,K,L,);
191 | | }
    | |_- in this macro invocation
    |
    = help: consider increasing the recursion limit by adding a `#![recursion_limit = "256"]` attribute to your crate (`generic_array`)
note: the requirement `GenericArray<T, UInt<UInt<UInt<UTerm, typenum::B1>, B0>, typenum::B1>> well-formed` appears on the `impl`'s associated function `from` but not on the corresponding trait's associated function
   --> /home/adwin/.rustup/toolchains/nightly-x86_64-unknown-linux-gnu/lib/rustlib/src/rust/library/core/src/convert/mod.rs:592:8
    |
587 | pub const trait From<T>: Sized {
    |                 ---- in this trait
...
592 |     fn from(value: T) -> Self;
    |        ^^^^ this trait's associated function doesn't have the requirement `GenericArray<T, UInt<UInt<UInt<UTerm, typenum::B1>, B0>, typenum::B1>> well-formed`
    = note: this error originates in the macro `impl_tuple` (in Nightly builds, run with -Z macro-backtrace for more info)

error[E0275]: overflow evaluating the requirement `GenericArray<T, UInt<UInt<UInt<UTerm, typenum::B1>, ...>, ...>> well-formed`
   --> /home/adwin/.cargo/registry/src/mirrors.tuna.tsinghua.edu.cn-4dc01642fd091eda/generic-array-1.3.5/src/impls.rs:170:13
    |
170 |               fn from(array: GenericArray<T, $len>) -> Self {
    |               ^^^^^^^^^^^^^^^^^^^^^^^^^^^^^^^^^^^^^^^^^^^^^
...
178 | / impl_tuple! {
179 | |     consts::U1  => (A,);
180 | |     consts::U2  => (A,B,);
181 | |     consts::U3  => (A,B,C,);
...   |
190 | |     consts::U12 => (A,B,C,D,E,F,G,H,I,J,K,L,);
191 | | }
    | |_- in this macro invocation
    |
    = help: consider increasing the recursion limit by adding a `#![recursion_limit = "256"]` attribute to your crate (`generic_array`)
note: the requirement `GenericArray<T, UInt<UInt<UInt<UTerm, typenum::B1>, B0>, typenum::B1>> well-formed` appears on the `impl`'s associated function `from` but not on the corresponding trait's associated function
   --> /home/adwin/.rustup/toolchains/nightly-x86_64-unknown-linux-gnu/lib/rustlib/src/rust/library/core/src/convert/mod.rs:592:8
    |
587 | pub const trait From<T>: Sized {
    |                 ---- in this trait
...
592 |     fn from(value: T) -> Self;
    |        ^^^^ this trait's associated function doesn't have the requirement `GenericArray<T, UInt<UInt<UInt<UTerm, typenum::B1>, B0>, typenum::B1>> well-formed`
    = note: this error originates in the macro `impl_tuple` (in Nightly builds, run with -Z macro-backtrace for more info)

error[E0275]: overflow evaluating the requirement `GenericArray<T, UInt<UInt<UInt<UTerm, typenum::B1>, ...>, ...>> well-formed`
   --> /home/adwin/.cargo/registry/src/mirrors.tuna.tsinghua.edu.cn-4dc01642fd091eda/generic-array-1.3.5/src/impls.rs:161:13
    |
161 |               fn from(tuple: ($(impl_tuple!(@T $t),)*)) -> Self {
    |               ^^^^^^^^^^^^^^^^^^^^^^^^^^^^^^^^^^^^^^^^^^^^^^^^^
...
178 | / impl_tuple! {
179 | |     consts::U1  => (A,);
180 | |     consts::U2  => (A,B,);
181 | |     consts::U3  => (A,B,C,);
...   |
190 | |     consts::U12 => (A,B,C,D,E,F,G,H,I,J,K,L,);
191 | | }
    | |_- in this macro invocation
    |
    = help: consider increasing the recursion limit by adding a `#![recursion_limit = "256"]` attribute to your crate (`generic_array`)
note: the requirement `GenericArray<T, UInt<UInt<UInt<UTerm, typenum::B1>, typenum::B1>, B0>> well-formed` appears on the `impl`'s associated function `from` but not on the corresponding trait's associated function
   --> /home/adwin/.rustup/toolchains/nightly-x86_64-unknown-linux-gnu/lib/rustlib/src/rust/library/core/src/convert/mod.rs:592:8
    |
587 | pub const trait From<T>: Sized {
    |                 ---- in this trait
...
592 |     fn from(value: T) -> Self;
    |        ^^^^ this trait's associated function doesn't have the requirement `GenericArray<T, UInt<UInt<UInt<UTerm, typenum::B1>, typenum::B1>, B0>> well-formed`
    = note: this error originates in the macro `impl_tuple` (in Nightly builds, run with -Z macro-backtrace for more info)

error[E0275]: overflow evaluating the requirement `GenericArray<T, UInt<UInt<UInt<UTerm, typenum::B1>, ...>, ...>> well-formed`
   --> /home/adwin/.cargo/registry/src/mirrors.tuna.tsinghua.edu.cn-4dc01642fd091eda/generic-array-1.3.5/src/impls.rs:170:13
    |
170 |               fn from(array: GenericArray<T, $len>) -> Self {
    |               ^^^^^^^^^^^^^^^^^^^^^^^^^^^^^^^^^^^^^^^^^^^^^
...
178 | / impl_tuple! {
179 | |     consts::U1  => (A,);
180 | |     consts::U2  => (A,B,);
181 | |     consts::U3  => (A,B,C,);
...   |
190 | |     consts::U12 => (A,B,C,D,E,F,G,H,I,J,K,L,);
191 | | }
    | |_- in this macro invocation
    |
    = help: consider increasing the recursion limit by adding a `#![recursion_limit = "256"]` attribute to your crate (`generic_array`)
note: the requirement `GenericArray<T, UInt<UInt<UInt<UTerm, typenum::B1>, typenum::B1>, B0>> well-formed` appears on the `impl`'s associated function `from` but not on the corresponding trait's associated function
   --> /home/adwin/.rustup/toolchains/nightly-x86_64-unknown-linux-gnu/lib/rustlib/src/rust/library/core/src/convert/mod.rs:592:8
    |
587 | pub const trait From<T>: Sized {
    |                 ---- in this trait
...
592 |     fn from(value: T) -> Self;
    |        ^^^^ this trait's associated function doesn't have the requirement `GenericArray<T, UInt<UInt<UInt<UTerm, typenum::B1>, typenum::B1>, B0>> well-formed`
    = note: this error originates in the macro `impl_tuple` (in Nightly builds, run with -Z macro-backtrace for more info)

error[E0275]: overflow evaluating the requirement `GenericArray<T, UInt<UInt<UInt<UTerm, typenum::B1>, ...>, ...>> well-formed`
   --> /home/adwin/.cargo/registry/src/mirrors.tuna.tsinghua.edu.cn-4dc01642fd091eda/generic-array-1.3.5/src/impls.rs:161:13
    |
161 |               fn from(tuple: ($(impl_tuple!(@T $t),)*)) -> Self {
    |               ^^^^^^^^^^^^^^^^^^^^^^^^^^^^^^^^^^^^^^^^^^^^^^^^^
...
178 | / impl_tuple! {
179 | |     consts::U1  => (A,);
180 | |     consts::U2  => (A,B,);
181 | |     consts::U3  => (A,B,C,);
...   |
190 | |     consts::U12 => (A,B,C,D,E,F,G,H,I,J,K,L,);
191 | | }
    | |_- in this macro invocation
    |
    = help: consider increasing the recursion limit by adding a `#![recursion_limit = "256"]` attribute to your crate (`generic_array`)
note: the requirement `GenericArray<T, UInt<UInt<UInt<UTerm, typenum::B1>, typenum::B1>, typenum::B1>> well-formed` appears on the `impl`'s associated function `from` but not on the corresponding trait's associated function
   --> /home/adwin/.rustup/toolchains/nightly-x86_64-unknown-linux-gnu/lib/rustlib/src/rust/library/core/src/convert/mod.rs:592:8
    |
587 | pub const trait From<T>: Sized {
    |                 ---- in this trait
...
592 |     fn from(value: T) -> Self;
    |        ^^^^ this trait's associated function doesn't have the requirement `GenericArray<T, UInt<UInt<UInt<UTerm, typenum::B1>, typenum::B1>, typenum::B1>> well-formed`
    = note: this error originates in the macro `impl_tuple` (in Nightly builds, run with -Z macro-backtrace for more info)

error[E0275]: overflow evaluating the requirement `GenericArray<T, UInt<UInt<UInt<UTerm, typenum::B1>, ...>, ...>> well-formed`
   --> /home/adwin/.cargo/registry/src/mirrors.tuna.tsinghua.edu.cn-4dc01642fd091eda/generic-array-1.3.5/src/impls.rs:170:13
    |
170 |               fn from(array: GenericArray<T, $len>) -> Self {
    |               ^^^^^^^^^^^^^^^^^^^^^^^^^^^^^^^^^^^^^^^^^^^^^
...
178 | / impl_tuple! {
179 | |     consts::U1  => (A,);
180 | |     consts::U2  => (A,B,);
181 | |     consts::U3  => (A,B,C,);
...   |
190 | |     consts::U12 => (A,B,C,D,E,F,G,H,I,J,K,L,);
191 | | }
    | |_- in this macro invocation
    |
    = help: consider increasing the recursion limit by adding a `#![recursion_limit = "256"]` attribute to your crate (`generic_array`)
note: the requirement `GenericArray<T, UInt<UInt<UInt<UTerm, typenum::B1>, typenum::B1>, typenum::B1>> well-formed` appears on the `impl`'s associated function `from` but not on the corresponding trait's associated function
   --> /home/adwin/.rustup/toolchains/nightly-x86_64-unknown-linux-gnu/lib/rustlib/src/rust/library/core/src/convert/mod.rs:592:8
    |
587 | pub const trait From<T>: Sized {
    |                 ---- in this trait
...
592 |     fn from(value: T) -> Self;
    |        ^^^^ this trait's associated function doesn't have the requirement `GenericArray<T, UInt<UInt<UInt<UTerm, typenum::B1>, typenum::B1>, typenum::B1>> well-formed`
    = note: this error originates in the macro `impl_tuple` (in Nightly builds, run with -Z macro-backtrace for more info)

error[E0275]: overflow evaluating the requirement `GenericArray<T, UInt<UInt<UInt<UInt<UTerm, ...>, ...>, ...>, ...>> well-formed`
   --> /home/adwin/.cargo/registry/src/mirrors.tuna.tsinghua.edu.cn-4dc01642fd091eda/generic-array-1.3.5/src/impls.rs:161:13
    |
161 |               fn from(tuple: ($(impl_tuple!(@T $t),)*)) -> Self {
    |               ^^^^^^^^^^^^^^^^^^^^^^^^^^^^^^^^^^^^^^^^^^^^^^^^^
...
178 | / impl_tuple! {
179 | |     consts::U1  => (A,);
180 | |     consts::U2  => (A,B,);
181 | |     consts::U3  => (A,B,C,);
...   |
190 | |     consts::U12 => (A,B,C,D,E,F,G,H,I,J,K,L,);
191 | | }
    | |_- in this macro invocation
    |
    = help: consider increasing the recursion limit by adding a `#![recursion_limit = "256"]` attribute to your crate (`generic_array`)
note: the requirement `GenericArray<T, UInt<UInt<UInt<UInt<UTerm, typenum::B1>, B0>, B0>, B0>> well-formed` appears on the `impl`'s associated function `from` but not on the corresponding trait's associated function
   --> /home/adwin/.rustup/toolchains/nightly-x86_64-unknown-linux-gnu/lib/rustlib/src/rust/library/core/src/convert/mod.rs:592:8
    |
587 | pub const trait From<T>: Sized {
    |                 ---- in this trait
...
592 |     fn from(value: T) -> Self;
    |        ^^^^ this trait's associated function doesn't have the requirement `GenericArray<T, UInt<UInt<UInt<UInt<UTerm, typenum::B1>, B0>, B0>, B0>> well-formed`
    = note: this error originates in the macro `impl_tuple` (in Nightly builds, run with -Z macro-backtrace for more info)

    Checking x509-cert v0.2.5
error[E0275]: overflow evaluating the requirement `GenericArray<T, UInt<UInt<UInt<UInt<UTerm, ...>, ...>, ...>, ...>>: Sized`
   --> /home/adwin/.cargo/registry/src/mirrors.tuna.tsinghua.edu.cn-4dc01642fd091eda/generic-array-1.3.5/src/impls.rs:158:53
    |
158 |           impl<T> From<($(impl_tuple!(@T $t),)*)> for GenericArray<T, $len> {
    |                                                       ^^^^^^^^^^^^^^^^^^^^^
...
178 | / impl_tuple! {
179 | |     consts::U1  => (A,);
180 | |     consts::U2  => (A,B,);
181 | |     consts::U3  => (A,B,C,);
...   |
190 | |     consts::U12 => (A,B,C,D,E,F,G,H,I,J,K,L,);
191 | | }
    | |_- in this macro invocation
    |
    = help: consider increasing the recursion limit by adding a `#![recursion_limit = "256"]` attribute to your crate (`generic_array`)
note: required by a bound in `From`
   --> /home/adwin/.rustup/toolchains/nightly-x86_64-unknown-linux-gnu/lib/rustlib/src/rust/library/core/src/convert/mod.rs:587:26
    |
587 | pub const trait From<T>: Sized {
    |                          ^^^^^ required by this bound in `From`
    = note: this error originates in the macro `impl_tuple` (in Nightly builds, run with -Z macro-backtrace for more info)

error[E0275]: overflow evaluating the requirement `GenericArray<T, UInt<UInt<UInt<UInt<UTerm, ...>, ...>, ...>, ...>> well-formed`
   --> /home/adwin/.cargo/registry/src/mirrors.tuna.tsinghua.edu.cn-4dc01642fd091eda/generic-array-1.3.5/src/impls.rs:158:53
    |
158 |           impl<T> From<($(impl_tuple!(@T $t),)*)> for GenericArray<T, $len> {
    |                                                       ^^^^^^^^^^^^^^^^^^^^^
...
178 | / impl_tuple! {
179 | |     consts::U1  => (A,);
180 | |     consts::U2  => (A,B,);
181 | |     consts::U3  => (A,B,C,);
...   |
190 | |     consts::U12 => (A,B,C,D,E,F,G,H,I,J,K,L,);
191 | | }
    | |_- in this macro invocation
    |
    = help: consider increasing the recursion limit by adding a `#![recursion_limit = "256"]` attribute to your crate (`generic_array`)
    = note: this error originates in the macro `impl_tuple` (in Nightly builds, run with -Z macro-backtrace for more info)

error[E0275]: overflow evaluating the requirement `GenericArray<T, UInt<UInt<UInt<UInt<UTerm, ...>, ...>, ...>, ...>> well-formed`
   --> /home/adwin/.cargo/registry/src/mirrors.tuna.tsinghua.edu.cn-4dc01642fd091eda/generic-array-1.3.5/src/impls.rs:170:13
    |
170 |               fn from(array: GenericArray<T, $len>) -> Self {
    |               ^^^^^^^^^^^^^^^^^^^^^^^^^^^^^^^^^^^^^^^^^^^^^
...
178 | / impl_tuple! {
179 | |     consts::U1  => (A,);
180 | |     consts::U2  => (A,B,);
181 | |     consts::U3  => (A,B,C,);
...   |
190 | |     consts::U12 => (A,B,C,D,E,F,G,H,I,J,K,L,);
191 | | }
    | |_- in this macro invocation
    |
    = help: consider increasing the recursion limit by adding a `#![recursion_limit = "256"]` attribute to your crate (`generic_array`)
note: the requirement `GenericArray<T, UInt<UInt<UInt<UInt<UTerm, typenum::B1>, B0>, B0>, B0>> well-formed` appears on the `impl`'s associated function `from` but not on the corresponding trait's associated function
   --> /home/adwin/.rustup/toolchains/nightly-x86_64-unknown-linux-gnu/lib/rustlib/src/rust/library/core/src/convert/mod.rs:592:8
    |
587 | pub const trait From<T>: Sized {
    |                 ---- in this trait
...
592 |     fn from(value: T) -> Self;
    |        ^^^^ this trait's associated function doesn't have the requirement `GenericArray<T, UInt<UInt<UInt<UInt<UTerm, typenum::B1>, B0>, B0>, B0>> well-formed`
    = note: this error originates in the macro `impl_tuple` (in Nightly builds, run with -Z macro-backtrace for more info)

error[E0275]: overflow evaluating the requirement `GenericArray<T, UInt<UInt<UInt<UInt<UTerm, ...>, ...>, ...>, ...>>: Sized`
   --> /home/adwin/.cargo/registry/src/mirrors.tuna.tsinghua.edu.cn-4dc01642fd091eda/generic-array-1.3.5/src/impls.rs:167:17
    |
167 |           impl<T> From<GenericArray<T, $len>> for ($(impl_tuple!(@T $t),)*) {
    |                   ^^^^^^^^^^^^^^^^^^^^^^^^^^^
...
178 | / impl_tuple! {
179 | |     consts::U1  => (A,);
180 | |     consts::U2  => (A,B,);
181 | |     consts::U3  => (A,B,C,);
...   |
190 | |     consts::U12 => (A,B,C,D,E,F,G,H,I,J,K,L,);
191 | | }
    | |_- in this macro invocation
    |
    = help: consider increasing the recursion limit by adding a `#![recursion_limit = "256"]` attribute to your crate (`generic_array`)
note: required by an implicit `Sized` bound in `From`
   --> /home/adwin/.rustup/toolchains/nightly-x86_64-unknown-linux-gnu/lib/rustlib/src/rust/library/core/src/convert/mod.rs:587:22
    |
587 | pub const trait From<T>: Sized {
    |                      ^ required by the implicit `Sized` requirement on this type parameter in `From`
    = note: this error originates in the macro `impl_tuple` (in Nightly builds, run with -Z macro-backtrace for more info)

error[E0275]: overflow evaluating the requirement `GenericArray<T, UInt<UInt<UInt<UInt<UTerm, ...>, ...>, ...>, ...>> well-formed`
   --> /home/adwin/.cargo/registry/src/mirrors.tuna.tsinghua.edu.cn-4dc01642fd091eda/generic-array-1.3.5/src/impls.rs:167:17
    |
167 |           impl<T> From<GenericArray<T, $len>> for ($(impl_tuple!(@T $t),)*) {
    |                   ^^^^^^^^^^^^^^^^^^^^^^^^^^^
...
178 | / impl_tuple! {
179 | |     consts::U1  => (A,);
180 | |     consts::U2  => (A,B,);
181 | |     consts::U3  => (A,B,C,);
...   |
190 | |     consts::U12 => (A,B,C,D,E,F,G,H,I,J,K,L,);
191 | | }
    | |_- in this macro invocation
    |
    = help: consider increasing the recursion limit by adding a `#![recursion_limit = "256"]` attribute to your crate (`generic_array`)
    = note: this error originates in the macro `impl_tuple` (in Nightly builds, run with -Z macro-backtrace for more info)

error[E0275]: overflow evaluating the requirement `GenericArray<T, UInt<UInt<UInt<UInt<UTerm, ...>, ...>, ...>, ...>> well-formed`
   --> /home/adwin/.cargo/registry/src/mirrors.tuna.tsinghua.edu.cn-4dc01642fd091eda/generic-array-1.3.5/src/impls.rs:161:13
    |
161 |               fn from(tuple: ($(impl_tuple!(@T $t),)*)) -> Self {
    |               ^^^^^^^^^^^^^^^^^^^^^^^^^^^^^^^^^^^^^^^^^^^^^^^^^
...
178 | / impl_tuple! {
179 | |     consts::U1  => (A,);
180 | |     consts::U2  => (A,B,);
181 | |     consts::U3  => (A,B,C,);
...   |
190 | |     consts::U12 => (A,B,C,D,E,F,G,H,I,J,K,L,);
191 | | }
    | |_- in this macro invocation
    |
    = help: consider increasing the recursion limit by adding a `#![recursion_limit = "256"]` attribute to your crate (`generic_array`)
note: the requirement `GenericArray<T, UInt<UInt<UInt<UInt<UTerm, typenum::B1>, B0>, B0>, typenum::B1>> well-formed` appears on the `impl`'s associated function `from` but not on the corresponding trait's associated function
   --> /home/adwin/.rustup/toolchains/nightly-x86_64-unknown-linux-gnu/lib/rustlib/src/rust/library/core/src/convert/mod.rs:592:8
    |
587 | pub const trait From<T>: Sized {
    |                 ---- in this trait
...
592 |     fn from(value: T) -> Self;
    |        ^^^^ this trait's associated function doesn't have the requirement `GenericArray<T, UInt<UInt<UInt<UInt<UTerm, typenum::B1>, B0>, B0>, typenum::B1>> well-formed`
    = note: this error originates in the macro `impl_tuple` (in Nightly builds, run with -Z macro-backtrace for more info)

error[E0275]: overflow evaluating the requirement `GenericArray<T, UInt<UInt<UInt<UInt<UTerm, ...>, ...>, ...>, ...>> well-formed`
   --> /home/adwin/.cargo/registry/src/mirrors.tuna.tsinghua.edu.cn-4dc01642fd091eda/generic-array-1.3.5/src/impls.rs:170:13
    |
170 |               fn from(array: GenericArray<T, $len>) -> Self {
    |               ^^^^^^^^^^^^^^^^^^^^^^^^^^^^^^^^^^^^^^^^^^^^^
...
178 | / impl_tuple! {
179 | |     consts::U1  => (A,);
180 | |     consts::U2  => (A,B,);
181 | |     consts::U3  => (A,B,C,);
...   |
190 | |     consts::U12 => (A,B,C,D,E,F,G,H,I,J,K,L,);
191 | | }
    | |_- in this macro invocation
    |
    = help: consider increasing the recursion limit by adding a `#![recursion_limit = "256"]` attribute to your crate (`generic_array`)
note: the requirement `GenericArray<T, UInt<UInt<UInt<UInt<UTerm, typenum::B1>, B0>, B0>, typenum::B1>> well-formed` appears on the `impl`'s associated function `from` but not on the corresponding trait's associated function
   --> /home/adwin/.rustup/toolchains/nightly-x86_64-unknown-linux-gnu/lib/rustlib/src/rust/library/core/src/convert/mod.rs:592:8
    |
587 | pub const trait From<T>: Sized {
    |                 ---- in this trait
...
592 |     fn from(value: T) -> Self;
    |        ^^^^ this trait's associated function doesn't have the requirement `GenericArray<T, UInt<UInt<UInt<UInt<UTerm, typenum::B1>, B0>, B0>, typenum::B1>> well-formed`
    = note: this error originates in the macro `impl_tuple` (in Nightly builds, run with -Z macro-backtrace for more info)

error[E0275]: overflow evaluating the requirement `GenericArray<T, UInt<UInt<UInt<UInt<UTerm, ...>, ...>, ...>, ...>> well-formed`
   --> /home/adwin/.cargo/registry/src/mirrors.tuna.tsinghua.edu.cn-4dc01642fd091eda/generic-array-1.3.5/src/impls.rs:161:13
    |
161 |               fn from(tuple: ($(impl_tuple!(@T $t),)*)) -> Self {
    |               ^^^^^^^^^^^^^^^^^^^^^^^^^^^^^^^^^^^^^^^^^^^^^^^^^
...
178 | / impl_tuple! {
179 | |     consts::U1  => (A,);
180 | |     consts::U2  => (A,B,);
181 | |     consts::U3  => (A,B,C,);
...   |
190 | |     consts::U12 => (A,B,C,D,E,F,G,H,I,J,K,L,);
191 | | }
    | |_- in this macro invocation
    |
    = help: consider increasing the recursion limit by adding a `#![recursion_limit = "256"]` attribute to your crate (`generic_array`)
note: the requirement `GenericArray<T, UInt<UInt<UInt<UInt<UTerm, typenum::B1>, B0>, typenum::B1>, B0>> well-formed` appears on the `impl`'s associated function `from` but not on the corresponding trait's associated function
   --> /home/adwin/.rustup/toolchains/nightly-x86_64-unknown-linux-gnu/lib/rustlib/src/rust/library/core/src/convert/mod.rs:592:8
    |
587 | pub const trait From<T>: Sized {
    |                 ---- in this trait
...
592 |     fn from(value: T) -> Self;
    |        ^^^^ this trait's associated function doesn't have the requirement `GenericArray<T, UInt<UInt<UInt<UInt<UTerm, typenum::B1>, B0>, typenum::B1>, B0>> well-formed`
    = note: this error originates in the macro `impl_tuple` (in Nightly builds, run with -Z macro-backtrace for more info)

error[E0275]: overflow evaluating the requirement `GenericArray<T, UInt<UInt<UInt<UInt<UTerm, ...>, ...>, ...>, ...>> well-formed`
   --> /home/adwin/.cargo/registry/src/mirrors.tuna.tsinghua.edu.cn-4dc01642fd091eda/generic-array-1.3.5/src/impls.rs:170:13
    |
170 |               fn from(array: GenericArray<T, $len>) -> Self {
    |               ^^^^^^^^^^^^^^^^^^^^^^^^^^^^^^^^^^^^^^^^^^^^^
...
178 | / impl_tuple! {
179 | |     consts::U1  => (A,);
180 | |     consts::U2  => (A,B,);
181 | |     consts::U3  => (A,B,C,);
...   |
190 | |     consts::U12 => (A,B,C,D,E,F,G,H,I,J,K,L,);
191 | | }
    | |_- in this macro invocation
    |
    = help: consider increasing the recursion limit by adding a `#![recursion_limit = "256"]` attribute to your crate (`generic_array`)
note: the requirement `GenericArray<T, UInt<UInt<UInt<UInt<UTerm, typenum::B1>, B0>, typenum::B1>, B0>> well-formed` appears on the `impl`'s associated function `from` but not on the corresponding trait's associated function
   --> /home/adwin/.rustup/toolchains/nightly-x86_64-unknown-linux-gnu/lib/rustlib/src/rust/library/core/src/convert/mod.rs:592:8
    |
587 | pub const trait From<T>: Sized {
    |                 ---- in this trait
...
592 |     fn from(value: T) -> Self;
    |        ^^^^ this trait's associated function doesn't have the requirement `GenericArray<T, UInt<UInt<UInt<UInt<UTerm, typenum::B1>, B0>, typenum::B1>, B0>> well-formed`
    = note: this error originates in the macro `impl_tuple` (in Nightly builds, run with -Z macro-backtrace for more info)

error[E0275]: overflow evaluating the requirement `GenericArray<T, UInt<UInt<UInt<UInt<UTerm, ...>, ...>, ...>, ...>> well-formed`
   --> /home/adwin/.cargo/registry/src/mirrors.tuna.tsinghua.edu.cn-4dc01642fd091eda/generic-array-1.3.5/src/impls.rs:161:13
    |
161 |               fn from(tuple: ($(impl_tuple!(@T $t),)*)) -> Self {
    |               ^^^^^^^^^^^^^^^^^^^^^^^^^^^^^^^^^^^^^^^^^^^^^^^^^
...
178 | / impl_tuple! {
179 | |     consts::U1  => (A,);
180 | |     consts::U2  => (A,B,);
181 | |     consts::U3  => (A,B,C,);
...   |
190 | |     consts::U12 => (A,B,C,D,E,F,G,H,I,J,K,L,);
191 | | }
    | |_- in this macro invocation
    |
    = help: consider increasing the recursion limit by adding a `#![recursion_limit = "256"]` attribute to your crate (`generic_array`)
note: the requirement `GenericArray<T, UInt<UInt<UInt<UInt<UTerm, typenum::B1>, B0>, typenum::B1>, typenum::B1>> well-formed` appears on the `impl`'s associated function `from` but not on the corresponding trait's associated function
   --> /home/adwin/.rustup/toolchains/nightly-x86_64-unknown-linux-gnu/lib/rustlib/src/rust/library/core/src/convert/mod.rs:592:8
    |
587 | pub const trait From<T>: Sized {
    |                 ---- in this trait
...
592 |     fn from(value: T) -> Self;
    |        ^^^^ this trait's associated function doesn't have the requirement `GenericArray<T, UInt<UInt<UInt<UInt<UTerm, typenum::B1>, B0>, typenum::B1>, typenum::B1>> well-formed`
    = note: this error originates in the macro `impl_tuple` (in Nightly builds, run with -Z macro-backtrace for more info)

error[E0275]: overflow evaluating the requirement `GenericArray<T, UInt<UInt<UInt<UInt<UTerm, ...>, ...>, ...>, ...>> well-formed`
   --> /home/adwin/.cargo/registry/src/mirrors.tuna.tsinghua.edu.cn-4dc01642fd091eda/generic-array-1.3.5/src/impls.rs:170:13
    |
170 |               fn from(array: GenericArray<T, $len>) -> Self {
    |               ^^^^^^^^^^^^^^^^^^^^^^^^^^^^^^^^^^^^^^^^^^^^^
...
178 | / impl_tuple! {
179 | |     consts::U1  => (A,);
180 | |     consts::U2  => (A,B,);
181 | |     consts::U3  => (A,B,C,);
...   |
190 | |     consts::U12 => (A,B,C,D,E,F,G,H,I,J,K,L,);
191 | | }
    | |_- in this macro invocation
    |
    = help: consider increasing the recursion limit by adding a `#![recursion_limit = "256"]` attribute to your crate (`generic_array`)
note: the requirement `GenericArray<T, UInt<UInt<UInt<UInt<UTerm, typenum::B1>, B0>, typenum::B1>, typenum::B1>> well-formed` appears on the `impl`'s associated function `from` but not on the corresponding trait's associated function
   --> /home/adwin/.rustup/toolchains/nightly-x86_64-unknown-linux-gnu/lib/rustlib/src/rust/library/core/src/convert/mod.rs:592:8
    |
587 | pub const trait From<T>: Sized {
    |                 ---- in this trait
...
592 |     fn from(value: T) -> Self;
    |        ^^^^ this trait's associated function doesn't have the requirement `GenericArray<T, UInt<UInt<UInt<UInt<UTerm, typenum::B1>, B0>, typenum::B1>, typenum::B1>> well-formed`
    = note: this error originates in the macro `impl_tuple` (in Nightly builds, run with -Z macro-backtrace for more info)

error[E0275]: overflow evaluating the requirement `GenericArray<T, UInt<UInt<UInt<UInt<UTerm, ...>, ...>, ...>, ...>> well-formed`
   --> /home/adwin/.cargo/registry/src/mirrors.tuna.tsinghua.edu.cn-4dc01642fd091eda/generic-array-1.3.5/src/impls.rs:161:13
    |
161 |               fn from(tuple: ($(impl_tuple!(@T $t),)*)) -> Self {
    |               ^^^^^^^^^^^^^^^^^^^^^^^^^^^^^^^^^^^^^^^^^^^^^^^^^
...
178 | / impl_tuple! {
179 | |     consts::U1  => (A,);
180 | |     consts::U2  => (A,B,);
181 | |     consts::U3  => (A,B,C,);
...   |
190 | |     consts::U12 => (A,B,C,D,E,F,G,H,I,J,K,L,);
191 | | }
    | |_- in this macro invocation
    |
    = help: consider increasing the recursion limit by adding a `#![recursion_limit = "256"]` attribute to your crate (`generic_array`)
note: the requirement `GenericArray<T, UInt<UInt<UInt<UInt<UTerm, typenum::B1>, typenum::B1>, B0>, B0>> well-formed` appears on the `impl`'s associated function `from` but not on the corresponding trait's associated function
   --> /home/adwin/.rustup/toolchains/nightly-x86_64-unknown-linux-gnu/lib/rustlib/src/rust/library/core/src/convert/mod.rs:592:8
    |
587 | pub const trait From<T>: Sized {
    |                 ---- in this trait
...
592 |     fn from(value: T) -> Self;
    |        ^^^^ this trait's associated function doesn't have the requirement `GenericArray<T, UInt<UInt<UInt<UInt<UTerm, typenum::B1>, typenum::B1>, B0>, B0>> well-formed`
    = note: this error originates in the macro `impl_tuple` (in Nightly builds, run with -Z macro-backtrace for more info)

error[E0275]: overflow evaluating the requirement `GenericArray<T, UInt<UInt<UInt<UInt<UTerm, ...>, ...>, ...>, ...>> well-formed`
   --> /home/adwin/.cargo/registry/src/mirrors.tuna.tsinghua.edu.cn-4dc01642fd091eda/generic-array-1.3.5/src/impls.rs:170:13
    |
170 |               fn from(array: GenericArray<T, $len>) -> Self {
    |               ^^^^^^^^^^^^^^^^^^^^^^^^^^^^^^^^^^^^^^^^^^^^^
...
178 | / impl_tuple! {
179 | |     consts::U1  => (A,);
180 | |     consts::U2  => (A,B,);
181 | |     consts::U3  => (A,B,C,);
...   |
190 | |     consts::U12 => (A,B,C,D,E,F,G,H,I,J,K,L,);
191 | | }
    | |_- in this macro invocation
    |
    = help: consider increasing the recursion limit by adding a `#![recursion_limit = "256"]` attribute to your crate (`generic_array`)
note: the requirement `GenericArray<T, UInt<UInt<UInt<UInt<UTerm, typenum::B1>, typenum::B1>, B0>, B0>> well-formed` appears on the `impl`'s associated function `from` but not on the corresponding trait's associated function
   --> /home/adwin/.rustup/toolchains/nightly-x86_64-unknown-linux-gnu/lib/rustlib/src/rust/library/core/src/convert/mod.rs:592:8
    |
587 | pub const trait From<T>: Sized {
    |                 ---- in this trait
...
592 |     fn from(value: T) -> Self;
    |        ^^^^ this trait's associated function doesn't have the requirement `GenericArray<T, UInt<UInt<UInt<UInt<UTerm, typenum::B1>, typenum::B1>, B0>, B0>> well-formed`
    = note: this error originates in the macro `impl_tuple` (in Nightly builds, run with -Z macro-backtrace for more info)

   Compiling async-trait v0.1.89
error[E0275]: overflow evaluating the requirement `<Self as IsLess<<UInt<UTerm, typenum::B1> as Shl<<<... as typenum::ToUInt>::Output as Shl<...>>::Output>>::Output>>::Output == typenum::B1`
    |
    = help: consider increasing the recursion limit by adding a `#![recursion_limit = "256"]` attribute to your crate (`generic_array`)
note: required by a bound in `IsWithinUsizeBound`
   --> /home/adwin/.cargo/registry/src/mirrors.tuna.tsinghua.edu.cn-4dc01642fd091eda/generic-array-1.3.5/src/lib.rs:395:61
    |
395 | trait IsWithinUsizeBound: typenum::IsLess<MaxArrayLengthP1, Output = typenum::consts::True> {}
    |                                                             ^^^^^^^^^^^^^^^^^^^^^^^^^^^^^^ required by this bound in `IsWithinUsizeBound`

error[E0275]: overflow evaluating the requirement `<UInt<UTerm, typenum::B1> as Shl<<<Const<{ mem::size_of::<usize>() }> as typenum::ToUInt>::Output as Shl<...>>::Output>>::Output: Sized`
   --> /home/adwin/.cargo/registry/src/mirrors.tuna.tsinghua.edu.cn-4dc01642fd091eda/generic-array-1.3.5/src/lib.rs:395:27
    |
395 | trait IsWithinUsizeBound: typenum::IsLess<MaxArrayLengthP1, Output = typenum::consts::True> {}
    |                           ^^^^^^^^^^^^^^^^^^^^^^^^^^^^^^^^^^^^^^^^^^^^^^^^^^^^^^^^^^^^^^^^^
    |
    = help: consider increasing the recursion limit by adding a `#![recursion_limit = "256"]` attribute to your crate (`generic_array`)
note: required by an implicit `Sized` bound in `IsLess`
   --> /home/adwin/.cargo/registry/src/mirrors.tuna.tsinghua.edu.cn-4dc01642fd091eda/typenum-1.19.0/src/type_operators.rs:374:18
    |
374 | pub trait IsLess<Rhs = Self> {
    |                  ^^^^^^^^^^ required by the implicit `Sized` requirement on this type parameter in `IsLess`

error[E0275]: overflow evaluating the requirement `<UInt<UTerm, typenum::B1> as Shl<<<Const<{ mem::size_of::<usize>() }> as typenum::ToUInt>::Output as Shl<...>>::Output>>::Output: Sized`
   --> /home/adwin/.cargo/registry/src/mirrors.tuna.tsinghua.edu.cn-4dc01642fd091eda/generic-array-1.3.5/src/lib.rs:395:61
    |
395 | trait IsWithinUsizeBound: typenum::IsLess<MaxArrayLengthP1, Output = typenum::consts::True> {}
    |                                                             ^^^^^^^^^^^^^^^^^^^^^^^^^^^^^^
    |
    = help: consider increasing the recursion limit by adding a `#![recursion_limit = "256"]` attribute to your crate (`generic_array`)
note: required by an implicit `Sized` bound in `IsLess`
   --> /home/adwin/.cargo/registry/src/mirrors.tuna.tsinghua.edu.cn-4dc01642fd091eda/typenum-1.19.0/src/type_operators.rs:374:18
    |
374 | pub trait IsLess<Rhs = Self> {
    |                  ^^^^^^^^^^ required by the implicit `Sized` requirement on this type parameter in `IsLess`

error[E0275]: overflow evaluating the requirement `<UInt<UTerm, typenum::B1> as Shl<<<Const<{ mem::size_of::<usize>() }> as typenum::ToUInt>::Output as Shl<...>>::Output>>::Output well-formed`
   --> /home/adwin/.cargo/registry/src/mirrors.tuna.tsinghua.edu.cn-4dc01642fd091eda/generic-array-1.3.5/src/lib.rs:395:27
    |
395 | trait IsWithinUsizeBound: typenum::IsLess<MaxArrayLengthP1, Output = typenum::consts::True> {}
    |                           ^^^^^^^^^^^^^^^^^^^^^^^^^^^^^^^^^^^^^^^^^^^^^^^^^^^^^^^^^^^^^^^^^
    |
    = help: consider increasing the recursion limit by adding a `#![recursion_limit = "256"]` attribute to your crate (`generic_array`)

error[E0275]: overflow evaluating the requirement `<UInt<UTerm, typenum::B1> as Shl<<<Const<{ mem::size_of::<usize>() }> as typenum::ToUInt>::Output as Shl<...>>::Output>>::Output well-formed`
   --> /home/adwin/.cargo/registry/src/mirrors.tuna.tsinghua.edu.cn-4dc01642fd091eda/generic-array-1.3.5/src/lib.rs:395:61
    |
395 | trait IsWithinUsizeBound: typenum::IsLess<MaxArrayLengthP1, Output = typenum::consts::True> {}
    |                                                             ^^^^^^^^^^^^^^^^^^^^^^^^^^^^^^
    |
    = help: consider increasing the recursion limit by adding a `#![recursion_limit = "256"]` attribute to your crate (`generic_array`)

error[E0275]: overflow evaluating the requirement `N: IsWithinUsizeBound`
   --> /home/adwin/.cargo/registry/src/mirrors.tuna.tsinghua.edu.cn-4dc01642fd091eda/generic-array-1.3.5/src/lib.rs:397:32
    |
397 | impl<N> IsWithinUsizeBound for N where
    |                                ^
    |
    = help: consider increasing the recursion limit by adding a `#![recursion_limit = "256"]` attribute to your crate (`generic_array`)

error[E0275]: overflow evaluating the requirement `<UInt<UTerm, typenum::B1> as Shl<<<Const<{ mem::size_of::<usize>() }> as typenum::ToUInt>::Output as Shl<...>>::Output>>::Output: Sized`
   --> /home/adwin/.cargo/registry/src/mirrors.tuna.tsinghua.edu.cn-4dc01642fd091eda/generic-array-1.3.5/src/lib.rs:398:42
    |
398 |     N: typenum::IsLess<MaxArrayLengthP1, Output = typenum::consts::True>
    |                                          ^^^^^^^^^^^^^^^^^^^^^^^^^^^^^^
    |
    = help: consider increasing the recursion limit by adding a `#![recursion_limit = "256"]` attribute to your crate (`generic_array`)
note: required by an implicit `Sized` bound in `IsLess`
   --> /home/adwin/.cargo/registry/src/mirrors.tuna.tsinghua.edu.cn-4dc01642fd091eda/typenum-1.19.0/src/type_operators.rs:374:18
    |
374 | pub trait IsLess<Rhs = Self> {
    |                  ^^^^^^^^^^ required by the implicit `Sized` requirement on this type parameter in `IsLess`

error[E0275]: overflow evaluating the requirement `<UInt<UTerm, typenum::B1> as Shl<<<Const<{ mem::size_of::<usize>() }> as typenum::ToUInt>::Output as Shl<...>>::Output>>::Output: Sized`
   --> /home/adwin/.cargo/registry/src/mirrors.tuna.tsinghua.edu.cn-4dc01642fd091eda/generic-array-1.3.5/src/lib.rs:398:8
    |
398 |     N: typenum::IsLess<MaxArrayLengthP1, Output = typenum::consts::True>
    |        ^^^^^^^^^^^^^^^^^^^^^^^^^^^^^^^^^^^^^^^^^^^^^^^^^^^^^^^^^^^^^^^^^
    |
    = help: consider increasing the recursion limit by adding a `#![recursion_limit = "256"]` attribute to your crate (`generic_array`)
note: required by an implicit `Sized` bound in `IsLess`
   --> /home/adwin/.cargo/registry/src/mirrors.tuna.tsinghua.edu.cn-4dc01642fd091eda/typenum-1.19.0/src/type_operators.rs:374:18
    |
374 | pub trait IsLess<Rhs = Self> {
    |                  ^^^^^^^^^^ required by the implicit `Sized` requirement on this type parameter in `IsLess`

error[E0275]: overflow evaluating the requirement `<UInt<UTerm, typenum::B1> as Shl<<<Const<{ mem::size_of::<usize>() }> as typenum::ToUInt>::Output as Shl<...>>::Output>>::Output well-formed`
   --> /home/adwin/.cargo/registry/src/mirrors.tuna.tsinghua.edu.cn-4dc01642fd091eda/generic-array-1.3.5/src/lib.rs:398:42
    |
398 |     N: typenum::IsLess<MaxArrayLengthP1, Output = typenum::consts::True>
    |                                          ^^^^^^^^^^^^^^^^^^^^^^^^^^^^^^
    |
    = help: consider increasing the recursion limit by adding a `#![recursion_limit = "256"]` attribute to your crate (`generic_array`)

error[E0275]: overflow evaluating the requirement `<UInt<UTerm, typenum::B1> as Shl<<<Const<{ mem::size_of::<usize>() }> as typenum::ToUInt>::Output as Shl<...>>::Output>>::Output well-formed`
   --> /home/adwin/.cargo/registry/src/mirrors.tuna.tsinghua.edu.cn-4dc01642fd091eda/generic-array-1.3.5/src/lib.rs:398:8
    |
398 |     N: typenum::IsLess<MaxArrayLengthP1, Output = typenum::consts::True>
    |        ^^^^^^^^^^^^^^^^^^^^^^^^^^^^^^^^^^^^^^^^^^^^^^^^^^^^^^^^^^^^^^^^^
    |
    = help: consider increasing the recursion limit by adding a `#![recursion_limit = "256"]` attribute to your crate (`generic_array`)

error[E0275]: overflow evaluating the requirement `<UInt<N, B0> as IsLess<<UInt<UTerm, typenum::B1> as Shl<...>>::Output>>::Output == typenum::B1`
   --> /home/adwin/.cargo/registry/src/mirrors.tuna.tsinghua.edu.cn-4dc01642fd091eda/generic-array-1.3.5/src/lib.rs:404:11
    |
404 |     Self: IsWithinUsizeBound,
    |           ^^^^^^^^^^^^^^^^^^
    |
    = help: consider increasing the recursion limit by adding a `#![recursion_limit = "256"]` attribute to your crate (`generic_array`)
note: required by a bound in `IsWithinUsizeBound`
   --> /home/adwin/.cargo/registry/src/mirrors.tuna.tsinghua.edu.cn-4dc01642fd091eda/generic-array-1.3.5/src/lib.rs:395:61
    |
395 | trait IsWithinUsizeBound: typenum::IsLess<MaxArrayLengthP1, Output = typenum::consts::True> {}
    |                                                             ^^^^^^^^^^^^^^^^^^^^^^^^^^^^^^ required by this bound in `IsWithinUsizeBound`

error[E0275]: overflow evaluating the requirement `<UInt<N, typenum::B1> as IsLess<<UInt<UTerm, typenum::B1> as Shl<...>>::Output>>::Output == typenum::B1`
   --> /home/adwin/.cargo/registry/src/mirrors.tuna.tsinghua.edu.cn-4dc01642fd091eda/generic-array-1.3.5/src/lib.rs:412:11
    |
412 |     Self: IsWithinUsizeBound,
    |           ^^^^^^^^^^^^^^^^^^
    |
    = help: consider increasing the recursion limit by adding a `#![recursion_limit = "256"]` attribute to your crate (`generic_array`)
note: required by a bound in `IsWithinUsizeBound`
   --> /home/adwin/.cargo/registry/src/mirrors.tuna.tsinghua.edu.cn-4dc01642fd091eda/generic-array-1.3.5/src/lib.rs:395:61
    |
395 | trait IsWithinUsizeBound: typenum::IsLess<MaxArrayLengthP1, Output = typenum::consts::True> {}
    |                                                             ^^^^^^^^^^^^^^^^^^^^^^^^^^^^^^ required by this bound in `IsWithinUsizeBound`

error[E0275]: overflow evaluating the requirement `GenericArray<T, UInt<UTerm, typenum::B1>>: Sized`
   --> /home/adwin/.cargo/registry/src/mirrors.tuna.tsinghua.edu.cn-4dc01642fd091eda/generic-array-1.3.5/src/impls.rs:161:58
    |
161 |               fn from(tuple: ($(impl_tuple!(@T $t),)*)) -> Self {
    |                                                            ^^^^
...
178 | / impl_tuple! {
179 | |     consts::U1  => (A,);
180 | |     consts::U2  => (A,B,);
181 | |     consts::U3  => (A,B,C,);
...   |
190 | |     consts::U12 => (A,B,C,D,E,F,G,H,I,J,K,L,);
191 | | }
    | |_- in this macro invocation
    |
    = help: consider increasing the recursion limit by adding a `#![recursion_limit = "256"]` attribute to your crate (`generic_array`)
    = note: the return type of a function must have a statically known size
    = note: this error originates in the macro `impl_tuple` (in Nightly builds, run with -Z macro-backtrace for more info)

error[E0275]: overflow evaluating the requirement `GenericArray<T, UInt<UTerm, typenum::B1>> well-formed`
   --> /home/adwin/.cargo/registry/src/mirrors.tuna.tsinghua.edu.cn-4dc01642fd091eda/generic-array-1.3.5/src/impls.rs:161:58
    |
161 |               fn from(tuple: ($(impl_tuple!(@T $t),)*)) -> Self {
    |                                                            ^^^^
...
178 | / impl_tuple! {
179 | |     consts::U1  => (A,);
180 | |     consts::U2  => (A,B,);
181 | |     consts::U3  => (A,B,C,);
...   |
190 | |     consts::U12 => (A,B,C,D,E,F,G,H,I,J,K,L,);
191 | | }
    | |_- in this macro invocation
    |
    = help: consider increasing the recursion limit by adding a `#![recursion_limit = "256"]` attribute to your crate (`generic_array`)
    = note: this error originates in the macro `impl_tuple` (in Nightly builds, run with -Z macro-backtrace for more info)

error[E0275]: overflow evaluating the requirement `GenericArray<T, UInt<UTerm, typenum::B1>> well-formed`
   --> /home/adwin/.cargo/registry/src/mirrors.tuna.tsinghua.edu.cn-4dc01642fd091eda/generic-array-1.3.5/src/impls.rs:170:28
    |
170 |               fn from(array: GenericArray<T, $len>) -> Self {
    |                              ^^^^^^^^^^^^^^^^^^^^^
...
178 | / impl_tuple! {
179 | |     consts::U1  => (A,);
180 | |     consts::U2  => (A,B,);
181 | |     consts::U3  => (A,B,C,);
...   |
190 | |     consts::U12 => (A,B,C,D,E,F,G,H,I,J,K,L,);
191 | | }
    | |_- in this macro invocation
    |
    = help: consider increasing the recursion limit by adding a `#![recursion_limit = "256"]` attribute to your crate (`generic_array`)
    = note: this error originates in the macro `impl_tuple` (in Nightly builds, run with -Z macro-backtrace for more info)

error[E0275]: overflow evaluating the requirement `GenericArray<T, UInt<UInt<UTerm, typenum::B1>, B0>>: Sized`
   --> /home/adwin/.cargo/registry/src/mirrors.tuna.tsinghua.edu.cn-4dc01642fd091eda/generic-array-1.3.5/src/impls.rs:161:58
    |
161 |               fn from(tuple: ($(impl_tuple!(@T $t),)*)) -> Self {
    |                                                            ^^^^
...
178 | / impl_tuple! {
179 | |     consts::U1  => (A,);
180 | |     consts::U2  => (A,B,);
181 | |     consts::U3  => (A,B,C,);
...   |
190 | |     consts::U12 => (A,B,C,D,E,F,G,H,I,J,K,L,);
191 | | }
    | |_- in this macro invocation
    |
    = help: consider increasing the recursion limit by adding a `#![recursion_limit = "256"]` attribute to your crate (`generic_array`)
    = note: the return type of a function must have a statically known size
    = note: this error originates in the macro `impl_tuple` (in Nightly builds, run with -Z macro-backtrace for more info)

error[E0275]: overflow evaluating the requirement `GenericArray<T, UInt<UInt<UTerm, typenum::B1>, B0>> well-formed`
   --> /home/adwin/.cargo/registry/src/mirrors.tuna.tsinghua.edu.cn-4dc01642fd091eda/generic-array-1.3.5/src/impls.rs:161:58
    |
161 |               fn from(tuple: ($(impl_tuple!(@T $t),)*)) -> Self {
    |                                                            ^^^^
...
178 | / impl_tuple! {
179 | |     consts::U1  => (A,);
180 | |     consts::U2  => (A,B,);
181 | |     consts::U3  => (A,B,C,);
...   |
190 | |     consts::U12 => (A,B,C,D,E,F,G,H,I,J,K,L,);
191 | | }
    | |_- in this macro invocation
    |
    = help: consider increasing the recursion limit by adding a `#![recursion_limit = "256"]` attribute to your crate (`generic_array`)
    = note: this error originates in the macro `impl_tuple` (in Nightly builds, run with -Z macro-backtrace for more info)

error[E0275]: overflow evaluating the requirement `GenericArray<T, UInt<UInt<UTerm, typenum::B1>, B0>> well-formed`
   --> /home/adwin/.cargo/registry/src/mirrors.tuna.tsinghua.edu.cn-4dc01642fd091eda/generic-array-1.3.5/src/impls.rs:170:28
    |
170 |               fn from(array: GenericArray<T, $len>) -> Self {
    |                              ^^^^^^^^^^^^^^^^^^^^^
...
178 | / impl_tuple! {
179 | |     consts::U1  => (A,);
180 | |     consts::U2  => (A,B,);
181 | |     consts::U3  => (A,B,C,);
...   |
190 | |     consts::U12 => (A,B,C,D,E,F,G,H,I,J,K,L,);
191 | | }
    | |_- in this macro invocation
    |
    = help: consider increasing the recursion limit by adding a `#![recursion_limit = "256"]` attribute to your crate (`generic_array`)
    = note: this error originates in the macro `impl_tuple` (in Nightly builds, run with -Z macro-backtrace for more info)

error[E0275]: overflow evaluating the requirement `GenericArray<T, UInt<UInt<UTerm, typenum::B1>, typenum::B1>>: Sized`
   --> /home/adwin/.cargo/registry/src/mirrors.tuna.tsinghua.edu.cn-4dc01642fd091eda/generic-array-1.3.5/src/impls.rs:161:58
    |
161 |               fn from(tuple: ($(impl_tuple!(@T $t),)*)) -> Self {
    |                                                            ^^^^
...
178 | / impl_tuple! {
179 | |     consts::U1  => (A,);
180 | |     consts::U2  => (A,B,);
181 | |     consts::U3  => (A,B,C,);
...   |
190 | |     consts::U12 => (A,B,C,D,E,F,G,H,I,J,K,L,);
191 | | }
    | |_- in this macro invocation
    |
    = help: consider increasing the recursion limit by adding a `#![recursion_limit = "256"]` attribute to your crate (`generic_array`)
    = note: the return type of a function must have a statically known size
    = note: this error originates in the macro `impl_tuple` (in Nightly builds, run with -Z macro-backtrace for more info)

error[E0275]: overflow evaluating the requirement `GenericArray<T, UInt<UInt<UTerm, typenum::B1>, typenum::B1>> well-formed`
   --> /home/adwin/.cargo/registry/src/mirrors.tuna.tsinghua.edu.cn-4dc01642fd091eda/generic-array-1.3.5/src/impls.rs:161:58
    |
161 |               fn from(tuple: ($(impl_tuple!(@T $t),)*)) -> Self {
    |                                                            ^^^^
...
178 | / impl_tuple! {
179 | |     consts::U1  => (A,);
180 | |     consts::U2  => (A,B,);
181 | |     consts::U3  => (A,B,C,);
...   |
190 | |     consts::U12 => (A,B,C,D,E,F,G,H,I,J,K,L,);
191 | | }
    | |_- in this macro invocation
    |
    = help: consider increasing the recursion limit by adding a `#![recursion_limit = "256"]` attribute to your crate (`generic_array`)
    = note: this error originates in the macro `impl_tuple` (in Nightly builds, run with -Z macro-backtrace for more info)

error[E0275]: overflow evaluating the requirement `GenericArray<T, UInt<UInt<UTerm, typenum::B1>, typenum::B1>> well-formed`
   --> /home/adwin/.cargo/registry/src/mirrors.tuna.tsinghua.edu.cn-4dc01642fd091eda/generic-array-1.3.5/src/impls.rs:170:28
    |
170 |               fn from(array: GenericArray<T, $len>) -> Self {
    |                              ^^^^^^^^^^^^^^^^^^^^^
...
178 | / impl_tuple! {
179 | |     consts::U1  => (A,);
180 | |     consts::U2  => (A,B,);
181 | |     consts::U3  => (A,B,C,);
...   |
190 | |     consts::U12 => (A,B,C,D,E,F,G,H,I,J,K,L,);
191 | | }
    | |_- in this macro invocation
    |
    = help: consider increasing the recursion limit by adding a `#![recursion_limit = "256"]` attribute to your crate (`generic_array`)
    = note: this error originates in the macro `impl_tuple` (in Nightly builds, run with -Z macro-backtrace for more info)

error[E0275]: overflow evaluating the requirement `GenericArray<T, UInt<UInt<UInt<UTerm, typenum::B1>, ...>, ...>>: Sized`
   --> /home/adwin/.cargo/registry/src/mirrors.tuna.tsinghua.edu.cn-4dc01642fd091eda/generic-array-1.3.5/src/impls.rs:161:58
    |
161 |               fn from(tuple: ($(impl_tuple!(@T $t),)*)) -> Self {
    |                                                            ^^^^
...
178 | / impl_tuple! {
179 | |     consts::U1  => (A,);
180 | |     consts::U2  => (A,B,);
181 | |     consts::U3  => (A,B,C,);
...   |
190 | |     consts::U12 => (A,B,C,D,E,F,G,H,I,J,K,L,);
191 | | }
    | |_- in this macro invocation
    |
    = help: consider increasing the recursion limit by adding a `#![recursion_limit = "256"]` attribute to your crate (`generic_array`)
    = note: the return type of a function must have a statically known size
    = note: this error originates in the macro `impl_tuple` (in Nightly builds, run with -Z macro-backtrace for more info)

error[E0275]: overflow evaluating the requirement `GenericArray<T, UInt<UInt<UInt<UTerm, typenum::B1>, ...>, ...>> well-formed`
   --> /home/adwin/.cargo/registry/src/mirrors.tuna.tsinghua.edu.cn-4dc01642fd091eda/generic-array-1.3.5/src/impls.rs:161:58
    |
161 |               fn from(tuple: ($(impl_tuple!(@T $t),)*)) -> Self {
    |                                                            ^^^^
...
178 | / impl_tuple! {
179 | |     consts::U1  => (A,);
180 | |     consts::U2  => (A,B,);
181 | |     consts::U3  => (A,B,C,);
...   |
190 | |     consts::U12 => (A,B,C,D,E,F,G,H,I,J,K,L,);
191 | | }
    | |_- in this macro invocation
    |
    = help: consider increasing the recursion limit by adding a `#![recursion_limit = "256"]` attribute to your crate (`generic_array`)
    = note: this error originates in the macro `impl_tuple` (in Nightly builds, run with -Z macro-backtrace for more info)

error[E0275]: overflow evaluating the requirement `GenericArray<T, UInt<UInt<UInt<UTerm, typenum::B1>, ...>, ...>> well-formed`
   --> /home/adwin/.cargo/registry/src/mirrors.tuna.tsinghua.edu.cn-4dc01642fd091eda/generic-array-1.3.5/src/impls.rs:170:28
    |
170 |               fn from(array: GenericArray<T, $len>) -> Self {
    |                              ^^^^^^^^^^^^^^^^^^^^^
...
178 | / impl_tuple! {
179 | |     consts::U1  => (A,);
180 | |     consts::U2  => (A,B,);
181 | |     consts::U3  => (A,B,C,);
...   |
190 | |     consts::U12 => (A,B,C,D,E,F,G,H,I,J,K,L,);
191 | | }
    | |_- in this macro invocation
    |
    = help: consider increasing the recursion limit by adding a `#![recursion_limit = "256"]` attribute to your crate (`generic_array`)
    = note: this error originates in the macro `impl_tuple` (in Nightly builds, run with -Z macro-backtrace for more info)

error[E0275]: overflow evaluating the requirement `GenericArray<T, UInt<UInt<UInt<UInt<UTerm, ...>, ...>, ...>, ...>>: Sized`
   --> /home/adwin/.cargo/registry/src/mirrors.tuna.tsinghua.edu.cn-4dc01642fd091eda/generic-array-1.3.5/src/impls.rs:161:58
    |
161 |               fn from(tuple: ($(impl_tuple!(@T $t),)*)) -> Self {
    |                                                            ^^^^
...
178 | / impl_tuple! {
179 | |     consts::U1  => (A,);
180 | |     consts::U2  => (A,B,);
181 | |     consts::U3  => (A,B,C,);
...   |
190 | |     consts::U12 => (A,B,C,D,E,F,G,H,I,J,K,L,);
191 | | }
    | |_- in this macro invocation
    |
    = help: consider increasing the recursion limit by adding a `#![recursion_limit = "256"]` attribute to your crate (`generic_array`)
    = note: the return type of a function must have a statically known size
    = note: this error originates in the macro `impl_tuple` (in Nightly builds, run with -Z macro-backtrace for more info)

error[E0275]: overflow evaluating the requirement `GenericArray<T, UInt<UInt<UInt<UInt<UTerm, ...>, ...>, ...>, ...>> well-formed`
   --> /home/adwin/.cargo/registry/src/mirrors.tuna.tsinghua.edu.cn-4dc01642fd091eda/generic-array-1.3.5/src/impls.rs:161:58
    |
161 |               fn from(tuple: ($(impl_tuple!(@T $t),)*)) -> Self {
    |                                                            ^^^^
...
178 | / impl_tuple! {
179 | |     consts::U1  => (A,);
180 | |     consts::U2  => (A,B,);
181 | |     consts::U3  => (A,B,C,);
...   |
190 | |     consts::U12 => (A,B,C,D,E,F,G,H,I,J,K,L,);
191 | | }
    | |_- in this macro invocation
    |
    = help: consider increasing the recursion limit by adding a `#![recursion_limit = "256"]` attribute to your crate (`generic_array`)
    = note: this error originates in the macro `impl_tuple` (in Nightly builds, run with -Z macro-backtrace for more info)

error[E0275]: overflow evaluating the requirement `GenericArray<T, UInt<UInt<UInt<UInt<UTerm, ...>, ...>, ...>, ...>> well-formed`
   --> /home/adwin/.cargo/registry/src/mirrors.tuna.tsinghua.edu.cn-4dc01642fd091eda/generic-array-1.3.5/src/impls.rs:170:28
    |
170 |               fn from(array: GenericArray<T, $len>) -> Self {
    |                              ^^^^^^^^^^^^^^^^^^^^^
...
178 | / impl_tuple! {
179 | |     consts::U1  => (A,);
180 | |     consts::U2  => (A,B,);
181 | |     consts::U3  => (A,B,C,);
...   |
190 | |     consts::U12 => (A,B,C,D,E,F,G,H,I,J,K,L,);
191 | | }
    | |_- in this macro invocation
    |
    = help: consider increasing the recursion limit by adding a `#![recursion_limit = "256"]` attribute to your crate (`generic_array`)
    = note: this error originates in the macro `impl_tuple` (in Nightly builds, run with -Z macro-backtrace for more info)

    Checking machine-uid v0.5.4
error[E0275]: overflow evaluating the requirement `UInt<UTerm, typenum::B1>: ArrayLength`
   --> /home/adwin/.cargo/registry/src/mirrors.tuna.tsinghua.edu.cn-4dc01642fd091eda/generic-array-1.3.5/src/impls.rs:163:17
    |
163 |                   GenericArray::from_array([$($t,)*])
    |                   ^^^^^^^^^^^^^^^^^^^^^^^^^^^^^^^^^^^
...
178 | / impl_tuple! {
179 | |     consts::U1  => (A,);
180 | |     consts::U2  => (A,B,);
181 | |     consts::U3  => (A,B,C,);
...   |
190 | |     consts::U12 => (A,B,C,D,E,F,G,H,I,J,K,L,);
191 | | }
    | |_- in this macro invocation
    |
    = help: consider increasing the recursion limit by adding a `#![recursion_limit = "256"]` attribute to your crate (`generic_array`)
note: required by a bound in `GenericArray::<T, N>::from_array`
   --> /home/adwin/.cargo/registry/src/mirrors.tuna.tsinghua.edu.cn-4dc01642fd091eda/generic-array-1.3.5/src/lib.rs:773:12
    |
773 | impl<T, N: ArrayLength> GenericArray<T, N> {
    |            ^^^^^^^^^^^ required by this bound in `GenericArray::<T, N>::from_array`
...
940 |     pub const fn from_array<const U: usize>(value: [T; U]) -> Self
    |                  ---------- required by a bound in this associated function
    = note: this error originates in the macro `impl_tuple` (in Nightly builds, run with -Z macro-backtrace for more info)

error[E0275]: overflow evaluating the requirement `Const<1>: IntoArrayLength`
   --> /home/adwin/.cargo/registry/src/mirrors.tuna.tsinghua.edu.cn-4dc01642fd091eda/generic-array-1.3.5/src/impls.rs:163:17
    |
163 |                   GenericArray::from_array([$($t,)*])
    |                   ^^^^^^^^^^^^^^^^^^^^^^^^^^^^^^^^^^^
...
178 | / impl_tuple! {
179 | |     consts::U1  => (A,);
180 | |     consts::U2  => (A,B,);
181 | |     consts::U3  => (A,B,C,);
...   |
190 | |     consts::U12 => (A,B,C,D,E,F,G,H,I,J,K,L,);
191 | | }
    | |_- in this macro invocation
    |
    = help: consider increasing the recursion limit by adding a `#![recursion_limit = "256"]` attribute to your crate (`generic_array`)
note: required by a bound in `GenericArray::<T, N>::from_array`
   --> /home/adwin/.cargo/registry/src/mirrors.tuna.tsinghua.edu.cn-4dc01642fd091eda/generic-array-1.3.5/src/lib.rs:942:19
    |
940 |     pub const fn from_array<const U: usize>(value: [T; U]) -> Self
    |                  ---------- required by a bound in this associated function
941 |     where
942 |         Const<U>: IntoArrayLength<ArrayLength = N>,
    |                   ^^^^^^^^^^^^^^^^^^^^^^^^^^^^^^^^ required by this bound in `GenericArray::<T, N>::from_array`
    = note: this error originates in the macro `impl_tuple` (in Nightly builds, run with -Z macro-backtrace for more info)

error[E0275]: overflow evaluating the requirement `<Const<1> as IntoArrayLength>::ArrayLength == UInt<UTerm, typenum::B1>`
   --> /home/adwin/.cargo/registry/src/mirrors.tuna.tsinghua.edu.cn-4dc01642fd091eda/generic-array-1.3.5/src/impls.rs:163:17
    |
163 |                   GenericArray::from_array([$($t,)*])
    |                   ^^^^^^^^^^^^^^^^^^^^^^^^^^^^^^^^^^^
...
178 | / impl_tuple! {
179 | |     consts::U1  => (A,);
180 | |     consts::U2  => (A,B,);
181 | |     consts::U3  => (A,B,C,);
...   |
190 | |     consts::U12 => (A,B,C,D,E,F,G,H,I,J,K,L,);
191 | | }
    | |_- in this macro invocation
    |
    = help: consider increasing the recursion limit by adding a `#![recursion_limit = "256"]` attribute to your crate (`generic_array`)
note: required by a bound in `GenericArray::<T, N>::from_array`
   --> /home/adwin/.cargo/registry/src/mirrors.tuna.tsinghua.edu.cn-4dc01642fd091eda/generic-array-1.3.5/src/lib.rs:942:35
    |
940 |     pub const fn from_array<const U: usize>(value: [T; U]) -> Self
    |                  ---------- required by a bound in this associated function
941 |     where
942 |         Const<U>: IntoArrayLength<ArrayLength = N>,
    |                                   ^^^^^^^^^^^^^^^ required by this bound in `GenericArray::<T, N>::from_array`
    = note: this error originates in the macro `impl_tuple` (in Nightly builds, run with -Z macro-backtrace for more info)

error[E0275]: overflow evaluating the requirement `GenericArray<T, UInt<UTerm, typenum::B1>>: Sized`
   --> /home/adwin/.cargo/registry/src/mirrors.tuna.tsinghua.edu.cn-4dc01642fd091eda/generic-array-1.3.5/src/impls.rs:163:17
    |
163 |                   GenericArray::from_array([$($t,)*])
    |                   ^^^^^^^^^^^^^^^^^^^^^^^^^^^^^^^^^^^
...
178 | / impl_tuple! {
179 | |     consts::U1  => (A,);
180 | |     consts::U2  => (A,B,);
181 | |     consts::U3  => (A,B,C,);
...   |
190 | |     consts::U12 => (A,B,C,D,E,F,G,H,I,J,K,L,);
191 | | }
    | |_- in this macro invocation
    |
    = help: consider increasing the recursion limit by adding a `#![recursion_limit = "256"]` attribute to your crate (`generic_array`)
    = note: the return type of a function must have a statically known size
    = note: this error originates in the macro `impl_tuple` (in Nightly builds, run with -Z macro-backtrace for more info)

error[E0275]: overflow evaluating the requirement `GenericArray<T, UInt<UTerm, typenum::B1>> well-formed`
   --> /home/adwin/.cargo/registry/src/mirrors.tuna.tsinghua.edu.cn-4dc01642fd091eda/generic-array-1.3.5/src/impls.rs:163:17
    |
163 |                   GenericArray::from_array([$($t,)*])
    |                   ^^^^^^^^^^^^
...
178 | / impl_tuple! {
179 | |     consts::U1  => (A,);
180 | |     consts::U2  => (A,B,);
181 | |     consts::U3  => (A,B,C,);
...   |
190 | |     consts::U12 => (A,B,C,D,E,F,G,H,I,J,K,L,);
191 | | }
    | |_- in this macro invocation
    |
    = help: consider increasing the recursion limit by adding a `#![recursion_limit = "256"]` attribute to your crate (`generic_array`)
    = note: this error originates in the macro `impl_tuple` (in Nightly builds, run with -Z macro-backtrace for more info)

error[E0275]: overflow evaluating the requirement `GenericArray<T, UInt<UTerm, typenum::B1>> well-formed`
   --> /home/adwin/.cargo/registry/src/mirrors.tuna.tsinghua.edu.cn-4dc01642fd091eda/generic-array-1.3.5/src/impls.rs:163:17
    |
163 |                   GenericArray::from_array([$($t,)*])
    |                   ^^^^^^^^^^^^^^^^^^^^^^^^^^^^^^^^^^^
...
178 | / impl_tuple! {
179 | |     consts::U1  => (A,);
180 | |     consts::U2  => (A,B,);
181 | |     consts::U3  => (A,B,C,);
...   |
190 | |     consts::U12 => (A,B,C,D,E,F,G,H,I,J,K,L,);
191 | | }
    | |_- in this macro invocation
    |
    = help: consider increasing the recursion limit by adding a `#![recursion_limit = "256"]` attribute to your crate (`generic_array`)
    = note: this error originates in the macro `impl_tuple` (in Nightly builds, run with -Z macro-backtrace for more info)

error[E0282]: type annotations needed
   --> /home/adwin/.cargo/registry/src/mirrors.tuna.tsinghua.edu.cn-4dc01642fd091eda/generic-array-1.3.5/src/impls.rs:171:33
    |
171 |                   let [$($t),*] = array.into_array();
    |                                   ^^^^^ cannot infer type
...
178 | / impl_tuple! {
179 | |     consts::U1  => (A,);
180 | |     consts::U2  => (A,B,);
181 | |     consts::U3  => (A,B,C,);
...   |
190 | |     consts::U12 => (A,B,C,D,E,F,G,H,I,J,K,L,);
191 | | }
    | |_- in this macro invocation
    |
    = note: this error originates in the macro `impl_tuple` (in Nightly builds, run with -Z macro-backtrace for more info)

error[E0275]: overflow evaluating the requirement `UInt<UInt<UTerm, typenum::B1>, B0>: ArrayLength`
   --> /home/adwin/.cargo/registry/src/mirrors.tuna.tsinghua.edu.cn-4dc01642fd091eda/generic-array-1.3.5/src/impls.rs:163:17
    |
163 |                   GenericArray::from_array([$($t,)*])
    |                   ^^^^^^^^^^^^^^^^^^^^^^^^^^^^^^^^^^^
...
178 | / impl_tuple! {
179 | |     consts::U1  => (A,);
180 | |     consts::U2  => (A,B,);
181 | |     consts::U3  => (A,B,C,);
...   |
190 | |     consts::U12 => (A,B,C,D,E,F,G,H,I,J,K,L,);
191 | | }
    | |_- in this macro invocation
    |
    = help: consider increasing the recursion limit by adding a `#![recursion_limit = "256"]` attribute to your crate (`generic_array`)
note: required by a bound in `GenericArray::<T, N>::from_array`
   --> /home/adwin/.cargo/registry/src/mirrors.tuna.tsinghua.edu.cn-4dc01642fd091eda/generic-array-1.3.5/src/lib.rs:773:12
    |
773 | impl<T, N: ArrayLength> GenericArray<T, N> {
    |            ^^^^^^^^^^^ required by this bound in `GenericArray::<T, N>::from_array`
...
940 |     pub const fn from_array<const U: usize>(value: [T; U]) -> Self
    |                  ---------- required by a bound in this associated function
    = note: this error originates in the macro `impl_tuple` (in Nightly builds, run with -Z macro-backtrace for more info)

error[E0275]: overflow evaluating the requirement `Const<2>: IntoArrayLength`
   --> /home/adwin/.cargo/registry/src/mirrors.tuna.tsinghua.edu.cn-4dc01642fd091eda/generic-array-1.3.5/src/impls.rs:163:17
    |
163 |                   GenericArray::from_array([$($t,)*])
    |                   ^^^^^^^^^^^^^^^^^^^^^^^^^^^^^^^^^^^
...
178 | / impl_tuple! {
179 | |     consts::U1  => (A,);
180 | |     consts::U2  => (A,B,);
181 | |     consts::U3  => (A,B,C,);
...   |
190 | |     consts::U12 => (A,B,C,D,E,F,G,H,I,J,K,L,);
191 | | }
    | |_- in this macro invocation
    |
    = help: consider increasing the recursion limit by adding a `#![recursion_limit = "256"]` attribute to your crate (`generic_array`)
note: required by a bound in `GenericArray::<T, N>::from_array`
   --> /home/adwin/.cargo/registry/src/mirrors.tuna.tsinghua.edu.cn-4dc01642fd091eda/generic-array-1.3.5/src/lib.rs:942:19
    |
940 |     pub const fn from_array<const U: usize>(value: [T; U]) -> Self
    |                  ---------- required by a bound in this associated function
941 |     where
942 |         Const<U>: IntoArrayLength<ArrayLength = N>,
    |                   ^^^^^^^^^^^^^^^^^^^^^^^^^^^^^^^^ required by this bound in `GenericArray::<T, N>::from_array`
    = note: this error originates in the macro `impl_tuple` (in Nightly builds, run with -Z macro-backtrace for more info)

error[E0275]: overflow evaluating the requirement `<Const<2> as IntoArrayLength>::ArrayLength == UInt<UInt<UTerm, typenum::B1>, B0>`
   --> /home/adwin/.cargo/registry/src/mirrors.tuna.tsinghua.edu.cn-4dc01642fd091eda/generic-array-1.3.5/src/impls.rs:163:17
    |
163 |                   GenericArray::from_array([$($t,)*])
    |                   ^^^^^^^^^^^^^^^^^^^^^^^^^^^^^^^^^^^
...
178 | / impl_tuple! {
179 | |     consts::U1  => (A,);
180 | |     consts::U2  => (A,B,);
181 | |     consts::U3  => (A,B,C,);
...   |
190 | |     consts::U12 => (A,B,C,D,E,F,G,H,I,J,K,L,);
191 | | }
    | |_- in this macro invocation
    |
    = help: consider increasing the recursion limit by adding a `#![recursion_limit = "256"]` attribute to your crate (`generic_array`)
note: required by a bound in `GenericArray::<T, N>::from_array`
   --> /home/adwin/.cargo/registry/src/mirrors.tuna.tsinghua.edu.cn-4dc01642fd091eda/generic-array-1.3.5/src/lib.rs:942:35
    |
940 |     pub const fn from_array<const U: usize>(value: [T; U]) -> Self
    |                  ---------- required by a bound in this associated function
941 |     where
942 |         Const<U>: IntoArrayLength<ArrayLength = N>,
    |                                   ^^^^^^^^^^^^^^^ required by this bound in `GenericArray::<T, N>::from_array`
    = note: this error originates in the macro `impl_tuple` (in Nightly builds, run with -Z macro-backtrace for more info)

error[E0275]: overflow evaluating the requirement `GenericArray<T, UInt<UInt<UTerm, typenum::B1>, B0>>: Sized`
   --> /home/adwin/.cargo/registry/src/mirrors.tuna.tsinghua.edu.cn-4dc01642fd091eda/generic-array-1.3.5/src/impls.rs:163:17
    |
163 |                   GenericArray::from_array([$($t,)*])
    |                   ^^^^^^^^^^^^^^^^^^^^^^^^^^^^^^^^^^^
...
178 | / impl_tuple! {
179 | |     consts::U1  => (A,);
180 | |     consts::U2  => (A,B,);
181 | |     consts::U3  => (A,B,C,);
...   |
190 | |     consts::U12 => (A,B,C,D,E,F,G,H,I,J,K,L,);
191 | | }
    | |_- in this macro invocation
    |
    = help: consider increasing the recursion limit by adding a `#![recursion_limit = "256"]` attribute to your crate (`generic_array`)
    = note: the return type of a function must have a statically known size
    = note: this error originates in the macro `impl_tuple` (in Nightly builds, run with -Z macro-backtrace for more info)

error[E0275]: overflow evaluating the requirement `GenericArray<T, UInt<UInt<UTerm, typenum::B1>, B0>> well-formed`
   --> /home/adwin/.cargo/registry/src/mirrors.tuna.tsinghua.edu.cn-4dc01642fd091eda/generic-array-1.3.5/src/impls.rs:163:17
    |
163 |                   GenericArray::from_array([$($t,)*])
    |                   ^^^^^^^^^^^^
...
178 | / impl_tuple! {
179 | |     consts::U1  => (A,);
180 | |     consts::U2  => (A,B,);
181 | |     consts::U3  => (A,B,C,);
...   |
190 | |     consts::U12 => (A,B,C,D,E,F,G,H,I,J,K,L,);
191 | | }
    | |_- in this macro invocation
    |
    = help: consider increasing the recursion limit by adding a `#![recursion_limit = "256"]` attribute to your crate (`generic_array`)
    = note: this error originates in the macro `impl_tuple` (in Nightly builds, run with -Z macro-backtrace for more info)

error[E0275]: overflow evaluating the requirement `GenericArray<T, UInt<UInt<UTerm, typenum::B1>, B0>> well-formed`
   --> /home/adwin/.cargo/registry/src/mirrors.tuna.tsinghua.edu.cn-4dc01642fd091eda/generic-array-1.3.5/src/impls.rs:163:17
    |
163 |                   GenericArray::from_array([$($t,)*])
    |                   ^^^^^^^^^^^^^^^^^^^^^^^^^^^^^^^^^^^
...
178 | / impl_tuple! {
179 | |     consts::U1  => (A,);
180 | |     consts::U2  => (A,B,);
181 | |     consts::U3  => (A,B,C,);
...   |
190 | |     consts::U12 => (A,B,C,D,E,F,G,H,I,J,K,L,);
191 | | }
    | |_- in this macro invocation
    |
    = help: consider increasing the recursion limit by adding a `#![recursion_limit = "256"]` attribute to your crate (`generic_array`)
    = note: this error originates in the macro `impl_tuple` (in Nightly builds, run with -Z macro-backtrace for more info)

    Checking ddnet-accounts-types v0.1.0
error[E0275]: overflow evaluating the requirement `UInt<UInt<UTerm, typenum::B1>, typenum::B1>: ArrayLength`
   --> /home/adwin/.cargo/registry/src/mirrors.tuna.tsinghua.edu.cn-4dc01642fd091eda/generic-array-1.3.5/src/impls.rs:163:17
    |
163 |                   GenericArray::from_array([$($t,)*])
    |                   ^^^^^^^^^^^^^^^^^^^^^^^^^^^^^^^^^^^
...
178 | / impl_tuple! {
179 | |     consts::U1  => (A,);
180 | |     consts::U2  => (A,B,);
181 | |     consts::U3  => (A,B,C,);
...   |
190 | |     consts::U12 => (A,B,C,D,E,F,G,H,I,J,K,L,);
191 | | }
    | |_- in this macro invocation
    |
    = help: consider increasing the recursion limit by adding a `#![recursion_limit = "256"]` attribute to your crate (`generic_array`)
note: required by a bound in `GenericArray::<T, N>::from_array`
   --> /home/adwin/.cargo/registry/src/mirrors.tuna.tsinghua.edu.cn-4dc01642fd091eda/generic-array-1.3.5/src/lib.rs:773:12
    |
773 | impl<T, N: ArrayLength> GenericArray<T, N> {
    |            ^^^^^^^^^^^ required by this bound in `GenericArray::<T, N>::from_array`
...
940 |     pub const fn from_array<const U: usize>(value: [T; U]) -> Self
    |                  ---------- required by a bound in this associated function
    = note: this error originates in the macro `impl_tuple` (in Nightly builds, run with -Z macro-backtrace for more info)

error[E0275]: overflow evaluating the requirement `Const<3>: IntoArrayLength`
   --> /home/adwin/.cargo/registry/src/mirrors.tuna.tsinghua.edu.cn-4dc01642fd091eda/generic-array-1.3.5/src/impls.rs:163:17
    |
163 |                   GenericArray::from_array([$($t,)*])
    |                   ^^^^^^^^^^^^^^^^^^^^^^^^^^^^^^^^^^^
...
178 | / impl_tuple! {
179 | |     consts::U1  => (A,);
180 | |     consts::U2  => (A,B,);
181 | |     consts::U3  => (A,B,C,);
...   |
190 | |     consts::U12 => (A,B,C,D,E,F,G,H,I,J,K,L,);
191 | | }
    | |_- in this macro invocation
    |
    = help: consider increasing the recursion limit by adding a `#![recursion_limit = "256"]` attribute to your crate (`generic_array`)
note: required by a bound in `GenericArray::<T, N>::from_array`
   --> /home/adwin/.cargo/registry/src/mirrors.tuna.tsinghua.edu.cn-4dc01642fd091eda/generic-array-1.3.5/src/lib.rs:942:19
    |
940 |     pub const fn from_array<const U: usize>(value: [T; U]) -> Self
    |                  ---------- required by a bound in this associated function
941 |     where
942 |         Const<U>: IntoArrayLength<ArrayLength = N>,
    |                   ^^^^^^^^^^^^^^^^^^^^^^^^^^^^^^^^ required by this bound in `GenericArray::<T, N>::from_array`
    = note: this error originates in the macro `impl_tuple` (in Nightly builds, run with -Z macro-backtrace for more info)

error[E0275]: overflow evaluating the requirement `<Const<3> as IntoArrayLength>::ArrayLength == UInt<UInt<UTerm, typenum::B1>, typenum::B1>`
   --> /home/adwin/.cargo/registry/src/mirrors.tuna.tsinghua.edu.cn-4dc01642fd091eda/generic-array-1.3.5/src/impls.rs:163:17
    |
163 |                   GenericArray::from_array([$($t,)*])
    |                   ^^^^^^^^^^^^^^^^^^^^^^^^^^^^^^^^^^^
...
178 | / impl_tuple! {
179 | |     consts::U1  => (A,);
180 | |     consts::U2  => (A,B,);
181 | |     consts::U3  => (A,B,C,);
...   |
190 | |     consts::U12 => (A,B,C,D,E,F,G,H,I,J,K,L,);
191 | | }
    | |_- in this macro invocation
    |
    = help: consider increasing the recursion limit by adding a `#![recursion_limit = "256"]` attribute to your crate (`generic_array`)
note: required by a bound in `GenericArray::<T, N>::from_array`
   --> /home/adwin/.cargo/registry/src/mirrors.tuna.tsinghua.edu.cn-4dc01642fd091eda/generic-array-1.3.5/src/lib.rs:942:35
    |
940 |     pub const fn from_array<const U: usize>(value: [T; U]) -> Self
    |                  ---------- required by a bound in this associated function
941 |     where
942 |         Const<U>: IntoArrayLength<ArrayLength = N>,
    |                                   ^^^^^^^^^^^^^^^ required by this bound in `GenericArray::<T, N>::from_array`
    = note: this error originates in the macro `impl_tuple` (in Nightly builds, run with -Z macro-backtrace for more info)

error[E0275]: overflow evaluating the requirement `GenericArray<T, UInt<UInt<UTerm, typenum::B1>, typenum::B1>>: Sized`
   --> /home/adwin/.cargo/registry/src/mirrors.tuna.tsinghua.edu.cn-4dc01642fd091eda/generic-array-1.3.5/src/impls.rs:163:17
    |
163 |                   GenericArray::from_array([$($t,)*])
    |                   ^^^^^^^^^^^^^^^^^^^^^^^^^^^^^^^^^^^
...
178 | / impl_tuple! {
179 | |     consts::U1  => (A,);
180 | |     consts::U2  => (A,B,);
181 | |     consts::U3  => (A,B,C,);
...   |
190 | |     consts::U12 => (A,B,C,D,E,F,G,H,I,J,K,L,);
191 | | }
    | |_- in this macro invocation
    |
    = help: consider increasing the recursion limit by adding a `#![recursion_limit = "256"]` attribute to your crate (`generic_array`)
    = note: the return type of a function must have a statically known size
    = note: this error originates in the macro `impl_tuple` (in Nightly builds, run with -Z macro-backtrace for more info)

error[E0275]: overflow evaluating the requirement `GenericArray<T, UInt<UInt<UTerm, typenum::B1>, typenum::B1>> well-formed`
   --> /home/adwin/.cargo/registry/src/mirrors.tuna.tsinghua.edu.cn-4dc01642fd091eda/generic-array-1.3.5/src/impls.rs:163:17
    |
163 |                   GenericArray::from_array([$($t,)*])
    |                   ^^^^^^^^^^^^
...
178 | / impl_tuple! {
179 | |     consts::U1  => (A,);
180 | |     consts::U2  => (A,B,);
181 | |     consts::U3  => (A,B,C,);
...   |
190 | |     consts::U12 => (A,B,C,D,E,F,G,H,I,J,K,L,);
191 | | }
    | |_- in this macro invocation
    |
    = help: consider increasing the recursion limit by adding a `#![recursion_limit = "256"]` attribute to your crate (`generic_array`)
    = note: this error originates in the macro `impl_tuple` (in Nightly builds, run with -Z macro-backtrace for more info)

error[E0275]: overflow evaluating the requirement `GenericArray<T, UInt<UInt<UTerm, typenum::B1>, typenum::B1>> well-formed`
   --> /home/adwin/.cargo/registry/src/mirrors.tuna.tsinghua.edu.cn-4dc01642fd091eda/generic-array-1.3.5/src/impls.rs:163:17
    |
163 |                   GenericArray::from_array([$($t,)*])
    |                   ^^^^^^^^^^^^^^^^^^^^^^^^^^^^^^^^^^^
...
178 | / impl_tuple! {
179 | |     consts::U1  => (A,);
180 | |     consts::U2  => (A,B,);
181 | |     consts::U3  => (A,B,C,);
...   |
190 | |     consts::U12 => (A,B,C,D,E,F,G,H,I,J,K,L,);
191 | | }
    | |_- in this macro invocation
    |
    = help: consider increasing the recursion limit by adding a `#![recursion_limit = "256"]` attribute to your crate (`generic_array`)
    = note: this error originates in the macro `impl_tuple` (in Nightly builds, run with -Z macro-backtrace for more info)

error[E0275]: overflow evaluating the requirement `UInt<UInt<UInt<UTerm, typenum::B1>, B0>, B0>: ArrayLength`
   --> /home/adwin/.cargo/registry/src/mirrors.tuna.tsinghua.edu.cn-4dc01642fd091eda/generic-array-1.3.5/src/impls.rs:163:17
    |
163 |                   GenericArray::from_array([$($t,)*])
    |                   ^^^^^^^^^^^^^^^^^^^^^^^^^^^^^^^^^^^
...
178 | / impl_tuple! {
179 | |     consts::U1  => (A,);
180 | |     consts::U2  => (A,B,);
181 | |     consts::U3  => (A,B,C,);
...   |
190 | |     consts::U12 => (A,B,C,D,E,F,G,H,I,J,K,L,);
191 | | }
    | |_- in this macro invocation
    |
    = help: consider increasing the recursion limit by adding a `#![recursion_limit = "256"]` attribute to your crate (`generic_array`)
note: required by a bound in `GenericArray::<T, N>::from_array`
   --> /home/adwin/.cargo/registry/src/mirrors.tuna.tsinghua.edu.cn-4dc01642fd091eda/generic-array-1.3.5/src/lib.rs:773:12
    |
773 | impl<T, N: ArrayLength> GenericArray<T, N> {
    |            ^^^^^^^^^^^ required by this bound in `GenericArray::<T, N>::from_array`
...
940 |     pub const fn from_array<const U: usize>(value: [T; U]) -> Self
    |                  ---------- required by a bound in this associated function
    = note: this error originates in the macro `impl_tuple` (in Nightly builds, run with -Z macro-backtrace for more info)

error[E0275]: overflow evaluating the requirement `Const<4>: IntoArrayLength`
   --> /home/adwin/.cargo/registry/src/mirrors.tuna.tsinghua.edu.cn-4dc01642fd091eda/generic-array-1.3.5/src/impls.rs:163:17
    |
163 |                   GenericArray::from_array([$($t,)*])
    |                   ^^^^^^^^^^^^^^^^^^^^^^^^^^^^^^^^^^^
...
178 | / impl_tuple! {
179 | |     consts::U1  => (A,);
180 | |     consts::U2  => (A,B,);
181 | |     consts::U3  => (A,B,C,);
...   |
190 | |     consts::U12 => (A,B,C,D,E,F,G,H,I,J,K,L,);
191 | | }
    | |_- in this macro invocation
    |
    = help: consider increasing the recursion limit by adding a `#![recursion_limit = "256"]` attribute to your crate (`generic_array`)
note: required by a bound in `GenericArray::<T, N>::from_array`
   --> /home/adwin/.cargo/registry/src/mirrors.tuna.tsinghua.edu.cn-4dc01642fd091eda/generic-array-1.3.5/src/lib.rs:942:19
    |
940 |     pub const fn from_array<const U: usize>(value: [T; U]) -> Self
    |                  ---------- required by a bound in this associated function
941 |     where
942 |         Const<U>: IntoArrayLength<ArrayLength = N>,
    |                   ^^^^^^^^^^^^^^^^^^^^^^^^^^^^^^^^ required by this bound in `GenericArray::<T, N>::from_array`
    = note: this error originates in the macro `impl_tuple` (in Nightly builds, run with -Z macro-backtrace for more info)

error[E0275]: overflow evaluating the requirement `<Const<4> as IntoArrayLength>::ArrayLength == UInt<UInt<UInt<UTerm, typenum::B1>, B0>, B0>`
   --> /home/adwin/.cargo/registry/src/mirrors.tuna.tsinghua.edu.cn-4dc01642fd091eda/generic-array-1.3.5/src/impls.rs:163:17
    |
163 |                   GenericArray::from_array([$($t,)*])
    |                   ^^^^^^^^^^^^^^^^^^^^^^^^^^^^^^^^^^^
...
178 | / impl_tuple! {
179 | |     consts::U1  => (A,);
180 | |     consts::U2  => (A,B,);
181 | |     consts::U3  => (A,B,C,);
...   |
190 | |     consts::U12 => (A,B,C,D,E,F,G,H,I,J,K,L,);
191 | | }
    | |_- in this macro invocation
    |
    = help: consider increasing the recursion limit by adding a `#![recursion_limit = "256"]` attribute to your crate (`generic_array`)
note: required by a bound in `GenericArray::<T, N>::from_array`
   --> /home/adwin/.cargo/registry/src/mirrors.tuna.tsinghua.edu.cn-4dc01642fd091eda/generic-array-1.3.5/src/lib.rs:942:35
    |
940 |     pub const fn from_array<const U: usize>(value: [T; U]) -> Self
    |                  ---------- required by a bound in this associated function
941 |     where
942 |         Const<U>: IntoArrayLength<ArrayLength = N>,
    |                                   ^^^^^^^^^^^^^^^ required by this bound in `GenericArray::<T, N>::from_array`
    = note: this error originates in the macro `impl_tuple` (in Nightly builds, run with -Z macro-backtrace for more info)

error[E0275]: overflow evaluating the requirement `GenericArray<T, UInt<UInt<UInt<UTerm, typenum::B1>, ...>, ...>>: Sized`
   --> /home/adwin/.cargo/registry/src/mirrors.tuna.tsinghua.edu.cn-4dc01642fd091eda/generic-array-1.3.5/src/impls.rs:163:17
    |
163 |                   GenericArray::from_array([$($t,)*])
    |                   ^^^^^^^^^^^^^^^^^^^^^^^^^^^^^^^^^^^
...
178 | / impl_tuple! {
179 | |     consts::U1  => (A,);
180 | |     consts::U2  => (A,B,);
181 | |     consts::U3  => (A,B,C,);
...   |
190 | |     consts::U12 => (A,B,C,D,E,F,G,H,I,J,K,L,);
191 | | }
    | |_- in this macro invocation
    |
    = help: consider increasing the recursion limit by adding a `#![recursion_limit = "256"]` attribute to your crate (`generic_array`)
    = note: the return type of a function must have a statically known size
    = note: this error originates in the macro `impl_tuple` (in Nightly builds, run with -Z macro-backtrace for more info)

error[E0275]: overflow evaluating the requirement `GenericArray<T, UInt<UInt<UInt<UTerm, typenum::B1>, ...>, ...>> well-formed`
   --> /home/adwin/.cargo/registry/src/mirrors.tuna.tsinghua.edu.cn-4dc01642fd091eda/generic-array-1.3.5/src/impls.rs:163:17
    |
163 |                   GenericArray::from_array([$($t,)*])
    |                   ^^^^^^^^^^^^
...
178 | / impl_tuple! {
179 | |     consts::U1  => (A,);
180 | |     consts::U2  => (A,B,);
181 | |     consts::U3  => (A,B,C,);
...   |
190 | |     consts::U12 => (A,B,C,D,E,F,G,H,I,J,K,L,);
191 | | }
    | |_- in this macro invocation
    |
    = help: consider increasing the recursion limit by adding a `#![recursion_limit = "256"]` attribute to your crate (`generic_array`)
    = note: this error originates in the macro `impl_tuple` (in Nightly builds, run with -Z macro-backtrace for more info)

error[E0275]: overflow evaluating the requirement `GenericArray<T, UInt<UInt<UInt<UTerm, typenum::B1>, ...>, ...>> well-formed`
   --> /home/adwin/.cargo/registry/src/mirrors.tuna.tsinghua.edu.cn-4dc01642fd091eda/generic-array-1.3.5/src/impls.rs:163:17
    |
163 |                   GenericArray::from_array([$($t,)*])
    |                   ^^^^^^^^^^^^^^^^^^^^^^^^^^^^^^^^^^^
...
178 | / impl_tuple! {
179 | |     consts::U1  => (A,);
180 | |     consts::U2  => (A,B,);
181 | |     consts::U3  => (A,B,C,);
...   |
190 | |     consts::U12 => (A,B,C,D,E,F,G,H,I,J,K,L,);
191 | | }
    | |_- in this macro invocation
    |
    = help: consider increasing the recursion limit by adding a `#![recursion_limit = "256"]` attribute to your crate (`generic_array`)
    = note: this error originates in the macro `impl_tuple` (in Nightly builds, run with -Z macro-backtrace for more info)

error[E0275]: overflow evaluating the requirement `UInt<UInt<UInt<UTerm, typenum::B1>, B0>, typenum::B1>: ArrayLength`
   --> /home/adwin/.cargo/registry/src/mirrors.tuna.tsinghua.edu.cn-4dc01642fd091eda/generic-array-1.3.5/src/impls.rs:163:17
    |
163 |                   GenericArray::from_array([$($t,)*])
    |                   ^^^^^^^^^^^^^^^^^^^^^^^^^^^^^^^^^^^
...
178 | / impl_tuple! {
179 | |     consts::U1  => (A,);
180 | |     consts::U2  => (A,B,);
181 | |     consts::U3  => (A,B,C,);
...   |
190 | |     consts::U12 => (A,B,C,D,E,F,G,H,I,J,K,L,);
191 | | }
    | |_- in this macro invocation
    |
    = help: consider increasing the recursion limit by adding a `#![recursion_limit = "256"]` attribute to your crate (`generic_array`)
note: required by a bound in `GenericArray::<T, N>::from_array`
   --> /home/adwin/.cargo/registry/src/mirrors.tuna.tsinghua.edu.cn-4dc01642fd091eda/generic-array-1.3.5/src/lib.rs:773:12
    |
773 | impl<T, N: ArrayLength> GenericArray<T, N> {
    |            ^^^^^^^^^^^ required by this bound in `GenericArray::<T, N>::from_array`
...
940 |     pub const fn from_array<const U: usize>(value: [T; U]) -> Self
    |                  ---------- required by a bound in this associated function
    = note: this error originates in the macro `impl_tuple` (in Nightly builds, run with -Z macro-backtrace for more info)

error[E0275]: overflow evaluating the requirement `Const<5>: IntoArrayLength`
   --> /home/adwin/.cargo/registry/src/mirrors.tuna.tsinghua.edu.cn-4dc01642fd091eda/generic-array-1.3.5/src/impls.rs:163:17
    |
163 |                   GenericArray::from_array([$($t,)*])
    |                   ^^^^^^^^^^^^^^^^^^^^^^^^^^^^^^^^^^^
...
178 | / impl_tuple! {
179 | |     consts::U1  => (A,);
180 | |     consts::U2  => (A,B,);
181 | |     consts::U3  => (A,B,C,);
...   |
190 | |     consts::U12 => (A,B,C,D,E,F,G,H,I,J,K,L,);
191 | | }
    | |_- in this macro invocation
    |
    = help: consider increasing the recursion limit by adding a `#![recursion_limit = "256"]` attribute to your crate (`generic_array`)
note: required by a bound in `GenericArray::<T, N>::from_array`
   --> /home/adwin/.cargo/registry/src/mirrors.tuna.tsinghua.edu.cn-4dc01642fd091eda/generic-array-1.3.5/src/lib.rs:942:19
    |
940 |     pub const fn from_array<const U: usize>(value: [T; U]) -> Self
    |                  ---------- required by a bound in this associated function
941 |     where
942 |         Const<U>: IntoArrayLength<ArrayLength = N>,
    |                   ^^^^^^^^^^^^^^^^^^^^^^^^^^^^^^^^ required by this bound in `GenericArray::<T, N>::from_array`
    = note: this error originates in the macro `impl_tuple` (in Nightly builds, run with -Z macro-backtrace for more info)

error[E0275]: overflow evaluating the requirement `<Const<5> as IntoArrayLength>::ArrayLength == UInt<UInt<UInt<UTerm, typenum::B1>, B0>, typenum::B1>`
   --> /home/adwin/.cargo/registry/src/mirrors.tuna.tsinghua.edu.cn-4dc01642fd091eda/generic-array-1.3.5/src/impls.rs:163:17
    |
163 |                   GenericArray::from_array([$($t,)*])
    |                   ^^^^^^^^^^^^^^^^^^^^^^^^^^^^^^^^^^^
...
178 | / impl_tuple! {
179 | |     consts::U1  => (A,);
180 | |     consts::U2  => (A,B,);
181 | |     consts::U3  => (A,B,C,);
...   |
190 | |     consts::U12 => (A,B,C,D,E,F,G,H,I,J,K,L,);
191 | | }
    | |_- in this macro invocation
    |
    = help: consider increasing the recursion limit by adding a `#![recursion_limit = "256"]` attribute to your crate (`generic_array`)
note: required by a bound in `GenericArray::<T, N>::from_array`
   --> /home/adwin/.cargo/registry/src/mirrors.tuna.tsinghua.edu.cn-4dc01642fd091eda/generic-array-1.3.5/src/lib.rs:942:35
    |
940 |     pub const fn from_array<const U: usize>(value: [T; U]) -> Self
    |                  ---------- required by a bound in this associated function
941 |     where
942 |         Const<U>: IntoArrayLength<ArrayLength = N>,
    |                                   ^^^^^^^^^^^^^^^ required by this bound in `GenericArray::<T, N>::from_array`
    = note: this error originates in the macro `impl_tuple` (in Nightly builds, run with -Z macro-backtrace for more info)

error[E0275]: overflow evaluating the requirement `UInt<UInt<UInt<UTerm, typenum::B1>, typenum::B1>, B0>: ArrayLength`
   --> /home/adwin/.cargo/registry/src/mirrors.tuna.tsinghua.edu.cn-4dc01642fd091eda/generic-array-1.3.5/src/impls.rs:163:17
    |
163 |                   GenericArray::from_array([$($t,)*])
    |                   ^^^^^^^^^^^^^^^^^^^^^^^^^^^^^^^^^^^
...
178 | / impl_tuple! {
179 | |     consts::U1  => (A,);
180 | |     consts::U2  => (A,B,);
181 | |     consts::U3  => (A,B,C,);
...   |
190 | |     consts::U12 => (A,B,C,D,E,F,G,H,I,J,K,L,);
191 | | }
    | |_- in this macro invocation
    |
    = help: consider increasing the recursion limit by adding a `#![recursion_limit = "256"]` attribute to your crate (`generic_array`)
note: required by a bound in `GenericArray::<T, N>::from_array`
   --> /home/adwin/.cargo/registry/src/mirrors.tuna.tsinghua.edu.cn-4dc01642fd091eda/generic-array-1.3.5/src/lib.rs:773:12
    |
773 | impl<T, N: ArrayLength> GenericArray<T, N> {
    |            ^^^^^^^^^^^ required by this bound in `GenericArray::<T, N>::from_array`
...
940 |     pub const fn from_array<const U: usize>(value: [T; U]) -> Self
    |                  ---------- required by a bound in this associated function
    = note: this error originates in the macro `impl_tuple` (in Nightly builds, run with -Z macro-backtrace for more info)

error[E0275]: overflow evaluating the requirement `Const<6>: IntoArrayLength`
   --> /home/adwin/.cargo/registry/src/mirrors.tuna.tsinghua.edu.cn-4dc01642fd091eda/generic-array-1.3.5/src/impls.rs:163:17
    |
163 |                   GenericArray::from_array([$($t,)*])
    |                   ^^^^^^^^^^^^^^^^^^^^^^^^^^^^^^^^^^^
...
178 | / impl_tuple! {
179 | |     consts::U1  => (A,);
180 | |     consts::U2  => (A,B,);
181 | |     consts::U3  => (A,B,C,);
...   |
190 | |     consts::U12 => (A,B,C,D,E,F,G,H,I,J,K,L,);
191 | | }
    | |_- in this macro invocation
    |
    = help: consider increasing the recursion limit by adding a `#![recursion_limit = "256"]` attribute to your crate (`generic_array`)
note: required by a bound in `GenericArray::<T, N>::from_array`
   --> /home/adwin/.cargo/registry/src/mirrors.tuna.tsinghua.edu.cn-4dc01642fd091eda/generic-array-1.3.5/src/lib.rs:942:19
    |
940 |     pub const fn from_array<const U: usize>(value: [T; U]) -> Self
    |                  ---------- required by a bound in this associated function
941 |     where
942 |         Const<U>: IntoArrayLength<ArrayLength = N>,
    |                   ^^^^^^^^^^^^^^^^^^^^^^^^^^^^^^^^ required by this bound in `GenericArray::<T, N>::from_array`
    = note: this error originates in the macro `impl_tuple` (in Nightly builds, run with -Z macro-backtrace for more info)

error[E0275]: overflow evaluating the requirement `<Const<6> as IntoArrayLength>::ArrayLength == UInt<UInt<UInt<UTerm, typenum::B1>, typenum::B1>, B0>`
   --> /home/adwin/.cargo/registry/src/mirrors.tuna.tsinghua.edu.cn-4dc01642fd091eda/generic-array-1.3.5/src/impls.rs:163:17
    |
163 |                   GenericArray::from_array([$($t,)*])
    |                   ^^^^^^^^^^^^^^^^^^^^^^^^^^^^^^^^^^^
...
178 | / impl_tuple! {
179 | |     consts::U1  => (A,);
180 | |     consts::U2  => (A,B,);
181 | |     consts::U3  => (A,B,C,);
...   |
190 | |     consts::U12 => (A,B,C,D,E,F,G,H,I,J,K,L,);
191 | | }
    | |_- in this macro invocation
    |
    = help: consider increasing the recursion limit by adding a `#![recursion_limit = "256"]` attribute to your crate (`generic_array`)
note: required by a bound in `GenericArray::<T, N>::from_array`
   --> /home/adwin/.cargo/registry/src/mirrors.tuna.tsinghua.edu.cn-4dc01642fd091eda/generic-array-1.3.5/src/lib.rs:942:35
    |
940 |     pub const fn from_array<const U: usize>(value: [T; U]) -> Self
    |                  ---------- required by a bound in this associated function
941 |     where
942 |         Const<U>: IntoArrayLength<ArrayLength = N>,
    |                                   ^^^^^^^^^^^^^^^ required by this bound in `GenericArray::<T, N>::from_array`
    = note: this error originates in the macro `impl_tuple` (in Nightly builds, run with -Z macro-backtrace for more info)

error[E0275]: overflow evaluating the requirement `UInt<UInt<UInt<UTerm, typenum::B1>, typenum::B1>, typenum::B1>: ArrayLength`
   --> /home/adwin/.cargo/registry/src/mirrors.tuna.tsinghua.edu.cn-4dc01642fd091eda/generic-array-1.3.5/src/impls.rs:163:17
    |
163 |                   GenericArray::from_array([$($t,)*])
    |                   ^^^^^^^^^^^^^^^^^^^^^^^^^^^^^^^^^^^
...
178 | / impl_tuple! {
179 | |     consts::U1  => (A,);
180 | |     consts::U2  => (A,B,);
181 | |     consts::U3  => (A,B,C,);
...   |
190 | |     consts::U12 => (A,B,C,D,E,F,G,H,I,J,K,L,);
191 | | }
    | |_- in this macro invocation
    |
    = help: consider increasing the recursion limit by adding a `#![recursion_limit = "256"]` attribute to your crate (`generic_array`)
note: required by a bound in `GenericArray::<T, N>::from_array`
   --> /home/adwin/.cargo/registry/src/mirrors.tuna.tsinghua.edu.cn-4dc01642fd091eda/generic-array-1.3.5/src/lib.rs:773:12
    |
773 | impl<T, N: ArrayLength> GenericArray<T, N> {
    |            ^^^^^^^^^^^ required by this bound in `GenericArray::<T, N>::from_array`
...
940 |     pub const fn from_array<const U: usize>(value: [T; U]) -> Self
    |                  ---------- required by a bound in this associated function
    = note: this error originates in the macro `impl_tuple` (in Nightly builds, run with -Z macro-backtrace for more info)

error[E0275]: overflow evaluating the requirement `Const<7>: IntoArrayLength`
   --> /home/adwin/.cargo/registry/src/mirrors.tuna.tsinghua.edu.cn-4dc01642fd091eda/generic-array-1.3.5/src/impls.rs:163:17
    |
163 |                   GenericArray::from_array([$($t,)*])
    |                   ^^^^^^^^^^^^^^^^^^^^^^^^^^^^^^^^^^^
...
178 | / impl_tuple! {
179 | |     consts::U1  => (A,);
180 | |     consts::U2  => (A,B,);
181 | |     consts::U3  => (A,B,C,);
...   |
190 | |     consts::U12 => (A,B,C,D,E,F,G,H,I,J,K,L,);
191 | | }
    | |_- in this macro invocation
    |
    = help: consider increasing the recursion limit by adding a `#![recursion_limit = "256"]` attribute to your crate (`generic_array`)
note: required by a bound in `GenericArray::<T, N>::from_array`
   --> /home/adwin/.cargo/registry/src/mirrors.tuna.tsinghua.edu.cn-4dc01642fd091eda/generic-array-1.3.5/src/lib.rs:942:19
    |
940 |     pub const fn from_array<const U: usize>(value: [T; U]) -> Self
    |                  ---------- required by a bound in this associated function
941 |     where
942 |         Const<U>: IntoArrayLength<ArrayLength = N>,
    |                   ^^^^^^^^^^^^^^^^^^^^^^^^^^^^^^^^ required by this bound in `GenericArray::<T, N>::from_array`
    = note: this error originates in the macro `impl_tuple` (in Nightly builds, run with -Z macro-backtrace for more info)

error[E0275]: overflow evaluating the requirement `<Const<7> as IntoArrayLength>::ArrayLength == UInt<UInt<UInt<UTerm, typenum::B1>, typenum::B1>, typenum::B1>`
   --> /home/adwin/.cargo/registry/src/mirrors.tuna.tsinghua.edu.cn-4dc01642fd091eda/generic-array-1.3.5/src/impls.rs:163:17
    |
163 |                   GenericArray::from_array([$($t,)*])
    |                   ^^^^^^^^^^^^^^^^^^^^^^^^^^^^^^^^^^^
...
178 | / impl_tuple! {
179 | |     consts::U1  => (A,);
180 | |     consts::U2  => (A,B,);
181 | |     consts::U3  => (A,B,C,);
...   |
190 | |     consts::U12 => (A,B,C,D,E,F,G,H,I,J,K,L,);
191 | | }
    | |_- in this macro invocation
    |
    = help: consider increasing the recursion limit by adding a `#![recursion_limit = "256"]` attribute to your crate (`generic_array`)
note: required by a bound in `GenericArray::<T, N>::from_array`
   --> /home/adwin/.cargo/registry/src/mirrors.tuna.tsinghua.edu.cn-4dc01642fd091eda/generic-array-1.3.5/src/lib.rs:942:35
    |
940 |     pub const fn from_array<const U: usize>(value: [T; U]) -> Self
    |                  ---------- required by a bound in this associated function
941 |     where
942 |         Const<U>: IntoArrayLength<ArrayLength = N>,
    |                                   ^^^^^^^^^^^^^^^ required by this bound in `GenericArray::<T, N>::from_array`
    = note: this error originates in the macro `impl_tuple` (in Nightly builds, run with -Z macro-backtrace for more info)

error[E0275]: overflow evaluating the requirement `UInt<UInt<UInt<UInt<UTerm, typenum::B1>, B0>, ...>, ...>: ArrayLength`
   --> /home/adwin/.cargo/registry/src/mirrors.tuna.tsinghua.edu.cn-4dc01642fd091eda/generic-array-1.3.5/src/impls.rs:163:17
    |
163 |                   GenericArray::from_array([$($t,)*])
    |                   ^^^^^^^^^^^^^^^^^^^^^^^^^^^^^^^^^^^
...
178 | / impl_tuple! {
179 | |     consts::U1  => (A,);
180 | |     consts::U2  => (A,B,);
181 | |     consts::U3  => (A,B,C,);
...   |
190 | |     consts::U12 => (A,B,C,D,E,F,G,H,I,J,K,L,);
191 | | }
    | |_- in this macro invocation
    |
    = help: consider increasing the recursion limit by adding a `#![recursion_limit = "256"]` attribute to your crate (`generic_array`)
note: required by a bound in `GenericArray::<T, N>::from_array`
   --> /home/adwin/.cargo/registry/src/mirrors.tuna.tsinghua.edu.cn-4dc01642fd091eda/generic-array-1.3.5/src/lib.rs:773:12
    |
773 | impl<T, N: ArrayLength> GenericArray<T, N> {
    |            ^^^^^^^^^^^ required by this bound in `GenericArray::<T, N>::from_array`
...
940 |     pub const fn from_array<const U: usize>(value: [T; U]) -> Self
    |                  ---------- required by a bound in this associated function
    = note: this error originates in the macro `impl_tuple` (in Nightly builds, run with -Z macro-backtrace for more info)

error[E0275]: overflow evaluating the requirement `Const<8>: IntoArrayLength`
   --> /home/adwin/.cargo/registry/src/mirrors.tuna.tsinghua.edu.cn-4dc01642fd091eda/generic-array-1.3.5/src/impls.rs:163:17
    |
163 |                   GenericArray::from_array([$($t,)*])
    |                   ^^^^^^^^^^^^^^^^^^^^^^^^^^^^^^^^^^^
...
178 | / impl_tuple! {
179 | |     consts::U1  => (A,);
180 | |     consts::U2  => (A,B,);
181 | |     consts::U3  => (A,B,C,);
...   |
190 | |     consts::U12 => (A,B,C,D,E,F,G,H,I,J,K,L,);
191 | | }
    | |_- in this macro invocation
    |
    = help: consider increasing the recursion limit by adding a `#![recursion_limit = "256"]` attribute to your crate (`generic_array`)
note: required by a bound in `GenericArray::<T, N>::from_array`
   --> /home/adwin/.cargo/registry/src/mirrors.tuna.tsinghua.edu.cn-4dc01642fd091eda/generic-array-1.3.5/src/lib.rs:942:19
    |
940 |     pub const fn from_array<const U: usize>(value: [T; U]) -> Self
    |                  ---------- required by a bound in this associated function
941 |     where
942 |         Const<U>: IntoArrayLength<ArrayLength = N>,
    |                   ^^^^^^^^^^^^^^^^^^^^^^^^^^^^^^^^ required by this bound in `GenericArray::<T, N>::from_array`
    = note: this error originates in the macro `impl_tuple` (in Nightly builds, run with -Z macro-backtrace for more info)

error[E0275]: overflow evaluating the requirement `<Const<8> as IntoArrayLength>::ArrayLength == UInt<UInt<UInt<UInt<UTerm, typenum::B1>, B0>, ...>, ...>`
   --> /home/adwin/.cargo/registry/src/mirrors.tuna.tsinghua.edu.cn-4dc01642fd091eda/generic-array-1.3.5/src/impls.rs:163:17
    |
163 |                   GenericArray::from_array([$($t,)*])
    |                   ^^^^^^^^^^^^^^^^^^^^^^^^^^^^^^^^^^^
...
178 | / impl_tuple! {
179 | |     consts::U1  => (A,);
180 | |     consts::U2  => (A,B,);
181 | |     consts::U3  => (A,B,C,);
...   |
190 | |     consts::U12 => (A,B,C,D,E,F,G,H,I,J,K,L,);
191 | | }
    | |_- in this macro invocation
    |
    = help: consider increasing the recursion limit by adding a `#![recursion_limit = "256"]` attribute to your crate (`generic_array`)
note: required by a bound in `GenericArray::<T, N>::from_array`
   --> /home/adwin/.cargo/registry/src/mirrors.tuna.tsinghua.edu.cn-4dc01642fd091eda/generic-array-1.3.5/src/lib.rs:942:35
    |
940 |     pub const fn from_array<const U: usize>(value: [T; U]) -> Self
    |                  ---------- required by a bound in this associated function
941 |     where
942 |         Const<U>: IntoArrayLength<ArrayLength = N>,
    |                                   ^^^^^^^^^^^^^^^ required by this bound in `GenericArray::<T, N>::from_array`
    = note: this error originates in the macro `impl_tuple` (in Nightly builds, run with -Z macro-backtrace for more info)

error[E0275]: overflow evaluating the requirement `GenericArray<T, UInt<UInt<UInt<UInt<UTerm, ...>, ...>, ...>, ...>>: Sized`
   --> /home/adwin/.cargo/registry/src/mirrors.tuna.tsinghua.edu.cn-4dc01642fd091eda/generic-array-1.3.5/src/impls.rs:163:17
    |
163 |                   GenericArray::from_array([$($t,)*])
    |                   ^^^^^^^^^^^^^^^^^^^^^^^^^^^^^^^^^^^
...
178 | / impl_tuple! {
179 | |     consts::U1  => (A,);
180 | |     consts::U2  => (A,B,);
181 | |     consts::U3  => (A,B,C,);
...   |
190 | |     consts::U12 => (A,B,C,D,E,F,G,H,I,J,K,L,);
191 | | }
    | |_- in this macro invocation
    |
    = help: consider increasing the recursion limit by adding a `#![recursion_limit = "256"]` attribute to your crate (`generic_array`)
    = note: the return type of a function must have a statically known size
    = note: this error originates in the macro `impl_tuple` (in Nightly builds, run with -Z macro-backtrace for more info)

error[E0275]: overflow evaluating the requirement `GenericArray<T, UInt<UInt<UInt<UInt<UTerm, ...>, ...>, ...>, ...>> well-formed`
   --> /home/adwin/.cargo/registry/src/mirrors.tuna.tsinghua.edu.cn-4dc01642fd091eda/generic-array-1.3.5/src/impls.rs:163:17
    |
163 |                   GenericArray::from_array([$($t,)*])
    |                   ^^^^^^^^^^^^
...
178 | / impl_tuple! {
179 | |     consts::U1  => (A,);
180 | |     consts::U2  => (A,B,);
181 | |     consts::U3  => (A,B,C,);
...   |
190 | |     consts::U12 => (A,B,C,D,E,F,G,H,I,J,K,L,);
191 | | }
    | |_- in this macro invocation
    |
    = help: consider increasing the recursion limit by adding a `#![recursion_limit = "256"]` attribute to your crate (`generic_array`)
    = note: this error originates in the macro `impl_tuple` (in Nightly builds, run with -Z macro-backtrace for more info)

error[E0275]: overflow evaluating the requirement `GenericArray<T, UInt<UInt<UInt<UInt<UTerm, ...>, ...>, ...>, ...>> well-formed`
   --> /home/adwin/.cargo/registry/src/mirrors.tuna.tsinghua.edu.cn-4dc01642fd091eda/generic-array-1.3.5/src/impls.rs:163:17
    |
163 |                   GenericArray::from_array([$($t,)*])
    |                   ^^^^^^^^^^^^^^^^^^^^^^^^^^^^^^^^^^^
...
178 | / impl_tuple! {
179 | |     consts::U1  => (A,);
180 | |     consts::U2  => (A,B,);
181 | |     consts::U3  => (A,B,C,);
...   |
190 | |     consts::U12 => (A,B,C,D,E,F,G,H,I,J,K,L,);
191 | | }
    | |_- in this macro invocation
    |
    = help: consider increasing the recursion limit by adding a `#![recursion_limit = "256"]` attribute to your crate (`generic_array`)
    = note: this error originates in the macro `impl_tuple` (in Nightly builds, run with -Z macro-backtrace for more info)

error[E0275]: overflow evaluating the requirement `Const<9>: IntoArrayLength`
   --> /home/adwin/.cargo/registry/src/mirrors.tuna.tsinghua.edu.cn-4dc01642fd091eda/generic-array-1.3.5/src/impls.rs:163:17
    |
163 |                   GenericArray::from_array([$($t,)*])
    |                   ^^^^^^^^^^^^^^^^^^^^^^^^^^^^^^^^^^^
...
178 | / impl_tuple! {
179 | |     consts::U1  => (A,);
180 | |     consts::U2  => (A,B,);
181 | |     consts::U3  => (A,B,C,);
...   |
190 | |     consts::U12 => (A,B,C,D,E,F,G,H,I,J,K,L,);
191 | | }
    | |_- in this macro invocation
    |
    = help: consider increasing the recursion limit by adding a `#![recursion_limit = "256"]` attribute to your crate (`generic_array`)
note: required by a bound in `GenericArray::<T, N>::from_array`
   --> /home/adwin/.cargo/registry/src/mirrors.tuna.tsinghua.edu.cn-4dc01642fd091eda/generic-array-1.3.5/src/lib.rs:942:19
    |
940 |     pub const fn from_array<const U: usize>(value: [T; U]) -> Self
    |                  ---------- required by a bound in this associated function
941 |     where
942 |         Const<U>: IntoArrayLength<ArrayLength = N>,
    |                   ^^^^^^^^^^^^^^^^^^^^^^^^^^^^^^^^ required by this bound in `GenericArray::<T, N>::from_array`
    = note: this error originates in the macro `impl_tuple` (in Nightly builds, run with -Z macro-backtrace for more info)

error[E0275]: overflow evaluating the requirement `<Const<9> as IntoArrayLength>::ArrayLength == UInt<UInt<UInt<UInt<UTerm, typenum::B1>, B0>, ...>, ...>`
   --> /home/adwin/.cargo/registry/src/mirrors.tuna.tsinghua.edu.cn-4dc01642fd091eda/generic-array-1.3.5/src/impls.rs:163:17
    |
163 |                   GenericArray::from_array([$($t,)*])
    |                   ^^^^^^^^^^^^^^^^^^^^^^^^^^^^^^^^^^^
...
178 | / impl_tuple! {
179 | |     consts::U1  => (A,);
180 | |     consts::U2  => (A,B,);
181 | |     consts::U3  => (A,B,C,);
...   |
190 | |     consts::U12 => (A,B,C,D,E,F,G,H,I,J,K,L,);
191 | | }
    | |_- in this macro invocation
    |
    = help: consider increasing the recursion limit by adding a `#![recursion_limit = "256"]` attribute to your crate (`generic_array`)
note: required by a bound in `GenericArray::<T, N>::from_array`
   --> /home/adwin/.cargo/registry/src/mirrors.tuna.tsinghua.edu.cn-4dc01642fd091eda/generic-array-1.3.5/src/lib.rs:942:35
    |
940 |     pub const fn from_array<const U: usize>(value: [T; U]) -> Self
    |                  ---------- required by a bound in this associated function
941 |     where
942 |         Const<U>: IntoArrayLength<ArrayLength = N>,
    |                                   ^^^^^^^^^^^^^^^ required by this bound in `GenericArray::<T, N>::from_array`
    = note: this error originates in the macro `impl_tuple` (in Nightly builds, run with -Z macro-backtrace for more info)

error[E0275]: overflow evaluating the requirement `Const<10>: IntoArrayLength`
   --> /home/adwin/.cargo/registry/src/mirrors.tuna.tsinghua.edu.cn-4dc01642fd091eda/generic-array-1.3.5/src/impls.rs:163:17
    |
163 |                   GenericArray::from_array([$($t,)*])
    |                   ^^^^^^^^^^^^^^^^^^^^^^^^^^^^^^^^^^^
...
178 | / impl_tuple! {
179 | |     consts::U1  => (A,);
180 | |     consts::U2  => (A,B,);
181 | |     consts::U3  => (A,B,C,);
...   |
190 | |     consts::U12 => (A,B,C,D,E,F,G,H,I,J,K,L,);
191 | | }
    | |_- in this macro invocation
    |
    = help: consider increasing the recursion limit by adding a `#![recursion_limit = "256"]` attribute to your crate (`generic_array`)
note: required by a bound in `GenericArray::<T, N>::from_array`
   --> /home/adwin/.cargo/registry/src/mirrors.tuna.tsinghua.edu.cn-4dc01642fd091eda/generic-array-1.3.5/src/lib.rs:942:19
    |
940 |     pub const fn from_array<const U: usize>(value: [T; U]) -> Self
    |                  ---------- required by a bound in this associated function
941 |     where
942 |         Const<U>: IntoArrayLength<ArrayLength = N>,
    |                   ^^^^^^^^^^^^^^^^^^^^^^^^^^^^^^^^ required by this bound in `GenericArray::<T, N>::from_array`
    = note: this error originates in the macro `impl_tuple` (in Nightly builds, run with -Z macro-backtrace for more info)

error[E0275]: overflow evaluating the requirement `<Const<10> as IntoArrayLength>::ArrayLength == UInt<UInt<UInt<UInt<UTerm, typenum::B1>, B0>, ...>, ...>`
   --> /home/adwin/.cargo/registry/src/mirrors.tuna.tsinghua.edu.cn-4dc01642fd091eda/generic-array-1.3.5/src/impls.rs:163:17
    |
163 |                   GenericArray::from_array([$($t,)*])
    |                   ^^^^^^^^^^^^^^^^^^^^^^^^^^^^^^^^^^^
...
178 | / impl_tuple! {
179 | |     consts::U1  => (A,);
180 | |     consts::U2  => (A,B,);
181 | |     consts::U3  => (A,B,C,);
...   |
190 | |     consts::U12 => (A,B,C,D,E,F,G,H,I,J,K,L,);
191 | | }
    | |_- in this macro invocation
    |
    = help: consider increasing the recursion limit by adding a `#![recursion_limit = "256"]` attribute to your crate (`generic_array`)
note: required by a bound in `GenericArray::<T, N>::from_array`
   --> /home/adwin/.cargo/registry/src/mirrors.tuna.tsinghua.edu.cn-4dc01642fd091eda/generic-array-1.3.5/src/lib.rs:942:35
    |
940 |     pub const fn from_array<const U: usize>(value: [T; U]) -> Self
    |                  ---------- required by a bound in this associated function
941 |     where
942 |         Const<U>: IntoArrayLength<ArrayLength = N>,
    |                                   ^^^^^^^^^^^^^^^ required by this bound in `GenericArray::<T, N>::from_array`
    = note: this error originates in the macro `impl_tuple` (in Nightly builds, run with -Z macro-backtrace for more info)

error[E0275]: overflow evaluating the requirement `Const<11>: IntoArrayLength`
   --> /home/adwin/.cargo/registry/src/mirrors.tuna.tsinghua.edu.cn-4dc01642fd091eda/generic-array-1.3.5/src/impls.rs:163:17
    |
163 |                   GenericArray::from_array([$($t,)*])
    |                   ^^^^^^^^^^^^^^^^^^^^^^^^^^^^^^^^^^^
...
178 | / impl_tuple! {
179 | |     consts::U1  => (A,);
180 | |     consts::U2  => (A,B,);
181 | |     consts::U3  => (A,B,C,);
...   |
190 | |     consts::U12 => (A,B,C,D,E,F,G,H,I,J,K,L,);
191 | | }
    | |_- in this macro invocation
    |
    = help: consider increasing the recursion limit by adding a `#![recursion_limit = "256"]` attribute to your crate (`generic_array`)
note: required by a bound in `GenericArray::<T, N>::from_array`
   --> /home/adwin/.cargo/registry/src/mirrors.tuna.tsinghua.edu.cn-4dc01642fd091eda/generic-array-1.3.5/src/lib.rs:942:19
    |
940 |     pub const fn from_array<const U: usize>(value: [T; U]) -> Self
    |                  ---------- required by a bound in this associated function
941 |     where
942 |         Const<U>: IntoArrayLength<ArrayLength = N>,
    |                   ^^^^^^^^^^^^^^^^^^^^^^^^^^^^^^^^ required by this bound in `GenericArray::<T, N>::from_array`
    = note: this error originates in the macro `impl_tuple` (in Nightly builds, run with -Z macro-backtrace for more info)

error[E0275]: overflow evaluating the requirement `<Const<11> as IntoArrayLength>::ArrayLength == UInt<UInt<UInt<UInt<UTerm, typenum::B1>, B0>, ...>, ...>`
   --> /home/adwin/.cargo/registry/src/mirrors.tuna.tsinghua.edu.cn-4dc01642fd091eda/generic-array-1.3.5/src/impls.rs:163:17
    |
163 |                   GenericArray::from_array([$($t,)*])
    |                   ^^^^^^^^^^^^^^^^^^^^^^^^^^^^^^^^^^^
...
178 | / impl_tuple! {
179 | |     consts::U1  => (A,);
180 | |     consts::U2  => (A,B,);
181 | |     consts::U3  => (A,B,C,);
...   |
190 | |     consts::U12 => (A,B,C,D,E,F,G,H,I,J,K,L,);
191 | | }
    | |_- in this macro invocation
    |
    = help: consider increasing the recursion limit by adding a `#![recursion_limit = "256"]` attribute to your crate (`generic_array`)
note: required by a bound in `GenericArray::<T, N>::from_array`
   --> /home/adwin/.cargo/registry/src/mirrors.tuna.tsinghua.edu.cn-4dc01642fd091eda/generic-array-1.3.5/src/lib.rs:942:35
    |
940 |     pub const fn from_array<const U: usize>(value: [T; U]) -> Self
    |                  ---------- required by a bound in this associated function
941 |     where
942 |         Const<U>: IntoArrayLength<ArrayLength = N>,
    |                                   ^^^^^^^^^^^^^^^ required by this bound in `GenericArray::<T, N>::from_array`
    = note: this error originates in the macro `impl_tuple` (in Nightly builds, run with -Z macro-backtrace for more info)

error[E0275]: overflow evaluating the requirement `UInt<UInt<UInt<UInt<UTerm, typenum::B1>, typenum::B1>, ...>, ...>: ArrayLength`
   --> /home/adwin/.cargo/registry/src/mirrors.tuna.tsinghua.edu.cn-4dc01642fd091eda/generic-array-1.3.5/src/impls.rs:163:17
    |
163 |                   GenericArray::from_array([$($t,)*])
    |                   ^^^^^^^^^^^^^^^^^^^^^^^^^^^^^^^^^^^
...
178 | / impl_tuple! {
179 | |     consts::U1  => (A,);
180 | |     consts::U2  => (A,B,);
181 | |     consts::U3  => (A,B,C,);
...   |
190 | |     consts::U12 => (A,B,C,D,E,F,G,H,I,J,K,L,);
191 | | }
    | |_- in this macro invocation
    |
    = help: consider increasing the recursion limit by adding a `#![recursion_limit = "256"]` attribute to your crate (`generic_array`)
note: required by a bound in `GenericArray::<T, N>::from_array`
   --> /home/adwin/.cargo/registry/src/mirrors.tuna.tsinghua.edu.cn-4dc01642fd091eda/generic-array-1.3.5/src/lib.rs:773:12
    |
773 | impl<T, N: ArrayLength> GenericArray<T, N> {
    |            ^^^^^^^^^^^ required by this bound in `GenericArray::<T, N>::from_array`
...
940 |     pub const fn from_array<const U: usize>(value: [T; U]) -> Self
    |                  ---------- required by a bound in this associated function
    = note: this error originates in the macro `impl_tuple` (in Nightly builds, run with -Z macro-backtrace for more info)

error[E0275]: overflow evaluating the requirement `Const<12>: IntoArrayLength`
   --> /home/adwin/.cargo/registry/src/mirrors.tuna.tsinghua.edu.cn-4dc01642fd091eda/generic-array-1.3.5/src/impls.rs:163:17
    |
163 |                   GenericArray::from_array([$($t,)*])
    |                   ^^^^^^^^^^^^^^^^^^^^^^^^^^^^^^^^^^^
...
178 | / impl_tuple! {
179 | |     consts::U1  => (A,);
180 | |     consts::U2  => (A,B,);
181 | |     consts::U3  => (A,B,C,);
...   |
190 | |     consts::U12 => (A,B,C,D,E,F,G,H,I,J,K,L,);
191 | | }
    | |_- in this macro invocation
    |
    = help: consider increasing the recursion limit by adding a `#![recursion_limit = "256"]` attribute to your crate (`generic_array`)
note: required by a bound in `GenericArray::<T, N>::from_array`
   --> /home/adwin/.cargo/registry/src/mirrors.tuna.tsinghua.edu.cn-4dc01642fd091eda/generic-array-1.3.5/src/lib.rs:942:19
    |
940 |     pub const fn from_array<const U: usize>(value: [T; U]) -> Self
    |                  ---------- required by a bound in this associated function
941 |     where
942 |         Const<U>: IntoArrayLength<ArrayLength = N>,
    |                   ^^^^^^^^^^^^^^^^^^^^^^^^^^^^^^^^ required by this bound in `GenericArray::<T, N>::from_array`
    = note: this error originates in the macro `impl_tuple` (in Nightly builds, run with -Z macro-backtrace for more info)

error[E0275]: overflow evaluating the requirement `<Const<12> as IntoArrayLength>::ArrayLength == UInt<UInt<UInt<UInt<UTerm, typenum::B1>, typenum::B1>, ...>, ...>`
   --> /home/adwin/.cargo/registry/src/mirrors.tuna.tsinghua.edu.cn-4dc01642fd091eda/generic-array-1.3.5/src/impls.rs:163:17
    |
163 |                   GenericArray::from_array([$($t,)*])
    |                   ^^^^^^^^^^^^^^^^^^^^^^^^^^^^^^^^^^^
...
178 | / impl_tuple! {
179 | |     consts::U1  => (A,);
180 | |     consts::U2  => (A,B,);
181 | |     consts::U3  => (A,B,C,);
...   |
190 | |     consts::U12 => (A,B,C,D,E,F,G,H,I,J,K,L,);
191 | | }
    | |_- in this macro invocation
    |
    = help: consider increasing the recursion limit by adding a `#![recursion_limit = "256"]` attribute to your crate (`generic_array`)
note: required by a bound in `GenericArray::<T, N>::from_array`
   --> /home/adwin/.cargo/registry/src/mirrors.tuna.tsinghua.edu.cn-4dc01642fd091eda/generic-array-1.3.5/src/lib.rs:942:35
    |
940 |     pub const fn from_array<const U: usize>(value: [T; U]) -> Self
    |                  ---------- required by a bound in this associated function
941 |     where
942 |         Const<U>: IntoArrayLength<ArrayLength = N>,
    |                                   ^^^^^^^^^^^^^^^ required by this bound in `GenericArray::<T, N>::from_array`
    = note: this error originates in the macro `impl_tuple` (in Nightly builds, run with -Z macro-backtrace for more info)

Some errors have detailed explanations: E0275, E0282.
For more information about an error, try `rustc --explain E0275`.
error: could not compile `generic-array` (lib) due to 120 previous errors
warning: build failed, waiting for other jobs to finish...
