Running as unit: run-p1093290-i13673602.scope; invocation ID: 9eb793c8d3b643c7a426d77fa18e3cb8
   Compiling proc-macro2 v1.0.103
   Compiling quote v1.0.42
   Compiling unicode-ident v1.0.22
   Compiling libc v0.2.177
    Checking cfg-if v1.0.4
   Compiling typenum v1.19.0
   Compiling shlex v1.3.0
    Checking smallvec v1.15.1
   Compiling find-msvc-tools v0.1.5
    Checking log v0.4.28
   Compiling pkg-config v0.3.32
   Compiling version_check v0.9.5
    Checking stable_deref_trait v1.2.1
    Checking once_cell v1.21.3
   Compiling parking_lot_core v0.9.12
    Checking bytes v1.11.0
    Checking pin-project-lite v0.2.16
    Checking itoa v1.0.15
   Compiling generic-array v0.14.7
    Checking scopeguard v1.2.0
    Checking futures-core v0.3.31
    Checking lock_api v0.4.14
    Checking bitflags v2.10.0
    Checking memchr v2.7.6
    Checking futures-sink v0.3.31
   Compiling serde_core v1.0.228
   Compiling vcpkg v0.2.15
   Compiling syn v2.0.111
    Checking fnv v1.0.7
   Compiling anyhow v1.0.100
    Checking http v1.3.1
   Compiling jobserver v0.1.34
    Checking mio v1.1.0
    Checking parking_lot v0.12.5
   Compiling cc v1.2.47
    Checking signal-hook-registry v1.4.7
    Checking socket2 v0.6.1
   Compiling syn v1.0.109
    Checking equivalent v1.0.2
    Checking writeable v0.6.2
    Checking hashbrown v0.16.1
    Checking slab v0.4.11
    Checking litemap v0.8.1
   Compiling serde v1.0.228
    Checking pin-utils v0.1.0
   Compiling icu_normalizer_data v2.1.1
    Checking subtle v2.6.1
   Compiling icu_properties_data v2.1.1
    Checking http-body v1.0.1
    Checking tracing-core v0.1.34
    Checking futures-task v0.3.31
   Compiling httparse v1.10.1
    Checking indexmap v2.12.1
   Compiling openssl v0.10.75
    Checking crypto-common v0.1.7
    Checking block-buffer v0.10.4
    Checking percent-encoding v2.3.2
    Checking digest v0.10.7
    Checking foreign-types-shared v0.1.1
    Checking futures-io v0.3.31
    Checking cpufeatures v0.2.17
    Checking foreign-types v0.3.2
    Checking futures-util v0.3.31
    Checking tracing v0.1.41
   Compiling crc32fast v1.5.0
    Checking try-lock v0.2.5
    Checking atomic-waker v1.1.2
   Compiling native-tls v0.2.14
   Compiling thiserror v1.0.69
    Checking tower-service v0.3.3
   Compiling autocfg v1.5.0
   Compiling openssl-sys v0.9.111
   Compiling zstd-sys v2.0.16+zstd.1.5.7
   Compiling getrandom v0.3.4
   Compiling num-traits v0.2.19
   Compiling aho-corasick v1.1.4
    Checking want v0.3.1
    Checking hybrid-array v0.4.5
    Checking futures-channel v0.3.31
   Compiling zstd-safe v7.2.4
    Checking varisat-formula v0.2.2
   Compiling regex-syntax v0.8.8
    Checking openssl-probe v0.1.6
    Checking ryu v1.0.20
   Compiling rustix v1.1.2
    Checking utf8parse v0.2.2
    Checking anstyle-parse v0.2.7
   Compiling partial_ref_derive v0.3.3
    Checking form_urlencoded v1.2.2
    Checking inout v0.1.4
    Checking sync_wrapper v1.0.2
    Checking linux-raw-sys v0.11.0
   Compiling portable-atomic v1.11.1
    Checking colorchoice v1.0.4
    Checking powerfmt v0.2.0
   Compiling rustversion v1.0.22
    Checking base64 v0.22.1
   Compiling serde_json v1.0.145
    Checking ipnet v2.11.0
    Checking anstyle-query v1.1.5
    Checking itoa v0.4.8
    Checking unicode-width v0.2.2
    Checking zlib-rs v0.5.2
   Compiling unicode-xid v0.2.6
    Checking is_terminal_polyfill v1.70.2
    Checking tower-layer v0.3.3
    Checking utf8_iter v1.0.4
    Checking anstyle v1.0.13
   Compiling synstructure v0.13.2
    Checking crc-catalog v2.4.0
    Checking crc v3.3.0
    Checking anstream v0.6.21
    Checking console v0.16.1
   Compiling synstructure v0.12.6
    Checking deranged v0.5.5
   Compiling regex-automata v0.4.13
    Checking partial_ref v0.3.3
   Compiling varisat v0.2.2
    Checking libz-rs-sys v0.5.2
    Checking cipher v0.4.4
    Checking block-buffer v0.11.0
    Checking crypto-common v0.2.0-rc.5
    Checking varisat-internal-proof v0.2.2
    Checking sha2 v0.10.9
    Checking hmac v0.12.1
    Checking http-body-util v0.1.3
    Checking inotify-sys v0.1.5
    Checking bumpalo v3.19.0
    Checking iri-string v0.7.9
    Checking libbz2-rs-sys v0.2.2
   Compiling zerofrom-derive v0.1.6
   Compiling yoke-derive v0.8.1
   Compiling zerovec-derive v0.11.2
   Compiling displaydoc v0.2.5
   Compiling tokio-macros v2.6.0
   Compiling serde_derive v1.0.228
    Checking tokio v1.48.0
   Compiling zeroize_derive v1.4.2
   Compiling openssl-macros v0.1.1
   Compiling thiserror-impl v1.0.69
    Checking zerofrom v0.1.6
    Checking yoke v0.8.1
    Checking zerovec v0.11.5
    Checking zerotrie v0.2.3
    Checking zeroize v1.8.2
   Compiling regex v1.12.2
    Checking num-conv v0.1.0
    Checking tinystr v0.8.2
    Checking potential_utf v0.1.4
    Checking icu_locale_core v2.1.1
    Checking icu_collections v2.1.1
    Checking strsim v0.11.1
    Checking varisat-dimacs v0.2.2
    Checking clap_lex v0.7.6
    Checking time-core v0.1.6
   Compiling heck v0.5.0
    Checking rustc-hash v1.1.0
    Checking fastrand v2.3.0
    Checking const-oid v0.10.1
    Checking simd-adler32 v0.3.7
   Compiling thiserror v2.0.17
    Checking same-file v1.0.6
    Checking option-ext v0.2.0
    Checking dirs-sys v0.5.0
    Checking zopfli v0.8.3
    Checking icu_provider v2.1.1
    Checking walkdir v2.5.0
    Checking tempfile v3.23.0
    Checking digest v0.11.0-rc.4
    Checking icu_normalizer v2.1.1
    Checking icu_properties v2.1.1
   Compiling clap_derive v4.5.49
    Checking varisat-checker v0.2.2
    Checking time v0.3.44
    Checking clap_builder v4.5.53
   Compiling varisat-internal-macros v0.2.2
    Checking rustls-pki-types v1.13.0
    Checking idna_adapter v1.2.1
    Checking idna v1.1.0
    Checking bzip2 v0.6.1
   Compiling thiserror-impl v2.0.17
    Checking inotify v0.11.0
    Checking lzma-rust2 v0.13.0
    Checking ordered-float v2.10.1
    Checking url v2.5.7
    Checking serde_urlencoded v0.7.1
    Checking pbkdf2 v0.12.2
    Checking aes v0.8.4
    Checking flate2 v1.1.5
    Checking sha1 v0.10.6
    Checking tokio-util v0.7.17
    Checking tower v0.5.2
    Checking tokio-native-tls v0.3.1
    Checking encoding_rs v0.8.35
    Checking unit-prefix v0.5.2
    Checking notify-types v2.0.0
    Checking vec_mut_scan v0.3.0
    Checking unsafe-libyaml v0.2.11
    Checking shell-words v1.1.0
    Checking deflate64 v0.1.10
    Checking ppmd-rust v1.3.0
    Checking constant_time_eq v0.3.1
    Checking h2 v0.4.12
    Checking mime v0.3.17
    Checking tower-http v0.6.6
    Checking leb128 v0.2.5
    Checking dialoguer v0.12.0
    Checking notify v8.2.0
    Checking indicatif v0.18.3
    Checking generic-array v1.3.5
    Checking serde_yaml v0.9.34+deprecated
    Checking clap v4.5.53
    Checking quick-xml v0.38.4
error[E0275]: overflow evaluating the requirement `GenericArray<T, UInt<UTerm, typenum::B1>> well-formed`
   --> /home/adwin/.cargo/registry/src/mirrors.tuna.tsinghua.edu.cn-4dc01642fd091eda/generic-array-1.3.5/src/impls.rs:161:13
    |
161 |               fn from(tuple: ($(impl_tuple!(@T $t),)*)) -> Self {
    |               ^^^^^^^^^^^^^^^^^^^^^^^^^^^^^^^^^^^^^^^^^^^^^^^^^
...
178 | / impl_tuple! {
179 | |     consts::U1  => (A,);
180 | |     consts::U2  => (A,B,);
181 | |     consts::U3  => (A,B,C,);
...   |
190 | |     consts::U12 => (A,B,C,D,E,F,G,H,I,J,K,L,);
191 | | }
    | |_- in this macro invocation
    |
    = help: consider increasing the recursion limit by adding a `#![recursion_limit = "256"]` attribute to your crate (`generic_array`)
note: the requirement `GenericArray<T, UInt<UTerm, typenum::B1>> well-formed` appears on the `impl`'s associated function `from` but not on the corresponding trait's associated function
   --> /home/adwin/.rustup/toolchains/nightly-x86_64-unknown-linux-gnu/lib/rustlib/src/rust/library/core/src/convert/mod.rs:592:8
    |
587 | pub const trait From<T>: Sized {
    |                 ---- in this trait
...
592 |     fn from(value: T) -> Self;
    |        ^^^^ this trait's associated function doesn't have the requirement `GenericArray<T, UInt<UTerm, typenum::B1>> well-formed`
    = note: this error originates in the macro `impl_tuple` (in Nightly builds, run with -Z macro-backtrace for more info)

error[E0275]: overflow evaluating the requirement `GenericArray<T, UInt<UTerm, typenum::B1>>: Sized`
   --> /home/adwin/.cargo/registry/src/mirrors.tuna.tsinghua.edu.cn-4dc01642fd091eda/generic-array-1.3.5/src/impls.rs:158:53
    |
158 |           impl<T> From<($(impl_tuple!(@T $t),)*)> for GenericArray<T, $len> {
    |                                                       ^^^^^^^^^^^^^^^^^^^^^
...
178 | / impl_tuple! {
179 | |     consts::U1  => (A,);
180 | |     consts::U2  => (A,B,);
181 | |     consts::U3  => (A,B,C,);
...   |
190 | |     consts::U12 => (A,B,C,D,E,F,G,H,I,J,K,L,);
191 | | }
    | |_- in this macro invocation
    |
    = help: consider increasing the recursion limit by adding a `#![recursion_limit = "256"]` attribute to your crate (`generic_array`)
note: required by a bound in `From`
   --> /home/adwin/.rustup/toolchains/nightly-x86_64-unknown-linux-gnu/lib/rustlib/src/rust/library/core/src/convert/mod.rs:587:26
    |
587 | pub const trait From<T>: Sized {
    |                          ^^^^^ required by this bound in `From`
    = note: this error originates in the macro `impl_tuple` (in Nightly builds, run with -Z macro-backtrace for more info)

error[E0275]: overflow evaluating the requirement `GenericArray<T, UInt<UTerm, typenum::B1>> well-formed`
   --> /home/adwin/.cargo/registry/src/mirrors.tuna.tsinghua.edu.cn-4dc01642fd091eda/generic-array-1.3.5/src/impls.rs:158:53
    |
158 |           impl<T> From<($(impl_tuple!(@T $t),)*)> for GenericArray<T, $len> {
    |                                                       ^^^^^^^^^^^^^^^^^^^^^
...
178 | / impl_tuple! {
179 | |     consts::U1  => (A,);
180 | |     consts::U2  => (A,B,);
181 | |     consts::U3  => (A,B,C,);
...   |
190 | |     consts::U12 => (A,B,C,D,E,F,G,H,I,J,K,L,);
191 | | }
    | |_- in this macro invocation
    |
    = help: consider increasing the recursion limit by adding a `#![recursion_limit = "256"]` attribute to your crate (`generic_array`)
    = note: this error originates in the macro `impl_tuple` (in Nightly builds, run with -Z macro-backtrace for more info)

error[E0275]: overflow evaluating the requirement `GenericArray<T, UInt<UTerm, typenum::B1>> well-formed`
   --> /home/adwin/.cargo/registry/src/mirrors.tuna.tsinghua.edu.cn-4dc01642fd091eda/generic-array-1.3.5/src/impls.rs:170:13
    |
170 |               fn from(array: GenericArray<T, $len>) -> Self {
    |               ^^^^^^^^^^^^^^^^^^^^^^^^^^^^^^^^^^^^^^^^^^^^^
...
178 | / impl_tuple! {
179 | |     consts::U1  => (A,);
180 | |     consts::U2  => (A,B,);
181 | |     consts::U3  => (A,B,C,);
...   |
190 | |     consts::U12 => (A,B,C,D,E,F,G,H,I,J,K,L,);
191 | | }
    | |_- in this macro invocation
    |
    = help: consider increasing the recursion limit by adding a `#![recursion_limit = "256"]` attribute to your crate (`generic_array`)
note: the requirement `GenericArray<T, UInt<UTerm, typenum::B1>> well-formed` appears on the `impl`'s associated function `from` but not on the corresponding trait's associated function
   --> /home/adwin/.rustup/toolchains/nightly-x86_64-unknown-linux-gnu/lib/rustlib/src/rust/library/core/src/convert/mod.rs:592:8
    |
587 | pub const trait From<T>: Sized {
    |                 ---- in this trait
...
592 |     fn from(value: T) -> Self;
    |        ^^^^ this trait's associated function doesn't have the requirement `GenericArray<T, UInt<UTerm, typenum::B1>> well-formed`
    = note: this error originates in the macro `impl_tuple` (in Nightly builds, run with -Z macro-backtrace for more info)

error[E0275]: overflow evaluating the requirement `GenericArray<T, UInt<UTerm, typenum::B1>>: Sized`
   --> /home/adwin/.cargo/registry/src/mirrors.tuna.tsinghua.edu.cn-4dc01642fd091eda/generic-array-1.3.5/src/impls.rs:167:17
    |
167 |           impl<T> From<GenericArray<T, $len>> for ($(impl_tuple!(@T $t),)*) {
    |                   ^^^^^^^^^^^^^^^^^^^^^^^^^^^
...
178 | / impl_tuple! {
179 | |     consts::U1  => (A,);
180 | |     consts::U2  => (A,B,);
181 | |     consts::U3  => (A,B,C,);
...   |
190 | |     consts::U12 => (A,B,C,D,E,F,G,H,I,J,K,L,);
191 | | }
    | |_- in this macro invocation
    |
    = help: consider increasing the recursion limit by adding a `#![recursion_limit = "256"]` attribute to your crate (`generic_array`)
note: required by an implicit `Sized` bound in `From`
   --> /home/adwin/.rustup/toolchains/nightly-x86_64-unknown-linux-gnu/lib/rustlib/src/rust/library/core/src/convert/mod.rs:587:22
    |
587 | pub const trait From<T>: Sized {
    |                      ^ required by the implicit `Sized` requirement on this type parameter in `From`
    = note: this error originates in the macro `impl_tuple` (in Nightly builds, run with -Z macro-backtrace for more info)

error[E0275]: overflow evaluating the requirement `GenericArray<T, UInt<UTerm, typenum::B1>> well-formed`
   --> /home/adwin/.cargo/registry/src/mirrors.tuna.tsinghua.edu.cn-4dc01642fd091eda/generic-array-1.3.5/src/impls.rs:167:17
    |
167 |           impl<T> From<GenericArray<T, $len>> for ($(impl_tuple!(@T $t),)*) {
    |                   ^^^^^^^^^^^^^^^^^^^^^^^^^^^
...
178 | / impl_tuple! {
179 | |     consts::U1  => (A,);
180 | |     consts::U2  => (A,B,);
181 | |     consts::U3  => (A,B,C,);
...   |
190 | |     consts::U12 => (A,B,C,D,E,F,G,H,I,J,K,L,);
191 | | }
    | |_- in this macro invocation
    |
    = help: consider increasing the recursion limit by adding a `#![recursion_limit = "256"]` attribute to your crate (`generic_array`)
    = note: this error originates in the macro `impl_tuple` (in Nightly builds, run with -Z macro-backtrace for more info)

error[E0275]: overflow evaluating the requirement `GenericArray<T, UInt<UInt<UTerm, typenum::B1>, B0>> well-formed`
   --> /home/adwin/.cargo/registry/src/mirrors.tuna.tsinghua.edu.cn-4dc01642fd091eda/generic-array-1.3.5/src/impls.rs:161:13
    |
161 |               fn from(tuple: ($(impl_tuple!(@T $t),)*)) -> Self {
    |               ^^^^^^^^^^^^^^^^^^^^^^^^^^^^^^^^^^^^^^^^^^^^^^^^^
...
178 | / impl_tuple! {
179 | |     consts::U1  => (A,);
180 | |     consts::U2  => (A,B,);
181 | |     consts::U3  => (A,B,C,);
...   |
190 | |     consts::U12 => (A,B,C,D,E,F,G,H,I,J,K,L,);
191 | | }
    | |_- in this macro invocation
    |
    = help: consider increasing the recursion limit by adding a `#![recursion_limit = "256"]` attribute to your crate (`generic_array`)
note: the requirement `GenericArray<T, UInt<UInt<UTerm, typenum::B1>, B0>> well-formed` appears on the `impl`'s associated function `from` but not on the corresponding trait's associated function
   --> /home/adwin/.rustup/toolchains/nightly-x86_64-unknown-linux-gnu/lib/rustlib/src/rust/library/core/src/convert/mod.rs:592:8
    |
587 | pub const trait From<T>: Sized {
    |                 ---- in this trait
...
592 |     fn from(value: T) -> Self;
    |        ^^^^ this trait's associated function doesn't have the requirement `GenericArray<T, UInt<UInt<UTerm, typenum::B1>, B0>> well-formed`
    = note: this error originates in the macro `impl_tuple` (in Nightly builds, run with -Z macro-backtrace for more info)

error[E0275]: overflow evaluating the requirement `GenericArray<T, UInt<UInt<UTerm, typenum::B1>, B0>>: Sized`
   --> /home/adwin/.cargo/registry/src/mirrors.tuna.tsinghua.edu.cn-4dc01642fd091eda/generic-array-1.3.5/src/impls.rs:158:53
    |
158 |           impl<T> From<($(impl_tuple!(@T $t),)*)> for GenericArray<T, $len> {
    |                                                       ^^^^^^^^^^^^^^^^^^^^^
...
178 | / impl_tuple! {
179 | |     consts::U1  => (A,);
180 | |     consts::U2  => (A,B,);
181 | |     consts::U3  => (A,B,C,);
...   |
190 | |     consts::U12 => (A,B,C,D,E,F,G,H,I,J,K,L,);
191 | | }
    | |_- in this macro invocation
    |
    = help: consider increasing the recursion limit by adding a `#![recursion_limit = "256"]` attribute to your crate (`generic_array`)
note: required by a bound in `From`
   --> /home/adwin/.rustup/toolchains/nightly-x86_64-unknown-linux-gnu/lib/rustlib/src/rust/library/core/src/convert/mod.rs:587:26
    |
587 | pub const trait From<T>: Sized {
    |                          ^^^^^ required by this bound in `From`
    = note: this error originates in the macro `impl_tuple` (in Nightly builds, run with -Z macro-backtrace for more info)

error[E0275]: overflow evaluating the requirement `GenericArray<T, UInt<UInt<UTerm, typenum::B1>, B0>> well-formed`
   --> /home/adwin/.cargo/registry/src/mirrors.tuna.tsinghua.edu.cn-4dc01642fd091eda/generic-array-1.3.5/src/impls.rs:158:53
    |
158 |           impl<T> From<($(impl_tuple!(@T $t),)*)> for GenericArray<T, $len> {
    |                                                       ^^^^^^^^^^^^^^^^^^^^^
...
178 | / impl_tuple! {
179 | |     consts::U1  => (A,);
180 | |     consts::U2  => (A,B,);
181 | |     consts::U3  => (A,B,C,);
...   |
190 | |     consts::U12 => (A,B,C,D,E,F,G,H,I,J,K,L,);
191 | | }
    | |_- in this macro invocation
    |
    = help: consider increasing the recursion limit by adding a `#![recursion_limit = "256"]` attribute to your crate (`generic_array`)
    = note: this error originates in the macro `impl_tuple` (in Nightly builds, run with -Z macro-backtrace for more info)

error[E0275]: overflow evaluating the requirement `GenericArray<T, UInt<UInt<UTerm, typenum::B1>, B0>> well-formed`
   --> /home/adwin/.cargo/registry/src/mirrors.tuna.tsinghua.edu.cn-4dc01642fd091eda/generic-array-1.3.5/src/impls.rs:170:13
    |
170 |               fn from(array: GenericArray<T, $len>) -> Self {
    |               ^^^^^^^^^^^^^^^^^^^^^^^^^^^^^^^^^^^^^^^^^^^^^
...
178 | / impl_tuple! {
179 | |     consts::U1  => (A,);
180 | |     consts::U2  => (A,B,);
181 | |     consts::U3  => (A,B,C,);
...   |
190 | |     consts::U12 => (A,B,C,D,E,F,G,H,I,J,K,L,);
191 | | }
    | |_- in this macro invocation
    |
    = help: consider increasing the recursion limit by adding a `#![recursion_limit = "256"]` attribute to your crate (`generic_array`)
note: the requirement `GenericArray<T, UInt<UInt<UTerm, typenum::B1>, B0>> well-formed` appears on the `impl`'s associated function `from` but not on the corresponding trait's associated function
   --> /home/adwin/.rustup/toolchains/nightly-x86_64-unknown-linux-gnu/lib/rustlib/src/rust/library/core/src/convert/mod.rs:592:8
    |
587 | pub const trait From<T>: Sized {
    |                 ---- in this trait
...
592 |     fn from(value: T) -> Self;
    |        ^^^^ this trait's associated function doesn't have the requirement `GenericArray<T, UInt<UInt<UTerm, typenum::B1>, B0>> well-formed`
    = note: this error originates in the macro `impl_tuple` (in Nightly builds, run with -Z macro-backtrace for more info)

error[E0275]: overflow evaluating the requirement `GenericArray<T, UInt<UInt<UTerm, typenum::B1>, B0>>: Sized`
   --> /home/adwin/.cargo/registry/src/mirrors.tuna.tsinghua.edu.cn-4dc01642fd091eda/generic-array-1.3.5/src/impls.rs:167:17
    |
167 |           impl<T> From<GenericArray<T, $len>> for ($(impl_tuple!(@T $t),)*) {
    |                   ^^^^^^^^^^^^^^^^^^^^^^^^^^^
...
178 | / impl_tuple! {
179 | |     consts::U1  => (A,);
180 | |     consts::U2  => (A,B,);
181 | |     consts::U3  => (A,B,C,);
...   |
190 | |     consts::U12 => (A,B,C,D,E,F,G,H,I,J,K,L,);
191 | | }
    | |_- in this macro invocation
    |
    = help: consider increasing the recursion limit by adding a `#![recursion_limit = "256"]` attribute to your crate (`generic_array`)
note: required by an implicit `Sized` bound in `From`
   --> /home/adwin/.rustup/toolchains/nightly-x86_64-unknown-linux-gnu/lib/rustlib/src/rust/library/core/src/convert/mod.rs:587:22
    |
587 | pub const trait From<T>: Sized {
    |                      ^ required by the implicit `Sized` requirement on this type parameter in `From`
    = note: this error originates in the macro `impl_tuple` (in Nightly builds, run with -Z macro-backtrace for more info)

error[E0275]: overflow evaluating the requirement `GenericArray<T, UInt<UInt<UTerm, typenum::B1>, B0>> well-formed`
   --> /home/adwin/.cargo/registry/src/mirrors.tuna.tsinghua.edu.cn-4dc01642fd091eda/generic-array-1.3.5/src/impls.rs:167:17
    |
167 |           impl<T> From<GenericArray<T, $len>> for ($(impl_tuple!(@T $t),)*) {
    |                   ^^^^^^^^^^^^^^^^^^^^^^^^^^^
...
178 | / impl_tuple! {
179 | |     consts::U1  => (A,);
180 | |     consts::U2  => (A,B,);
181 | |     consts::U3  => (A,B,C,);
...   |
190 | |     consts::U12 => (A,B,C,D,E,F,G,H,I,J,K,L,);
191 | | }
    | |_- in this macro invocation
    |
    = help: consider increasing the recursion limit by adding a `#![recursion_limit = "256"]` attribute to your crate (`generic_array`)
    = note: this error originates in the macro `impl_tuple` (in Nightly builds, run with -Z macro-backtrace for more info)

error[E0275]: overflow evaluating the requirement `GenericArray<T, UInt<UInt<UTerm, typenum::B1>, typenum::B1>> well-formed`
   --> /home/adwin/.cargo/registry/src/mirrors.tuna.tsinghua.edu.cn-4dc01642fd091eda/generic-array-1.3.5/src/impls.rs:161:13
    |
161 |               fn from(tuple: ($(impl_tuple!(@T $t),)*)) -> Self {
    |               ^^^^^^^^^^^^^^^^^^^^^^^^^^^^^^^^^^^^^^^^^^^^^^^^^
...
178 | / impl_tuple! {
179 | |     consts::U1  => (A,);
180 | |     consts::U2  => (A,B,);
181 | |     consts::U3  => (A,B,C,);
...   |
190 | |     consts::U12 => (A,B,C,D,E,F,G,H,I,J,K,L,);
191 | | }
    | |_- in this macro invocation
    |
    = help: consider increasing the recursion limit by adding a `#![recursion_limit = "256"]` attribute to your crate (`generic_array`)
note: the requirement `GenericArray<T, UInt<UInt<UTerm, typenum::B1>, typenum::B1>> well-formed` appears on the `impl`'s associated function `from` but not on the corresponding trait's associated function
   --> /home/adwin/.rustup/toolchains/nightly-x86_64-unknown-linux-gnu/lib/rustlib/src/rust/library/core/src/convert/mod.rs:592:8
    |
587 | pub const trait From<T>: Sized {
    |                 ---- in this trait
...
592 |     fn from(value: T) -> Self;
    |        ^^^^ this trait's associated function doesn't have the requirement `GenericArray<T, UInt<UInt<UTerm, typenum::B1>, typenum::B1>> well-formed`
    = note: this error originates in the macro `impl_tuple` (in Nightly builds, run with -Z macro-backtrace for more info)

error[E0275]: overflow evaluating the requirement `GenericArray<T, UInt<UInt<UTerm, typenum::B1>, typenum::B1>>: Sized`
   --> /home/adwin/.cargo/registry/src/mirrors.tuna.tsinghua.edu.cn-4dc01642fd091eda/generic-array-1.3.5/src/impls.rs:158:53
    |
158 |           impl<T> From<($(impl_tuple!(@T $t),)*)> for GenericArray<T, $len> {
    |                                                       ^^^^^^^^^^^^^^^^^^^^^
...
178 | / impl_tuple! {
179 | |     consts::U1  => (A,);
180 | |     consts::U2  => (A,B,);
181 | |     consts::U3  => (A,B,C,);
...   |
190 | |     consts::U12 => (A,B,C,D,E,F,G,H,I,J,K,L,);
191 | | }
    | |_- in this macro invocation
    |
    = help: consider increasing the recursion limit by adding a `#![recursion_limit = "256"]` attribute to your crate (`generic_array`)
note: required by a bound in `From`
   --> /home/adwin/.rustup/toolchains/nightly-x86_64-unknown-linux-gnu/lib/rustlib/src/rust/library/core/src/convert/mod.rs:587:26
    |
587 | pub const trait From<T>: Sized {
    |                          ^^^^^ required by this bound in `From`
    = note: this error originates in the macro `impl_tuple` (in Nightly builds, run with -Z macro-backtrace for more info)

error[E0275]: overflow evaluating the requirement `GenericArray<T, UInt<UInt<UTerm, typenum::B1>, typenum::B1>> well-formed`
   --> /home/adwin/.cargo/registry/src/mirrors.tuna.tsinghua.edu.cn-4dc01642fd091eda/generic-array-1.3.5/src/impls.rs:158:53
    |
158 |           impl<T> From<($(impl_tuple!(@T $t),)*)> for GenericArray<T, $len> {
    |                                                       ^^^^^^^^^^^^^^^^^^^^^
...
178 | / impl_tuple! {
179 | |     consts::U1  => (A,);
180 | |     consts::U2  => (A,B,);
181 | |     consts::U3  => (A,B,C,);
...   |
190 | |     consts::U12 => (A,B,C,D,E,F,G,H,I,J,K,L,);
191 | | }
    | |_- in this macro invocation
    |
    = help: consider increasing the recursion limit by adding a `#![recursion_limit = "256"]` attribute to your crate (`generic_array`)
    = note: this error originates in the macro `impl_tuple` (in Nightly builds, run with -Z macro-backtrace for more info)

error[E0275]: overflow evaluating the requirement `GenericArray<T, UInt<UInt<UTerm, typenum::B1>, typenum::B1>> well-formed`
   --> /home/adwin/.cargo/registry/src/mirrors.tuna.tsinghua.edu.cn-4dc01642fd091eda/generic-array-1.3.5/src/impls.rs:170:13
    |
170 |               fn from(array: GenericArray<T, $len>) -> Self {
    |               ^^^^^^^^^^^^^^^^^^^^^^^^^^^^^^^^^^^^^^^^^^^^^
...
178 | / impl_tuple! {
179 | |     consts::U1  => (A,);
180 | |     consts::U2  => (A,B,);
181 | |     consts::U3  => (A,B,C,);
...   |
190 | |     consts::U12 => (A,B,C,D,E,F,G,H,I,J,K,L,);
191 | | }
    | |_- in this macro invocation
    |
    = help: consider increasing the recursion limit by adding a `#![recursion_limit = "256"]` attribute to your crate (`generic_array`)
note: the requirement `GenericArray<T, UInt<UInt<UTerm, typenum::B1>, typenum::B1>> well-formed` appears on the `impl`'s associated function `from` but not on the corresponding trait's associated function
   --> /home/adwin/.rustup/toolchains/nightly-x86_64-unknown-linux-gnu/lib/rustlib/src/rust/library/core/src/convert/mod.rs:592:8
    |
587 | pub const trait From<T>: Sized {
    |                 ---- in this trait
...
592 |     fn from(value: T) -> Self;
    |        ^^^^ this trait's associated function doesn't have the requirement `GenericArray<T, UInt<UInt<UTerm, typenum::B1>, typenum::B1>> well-formed`
    = note: this error originates in the macro `impl_tuple` (in Nightly builds, run with -Z macro-backtrace for more info)

error[E0275]: overflow evaluating the requirement `GenericArray<T, UInt<UInt<UTerm, typenum::B1>, typenum::B1>>: Sized`
   --> /home/adwin/.cargo/registry/src/mirrors.tuna.tsinghua.edu.cn-4dc01642fd091eda/generic-array-1.3.5/src/impls.rs:167:17
    |
167 |           impl<T> From<GenericArray<T, $len>> for ($(impl_tuple!(@T $t),)*) {
    |                   ^^^^^^^^^^^^^^^^^^^^^^^^^^^
...
178 | / impl_tuple! {
179 | |     consts::U1  => (A,);
180 | |     consts::U2  => (A,B,);
181 | |     consts::U3  => (A,B,C,);
...   |
190 | |     consts::U12 => (A,B,C,D,E,F,G,H,I,J,K,L,);
191 | | }
    | |_- in this macro invocation
    |
    = help: consider increasing the recursion limit by adding a `#![recursion_limit = "256"]` attribute to your crate (`generic_array`)
note: required by an implicit `Sized` bound in `From`
   --> /home/adwin/.rustup/toolchains/nightly-x86_64-unknown-linux-gnu/lib/rustlib/src/rust/library/core/src/convert/mod.rs:587:22
    |
587 | pub const trait From<T>: Sized {
    |                      ^ required by the implicit `Sized` requirement on this type parameter in `From`
    = note: this error originates in the macro `impl_tuple` (in Nightly builds, run with -Z macro-backtrace for more info)

error[E0275]: overflow evaluating the requirement `GenericArray<T, UInt<UInt<UTerm, typenum::B1>, typenum::B1>> well-formed`
   --> /home/adwin/.cargo/registry/src/mirrors.tuna.tsinghua.edu.cn-4dc01642fd091eda/generic-array-1.3.5/src/impls.rs:167:17
    |
167 |           impl<T> From<GenericArray<T, $len>> for ($(impl_tuple!(@T $t),)*) {
    |                   ^^^^^^^^^^^^^^^^^^^^^^^^^^^
...
178 | / impl_tuple! {
179 | |     consts::U1  => (A,);
180 | |     consts::U2  => (A,B,);
181 | |     consts::U3  => (A,B,C,);
...   |
190 | |     consts::U12 => (A,B,C,D,E,F,G,H,I,J,K,L,);
191 | | }
    | |_- in this macro invocation
    |
    = help: consider increasing the recursion limit by adding a `#![recursion_limit = "256"]` attribute to your crate (`generic_array`)
    = note: this error originates in the macro `impl_tuple` (in Nightly builds, run with -Z macro-backtrace for more info)

error[E0275]: overflow evaluating the requirement `GenericArray<T, UInt<UInt<UInt<UTerm, typenum::B1>, ...>, ...>> well-formed`
   --> /home/adwin/.cargo/registry/src/mirrors.tuna.tsinghua.edu.cn-4dc01642fd091eda/generic-array-1.3.5/src/impls.rs:161:13
    |
161 |               fn from(tuple: ($(impl_tuple!(@T $t),)*)) -> Self {
    |               ^^^^^^^^^^^^^^^^^^^^^^^^^^^^^^^^^^^^^^^^^^^^^^^^^
...
178 | / impl_tuple! {
179 | |     consts::U1  => (A,);
180 | |     consts::U2  => (A,B,);
181 | |     consts::U3  => (A,B,C,);
...   |
190 | |     consts::U12 => (A,B,C,D,E,F,G,H,I,J,K,L,);
191 | | }
    | |_- in this macro invocation
    |
    = help: consider increasing the recursion limit by adding a `#![recursion_limit = "256"]` attribute to your crate (`generic_array`)
note: the requirement `GenericArray<T, UInt<UInt<UInt<UTerm, typenum::B1>, B0>, B0>> well-formed` appears on the `impl`'s associated function `from` but not on the corresponding trait's associated function
   --> /home/adwin/.rustup/toolchains/nightly-x86_64-unknown-linux-gnu/lib/rustlib/src/rust/library/core/src/convert/mod.rs:592:8
    |
587 | pub const trait From<T>: Sized {
    |                 ---- in this trait
...
592 |     fn from(value: T) -> Self;
    |        ^^^^ this trait's associated function doesn't have the requirement `GenericArray<T, UInt<UInt<UInt<UTerm, typenum::B1>, B0>, B0>> well-formed`
    = note: this error originates in the macro `impl_tuple` (in Nightly builds, run with -Z macro-backtrace for more info)

error[E0275]: overflow evaluating the requirement `GenericArray<T, UInt<UInt<UInt<UTerm, typenum::B1>, ...>, ...>>: Sized`
   --> /home/adwin/.cargo/registry/src/mirrors.tuna.tsinghua.edu.cn-4dc01642fd091eda/generic-array-1.3.5/src/impls.rs:158:53
    |
158 |           impl<T> From<($(impl_tuple!(@T $t),)*)> for GenericArray<T, $len> {
    |                                                       ^^^^^^^^^^^^^^^^^^^^^
...
178 | / impl_tuple! {
179 | |     consts::U1  => (A,);
180 | |     consts::U2  => (A,B,);
181 | |     consts::U3  => (A,B,C,);
...   |
190 | |     consts::U12 => (A,B,C,D,E,F,G,H,I,J,K,L,);
191 | | }
    | |_- in this macro invocation
    |
    = help: consider increasing the recursion limit by adding a `#![recursion_limit = "256"]` attribute to your crate (`generic_array`)
note: required by a bound in `From`
   --> /home/adwin/.rustup/toolchains/nightly-x86_64-unknown-linux-gnu/lib/rustlib/src/rust/library/core/src/convert/mod.rs:587:26
    |
587 | pub const trait From<T>: Sized {
    |                          ^^^^^ required by this bound in `From`
    = note: this error originates in the macro `impl_tuple` (in Nightly builds, run with -Z macro-backtrace for more info)

error[E0275]: overflow evaluating the requirement `GenericArray<T, UInt<UInt<UInt<UTerm, typenum::B1>, ...>, ...>> well-formed`
   --> /home/adwin/.cargo/registry/src/mirrors.tuna.tsinghua.edu.cn-4dc01642fd091eda/generic-array-1.3.5/src/impls.rs:158:53
    |
158 |           impl<T> From<($(impl_tuple!(@T $t),)*)> for GenericArray<T, $len> {
    |                                                       ^^^^^^^^^^^^^^^^^^^^^
...
178 | / impl_tuple! {
179 | |     consts::U1  => (A,);
180 | |     consts::U2  => (A,B,);
181 | |     consts::U3  => (A,B,C,);
...   |
190 | |     consts::U12 => (A,B,C,D,E,F,G,H,I,J,K,L,);
191 | | }
    | |_- in this macro invocation
    |
    = help: consider increasing the recursion limit by adding a `#![recursion_limit = "256"]` attribute to your crate (`generic_array`)
    = note: this error originates in the macro `impl_tuple` (in Nightly builds, run with -Z macro-backtrace for more info)

error[E0275]: overflow evaluating the requirement `GenericArray<T, UInt<UInt<UInt<UTerm, typenum::B1>, ...>, ...>> well-formed`
   --> /home/adwin/.cargo/registry/src/mirrors.tuna.tsinghua.edu.cn-4dc01642fd091eda/generic-array-1.3.5/src/impls.rs:170:13
    |
170 |               fn from(array: GenericArray<T, $len>) -> Self {
    |               ^^^^^^^^^^^^^^^^^^^^^^^^^^^^^^^^^^^^^^^^^^^^^
...
178 | / impl_tuple! {
179 | |     consts::U1  => (A,);
180 | |     consts::U2  => (A,B,);
181 | |     consts::U3  => (A,B,C,);
...   |
190 | |     consts::U12 => (A,B,C,D,E,F,G,H,I,J,K,L,);
191 | | }
    | |_- in this macro invocation
    |
    = help: consider increasing the recursion limit by adding a `#![recursion_limit = "256"]` attribute to your crate (`generic_array`)
note: the requirement `GenericArray<T, UInt<UInt<UInt<UTerm, typenum::B1>, B0>, B0>> well-formed` appears on the `impl`'s associated function `from` but not on the corresponding trait's associated function
   --> /home/adwin/.rustup/toolchains/nightly-x86_64-unknown-linux-gnu/lib/rustlib/src/rust/library/core/src/convert/mod.rs:592:8
    |
587 | pub const trait From<T>: Sized {
    |                 ---- in this trait
...
592 |     fn from(value: T) -> Self;
    |        ^^^^ this trait's associated function doesn't have the requirement `GenericArray<T, UInt<UInt<UInt<UTerm, typenum::B1>, B0>, B0>> well-formed`
    = note: this error originates in the macro `impl_tuple` (in Nightly builds, run with -Z macro-backtrace for more info)

error[E0275]: overflow evaluating the requirement `GenericArray<T, UInt<UInt<UInt<UTerm, typenum::B1>, ...>, ...>>: Sized`
   --> /home/adwin/.cargo/registry/src/mirrors.tuna.tsinghua.edu.cn-4dc01642fd091eda/generic-array-1.3.5/src/impls.rs:167:17
    |
167 |           impl<T> From<GenericArray<T, $len>> for ($(impl_tuple!(@T $t),)*) {
    |                   ^^^^^^^^^^^^^^^^^^^^^^^^^^^
...
178 | / impl_tuple! {
179 | |     consts::U1  => (A,);
180 | |     consts::U2  => (A,B,);
181 | |     consts::U3  => (A,B,C,);
...   |
190 | |     consts::U12 => (A,B,C,D,E,F,G,H,I,J,K,L,);
191 | | }
    | |_- in this macro invocation
    |
    = help: consider increasing the recursion limit by adding a `#![recursion_limit = "256"]` attribute to your crate (`generic_array`)
note: required by an implicit `Sized` bound in `From`
   --> /home/adwin/.rustup/toolchains/nightly-x86_64-unknown-linux-gnu/lib/rustlib/src/rust/library/core/src/convert/mod.rs:587:22
    |
587 | pub const trait From<T>: Sized {
    |                      ^ required by the implicit `Sized` requirement on this type parameter in `From`
    = note: this error originates in the macro `impl_tuple` (in Nightly builds, run with -Z macro-backtrace for more info)

error[E0275]: overflow evaluating the requirement `GenericArray<T, UInt<UInt<UInt<UTerm, typenum::B1>, ...>, ...>> well-formed`
   --> /home/adwin/.cargo/registry/src/mirrors.tuna.tsinghua.edu.cn-4dc01642fd091eda/generic-array-1.3.5/src/impls.rs:167:17
    |
167 |           impl<T> From<GenericArray<T, $len>> for ($(impl_tuple!(@T $t),)*) {
    |                   ^^^^^^^^^^^^^^^^^^^^^^^^^^^
...
178 | / impl_tuple! {
179 | |     consts::U1  => (A,);
180 | |     consts::U2  => (A,B,);
181 | |     consts::U3  => (A,B,C,);
...   |
190 | |     consts::U12 => (A,B,C,D,E,F,G,H,I,J,K,L,);
191 | | }
    | |_- in this macro invocation
    |
    = help: consider increasing the recursion limit by adding a `#![recursion_limit = "256"]` attribute to your crate (`generic_array`)
    = note: this error originates in the macro `impl_tuple` (in Nightly builds, run with -Z macro-backtrace for more info)

error[E0275]: overflow evaluating the requirement `GenericArray<T, UInt<UInt<UInt<UTerm, typenum::B1>, ...>, ...>> well-formed`
   --> /home/adwin/.cargo/registry/src/mirrors.tuna.tsinghua.edu.cn-4dc01642fd091eda/generic-array-1.3.5/src/impls.rs:161:13
    |
161 |               fn from(tuple: ($(impl_tuple!(@T $t),)*)) -> Self {
    |               ^^^^^^^^^^^^^^^^^^^^^^^^^^^^^^^^^^^^^^^^^^^^^^^^^
...
178 | / impl_tuple! {
179 | |     consts::U1  => (A,);
180 | |     consts::U2  => (A,B,);
181 | |     consts::U3  => (A,B,C,);
...   |
190 | |     consts::U12 => (A,B,C,D,E,F,G,H,I,J,K,L,);
191 | | }
    | |_- in this macro invocation
    |
    = help: consider increasing the recursion limit by adding a `#![recursion_limit = "256"]` attribute to your crate (`generic_array`)
note: the requirement `GenericArray<T, UInt<UInt<UInt<UTerm, typenum::B1>, B0>, typenum::B1>> well-formed` appears on the `impl`'s associated function `from` but not on the corresponding trait's associated function
   --> /home/adwin/.rustup/toolchains/nightly-x86_64-unknown-linux-gnu/lib/rustlib/src/rust/library/core/src/convert/mod.rs:592:8
    |
587 | pub const trait From<T>: Sized {
    |                 ---- in this trait
...
592 |     fn from(value: T) -> Self;
    |        ^^^^ this trait's associated function doesn't have the requirement `GenericArray<T, UInt<UInt<UInt<UTerm, typenum::B1>, B0>, typenum::B1>> well-formed`
    = note: this error originates in the macro `impl_tuple` (in Nightly builds, run with -Z macro-backtrace for more info)

error[E0275]: overflow evaluating the requirement `GenericArray<T, UInt<UInt<UInt<UTerm, typenum::B1>, ...>, ...>> well-formed`
   --> /home/adwin/.cargo/registry/src/mirrors.tuna.tsinghua.edu.cn-4dc01642fd091eda/generic-array-1.3.5/src/impls.rs:170:13
    |
170 |               fn from(array: GenericArray<T, $len>) -> Self {
    |               ^^^^^^^^^^^^^^^^^^^^^^^^^^^^^^^^^^^^^^^^^^^^^
...
178 | / impl_tuple! {
179 | |     consts::U1  => (A,);
180 | |     consts::U2  => (A,B,);
181 | |     consts::U3  => (A,B,C,);
...   |
190 | |     consts::U12 => (A,B,C,D,E,F,G,H,I,J,K,L,);
191 | | }
    | |_- in this macro invocation
    |
    = help: consider increasing the recursion limit by adding a `#![recursion_limit = "256"]` attribute to your crate (`generic_array`)
note: the requirement `GenericArray<T, UInt<UInt<UInt<UTerm, typenum::B1>, B0>, typenum::B1>> well-formed` appears on the `impl`'s associated function `from` but not on the corresponding trait's associated function
   --> /home/adwin/.rustup/toolchains/nightly-x86_64-unknown-linux-gnu/lib/rustlib/src/rust/library/core/src/convert/mod.rs:592:8
    |
587 | pub const trait From<T>: Sized {
    |                 ---- in this trait
...
592 |     fn from(value: T) -> Self;
    |        ^^^^ this trait's associated function doesn't have the requirement `GenericArray<T, UInt<UInt<UInt<UTerm, typenum::B1>, B0>, typenum::B1>> well-formed`
    = note: this error originates in the macro `impl_tuple` (in Nightly builds, run with -Z macro-backtrace for more info)

error[E0275]: overflow evaluating the requirement `GenericArray<T, UInt<UInt<UInt<UTerm, typenum::B1>, ...>, ...>> well-formed`
   --> /home/adwin/.cargo/registry/src/mirrors.tuna.tsinghua.edu.cn-4dc01642fd091eda/generic-array-1.3.5/src/impls.rs:161:13
    |
161 |               fn from(tuple: ($(impl_tuple!(@T $t),)*)) -> Self {
    |               ^^^^^^^^^^^^^^^^^^^^^^^^^^^^^^^^^^^^^^^^^^^^^^^^^
...
178 | / impl_tuple! {
179 | |     consts::U1  => (A,);
180 | |     consts::U2  => (A,B,);
181 | |     consts::U3  => (A,B,C,);
...   |
190 | |     consts::U12 => (A,B,C,D,E,F,G,H,I,J,K,L,);
191 | | }
    | |_- in this macro invocation
    |
    = help: consider increasing the recursion limit by adding a `#![recursion_limit = "256"]` attribute to your crate (`generic_array`)
note: the requirement `GenericArray<T, UInt<UInt<UInt<UTerm, typenum::B1>, typenum::B1>, B0>> well-formed` appears on the `impl`'s associated function `from` but not on the corresponding trait's associated function
   --> /home/adwin/.rustup/toolchains/nightly-x86_64-unknown-linux-gnu/lib/rustlib/src/rust/library/core/src/convert/mod.rs:592:8
    |
587 | pub const trait From<T>: Sized {
    |                 ---- in this trait
...
592 |     fn from(value: T) -> Self;
    |        ^^^^ this trait's associated function doesn't have the requirement `GenericArray<T, UInt<UInt<UInt<UTerm, typenum::B1>, typenum::B1>, B0>> well-formed`
    = note: this error originates in the macro `impl_tuple` (in Nightly builds, run with -Z macro-backtrace for more info)

error[E0275]: overflow evaluating the requirement `GenericArray<T, UInt<UInt<UInt<UTerm, typenum::B1>, ...>, ...>> well-formed`
   --> /home/adwin/.cargo/registry/src/mirrors.tuna.tsinghua.edu.cn-4dc01642fd091eda/generic-array-1.3.5/src/impls.rs:170:13
    |
170 |               fn from(array: GenericArray<T, $len>) -> Self {
    |               ^^^^^^^^^^^^^^^^^^^^^^^^^^^^^^^^^^^^^^^^^^^^^
...
178 | / impl_tuple! {
179 | |     consts::U1  => (A,);
180 | |     consts::U2  => (A,B,);
181 | |     consts::U3  => (A,B,C,);
...   |
190 | |     consts::U12 => (A,B,C,D,E,F,G,H,I,J,K,L,);
191 | | }
    | |_- in this macro invocation
    |
    = help: consider increasing the recursion limit by adding a `#![recursion_limit = "256"]` attribute to your crate (`generic_array`)
note: the requirement `GenericArray<T, UInt<UInt<UInt<UTerm, typenum::B1>, typenum::B1>, B0>> well-formed` appears on the `impl`'s associated function `from` but not on the corresponding trait's associated function
   --> /home/adwin/.rustup/toolchains/nightly-x86_64-unknown-linux-gnu/lib/rustlib/src/rust/library/core/src/convert/mod.rs:592:8
    |
587 | pub const trait From<T>: Sized {
    |                 ---- in this trait
...
592 |     fn from(value: T) -> Self;
    |        ^^^^ this trait's associated function doesn't have the requirement `GenericArray<T, UInt<UInt<UInt<UTerm, typenum::B1>, typenum::B1>, B0>> well-formed`
    = note: this error originates in the macro `impl_tuple` (in Nightly builds, run with -Z macro-backtrace for more info)

error[E0275]: overflow evaluating the requirement `GenericArray<T, UInt<UInt<UInt<UTerm, typenum::B1>, ...>, ...>> well-formed`
   --> /home/adwin/.cargo/registry/src/mirrors.tuna.tsinghua.edu.cn-4dc01642fd091eda/generic-array-1.3.5/src/impls.rs:161:13
    |
161 |               fn from(tuple: ($(impl_tuple!(@T $t),)*)) -> Self {
    |               ^^^^^^^^^^^^^^^^^^^^^^^^^^^^^^^^^^^^^^^^^^^^^^^^^
...
178 | / impl_tuple! {
179 | |     consts::U1  => (A,);
180 | |     consts::U2  => (A,B,);
181 | |     consts::U3  => (A,B,C,);
...   |
190 | |     consts::U12 => (A,B,C,D,E,F,G,H,I,J,K,L,);
191 | | }
    | |_- in this macro invocation
    |
    = help: consider increasing the recursion limit by adding a `#![recursion_limit = "256"]` attribute to your crate (`generic_array`)
note: the requirement `GenericArray<T, UInt<UInt<UInt<UTerm, typenum::B1>, typenum::B1>, typenum::B1>> well-formed` appears on the `impl`'s associated function `from` but not on the corresponding trait's associated function
   --> /home/adwin/.rustup/toolchains/nightly-x86_64-unknown-linux-gnu/lib/rustlib/src/rust/library/core/src/convert/mod.rs:592:8
    |
587 | pub const trait From<T>: Sized {
    |                 ---- in this trait
...
592 |     fn from(value: T) -> Self;
    |        ^^^^ this trait's associated function doesn't have the requirement `GenericArray<T, UInt<UInt<UInt<UTerm, typenum::B1>, typenum::B1>, typenum::B1>> well-formed`
    = note: this error originates in the macro `impl_tuple` (in Nightly builds, run with -Z macro-backtrace for more info)

error[E0275]: overflow evaluating the requirement `GenericArray<T, UInt<UInt<UInt<UTerm, typenum::B1>, ...>, ...>> well-formed`
   --> /home/adwin/.cargo/registry/src/mirrors.tuna.tsinghua.edu.cn-4dc01642fd091eda/generic-array-1.3.5/src/impls.rs:170:13
    |
170 |               fn from(array: GenericArray<T, $len>) -> Self {
    |               ^^^^^^^^^^^^^^^^^^^^^^^^^^^^^^^^^^^^^^^^^^^^^
...
178 | / impl_tuple! {
179 | |     consts::U1  => (A,);
180 | |     consts::U2  => (A,B,);
181 | |     consts::U3  => (A,B,C,);
...   |
190 | |     consts::U12 => (A,B,C,D,E,F,G,H,I,J,K,L,);
191 | | }
    | |_- in this macro invocation
    |
    = help: consider increasing the recursion limit by adding a `#![recursion_limit = "256"]` attribute to your crate (`generic_array`)
note: the requirement `GenericArray<T, UInt<UInt<UInt<UTerm, typenum::B1>, typenum::B1>, typenum::B1>> well-formed` appears on the `impl`'s associated function `from` but not on the corresponding trait's associated function
   --> /home/adwin/.rustup/toolchains/nightly-x86_64-unknown-linux-gnu/lib/rustlib/src/rust/library/core/src/convert/mod.rs:592:8
    |
587 | pub const trait From<T>: Sized {
    |                 ---- in this trait
...
592 |     fn from(value: T) -> Self;
    |        ^^^^ this trait's associated function doesn't have the requirement `GenericArray<T, UInt<UInt<UInt<UTerm, typenum::B1>, typenum::B1>, typenum::B1>> well-formed`
    = note: this error originates in the macro `impl_tuple` (in Nightly builds, run with -Z macro-backtrace for more info)

error[E0275]: overflow evaluating the requirement `GenericArray<T, UInt<UInt<UInt<UInt<UTerm, ...>, ...>, ...>, ...>> well-formed`
   --> /home/adwin/.cargo/registry/src/mirrors.tuna.tsinghua.edu.cn-4dc01642fd091eda/generic-array-1.3.5/src/impls.rs:161:13
    |
161 |               fn from(tuple: ($(impl_tuple!(@T $t),)*)) -> Self {
    |               ^^^^^^^^^^^^^^^^^^^^^^^^^^^^^^^^^^^^^^^^^^^^^^^^^
...
178 | / impl_tuple! {
179 | |     consts::U1  => (A,);
180 | |     consts::U2  => (A,B,);
181 | |     consts::U3  => (A,B,C,);
...   |
190 | |     consts::U12 => (A,B,C,D,E,F,G,H,I,J,K,L,);
191 | | }
    | |_- in this macro invocation
    |
    = help: consider increasing the recursion limit by adding a `#![recursion_limit = "256"]` attribute to your crate (`generic_array`)
note: the requirement `GenericArray<T, UInt<UInt<UInt<UInt<UTerm, typenum::B1>, B0>, B0>, B0>> well-formed` appears on the `impl`'s associated function `from` but not on the corresponding trait's associated function
   --> /home/adwin/.rustup/toolchains/nightly-x86_64-unknown-linux-gnu/lib/rustlib/src/rust/library/core/src/convert/mod.rs:592:8
    |
587 | pub const trait From<T>: Sized {
    |                 ---- in this trait
...
592 |     fn from(value: T) -> Self;
    |        ^^^^ this trait's associated function doesn't have the requirement `GenericArray<T, UInt<UInt<UInt<UInt<UTerm, typenum::B1>, B0>, B0>, B0>> well-formed`
    = note: this error originates in the macro `impl_tuple` (in Nightly builds, run with -Z macro-backtrace for more info)

error[E0275]: overflow evaluating the requirement `GenericArray<T, UInt<UInt<UInt<UInt<UTerm, ...>, ...>, ...>, ...>>: Sized`
   --> /home/adwin/.cargo/registry/src/mirrors.tuna.tsinghua.edu.cn-4dc01642fd091eda/generic-array-1.3.5/src/impls.rs:158:53
    |
158 |           impl<T> From<($(impl_tuple!(@T $t),)*)> for GenericArray<T, $len> {
    |                                                       ^^^^^^^^^^^^^^^^^^^^^
...
178 | / impl_tuple! {
179 | |     consts::U1  => (A,);
180 | |     consts::U2  => (A,B,);
181 | |     consts::U3  => (A,B,C,);
...   |
190 | |     consts::U12 => (A,B,C,D,E,F,G,H,I,J,K,L,);
191 | | }
    | |_- in this macro invocation
    |
    = help: consider increasing the recursion limit by adding a `#![recursion_limit = "256"]` attribute to your crate (`generic_array`)
note: required by a bound in `From`
   --> /home/adwin/.rustup/toolchains/nightly-x86_64-unknown-linux-gnu/lib/rustlib/src/rust/library/core/src/convert/mod.rs:587:26
    |
587 | pub const trait From<T>: Sized {
    |                          ^^^^^ required by this bound in `From`
    = note: this error originates in the macro `impl_tuple` (in Nightly builds, run with -Z macro-backtrace for more info)

error[E0275]: overflow evaluating the requirement `GenericArray<T, UInt<UInt<UInt<UInt<UTerm, ...>, ...>, ...>, ...>> well-formed`
   --> /home/adwin/.cargo/registry/src/mirrors.tuna.tsinghua.edu.cn-4dc01642fd091eda/generic-array-1.3.5/src/impls.rs:158:53
    |
158 |           impl<T> From<($(impl_tuple!(@T $t),)*)> for GenericArray<T, $len> {
    |                                                       ^^^^^^^^^^^^^^^^^^^^^
...
178 | / impl_tuple! {
179 | |     consts::U1  => (A,);
180 | |     consts::U2  => (A,B,);
181 | |     consts::U3  => (A,B,C,);
...   |
190 | |     consts::U12 => (A,B,C,D,E,F,G,H,I,J,K,L,);
191 | | }
    | |_- in this macro invocation
    |
    = help: consider increasing the recursion limit by adding a `#![recursion_limit = "256"]` attribute to your crate (`generic_array`)
    = note: this error originates in the macro `impl_tuple` (in Nightly builds, run with -Z macro-backtrace for more info)

error[E0275]: overflow evaluating the requirement `GenericArray<T, UInt<UInt<UInt<UInt<UTerm, ...>, ...>, ...>, ...>> well-formed`
   --> /home/adwin/.cargo/registry/src/mirrors.tuna.tsinghua.edu.cn-4dc01642fd091eda/generic-array-1.3.5/src/impls.rs:170:13
    |
170 |               fn from(array: GenericArray<T, $len>) -> Self {
    |               ^^^^^^^^^^^^^^^^^^^^^^^^^^^^^^^^^^^^^^^^^^^^^
...
178 | / impl_tuple! {
179 | |     consts::U1  => (A,);
180 | |     consts::U2  => (A,B,);
181 | |     consts::U3  => (A,B,C,);
...   |
190 | |     consts::U12 => (A,B,C,D,E,F,G,H,I,J,K,L,);
191 | | }
    | |_- in this macro invocation
    |
    = help: consider increasing the recursion limit by adding a `#![recursion_limit = "256"]` attribute to your crate (`generic_array`)
note: the requirement `GenericArray<T, UInt<UInt<UInt<UInt<UTerm, typenum::B1>, B0>, B0>, B0>> well-formed` appears on the `impl`'s associated function `from` but not on the corresponding trait's associated function
   --> /home/adwin/.rustup/toolchains/nightly-x86_64-unknown-linux-gnu/lib/rustlib/src/rust/library/core/src/convert/mod.rs:592:8
    |
587 | pub const trait From<T>: Sized {
    |                 ---- in this trait
...
592 |     fn from(value: T) -> Self;
    |        ^^^^ this trait's associated function doesn't have the requirement `GenericArray<T, UInt<UInt<UInt<UInt<UTerm, typenum::B1>, B0>, B0>, B0>> well-formed`
    = note: this error originates in the macro `impl_tuple` (in Nightly builds, run with -Z macro-backtrace for more info)

error[E0275]: overflow evaluating the requirement `GenericArray<T, UInt<UInt<UInt<UInt<UTerm, ...>, ...>, ...>, ...>>: Sized`
   --> /home/adwin/.cargo/registry/src/mirrors.tuna.tsinghua.edu.cn-4dc01642fd091eda/generic-array-1.3.5/src/impls.rs:167:17
    |
167 |           impl<T> From<GenericArray<T, $len>> for ($(impl_tuple!(@T $t),)*) {
    |                   ^^^^^^^^^^^^^^^^^^^^^^^^^^^
...
178 | / impl_tuple! {
179 | |     consts::U1  => (A,);
180 | |     consts::U2  => (A,B,);
181 | |     consts::U3  => (A,B,C,);
...   |
190 | |     consts::U12 => (A,B,C,D,E,F,G,H,I,J,K,L,);
191 | | }
    | |_- in this macro invocation
    |
    = help: consider increasing the recursion limit by adding a `#![recursion_limit = "256"]` attribute to your crate (`generic_array`)
note: required by an implicit `Sized` bound in `From`
   --> /home/adwin/.rustup/toolchains/nightly-x86_64-unknown-linux-gnu/lib/rustlib/src/rust/library/core/src/convert/mod.rs:587:22
    |
587 | pub const trait From<T>: Sized {
    |                      ^ required by the implicit `Sized` requirement on this type parameter in `From`
    = note: this error originates in the macro `impl_tuple` (in Nightly builds, run with -Z macro-backtrace for more info)

error[E0275]: overflow evaluating the requirement `GenericArray<T, UInt<UInt<UInt<UInt<UTerm, ...>, ...>, ...>, ...>> well-formed`
   --> /home/adwin/.cargo/registry/src/mirrors.tuna.tsinghua.edu.cn-4dc01642fd091eda/generic-array-1.3.5/src/impls.rs:167:17
    |
167 |           impl<T> From<GenericArray<T, $len>> for ($(impl_tuple!(@T $t),)*) {
    |                   ^^^^^^^^^^^^^^^^^^^^^^^^^^^
...
178 | / impl_tuple! {
179 | |     consts::U1  => (A,);
180 | |     consts::U2  => (A,B,);
181 | |     consts::U3  => (A,B,C,);
...   |
190 | |     consts::U12 => (A,B,C,D,E,F,G,H,I,J,K,L,);
191 | | }
    | |_- in this macro invocation
    |
    = help: consider increasing the recursion limit by adding a `#![recursion_limit = "256"]` attribute to your crate (`generic_array`)
    = note: this error originates in the macro `impl_tuple` (in Nightly builds, run with -Z macro-backtrace for more info)

error[E0275]: overflow evaluating the requirement `GenericArray<T, UInt<UInt<UInt<UInt<UTerm, ...>, ...>, ...>, ...>> well-formed`
   --> /home/adwin/.cargo/registry/src/mirrors.tuna.tsinghua.edu.cn-4dc01642fd091eda/generic-array-1.3.5/src/impls.rs:161:13
    |
161 |               fn from(tuple: ($(impl_tuple!(@T $t),)*)) -> Self {
    |               ^^^^^^^^^^^^^^^^^^^^^^^^^^^^^^^^^^^^^^^^^^^^^^^^^
...
178 | / impl_tuple! {
179 | |     consts::U1  => (A,);
180 | |     consts::U2  => (A,B,);
181 | |     consts::U3  => (A,B,C,);
...   |
190 | |     consts::U12 => (A,B,C,D,E,F,G,H,I,J,K,L,);
191 | | }
    | |_- in this macro invocation
    |
    = help: consider increasing the recursion limit by adding a `#![recursion_limit = "256"]` attribute to your crate (`generic_array`)
note: the requirement `GenericArray<T, UInt<UInt<UInt<UInt<UTerm, typenum::B1>, B0>, B0>, typenum::B1>> well-formed` appears on the `impl`'s associated function `from` but not on the corresponding trait's associated function
   --> /home/adwin/.rustup/toolchains/nightly-x86_64-unknown-linux-gnu/lib/rustlib/src/rust/library/core/src/convert/mod.rs:592:8
    |
587 | pub const trait From<T>: Sized {
    |                 ---- in this trait
...
592 |     fn from(value: T) -> Self;
    |        ^^^^ this trait's associated function doesn't have the requirement `GenericArray<T, UInt<UInt<UInt<UInt<UTerm, typenum::B1>, B0>, B0>, typenum::B1>> well-formed`
    = note: this error originates in the macro `impl_tuple` (in Nightly builds, run with -Z macro-backtrace for more info)

error[E0275]: overflow evaluating the requirement `GenericArray<T, UInt<UInt<UInt<UInt<UTerm, ...>, ...>, ...>, ...>> well-formed`
   --> /home/adwin/.cargo/registry/src/mirrors.tuna.tsinghua.edu.cn-4dc01642fd091eda/generic-array-1.3.5/src/impls.rs:170:13
    |
170 |               fn from(array: GenericArray<T, $len>) -> Self {
    |               ^^^^^^^^^^^^^^^^^^^^^^^^^^^^^^^^^^^^^^^^^^^^^
...
178 | / impl_tuple! {
179 | |     consts::U1  => (A,);
180 | |     consts::U2  => (A,B,);
181 | |     consts::U3  => (A,B,C,);
...   |
190 | |     consts::U12 => (A,B,C,D,E,F,G,H,I,J,K,L,);
191 | | }
    | |_- in this macro invocation
    |
    = help: consider increasing the recursion limit by adding a `#![recursion_limit = "256"]` attribute to your crate (`generic_array`)
note: the requirement `GenericArray<T, UInt<UInt<UInt<UInt<UTerm, typenum::B1>, B0>, B0>, typenum::B1>> well-formed` appears on the `impl`'s associated function `from` but not on the corresponding trait's associated function
   --> /home/adwin/.rustup/toolchains/nightly-x86_64-unknown-linux-gnu/lib/rustlib/src/rust/library/core/src/convert/mod.rs:592:8
    |
587 | pub const trait From<T>: Sized {
    |                 ---- in this trait
...
592 |     fn from(value: T) -> Self;
    |        ^^^^ this trait's associated function doesn't have the requirement `GenericArray<T, UInt<UInt<UInt<UInt<UTerm, typenum::B1>, B0>, B0>, typenum::B1>> well-formed`
    = note: this error originates in the macro `impl_tuple` (in Nightly builds, run with -Z macro-backtrace for more info)

error[E0275]: overflow evaluating the requirement `GenericArray<T, UInt<UInt<UInt<UInt<UTerm, ...>, ...>, ...>, ...>> well-formed`
   --> /home/adwin/.cargo/registry/src/mirrors.tuna.tsinghua.edu.cn-4dc01642fd091eda/generic-array-1.3.5/src/impls.rs:161:13
    |
161 |               fn from(tuple: ($(impl_tuple!(@T $t),)*)) -> Self {
    |               ^^^^^^^^^^^^^^^^^^^^^^^^^^^^^^^^^^^^^^^^^^^^^^^^^
...
178 | / impl_tuple! {
179 | |     consts::U1  => (A,);
180 | |     consts::U2  => (A,B,);
181 | |     consts::U3  => (A,B,C,);
...   |
190 | |     consts::U12 => (A,B,C,D,E,F,G,H,I,J,K,L,);
191 | | }
    | |_- in this macro invocation
    |
    = help: consider increasing the recursion limit by adding a `#![recursion_limit = "256"]` attribute to your crate (`generic_array`)
note: the requirement `GenericArray<T, UInt<UInt<UInt<UInt<UTerm, typenum::B1>, B0>, typenum::B1>, B0>> well-formed` appears on the `impl`'s associated function `from` but not on the corresponding trait's associated function
   --> /home/adwin/.rustup/toolchains/nightly-x86_64-unknown-linux-gnu/lib/rustlib/src/rust/library/core/src/convert/mod.rs:592:8
    |
587 | pub const trait From<T>: Sized {
    |                 ---- in this trait
...
592 |     fn from(value: T) -> Self;
    |        ^^^^ this trait's associated function doesn't have the requirement `GenericArray<T, UInt<UInt<UInt<UInt<UTerm, typenum::B1>, B0>, typenum::B1>, B0>> well-formed`
    = note: this error originates in the macro `impl_tuple` (in Nightly builds, run with -Z macro-backtrace for more info)

error[E0275]: overflow evaluating the requirement `GenericArray<T, UInt<UInt<UInt<UInt<UTerm, ...>, ...>, ...>, ...>> well-formed`
   --> /home/adwin/.cargo/registry/src/mirrors.tuna.tsinghua.edu.cn-4dc01642fd091eda/generic-array-1.3.5/src/impls.rs:170:13
    |
170 |               fn from(array: GenericArray<T, $len>) -> Self {
    |               ^^^^^^^^^^^^^^^^^^^^^^^^^^^^^^^^^^^^^^^^^^^^^
...
178 | / impl_tuple! {
179 | |     consts::U1  => (A,);
180 | |     consts::U2  => (A,B,);
181 | |     consts::U3  => (A,B,C,);
...   |
190 | |     consts::U12 => (A,B,C,D,E,F,G,H,I,J,K,L,);
191 | | }
    | |_- in this macro invocation
    |
    = help: consider increasing the recursion limit by adding a `#![recursion_limit = "256"]` attribute to your crate (`generic_array`)
note: the requirement `GenericArray<T, UInt<UInt<UInt<UInt<UTerm, typenum::B1>, B0>, typenum::B1>, B0>> well-formed` appears on the `impl`'s associated function `from` but not on the corresponding trait's associated function
   --> /home/adwin/.rustup/toolchains/nightly-x86_64-unknown-linux-gnu/lib/rustlib/src/rust/library/core/src/convert/mod.rs:592:8
    |
587 | pub const trait From<T>: Sized {
    |                 ---- in this trait
...
592 |     fn from(value: T) -> Self;
    |        ^^^^ this trait's associated function doesn't have the requirement `GenericArray<T, UInt<UInt<UInt<UInt<UTerm, typenum::B1>, B0>, typenum::B1>, B0>> well-formed`
    = note: this error originates in the macro `impl_tuple` (in Nightly builds, run with -Z macro-backtrace for more info)

error[E0275]: overflow evaluating the requirement `GenericArray<T, UInt<UInt<UInt<UInt<UTerm, ...>, ...>, ...>, ...>> well-formed`
   --> /home/adwin/.cargo/registry/src/mirrors.tuna.tsinghua.edu.cn-4dc01642fd091eda/generic-array-1.3.5/src/impls.rs:161:13
    |
161 |               fn from(tuple: ($(impl_tuple!(@T $t),)*)) -> Self {
    |               ^^^^^^^^^^^^^^^^^^^^^^^^^^^^^^^^^^^^^^^^^^^^^^^^^
...
178 | / impl_tuple! {
179 | |     consts::U1  => (A,);
180 | |     consts::U2  => (A,B,);
181 | |     consts::U3  => (A,B,C,);
...   |
190 | |     consts::U12 => (A,B,C,D,E,F,G,H,I,J,K,L,);
191 | | }
    | |_- in this macro invocation
    |
    = help: consider increasing the recursion limit by adding a `#![recursion_limit = "256"]` attribute to your crate (`generic_array`)
note: the requirement `GenericArray<T, UInt<UInt<UInt<UInt<UTerm, typenum::B1>, B0>, typenum::B1>, typenum::B1>> well-formed` appears on the `impl`'s associated function `from` but not on the corresponding trait's associated function
   --> /home/adwin/.rustup/toolchains/nightly-x86_64-unknown-linux-gnu/lib/rustlib/src/rust/library/core/src/convert/mod.rs:592:8
    |
587 | pub const trait From<T>: Sized {
    |                 ---- in this trait
...
592 |     fn from(value: T) -> Self;
    |        ^^^^ this trait's associated function doesn't have the requirement `GenericArray<T, UInt<UInt<UInt<UInt<UTerm, typenum::B1>, B0>, typenum::B1>, typenum::B1>> well-formed`
    = note: this error originates in the macro `impl_tuple` (in Nightly builds, run with -Z macro-backtrace for more info)

error[E0275]: overflow evaluating the requirement `GenericArray<T, UInt<UInt<UInt<UInt<UTerm, ...>, ...>, ...>, ...>> well-formed`
   --> /home/adwin/.cargo/registry/src/mirrors.tuna.tsinghua.edu.cn-4dc01642fd091eda/generic-array-1.3.5/src/impls.rs:170:13
    |
170 |               fn from(array: GenericArray<T, $len>) -> Self {
    |               ^^^^^^^^^^^^^^^^^^^^^^^^^^^^^^^^^^^^^^^^^^^^^
...
178 | / impl_tuple! {
179 | |     consts::U1  => (A,);
180 | |     consts::U2  => (A,B,);
181 | |     consts::U3  => (A,B,C,);
...   |
190 | |     consts::U12 => (A,B,C,D,E,F,G,H,I,J,K,L,);
191 | | }
    | |_- in this macro invocation
    |
    = help: consider increasing the recursion limit by adding a `#![recursion_limit = "256"]` attribute to your crate (`generic_array`)
note: the requirement `GenericArray<T, UInt<UInt<UInt<UInt<UTerm, typenum::B1>, B0>, typenum::B1>, typenum::B1>> well-formed` appears on the `impl`'s associated function `from` but not on the corresponding trait's associated function
   --> /home/adwin/.rustup/toolchains/nightly-x86_64-unknown-linux-gnu/lib/rustlib/src/rust/library/core/src/convert/mod.rs:592:8
    |
587 | pub const trait From<T>: Sized {
    |                 ---- in this trait
...
592 |     fn from(value: T) -> Self;
    |        ^^^^ this trait's associated function doesn't have the requirement `GenericArray<T, UInt<UInt<UInt<UInt<UTerm, typenum::B1>, B0>, typenum::B1>, typenum::B1>> well-formed`
    = note: this error originates in the macro `impl_tuple` (in Nightly builds, run with -Z macro-backtrace for more info)

error[E0275]: overflow evaluating the requirement `GenericArray<T, UInt<UInt<UInt<UInt<UTerm, ...>, ...>, ...>, ...>> well-formed`
   --> /home/adwin/.cargo/registry/src/mirrors.tuna.tsinghua.edu.cn-4dc01642fd091eda/generic-array-1.3.5/src/impls.rs:161:13
    |
161 |               fn from(tuple: ($(impl_tuple!(@T $t),)*)) -> Self {
    |               ^^^^^^^^^^^^^^^^^^^^^^^^^^^^^^^^^^^^^^^^^^^^^^^^^
...
178 | / impl_tuple! {
179 | |     consts::U1  => (A,);
180 | |     consts::U2  => (A,B,);
181 | |     consts::U3  => (A,B,C,);
...   |
190 | |     consts::U12 => (A,B,C,D,E,F,G,H,I,J,K,L,);
191 | | }
    | |_- in this macro invocation
    |
    = help: consider increasing the recursion limit by adding a `#![recursion_limit = "256"]` attribute to your crate (`generic_array`)
note: the requirement `GenericArray<T, UInt<UInt<UInt<UInt<UTerm, typenum::B1>, typenum::B1>, B0>, B0>> well-formed` appears on the `impl`'s associated function `from` but not on the corresponding trait's associated function
   --> /home/adwin/.rustup/toolchains/nightly-x86_64-unknown-linux-gnu/lib/rustlib/src/rust/library/core/src/convert/mod.rs:592:8
    |
587 | pub const trait From<T>: Sized {
    |                 ---- in this trait
...
592 |     fn from(value: T) -> Self;
    |        ^^^^ this trait's associated function doesn't have the requirement `GenericArray<T, UInt<UInt<UInt<UInt<UTerm, typenum::B1>, typenum::B1>, B0>, B0>> well-formed`
    = note: this error originates in the macro `impl_tuple` (in Nightly builds, run with -Z macro-backtrace for more info)

error[E0275]: overflow evaluating the requirement `GenericArray<T, UInt<UInt<UInt<UInt<UTerm, ...>, ...>, ...>, ...>> well-formed`
   --> /home/adwin/.cargo/registry/src/mirrors.tuna.tsinghua.edu.cn-4dc01642fd091eda/generic-array-1.3.5/src/impls.rs:170:13
    |
170 |               fn from(array: GenericArray<T, $len>) -> Self {
    |               ^^^^^^^^^^^^^^^^^^^^^^^^^^^^^^^^^^^^^^^^^^^^^
...
178 | / impl_tuple! {
179 | |     consts::U1  => (A,);
180 | |     consts::U2  => (A,B,);
181 | |     consts::U3  => (A,B,C,);
...   |
190 | |     consts::U12 => (A,B,C,D,E,F,G,H,I,J,K,L,);
191 | | }
    | |_- in this macro invocation
    |
    = help: consider increasing the recursion limit by adding a `#![recursion_limit = "256"]` attribute to your crate (`generic_array`)
note: the requirement `GenericArray<T, UInt<UInt<UInt<UInt<UTerm, typenum::B1>, typenum::B1>, B0>, B0>> well-formed` appears on the `impl`'s associated function `from` but not on the corresponding trait's associated function
   --> /home/adwin/.rustup/toolchains/nightly-x86_64-unknown-linux-gnu/lib/rustlib/src/rust/library/core/src/convert/mod.rs:592:8
    |
587 | pub const trait From<T>: Sized {
    |                 ---- in this trait
...
592 |     fn from(value: T) -> Self;
    |        ^^^^ this trait's associated function doesn't have the requirement `GenericArray<T, UInt<UInt<UInt<UInt<UTerm, typenum::B1>, typenum::B1>, B0>, B0>> well-formed`
    = note: this error originates in the macro `impl_tuple` (in Nightly builds, run with -Z macro-backtrace for more info)

    Checking sha2 v0.11.0-rc.3
error[E0275]: overflow evaluating the requirement `<Self as IsLess<<UInt<UTerm, typenum::B1> as Shl<<<... as typenum::ToUInt>::Output as Shl<...>>::Output>>::Output>>::Output == typenum::B1`
    |
    = help: consider increasing the recursion limit by adding a `#![recursion_limit = "256"]` attribute to your crate (`generic_array`)
note: required by a bound in `IsWithinUsizeBound`
   --> /home/adwin/.cargo/registry/src/mirrors.tuna.tsinghua.edu.cn-4dc01642fd091eda/generic-array-1.3.5/src/lib.rs:395:61
    |
395 | trait IsWithinUsizeBound: typenum::IsLess<MaxArrayLengthP1, Output = typenum::consts::True> {}
    |                                                             ^^^^^^^^^^^^^^^^^^^^^^^^^^^^^^ required by this bound in `IsWithinUsizeBound`

error[E0275]: overflow evaluating the requirement `<UInt<UTerm, typenum::B1> as Shl<<<Const<{ mem::size_of::<usize>() }> as typenum::ToUInt>::Output as Shl<...>>::Output>>::Output: Sized`
   --> /home/adwin/.cargo/registry/src/mirrors.tuna.tsinghua.edu.cn-4dc01642fd091eda/generic-array-1.3.5/src/lib.rs:395:27
    |
395 | trait IsWithinUsizeBound: typenum::IsLess<MaxArrayLengthP1, Output = typenum::consts::True> {}
    |                           ^^^^^^^^^^^^^^^^^^^^^^^^^^^^^^^^^^^^^^^^^^^^^^^^^^^^^^^^^^^^^^^^^
    |
    = help: consider increasing the recursion limit by adding a `#![recursion_limit = "256"]` attribute to your crate (`generic_array`)
note: required by an implicit `Sized` bound in `IsLess`
   --> /home/adwin/.cargo/registry/src/mirrors.tuna.tsinghua.edu.cn-4dc01642fd091eda/typenum-1.19.0/src/type_operators.rs:374:18
    |
374 | pub trait IsLess<Rhs = Self> {
    |                  ^^^^^^^^^^ required by the implicit `Sized` requirement on this type parameter in `IsLess`

error[E0275]: overflow evaluating the requirement `<UInt<UTerm, typenum::B1> as Shl<<<Const<{ mem::size_of::<usize>() }> as typenum::ToUInt>::Output as Shl<...>>::Output>>::Output: Sized`
   --> /home/adwin/.cargo/registry/src/mirrors.tuna.tsinghua.edu.cn-4dc01642fd091eda/generic-array-1.3.5/src/lib.rs:395:61
    |
395 | trait IsWithinUsizeBound: typenum::IsLess<MaxArrayLengthP1, Output = typenum::consts::True> {}
    |                                                             ^^^^^^^^^^^^^^^^^^^^^^^^^^^^^^
    |
    = help: consider increasing the recursion limit by adding a `#![recursion_limit = "256"]` attribute to your crate (`generic_array`)
note: required by an implicit `Sized` bound in `IsLess`
   --> /home/adwin/.cargo/registry/src/mirrors.tuna.tsinghua.edu.cn-4dc01642fd091eda/typenum-1.19.0/src/type_operators.rs:374:18
    |
374 | pub trait IsLess<Rhs = Self> {
    |                  ^^^^^^^^^^ required by the implicit `Sized` requirement on this type parameter in `IsLess`

error[E0275]: overflow evaluating the requirement `<UInt<UTerm, typenum::B1> as Shl<<<Const<{ mem::size_of::<usize>() }> as typenum::ToUInt>::Output as Shl<...>>::Output>>::Output well-formed`
   --> /home/adwin/.cargo/registry/src/mirrors.tuna.tsinghua.edu.cn-4dc01642fd091eda/generic-array-1.3.5/src/lib.rs:395:27
    |
395 | trait IsWithinUsizeBound: typenum::IsLess<MaxArrayLengthP1, Output = typenum::consts::True> {}
    |                           ^^^^^^^^^^^^^^^^^^^^^^^^^^^^^^^^^^^^^^^^^^^^^^^^^^^^^^^^^^^^^^^^^
    |
    = help: consider increasing the recursion limit by adding a `#![recursion_limit = "256"]` attribute to your crate (`generic_array`)

error[E0275]: overflow evaluating the requirement `<UInt<UTerm, typenum::B1> as Shl<<<Const<{ mem::size_of::<usize>() }> as typenum::ToUInt>::Output as Shl<...>>::Output>>::Output well-formed`
   --> /home/adwin/.cargo/registry/src/mirrors.tuna.tsinghua.edu.cn-4dc01642fd091eda/generic-array-1.3.5/src/lib.rs:395:61
    |
395 | trait IsWithinUsizeBound: typenum::IsLess<MaxArrayLengthP1, Output = typenum::consts::True> {}
    |                                                             ^^^^^^^^^^^^^^^^^^^^^^^^^^^^^^
    |
    = help: consider increasing the recursion limit by adding a `#![recursion_limit = "256"]` attribute to your crate (`generic_array`)

    Checking dirs v6.0.0
error[E0275]: overflow evaluating the requirement `N: IsWithinUsizeBound`
   --> /home/adwin/.cargo/registry/src/mirrors.tuna.tsinghua.edu.cn-4dc01642fd091eda/generic-array-1.3.5/src/lib.rs:397:32
    |
397 | impl<N> IsWithinUsizeBound for N where
    |                                ^
    |
    = help: consider increasing the recursion limit by adding a `#![recursion_limit = "256"]` attribute to your crate (`generic_array`)

error[E0275]: overflow evaluating the requirement `<UInt<UTerm, typenum::B1> as Shl<<<Const<{ mem::size_of::<usize>() }> as typenum::ToUInt>::Output as Shl<...>>::Output>>::Output: Sized`
   --> /home/adwin/.cargo/registry/src/mirrors.tuna.tsinghua.edu.cn-4dc01642fd091eda/generic-array-1.3.5/src/lib.rs:398:42
    |
398 |     N: typenum::IsLess<MaxArrayLengthP1, Output = typenum::consts::True>
    |                                          ^^^^^^^^^^^^^^^^^^^^^^^^^^^^^^
    |
    = help: consider increasing the recursion limit by adding a `#![recursion_limit = "256"]` attribute to your crate (`generic_array`)
note: required by an implicit `Sized` bound in `IsLess`
   --> /home/adwin/.cargo/registry/src/mirrors.tuna.tsinghua.edu.cn-4dc01642fd091eda/typenum-1.19.0/src/type_operators.rs:374:18
    |
374 | pub trait IsLess<Rhs = Self> {
    |                  ^^^^^^^^^^ required by the implicit `Sized` requirement on this type parameter in `IsLess`

error[E0275]: overflow evaluating the requirement `<UInt<UTerm, typenum::B1> as Shl<<<Const<{ mem::size_of::<usize>() }> as typenum::ToUInt>::Output as Shl<...>>::Output>>::Output: Sized`
   --> /home/adwin/.cargo/registry/src/mirrors.tuna.tsinghua.edu.cn-4dc01642fd091eda/generic-array-1.3.5/src/lib.rs:398:8
    |
398 |     N: typenum::IsLess<MaxArrayLengthP1, Output = typenum::consts::True>
    |        ^^^^^^^^^^^^^^^^^^^^^^^^^^^^^^^^^^^^^^^^^^^^^^^^^^^^^^^^^^^^^^^^^
    |
    = help: consider increasing the recursion limit by adding a `#![recursion_limit = "256"]` attribute to your crate (`generic_array`)
note: required by an implicit `Sized` bound in `IsLess`
   --> /home/adwin/.cargo/registry/src/mirrors.tuna.tsinghua.edu.cn-4dc01642fd091eda/typenum-1.19.0/src/type_operators.rs:374:18
    |
374 | pub trait IsLess<Rhs = Self> {
    |                  ^^^^^^^^^^ required by the implicit `Sized` requirement on this type parameter in `IsLess`

error[E0275]: overflow evaluating the requirement `<UInt<UTerm, typenum::B1> as Shl<<<Const<{ mem::size_of::<usize>() }> as typenum::ToUInt>::Output as Shl<...>>::Output>>::Output well-formed`
   --> /home/adwin/.cargo/registry/src/mirrors.tuna.tsinghua.edu.cn-4dc01642fd091eda/generic-array-1.3.5/src/lib.rs:398:42
    |
398 |     N: typenum::IsLess<MaxArrayLengthP1, Output = typenum::consts::True>
    |                                          ^^^^^^^^^^^^^^^^^^^^^^^^^^^^^^
    |
    = help: consider increasing the recursion limit by adding a `#![recursion_limit = "256"]` attribute to your crate (`generic_array`)

error[E0275]: overflow evaluating the requirement `<UInt<UTerm, typenum::B1> as Shl<<<Const<{ mem::size_of::<usize>() }> as typenum::ToUInt>::Output as Shl<...>>::Output>>::Output well-formed`
   --> /home/adwin/.cargo/registry/src/mirrors.tuna.tsinghua.edu.cn-4dc01642fd091eda/generic-array-1.3.5/src/lib.rs:398:8
    |
398 |     N: typenum::IsLess<MaxArrayLengthP1, Output = typenum::consts::True>
    |        ^^^^^^^^^^^^^^^^^^^^^^^^^^^^^^^^^^^^^^^^^^^^^^^^^^^^^^^^^^^^^^^^^
    |
    = help: consider increasing the recursion limit by adding a `#![recursion_limit = "256"]` attribute to your crate (`generic_array`)

error[E0275]: overflow evaluating the requirement `<UInt<N, B0> as IsLess<<UInt<UTerm, typenum::B1> as Shl<...>>::Output>>::Output == typenum::B1`
   --> /home/adwin/.cargo/registry/src/mirrors.tuna.tsinghua.edu.cn-4dc01642fd091eda/generic-array-1.3.5/src/lib.rs:404:11
    |
404 |     Self: IsWithinUsizeBound,
    |           ^^^^^^^^^^^^^^^^^^
    |
    = help: consider increasing the recursion limit by adding a `#![recursion_limit = "256"]` attribute to your crate (`generic_array`)
note: required by a bound in `IsWithinUsizeBound`
   --> /home/adwin/.cargo/registry/src/mirrors.tuna.tsinghua.edu.cn-4dc01642fd091eda/generic-array-1.3.5/src/lib.rs:395:61
    |
395 | trait IsWithinUsizeBound: typenum::IsLess<MaxArrayLengthP1, Output = typenum::consts::True> {}
    |                                                             ^^^^^^^^^^^^^^^^^^^^^^^^^^^^^^ required by this bound in `IsWithinUsizeBound`

    Checking roxmltree v0.21.1
error[E0275]: overflow evaluating the requirement `<UInt<N, typenum::B1> as IsLess<<UInt<UTerm, typenum::B1> as Shl<...>>::Output>>::Output == typenum::B1`
   --> /home/adwin/.cargo/registry/src/mirrors.tuna.tsinghua.edu.cn-4dc01642fd091eda/generic-array-1.3.5/src/lib.rs:412:11
    |
412 |     Self: IsWithinUsizeBound,
    |           ^^^^^^^^^^^^^^^^^^
    |
    = help: consider increasing the recursion limit by adding a `#![recursion_limit = "256"]` attribute to your crate (`generic_array`)
note: required by a bound in `IsWithinUsizeBound`
   --> /home/adwin/.cargo/registry/src/mirrors.tuna.tsinghua.edu.cn-4dc01642fd091eda/generic-array-1.3.5/src/lib.rs:395:61
    |
395 | trait IsWithinUsizeBound: typenum::IsLess<MaxArrayLengthP1, Output = typenum::consts::True> {}
    |                                                             ^^^^^^^^^^^^^^^^^^^^^^^^^^^^^^ required by this bound in `IsWithinUsizeBound`

error[E0275]: overflow evaluating the requirement `GenericArray<T, UInt<UTerm, typenum::B1>>: Sized`
   --> /home/adwin/.cargo/registry/src/mirrors.tuna.tsinghua.edu.cn-4dc01642fd091eda/generic-array-1.3.5/src/impls.rs:161:58
    |
161 |               fn from(tuple: ($(impl_tuple!(@T $t),)*)) -> Self {
    |                                                            ^^^^
...
178 | / impl_tuple! {
179 | |     consts::U1  => (A,);
180 | |     consts::U2  => (A,B,);
181 | |     consts::U3  => (A,B,C,);
...   |
190 | |     consts::U12 => (A,B,C,D,E,F,G,H,I,J,K,L,);
191 | | }
    | |_- in this macro invocation
    |
    = help: consider increasing the recursion limit by adding a `#![recursion_limit = "256"]` attribute to your crate (`generic_array`)
    = note: the return type of a function must have a statically known size
    = note: this error originates in the macro `impl_tuple` (in Nightly builds, run with -Z macro-backtrace for more info)

error[E0275]: overflow evaluating the requirement `GenericArray<T, UInt<UTerm, typenum::B1>> well-formed`
   --> /home/adwin/.cargo/registry/src/mirrors.tuna.tsinghua.edu.cn-4dc01642fd091eda/generic-array-1.3.5/src/impls.rs:161:58
    |
161 |               fn from(tuple: ($(impl_tuple!(@T $t),)*)) -> Self {
    |                                                            ^^^^
...
178 | / impl_tuple! {
179 | |     consts::U1  => (A,);
180 | |     consts::U2  => (A,B,);
181 | |     consts::U3  => (A,B,C,);
...   |
190 | |     consts::U12 => (A,B,C,D,E,F,G,H,I,J,K,L,);
191 | | }
    | |_- in this macro invocation
    |
    = help: consider increasing the recursion limit by adding a `#![recursion_limit = "256"]` attribute to your crate (`generic_array`)
    = note: this error originates in the macro `impl_tuple` (in Nightly builds, run with -Z macro-backtrace for more info)

error[E0275]: overflow evaluating the requirement `GenericArray<T, UInt<UTerm, typenum::B1>> well-formed`
   --> /home/adwin/.cargo/registry/src/mirrors.tuna.tsinghua.edu.cn-4dc01642fd091eda/generic-array-1.3.5/src/impls.rs:170:28
    |
170 |               fn from(array: GenericArray<T, $len>) -> Self {
    |                              ^^^^^^^^^^^^^^^^^^^^^
...
178 | / impl_tuple! {
179 | |     consts::U1  => (A,);
180 | |     consts::U2  => (A,B,);
181 | |     consts::U3  => (A,B,C,);
...   |
190 | |     consts::U12 => (A,B,C,D,E,F,G,H,I,J,K,L,);
191 | | }
    | |_- in this macro invocation
    |
    = help: consider increasing the recursion limit by adding a `#![recursion_limit = "256"]` attribute to your crate (`generic_array`)
    = note: this error originates in the macro `impl_tuple` (in Nightly builds, run with -Z macro-backtrace for more info)

error[E0275]: overflow evaluating the requirement `GenericArray<T, UInt<UInt<UTerm, typenum::B1>, B0>>: Sized`
   --> /home/adwin/.cargo/registry/src/mirrors.tuna.tsinghua.edu.cn-4dc01642fd091eda/generic-array-1.3.5/src/impls.rs:161:58
    |
161 |               fn from(tuple: ($(impl_tuple!(@T $t),)*)) -> Self {
    |                                                            ^^^^
...
178 | / impl_tuple! {
179 | |     consts::U1  => (A,);
180 | |     consts::U2  => (A,B,);
181 | |     consts::U3  => (A,B,C,);
...   |
190 | |     consts::U12 => (A,B,C,D,E,F,G,H,I,J,K,L,);
191 | | }
    | |_- in this macro invocation
    |
    = help: consider increasing the recursion limit by adding a `#![recursion_limit = "256"]` attribute to your crate (`generic_array`)
    = note: the return type of a function must have a statically known size
    = note: this error originates in the macro `impl_tuple` (in Nightly builds, run with -Z macro-backtrace for more info)

error[E0275]: overflow evaluating the requirement `GenericArray<T, UInt<UInt<UTerm, typenum::B1>, B0>> well-formed`
   --> /home/adwin/.cargo/registry/src/mirrors.tuna.tsinghua.edu.cn-4dc01642fd091eda/generic-array-1.3.5/src/impls.rs:161:58
    |
161 |               fn from(tuple: ($(impl_tuple!(@T $t),)*)) -> Self {
    |                                                            ^^^^
...
178 | / impl_tuple! {
179 | |     consts::U1  => (A,);
180 | |     consts::U2  => (A,B,);
181 | |     consts::U3  => (A,B,C,);
...   |
190 | |     consts::U12 => (A,B,C,D,E,F,G,H,I,J,K,L,);
191 | | }
    | |_- in this macro invocation
    |
    = help: consider increasing the recursion limit by adding a `#![recursion_limit = "256"]` attribute to your crate (`generic_array`)
    = note: this error originates in the macro `impl_tuple` (in Nightly builds, run with -Z macro-backtrace for more info)

error[E0275]: overflow evaluating the requirement `GenericArray<T, UInt<UInt<UTerm, typenum::B1>, B0>> well-formed`
   --> /home/adwin/.cargo/registry/src/mirrors.tuna.tsinghua.edu.cn-4dc01642fd091eda/generic-array-1.3.5/src/impls.rs:170:28
    |
170 |               fn from(array: GenericArray<T, $len>) -> Self {
    |                              ^^^^^^^^^^^^^^^^^^^^^
...
178 | / impl_tuple! {
179 | |     consts::U1  => (A,);
180 | |     consts::U2  => (A,B,);
181 | |     consts::U3  => (A,B,C,);
...   |
190 | |     consts::U12 => (A,B,C,D,E,F,G,H,I,J,K,L,);
191 | | }
    | |_- in this macro invocation
    |
    = help: consider increasing the recursion limit by adding a `#![recursion_limit = "256"]` attribute to your crate (`generic_array`)
    = note: this error originates in the macro `impl_tuple` (in Nightly builds, run with -Z macro-backtrace for more info)

error[E0275]: overflow evaluating the requirement `GenericArray<T, UInt<UInt<UTerm, typenum::B1>, typenum::B1>>: Sized`
   --> /home/adwin/.cargo/registry/src/mirrors.tuna.tsinghua.edu.cn-4dc01642fd091eda/generic-array-1.3.5/src/impls.rs:161:58
    |
161 |               fn from(tuple: ($(impl_tuple!(@T $t),)*)) -> Self {
    |                                                            ^^^^
...
178 | / impl_tuple! {
179 | |     consts::U1  => (A,);
180 | |     consts::U2  => (A,B,);
181 | |     consts::U3  => (A,B,C,);
...   |
190 | |     consts::U12 => (A,B,C,D,E,F,G,H,I,J,K,L,);
191 | | }
    | |_- in this macro invocation
    |
    = help: consider increasing the recursion limit by adding a `#![recursion_limit = "256"]` attribute to your crate (`generic_array`)
    = note: the return type of a function must have a statically known size
    = note: this error originates in the macro `impl_tuple` (in Nightly builds, run with -Z macro-backtrace for more info)

error[E0275]: overflow evaluating the requirement `GenericArray<T, UInt<UInt<UTerm, typenum::B1>, typenum::B1>> well-formed`
   --> /home/adwin/.cargo/registry/src/mirrors.tuna.tsinghua.edu.cn-4dc01642fd091eda/generic-array-1.3.5/src/impls.rs:161:58
    |
161 |               fn from(tuple: ($(impl_tuple!(@T $t),)*)) -> Self {
    |                                                            ^^^^
...
178 | / impl_tuple! {
179 | |     consts::U1  => (A,);
180 | |     consts::U2  => (A,B,);
181 | |     consts::U3  => (A,B,C,);
...   |
190 | |     consts::U12 => (A,B,C,D,E,F,G,H,I,J,K,L,);
191 | | }
    | |_- in this macro invocation
    |
    = help: consider increasing the recursion limit by adding a `#![recursion_limit = "256"]` attribute to your crate (`generic_array`)
    = note: this error originates in the macro `impl_tuple` (in Nightly builds, run with -Z macro-backtrace for more info)

error[E0275]: overflow evaluating the requirement `GenericArray<T, UInt<UInt<UTerm, typenum::B1>, typenum::B1>> well-formed`
   --> /home/adwin/.cargo/registry/src/mirrors.tuna.tsinghua.edu.cn-4dc01642fd091eda/generic-array-1.3.5/src/impls.rs:170:28
    |
170 |               fn from(array: GenericArray<T, $len>) -> Self {
    |                              ^^^^^^^^^^^^^^^^^^^^^
...
178 | / impl_tuple! {
179 | |     consts::U1  => (A,);
180 | |     consts::U2  => (A,B,);
181 | |     consts::U3  => (A,B,C,);
...   |
190 | |     consts::U12 => (A,B,C,D,E,F,G,H,I,J,K,L,);
191 | | }
    | |_- in this macro invocation
    |
    = help: consider increasing the recursion limit by adding a `#![recursion_limit = "256"]` attribute to your crate (`generic_array`)
    = note: this error originates in the macro `impl_tuple` (in Nightly builds, run with -Z macro-backtrace for more info)

error[E0275]: overflow evaluating the requirement `GenericArray<T, UInt<UInt<UInt<UTerm, typenum::B1>, ...>, ...>>: Sized`
   --> /home/adwin/.cargo/registry/src/mirrors.tuna.tsinghua.edu.cn-4dc01642fd091eda/generic-array-1.3.5/src/impls.rs:161:58
    |
161 |               fn from(tuple: ($(impl_tuple!(@T $t),)*)) -> Self {
    |                                                            ^^^^
...
178 | / impl_tuple! {
179 | |     consts::U1  => (A,);
180 | |     consts::U2  => (A,B,);
181 | |     consts::U3  => (A,B,C,);
...   |
190 | |     consts::U12 => (A,B,C,D,E,F,G,H,I,J,K,L,);
191 | | }
    | |_- in this macro invocation
    |
    = help: consider increasing the recursion limit by adding a `#![recursion_limit = "256"]` attribute to your crate (`generic_array`)
    = note: the return type of a function must have a statically known size
    = note: this error originates in the macro `impl_tuple` (in Nightly builds, run with -Z macro-backtrace for more info)

error[E0275]: overflow evaluating the requirement `GenericArray<T, UInt<UInt<UInt<UTerm, typenum::B1>, ...>, ...>> well-formed`
   --> /home/adwin/.cargo/registry/src/mirrors.tuna.tsinghua.edu.cn-4dc01642fd091eda/generic-array-1.3.5/src/impls.rs:161:58
    |
161 |               fn from(tuple: ($(impl_tuple!(@T $t),)*)) -> Self {
    |                                                            ^^^^
...
178 | / impl_tuple! {
179 | |     consts::U1  => (A,);
180 | |     consts::U2  => (A,B,);
181 | |     consts::U3  => (A,B,C,);
...   |
190 | |     consts::U12 => (A,B,C,D,E,F,G,H,I,J,K,L,);
191 | | }
    | |_- in this macro invocation
    |
    = help: consider increasing the recursion limit by adding a `#![recursion_limit = "256"]` attribute to your crate (`generic_array`)
    = note: this error originates in the macro `impl_tuple` (in Nightly builds, run with -Z macro-backtrace for more info)

error[E0275]: overflow evaluating the requirement `GenericArray<T, UInt<UInt<UInt<UTerm, typenum::B1>, ...>, ...>> well-formed`
   --> /home/adwin/.cargo/registry/src/mirrors.tuna.tsinghua.edu.cn-4dc01642fd091eda/generic-array-1.3.5/src/impls.rs:170:28
    |
170 |               fn from(array: GenericArray<T, $len>) -> Self {
    |                              ^^^^^^^^^^^^^^^^^^^^^
...
178 | / impl_tuple! {
179 | |     consts::U1  => (A,);
180 | |     consts::U2  => (A,B,);
181 | |     consts::U3  => (A,B,C,);
...   |
190 | |     consts::U12 => (A,B,C,D,E,F,G,H,I,J,K,L,);
191 | | }
    | |_- in this macro invocation
    |
    = help: consider increasing the recursion limit by adding a `#![recursion_limit = "256"]` attribute to your crate (`generic_array`)
    = note: this error originates in the macro `impl_tuple` (in Nightly builds, run with -Z macro-backtrace for more info)

error[E0275]: overflow evaluating the requirement `GenericArray<T, UInt<UInt<UInt<UInt<UTerm, ...>, ...>, ...>, ...>>: Sized`
   --> /home/adwin/.cargo/registry/src/mirrors.tuna.tsinghua.edu.cn-4dc01642fd091eda/generic-array-1.3.5/src/impls.rs:161:58
    |
161 |               fn from(tuple: ($(impl_tuple!(@T $t),)*)) -> Self {
    |                                                            ^^^^
...
178 | / impl_tuple! {
179 | |     consts::U1  => (A,);
180 | |     consts::U2  => (A,B,);
181 | |     consts::U3  => (A,B,C,);
...   |
190 | |     consts::U12 => (A,B,C,D,E,F,G,H,I,J,K,L,);
191 | | }
    | |_- in this macro invocation
    |
    = help: consider increasing the recursion limit by adding a `#![recursion_limit = "256"]` attribute to your crate (`generic_array`)
    = note: the return type of a function must have a statically known size
    = note: this error originates in the macro `impl_tuple` (in Nightly builds, run with -Z macro-backtrace for more info)

error[E0275]: overflow evaluating the requirement `GenericArray<T, UInt<UInt<UInt<UInt<UTerm, ...>, ...>, ...>, ...>> well-formed`
   --> /home/adwin/.cargo/registry/src/mirrors.tuna.tsinghua.edu.cn-4dc01642fd091eda/generic-array-1.3.5/src/impls.rs:161:58
    |
161 |               fn from(tuple: ($(impl_tuple!(@T $t),)*)) -> Self {
    |                                                            ^^^^
...
178 | / impl_tuple! {
179 | |     consts::U1  => (A,);
180 | |     consts::U2  => (A,B,);
181 | |     consts::U3  => (A,B,C,);
...   |
190 | |     consts::U12 => (A,B,C,D,E,F,G,H,I,J,K,L,);
191 | | }
    | |_- in this macro invocation
    |
    = help: consider increasing the recursion limit by adding a `#![recursion_limit = "256"]` attribute to your crate (`generic_array`)
    = note: this error originates in the macro `impl_tuple` (in Nightly builds, run with -Z macro-backtrace for more info)

error[E0275]: overflow evaluating the requirement `GenericArray<T, UInt<UInt<UInt<UInt<UTerm, ...>, ...>, ...>, ...>> well-formed`
   --> /home/adwin/.cargo/registry/src/mirrors.tuna.tsinghua.edu.cn-4dc01642fd091eda/generic-array-1.3.5/src/impls.rs:170:28
    |
170 |               fn from(array: GenericArray<T, $len>) -> Self {
    |                              ^^^^^^^^^^^^^^^^^^^^^
...
178 | / impl_tuple! {
179 | |     consts::U1  => (A,);
180 | |     consts::U2  => (A,B,);
181 | |     consts::U3  => (A,B,C,);
...   |
190 | |     consts::U12 => (A,B,C,D,E,F,G,H,I,J,K,L,);
191 | | }
    | |_- in this macro invocation
    |
    = help: consider increasing the recursion limit by adding a `#![recursion_limit = "256"]` attribute to your crate (`generic_array`)
    = note: this error originates in the macro `impl_tuple` (in Nightly builds, run with -Z macro-backtrace for more info)

error[E0275]: overflow evaluating the requirement `UInt<UTerm, typenum::B1>: ArrayLength`
   --> /home/adwin/.cargo/registry/src/mirrors.tuna.tsinghua.edu.cn-4dc01642fd091eda/generic-array-1.3.5/src/impls.rs:163:17
    |
163 |                   GenericArray::from_array([$($t,)*])
    |                   ^^^^^^^^^^^^^^^^^^^^^^^^^^^^^^^^^^^
...
178 | / impl_tuple! {
179 | |     consts::U1  => (A,);
180 | |     consts::U2  => (A,B,);
181 | |     consts::U3  => (A,B,C,);
...   |
190 | |     consts::U12 => (A,B,C,D,E,F,G,H,I,J,K,L,);
191 | | }
    | |_- in this macro invocation
    |
    = help: consider increasing the recursion limit by adding a `#![recursion_limit = "256"]` attribute to your crate (`generic_array`)
note: required by a bound in `GenericArray::<T, N>::from_array`
   --> /home/adwin/.cargo/registry/src/mirrors.tuna.tsinghua.edu.cn-4dc01642fd091eda/generic-array-1.3.5/src/lib.rs:773:12
    |
773 | impl<T, N: ArrayLength> GenericArray<T, N> {
    |            ^^^^^^^^^^^ required by this bound in `GenericArray::<T, N>::from_array`
...
940 |     pub const fn from_array<const U: usize>(value: [T; U]) -> Self
    |                  ---------- required by a bound in this associated function
    = note: this error originates in the macro `impl_tuple` (in Nightly builds, run with -Z macro-backtrace for more info)

error[E0275]: overflow evaluating the requirement `Const<1>: IntoArrayLength`
   --> /home/adwin/.cargo/registry/src/mirrors.tuna.tsinghua.edu.cn-4dc01642fd091eda/generic-array-1.3.5/src/impls.rs:163:17
    |
163 |                   GenericArray::from_array([$($t,)*])
    |                   ^^^^^^^^^^^^^^^^^^^^^^^^^^^^^^^^^^^
...
178 | / impl_tuple! {
179 | |     consts::U1  => (A,);
180 | |     consts::U2  => (A,B,);
181 | |     consts::U3  => (A,B,C,);
...   |
190 | |     consts::U12 => (A,B,C,D,E,F,G,H,I,J,K,L,);
191 | | }
    | |_- in this macro invocation
    |
    = help: consider increasing the recursion limit by adding a `#![recursion_limit = "256"]` attribute to your crate (`generic_array`)
note: required by a bound in `GenericArray::<T, N>::from_array`
   --> /home/adwin/.cargo/registry/src/mirrors.tuna.tsinghua.edu.cn-4dc01642fd091eda/generic-array-1.3.5/src/lib.rs:942:19
    |
940 |     pub const fn from_array<const U: usize>(value: [T; U]) -> Self
    |                  ---------- required by a bound in this associated function
941 |     where
942 |         Const<U>: IntoArrayLength<ArrayLength = N>,
    |                   ^^^^^^^^^^^^^^^^^^^^^^^^^^^^^^^^ required by this bound in `GenericArray::<T, N>::from_array`
    = note: this error originates in the macro `impl_tuple` (in Nightly builds, run with -Z macro-backtrace for more info)

error[E0275]: overflow evaluating the requirement `<Const<1> as IntoArrayLength>::ArrayLength == UInt<UTerm, typenum::B1>`
   --> /home/adwin/.cargo/registry/src/mirrors.tuna.tsinghua.edu.cn-4dc01642fd091eda/generic-array-1.3.5/src/impls.rs:163:17
    |
163 |                   GenericArray::from_array([$($t,)*])
    |                   ^^^^^^^^^^^^^^^^^^^^^^^^^^^^^^^^^^^
...
178 | / impl_tuple! {
179 | |     consts::U1  => (A,);
180 | |     consts::U2  => (A,B,);
181 | |     consts::U3  => (A,B,C,);
...   |
190 | |     consts::U12 => (A,B,C,D,E,F,G,H,I,J,K,L,);
191 | | }
    | |_- in this macro invocation
    |
    = help: consider increasing the recursion limit by adding a `#![recursion_limit = "256"]` attribute to your crate (`generic_array`)
note: required by a bound in `GenericArray::<T, N>::from_array`
   --> /home/adwin/.cargo/registry/src/mirrors.tuna.tsinghua.edu.cn-4dc01642fd091eda/generic-array-1.3.5/src/lib.rs:942:35
    |
940 |     pub const fn from_array<const U: usize>(value: [T; U]) -> Self
    |                  ---------- required by a bound in this associated function
941 |     where
942 |         Const<U>: IntoArrayLength<ArrayLength = N>,
    |                                   ^^^^^^^^^^^^^^^ required by this bound in `GenericArray::<T, N>::from_array`
    = note: this error originates in the macro `impl_tuple` (in Nightly builds, run with -Z macro-backtrace for more info)

error[E0275]: overflow evaluating the requirement `GenericArray<T, UInt<UTerm, typenum::B1>>: Sized`
   --> /home/adwin/.cargo/registry/src/mirrors.tuna.tsinghua.edu.cn-4dc01642fd091eda/generic-array-1.3.5/src/impls.rs:163:17
    |
163 |                   GenericArray::from_array([$($t,)*])
    |                   ^^^^^^^^^^^^^^^^^^^^^^^^^^^^^^^^^^^
...
178 | / impl_tuple! {
179 | |     consts::U1  => (A,);
180 | |     consts::U2  => (A,B,);
181 | |     consts::U3  => (A,B,C,);
...   |
190 | |     consts::U12 => (A,B,C,D,E,F,G,H,I,J,K,L,);
191 | | }
    | |_- in this macro invocation
    |
    = help: consider increasing the recursion limit by adding a `#![recursion_limit = "256"]` attribute to your crate (`generic_array`)
    = note: the return type of a function must have a statically known size
    = note: this error originates in the macro `impl_tuple` (in Nightly builds, run with -Z macro-backtrace for more info)

error[E0275]: overflow evaluating the requirement `GenericArray<T, UInt<UTerm, typenum::B1>> well-formed`
   --> /home/adwin/.cargo/registry/src/mirrors.tuna.tsinghua.edu.cn-4dc01642fd091eda/generic-array-1.3.5/src/impls.rs:163:17
    |
163 |                   GenericArray::from_array([$($t,)*])
    |                   ^^^^^^^^^^^^
...
178 | / impl_tuple! {
179 | |     consts::U1  => (A,);
180 | |     consts::U2  => (A,B,);
181 | |     consts::U3  => (A,B,C,);
...   |
190 | |     consts::U12 => (A,B,C,D,E,F,G,H,I,J,K,L,);
191 | | }
    | |_- in this macro invocation
    |
    = help: consider increasing the recursion limit by adding a `#![recursion_limit = "256"]` attribute to your crate (`generic_array`)
    = note: this error originates in the macro `impl_tuple` (in Nightly builds, run with -Z macro-backtrace for more info)

error[E0275]: overflow evaluating the requirement `GenericArray<T, UInt<UTerm, typenum::B1>> well-formed`
   --> /home/adwin/.cargo/registry/src/mirrors.tuna.tsinghua.edu.cn-4dc01642fd091eda/generic-array-1.3.5/src/impls.rs:163:17
    |
163 |                   GenericArray::from_array([$($t,)*])
    |                   ^^^^^^^^^^^^^^^^^^^^^^^^^^^^^^^^^^^
...
178 | / impl_tuple! {
179 | |     consts::U1  => (A,);
180 | |     consts::U2  => (A,B,);
181 | |     consts::U3  => (A,B,C,);
...   |
190 | |     consts::U12 => (A,B,C,D,E,F,G,H,I,J,K,L,);
191 | | }
    | |_- in this macro invocation
    |
    = help: consider increasing the recursion limit by adding a `#![recursion_limit = "256"]` attribute to your crate (`generic_array`)
    = note: this error originates in the macro `impl_tuple` (in Nightly builds, run with -Z macro-backtrace for more info)

error[E0282]: type annotations needed
   --> /home/adwin/.cargo/registry/src/mirrors.tuna.tsinghua.edu.cn-4dc01642fd091eda/generic-array-1.3.5/src/impls.rs:171:33
    |
171 |                   let [$($t),*] = array.into_array();
    |                                   ^^^^^ cannot infer type
...
178 | / impl_tuple! {
179 | |     consts::U1  => (A,);
180 | |     consts::U2  => (A,B,);
181 | |     consts::U3  => (A,B,C,);
...   |
190 | |     consts::U12 => (A,B,C,D,E,F,G,H,I,J,K,L,);
191 | | }
    | |_- in this macro invocation
    |
    = note: this error originates in the macro `impl_tuple` (in Nightly builds, run with -Z macro-backtrace for more info)

error[E0275]: overflow evaluating the requirement `UInt<UInt<UTerm, typenum::B1>, B0>: ArrayLength`
   --> /home/adwin/.cargo/registry/src/mirrors.tuna.tsinghua.edu.cn-4dc01642fd091eda/generic-array-1.3.5/src/impls.rs:163:17
    |
163 |                   GenericArray::from_array([$($t,)*])
    |                   ^^^^^^^^^^^^^^^^^^^^^^^^^^^^^^^^^^^
...
178 | / impl_tuple! {
179 | |     consts::U1  => (A,);
180 | |     consts::U2  => (A,B,);
181 | |     consts::U3  => (A,B,C,);
...   |
190 | |     consts::U12 => (A,B,C,D,E,F,G,H,I,J,K,L,);
191 | | }
    | |_- in this macro invocation
    |
    = help: consider increasing the recursion limit by adding a `#![recursion_limit = "256"]` attribute to your crate (`generic_array`)
note: required by a bound in `GenericArray::<T, N>::from_array`
   --> /home/adwin/.cargo/registry/src/mirrors.tuna.tsinghua.edu.cn-4dc01642fd091eda/generic-array-1.3.5/src/lib.rs:773:12
    |
773 | impl<T, N: ArrayLength> GenericArray<T, N> {
    |            ^^^^^^^^^^^ required by this bound in `GenericArray::<T, N>::from_array`
...
940 |     pub const fn from_array<const U: usize>(value: [T; U]) -> Self
    |                  ---------- required by a bound in this associated function
    = note: this error originates in the macro `impl_tuple` (in Nightly builds, run with -Z macro-backtrace for more info)

error[E0275]: overflow evaluating the requirement `Const<2>: IntoArrayLength`
   --> /home/adwin/.cargo/registry/src/mirrors.tuna.tsinghua.edu.cn-4dc01642fd091eda/generic-array-1.3.5/src/impls.rs:163:17
    |
163 |                   GenericArray::from_array([$($t,)*])
    |                   ^^^^^^^^^^^^^^^^^^^^^^^^^^^^^^^^^^^
...
178 | / impl_tuple! {
179 | |     consts::U1  => (A,);
180 | |     consts::U2  => (A,B,);
181 | |     consts::U3  => (A,B,C,);
...   |
190 | |     consts::U12 => (A,B,C,D,E,F,G,H,I,J,K,L,);
191 | | }
    | |_- in this macro invocation
    |
    = help: consider increasing the recursion limit by adding a `#![recursion_limit = "256"]` attribute to your crate (`generic_array`)
note: required by a bound in `GenericArray::<T, N>::from_array`
   --> /home/adwin/.cargo/registry/src/mirrors.tuna.tsinghua.edu.cn-4dc01642fd091eda/generic-array-1.3.5/src/lib.rs:942:19
    |
940 |     pub const fn from_array<const U: usize>(value: [T; U]) -> Self
    |                  ---------- required by a bound in this associated function
941 |     where
942 |         Const<U>: IntoArrayLength<ArrayLength = N>,
    |                   ^^^^^^^^^^^^^^^^^^^^^^^^^^^^^^^^ required by this bound in `GenericArray::<T, N>::from_array`
    = note: this error originates in the macro `impl_tuple` (in Nightly builds, run with -Z macro-backtrace for more info)

error[E0275]: overflow evaluating the requirement `<Const<2> as IntoArrayLength>::ArrayLength == UInt<UInt<UTerm, typenum::B1>, B0>`
   --> /home/adwin/.cargo/registry/src/mirrors.tuna.tsinghua.edu.cn-4dc01642fd091eda/generic-array-1.3.5/src/impls.rs:163:17
    |
163 |                   GenericArray::from_array([$($t,)*])
    |                   ^^^^^^^^^^^^^^^^^^^^^^^^^^^^^^^^^^^
...
178 | / impl_tuple! {
179 | |     consts::U1  => (A,);
180 | |     consts::U2  => (A,B,);
181 | |     consts::U3  => (A,B,C,);
...   |
190 | |     consts::U12 => (A,B,C,D,E,F,G,H,I,J,K,L,);
191 | | }
    | |_- in this macro invocation
    |
    = help: consider increasing the recursion limit by adding a `#![recursion_limit = "256"]` attribute to your crate (`generic_array`)
note: required by a bound in `GenericArray::<T, N>::from_array`
   --> /home/adwin/.cargo/registry/src/mirrors.tuna.tsinghua.edu.cn-4dc01642fd091eda/generic-array-1.3.5/src/lib.rs:942:35
    |
940 |     pub const fn from_array<const U: usize>(value: [T; U]) -> Self
    |                  ---------- required by a bound in this associated function
941 |     where
942 |         Const<U>: IntoArrayLength<ArrayLength = N>,
    |                                   ^^^^^^^^^^^^^^^ required by this bound in `GenericArray::<T, N>::from_array`
    = note: this error originates in the macro `impl_tuple` (in Nightly builds, run with -Z macro-backtrace for more info)

error[E0275]: overflow evaluating the requirement `GenericArray<T, UInt<UInt<UTerm, typenum::B1>, B0>>: Sized`
   --> /home/adwin/.cargo/registry/src/mirrors.tuna.tsinghua.edu.cn-4dc01642fd091eda/generic-array-1.3.5/src/impls.rs:163:17
    |
163 |                   GenericArray::from_array([$($t,)*])
    |                   ^^^^^^^^^^^^^^^^^^^^^^^^^^^^^^^^^^^
...
178 | / impl_tuple! {
179 | |     consts::U1  => (A,);
180 | |     consts::U2  => (A,B,);
181 | |     consts::U3  => (A,B,C,);
...   |
190 | |     consts::U12 => (A,B,C,D,E,F,G,H,I,J,K,L,);
191 | | }
    | |_- in this macro invocation
    |
    = help: consider increasing the recursion limit by adding a `#![recursion_limit = "256"]` attribute to your crate (`generic_array`)
    = note: the return type of a function must have a statically known size
    = note: this error originates in the macro `impl_tuple` (in Nightly builds, run with -Z macro-backtrace for more info)

error[E0275]: overflow evaluating the requirement `GenericArray<T, UInt<UInt<UTerm, typenum::B1>, B0>> well-formed`
   --> /home/adwin/.cargo/registry/src/mirrors.tuna.tsinghua.edu.cn-4dc01642fd091eda/generic-array-1.3.5/src/impls.rs:163:17
    |
163 |                   GenericArray::from_array([$($t,)*])
    |                   ^^^^^^^^^^^^
...
178 | / impl_tuple! {
179 | |     consts::U1  => (A,);
180 | |     consts::U2  => (A,B,);
181 | |     consts::U3  => (A,B,C,);
...   |
190 | |     consts::U12 => (A,B,C,D,E,F,G,H,I,J,K,L,);
191 | | }
    | |_- in this macro invocation
    |
    = help: consider increasing the recursion limit by adding a `#![recursion_limit = "256"]` attribute to your crate (`generic_array`)
    = note: this error originates in the macro `impl_tuple` (in Nightly builds, run with -Z macro-backtrace for more info)

error[E0275]: overflow evaluating the requirement `GenericArray<T, UInt<UInt<UTerm, typenum::B1>, B0>> well-formed`
   --> /home/adwin/.cargo/registry/src/mirrors.tuna.tsinghua.edu.cn-4dc01642fd091eda/generic-array-1.3.5/src/impls.rs:163:17
    |
163 |                   GenericArray::from_array([$($t,)*])
    |                   ^^^^^^^^^^^^^^^^^^^^^^^^^^^^^^^^^^^
...
178 | / impl_tuple! {
179 | |     consts::U1  => (A,);
180 | |     consts::U2  => (A,B,);
181 | |     consts::U3  => (A,B,C,);
...   |
190 | |     consts::U12 => (A,B,C,D,E,F,G,H,I,J,K,L,);
191 | | }
    | |_- in this macro invocation
    |
    = help: consider increasing the recursion limit by adding a `#![recursion_limit = "256"]` attribute to your crate (`generic_array`)
    = note: this error originates in the macro `impl_tuple` (in Nightly builds, run with -Z macro-backtrace for more info)

error[E0275]: overflow evaluating the requirement `UInt<UInt<UTerm, typenum::B1>, typenum::B1>: ArrayLength`
   --> /home/adwin/.cargo/registry/src/mirrors.tuna.tsinghua.edu.cn-4dc01642fd091eda/generic-array-1.3.5/src/impls.rs:163:17
    |
163 |                   GenericArray::from_array([$($t,)*])
    |                   ^^^^^^^^^^^^^^^^^^^^^^^^^^^^^^^^^^^
...
178 | / impl_tuple! {
179 | |     consts::U1  => (A,);
180 | |     consts::U2  => (A,B,);
181 | |     consts::U3  => (A,B,C,);
...   |
190 | |     consts::U12 => (A,B,C,D,E,F,G,H,I,J,K,L,);
191 | | }
    | |_- in this macro invocation
    |
    = help: consider increasing the recursion limit by adding a `#![recursion_limit = "256"]` attribute to your crate (`generic_array`)
note: required by a bound in `GenericArray::<T, N>::from_array`
   --> /home/adwin/.cargo/registry/src/mirrors.tuna.tsinghua.edu.cn-4dc01642fd091eda/generic-array-1.3.5/src/lib.rs:773:12
    |
773 | impl<T, N: ArrayLength> GenericArray<T, N> {
    |            ^^^^^^^^^^^ required by this bound in `GenericArray::<T, N>::from_array`
...
940 |     pub const fn from_array<const U: usize>(value: [T; U]) -> Self
    |                  ---------- required by a bound in this associated function
    = note: this error originates in the macro `impl_tuple` (in Nightly builds, run with -Z macro-backtrace for more info)

error[E0275]: overflow evaluating the requirement `Const<3>: IntoArrayLength`
   --> /home/adwin/.cargo/registry/src/mirrors.tuna.tsinghua.edu.cn-4dc01642fd091eda/generic-array-1.3.5/src/impls.rs:163:17
    |
163 |                   GenericArray::from_array([$($t,)*])
    |                   ^^^^^^^^^^^^^^^^^^^^^^^^^^^^^^^^^^^
...
178 | / impl_tuple! {
179 | |     consts::U1  => (A,);
180 | |     consts::U2  => (A,B,);
181 | |     consts::U3  => (A,B,C,);
...   |
190 | |     consts::U12 => (A,B,C,D,E,F,G,H,I,J,K,L,);
191 | | }
    | |_- in this macro invocation
    |
    = help: consider increasing the recursion limit by adding a `#![recursion_limit = "256"]` attribute to your crate (`generic_array`)
note: required by a bound in `GenericArray::<T, N>::from_array`
   --> /home/adwin/.cargo/registry/src/mirrors.tuna.tsinghua.edu.cn-4dc01642fd091eda/generic-array-1.3.5/src/lib.rs:942:19
    |
940 |     pub const fn from_array<const U: usize>(value: [T; U]) -> Self
    |                  ---------- required by a bound in this associated function
941 |     where
942 |         Const<U>: IntoArrayLength<ArrayLength = N>,
    |                   ^^^^^^^^^^^^^^^^^^^^^^^^^^^^^^^^ required by this bound in `GenericArray::<T, N>::from_array`
    = note: this error originates in the macro `impl_tuple` (in Nightly builds, run with -Z macro-backtrace for more info)

error[E0275]: overflow evaluating the requirement `<Const<3> as IntoArrayLength>::ArrayLength == UInt<UInt<UTerm, typenum::B1>, typenum::B1>`
   --> /home/adwin/.cargo/registry/src/mirrors.tuna.tsinghua.edu.cn-4dc01642fd091eda/generic-array-1.3.5/src/impls.rs:163:17
    |
163 |                   GenericArray::from_array([$($t,)*])
    |                   ^^^^^^^^^^^^^^^^^^^^^^^^^^^^^^^^^^^
...
178 | / impl_tuple! {
179 | |     consts::U1  => (A,);
180 | |     consts::U2  => (A,B,);
181 | |     consts::U3  => (A,B,C,);
...   |
190 | |     consts::U12 => (A,B,C,D,E,F,G,H,I,J,K,L,);
191 | | }
    | |_- in this macro invocation
    |
    = help: consider increasing the recursion limit by adding a `#![recursion_limit = "256"]` attribute to your crate (`generic_array`)
note: required by a bound in `GenericArray::<T, N>::from_array`
   --> /home/adwin/.cargo/registry/src/mirrors.tuna.tsinghua.edu.cn-4dc01642fd091eda/generic-array-1.3.5/src/lib.rs:942:35
    |
940 |     pub const fn from_array<const U: usize>(value: [T; U]) -> Self
    |                  ---------- required by a bound in this associated function
941 |     where
942 |         Const<U>: IntoArrayLength<ArrayLength = N>,
    |                                   ^^^^^^^^^^^^^^^ required by this bound in `GenericArray::<T, N>::from_array`
    = note: this error originates in the macro `impl_tuple` (in Nightly builds, run with -Z macro-backtrace for more info)

error[E0275]: overflow evaluating the requirement `GenericArray<T, UInt<UInt<UTerm, typenum::B1>, typenum::B1>>: Sized`
   --> /home/adwin/.cargo/registry/src/mirrors.tuna.tsinghua.edu.cn-4dc01642fd091eda/generic-array-1.3.5/src/impls.rs:163:17
    |
163 |                   GenericArray::from_array([$($t,)*])
    |                   ^^^^^^^^^^^^^^^^^^^^^^^^^^^^^^^^^^^
...
178 | / impl_tuple! {
179 | |     consts::U1  => (A,);
180 | |     consts::U2  => (A,B,);
181 | |     consts::U3  => (A,B,C,);
...   |
190 | |     consts::U12 => (A,B,C,D,E,F,G,H,I,J,K,L,);
191 | | }
    | |_- in this macro invocation
    |
    = help: consider increasing the recursion limit by adding a `#![recursion_limit = "256"]` attribute to your crate (`generic_array`)
    = note: the return type of a function must have a statically known size
    = note: this error originates in the macro `impl_tuple` (in Nightly builds, run with -Z macro-backtrace for more info)

error[E0275]: overflow evaluating the requirement `GenericArray<T, UInt<UInt<UTerm, typenum::B1>, typenum::B1>> well-formed`
   --> /home/adwin/.cargo/registry/src/mirrors.tuna.tsinghua.edu.cn-4dc01642fd091eda/generic-array-1.3.5/src/impls.rs:163:17
    |
163 |                   GenericArray::from_array([$($t,)*])
    |                   ^^^^^^^^^^^^
...
178 | / impl_tuple! {
179 | |     consts::U1  => (A,);
180 | |     consts::U2  => (A,B,);
181 | |     consts::U3  => (A,B,C,);
...   |
190 | |     consts::U12 => (A,B,C,D,E,F,G,H,I,J,K,L,);
191 | | }
    | |_- in this macro invocation
    |
    = help: consider increasing the recursion limit by adding a `#![recursion_limit = "256"]` attribute to your crate (`generic_array`)
    = note: this error originates in the macro `impl_tuple` (in Nightly builds, run with -Z macro-backtrace for more info)

error[E0275]: overflow evaluating the requirement `GenericArray<T, UInt<UInt<UTerm, typenum::B1>, typenum::B1>> well-formed`
   --> /home/adwin/.cargo/registry/src/mirrors.tuna.tsinghua.edu.cn-4dc01642fd091eda/generic-array-1.3.5/src/impls.rs:163:17
    |
163 |                   GenericArray::from_array([$($t,)*])
    |                   ^^^^^^^^^^^^^^^^^^^^^^^^^^^^^^^^^^^
...
178 | / impl_tuple! {
179 | |     consts::U1  => (A,);
180 | |     consts::U2  => (A,B,);
181 | |     consts::U3  => (A,B,C,);
...   |
190 | |     consts::U12 => (A,B,C,D,E,F,G,H,I,J,K,L,);
191 | | }
    | |_- in this macro invocation
    |
    = help: consider increasing the recursion limit by adding a `#![recursion_limit = "256"]` attribute to your crate (`generic_array`)
    = note: this error originates in the macro `impl_tuple` (in Nightly builds, run with -Z macro-backtrace for more info)

error[E0275]: overflow evaluating the requirement `UInt<UInt<UInt<UTerm, typenum::B1>, B0>, B0>: ArrayLength`
   --> /home/adwin/.cargo/registry/src/mirrors.tuna.tsinghua.edu.cn-4dc01642fd091eda/generic-array-1.3.5/src/impls.rs:163:17
    |
163 |                   GenericArray::from_array([$($t,)*])
    |                   ^^^^^^^^^^^^^^^^^^^^^^^^^^^^^^^^^^^
...
178 | / impl_tuple! {
179 | |     consts::U1  => (A,);
180 | |     consts::U2  => (A,B,);
181 | |     consts::U3  => (A,B,C,);
...   |
190 | |     consts::U12 => (A,B,C,D,E,F,G,H,I,J,K,L,);
191 | | }
    | |_- in this macro invocation
    |
    = help: consider increasing the recursion limit by adding a `#![recursion_limit = "256"]` attribute to your crate (`generic_array`)
note: required by a bound in `GenericArray::<T, N>::from_array`
   --> /home/adwin/.cargo/registry/src/mirrors.tuna.tsinghua.edu.cn-4dc01642fd091eda/generic-array-1.3.5/src/lib.rs:773:12
    |
773 | impl<T, N: ArrayLength> GenericArray<T, N> {
    |            ^^^^^^^^^^^ required by this bound in `GenericArray::<T, N>::from_array`
...
940 |     pub const fn from_array<const U: usize>(value: [T; U]) -> Self
    |                  ---------- required by a bound in this associated function
    = note: this error originates in the macro `impl_tuple` (in Nightly builds, run with -Z macro-backtrace for more info)

error[E0275]: overflow evaluating the requirement `Const<4>: IntoArrayLength`
   --> /home/adwin/.cargo/registry/src/mirrors.tuna.tsinghua.edu.cn-4dc01642fd091eda/generic-array-1.3.5/src/impls.rs:163:17
    |
163 |                   GenericArray::from_array([$($t,)*])
    |                   ^^^^^^^^^^^^^^^^^^^^^^^^^^^^^^^^^^^
...
178 | / impl_tuple! {
179 | |     consts::U1  => (A,);
180 | |     consts::U2  => (A,B,);
181 | |     consts::U3  => (A,B,C,);
...   |
190 | |     consts::U12 => (A,B,C,D,E,F,G,H,I,J,K,L,);
191 | | }
    | |_- in this macro invocation
    |
    = help: consider increasing the recursion limit by adding a `#![recursion_limit = "256"]` attribute to your crate (`generic_array`)
note: required by a bound in `GenericArray::<T, N>::from_array`
   --> /home/adwin/.cargo/registry/src/mirrors.tuna.tsinghua.edu.cn-4dc01642fd091eda/generic-array-1.3.5/src/lib.rs:942:19
    |
940 |     pub const fn from_array<const U: usize>(value: [T; U]) -> Self
    |                  ---------- required by a bound in this associated function
941 |     where
942 |         Const<U>: IntoArrayLength<ArrayLength = N>,
    |                   ^^^^^^^^^^^^^^^^^^^^^^^^^^^^^^^^ required by this bound in `GenericArray::<T, N>::from_array`
    = note: this error originates in the macro `impl_tuple` (in Nightly builds, run with -Z macro-backtrace for more info)

error[E0275]: overflow evaluating the requirement `<Const<4> as IntoArrayLength>::ArrayLength == UInt<UInt<UInt<UTerm, typenum::B1>, B0>, B0>`
   --> /home/adwin/.cargo/registry/src/mirrors.tuna.tsinghua.edu.cn-4dc01642fd091eda/generic-array-1.3.5/src/impls.rs:163:17
    |
163 |                   GenericArray::from_array([$($t,)*])
    |                   ^^^^^^^^^^^^^^^^^^^^^^^^^^^^^^^^^^^
...
178 | / impl_tuple! {
179 | |     consts::U1  => (A,);
180 | |     consts::U2  => (A,B,);
181 | |     consts::U3  => (A,B,C,);
...   |
190 | |     consts::U12 => (A,B,C,D,E,F,G,H,I,J,K,L,);
191 | | }
    | |_- in this macro invocation
    |
    = help: consider increasing the recursion limit by adding a `#![recursion_limit = "256"]` attribute to your crate (`generic_array`)
note: required by a bound in `GenericArray::<T, N>::from_array`
   --> /home/adwin/.cargo/registry/src/mirrors.tuna.tsinghua.edu.cn-4dc01642fd091eda/generic-array-1.3.5/src/lib.rs:942:35
    |
940 |     pub const fn from_array<const U: usize>(value: [T; U]) -> Self
    |                  ---------- required by a bound in this associated function
941 |     where
942 |         Const<U>: IntoArrayLength<ArrayLength = N>,
    |                                   ^^^^^^^^^^^^^^^ required by this bound in `GenericArray::<T, N>::from_array`
    = note: this error originates in the macro `impl_tuple` (in Nightly builds, run with -Z macro-backtrace for more info)

error[E0275]: overflow evaluating the requirement `GenericArray<T, UInt<UInt<UInt<UTerm, typenum::B1>, ...>, ...>>: Sized`
   --> /home/adwin/.cargo/registry/src/mirrors.tuna.tsinghua.edu.cn-4dc01642fd091eda/generic-array-1.3.5/src/impls.rs:163:17
    |
163 |                   GenericArray::from_array([$($t,)*])
    |                   ^^^^^^^^^^^^^^^^^^^^^^^^^^^^^^^^^^^
...
178 | / impl_tuple! {
179 | |     consts::U1  => (A,);
180 | |     consts::U2  => (A,B,);
181 | |     consts::U3  => (A,B,C,);
...   |
190 | |     consts::U12 => (A,B,C,D,E,F,G,H,I,J,K,L,);
191 | | }
    | |_- in this macro invocation
    |
    = help: consider increasing the recursion limit by adding a `#![recursion_limit = "256"]` attribute to your crate (`generic_array`)
    = note: the return type of a function must have a statically known size
    = note: this error originates in the macro `impl_tuple` (in Nightly builds, run with -Z macro-backtrace for more info)

error[E0275]: overflow evaluating the requirement `GenericArray<T, UInt<UInt<UInt<UTerm, typenum::B1>, ...>, ...>> well-formed`
   --> /home/adwin/.cargo/registry/src/mirrors.tuna.tsinghua.edu.cn-4dc01642fd091eda/generic-array-1.3.5/src/impls.rs:163:17
    |
163 |                   GenericArray::from_array([$($t,)*])
    |                   ^^^^^^^^^^^^
...
178 | / impl_tuple! {
179 | |     consts::U1  => (A,);
180 | |     consts::U2  => (A,B,);
181 | |     consts::U3  => (A,B,C,);
...   |
190 | |     consts::U12 => (A,B,C,D,E,F,G,H,I,J,K,L,);
191 | | }
    | |_- in this macro invocation
    |
    = help: consider increasing the recursion limit by adding a `#![recursion_limit = "256"]` attribute to your crate (`generic_array`)
    = note: this error originates in the macro `impl_tuple` (in Nightly builds, run with -Z macro-backtrace for more info)

error[E0275]: overflow evaluating the requirement `GenericArray<T, UInt<UInt<UInt<UTerm, typenum::B1>, ...>, ...>> well-formed`
   --> /home/adwin/.cargo/registry/src/mirrors.tuna.tsinghua.edu.cn-4dc01642fd091eda/generic-array-1.3.5/src/impls.rs:163:17
    |
163 |                   GenericArray::from_array([$($t,)*])
    |                   ^^^^^^^^^^^^^^^^^^^^^^^^^^^^^^^^^^^
...
178 | / impl_tuple! {
179 | |     consts::U1  => (A,);
180 | |     consts::U2  => (A,B,);
181 | |     consts::U3  => (A,B,C,);
...   |
190 | |     consts::U12 => (A,B,C,D,E,F,G,H,I,J,K,L,);
191 | | }
    | |_- in this macro invocation
    |
    = help: consider increasing the recursion limit by adding a `#![recursion_limit = "256"]` attribute to your crate (`generic_array`)
    = note: this error originates in the macro `impl_tuple` (in Nightly builds, run with -Z macro-backtrace for more info)

error[E0275]: overflow evaluating the requirement `UInt<UInt<UInt<UTerm, typenum::B1>, B0>, typenum::B1>: ArrayLength`
   --> /home/adwin/.cargo/registry/src/mirrors.tuna.tsinghua.edu.cn-4dc01642fd091eda/generic-array-1.3.5/src/impls.rs:163:17
    |
163 |                   GenericArray::from_array([$($t,)*])
    |                   ^^^^^^^^^^^^^^^^^^^^^^^^^^^^^^^^^^^
...
178 | / impl_tuple! {
179 | |     consts::U1  => (A,);
180 | |     consts::U2  => (A,B,);
181 | |     consts::U3  => (A,B,C,);
...   |
190 | |     consts::U12 => (A,B,C,D,E,F,G,H,I,J,K,L,);
191 | | }
    | |_- in this macro invocation
    |
    = help: consider increasing the recursion limit by adding a `#![recursion_limit = "256"]` attribute to your crate (`generic_array`)
note: required by a bound in `GenericArray::<T, N>::from_array`
   --> /home/adwin/.cargo/registry/src/mirrors.tuna.tsinghua.edu.cn-4dc01642fd091eda/generic-array-1.3.5/src/lib.rs:773:12
    |
773 | impl<T, N: ArrayLength> GenericArray<T, N> {
    |            ^^^^^^^^^^^ required by this bound in `GenericArray::<T, N>::from_array`
...
940 |     pub const fn from_array<const U: usize>(value: [T; U]) -> Self
    |                  ---------- required by a bound in this associated function
    = note: this error originates in the macro `impl_tuple` (in Nightly builds, run with -Z macro-backtrace for more info)

error[E0275]: overflow evaluating the requirement `Const<5>: IntoArrayLength`
   --> /home/adwin/.cargo/registry/src/mirrors.tuna.tsinghua.edu.cn-4dc01642fd091eda/generic-array-1.3.5/src/impls.rs:163:17
    |
163 |                   GenericArray::from_array([$($t,)*])
    |                   ^^^^^^^^^^^^^^^^^^^^^^^^^^^^^^^^^^^
...
178 | / impl_tuple! {
179 | |     consts::U1  => (A,);
180 | |     consts::U2  => (A,B,);
181 | |     consts::U3  => (A,B,C,);
...   |
190 | |     consts::U12 => (A,B,C,D,E,F,G,H,I,J,K,L,);
191 | | }
    | |_- in this macro invocation
    |
    = help: consider increasing the recursion limit by adding a `#![recursion_limit = "256"]` attribute to your crate (`generic_array`)
note: required by a bound in `GenericArray::<T, N>::from_array`
   --> /home/adwin/.cargo/registry/src/mirrors.tuna.tsinghua.edu.cn-4dc01642fd091eda/generic-array-1.3.5/src/lib.rs:942:19
    |
940 |     pub const fn from_array<const U: usize>(value: [T; U]) -> Self
    |                  ---------- required by a bound in this associated function
941 |     where
942 |         Const<U>: IntoArrayLength<ArrayLength = N>,
    |                   ^^^^^^^^^^^^^^^^^^^^^^^^^^^^^^^^ required by this bound in `GenericArray::<T, N>::from_array`
    = note: this error originates in the macro `impl_tuple` (in Nightly builds, run with -Z macro-backtrace for more info)

error[E0275]: overflow evaluating the requirement `<Const<5> as IntoArrayLength>::ArrayLength == UInt<UInt<UInt<UTerm, typenum::B1>, B0>, typenum::B1>`
   --> /home/adwin/.cargo/registry/src/mirrors.tuna.tsinghua.edu.cn-4dc01642fd091eda/generic-array-1.3.5/src/impls.rs:163:17
    |
163 |                   GenericArray::from_array([$($t,)*])
    |                   ^^^^^^^^^^^^^^^^^^^^^^^^^^^^^^^^^^^
...
178 | / impl_tuple! {
179 | |     consts::U1  => (A,);
180 | |     consts::U2  => (A,B,);
181 | |     consts::U3  => (A,B,C,);
...   |
190 | |     consts::U12 => (A,B,C,D,E,F,G,H,I,J,K,L,);
191 | | }
    | |_- in this macro invocation
    |
    = help: consider increasing the recursion limit by adding a `#![recursion_limit = "256"]` attribute to your crate (`generic_array`)
note: required by a bound in `GenericArray::<T, N>::from_array`
   --> /home/adwin/.cargo/registry/src/mirrors.tuna.tsinghua.edu.cn-4dc01642fd091eda/generic-array-1.3.5/src/lib.rs:942:35
    |
940 |     pub const fn from_array<const U: usize>(value: [T; U]) -> Self
    |                  ---------- required by a bound in this associated function
941 |     where
942 |         Const<U>: IntoArrayLength<ArrayLength = N>,
    |                                   ^^^^^^^^^^^^^^^ required by this bound in `GenericArray::<T, N>::from_array`
    = note: this error originates in the macro `impl_tuple` (in Nightly builds, run with -Z macro-backtrace for more info)

error[E0275]: overflow evaluating the requirement `UInt<UInt<UInt<UTerm, typenum::B1>, typenum::B1>, B0>: ArrayLength`
   --> /home/adwin/.cargo/registry/src/mirrors.tuna.tsinghua.edu.cn-4dc01642fd091eda/generic-array-1.3.5/src/impls.rs:163:17
    |
163 |                   GenericArray::from_array([$($t,)*])
    |                   ^^^^^^^^^^^^^^^^^^^^^^^^^^^^^^^^^^^
...
178 | / impl_tuple! {
179 | |     consts::U1  => (A,);
180 | |     consts::U2  => (A,B,);
181 | |     consts::U3  => (A,B,C,);
...   |
190 | |     consts::U12 => (A,B,C,D,E,F,G,H,I,J,K,L,);
191 | | }
    | |_- in this macro invocation
    |
    = help: consider increasing the recursion limit by adding a `#![recursion_limit = "256"]` attribute to your crate (`generic_array`)
note: required by a bound in `GenericArray::<T, N>::from_array`
   --> /home/adwin/.cargo/registry/src/mirrors.tuna.tsinghua.edu.cn-4dc01642fd091eda/generic-array-1.3.5/src/lib.rs:773:12
    |
773 | impl<T, N: ArrayLength> GenericArray<T, N> {
    |            ^^^^^^^^^^^ required by this bound in `GenericArray::<T, N>::from_array`
...
940 |     pub const fn from_array<const U: usize>(value: [T; U]) -> Self
    |                  ---------- required by a bound in this associated function
    = note: this error originates in the macro `impl_tuple` (in Nightly builds, run with -Z macro-backtrace for more info)

error[E0275]: overflow evaluating the requirement `Const<6>: IntoArrayLength`
   --> /home/adwin/.cargo/registry/src/mirrors.tuna.tsinghua.edu.cn-4dc01642fd091eda/generic-array-1.3.5/src/impls.rs:163:17
    |
163 |                   GenericArray::from_array([$($t,)*])
    |                   ^^^^^^^^^^^^^^^^^^^^^^^^^^^^^^^^^^^
...
178 | / impl_tuple! {
179 | |     consts::U1  => (A,);
180 | |     consts::U2  => (A,B,);
181 | |     consts::U3  => (A,B,C,);
...   |
190 | |     consts::U12 => (A,B,C,D,E,F,G,H,I,J,K,L,);
191 | | }
    | |_- in this macro invocation
    |
    = help: consider increasing the recursion limit by adding a `#![recursion_limit = "256"]` attribute to your crate (`generic_array`)
note: required by a bound in `GenericArray::<T, N>::from_array`
   --> /home/adwin/.cargo/registry/src/mirrors.tuna.tsinghua.edu.cn-4dc01642fd091eda/generic-array-1.3.5/src/lib.rs:942:19
    |
940 |     pub const fn from_array<const U: usize>(value: [T; U]) -> Self
    |                  ---------- required by a bound in this associated function
941 |     where
942 |         Const<U>: IntoArrayLength<ArrayLength = N>,
    |                   ^^^^^^^^^^^^^^^^^^^^^^^^^^^^^^^^ required by this bound in `GenericArray::<T, N>::from_array`
    = note: this error originates in the macro `impl_tuple` (in Nightly builds, run with -Z macro-backtrace for more info)

error[E0275]: overflow evaluating the requirement `<Const<6> as IntoArrayLength>::ArrayLength == UInt<UInt<UInt<UTerm, typenum::B1>, typenum::B1>, B0>`
   --> /home/adwin/.cargo/registry/src/mirrors.tuna.tsinghua.edu.cn-4dc01642fd091eda/generic-array-1.3.5/src/impls.rs:163:17
    |
163 |                   GenericArray::from_array([$($t,)*])
    |                   ^^^^^^^^^^^^^^^^^^^^^^^^^^^^^^^^^^^
...
178 | / impl_tuple! {
179 | |     consts::U1  => (A,);
180 | |     consts::U2  => (A,B,);
181 | |     consts::U3  => (A,B,C,);
...   |
190 | |     consts::U12 => (A,B,C,D,E,F,G,H,I,J,K,L,);
191 | | }
    | |_- in this macro invocation
    |
    = help: consider increasing the recursion limit by adding a `#![recursion_limit = "256"]` attribute to your crate (`generic_array`)
note: required by a bound in `GenericArray::<T, N>::from_array`
   --> /home/adwin/.cargo/registry/src/mirrors.tuna.tsinghua.edu.cn-4dc01642fd091eda/generic-array-1.3.5/src/lib.rs:942:35
    |
940 |     pub const fn from_array<const U: usize>(value: [T; U]) -> Self
    |                  ---------- required by a bound in this associated function
941 |     where
942 |         Const<U>: IntoArrayLength<ArrayLength = N>,
    |                                   ^^^^^^^^^^^^^^^ required by this bound in `GenericArray::<T, N>::from_array`
    = note: this error originates in the macro `impl_tuple` (in Nightly builds, run with -Z macro-backtrace for more info)

error[E0275]: overflow evaluating the requirement `UInt<UInt<UInt<UTerm, typenum::B1>, typenum::B1>, typenum::B1>: ArrayLength`
   --> /home/adwin/.cargo/registry/src/mirrors.tuna.tsinghua.edu.cn-4dc01642fd091eda/generic-array-1.3.5/src/impls.rs:163:17
    |
163 |                   GenericArray::from_array([$($t,)*])
    |                   ^^^^^^^^^^^^^^^^^^^^^^^^^^^^^^^^^^^
...
178 | / impl_tuple! {
179 | |     consts::U1  => (A,);
180 | |     consts::U2  => (A,B,);
181 | |     consts::U3  => (A,B,C,);
...   |
190 | |     consts::U12 => (A,B,C,D,E,F,G,H,I,J,K,L,);
191 | | }
    | |_- in this macro invocation
    |
    = help: consider increasing the recursion limit by adding a `#![recursion_limit = "256"]` attribute to your crate (`generic_array`)
note: required by a bound in `GenericArray::<T, N>::from_array`
   --> /home/adwin/.cargo/registry/src/mirrors.tuna.tsinghua.edu.cn-4dc01642fd091eda/generic-array-1.3.5/src/lib.rs:773:12
    |
773 | impl<T, N: ArrayLength> GenericArray<T, N> {
    |            ^^^^^^^^^^^ required by this bound in `GenericArray::<T, N>::from_array`
...
940 |     pub const fn from_array<const U: usize>(value: [T; U]) -> Self
    |                  ---------- required by a bound in this associated function
    = note: this error originates in the macro `impl_tuple` (in Nightly builds, run with -Z macro-backtrace for more info)

error[E0275]: overflow evaluating the requirement `Const<7>: IntoArrayLength`
   --> /home/adwin/.cargo/registry/src/mirrors.tuna.tsinghua.edu.cn-4dc01642fd091eda/generic-array-1.3.5/src/impls.rs:163:17
    |
163 |                   GenericArray::from_array([$($t,)*])
    |                   ^^^^^^^^^^^^^^^^^^^^^^^^^^^^^^^^^^^
...
178 | / impl_tuple! {
179 | |     consts::U1  => (A,);
180 | |     consts::U2  => (A,B,);
181 | |     consts::U3  => (A,B,C,);
...   |
190 | |     consts::U12 => (A,B,C,D,E,F,G,H,I,J,K,L,);
191 | | }
    | |_- in this macro invocation
    |
    = help: consider increasing the recursion limit by adding a `#![recursion_limit = "256"]` attribute to your crate (`generic_array`)
note: required by a bound in `GenericArray::<T, N>::from_array`
   --> /home/adwin/.cargo/registry/src/mirrors.tuna.tsinghua.edu.cn-4dc01642fd091eda/generic-array-1.3.5/src/lib.rs:942:19
    |
940 |     pub const fn from_array<const U: usize>(value: [T; U]) -> Self
    |                  ---------- required by a bound in this associated function
941 |     where
942 |         Const<U>: IntoArrayLength<ArrayLength = N>,
    |                   ^^^^^^^^^^^^^^^^^^^^^^^^^^^^^^^^ required by this bound in `GenericArray::<T, N>::from_array`
    = note: this error originates in the macro `impl_tuple` (in Nightly builds, run with -Z macro-backtrace for more info)

error[E0275]: overflow evaluating the requirement `<Const<7> as IntoArrayLength>::ArrayLength == UInt<UInt<UInt<UTerm, typenum::B1>, typenum::B1>, typenum::B1>`
   --> /home/adwin/.cargo/registry/src/mirrors.tuna.tsinghua.edu.cn-4dc01642fd091eda/generic-array-1.3.5/src/impls.rs:163:17
    |
163 |                   GenericArray::from_array([$($t,)*])
    |                   ^^^^^^^^^^^^^^^^^^^^^^^^^^^^^^^^^^^
...
178 | / impl_tuple! {
179 | |     consts::U1  => (A,);
180 | |     consts::U2  => (A,B,);
181 | |     consts::U3  => (A,B,C,);
...   |
190 | |     consts::U12 => (A,B,C,D,E,F,G,H,I,J,K,L,);
191 | | }
    | |_- in this macro invocation
    |
    = help: consider increasing the recursion limit by adding a `#![recursion_limit = "256"]` attribute to your crate (`generic_array`)
note: required by a bound in `GenericArray::<T, N>::from_array`
   --> /home/adwin/.cargo/registry/src/mirrors.tuna.tsinghua.edu.cn-4dc01642fd091eda/generic-array-1.3.5/src/lib.rs:942:35
    |
940 |     pub const fn from_array<const U: usize>(value: [T; U]) -> Self
    |                  ---------- required by a bound in this associated function
941 |     where
942 |         Const<U>: IntoArrayLength<ArrayLength = N>,
    |                                   ^^^^^^^^^^^^^^^ required by this bound in `GenericArray::<T, N>::from_array`
    = note: this error originates in the macro `impl_tuple` (in Nightly builds, run with -Z macro-backtrace for more info)

error[E0275]: overflow evaluating the requirement `UInt<UInt<UInt<UInt<UTerm, typenum::B1>, B0>, ...>, ...>: ArrayLength`
   --> /home/adwin/.cargo/registry/src/mirrors.tuna.tsinghua.edu.cn-4dc01642fd091eda/generic-array-1.3.5/src/impls.rs:163:17
    |
163 |                   GenericArray::from_array([$($t,)*])
    |                   ^^^^^^^^^^^^^^^^^^^^^^^^^^^^^^^^^^^
...
178 | / impl_tuple! {
179 | |     consts::U1  => (A,);
180 | |     consts::U2  => (A,B,);
181 | |     consts::U3  => (A,B,C,);
...   |
190 | |     consts::U12 => (A,B,C,D,E,F,G,H,I,J,K,L,);
191 | | }
    | |_- in this macro invocation
    |
    = help: consider increasing the recursion limit by adding a `#![recursion_limit = "256"]` attribute to your crate (`generic_array`)
note: required by a bound in `GenericArray::<T, N>::from_array`
   --> /home/adwin/.cargo/registry/src/mirrors.tuna.tsinghua.edu.cn-4dc01642fd091eda/generic-array-1.3.5/src/lib.rs:773:12
    |
773 | impl<T, N: ArrayLength> GenericArray<T, N> {
    |            ^^^^^^^^^^^ required by this bound in `GenericArray::<T, N>::from_array`
...
940 |     pub const fn from_array<const U: usize>(value: [T; U]) -> Self
    |                  ---------- required by a bound in this associated function
    = note: this error originates in the macro `impl_tuple` (in Nightly builds, run with -Z macro-backtrace for more info)

error[E0275]: overflow evaluating the requirement `Const<8>: IntoArrayLength`
   --> /home/adwin/.cargo/registry/src/mirrors.tuna.tsinghua.edu.cn-4dc01642fd091eda/generic-array-1.3.5/src/impls.rs:163:17
    |
163 |                   GenericArray::from_array([$($t,)*])
    |                   ^^^^^^^^^^^^^^^^^^^^^^^^^^^^^^^^^^^
...
178 | / impl_tuple! {
179 | |     consts::U1  => (A,);
180 | |     consts::U2  => (A,B,);
181 | |     consts::U3  => (A,B,C,);
...   |
190 | |     consts::U12 => (A,B,C,D,E,F,G,H,I,J,K,L,);
191 | | }
    | |_- in this macro invocation
    |
    = help: consider increasing the recursion limit by adding a `#![recursion_limit = "256"]` attribute to your crate (`generic_array`)
note: required by a bound in `GenericArray::<T, N>::from_array`
   --> /home/adwin/.cargo/registry/src/mirrors.tuna.tsinghua.edu.cn-4dc01642fd091eda/generic-array-1.3.5/src/lib.rs:942:19
    |
940 |     pub const fn from_array<const U: usize>(value: [T; U]) -> Self
    |                  ---------- required by a bound in this associated function
941 |     where
942 |         Const<U>: IntoArrayLength<ArrayLength = N>,
    |                   ^^^^^^^^^^^^^^^^^^^^^^^^^^^^^^^^ required by this bound in `GenericArray::<T, N>::from_array`
    = note: this error originates in the macro `impl_tuple` (in Nightly builds, run with -Z macro-backtrace for more info)

error[E0275]: overflow evaluating the requirement `<Const<8> as IntoArrayLength>::ArrayLength == UInt<UInt<UInt<UInt<UTerm, typenum::B1>, B0>, ...>, ...>`
   --> /home/adwin/.cargo/registry/src/mirrors.tuna.tsinghua.edu.cn-4dc01642fd091eda/generic-array-1.3.5/src/impls.rs:163:17
    |
163 |                   GenericArray::from_array([$($t,)*])
    |                   ^^^^^^^^^^^^^^^^^^^^^^^^^^^^^^^^^^^
...
178 | / impl_tuple! {
179 | |     consts::U1  => (A,);
180 | |     consts::U2  => (A,B,);
181 | |     consts::U3  => (A,B,C,);
...   |
190 | |     consts::U12 => (A,B,C,D,E,F,G,H,I,J,K,L,);
191 | | }
    | |_- in this macro invocation
    |
    = help: consider increasing the recursion limit by adding a `#![recursion_limit = "256"]` attribute to your crate (`generic_array`)
note: required by a bound in `GenericArray::<T, N>::from_array`
   --> /home/adwin/.cargo/registry/src/mirrors.tuna.tsinghua.edu.cn-4dc01642fd091eda/generic-array-1.3.5/src/lib.rs:942:35
    |
940 |     pub const fn from_array<const U: usize>(value: [T; U]) -> Self
    |                  ---------- required by a bound in this associated function
941 |     where
942 |         Const<U>: IntoArrayLength<ArrayLength = N>,
    |                                   ^^^^^^^^^^^^^^^ required by this bound in `GenericArray::<T, N>::from_array`
    = note: this error originates in the macro `impl_tuple` (in Nightly builds, run with -Z macro-backtrace for more info)

error[E0275]: overflow evaluating the requirement `GenericArray<T, UInt<UInt<UInt<UInt<UTerm, ...>, ...>, ...>, ...>>: Sized`
   --> /home/adwin/.cargo/registry/src/mirrors.tuna.tsinghua.edu.cn-4dc01642fd091eda/generic-array-1.3.5/src/impls.rs:163:17
    |
163 |                   GenericArray::from_array([$($t,)*])
    |                   ^^^^^^^^^^^^^^^^^^^^^^^^^^^^^^^^^^^
...
178 | / impl_tuple! {
179 | |     consts::U1  => (A,);
180 | |     consts::U2  => (A,B,);
181 | |     consts::U3  => (A,B,C,);
...   |
190 | |     consts::U12 => (A,B,C,D,E,F,G,H,I,J,K,L,);
191 | | }
    | |_- in this macro invocation
    |
    = help: consider increasing the recursion limit by adding a `#![recursion_limit = "256"]` attribute to your crate (`generic_array`)
    = note: the return type of a function must have a statically known size
    = note: this error originates in the macro `impl_tuple` (in Nightly builds, run with -Z macro-backtrace for more info)

error[E0275]: overflow evaluating the requirement `GenericArray<T, UInt<UInt<UInt<UInt<UTerm, ...>, ...>, ...>, ...>> well-formed`
   --> /home/adwin/.cargo/registry/src/mirrors.tuna.tsinghua.edu.cn-4dc01642fd091eda/generic-array-1.3.5/src/impls.rs:163:17
    |
163 |                   GenericArray::from_array([$($t,)*])
    |                   ^^^^^^^^^^^^
...
178 | / impl_tuple! {
179 | |     consts::U1  => (A,);
180 | |     consts::U2  => (A,B,);
181 | |     consts::U3  => (A,B,C,);
...   |
190 | |     consts::U12 => (A,B,C,D,E,F,G,H,I,J,K,L,);
191 | | }
    | |_- in this macro invocation
    |
    = help: consider increasing the recursion limit by adding a `#![recursion_limit = "256"]` attribute to your crate (`generic_array`)
    = note: this error originates in the macro `impl_tuple` (in Nightly builds, run with -Z macro-backtrace for more info)

error[E0275]: overflow evaluating the requirement `GenericArray<T, UInt<UInt<UInt<UInt<UTerm, ...>, ...>, ...>, ...>> well-formed`
   --> /home/adwin/.cargo/registry/src/mirrors.tuna.tsinghua.edu.cn-4dc01642fd091eda/generic-array-1.3.5/src/impls.rs:163:17
    |
163 |                   GenericArray::from_array([$($t,)*])
    |                   ^^^^^^^^^^^^^^^^^^^^^^^^^^^^^^^^^^^
...
178 | / impl_tuple! {
179 | |     consts::U1  => (A,);
180 | |     consts::U2  => (A,B,);
181 | |     consts::U3  => (A,B,C,);
...   |
190 | |     consts::U12 => (A,B,C,D,E,F,G,H,I,J,K,L,);
191 | | }
    | |_- in this macro invocation
    |
    = help: consider increasing the recursion limit by adding a `#![recursion_limit = "256"]` attribute to your crate (`generic_array`)
    = note: this error originates in the macro `impl_tuple` (in Nightly builds, run with -Z macro-backtrace for more info)

error[E0275]: overflow evaluating the requirement `Const<9>: IntoArrayLength`
   --> /home/adwin/.cargo/registry/src/mirrors.tuna.tsinghua.edu.cn-4dc01642fd091eda/generic-array-1.3.5/src/impls.rs:163:17
    |
163 |                   GenericArray::from_array([$($t,)*])
    |                   ^^^^^^^^^^^^^^^^^^^^^^^^^^^^^^^^^^^
...
178 | / impl_tuple! {
179 | |     consts::U1  => (A,);
180 | |     consts::U2  => (A,B,);
181 | |     consts::U3  => (A,B,C,);
...   |
190 | |     consts::U12 => (A,B,C,D,E,F,G,H,I,J,K,L,);
191 | | }
    | |_- in this macro invocation
    |
    = help: consider increasing the recursion limit by adding a `#![recursion_limit = "256"]` attribute to your crate (`generic_array`)
note: required by a bound in `GenericArray::<T, N>::from_array`
   --> /home/adwin/.cargo/registry/src/mirrors.tuna.tsinghua.edu.cn-4dc01642fd091eda/generic-array-1.3.5/src/lib.rs:942:19
    |
940 |     pub const fn from_array<const U: usize>(value: [T; U]) -> Self
    |                  ---------- required by a bound in this associated function
941 |     where
942 |         Const<U>: IntoArrayLength<ArrayLength = N>,
    |                   ^^^^^^^^^^^^^^^^^^^^^^^^^^^^^^^^ required by this bound in `GenericArray::<T, N>::from_array`
    = note: this error originates in the macro `impl_tuple` (in Nightly builds, run with -Z macro-backtrace for more info)

error[E0275]: overflow evaluating the requirement `<Const<9> as IntoArrayLength>::ArrayLength == UInt<UInt<UInt<UInt<UTerm, typenum::B1>, B0>, ...>, ...>`
   --> /home/adwin/.cargo/registry/src/mirrors.tuna.tsinghua.edu.cn-4dc01642fd091eda/generic-array-1.3.5/src/impls.rs:163:17
    |
163 |                   GenericArray::from_array([$($t,)*])
    |                   ^^^^^^^^^^^^^^^^^^^^^^^^^^^^^^^^^^^
...
178 | / impl_tuple! {
179 | |     consts::U1  => (A,);
180 | |     consts::U2  => (A,B,);
181 | |     consts::U3  => (A,B,C,);
...   |
190 | |     consts::U12 => (A,B,C,D,E,F,G,H,I,J,K,L,);
191 | | }
    | |_- in this macro invocation
    |
    = help: consider increasing the recursion limit by adding a `#![recursion_limit = "256"]` attribute to your crate (`generic_array`)
note: required by a bound in `GenericArray::<T, N>::from_array`
   --> /home/adwin/.cargo/registry/src/mirrors.tuna.tsinghua.edu.cn-4dc01642fd091eda/generic-array-1.3.5/src/lib.rs:942:35
    |
940 |     pub const fn from_array<const U: usize>(value: [T; U]) -> Self
    |                  ---------- required by a bound in this associated function
941 |     where
942 |         Const<U>: IntoArrayLength<ArrayLength = N>,
    |                                   ^^^^^^^^^^^^^^^ required by this bound in `GenericArray::<T, N>::from_array`
    = note: this error originates in the macro `impl_tuple` (in Nightly builds, run with -Z macro-backtrace for more info)

error[E0275]: overflow evaluating the requirement `Const<10>: IntoArrayLength`
   --> /home/adwin/.cargo/registry/src/mirrors.tuna.tsinghua.edu.cn-4dc01642fd091eda/generic-array-1.3.5/src/impls.rs:163:17
    |
163 |                   GenericArray::from_array([$($t,)*])
    |                   ^^^^^^^^^^^^^^^^^^^^^^^^^^^^^^^^^^^
...
178 | / impl_tuple! {
179 | |     consts::U1  => (A,);
180 | |     consts::U2  => (A,B,);
181 | |     consts::U3  => (A,B,C,);
...   |
190 | |     consts::U12 => (A,B,C,D,E,F,G,H,I,J,K,L,);
191 | | }
    | |_- in this macro invocation
    |
    = help: consider increasing the recursion limit by adding a `#![recursion_limit = "256"]` attribute to your crate (`generic_array`)
note: required by a bound in `GenericArray::<T, N>::from_array`
   --> /home/adwin/.cargo/registry/src/mirrors.tuna.tsinghua.edu.cn-4dc01642fd091eda/generic-array-1.3.5/src/lib.rs:942:19
    |
940 |     pub const fn from_array<const U: usize>(value: [T; U]) -> Self
    |                  ---------- required by a bound in this associated function
941 |     where
942 |         Const<U>: IntoArrayLength<ArrayLength = N>,
    |                   ^^^^^^^^^^^^^^^^^^^^^^^^^^^^^^^^ required by this bound in `GenericArray::<T, N>::from_array`
    = note: this error originates in the macro `impl_tuple` (in Nightly builds, run with -Z macro-backtrace for more info)

error[E0275]: overflow evaluating the requirement `<Const<10> as IntoArrayLength>::ArrayLength == UInt<UInt<UInt<UInt<UTerm, typenum::B1>, B0>, ...>, ...>`
   --> /home/adwin/.cargo/registry/src/mirrors.tuna.tsinghua.edu.cn-4dc01642fd091eda/generic-array-1.3.5/src/impls.rs:163:17
    |
163 |                   GenericArray::from_array([$($t,)*])
    |                   ^^^^^^^^^^^^^^^^^^^^^^^^^^^^^^^^^^^
...
178 | / impl_tuple! {
179 | |     consts::U1  => (A,);
180 | |     consts::U2  => (A,B,);
181 | |     consts::U3  => (A,B,C,);
...   |
190 | |     consts::U12 => (A,B,C,D,E,F,G,H,I,J,K,L,);
191 | | }
    | |_- in this macro invocation
    |
    = help: consider increasing the recursion limit by adding a `#![recursion_limit = "256"]` attribute to your crate (`generic_array`)
note: required by a bound in `GenericArray::<T, N>::from_array`
   --> /home/adwin/.cargo/registry/src/mirrors.tuna.tsinghua.edu.cn-4dc01642fd091eda/generic-array-1.3.5/src/lib.rs:942:35
    |
940 |     pub const fn from_array<const U: usize>(value: [T; U]) -> Self
    |                  ---------- required by a bound in this associated function
941 |     where
942 |         Const<U>: IntoArrayLength<ArrayLength = N>,
    |                                   ^^^^^^^^^^^^^^^ required by this bound in `GenericArray::<T, N>::from_array`
    = note: this error originates in the macro `impl_tuple` (in Nightly builds, run with -Z macro-backtrace for more info)

error[E0275]: overflow evaluating the requirement `Const<11>: IntoArrayLength`
   --> /home/adwin/.cargo/registry/src/mirrors.tuna.tsinghua.edu.cn-4dc01642fd091eda/generic-array-1.3.5/src/impls.rs:163:17
    |
163 |                   GenericArray::from_array([$($t,)*])
    |                   ^^^^^^^^^^^^^^^^^^^^^^^^^^^^^^^^^^^
...
178 | / impl_tuple! {
179 | |     consts::U1  => (A,);
180 | |     consts::U2  => (A,B,);
181 | |     consts::U3  => (A,B,C,);
...   |
190 | |     consts::U12 => (A,B,C,D,E,F,G,H,I,J,K,L,);
191 | | }
    | |_- in this macro invocation
    |
    = help: consider increasing the recursion limit by adding a `#![recursion_limit = "256"]` attribute to your crate (`generic_array`)
note: required by a bound in `GenericArray::<T, N>::from_array`
   --> /home/adwin/.cargo/registry/src/mirrors.tuna.tsinghua.edu.cn-4dc01642fd091eda/generic-array-1.3.5/src/lib.rs:942:19
    |
940 |     pub const fn from_array<const U: usize>(value: [T; U]) -> Self
    |                  ---------- required by a bound in this associated function
941 |     where
942 |         Const<U>: IntoArrayLength<ArrayLength = N>,
    |                   ^^^^^^^^^^^^^^^^^^^^^^^^^^^^^^^^ required by this bound in `GenericArray::<T, N>::from_array`
    = note: this error originates in the macro `impl_tuple` (in Nightly builds, run with -Z macro-backtrace for more info)

error[E0275]: overflow evaluating the requirement `<Const<11> as IntoArrayLength>::ArrayLength == UInt<UInt<UInt<UInt<UTerm, typenum::B1>, B0>, ...>, ...>`
   --> /home/adwin/.cargo/registry/src/mirrors.tuna.tsinghua.edu.cn-4dc01642fd091eda/generic-array-1.3.5/src/impls.rs:163:17
    |
163 |                   GenericArray::from_array([$($t,)*])
    |                   ^^^^^^^^^^^^^^^^^^^^^^^^^^^^^^^^^^^
...
178 | / impl_tuple! {
179 | |     consts::U1  => (A,);
180 | |     consts::U2  => (A,B,);
181 | |     consts::U3  => (A,B,C,);
...   |
190 | |     consts::U12 => (A,B,C,D,E,F,G,H,I,J,K,L,);
191 | | }
    | |_- in this macro invocation
    |
    = help: consider increasing the recursion limit by adding a `#![recursion_limit = "256"]` attribute to your crate (`generic_array`)
note: required by a bound in `GenericArray::<T, N>::from_array`
   --> /home/adwin/.cargo/registry/src/mirrors.tuna.tsinghua.edu.cn-4dc01642fd091eda/generic-array-1.3.5/src/lib.rs:942:35
    |
940 |     pub const fn from_array<const U: usize>(value: [T; U]) -> Self
    |                  ---------- required by a bound in this associated function
941 |     where
942 |         Const<U>: IntoArrayLength<ArrayLength = N>,
    |                                   ^^^^^^^^^^^^^^^ required by this bound in `GenericArray::<T, N>::from_array`
    = note: this error originates in the macro `impl_tuple` (in Nightly builds, run with -Z macro-backtrace for more info)

error[E0275]: overflow evaluating the requirement `UInt<UInt<UInt<UInt<UTerm, typenum::B1>, typenum::B1>, ...>, ...>: ArrayLength`
   --> /home/adwin/.cargo/registry/src/mirrors.tuna.tsinghua.edu.cn-4dc01642fd091eda/generic-array-1.3.5/src/impls.rs:163:17
    |
163 |                   GenericArray::from_array([$($t,)*])
    |                   ^^^^^^^^^^^^^^^^^^^^^^^^^^^^^^^^^^^
...
178 | / impl_tuple! {
179 | |     consts::U1  => (A,);
180 | |     consts::U2  => (A,B,);
181 | |     consts::U3  => (A,B,C,);
...   |
190 | |     consts::U12 => (A,B,C,D,E,F,G,H,I,J,K,L,);
191 | | }
    | |_- in this macro invocation
    |
    = help: consider increasing the recursion limit by adding a `#![recursion_limit = "256"]` attribute to your crate (`generic_array`)
note: required by a bound in `GenericArray::<T, N>::from_array`
   --> /home/adwin/.cargo/registry/src/mirrors.tuna.tsinghua.edu.cn-4dc01642fd091eda/generic-array-1.3.5/src/lib.rs:773:12
    |
773 | impl<T, N: ArrayLength> GenericArray<T, N> {
    |            ^^^^^^^^^^^ required by this bound in `GenericArray::<T, N>::from_array`
...
940 |     pub const fn from_array<const U: usize>(value: [T; U]) -> Self
    |                  ---------- required by a bound in this associated function
    = note: this error originates in the macro `impl_tuple` (in Nightly builds, run with -Z macro-backtrace for more info)

error[E0275]: overflow evaluating the requirement `Const<12>: IntoArrayLength`
   --> /home/adwin/.cargo/registry/src/mirrors.tuna.tsinghua.edu.cn-4dc01642fd091eda/generic-array-1.3.5/src/impls.rs:163:17
    |
163 |                   GenericArray::from_array([$($t,)*])
    |                   ^^^^^^^^^^^^^^^^^^^^^^^^^^^^^^^^^^^
...
178 | / impl_tuple! {
179 | |     consts::U1  => (A,);
180 | |     consts::U2  => (A,B,);
181 | |     consts::U3  => (A,B,C,);
...   |
190 | |     consts::U12 => (A,B,C,D,E,F,G,H,I,J,K,L,);
191 | | }
    | |_- in this macro invocation
    |
    = help: consider increasing the recursion limit by adding a `#![recursion_limit = "256"]` attribute to your crate (`generic_array`)
note: required by a bound in `GenericArray::<T, N>::from_array`
   --> /home/adwin/.cargo/registry/src/mirrors.tuna.tsinghua.edu.cn-4dc01642fd091eda/generic-array-1.3.5/src/lib.rs:942:19
    |
940 |     pub const fn from_array<const U: usize>(value: [T; U]) -> Self
    |                  ---------- required by a bound in this associated function
941 |     where
942 |         Const<U>: IntoArrayLength<ArrayLength = N>,
    |                   ^^^^^^^^^^^^^^^^^^^^^^^^^^^^^^^^ required by this bound in `GenericArray::<T, N>::from_array`
    = note: this error originates in the macro `impl_tuple` (in Nightly builds, run with -Z macro-backtrace for more info)

error[E0275]: overflow evaluating the requirement `<Const<12> as IntoArrayLength>::ArrayLength == UInt<UInt<UInt<UInt<UTerm, typenum::B1>, typenum::B1>, ...>, ...>`
   --> /home/adwin/.cargo/registry/src/mirrors.tuna.tsinghua.edu.cn-4dc01642fd091eda/generic-array-1.3.5/src/impls.rs:163:17
    |
163 |                   GenericArray::from_array([$($t,)*])
    |                   ^^^^^^^^^^^^^^^^^^^^^^^^^^^^^^^^^^^
...
178 | / impl_tuple! {
179 | |     consts::U1  => (A,);
180 | |     consts::U2  => (A,B,);
181 | |     consts::U3  => (A,B,C,);
...   |
190 | |     consts::U12 => (A,B,C,D,E,F,G,H,I,J,K,L,);
191 | | }
    | |_- in this macro invocation
    |
    = help: consider increasing the recursion limit by adding a `#![recursion_limit = "256"]` attribute to your crate (`generic_array`)
note: required by a bound in `GenericArray::<T, N>::from_array`
   --> /home/adwin/.cargo/registry/src/mirrors.tuna.tsinghua.edu.cn-4dc01642fd091eda/generic-array-1.3.5/src/lib.rs:942:35
    |
940 |     pub const fn from_array<const U: usize>(value: [T; U]) -> Self
    |                  ---------- required by a bound in this associated function
941 |     where
942 |         Const<U>: IntoArrayLength<ArrayLength = N>,
    |                                   ^^^^^^^^^^^^^^^ required by this bound in `GenericArray::<T, N>::from_array`
    = note: this error originates in the macro `impl_tuple` (in Nightly builds, run with -Z macro-backtrace for more info)

Some errors have detailed explanations: E0275, E0282.
For more information about an error, try `rustc --explain E0275`.
error: could not compile `generic-array` (lib) due to 120 previous errors
warning: build failed, waiting for other jobs to finish...
