Running as unit: run-p1042451-i5236142.scope; invocation ID: 55742c775e584b5e9a646fb6824fa01c
    Updating `tuna` index
     Locking 486 packages to latest compatible versions
      Adding comfy-table v6.2.0 (available: v7.2.2)
      Adding config v0.13.4 (available: v0.15.19)
      Adding crc v3.3.0 (available: v3.4.0)
      Adding crc-fast v1.9.0 (available: v1.10.0)
      Adding crossterm v0.27.0 (available: v0.29.0)
      Adding csm-rs v0.43.23 (available: v0.100.0)
      Adding dialoguer v0.11.0 (available: v0.12.0)
      Adding directories v4.0.1 (available: v6.0.0)
      Adding generic-array v0.14.7 (available: v0.14.9)
      Adding git2 v0.18.3 (available: v0.20.4)
      Adding indicatif v0.17.11 (available: v0.18.4)
      Adding k8s-openapi v0.20.0 (available: v0.27.0)
      Adding kube v0.87.2 (available: v3.0.1)
      Adding md5 v0.7.0 (available: v0.8.0)
      Adding rdkafka v0.37.0 (available: v0.39.0)
      Adding reqwest v0.11.27 (available: v0.13.2)
      Adding strum v0.25.0 (available: v0.27.2)
      Adding strum_macros v0.25.3 (available: v0.27.2)
      Adding termion v2.0.3 (available: v4.0.6)
      Adding toml v0.8.23 (available: v1.0.2+spec-1.1.0)
      Adding toml_edit v0.20.7 (available: v0.25.2+spec-1.1.0)
 Downloading crates ...
  Downloaded aws-credential-types v1.2.13 (registry `tuna`)
  Downloaded aws-types v1.3.13 (registry `tuna`)
  Downloaded aws-runtime v1.7.1 (registry `tuna`)
  Downloaded aws-sdk-sts v1.99.0 (registry `tuna`)
  Downloaded aws-sdk-ssooidc v1.97.0 (registry `tuna`)
  Downloaded aws-sigv4 v1.4.1 (registry `tuna`)
  Downloaded aws-sdk-sso v1.95.0 (registry `tuna`)
  Downloaded aws-sdk-s3 v1.124.0 (registry `tuna`)
   Compiling proc-macro2 v1.0.106
   Compiling unicode-ident v1.0.24
   Compiling quote v1.0.44
   Compiling libc v0.2.182
    Checking cfg-if v1.0.4
   Compiling serde_core v1.0.228
    Checking smallvec v1.15.1
    Checking bytes v1.11.1
    Checking memchr v2.8.0
   Compiling parking_lot_core v0.9.12
    Checking pin-project-lite v0.2.16
    Checking itoa v1.0.17
    Checking scopeguard v1.2.0
   Compiling find-msvc-tools v0.1.9
   Compiling shlex v1.3.0
    Checking lock_api v0.4.14
    Checking once_cell v1.21.3
    Checking futures-core v0.3.32
    Checking futures-sink v0.3.32
   Compiling version_check v0.9.5
    Checking slab v0.4.12
    Checking fnv v1.0.7
    Checking zeroize v1.8.2
    Checking futures-channel v0.3.32
    Checking futures-io v0.3.32
   Compiling autocfg v1.5.0
    Checking futures-task v0.3.32
    Checking subtle v2.6.1
    Checking http v0.2.12
   Compiling typenum v1.19.0
   Compiling syn v2.0.116
    Checking tracing-core v0.1.36
   Compiling num-traits v0.2.19
   Compiling generic-array v0.14.7
    Checking allocator-api2 v0.2.21
    Checking errno v0.3.14
    Checking signal-hook-registry v1.4.8
   Compiling jobserver v0.1.34
    Checking socket2 v0.6.2
    Checking parking_lot v0.12.5
    Checking mio v1.1.1
    Checking getrandom v0.2.17
   Compiling cc v1.2.56
    Checking foldhash v0.2.0
    Checking equivalent v1.0.2
    Checking http-body v0.4.6
    Checking hashbrown v0.16.1
    Checking either v1.15.0
   Compiling serde v1.0.228
    Checking ryu v1.0.23
    Checking http v1.4.0
    Checking rand_core v0.6.4
    Checking percent-encoding v2.3.2
    Checking untrusted v0.9.0
   Compiling httparse v1.10.1
    Checking indexmap v2.13.0
   Compiling zerocopy v0.8.39
    Checking pin-utils v0.1.0
    Checking stable_deref_trait v1.2.1
   Compiling cmake v0.1.57
    Checking http-body v1.0.1
    Checking tower-service v0.3.3
    Checking powerfmt v0.2.0
    Checking try-lock v0.2.5
    Checking deranged v0.5.6
    Checking num-conv v0.2.0
   Compiling ring v0.17.14
    Checking outref v0.5.2
    Checking vsimd v0.8.0
    Checking time-core v0.1.8
    Checking want v0.3.1
    Checking log v0.4.29
    Checking http-body-util v0.1.3
    Checking num-integer v0.1.46
    Checking base64-simd v0.8.0
    Checking bytes-utils v0.1.4
    Checking base64 v0.21.7
   Compiling zmij v1.0.21
   Compiling dunce v1.0.5
   Compiling fs_extra v1.3.0
    Checking form_urlencoded v1.2.2
   Compiling getrandom v0.3.4
   Compiling rustls v0.21.12
    Checking socket2 v0.5.10
   Compiling aws-lc-sys v0.37.1
    Checking cpufeatures v0.2.17
    Checking openssl-probe v0.1.6
    Checking writeable v0.6.2
    Checking httpdate v1.0.3
    Checking litemap v0.8.1
    Checking time v0.3.47
    Checking rustls-pemfile v1.0.4
   Compiling thiserror v1.0.69
   Compiling icu_normalizer_data v2.1.1
   Compiling icu_properties_data v2.1.2
   Compiling rustversion v1.0.22
   Compiling aws-lc-rs v1.15.4
    Checking rustls-native-certs v0.6.3
    Checking const-oid v0.9.6
    Checking tower-layer v0.3.3
    Checking webpki-roots v0.25.4
    Checking base64 v0.22.1
   Compiling serde_json v1.0.149
    Checking bitflags v2.11.0
    Checking der v0.6.1
    Checking rustls-pki-types v1.14.0
    Checking crypto-common v0.1.7
    Checking block-buffer v0.10.4
   Compiling pkg-config v0.3.32
   Compiling crc32fast v1.5.0
    Checking digest v0.10.7
    Checking base64ct v1.8.3
   Compiling getrandom v0.4.1
    Checking spki v0.6.0
    Checking atomic-waker v1.1.2
   Compiling rustls v0.23.36
    Checking pkcs8 v0.9.0
    Checking crypto-bigint v0.4.9
    Checking ff v0.12.1
    Checking rustls-webpki v0.101.7
    Checking sct v0.7.1
    Checking ipnet v2.11.0
   Compiling vcpkg v0.2.15
    Checking base16ct v0.1.1
   Compiling synstructure v0.13.2
    Checking utf8_iter v1.0.4
    Checking sec1 v0.3.0
    Checking group v0.12.1
    Checking hmac v0.12.1
    Checking rand_core v0.9.5
   Compiling semver v1.0.27
    Checking fastrand v2.3.0
    Checking openssl-probe v0.2.1
   Compiling ucd-trie v0.1.7
    Checking rustls-native-certs v0.8.3
    Checking rfc6979 v0.3.1
   Compiling rustc_version v0.4.1
    Checking elliptic-curve v0.12.3
    Checking sha2 v0.10.9
   Compiling pest v2.8.6
    Checking signature v1.6.4
   Compiling tokio-macros v2.6.0
   Compiling futures-macro v0.3.32
   Compiling tracing-attributes v0.1.31
   Compiling serde_derive v1.0.228
    Checking tokio v1.49.0
   Compiling zerofrom-derive v0.1.6
    Checking futures-util v0.3.32
   Compiling yoke-derive v0.8.1
    Checking tracing v0.1.44
   Compiling zerovec-derive v0.11.2
   Compiling displaydoc v0.2.5
    Checking zerofrom v0.1.6
    Checking ppv-lite86 v0.2.21
    Checking yoke v0.8.1
   Compiling thiserror-impl v1.0.69
    Checking zerotrie v0.2.3
    Checking rand_chacha v0.9.0
    Checking zerovec v0.11.5
   Compiling rustix v1.1.3
    Checking rand v0.9.2
   Compiling pest_meta v2.8.6
    Checking tinystr v0.8.2
    Checking potential_utf v0.1.4
    Checking icu_locale_core v2.1.1
    Checking icu_collections v2.1.1
    Checking ecdsa v0.14.8
   Compiling aws-types v1.3.13
    Checking tower v0.5.3
    Checking aho-corasick v1.1.4
    Checking linux-raw-sys v0.11.0
    Checking icu_provider v2.1.1
    Checking hex v0.4.3
    Checking icu_normalizer v2.1.1
    Checking icu_properties v2.1.2
   Compiling pest_generator v2.8.6
    Checking p256 v0.11.1
    Checking rand_chacha v0.3.1
   Compiling libz-sys v1.1.23
    Checking sha1 v0.10.6
    Checking ordered-float v2.10.1
    Checking crypto-bigint v0.5.5
    Checking regex-syntax v0.8.9
    Checking iana-time-zone v0.1.65
   Compiling syn v1.0.109
    Checking chrono v0.4.43
    Checking serde-value v0.7.0
   Compiling pest_derive v2.8.6
    Checking idna_adapter v1.2.1
    Checking idna v1.1.0
    Checking url v2.5.8
    Checking tokio-util v0.7.18
    Checking aws-smithy-async v1.2.13
    Checking tokio-rustls v0.24.1
    Checking rand v0.8.5
    Checking uuid v1.21.0
   Compiling serde_derive_internals v0.29.1
   Compiling ahash v0.7.8
   Compiling schemars v0.8.22
    Checking aws-smithy-types v1.4.5
    Checking h2 v0.3.27
    Checking h2 v0.4.13
    Checking regex-automata v0.4.14
   Compiling winnow v0.7.14
   Compiling k8s-openapi v0.20.0
    Checking aws-smithy-runtime-api v1.11.5
    Checking aws-smithy-eventstream v0.60.19
    Checking aws-smithy-json v0.62.4
   Compiling schemars_derive v0.8.22
    Checking aws-smithy-http v0.63.5
    Checking aws-credential-types v1.2.13
    Checking aws-smithy-observability v0.2.5
    Checking futures-executor v0.3.32
   Compiling pin-project-internal v1.1.10
    Checking aws-sigv4 v1.4.1
   Compiling async-trait v0.1.89
   Compiling openssl-src v300.5.5+3.5.5
   Compiling ahash v0.8.12
    Checking utf-8 v0.7.6
   Compiling strsim v0.11.1
    Checking regex-lite v0.1.9
    Checking unsafe-libyaml v0.2.11
    Checking byteorder v1.5.0
   Compiling toml_parser v1.0.9+spec-1.1.0
    Checking mime v0.3.17
   Compiling ident_case v1.0.1
    Checking hyper v0.14.32
    Checking data-encoding v2.10.0
    Checking dyn-clone v1.0.20
   Compiling toml_datetime v0.7.5+spec-1.1.0
    Checking hyper v1.8.1
   Compiling signal-hook v0.3.18
    Checking tungstenite v0.20.1
    Checking serde_yaml v0.9.34+deprecated
   Compiling toml_edit v0.23.10+spec-1.0.0
   Compiling darling_core v0.20.11
    Checking pin-project v1.1.10
   Compiling openssl-sys v0.9.111
    Checking futures v0.3.32
    Checking regex v1.12.3
    Checking hyper-util v0.1.20
    Checking tokio-io-timeout v1.2.1
    Checking json-patch v1.4.0
    Checking crc-catalog v2.4.0
    Checking unicode-width v0.2.2
    Checking bitflags v1.3.2
    Checking utf8parse v0.2.2
    Checking http-range-header v0.3.1
    Checking xmlparser v0.13.6
    Checking console v0.15.11
    Checking tower-http v0.4.4
    Checking aws-smithy-xml v0.60.14
    Checking anstyle-parse v0.2.7
    Checking crc v3.3.0
    Checking jsonpath-rust v0.3.5
    Checking hashbrown v0.12.3
   Compiling proc-macro-crate v3.4.0
    Checking tower v0.4.13
    Checking tokio-tungstenite v0.20.1
   Compiling darling_macro v0.20.11
    Checking secrecy v0.8.0
    Checking pem v3.0.6
    Checking mio v0.8.11
    Checking instant v0.1.13
    Checking spin v0.10.0
   Compiling portable-atomic v1.13.1
    Checking is_terminal_polyfill v1.70.2
    Checking dlv-list v0.3.0
    Checking anstyle-query v1.1.5
   Compiling anyhow v1.0.101
    Checking home v0.5.12
   Compiling unicode-xid v0.2.6
    Checking anstyle v1.0.13
    Checking colorchoice v1.0.4
    Checking urlencoding v2.1.3
   Compiling thiserror v2.0.18
    Checking destructure_traitobject v0.2.0
   Compiling heck v0.4.1
    Checking unsafe-any-ors v1.0.0
    Checking anstream v0.6.21
    Checking aws-smithy-query v0.60.14
   Compiling derive_more-impl v2.1.1
    Checking hyper-rustls v0.24.2
    Checking hyper-timeout v0.4.1
    Checking ordered-multimap v0.4.3
    Checking signal-hook-mio v0.2.5
    Checking crc-fast v1.9.0
    Checking backoff v0.4.0
   Compiling darling v0.20.11
    Checking hashbrown v0.14.5
   Compiling num_enum_derive v0.7.5
   Compiling derivative v2.2.0
    Checking tempfile v3.25.0
    Checking terminal_size v0.4.3
    Checking toml_datetime v0.6.11
   Compiling thiserror-impl v2.0.18
   Compiling rdkafka-sys v4.10.0+2.12.1
   Compiling libgit2-sys v0.16.2+1.7.2
    Checking md-5 v0.10.6
   Compiling heck v0.5.0
    Checking clap_lex v1.0.0
   Compiling execute-command-tokens v0.1.9
    Checking linked-hash-map v0.5.6
   Compiling libm v0.2.16
    Checking base64 v0.13.1
    Checking shell-words v1.1.1
    Checking minimal-lexical v0.2.1
    Checking ron v0.7.1
    Checking yaml-rust v0.4.5
    Checking nom v7.1.3
    Checking clap_builder v4.5.59
    Checking aws-smithy-checksums v0.64.5
   Compiling execute-command-macro-impl v0.1.12
   Compiling clap_derive v4.5.55
   Compiling kube-derive v0.87.2
    Checking derive_more v2.1.1
    Checking num_enum v0.7.5
    Checking rust-ini v0.18.0
    Checking typemap-ors v1.0.0
    Checking async-socks5 v0.5.1
    Checking json5 v0.4.1
    Checking tokio-socks v0.5.2
    Checking toml v0.5.11
    Checking serde_spanned v0.6.9
    Checking serde_urlencoded v0.7.1
    Checking arc-swap v1.8.2
    Checking lru v0.16.3
    Checking dirs-sys v0.3.7
    Checking thread-id v5.1.0
   Compiling substring v1.4.5
    Checking bstr v1.12.1
    Checking encoding_rs v0.8.35
    Checking toml_write v0.1.2
    Checking mock_instant v0.6.0
    Checking sync_wrapper v0.1.2
    Checking unicode-segmentation v1.12.0
    Checking lazy_static v1.5.0
    Checking number_prefix v0.4.0
    Checking log-mdc v0.1.0
    Checking humantime v2.3.0
    Checking pathdiff v0.2.3
    Checking numtoa v0.1.0
    Checking config v0.13.4
    Checking termion v2.0.3
    Checking log4rs v1.4.0
    Checking reqwest v0.11.27
    Checking globset v0.4.18
    Checking indicatif v0.17.11
    Checking directories v4.0.1
    Checking hyper-socks2 v0.8.0
    Checking clap v4.5.59
    Checking execute-command-macro v0.1.11
    Checking dialoguer v0.10.4
    Checking crossterm v0.26.1
    Checking kube-core v0.87.2
   Compiling strum_macros v0.25.3
   Compiling strum_macros v0.24.3
    Checking toml_edit v0.22.27
    Checking tokio-stream v0.1.18
    Checking kube-client v0.87.2
    Checking generic-array v1.3.5
    Checking itertools v0.12.1
    Checking combine v4.6.7
    Checking winnow v0.5.40
    Checking strum v0.25.0
    Checking unicode-width v0.1.14
    Checking strum v0.24.1
    Checking toml v0.8.23
    Checking comfy-table v6.2.0
    Checking execute v0.2.15
    Checking humansize v2.1.3
    Checking clap_complete v4.5.66
    Checking kube-runtime v0.87.2
    Checking dialoguer v0.11.0
error: failed to run custom build command for `rdkafka-sys v4.10.0+2.12.1`

Caused by:
  process didn't exit successfully: `/tmp/nix-shell.AaBijX/eth-cscs_manta_n3dzacd5/target/debug/build/rdkafka-sys-50627c4068395fb1/build-script-build` (exit status: 101)
  --- stdout
  Configuring and compiling librdkafka
  CMAKE_TOOLCHAIN_FILE_x86_64-unknown-linux-gnu = None
  CMAKE_TOOLCHAIN_FILE_x86_64_unknown_linux_gnu = None
  HOST_CMAKE_TOOLCHAIN_FILE = None
  CMAKE_TOOLCHAIN_FILE = None
  CMAKE_GENERATOR_x86_64-unknown-linux-gnu = None
  CMAKE_GENERATOR_x86_64_unknown_linux_gnu = None
  HOST_CMAKE_GENERATOR = None
  CMAKE_GENERATOR = None
  CMAKE_PREFIX_PATH_x86_64-unknown-linux-gnu = None
  CMAKE_PREFIX_PATH_x86_64_unknown_linux_gnu = None
  HOST_CMAKE_PREFIX_PATH = None
  CMAKE_PREFIX_PATH = None
  CMAKE_x86_64-unknown-linux-gnu = None
  CMAKE_x86_64_unknown_linux_gnu = None
  HOST_CMAKE = None
  CMAKE = None
  -- The C compiler identification is GNU 14.3.0
  -- The CXX compiler identification is GNU 14.3.0
  -- Detecting C compiler ABI info
  -- Detecting C compiler ABI info - done
  -- Check for working C compiler: /nix/store/pbqah1qk4b5y14fqinr1h8zvhqy71v81-gcc-wrapper-14.3.0/bin/gcc - skipped
  -- Detecting C compile features
  -- Detecting C compile features - done
  -- Detecting CXX compiler ABI info
  -- Detecting CXX compiler ABI info - done
  -- Check for working CXX compiler: /nix/store/pbqah1qk4b5y14fqinr1h8zvhqy71v81-gcc-wrapper-14.3.0/bin/g++ - skipped
  -- Detecting CXX compile features
  -- Detecting CXX compile features - done
  -- Looking for pow in m
  -- Looking for pow in m - found
  -- Found Zstd: /nix/store/and18rawgmwws8l2favbjr5wm31jnr4a-zstd-1.5.7/lib/libzstd.so
  -- Checking for module 'libsasl2'
  --   Found libsasl2, version 2.1.28
  -- Found ZLIB: /nix/store/vx438ll7xvv9q5ns8mqpphsg2dxg9yi9-zlib-1.3.1/lib/libz.so (found version "1.3.1")
  -- Performing Test CMAKE_HAVE_LIBC_PTHREAD
  -- Performing Test CMAKE_HAVE_LIBC_PTHREAD - Success
  -- Found Threads: TRUE
  -- Configuring done (10.3s)
  -- Generating done (0.1s)
  -- Build files have been written to: /tmp/nix-shell.AaBijX/eth-cscs_manta_n3dzacd5/target/debug/build/rdkafka-sys-629bebcac8e9b055/out/build
  [  1%] Building C object src/CMakeFiles/rdkafka.dir/crc32c.c.o
  [  2%] Building C object src/CMakeFiles/rdkafka.dir/rdaddr.c.o
  [  3%] Building C object src/CMakeFiles/rdkafka.dir/rdavl.c.o
  [  4%] Building C object src/CMakeFiles/rdkafka.dir/rdbuf.c.o
  [  5%] Building C object src/CMakeFiles/rdkafka.dir/rdcrc32.c.o
  [  6%] Building C object src/CMakeFiles/rdkafka.dir/rdfnv1a.c.o
  [  7%] Building C object src/CMakeFiles/rdkafka.dir/rdbase64.c.o
  [  8%] Building C object src/CMakeFiles/rdkafka.dir/rdkafka.c.o
  [  9%] Building C object src/CMakeFiles/rdkafka.dir/rdkafka_assignor.c.o
  [ 10%] Building C object src/CMakeFiles/rdkafka.dir/rdkafka_broker.c.o
  [ 11%] Building C object src/CMakeFiles/rdkafka.dir/rdkafka_buf.c.o
  [ 12%] Building C object src/CMakeFiles/rdkafka.dir/rdkafka_cgrp.c.o
  [ 13%] Building C object src/CMakeFiles/rdkafka.dir/rdkafka_conf.c.o

  --- stderr
  Building and linking librdkafka statically
  running: cd "/tmp/nix-shell.AaBijX/eth-cscs_manta_n3dzacd5/target/debug/build/rdkafka-sys-629bebcac8e9b055/out/build" && CMAKE_PREFIX_PATH="" LC_ALL="C" "cmake" "/home/adwin/.cargo/registry/src/mirrors.tuna.tsinghua.edu.cn-4dc01642fd091eda/rdkafka-sys-4.10.0+2.12.1/librdkafka" "-B" "/tmp/nix-shell.AaBijX/eth-cscs_manta_n3dzacd5/target/debug/build/rdkafka-sys-629bebcac8e9b055/out/build" "-DRDKAFKA_BUILD_STATIC=1" "-DRDKAFKA_BUILD_TESTS=0" "-DRDKAFKA_BUILD_EXAMPLES=0" "-DCMAKE_INSTALL_LIBDIR=lib" "-DCMAKE_POLICY_VERSION_MINIMUM=3.5" "-DWITH_ZLIB=1" "-DWITH_CURL=0" "-DWITH_SSL=0" "-DWITH_SASL=0" "-DWITH_ZSTD=0" "-DENABLE_LZ4_EXT=0" "-DCMAKE_INSTALL_PREFIX=/tmp/nix-shell.AaBijX/eth-cscs_manta_n3dzacd5/target/debug/build/rdkafka-sys-629bebcac8e9b055/out" "-DCMAKE_C_FLAGS= -ffunction-sections -fdata-sections -fPIC -m64 -w" "-DCMAKE_C_COMPILER=/nix/store/pbqah1qk4b5y14fqinr1h8zvhqy71v81-gcc-wrapper-14.3.0/bin/gcc" "-DCMAKE_CXX_FLAGS= -ffunction-sections -fdata-sections -fPIC -m64 -w" "-DCMAKE_CXX_COMPILER=/nix/store/pbqah1qk4b5y14fqinr1h8zvhqy71v81-gcc-wrapper-14.3.0/bin/g++" "-DCMAKE_ASM_FLAGS= -ffunction-sections -fdata-sections -fPIC -m64 -w" "-DCMAKE_ASM_COMPILER=/nix/store/pbqah1qk4b5y14fqinr1h8zvhqy71v81-gcc-wrapper-14.3.0/bin/gcc" "-DCMAKE_BUILD_TYPE=Debug"
  CMake Deprecation Warning at CMakeLists.txt:1 (cmake_minimum_required):
    Compatibility with CMake < 3.10 will be removed from a future version of
    CMake.

    Update the VERSION argument <min> value.  Or, use the <min>...<max> syntax
    to tell CMake that the project requires at least <min> but has been updated
    to work with policies introduced by <max> or earlier.


  CMake Warning:
    Manually-specified variables were not used by the project:

      CMAKE_ASM_COMPILER
      CMAKE_ASM_FLAGS
      CMAKE_POLICY_VERSION_MINIMUM


  running: cd "/tmp/nix-shell.AaBijX/eth-cscs_manta_n3dzacd5/target/debug/build/rdkafka-sys-629bebcac8e9b055/out/build" && LC_ALL="C" MAKEFLAGS="-j --jobserver-fds=10,11 --jobserver-auth=10,11" "cmake" "--build" "/tmp/nix-shell.AaBijX/eth-cscs_manta_n3dzacd5/target/debug/build/rdkafka-sys-629bebcac8e9b055/out/build" "--target" "install" "--config" "Debug"
  /home/adwin/.cargo/registry/src/mirrors.tuna.tsinghua.edu.cn-4dc01642fd091eda/rdkafka-sys-4.10.0+2.12.1/librdkafka/src/rdkafka_conf.c:60:10: fatal error: curl/curl.h: No such file or directory
     60 | #include <curl/curl.h>
        |          ^~~~~~~~~~~~~
  compilation terminated.
  make[2]: *** [src/CMakeFiles/rdkafka.dir/build.make:247: src/CMakeFiles/rdkafka.dir/rdkafka_conf.c.o] Error 1
  make[1]: *** [CMakeFiles/Makefile2:129: src/CMakeFiles/rdkafka.dir/all] Error 2
  make: *** [Makefile:136: all] Error 2

  thread 'main' (1046940) panicked at /home/adwin/.cargo/registry/src/mirrors.tuna.tsinghua.edu.cn-4dc01642fd091eda/cmake-0.1.57/src/lib.rs:1132:5:

  command did not execute successfully, got: exit status: 2

  build script failed, must exit now
  note: run with `RUST_BACKTRACE=1` environment variable to display a backtrace
warning: build failed, waiting for other jobs to finish...
