Running as unit: run-p41953-i4235699.scope; invocation ID: 2f88d73c9e0c4a318b8fdbd27fd0f2ae
   Compiling proc-macro2 v1.0.103
   Compiling quote v1.0.42
   Compiling unicode-ident v1.0.22
   Compiling winnow v0.7.14
   Compiling libc v0.2.178
   Compiling toml_datetime v0.7.5+spec-1.1.0
    Checking pin-project-lite v0.2.16
   Compiling serde_core v1.0.228
   Compiling hashbrown v0.16.1
   Compiling heck v0.5.0
   Compiling equivalent v1.0.2
   Compiling serde v1.0.228
   Compiling pkg-config v0.3.32
   Compiling indexmap v2.12.1
   Compiling syn v2.0.111
   Compiling target-lexicon v0.13.3
   Compiling cfg-if v1.0.4
    Checking futures-core v0.3.31
   Compiling smallvec v1.15.1
   Compiling serde_spanned v1.0.4
   Compiling cfg-expr v0.20.5
   Compiling toml_parser v1.0.6+spec-1.1.0
   Compiling version-compare v0.2.1
    Checking bitflags v2.10.0
    Checking memchr v2.7.6
   Compiling cfg_aliases v0.2.1
   Compiling toml_edit v0.23.10+spec-1.0.0
   Compiling toml v0.9.10+spec-1.1.0
   Compiling crunchy v0.2.4
   Compiling system-deps v7.0.7
   Compiling glob v0.3.3
   Compiling proc-macro-crate v3.4.0
   Compiling clang-sys v1.8.1
   Compiling prettyplease v0.2.37
   Compiling crossbeam-utils v0.8.21
   Compiling tiny-keccak v2.0.2
   Compiling minimal-lexical v0.2.1
   Compiling regex-syntax v0.8.8
   Compiling nom v7.1.3
   Compiling glib-sys v0.21.5
   Compiling getrandom v0.2.16
   Compiling libloading v0.8.9
    Checking socket2 v0.6.1
    Checking mio v1.1.1
   Compiling regex-automata v0.4.13
    Checking signal-hook-registry v1.4.7
    Checking once_cell v1.21.3
    Checking bytes v1.11.0
    Checking parking v2.2.1
   Compiling autocfg v1.5.0
   Compiling bindgen v0.72.1
   Compiling either v1.15.0
   Compiling itertools v0.13.0
   Compiling memoffset v0.9.1
   Compiling const-random-macro v0.1.16
   Compiling cexpr v0.6.0
   Compiling regex v1.12.2
   Compiling serde_derive v1.0.228
   Compiling enumflags2_derive v0.7.12
   Compiling tokio-macros v2.6.0
    Checking concurrent-queue v2.5.0
   Compiling gobject-sys v0.21.5
    Checking endi v1.1.1
    Checking tokio v1.48.0
   Compiling shlex v1.3.0
   Compiling rustc-hash v2.1.1
   Compiling log v0.4.29
    Checking event-listener v5.4.1
   Compiling tracing-attributes v0.1.31
   Compiling futures-macro v0.3.31
    Checking const-random v0.1.18
    Checking tracing-core v0.1.36
   Compiling gio-sys v0.21.5
    Checking aho-corasick v1.1.4
   Compiling nix v0.30.1
   Compiling nix v0.29.0
    Checking futures-task v0.3.31
    Checking futures-io v0.3.31
    Checking pin-utils v0.1.0
    Checking static_assertions v1.1.0
    Checking slab v0.4.11
    Checking fastrand v2.3.0
    Checking enumflags2 v0.7.12
   Compiling zvariant_utils v3.2.1
   Compiling zvariant_derive v5.8.0
    Checking futures-util v0.3.31
    Checking tracing v0.1.44
    Checking zvariant v5.8.0
    Checking dlv-list v0.5.2
    Checking event-listener-strategy v0.5.4
   Compiling async-trait v0.1.89
   Compiling libudev-sys v0.1.4
    Checking hashbrown v0.14.5
   Compiling rustix v1.1.2
   Compiling rustversion v1.0.22
   Compiling io-lifetimes v1.0.11
   Compiling getrandom v0.3.4
    Checking lazy_static v1.5.0
    Checking ordered-multimap v0.7.3
    Checking futures-executor v0.3.31
    Checking async-broadcast v0.7.2
    Checking zbus_names v4.2.0
    Checking futures-lite v2.6.1
   Compiling serde_repr v0.1.20
   Compiling glib-macros v0.21.5
    Checking uuid v1.19.0
   Compiling zbus_macros v5.12.0
    Checking ordered-stream v0.2.0
    Checking futures-channel v0.3.31
    Checking linux-raw-sys v0.11.0
   Compiling speech-dispatcher-sys v0.7.0
    Checking anstyle v1.0.13
    Checking toml_writer v1.0.6+spec-1.1.0
    Checking clap_lex v0.7.6
    Checking hex v0.4.3
   Compiling serde_json v1.0.146
   Compiling anyhow v1.0.100
    Checking clap_builder v4.5.53
error: failed to run custom build command for `speech-dispatcher-sys v0.7.0`

Caused by:
  process didn't exit successfully: `/tmp/nix-shell.AaBijX/evlaV_steamos-manager_u7dly2_2/target/debug/build/speech-dispatcher-sys-feed104d0a8809f9/build-script-build` (exit status: 101)
  --- stdout
  cargo:rustc-link-lib=speechd

  --- stderr
  wrapper.h:1:10: fatal error: 'speech-dispatcher/libspeechd.h' file not found

  thread 'main' (44526) panicked at /home/adwin/.cargo/registry/src/mirrors.tuna.tsinghua.edu.cn-4dc01642fd091eda/speech-dispatcher-sys-0.7.0/build.rs:22:10:
  called `Result::unwrap()` on an `Err` value: ClangDiagnostic("wrapper.h:1:10: fatal error: 'speech-dispatcher/libspeechd.h' file not found\n")
  note: run with `RUST_BACKTRACE=1` environment variable to display a backtrace
warning: build failed, waiting for other jobs to finish...
