Running as unit: run-p1942169-i14522277.scope; invocation ID: 8e9b3674045d4f6d92f52d101d60db90
   Compiling proc-macro2 v1.0.95
   Compiling unicode-ident v1.0.18
   Compiling libc v0.2.174
    Checking cfg-if v1.0.1
   Compiling serde_core v1.0.226
   Compiling serde v1.0.226
   Compiling version_check v0.9.5
    Checking pin-project-lite v0.2.16
   Compiling autocfg v1.5.0
    Checking once_cell v1.21.3
    Checking futures-core v0.3.31
    Checking memchr v2.7.5
   Compiling typenum v1.18.0
   Compiling quote v1.0.40
   Compiling generic-array v0.14.7
   Compiling syn v2.0.103
    Checking futures-io v0.3.31
    Checking itoa v1.0.15
   Compiling jobserver v0.1.33
    Checking log v0.4.27
   Compiling shlex v1.3.0
   Compiling crossbeam-utils v0.8.21
   Compiling cc v1.2.27
   Compiling lock_api v0.4.13
    Checking smallvec v1.15.1
    Checking scopeguard v1.2.0
    Checking tracing-core v0.1.34
    Checking slab v0.4.11
   Compiling zerocopy v0.8.26
    Checking subtle v2.6.1
    Checking stable_deref_trait v1.2.0
   Compiling thiserror v2.0.12
    Checking zeroize v1.8.1
   Compiling getrandom v0.3.3
    Checking crypto-common v0.1.6
    Checking parking v2.2.1
    Checking block-buffer v0.10.4
    Checking concurrent-queue v2.5.0
    Checking foldhash v0.1.5
    Checking digest v0.10.7
    Checking fastrand v2.3.0
    Checking hashbrown v0.15.4
    Checking event-listener v5.4.0
   Compiling num-traits v0.2.19
    Checking bytes v1.10.1
   Compiling crunchy v0.2.3
    Checking event-listener-strategy v0.5.4
    Checking block-padding v0.3.3
   Compiling cmake v0.1.54
   Compiling rustix v1.0.7
    Checking writeable v0.6.1
    Checking litemap v0.8.0
   Compiling fs_extra v1.3.0
    Checking untrusted v0.9.0
   Compiling dunce v1.0.5
   Compiling parking_lot_core v0.9.11
   Compiling tiny-keccak v2.0.2
    Checking inout v0.1.4
   Compiling aws-lc-sys v0.29.0
    Checking futures-lite v2.6.0
    Checking rand_core v0.9.3
    Checking ppv-lite86 v0.2.21
   Compiling time-core v0.1.4
    Checking linux-raw-sys v0.9.4
    Checking equivalent v1.0.2
   Compiling icu_normalizer_data v2.0.0
    Checking powerfmt v0.2.0
   Compiling num-conv v0.1.0
   Compiling icu_properties_data v2.0.1
   Compiling getrandom v0.2.16
   Compiling time-macros v0.2.22
    Checking deranged v0.4.0
    Checking indexmap v2.11.4
    Checking cipher v0.4.4
    Checking cpufeatures v0.2.17
   Compiling serde_json v1.0.145
    Checking percent-encoding v2.3.1
    Checking base64ct v1.8.0
    Checking ryu v1.0.20
    Checking pem-rfc7468 v0.7.0
   Compiling const-random-macro v0.1.16
    Checking form_urlencoded v1.2.1
    Checking parking_lot v0.12.4
    Checking rand_chacha v0.9.0
    Checking async-lock v3.4.0
    Checking minimal-lexical v0.2.1
    Checking time v0.3.41
   Compiling synstructure v0.13.2
   Compiling aws-lc-rs v1.13.1
    Checking flagset v0.4.7
    Checking const-oid v0.9.6
    Checking nom v7.1.3
    Checking rand v0.9.1
    Checking rustls-pki-types v1.12.0
    Checking socket2 v0.6.0
    Checking signal-hook-registry v1.4.5
    Checking mio v1.0.4
    Checking futures-sink v0.3.31
    Checking hmac v0.12.1
   Compiling serde_derive v1.0.226
   Compiling displaydoc v0.2.5
   Compiling zerofrom-derive v0.1.6
   Compiling tracing-attributes v0.1.30
   Compiling yoke-derive v0.8.0
   Compiling thiserror-impl v2.0.12
    Checking tracing v0.1.41
   Compiling zerovec-derive v0.11.1
    Checking zerofrom v0.1.6
   Compiling async-trait v0.1.89
    Checking yoke v0.8.0
    Checking zerotrie v0.2.2
   Compiling der_derive v0.7.3
   Compiling tokio-macros v2.5.0
    Checking executor-trait v2.1.2
    Checking rusticata-macros v4.1.0
    Checking tokio v1.47.1
    Checking zerovec v0.11.2
   Compiling asn1-rs-impl v0.2.0
    Checking der v0.7.10
   Compiling asn1-rs-derive v0.6.0
    Checking spki v0.7.3
    Checking tinystr v0.8.1
    Checking potential_utf v0.1.2
    Checking icu_collections v2.0.0
    Checking icu_locale_core v2.0.0
    Checking bitflags v2.9.1
   Compiling futures-macro v0.3.31
    Checking pin-utils v0.1.0
    Checking utf8_iter v1.0.4
    Checking futures-task v0.3.31
    Checking lazy_static v1.5.0
    Checking data-encoding v2.9.0
    Checking icu_provider v2.0.0
    Checking icu_properties v2.0.1
    Checking icu_normalizer v2.0.0
   Compiling thiserror v1.0.69
    Checking base64 v0.22.1
    Checking futures-util v0.3.31
    Checking asn1-rs v0.7.1
    Checking idna_adapter v1.2.1
    Checking idna v1.0.3
   Compiling thiserror-impl v1.0.69
    Checking sha2 v0.10.9
    Checking num-integer v0.1.46
    Checking spin v0.9.8
   Compiling semver v1.0.26
   Compiling oid-registry v0.8.1
    Checking polling v3.8.0
   Compiling rustls v0.23.28
    Checking flume v0.11.1
    Checking num-bigint v0.4.6
    Checking url v2.5.4
    Checking async-io v2.4.1
    Checking x509-cert v0.2.5
    Checking pbkdf2 v0.12.2
    Checking salsa20 v0.10.2
   Compiling ring v0.17.14
   Compiling ahash v0.8.12
    Checking hex v0.4.3
    Checking reactor-trait v3.1.1
    Checking scrypt v0.11.0
    Checking cbc v0.1.2
    Checking aes v0.8.4
    Checking futures-channel v0.3.31
    Checking cms v0.2.3
    Checking der-parser v10.0.0
    Checking atomic-waker v1.1.2
    Checking async-task v4.7.1
    Checking openssl-probe v0.1.6
    Checking fnv v1.0.7
    Checking rustls-native-certs v0.8.1
    Checking pkcs5 v0.7.1
    Checking piper v0.2.4
   Compiling macro_magic_core_macros v0.5.1
    Checking pkcs12 v0.1.0
   Compiling derive-syn-parse v0.2.0
   Compiling const-random v0.1.18
    Checking rc2 v0.8.1
    Checking x509-parser v0.17.0
    Checking des v0.8.1
    Checking sha1 v0.10.6
    Checking async-channel v2.3.1
    Checking nom v8.0.0
   Compiling heck v0.5.0
    Checking cookie-factory v0.3.3
    Checking tinyvec_macros v0.1.1
   Compiling strsim v0.11.1
   Compiling ident_case v1.0.1
   Compiling darling_core v0.20.11
    Checking tinyvec v1.9.0
    Checking p12-keystore v0.2.0
   Compiling macro_magic_core v0.5.1
    Checking blocking v1.6.1
    Checking async-executor v1.13.2
    Checking reactor-trait v2.8.0
    Checking rustls-pemfile v2.2.0
    Checking rand_core v0.6.4
   Compiling radium v0.7.0
    Checking rand_chacha v0.3.1
   Compiling rustc_version v0.4.1
    Checking async-global-executor v3.1.0
   Compiling macro_magic_macros v0.5.1
    Checking http v1.3.1
   Compiling amq-protocol v8.3.1
    Checking base64 v0.21.7
    Checking tap v1.0.1
   Compiling rustls v0.21.12
   Compiling syn v1.0.109
    Checking wyz v0.5.1
   Compiling rustc_version_runtime v0.3.0
   Compiling darling_macro v0.20.11
    Checking async-global-executor-trait v2.2.0
    Checking rand v0.8.5
   Compiling darling v0.20.11
   Compiling enum-as-inner v0.6.1
    Checking executor-trait v3.1.0
    Checking linked-hash-map v0.5.6
    Checking funty v2.0.0
   Compiling lapin v3.6.0
    Checking ipnet v2.11.0
    Checking lru-cache v0.1.2
    Checking async-global-executor-trait v3.1.0
    Checking hickory-proto v0.24.4
    Checking bitvec v1.0.1
   Compiling serde_with_macros v3.13.0
    Checking rustls-webpki v0.101.7
    Checking sct v0.7.1
    Checking http-body v1.0.1
   Compiling macro_magic v0.5.1
    Checking unicode-normalization v0.1.24
    Checking async-reactor-trait v3.1.1
    Checking uuid v1.17.0
    Checking serde_bytes v0.11.17
    Checking backon v1.5.2
   Compiling httparse v1.10.1
    Checking iana-time-zone v0.1.63
    Checking tower-service v0.3.3
   Compiling convert_case v0.4.0
    Checking unicode-properties v0.1.3
   Compiling ucd-trie v0.1.7
    Checking unicode-bidi v0.3.18
    Checking resolv-conf v0.7.4
    Checking hickory-resolver v0.24.4
    Checking stringprep v0.1.5
   Compiling derive_more v0.99.20
   Compiling pest v2.8.1
    Checking chrono v0.4.41
    Checking bson v2.15.0
    Checking tokio-rustls v0.24.1
   Compiling mongodb-internal-macros v3.2.3
    Checking serde_with v3.13.0
    Checking rustls-pemfile v1.0.4
    Checking futures-executor v0.3.31
    Checking tokio-util v0.7.15
   Compiling derive-where v1.5.0
    Checking sha-1 v0.10.1
    Checking md-5 v0.10.6
   Compiling typed-builder v0.10.0
    Checking pbkdf2 v0.11.0
    Checking socket2 v0.5.10
   Compiling rustversion v1.0.21
    Checking webpki-roots v0.25.4
    Checking tower-layer v0.3.3
    Checking base64 v0.13.1
    Checking take_mut v0.2.2
    Checking bitflags v1.3.2
   Compiling typeid v1.0.3
   Compiling pest_meta v2.8.1
    Checking raw-cpuid v11.5.0
   Compiling protobuf v3.7.2
    Checking mongodb v3.2.3
    Checking httpdate v1.0.3
    Checking utf8parse v0.2.2
    Checking sync_wrapper v1.0.2
    Checking anstyle-parse v0.2.7
    Checking hyper v1.6.0
   Compiling pest_generator v2.8.1
    Checking quanta v0.12.6
    Checking dlv-list v0.5.2
    Checking http-body-util v0.1.3
    Checking metrics v0.24.2
    Checking protobuf-support v3.7.2
    Checking rand_xoshiro v0.7.0
    Checking crossbeam-epoch v0.9.18
    Checking mime v0.3.17
    Checking hashbrown v0.14.5
    Checking anstyle-query v1.1.3
    Checking winnow v0.7.13
    Checking colorchoice v1.0.4
    Checking regex-syntax v0.8.5
    Checking anstyle v1.0.11
    Checking sketches-ddsketch v0.3.0
    Checking is_terminal_polyfill v1.70.1
   Compiling prometheus v0.14.0
    Checking regex-automata v0.4.9
    Checking amq-protocol-types v8.3.1
    Checking anstream v0.6.19
    Checking amq-protocol-uri v8.3.1
    Checking toml_parser v1.0.3
    Checking metrics-util v0.19.1
    Checking ordered-multimap v0.7.3
    Checking axum-core v0.5.2
   Compiling pest_derive v2.8.1
    Checking erased-serde v0.4.6
    Checking hyper-util v0.1.14
    Checking tower v0.5.2
    Checking serde_path_to_error v0.1.17
    Checking serde_urlencoded v0.7.1
    Checking serde_spanned v1.0.0
   Compiling pin-project-internal v1.1.10
    Checking hashlink v0.10.0
    Checking toml_datetime v0.7.2
    Checking encoding_rs v0.8.35
    Checking unicode-segmentation v1.12.0
    Checking trim-in-place v0.1.7
    Checking arraydeque v0.5.1
    Checking clap_lex v0.7.5
   Compiling anyhow v1.0.98
    Checking matchit v0.8.4
    Checking clap_builder v4.5.47
    Checking yaml-rust2 v0.10.3
    Checking rust-ini v0.21.1
    Checking convert_case v0.6.0
    Checking pin-project v1.1.10
    Checking toml v0.9.5
    Checking serde-untagged v0.1.8
    Checking json5 v0.4.1
    Checking matchers v0.2.0
    Checking metrics-exporter-prometheus v0.16.2
    Checking tower-http v0.6.6
    Checking ron v0.8.1
   Compiling clap_derive v4.5.47
    Checking sharded-slab v0.1.7
    Checking axum v0.8.4
    Checking tracing-log v0.2.0
    Checking thread_local v1.1.9
    Checking nu-ansi-term v0.50.1
    Checking pathdiff v0.2.3
    Checking config v0.15.15
    Checking tracing-subscriber v0.3.20
    Checking clap v4.5.47
    Checking axum-prometheus v0.8.0
    Checking rustls-webpki v0.103.3
    Checking futures-rustls v0.26.0
    Checking rustls-connector v0.21.11
    Checking tcp-stream v0.30.9
    Checking amq-protocol-tcp v8.3.1
error[E0275]: overflow evaluating the requirement `Box<PromiseResolver<Consumer>>: CoerceUnsized<Box<dyn Cancelable + Send>>`
   --> /home/adwin/.cargo/registry/src/mirrors.tuna.tsinghua.edu.cn-4dc01642fd091eda/lapin-3.6.0/src/generated.rs:442:17
    |
442 |                 Box::new(resolver),
    |                 ^^^^^^^^^^^^^^^^^^
    |
    = help: consider increasing the recursion limit by adding a `#![recursion_limit = "256"]` attribute to your crate (`lapin`)
    = note: required for the cast from `Box<PromiseResolver<Consumer>>` to `Box<(dyn Cancelable + Send + 'static)>`

error[E0275]: overflow evaluating the requirement `Pin<Box<impl Future<Output = ()>>>: CoerceUnsized<Pin<Box<dyn Future<Output = ()> + Send>>>`
   --> /home/adwin/.cargo/registry/src/mirrors.tuna.tsinghua.edu.cn-4dc01642fd091eda/lapin-3.6.0/src/internal_rpc.rs:271:38
    |
271 |         self.handle().executor.spawn(Box::pin(self.run(channels)));
    |                                      ^^^^^^^^^^^^^^^^^^^^^^^^^^^^
    |
    = help: consider increasing the recursion limit by adding a `#![recursion_limit = "256"]` attribute to your crate (`lapin`)
    = note: required for the cast from `Pin<Box<impl Future<Output = ()>>>` to `Pin<Box<(dyn Future<Output = ()> + Send + 'static)>>`

error[E0275]: overflow evaluating the requirement `{async block@/home/adwin/.cargo/registry/src/mirrors.tuna.tsinghua.edu.cn-4dc01642fd091eda/lapin-3.6.0/src/channel.rs:1019:52: 1019:62}: Send`
    --> /home/adwin/.cargo/registry/src/mirrors.tuna.tsinghua.edu.cn-4dc01642fd091eda/lapin-3.6.0/src/channel.rs:1019:27
     |
1019 |         self.internal_rpc.register_internal_future(async move {
     |                           ^^^^^^^^^^^^^^^^^^^^^^^^
     |
     = help: consider increasing the recursion limit by adding a `#![recursion_limit = "256"]` attribute to your crate (`lapin`)
note: required by a bound in `InternalRPCHandle::register_internal_future`
    --> /home/adwin/.cargo/registry/src/mirrors.tuna.tsinghua.edu.cn-4dc01642fd091eda/lapin-3.6.0/src/internal_rpc.rs:176:47
     |
 174 |     pub(crate) fn register_internal_future(
     |                   ------------------------ required by a bound in this associated function
 175 |         &self,
 176 |         f: impl Future<Output = Result<()>> + Send + 'static,
     |                                               ^^^^ required by this bound in `InternalRPCHandle::register_internal_future`

error[E0275]: overflow evaluating the requirement `{async block@/home/adwin/.cargo/registry/src/mirrors.tuna.tsinghua.edu.cn-4dc01642fd091eda/lapin-3.6.0/src/internal_rpc.rs:354:53: 354:63}: Send`
   --> /home/adwin/.cargo/registry/src/mirrors.tuna.tsinghua.edu.cn-4dc01642fd091eda/lapin-3.6.0/src/internal_rpc.rs:354:28
    |
354 |                     handle.register_internal_future(async move {
    |                            ^^^^^^^^^^^^^^^^^^^^^^^^
    |
    = help: consider increasing the recursion limit by adding a `#![recursion_limit = "256"]` attribute to your crate (`lapin`)
note: required by a bound in `InternalRPCHandle::register_internal_future`
   --> /home/adwin/.cargo/registry/src/mirrors.tuna.tsinghua.edu.cn-4dc01642fd091eda/lapin-3.6.0/src/internal_rpc.rs:176:47
    |
174 |     pub(crate) fn register_internal_future(
    |                   ------------------------ required by a bound in this associated function
175 |         &self,
176 |         f: impl Future<Output = Result<()>> + Send + 'static,
    |                                               ^^^^ required by this bound in `InternalRPCHandle::register_internal_future`

error[E0275]: overflow evaluating the requirement `{async block@/home/adwin/.cargo/registry/src/mirrors.tuna.tsinghua.edu.cn-4dc01642fd091eda/lapin-3.6.0/src/internal_rpc.rs:393:53: 393:63}: Send`
   --> /home/adwin/.cargo/registry/src/mirrors.tuna.tsinghua.edu.cn-4dc01642fd091eda/lapin-3.6.0/src/internal_rpc.rs:393:28
    |
393 |                     handle.register_internal_future(async move { channels.start_recovery().await })
    |                            ^^^^^^^^^^^^^^^^^^^^^^^^
    |
    = help: consider increasing the recursion limit by adding a `#![recursion_limit = "256"]` attribute to your crate (`lapin`)
note: required by a bound in `InternalRPCHandle::register_internal_future`
   --> /home/adwin/.cargo/registry/src/mirrors.tuna.tsinghua.edu.cn-4dc01642fd091eda/lapin-3.6.0/src/internal_rpc.rs:176:47
    |
174 |     pub(crate) fn register_internal_future(
    |                   ------------------------ required by a bound in this associated function
175 |         &self,
176 |         f: impl Future<Output = Result<()>> + Send + 'static,
    |                                               ^^^^ required by this bound in `InternalRPCHandle::register_internal_future`

For more information about this error, try `rustc --explain E0275`.
error: could not compile `lapin` (lib) due to 5 previous errors
