Running as unit: run-p1951229-i14531337.scope; invocation ID: 27f8f65406184b9b9a37c553dc4c90ca
   Compiling proc-macro2 v1.0.103
   Compiling unicode-ident v1.0.13
   Compiling libc v0.2.178
   Compiling autocfg v1.4.0
    Checking cfg-if v1.0.0
    Checking log v0.4.22
    Checking pin-project-lite v0.2.14
    Checking scopeguard v1.2.0
    Checking memchr v2.7.4
   Compiling serde_core v1.0.228
   Compiling version_check v0.9.5
   Compiling lock_api v0.4.12
    Checking smallvec v1.13.2
   Compiling serde v1.0.228
   Compiling quote v1.0.37
    Checking futures-core v0.3.30
   Compiling syn v2.0.111
    Checking once_cell v1.20.2
    Checking itoa v1.0.11
   Compiling parking_lot_core v0.9.10
   Compiling shlex v1.3.0
    Checking bytes v1.11.0
    Checking futures-io v0.3.30
   Compiling jobserver v0.1.32
    Checking getrandom v0.2.15
    Checking parking_lot v0.12.3
    Checking signal-hook-registry v1.4.2
   Compiling cc v1.1.24
    Checking futures-sink v0.3.30
   Compiling slab v0.4.9
   Compiling typenum v1.17.0
    Checking stable_deref_trait v1.2.0
    Checking mio v1.0.2
    Checking socket2 v0.5.7
   Compiling generic-array v0.14.7
    Checking byteorder v1.5.0
    Checking tracing-core v0.1.32
    Checking equivalent v1.0.1
    Checking hashbrown v0.15.0
    Checking pin-utils v0.1.0
    Checking percent-encoding v2.3.2
    Checking futures-channel v0.3.30
    Checking futures-task v0.3.30
    Checking subtle v2.6.1
    Checking litemap v0.8.1
    Checking indexmap v2.6.0
   Compiling ring v0.17.8
    Checking writeable v0.6.2
   Compiling icu_properties_data v2.1.2
   Compiling icu_normalizer_data v2.1.1
    Checking spin v0.9.8
   Compiling num-traits v0.2.19
    Checking rand_core v0.6.4
    Checking untrusted v0.9.0
    Checking crypto-common v0.1.6
    Checking block-buffer v0.10.4
    Checking zeroize v1.8.1
   Compiling syn v1.0.109
    Checking digest v0.10.7
    Checking form_urlencoded v1.2.2
    Checking utf8_iter v1.0.4
   Compiling thiserror v1.0.64
    Checking fnv v1.0.7
    Checking http v0.2.12
    Checking ryu v1.0.18
    Checking bitflags v2.6.0
   Compiling pkg-config v0.3.31
   Compiling serde_json v1.0.145
    Checking cpufeatures v0.2.14
   Compiling httparse v1.9.5
   Compiling crossbeam-utils v0.8.20
    Checking aho-corasick v1.1.3
    Checking regex-syntax v0.8.5
    Checking httpdate v1.0.3
   Compiling synstructure v0.13.1
    Checking lazy_static v1.5.0
    Checking powerfmt v0.2.0
   Compiling time-core v0.1.2
   Compiling num-conv v0.1.0
   Compiling time-macros v0.2.18
    Checking sha1 v0.10.6
    Checking openssl-probe v0.1.5
   Compiling rustversion v1.0.17
    Checking regex-automata v0.4.8
    Checking mime v0.3.17
   Compiling vcpkg v0.2.15
   Compiling serde_derive v1.0.228
   Compiling zerocopy-derive v0.7.35
   Compiling displaydoc v0.2.5
   Compiling tokio-macros v2.4.0
   Compiling zerofrom-derive v0.1.6
   Compiling yoke-derive v0.8.1
    Checking tokio v1.40.0
   Compiling zerovec-derive v0.11.2
   Compiling tracing-attributes v0.1.27
    Checking zerofrom v0.1.6
    Checking yoke v0.8.1
   Compiling futures-macro v0.3.30
    Checking zerovec v0.11.5
    Checking zerotrie v0.2.3
    Checking futures-util v0.3.30
    Checking zerocopy v0.7.35
    Checking tracing v0.1.40
    Checking tinystr v0.8.2
    Checking icu_locale_core v2.1.1
    Checking potential_utf v0.1.4
    Checking ppv-lite86 v0.2.20
    Checking icu_collections v2.1.1
    Checking rand_chacha v0.3.1
    Checking icu_provider v2.1.1
   Compiling thiserror-impl v1.0.64
    Checking rand v0.8.5
   Compiling async-trait v0.1.83
    Checking icu_normalizer v2.1.1
    Checking icu_properties v2.1.2
    Checking deranged v0.3.11
    Checking tokio-util v0.7.12
    Checking regex v1.11.0
    Checking idna_adapter v1.2.1
   Compiling openssl-sys v0.9.103
    Checking idna v1.1.0
    Checking h2 v0.3.26
    Checking url v2.5.7
    Checking time v0.3.36
    Checking data-encoding v2.6.0
    Checking tower-service v0.3.3
    Checking http-body v0.4.6
    Checking rustls-pki-types v1.13.1
   Compiling unicase v2.7.0
   Compiling rustls v0.21.12
    Checking try-lock v0.2.5
    Checking want v0.3.1
    Checking rustls-webpki v0.101.7
    Checking sct v0.7.1
    Checking bitflags v1.3.2
   Compiling anyhow v1.0.89
    Checking encoding_rs v0.8.34
    Checking base64 v0.21.7
    Checking utf-8 v0.7.6
   Compiling openssl v0.10.66
    Checking foreign-types-shared v0.1.1
    Checking foreign-types v0.3.2
    Checking serde_urlencoded v0.7.1
   Compiling openssl-macros v0.1.1
    Checking block-padding v0.3.3
    Checking parking v2.2.1
   Compiling native-tls v0.2.12
    Checking inout v0.1.3
   Compiling mime_guess v2.0.5
    Checking futures-executor v0.3.30
    Checking iana-time-zone v0.1.61
    Checking ipnet v2.10.0
    Checking minimal-lexical v0.2.1
   Compiling siphasher v1.0.1
   Compiling siphasher v0.3.11
   Compiling phf_shared v0.10.0
   Compiling phf_shared v0.11.3
    Checking nom v7.1.3
    Checking chrono v0.4.38
    Checking cipher v0.4.4
    Checking tokio-rustls v0.24.1
    Checking concurrent-queue v2.5.0
    Checking base64ct v1.6.0
    Checking sync_wrapper v0.1.2
    Checking webpki-roots v0.25.4
   Compiling heck v0.4.1
    Checking pem-rfc7468 v0.7.0
    Checking hyper v0.14.30
   Compiling phf_generator v0.11.3
   Compiling phf_generator v0.10.0
    Checking rustls-pemfile v1.0.4
    Checking rustls-webpki v0.102.8
   Compiling der_derive v0.7.3
    Checking flagset v0.4.6
   Compiling paste v1.0.15
    Checking const-oid v0.9.6
    Checking urlencoding v2.1.3
   Compiling string_cache_codegen v0.5.2
    Checking rusticata-macros v4.1.0
    Checking uuid v1.10.0
   Compiling asn1-rs-impl v0.2.0
   Compiling asn1-rs-derive v0.5.1
    Checking hmac v0.12.1
    Checking der v0.7.9
    Checking tokio-native-tls v0.3.1
   Compiling ahash v0.8.11
    Checking new_debug_unreachable v1.0.6
   Compiling convert_case v0.4.0
   Compiling heck v0.5.0
    Checking unicode-width v0.1.14
   Compiling signal-hook v0.3.18
   Compiling strum_macros v0.26.4
   Compiling derive_more v0.99.18
    Checking event-listener v5.3.1
    Checking asn1-rs v0.6.2
    Checking sha2 v0.10.8
    Checking spki v0.7.3
    Checking num-integer v0.1.46
   Compiling indexmap v1.9.3
    Checking fastrand v2.1.1
   Compiling oid-registry v0.7.1
    Checking num-bigint v0.4.6
    Checking x509-cert v0.2.5
    Checking event-listener-strategy v0.5.2
    Checking pbkdf2 v0.12.2
   Compiling phf_codegen v0.11.3
    Checking salsa20 v0.10.2
   Compiling pin-project-internal v1.1.10
    Checking strum v0.26.3
    Checking hyper-tls v0.5.0
    Checking hyper-rustls v0.24.2
    Checking mio v0.8.11
    Checking hashbrown v0.12.3
    Checking reqwest v0.11.27
    Checking tower-layer v0.3.3
    Checking precomputed-hash v0.1.1
    Checking mac v0.1.1
   Compiling rustix v0.38.37
    Checking regex-syntax v0.6.29
   Compiling rustls v0.23.35
    Checking hex v0.4.3
    Checking futf v0.1.5
    Checking signal-hook-mio v0.2.5
    Checking der-parser v9.0.0
    Checking cms v0.2.3
    Checking scrypt v0.11.0
    Checking pin-project v1.1.10
    Checking futures-lite v2.3.0
    Checking opentelemetry v0.21.0
    Checking cbc v0.1.2
    Checking aes v0.8.4
    Checking rustls-webpki v0.103.8
    Checking rustls-pemfile v2.2.0
    Checking tokio-stream v0.1.16
   Compiling zstd-sys v2.0.13+zstd.1.5.6
   Compiling strsim v0.10.0
    Checking tinyvec_macros v0.1.1
    Checking regex-automata v0.1.10
    Checking overload v0.1.1
   Compiling io-lifetimes v1.0.11
    Checking linux-raw-sys v0.4.14
    Checking adler2 v2.0.0
   Compiling ident_case v1.0.1
    Checking miniz_oxide v0.8.0
   Compiling darling_core v0.13.4
    Checking nu-ansi-term v0.46.0
    Checking matchers v0.1.0
    Checking tinyvec v1.8.0
    Checking pkcs5 v0.7.1
    Checking rustls-native-certs v0.7.3
    Checking x509-parser v0.16.0
    Checking pkcs12 v0.1.0
    Checking tower v0.4.13
    Checking tendril v0.4.3
    Checking string_cache v0.8.7
   Compiling phf_macros v0.11.3
    Checking rc2 v0.8.1
    Checking des v0.8.1
    Checking tracing-serde v0.1.3
    Checking sharded-slab v0.1.7
    Checking crossbeam-channel v0.5.15
    Checking ordered-float v4.6.0
    Checking tracing-log v0.2.0
    Checking socket2 v0.4.10
    Checking thread_local v1.1.8
   Compiling polling v2.8.0
    Checking crc32fast v1.4.2
   Compiling either v1.13.0
    Checking glob v0.3.1
    Checking async-task v4.7.1
    Checking cookie-factory v0.3.3
    Checking atomic-waker v1.1.2
   Compiling semver v1.0.23
   Compiling semver-parser v0.7.0
   Compiling rustix v0.37.27
   Compiling semver v0.9.0
    Checking piper v0.2.4
    Checking amq-protocol-types v7.2.2
   Compiling itertools v0.10.5
    Checking opentelemetry_sdk v0.21.2
    Checking flate2 v1.0.34
    Checking polling v3.7.3
    Checking tracing-subscriber v0.3.18
    Checking phf v0.11.3
    Checking p12-keystore v0.1.3
   Compiling darling_macro v0.13.4
    Checking rustls-connector v0.20.1
    Checking unicode-normalization v0.1.24
    Checking crossterm v0.26.1
    Checking async-channel v2.3.1
    Checking async-lock v3.4.0
   Compiling strum_macros v0.24.3
   Compiling axum-core v0.3.4
   Compiling typeshare-annotation v1.0.4
   Compiling async-io v1.13.0
    Checking fastrand v1.9.0
   Compiling doc-comment v0.3.3
    Checking alloc-no-stdlib v2.0.4
    Checking match_cfg v0.1.0
    Checking base64 v0.22.1
    Checking unicode-bidi v0.3.15
   Compiling zstd-safe v7.2.1
    Checking local-waker v0.1.4
   Compiling radium v0.7.0
    Checking event-listener v2.5.3
    Checking waker-fn v1.2.0
    Checking linux-raw-sys v0.3.8
    Checking strum v0.24.1
    Checking async-lock v2.8.0
    Checking futures-lite v1.13.0
    Checking alloc-stdlib v0.2.2
    Checking hostname v0.3.1
    Checking typeshare v1.0.3
   Compiling prost-derive v0.12.6
    Checking async-io v2.3.4
    Checking comfy-table v6.2.0
    Checking tracing-opentelemetry v0.22.0
    Checking blocking v1.6.1
    Checking tcp-stream v0.28.0
   Compiling darling v0.13.4
    Checking amq-protocol-uri v7.2.2
   Compiling rustc_version v0.2.3
    Checking async-executor v1.13.1
    Checking opentelemetry-http v0.10.0
    Checking crossterm v0.27.0
   Compiling markup5ever v0.14.1
    Checking futures v0.3.30
   Compiling axum v0.6.20
    Checking executor-trait v2.1.0
    Checking reactor-trait v1.1.0
    Checking fxhash v0.2.1
   Compiling proc-macro-error-attr v1.0.4
    Checking matches v0.1.10
   Compiling rustls v0.22.4
   Compiling amq-protocol v7.2.2
    Checking utf8parse v0.2.2
    Checking tap v1.0.1
    Checking dtoa v1.0.10
    Checking wyz v0.5.1
    Checking dtoa-short v0.3.5
    Checking anstyle-parse v0.2.5
   Compiling bytestring v1.3.1
    Checking idna v0.2.3
    Checking shuttle-common v0.48.2
    Checking prost v0.12.6
    Checking async-global-executor v2.4.1
   Compiling rustc_version_runtime v0.2.1
    Checking amq-protocol-tcp v7.2.2
   Compiling serde_with_macros v1.5.2
    Checking brotli-decompressor v4.0.1
    Checking actix-utils v3.0.1
   Compiling selectors v0.26.0
    Checking actix-service v2.0.2
   Compiling enum-as-inner v0.4.0
    Checking combine v4.6.7
    Checking actix-rt v2.10.0
    Checking tokio-io-timeout v1.2.1
    Checking arrayvec v0.7.6
   Compiling async-stream-impl v0.3.6
   Compiling cssparser-macros v0.6.1
    Checking flume v0.11.0
   Compiling proc-macro-error v1.0.4
   Compiling cookie v0.16.2
    Checking sha1_smol v1.0.1
    Checking humantime v2.1.0
    Checking linked-hash-map v0.5.6
    Checking matchit v0.7.3
    Checking anstyle v1.0.8
   Compiling lapin v2.5.0
    Checking anstyle-query v1.1.1
    Checking predicates-core v1.0.8
   Compiling regex-lite v0.1.6
    Checking quick-error v1.2.3
    Checking colorchoice v1.0.2
    Checking funty v2.0.0
    Checking is_terminal_polyfill v1.70.1
    Checking anstream v0.6.15
    Checking bitvec v1.0.1
   Compiling actix-router v0.5.3
    Checking resolv-conf v0.7.0
    Checking lru-cache v0.1.2
    Checking async-stream v0.3.6
    Checking cssparser v0.34.0
    Checking pinky-swear v6.2.0
    Checking hyper-timeout v0.4.1
    Checking trust-dns-proto v0.21.2
    Checking brotli v6.0.0
    Checking serde_with v1.14.0
    Checking async-global-executor-trait v2.1.0
    Checking async-reactor-trait v1.1.0
    Checking local-channel v0.1.5
    Checking rmp v0.8.14
    Checking tungstenite v0.20.1
    Checking actix-codec v0.5.2
    Checking env_filter v0.1.2
    Checking serde_bytes v0.11.15
   Compiling match_token v0.1.0
    Checking headers-core v0.2.0
    Checking float-cmp v0.9.0
    Checking task-local-extensions v0.1.4
    Checking servo_arc v0.4.0
    Checking bstr v1.10.0
    Checking termtree v0.4.1
    Checking difflib v0.4.0
    Checking normalize-line-endings v0.3.0
    Checking unicode-segmentation v1.12.0
    Checking arc-swap v1.7.1
    Checking language-tags v0.3.2
    Checking base64 v0.13.1
    Checking unicode-properties v0.1.3
    Checking bson v2.13.0
    Checking stringprep v0.1.5
    Checking convert_case v0.6.0
    Checking redis v0.22.3
    Checking predicates v2.1.5
    Checking globset v0.4.15
    Checking zstd v0.13.2
    Checking predicates-tree v1.0.11
    Checking html5ever v0.29.1
    Checking actix-http v3.9.0
    Checking tonic v0.10.2
    Checking reqwest-middleware v0.2.5
    Checking headers v0.3.9
    Checking tokio-tungstenite v0.20.1
    Checking env_logger v0.11.5
    Checking rmp-serde v1.3.0
    Checking trust-dns-resolver v0.21.2
   Compiling actix-web-codegen v4.3.0
    Checking actix-server v2.5.0
    Checking prost-types v0.12.6
    Checking tokio-reactor-trait v1.1.0
    Checking tokio-executor-trait v2.1.1
    Checking getopts v0.2.21
   Compiling phf_codegen v0.10.0
   Compiling typed-builder v0.10.0
   Compiling mockall_derive v0.11.4
error[E0275]: overflow evaluating the requirement `Box<Pinky<std::result::Result<channel::Channel, error::Error>>>: CoerceUnsized<Box<dyn Cancellable<...> + Send>>`
    --> /home/adwin/.cargo/registry/src/mirrors.tuna.tsinghua.edu.cn-4dc01642fd091eda/lapin-2.5.0/src/generated.rs:1250:17
     |
1250 |                 Box::new(resolver),
     |                 ^^^^^^^^^^^^^^^^^^
     |
     = help: consider increasing the recursion limit by adding a `#![recursion_limit = "256"]` attribute to your crate (`lapin`)
     = note: required for the cast from `Box<Pinky<std::result::Result<channel::Channel, error::Error>>>` to `Box<(dyn Cancellable<error::Error> + Send + 'static)>`

error[E0275]: overflow evaluating the requirement `PinkySwear<std::result::Result<channel::Channel, error::Error>>: IntoFuture`
    --> /home/adwin/.cargo/registry/src/mirrors.tuna.tsinghua.edu.cn-4dc01642fd091eda/lapin-2.5.0/src/generated.rs:1254:17
     |
1254 |         promise.await
     |                 ^^^^^
     |
     = help: consider increasing the recursion limit by adding a `#![recursion_limit = "256"]` attribute to your crate (`lapin`)

error[E0275]: overflow evaluating the requirement `<PinkySwear<std::result::Result<channel::Channel, error::Error>> as IntoFuture>::IntoFuture == _`
    --> /home/adwin/.cargo/registry/src/mirrors.tuna.tsinghua.edu.cn-4dc01642fd091eda/lapin-2.5.0/src/generated.rs:1254:17
     |
1254 |         promise.await
     |                 ^^^^^
     |
     = help: consider increasing the recursion limit by adding a `#![recursion_limit = "256"]` attribute to your crate (`lapin`)

error[E0275]: overflow evaluating the requirement `<PinkySwear<std::result::Result<channel::Channel, error::Error>> as IntoFuture>::IntoFuture <: _`
    --> /home/adwin/.cargo/registry/src/mirrors.tuna.tsinghua.edu.cn-4dc01642fd091eda/lapin-2.5.0/src/generated.rs:1254:17
     |
1254 |         promise.await
     |                 ^^^^^
     |
     = help: consider increasing the recursion limit by adding a `#![recursion_limit = "256"]` attribute to your crate (`lapin`)

   Compiling celery-codegen v0.5.5
error[E0275]: overflow evaluating the requirement `<PinkySwear<std::result::Result<channel::Channel, error::Error>> as IntoFuture>::IntoFuture well-formed`
    --> /home/adwin/.cargo/registry/src/mirrors.tuna.tsinghua.edu.cn-4dc01642fd091eda/lapin-2.5.0/src/generated.rs:1254:17
     |
1254 |         promise.await
     |                 ^^^^^
     |
     = help: consider increasing the recursion limit by adding a `#![recursion_limit = "256"]` attribute to your crate (`lapin`)

   Compiling derivative v2.2.0
error[E0275]: overflow evaluating the requirement `Pin<Box<impl Future<Output = ()>>>: CoerceUnsized<Pin<Box<dyn Future<Output = ()> + Send>>>`
   --> /home/adwin/.cargo/registry/src/mirrors.tuna.tsinghua.edu.cn-4dc01642fd091eda/lapin-2.5.0/src/connection.rs:405:24
    |
405 |         executor.spawn(Box::pin(internal_rpc.run(channels.clone())));
    |                        ^^^^^^^^^^^^^^^^^^^^^^^^^^^^^^^^^^^^^^^^^^^^
    |
    = help: consider increasing the recursion limit by adding a `#![recursion_limit = "256"]` attribute to your crate (`lapin`)
    = note: required for the cast from `Pin<Box<impl Future<Output = ()>>>` to `Pin<Box<(dyn Future<Output = ()> + Send + 'static)>>`

   Compiling actix-macros v0.2.4
    Checking colored v2.1.0
    Checking sha-1 v0.10.1
    Checking md-5 v0.10.6
    Checking pbkdf2 v0.11.0
    Checking http v1.4.0
    Checking impl-more v0.1.6
    Checking strfmt v0.2.4
    Checking take_mut v0.2.2
    Checking downcast v0.11.0
    Checking ego-tree v0.10.0
    Checking fragile v2.0.0
error[E0275]: overflow evaluating the requirement `{closure@/home/adwin/.cargo/registry/src/mirrors.tuna.tsinghua.edu.cn-4dc01642fd091eda/lapin-2.5.0/src/io_loop.rs:165:24: 165:31}: Send`
   --> /home/adwin/.cargo/registry/src/mirrors.tuna.tsinghua.edu.cn-4dc01642fd091eda/lapin-2.5.0/src/io_loop.rs:165:18
    |
165 |                 .spawn(move || {
    |                  ^^^^^
    |
    = help: consider increasing the recursion limit by adding a `#![recursion_limit = "256"]` attribute to your crate (`lapin`)
note: required by a bound in `Builder::spawn`
   --> /home/adwin/.rustup/toolchains/nightly-x86_64-unknown-linux-gnu/lib/rustlib/src/rust/library/std/src/thread/builder.rs:188:12
    |
185 |     pub fn spawn<F, T>(self, f: F) -> io::Result<JoinHandle<T>>
    |            ----- required by a bound in this associated function
...
188 |         F: Send + 'static,
    |            ^^^^ required by this bound in `Builder::spawn`

    Checking scraper v0.23.1
error[E0275]: overflow evaluating the requirement `Pin<Box<{async block@/home/adwin/.cargo/registry/src/mirrors.tuna.tsinghua.edu.cn-4dc01642fd091eda/lapin-2.5.0/src/heartbeat.rs:50:38: 50:48}>>: CoerceUnsized<Pin<Box<dyn Future<Output = ()> + Send>>>`
  --> /home/adwin/.cargo/registry/src/mirrors.tuna.tsinghua.edu.cn-4dc01642fd091eda/lapin-2.5.0/src/heartbeat.rs:50:29
   |
50 |           self.executor.spawn(Box::pin(async move {
   |  _____________________________^
51 | |             while let Some(dur) = heartbeat.poll_timeout() {
52 | |                 heartbeat.reactor.sleep(dur).await;
53 | |             }
54 | |         }));
   | |__________^
   |
   = help: consider increasing the recursion limit by adding a `#![recursion_limit = "256"]` attribute to your crate (`lapin`)
   = note: required for the cast from `Pin<Box<...>>` to `Pin<Box<dyn Future<Output = ()> + Send>>`
   = note: the full name for the type has been written to '/tmp/nix-shell.uUVugk/fatfingers23_trackscape-discord-bot_1wmodqfo/target/debug/deps/lapin-d2d273766e30628e.long-type-12668079255504146995.txt'
   = note: consider using `--verbose` to print the full type name to the console

    Checking shuttle-service v0.48.0
    Checking actix-web v4.9.0
    Checking tungstenite v0.21.0
    Checking shuttle-proto v0.48.0
error[E0275]: overflow evaluating the requirement `{async block@/home/adwin/.cargo/registry/src/mirrors.tuna.tsinghua.edu.cn-4dc01642fd091eda/lapin-2.5.0/src/channel.rs:525:52: 525:62}: Send`
   --> /home/adwin/.cargo/registry/src/mirrors.tuna.tsinghua.edu.cn-4dc01642fd091eda/lapin-2.5.0/src/channel.rs:525:27
    |
525 |         self.internal_rpc.register_internal_future(async move {
    |                           ^^^^^^^^^^^^^^^^^^^^^^^^
    |
    = help: consider increasing the recursion limit by adding a `#![recursion_limit = "256"]` attribute to your crate (`lapin`)
note: required by a bound in `InternalRPCHandle::register_internal_future`
   --> /home/adwin/.cargo/registry/src/mirrors.tuna.tsinghua.edu.cn-4dc01642fd091eda/lapin-2.5.0/src/internal_rpc.rs:150:47
    |
148 |     pub(crate) fn register_internal_future(
    |                   ------------------------ required by a bound in this associated function
149 |         &self,
150 |         f: impl Future<Output = Result<()>> + Send + 'static,
    |                                               ^^^^ required by this bound in `InternalRPCHandle::register_internal_future`

error[E0275]: overflow evaluating the requirement `{async block@/home/adwin/.cargo/registry/src/mirrors.tuna.tsinghua.edu.cn-4dc01642fd091eda/lapin-2.5.0/src/channel.rs:704:56: 704:66}: Send`
   --> /home/adwin/.cargo/registry/src/mirrors.tuna.tsinghua.edu.cn-4dc01642fd091eda/lapin-2.5.0/src/channel.rs:704:31
    |
704 |             self.internal_rpc.register_internal_future(async move {
    |                               ^^^^^^^^^^^^^^^^^^^^^^^^
    |
    = help: consider increasing the recursion limit by adding a `#![recursion_limit = "256"]` attribute to your crate (`lapin`)
note: required by a bound in `InternalRPCHandle::register_internal_future`
   --> /home/adwin/.cargo/registry/src/mirrors.tuna.tsinghua.edu.cn-4dc01642fd091eda/lapin-2.5.0/src/internal_rpc.rs:150:47
    |
148 |     pub(crate) fn register_internal_future(
    |                   ------------------------ required by a bound in this associated function
149 |         &self,
150 |         f: impl Future<Output = Result<()>> + Send + 'static,
    |                                               ^^^^ required by this bound in `InternalRPCHandle::register_internal_future`

error[E0275]: overflow evaluating the requirement `{async block@/home/adwin/.cargo/registry/src/mirrors.tuna.tsinghua.edu.cn-4dc01642fd091eda/lapin-2.5.0/src/channel.rs:735:56: 735:66}: Send`
   --> /home/adwin/.cargo/registry/src/mirrors.tuna.tsinghua.edu.cn-4dc01642fd091eda/lapin-2.5.0/src/channel.rs:735:31
    |
735 |             self.internal_rpc.register_internal_future(async move {
    |                               ^^^^^^^^^^^^^^^^^^^^^^^^
    |
    = help: consider increasing the recursion limit by adding a `#![recursion_limit = "256"]` attribute to your crate (`lapin`)
note: required by a bound in `InternalRPCHandle::register_internal_future`
   --> /home/adwin/.cargo/registry/src/mirrors.tuna.tsinghua.edu.cn-4dc01642fd091eda/lapin-2.5.0/src/internal_rpc.rs:150:47
    |
148 |     pub(crate) fn register_internal_future(
    |                   ------------------------ required by a bound in this associated function
149 |         &self,
150 |         f: impl Future<Output = Result<()>> + Send + 'static,
    |                                               ^^^^ required by this bound in `InternalRPCHandle::register_internal_future`

error[E0275]: overflow evaluating the requirement `{async block@/home/adwin/.cargo/registry/src/mirrors.tuna.tsinghua.edu.cn-4dc01642fd091eda/lapin-2.5.0/src/channel.rs:768:56: 768:66}: Send`
   --> /home/adwin/.cargo/registry/src/mirrors.tuna.tsinghua.edu.cn-4dc01642fd091eda/lapin-2.5.0/src/channel.rs:768:31
    |
768 |             self.internal_rpc.register_internal_future(async move {
    |                               ^^^^^^^^^^^^^^^^^^^^^^^^
    |
    = help: consider increasing the recursion limit by adding a `#![recursion_limit = "256"]` attribute to your crate (`lapin`)
note: required by a bound in `InternalRPCHandle::register_internal_future`
   --> /home/adwin/.cargo/registry/src/mirrors.tuna.tsinghua.edu.cn-4dc01642fd091eda/lapin-2.5.0/src/internal_rpc.rs:150:47
    |
148 |     pub(crate) fn register_internal_future(
    |                   ------------------------ required by a bound in this associated function
149 |         &self,
150 |         f: impl Future<Output = Result<()>> + Send + 'static,
    |                                               ^^^^ required by this bound in `InternalRPCHandle::register_internal_future`

error[E0275]: overflow evaluating the requirement `{async block@/home/adwin/.cargo/registry/src/mirrors.tuna.tsinghua.edu.cn-4dc01642fd091eda/lapin-2.5.0/src/channel.rs:868:52: 868:62}: Send`
   --> /home/adwin/.cargo/registry/src/mirrors.tuna.tsinghua.edu.cn-4dc01642fd091eda/lapin-2.5.0/src/channel.rs:868:27
    |
868 |         self.internal_rpc.register_internal_future(async move {
    |                           ^^^^^^^^^^^^^^^^^^^^^^^^
    |
    = help: consider increasing the recursion limit by adding a `#![recursion_limit = "256"]` attribute to your crate (`lapin`)
note: required by a bound in `InternalRPCHandle::register_internal_future`
   --> /home/adwin/.cargo/registry/src/mirrors.tuna.tsinghua.edu.cn-4dc01642fd091eda/lapin-2.5.0/src/internal_rpc.rs:150:47
    |
148 |     pub(crate) fn register_internal_future(
    |                   ------------------------ required by a bound in this associated function
149 |         &self,
150 |         f: impl Future<Output = Result<()>> + Send + 'static,
    |                                               ^^^^ required by this bound in `InternalRPCHandle::register_internal_future`

error[E0275]: overflow evaluating the requirement `{async block@/home/adwin/.cargo/registry/src/mirrors.tuna.tsinghua.edu.cn-4dc01642fd091eda/lapin-2.5.0/src/channel.rs:900:39: 900:49}: Send`
   --> /home/adwin/.cargo/registry/src/mirrors.tuna.tsinghua.edu.cn-4dc01642fd091eda/lapin-2.5.0/src/channel.rs:900:14
    |
900 |             .register_internal_future(async move { channel.channel_close_ok(error).await });
    |              ^^^^^^^^^^^^^^^^^^^^^^^^
    |
    = help: consider increasing the recursion limit by adding a `#![recursion_limit = "256"]` attribute to your crate (`lapin`)
note: required by a bound in `InternalRPCHandle::register_internal_future`
   --> /home/adwin/.cargo/registry/src/mirrors.tuna.tsinghua.edu.cn-4dc01642fd091eda/lapin-2.5.0/src/internal_rpc.rs:150:47
    |
148 |     pub(crate) fn register_internal_future(
    |                   ------------------------ required by a bound in this associated function
149 |         &self,
150 |         f: impl Future<Output = Result<()>> + Send + 'static,
    |                                               ^^^^ required by this bound in `InternalRPCHandle::register_internal_future`

error[E0275]: overflow evaluating the requirement `{async block@/home/adwin/.cargo/registry/src/mirrors.tuna.tsinghua.edu.cn-4dc01642fd091eda/lapin-2.5.0/src/channel.rs:1130:56: 1130:66}: Send`
    --> /home/adwin/.cargo/registry/src/mirrors.tuna.tsinghua.edu.cn-4dc01642fd091eda/lapin-2.5.0/src/channel.rs:1130:31
     |
1130 |             self.internal_rpc.register_internal_future(async move {
     |                               ^^^^^^^^^^^^^^^^^^^^^^^^
     |
     = help: consider increasing the recursion limit by adding a `#![recursion_limit = "256"]` attribute to your crate (`lapin`)
note: required by a bound in `InternalRPCHandle::register_internal_future`
    --> /home/adwin/.cargo/registry/src/mirrors.tuna.tsinghua.edu.cn-4dc01642fd091eda/lapin-2.5.0/src/internal_rpc.rs:150:47
     |
 148 |     pub(crate) fn register_internal_future(
     |                   ------------------------ required by a bound in this associated function
 149 |         &self,
 150 |         f: impl Future<Output = Result<()>> + Send + 'static,
     |                                               ^^^^ required by this bound in `InternalRPCHandle::register_internal_future`

   Compiling markup5ever v0.11.0
error[E0275]: overflow evaluating the requirement `{async block@/home/adwin/.cargo/registry/src/mirrors.tuna.tsinghua.edu.cn-4dc01642fd091eda/lapin-2.5.0/src/channels.rs:211:68: 211:78}: Send`
   --> /home/adwin/.cargo/registry/src/mirrors.tuna.tsinghua.edu.cn-4dc01642fd091eda/lapin-2.5.0/src/channels.rs:211:43
    |
211 |                         self.internal_rpc.register_internal_future(async move {
    |                                           ^^^^^^^^^^^^^^^^^^^^^^^^
    |
    = help: consider increasing the recursion limit by adding a `#![recursion_limit = "256"]` attribute to your crate (`lapin`)
note: required by a bound in `InternalRPCHandle::register_internal_future`
   --> /home/adwin/.cargo/registry/src/mirrors.tuna.tsinghua.edu.cn-4dc01642fd091eda/lapin-2.5.0/src/internal_rpc.rs:150:47
    |
148 |     pub(crate) fn register_internal_future(
    |                   ------------------------ required by a bound in this associated function
149 |         &self,
150 |         f: impl Future<Output = Result<()>> + Send + 'static,
    |                                               ^^^^ required by this bound in `InternalRPCHandle::register_internal_future`

error[E0275]: overflow evaluating the requirement `{async block@/home/adwin/.cargo/registry/src/mirrors.tuna.tsinghua.edu.cn-4dc01642fd091eda/lapin-2.5.0/src/channels.rs:234:68: 234:78}: Send`
   --> /home/adwin/.cargo/registry/src/mirrors.tuna.tsinghua.edu.cn-4dc01642fd091eda/lapin-2.5.0/src/channels.rs:234:43
    |
234 |                         self.internal_rpc.register_internal_future(async move {
    |                                           ^^^^^^^^^^^^^^^^^^^^^^^^
    |
    = help: consider increasing the recursion limit by adding a `#![recursion_limit = "256"]` attribute to your crate (`lapin`)
note: required by a bound in `InternalRPCHandle::register_internal_future`
   --> /home/adwin/.cargo/registry/src/mirrors.tuna.tsinghua.edu.cn-4dc01642fd091eda/lapin-2.5.0/src/internal_rpc.rs:150:47
    |
148 |     pub(crate) fn register_internal_future(
    |                   ------------------------ required by a bound in this associated function
149 |         &self,
150 |         f: impl Future<Output = Result<()>> + Send + 'static,
    |                                               ^^^^ required by this bound in `InternalRPCHandle::register_internal_future`

error[E0275]: overflow evaluating the requirement `{async block@/home/adwin/.cargo/registry/src/mirrors.tuna.tsinghua.edu.cn-4dc01642fd091eda/lapin-2.5.0/src/internal_rpc.rs:241:25: 241:35}: Send`
   --> /home/adwin/.cargo/registry/src/mirrors.tuna.tsinghua.edu.cn-4dc01642fd091eda/lapin-2.5.0/src/internal_rpc.rs:240:33
    |
240 |                     self.handle.register_internal_future_with_resolver(
    |                                 ^^^^^^^^^^^^^^^^^^^^^^^^^^^^^^^^^^^^^^
    |
    = help: consider increasing the recursion limit by adding a `#![recursion_limit = "256"]` attribute to your crate (`lapin`)
note: required by a bound in `InternalRPCHandle::register_internal_future_with_resolver`
   --> /home/adwin/.cargo/registry/src/mirrors.tuna.tsinghua.edu.cn-4dc01642fd091eda/lapin-2.5.0/src/internal_rpc.rs:162:47
    |
160 |     fn register_internal_future_with_resolver(
    |        -------------------------------------- required by a bound in this associated function
161 |         &self,
162 |         f: impl Future<Output = Result<()>> + Send + 'static,
    |                                               ^^^^ required by this bound in `InternalRPCHandle::register_internal_future_with_resolver`

error[E0275]: overflow evaluating the requirement `{async block@/home/adwin/.cargo/registry/src/mirrors.tuna.tsinghua.edu.cn-4dc01642fd091eda/lapin-2.5.0/src/internal_rpc.rs:253:25: 253:35}: Send`
   --> /home/adwin/.cargo/registry/src/mirrors.tuna.tsinghua.edu.cn-4dc01642fd091eda/lapin-2.5.0/src/internal_rpc.rs:252:33
    |
252 |                     self.handle.register_internal_future_with_resolver(
    |                                 ^^^^^^^^^^^^^^^^^^^^^^^^^^^^^^^^^^^^^^
    |
    = help: consider increasing the recursion limit by adding a `#![recursion_limit = "256"]` attribute to your crate (`lapin`)
note: required by a bound in `InternalRPCHandle::register_internal_future_with_resolver`
   --> /home/adwin/.cargo/registry/src/mirrors.tuna.tsinghua.edu.cn-4dc01642fd091eda/lapin-2.5.0/src/internal_rpc.rs:162:47
    |
160 |     fn register_internal_future_with_resolver(
    |        -------------------------------------- required by a bound in this associated function
161 |         &self,
162 |         f: impl Future<Output = Result<()>> + Send + 'static,
    |                                               ^^^^ required by this bound in `InternalRPCHandle::register_internal_future_with_resolver`

error[E0275]: overflow evaluating the requirement `{async block@/home/adwin/.cargo/registry/src/mirrors.tuna.tsinghua.edu.cn-4dc01642fd091eda/lapin-2.5.0/src/internal_rpc.rs:265:25: 265:35}: Send`
   --> /home/adwin/.cargo/registry/src/mirrors.tuna.tsinghua.edu.cn-4dc01642fd091eda/lapin-2.5.0/src/internal_rpc.rs:264:33
    |
264 |                     self.handle.register_internal_future_with_resolver(
    |                                 ^^^^^^^^^^^^^^^^^^^^^^^^^^^^^^^^^^^^^^
    |
    = help: consider increasing the recursion limit by adding a `#![recursion_limit = "256"]` attribute to your crate (`lapin`)
note: required by a bound in `InternalRPCHandle::register_internal_future_with_resolver`
   --> /home/adwin/.cargo/registry/src/mirrors.tuna.tsinghua.edu.cn-4dc01642fd091eda/lapin-2.5.0/src/internal_rpc.rs:162:47
    |
160 |     fn register_internal_future_with_resolver(
    |        -------------------------------------- required by a bound in this associated function
161 |         &self,
162 |         f: impl Future<Output = Result<()>> + Send + 'static,
    |                                               ^^^^ required by this bound in `InternalRPCHandle::register_internal_future_with_resolver`

error[E0275]: overflow evaluating the requirement `{async block@/home/adwin/.cargo/registry/src/mirrors.tuna.tsinghua.edu.cn-4dc01642fd091eda/lapin-2.5.0/src/internal_rpc.rs:276:53: 276:63}: Send`
   --> /home/adwin/.cargo/registry/src/mirrors.tuna.tsinghua.edu.cn-4dc01642fd091eda/lapin-2.5.0/src/internal_rpc.rs:276:28
    |
276 |                     handle.register_internal_future(async move {
    |                            ^^^^^^^^^^^^^^^^^^^^^^^^
    |
    = help: consider increasing the recursion limit by adding a `#![recursion_limit = "256"]` attribute to your crate (`lapin`)
note: required by a bound in `InternalRPCHandle::register_internal_future`
   --> /home/adwin/.cargo/registry/src/mirrors.tuna.tsinghua.edu.cn-4dc01642fd091eda/lapin-2.5.0/src/internal_rpc.rs:150:47
    |
148 |     pub(crate) fn register_internal_future(
    |                   ------------------------ required by a bound in this associated function
149 |         &self,
150 |         f: impl Future<Output = Result<()>> + Send + 'static,
    |                                               ^^^^ required by this bound in `InternalRPCHandle::register_internal_future`

error[E0275]: overflow evaluating the requirement `{async block@/home/adwin/.cargo/registry/src/mirrors.tuna.tsinghua.edu.cn-4dc01642fd091eda/lapin-2.5.0/src/internal_rpc.rs:289:53: 289:63}: Send`
   --> /home/adwin/.cargo/registry/src/mirrors.tuna.tsinghua.edu.cn-4dc01642fd091eda/lapin-2.5.0/src/internal_rpc.rs:289:28
    |
289 |                     handle.register_internal_future(async move {
    |                            ^^^^^^^^^^^^^^^^^^^^^^^^
    |
    = help: consider increasing the recursion limit by adding a `#![recursion_limit = "256"]` attribute to your crate (`lapin`)
note: required by a bound in `InternalRPCHandle::register_internal_future`
   --> /home/adwin/.cargo/registry/src/mirrors.tuna.tsinghua.edu.cn-4dc01642fd091eda/lapin-2.5.0/src/internal_rpc.rs:150:47
    |
148 |     pub(crate) fn register_internal_future(
    |                   ------------------------ required by a bound in this associated function
149 |         &self,
150 |         f: impl Future<Output = Result<()>> + Send + 'static,
    |                                               ^^^^ required by this bound in `InternalRPCHandle::register_internal_future`

error[E0275]: overflow evaluating the requirement `{async block@/home/adwin/.cargo/registry/src/mirrors.tuna.tsinghua.edu.cn-4dc01642fd091eda/lapin-2.5.0/src/internal_rpc.rs:295:53: 295:63}: Send`
   --> /home/adwin/.cargo/registry/src/mirrors.tuna.tsinghua.edu.cn-4dc01642fd091eda/lapin-2.5.0/src/internal_rpc.rs:295:28
    |
295 |                     handle.register_internal_future(async move {
    |                            ^^^^^^^^^^^^^^^^^^^^^^^^
    |
    = help: consider increasing the recursion limit by adding a `#![recursion_limit = "256"]` attribute to your crate (`lapin`)
note: required by a bound in `InternalRPCHandle::register_internal_future`
   --> /home/adwin/.cargo/registry/src/mirrors.tuna.tsinghua.edu.cn-4dc01642fd091eda/lapin-2.5.0/src/internal_rpc.rs:150:47
    |
148 |     pub(crate) fn register_internal_future(
    |                   ------------------------ required by a bound in this associated function
149 |         &self,
150 |         f: impl Future<Output = Result<()>> + Send + 'static,
    |                                               ^^^^ required by this bound in `InternalRPCHandle::register_internal_future`

error[E0275]: overflow evaluating the requirement `{async block@/home/adwin/.cargo/registry/src/mirrors.tuna.tsinghua.edu.cn-4dc01642fd091eda/lapin-2.5.0/src/internal_rpc.rs:303:53: 303:63}: Send`
   --> /home/adwin/.cargo/registry/src/mirrors.tuna.tsinghua.edu.cn-4dc01642fd091eda/lapin-2.5.0/src/internal_rpc.rs:303:28
    |
303 |                     handle.register_internal_future(async move {
    |                            ^^^^^^^^^^^^^^^^^^^^^^^^
    |
    = help: consider increasing the recursion limit by adding a `#![recursion_limit = "256"]` attribute to your crate (`lapin`)
note: required by a bound in `InternalRPCHandle::register_internal_future`
   --> /home/adwin/.cargo/registry/src/mirrors.tuna.tsinghua.edu.cn-4dc01642fd091eda/lapin-2.5.0/src/internal_rpc.rs:150:47
    |
148 |     pub(crate) fn register_internal_future(
    |                   ------------------------ required by a bound in this associated function
149 |         &self,
150 |         f: impl Future<Output = Result<()>> + Send + 'static,
    |                                               ^^^^ required by this bound in `InternalRPCHandle::register_internal_future`

   Compiling shuttle-codegen v0.48.0
For more information about this error, try `rustc --explain E0275`.
    Checking mongodb v2.8.2
error: could not compile `lapin` (lib) due to 24 previous errors
warning: build failed, waiting for other jobs to finish...
