Running as unit: run-p1114171-i13694483.scope; invocation ID: a2d2e4c855244ad88d73a334ad57b294
   Compiling proc-macro2 v1.0.95
   Compiling unicode-ident v1.0.18
   Compiling libc v0.2.172
   Compiling autocfg v1.4.0
    Checking cfg-if v1.0.0
   Compiling serde v1.0.219
   Compiling shlex v1.3.0
   Compiling libm v0.2.13
   Compiling version_check v0.9.5
   Compiling typenum v1.18.0
   Compiling cc v1.2.20
    Checking log v0.4.27
   Compiling generic-array v0.14.7
   Compiling num-traits v0.2.19
    Checking memchr v2.7.4
    Checking once_cell v1.21.3
    Checking pin-project-lite v0.2.16
    Checking bytes v1.10.1
   Compiling slab v0.4.9
   Compiling quote v1.0.40
    Checking futures-core v0.3.31
   Compiling icu_locid_transform_data v1.5.1
    Checking getrandom v0.2.16
   Compiling syn v2.0.101
    Checking rand_core v0.6.4
    Checking itoa v1.0.15
   Compiling zerocopy v0.8.25
   Compiling icu_properties_data v1.5.1
    Checking subtle v2.6.1
    Checking futures-sink v0.3.31
   Compiling icu_normalizer_data v1.5.1
    Checking signal-hook-registry v1.4.5
    Checking mio v1.0.3
    Checking socket2 v0.5.9
   Compiling crossbeam-utils v0.8.21
    Checking untrusted v0.9.0
    Checking stable_deref_trait v1.2.0
    Checking futures-channel v0.3.31
   Compiling lock_api v0.4.12
    Checking futures-io v0.3.31
   Compiling ring v0.17.14
    Checking futures-task v0.3.31
    Checking num-integer v0.1.46
    Checking pin-utils v0.1.0
    Checking zeroize v1.8.1
    Checking fnv v1.0.7
    Checking tracing-core v0.1.33
    Checking rustls-pki-types v1.11.0
    Checking writeable v0.5.5
    Checking litemap v0.7.5
    Checking allocator-api2 v0.2.21
    Checking equivalent v1.0.2
   Compiling parking_lot_core v0.9.10
    Checking foldhash v0.1.5
    Checking crypto-common v0.1.6
    Checking cpufeatures v0.2.17
   Compiling httparse v1.10.1
    Checking hashbrown v0.15.2
   Compiling rustls v0.23.26
    Checking utf8_iter v1.0.4
   Compiling syn v1.0.109
   Compiling serde_json v1.0.140
    Checking write16 v1.0.0
    Checking utf16_iter v1.0.5
    Checking block-buffer v0.10.4
    Checking http v1.3.1
   Compiling pkg-config v0.3.32
    Checking bytemuck v1.23.0
    Checking indexmap v2.9.0
    Checking scopeguard v1.2.0
    Checking percent-encoding v2.3.1
    Checking form_urlencoded v1.2.1
    Checking digest v0.10.7
   Compiling thiserror v1.0.69
    Checking num-bigint v0.4.6
   Compiling ident_case v1.0.1
    Checking ppv-lite86 v0.2.21
   Compiling thiserror v2.0.12
    Checking try-lock v0.2.5
    Checking bitflags v2.9.0
    Checking simd-adler32 v0.3.7
    Checking ryu v1.0.20
    Checking want v0.3.1
    Checking encoding_rs v0.8.35
    Checking tower-service v0.3.3
    Checking lazy_static v1.5.0
   Compiling vcpkg v0.2.15
    Checking bitflags v1.3.2
    Checking webpki-roots v0.26.9
    Checking adler2 v2.0.0
    Checking miniz_oxide v0.8.8
   Compiling openssl-sys v0.9.107
   Compiling rand_chacha v0.3.1
   Compiling rand v0.8.5
   Compiling aho-corasick v1.1.3
    Checking crossbeam-epoch v0.9.18
   Compiling bigdecimal v0.4.8
   Compiling synstructure v0.13.1
   Compiling rayon-core v1.12.1
    Checking iana-time-zone v0.1.63
   Compiling regex-syntax v0.8.5
    Checking rustls-webpki v0.103.1
    Checking crossbeam-deque v0.8.6
    Checking crc32fast v1.4.2
   Compiling getrandom v0.3.2
   Compiling anyhow v1.0.98
   Compiling paste v1.0.15
    Checking flate2 v1.1.1
    Checking num-rational v0.4.2
    Checking http-body v1.0.1
    Checking http v0.2.12
    Checking num-complex v0.4.6
    Checking base64 v0.22.1
   Compiling serde_derive v1.0.219
   Compiling zerofrom-derive v0.1.6
   Compiling yoke-derive v0.7.5
   Compiling zerovec-derive v0.10.3
   Compiling displaydoc v0.2.5
   Compiling icu_provider_macros v1.5.0
   Compiling tokio-macros v2.5.0
   Compiling tracing-attributes v0.1.28
   Compiling futures-macro v0.3.31
   Compiling thiserror-impl v1.0.69
   Compiling thiserror-impl v2.0.12
   Compiling regex-automata v0.4.9
    Checking zerofrom v0.1.6
    Checking yoke v0.7.5
    Checking tokio v1.44.2
    Checking zerovec v0.10.4
    Checking futures-util v0.3.31
    Checking tracing v0.1.41
    Checking atomic-waker v1.1.2
    Checking byteorder v1.5.0
   Compiling rustls v0.22.4
    Checking tinystr v0.7.6
    Checking icu_collections v1.5.0
    Checking icu_locid v1.5.0
   Compiling rustls v0.21.12
   Compiling openssl v0.10.72
    Checking icu_provider v1.5.0
   Compiling regex v1.11.1
    Checking icu_locid_transform v1.5.0
    Checking icu_properties v1.5.1
   Compiling strsim v0.9.3
    Checking foreign-types-shared v0.1.1
    Checking foreign-types v0.3.2
   Compiling darling_core v0.10.2
   Compiling openssl-macros v0.1.1
    Checking tokio-util v0.7.15
    Checking smallvec v1.15.0
    Checking arrayvec v0.7.6
    Checking either v1.15.0
    Checking icu_normalizer v1.5.0
    Checking chrono v0.4.41
    Checking parking_lot v0.12.3
    Checking h2 v0.4.9
    Checking symphonia-core v0.5.4
    Checking idna_adapter v1.2.0
    Checking idna v1.0.3
    Checking rustls-webpki v0.101.7
    Checking url v2.5.4
    Checking sct v0.7.1
    Checking rustls-webpki v0.102.8
    Checking sha1 v0.10.6
    Checking inout v0.1.4
   Compiling native-tls v0.2.14
   Compiling siphasher v1.0.1
   Compiling tinyvec_macros v0.1.1
    Checking minimal-lexical v0.2.1
    Checking utf-8 v0.7.6
    Checking mime v0.3.17
    Checking aligned-vec v0.5.0
   Compiling unicase v2.8.1
    Checking data-encoding v2.9.0
   Compiling built v0.7.7
    Checking v_frame v0.3.8
   Compiling mime_guess v2.0.5
    Checking nom v7.1.3
   Compiling rav1e v0.7.1
   Compiling tinyvec v1.9.0
   Compiling phf_shared v0.11.3
    Checking cipher v0.4.4
    Checking symphonia-metadata v0.5.4
   Compiling darling_macro v0.10.2
    Checking h2 v0.3.26
    Checking hyper v1.6.0
    Checking rayon v1.10.0
    Checking serde_urlencoded v0.7.1
    Checking http-body v0.4.6
   Compiling profiling-procmacros v1.0.16
   Compiling concurrent-queue v2.5.0
    Checking universal-hash v0.5.1
   Compiling unicode-segmentation v1.12.0
   Compiling crc-catalog v2.4.0
    Checking httpdate v1.0.3
    Checking opaque-debug v0.3.1
    Checking hashbrown v0.14.5
    Checking openssl-probe v0.1.6
    Checking ipnet v2.11.0
   Compiling rustix v1.0.5
   Compiling parking v2.2.1
   Compiling event-listener v5.4.0
   Compiling sha2 v0.10.8
   Compiling crc v3.2.1
   Compiling heck v0.3.3
    Checking maybe-rayon v0.1.1
   Compiling tokio-stream v0.1.17
    Checking hyper-util v0.1.11
    Checking profiling v1.0.16
    Checking tokio-rustls v0.24.1
    Checking hyper v0.14.32
    Checking av1-grain v0.2.3
   Compiling darling v0.10.2
   Compiling futures-intrusive v0.5.0
   Compiling unicode-normalization v0.1.24
   Compiling phf_generator v0.11.3
    Checking itertools v0.12.1
    Checking rand_core v0.9.3
    Checking tokio-rustls v0.26.2
   Compiling hashlink v0.10.0
    Checking futures-executor v0.3.31
   Compiling hashmap_derive v0.1.0
   Compiling num-derive v0.4.2
   Compiling arg_enum_proc_macro v0.3.4
   Compiling crossbeam-queue v0.3.12
   Compiling hmac v0.12.1
   Compiling cmake v0.1.54
   Compiling simd_helpers v0.1.0
   Compiling num-bigint v0.2.6
   Compiling rustfft v6.3.0
   Compiling derive_builder v0.9.0
    Checking new_debug_unreachable v1.0.6
   Compiling unicode-properties v0.1.3
    Checking powerfmt v0.2.0
   Compiling linux-raw-sys v0.9.4
    Checking bitstream-io v2.6.0
    Checking base64 v0.21.7
    Checking weezl v0.1.8
   Compiling noop_proc_macro v0.3.0
    Checking strength_reduce v0.2.4
    Checking hex v0.4.3
    Checking quick-error v2.0.1
    Checking imgref v1.11.0
   Compiling strsim v0.11.1
   Compiling unicode-bidi v0.3.18
    Checking loop9 v0.1.5
    Checking rustls-pemfile v1.0.4
    Checking transpose v0.2.3
   Compiling darling_core v0.20.11
    Checking hyper-rustls v0.24.2
   Compiling stringprep v0.1.5
   Compiling sqlx-core v0.8.5
    Checking deranged v0.4.0
   Compiling audiopus_sys v0.2.2
   Compiling from_map v0.1.0
   Compiling hkdf v0.12.4
    Checking futures v0.3.31
    Checking rand_chacha v0.9.0
   Compiling phf_codegen v0.11.3
   Compiling derive_builder_core v0.9.0
   Compiling strum_macros v0.17.1
    Checking tokio-native-tls v0.3.1
    Checking dashmap v5.5.3
    Checking tokio-rustls v0.25.0
    Checking tungstenite v0.21.0
    Checking symphonia-utils-xiph v0.5.4
    Checking avif-serialize v0.8.3
   Compiling parse-zoneinfo v0.3.1
    Checking http-body-util v0.1.3
   Compiling md-5 v0.10.6
   Compiling atoi v2.0.0
    Checking zune-inflate v0.2.54
    Checking fdeflate v0.3.7
    Checking safe_arch v0.7.4
    Checking primal-check v0.3.4
    Checking num-iter v0.1.45
    Checking sync_wrapper v1.0.2
   Compiling num-complex v0.2.4
   Compiling num-rational v0.2.4
   Compiling matrixmultiply v0.3.9
    Checking half v2.6.0
    Checking byteorder-lite v0.1.0
    Checking no-std-compat v0.2.0
    Checking no-std-net v0.6.0
    Checking webpki-roots v0.25.4
   Compiling fastrand v2.3.0
   Compiling convert_case v0.4.0
   Compiling dotenvy v0.15.7
    Checking rgb v0.8.50
    Checking num-conv v0.1.0
    Checking zune-core v0.4.12
    Checking sync_wrapper v0.1.2
   Compiling parking_lot_core v0.8.6
    Checking color_quant v1.1.0
    Checking jpeg-decoder v0.3.1
   Compiling whoami v1.6.0
   Compiling home v0.5.11
   Compiling serenity v0.12.4
    Checking tower-layer v0.3.3
    Checking bit_field v0.10.2
    Checking lebe v0.5.2
    Checking time-core v0.1.4
    Checking time v0.3.41
    Checking zune-jpeg v0.4.14
    Checking tower v0.5.2
    Checking exr v1.73.0
    Checking gif v0.13.1
    Checking tiff v0.9.1
   Compiling sqlx-postgres v0.8.5
    Checking reqwest v0.11.27
   Compiling derive_more v0.99.20
    Checking ravif v0.11.12
    Checking image-webp v0.2.1
    Checking pnet_base v0.34.0
   Compiling tempfile v3.19.1
   Compiling darling_macro v0.20.11
    Checking stable-vec v0.4.1
    Checking wide v0.7.32
    Checking png v0.17.16
   Compiling chrono-tz-build v0.4.1
    Checking strum v0.17.1
    Checking hyper-tls v0.6.0
    Checking tokio-tungstenite v0.21.0
    Checking rand v0.9.1
   Compiling shorthand v0.1.1
    Checking hyper-rustls v0.27.5
    Checking polyval v0.6.2
    Checking secrecy v0.8.0
    Checking serde_cow v0.1.2
    Checking fxhash v0.2.1
   Compiling async-trait v0.1.88
   Compiling pin-project-internal v1.1.10
    Checking qoi v0.4.1
    Checking aead v0.5.2
    Checking rustls-pemfile v2.2.0
    Checking crossbeam-channel v0.5.15
    Checking approx v0.5.1
    Checking ordered-float v2.10.1
    Checking instant v0.1.13
    Checking typemap_rev v0.3.0
    Checking rawpointer v0.2.1
   Compiling heck v0.5.0
    Checking ttf-parser v0.25.1
   Compiling sqlx-macros-core v0.8.5
    Checking serde-value v0.7.0
    Checking realfft v3.4.0
    Checking pin-project v1.1.10
    Checking simba v0.8.1
    Checking owned_ttf_parser v0.25.0
    Checking reqwest v0.12.15
    Checking hls_m3u8 v0.4.2
    Checking image v0.25.6
    Checking ghash v0.5.1
    Checking tungstenite v0.26.2
   Compiling chrono-tz v0.10.3
   Compiling darling v0.20.11
    Checking pnet_macros_support v0.34.0
    Checking symphonia-format-ogg v0.5.4
    Checking symphonia-codec-vorbis v0.5.4
    Checking poly1305 v0.8.0
    Checking symphonia-bundle-mp3 v0.5.4
    Checking chacha20 v0.9.1
    Checking ctr v0.9.2
    Checking aes v0.8.4
   Compiling pnet_macros v0.34.0
   Compiling derivative v2.2.0
   Compiling serde_repr v0.1.20
    Checking patricia_tree v0.8.0
    Checking spin v0.9.8
    Checking nanorand v0.7.0
    Checking num_cpus v1.16.0
    Checking overload v0.1.1
    Checking ab_glyph_rasterizer v0.1.8
   Compiling songbird v0.5.0
   Compiling mini-moka v0.10.3
    Checking ab_glyph v0.2.29
    Checking discortp v0.6.0
    Checking flume v0.11.1
    Checking rusty_pool v0.7.0
    Checking nu-ansi-term v0.46.0
    Checking nalgebra v0.32.6
    Checking stream_lib v0.5.2
    Checking serenity-voice-model v0.2.0
    Checking aes-gcm v0.10.3
    Checking symphonia v0.5.4
    Checking chacha20poly1305 v0.10.1
    Checking num v0.2.1
   Compiling poise_macros v0.6.1
    Checking tokio-tungstenite v0.26.2
   Compiling sqlx-macros v0.8.5
    Checking parking_lot v0.11.2
    Checking tracing-futures v0.2.5
    Checking phf v0.11.3
    Checking serde-aux v4.7.0
    Checking rubato v0.16.2
    Checking num v0.4.3
    Checking dashmap v6.1.0
    Checking uuid v1.16.0
    Checking streamcatcher v1.0.1
    Checking rand_distr v0.4.3
    Checking sharded-slab v0.1.7
    Checking tracing-log v0.2.0
    Checking ringbuf v0.4.8
    Checking thread_local v1.1.8
    Checking nohash-hasher v0.2.0
    Checking triomphe v0.1.14
   Compiling wobot v1.1.0 (/tmp/nix-shell.uUVugk/Friendly-Banana_wobot_skupwqro)
    Checking tagptr v0.2.0
    Checking tracing-subscriber v0.3.19
    Checking uwuify v0.2.2
    Checking parse_duration v2.1.1
    Checking sqlx v0.8.5
    Checking stitchy-core v0.1.5
    Checking dateparser v0.2.1 (https://github.com/RiediJohannes/dateparser#fa7f98dc)
    Checking itertools v0.14.0
    Checking deser-hjson v2.2.4
    Checking ics v0.5.8
    Checking imageproc v0.25.0
    Checking audiopus v0.3.0-rc.0
    Checking poise v0.6.1
error[E0275]: overflow evaluating the requirement `manager::Songbird: Sync`
   --> /home/adwin/.cargo/registry/src/mirrors.tuna.tsinghua.edu.cn-4dc01642fd091eda/songbird-0.5.0/src/manager.rs:418:30
    |
418 | impl VoiceGatewayManager for Songbird {
    |                              ^^^^^^^^
    |
    = help: consider increasing the recursion limit by adding a `#![recursion_limit = "256"]` attribute to your crate (`songbird`)
note: required by a bound in `VoiceGatewayManager`
   --> /home/adwin/.cargo/registry/src/mirrors.tuna.tsinghua.edu.cn-4dc01642fd091eda/serenity-0.12.4/src/gateway/bridge/voice.rs:13:39
    |
 13 | pub trait VoiceGatewayManager: Send + Sync {
    |                                       ^^^^ required by this bound in `VoiceGatewayManager`

error[E0275]: overflow evaluating the requirement `manager::Songbird: std::marker::Send`
   --> /home/adwin/.cargo/registry/src/mirrors.tuna.tsinghua.edu.cn-4dc01642fd091eda/songbird-0.5.0/src/manager.rs:418:30
    |
418 | impl VoiceGatewayManager for Songbird {
    |                              ^^^^^^^^
    |
    = help: consider increasing the recursion limit by adding a `#![recursion_limit = "256"]` attribute to your crate (`songbird`)
note: required by a bound in `VoiceGatewayManager`
   --> /home/adwin/.cargo/registry/src/mirrors.tuna.tsinghua.edu.cn-4dc01642fd091eda/serenity-0.12.4/src/gateway/bridge/voice.rs:13:32
    |
 13 | pub trait VoiceGatewayManager: Send + Sync {
    |                                ^^^^ required by this bound in `VoiceGatewayManager`

error[E0275]: overflow evaluating the requirement `ringbuf::Arc<manager::Songbird>: Sync`
  --> /home/adwin/.cargo/registry/src/mirrors.tuna.tsinghua.edu.cn-4dc01642fd091eda/songbird-0.5.0/src/serenity.rs:21:18
   |
21 |     type Value = Arc<Songbird>;
   |                  ^^^^^^^^^^^^^
   |
   = help: consider increasing the recursion limit by adding a `#![recursion_limit = "256"]` attribute to your crate (`songbird`)
note: required by a bound in `serenity::prelude::TypeMapKey::Value`
  --> /home/adwin/.cargo/registry/src/mirrors.tuna.tsinghua.edu.cn-4dc01642fd091eda/typemap_rev-0.3.0/src/lib.rs:94:30
   |
94 |     type Value: Any + Send + Sync;
   |                              ^^^^ required by this bound in `TypeMapKey::Value`

error[E0275]: overflow evaluating the requirement `ringbuf::Arc<manager::Songbird>: std::marker::Send`
  --> /home/adwin/.cargo/registry/src/mirrors.tuna.tsinghua.edu.cn-4dc01642fd091eda/songbird-0.5.0/src/serenity.rs:21:18
   |
21 |     type Value = Arc<Songbird>;
   |                  ^^^^^^^^^^^^^
   |
   = help: consider increasing the recursion limit by adding a `#![recursion_limit = "256"]` attribute to your crate (`songbird`)
note: required by a bound in `serenity::prelude::TypeMapKey::Value`
  --> /home/adwin/.cargo/registry/src/mirrors.tuna.tsinghua.edu.cn-4dc01642fd091eda/typemap_rev-0.3.0/src/lib.rs:94:23
   |
94 |     type Value: Any + Send + Sync;
   |                       ^^^^ required by this bound in `TypeMapKey::Value`

error[E0275]: overflow evaluating the requirement `impl futures::Future<Output = ()>: std::marker::Send`
   --> /home/adwin/.cargo/registry/src/mirrors.tuna.tsinghua.edu.cn-4dc01642fd091eda/songbird-0.5.0/src/driver/connection/mod.rs:244:15
    |
244 |         spawn(ws_task::runner(interconnect.clone(), ws_state));
    |         ----- ^^^^^^^^^^^^^^^^^^^^^^^^^^^^^^^^^^^^^^^^^^^^^^^
    |         |
    |         required by a bound introduced by this call
    |
    = help: consider increasing the recursion limit by adding a `#![recursion_limit = "256"]` attribute to your crate (`songbird`)
note: required by a bound in `tokio::spawn`
   --> /home/adwin/.cargo/registry/src/mirrors.tuna.tsinghua.edu.cn-4dc01642fd091eda/tokio-1.44.2/src/task/spawn.rs:168:21
    |
166 |     pub fn spawn<F>(future: F) -> JoinHandle<F::Output>
    |            ----- required by a bound in this function
167 |     where
168 |         F: Future + Send + 'static,
    |                     ^^^^ required by this bound in `spawn`

error[E0275]: overflow evaluating the requirement `std::pin::Pin<Box<{async block@/home/adwin/.cargo/registry/src/mirrors.tuna.tsinghua.edu.cn-4dc01642fd091eda/poise-0.6.1/src/framework/mod.rs:152:82: 154:6}>>: CoerceUnsized<std::pin::Pin<Box<dyn futures_util::Future<Output = ()> + std::marker::Send>>>`
   --> /home/adwin/.cargo/registry/src/mirrors.tuna.tsinghua.edu.cn-4dc01642fd091eda/poise-0.6.1/src/framework/mod.rs:152:82
    |
152 |       async fn dispatch(&self, ctx: serenity::Context, event: serenity::FullEvent) {
    |  __________________________________________________________________________________^
153 | |         raw_dispatch_event(self, ctx, event).await
154 | |     }
    | |_____^
    |
    = help: consider increasing the recursion limit by adding a `#![recursion_limit = "256"]` attribute to your crate (`poise`)
    = note: required for the cast from `Pin<Box<...>>` to `std::pin::Pin<Box<dyn futures_util::Future<Output = ()> + std::marker::Send>>`
    = note: the full name for the type has been written to '/tmp/nix-shell.uUVugk/Friendly-Banana_wobot_skupwqro/target/debug/deps/poise-5e1863f2fd0d63c0.long-type-17073839102668979478.txt'
    = note: consider using `--verbose` to print the full type name to the console

error[E0275]: overflow evaluating the requirement `<SongbirdKey as TypeMapKey>::Value: typemap_rev::IntoBox<dyn std::any::Any + std::marker::Send + Sync>`
   --> /home/adwin/.cargo/registry/src/mirrors.tuna.tsinghua.edu.cn-4dc01642fd091eda/songbird-0.5.0/src/serenity.rs:54:10
    |
 54 |     data.get::<SongbirdKey>().cloned()
    |          ^^^
    |
    = help: consider increasing the recursion limit by adding a `#![recursion_limit = "256"]` attribute to your crate (`songbird`)
note: required by a bound in `TypeMap::<S>::get`
   --> /home/adwin/.cargo/registry/src/mirrors.tuna.tsinghua.edu.cn-4dc01642fd091eda/typemap_rev-0.3.0/src/lib.rs:234:19
    |
231 |     pub fn get<T>(&self) -> Option<&T::Value>
    |            --- required by a bound in this associated function
...
234 |         T::Value: IntoBox<S>,
    |                   ^^^^^^^^^^ required by this bound in `TypeMap::<S>::get`

error[E0275]: overflow evaluating the requirement `{closure@/home/adwin/.cargo/registry/src/mirrors.tuna.tsinghua.edu.cn-4dc01642fd091eda/songbird-0.5.0/src/driver/scheduler/live.rs:630:28: 630:35}: std::marker::Send`
   --> /home/adwin/.cargo/registry/src/mirrors.tuna.tsinghua.edu.cn-4dc01642fd091eda/songbird-0.5.0/src/driver/scheduler/live.rs:630:28
    |
630 |           std::thread::spawn(move || {
    |  _________------------------_^
    | |         |
    | |         required by a bound introduced by this call
631 | |             self.run();
632 | |         });
    | |_________^
    |
    = help: consider increasing the recursion limit by adding a `#![recursion_limit = "256"]` attribute to your crate (`songbird`)
note: required by a bound in `std::thread::spawn`
   --> /home/adwin/.rustup/toolchains/nightly-x86_64-unknown-linux-gnu/lib/rustlib/src/rust/library/std/src/thread/functions.rs:128:8
    |
125 | pub fn spawn<F, T>(f: F) -> JoinHandle<T>
    |        ----- required by a bound in this function
...
128 |     F: Send + 'static,
    |        ^^^^ required by this bound in `spawn`

For more information about this error, try `rustc --explain E0275`.
error: could not compile `poise` (lib) due to 1 previous error
warning: build failed, waiting for other jobs to finish...
error[E0275]: overflow evaluating the requirement `{async block@/home/adwin/.cargo/registry/src/mirrors.tuna.tsinghua.edu.cn-4dc01642fd091eda/songbird-0.5.0/src/driver/scheduler/idle.rs:217:22: 217:32}: std::marker::Send`
   --> /home/adwin/.cargo/registry/src/mirrors.tuna.tsinghua.edu.cn-4dc01642fd091eda/songbird-0.5.0/src/driver/scheduler/idle.rs:217:9
    |
217 |         tokio::spawn(async move { self.run().await });
    |         ^^^^^^^^^^^^^^^^^^^^^^^^^^^^^^^^^^^^^^^^^^^^^
    |
    = help: consider increasing the recursion limit by adding a `#![recursion_limit = "256"]` attribute to your crate (`songbird`)
note: required by a bound in `tokio::spawn`
   --> /home/adwin/.cargo/registry/src/mirrors.tuna.tsinghua.edu.cn-4dc01642fd091eda/tokio-1.44.2/src/task/spawn.rs:168:21
    |
166 |     pub fn spawn<F>(future: F) -> JoinHandle<F::Output>
    |            ----- required by a bound in this function
167 |     where
168 |         F: Future + Send + 'static,
    |                     ^^^^ required by this bound in `spawn`

error[E0275]: overflow evaluating the requirement `{async block@/home/adwin/.cargo/registry/src/mirrors.tuna.tsinghua.edu.cn-4dc01642fd091eda/songbird-0.5.0/src/driver/tasks/mod.rs:30:11: 30:21}: std::marker::Send`
   --> /home/adwin/.cargo/registry/src/mirrors.tuna.tsinghua.edu.cn-4dc01642fd091eda/songbird-0.5.0/src/driver/tasks/mod.rs:30:5
    |
 30 | /     spawn(async move {
 31 | |         trace!("Driver started.");
 32 | |         runner(config, rx, tx).await;
 33 | |         trace!("Driver finished.");
 34 | |     });
    | |______^
    |
    = help: consider increasing the recursion limit by adding a `#![recursion_limit = "256"]` attribute to your crate (`songbird`)
note: required by a bound in `tokio::spawn`
   --> /home/adwin/.cargo/registry/src/mirrors.tuna.tsinghua.edu.cn-4dc01642fd091eda/tokio-1.44.2/src/task/spawn.rs:168:21
    |
166 |     pub fn spawn<F>(future: F) -> JoinHandle<F::Output>
    |            ----- required by a bound in this function
167 |     where
168 |         F: Future + Send + 'static,
    |                     ^^^^ required by this bound in `spawn`

error[E0275]: overflow evaluating the requirement `{async block@/home/adwin/.cargo/registry/src/mirrors.tuna.tsinghua.edu.cn-4dc01642fd091eda/songbird-0.5.0/src/driver/tasks/mod.rs:298:27: 298:37}: std::marker::Send`
   --> /home/adwin/.cargo/registry/src/mirrors.tuna.tsinghua.edu.cn-4dc01642fd091eda/songbird-0.5.0/src/driver/tasks/mod.rs:298:21
    |
298 | /                     spawn(async move {
299 | |                         tsleep(t).await;
300 | |                         drop(remote_ic.core.send(CoreMessage::RetryConnect(idx)));
301 | |                     });
    | |______________________^
    |
    = help: consider increasing the recursion limit by adding a `#![recursion_limit = "256"]` attribute to your crate (`songbird`)
note: required by a bound in `tokio::spawn`
   --> /home/adwin/.cargo/registry/src/mirrors.tuna.tsinghua.edu.cn-4dc01642fd091eda/tokio-1.44.2/src/task/spawn.rs:168:21
    |
166 |     pub fn spawn<F>(future: F) -> JoinHandle<F::Output>
    |            ----- required by a bound in this function
167 |     where
168 |         F: Future + Send + 'static,
    |                     ^^^^ required by this bound in `spawn`

error[E0275]: overflow evaluating the requirement `std::pin::Pin<Box<{async block@/home/adwin/.cargo/registry/src/mirrors.tuna.tsinghua.edu.cn-4dc01642fd091eda/songbird-0.5.0/src/manager.rs:419:73: 426:6}>>: CoerceUnsized<std::pin::Pin<Box<dyn futures::Future<Output = ()> + std::marker::Send>>>`
   --> /home/adwin/.cargo/registry/src/mirrors.tuna.tsinghua.edu.cn-4dc01642fd091eda/songbird-0.5.0/src/manager.rs:419:73
    |
419 |       async fn initialise(&self, shard_count: u32, user_id: SerenityUser) {
    |  _________________________________________________________________________^
420 | |         debug!(
421 | |             "Initialising Songbird for Serenity: ID {:?}, {} Shards",
422 | |             user_id, shard_count
...   |
425 | |         debug!("Songbird ({:?}) Initialised!", user_id);
426 | |     }
    | |_____^
    |
    = help: consider increasing the recursion limit by adding a `#![recursion_limit = "256"]` attribute to your crate (`songbird`)
    = note: required for the cast from `Pin<Box<...>>` to `std::pin::Pin<Box<dyn futures::Future<Output = ()> + std::marker::Send>>`
    = note: the full name for the type has been written to '/tmp/nix-shell.uUVugk/Friendly-Banana_wobot_skupwqro/target/debug/deps/songbird-3a59d177a7e64141.long-type-16092152559018944148.txt'
    = note: consider using `--verbose` to print the full type name to the console

error[E0275]: overflow evaluating the requirement `std::pin::Pin<Box<{async block@/home/adwin/.cargo/registry/src/mirrors.tuna.tsinghua.edu.cn-4dc01642fd091eda/songbird-0.5.0/src/manager.rs:428:87: 435:6}>>: CoerceUnsized<std::pin::Pin<Box<dyn futures::Future<Output = ()> + std::marker::Send>>>`
   --> /home/adwin/.cargo/registry/src/mirrors.tuna.tsinghua.edu.cn-4dc01642fd091eda/songbird-0.5.0/src/manager.rs:428:87
    |
428 |       async fn register_shard(&self, shard_id: u32, sender: Sender<ShardRunnerMessage>) {
    |  _______________________________________________________________________________________^
429 | |         debug!(
430 | |             "Registering Serenity shard handle {} with Songbird",
431 | |             shard_id
...   |
434 | |         debug!("Registered shard handle {}.", shard_id);
435 | |     }
    | |_____^
    |
    = help: consider increasing the recursion limit by adding a `#![recursion_limit = "256"]` attribute to your crate (`songbird`)
    = note: required for the cast from `Pin<Box<...>>` to `std::pin::Pin<Box<dyn futures::Future<Output = ()> + std::marker::Send>>`
    = note: the full name for the type has been written to '/tmp/nix-shell.uUVugk/Friendly-Banana_wobot_skupwqro/target/debug/deps/songbird-3a59d177a7e64141.long-type-3581846551802296037.txt'
    = note: consider using `--verbose` to print the full type name to the console

error[E0275]: overflow evaluating the requirement `std::pin::Pin<Box<{async block@/home/adwin/.cargo/registry/src/mirrors.tuna.tsinghua.edu.cn-4dc01642fd091eda/songbird-0.5.0/src/manager.rs:437:53: 444:6}>>: CoerceUnsized<std::pin::Pin<Box<dyn futures::Future<Output = ()> + std::marker::Send>>>`
   --> /home/adwin/.cargo/registry/src/mirrors.tuna.tsinghua.edu.cn-4dc01642fd091eda/songbird-0.5.0/src/manager.rs:437:53
    |
437 |       async fn deregister_shard(&self, shard_id: u32) {
    |  _____________________________________________________^
438 | |         debug!(
439 | |             "Deregistering Serenity shard handle {} with Songbird",
440 | |             shard_id
...   |
443 | |         debug!("Deregistered shard handle {}.", shard_id);
444 | |     }
    | |_____^
    |
    = help: consider increasing the recursion limit by adding a `#![recursion_limit = "256"]` attribute to your crate (`songbird`)
    = note: required for the cast from `Pin<Box<...>>` to `std::pin::Pin<Box<dyn futures::Future<Output = ()> + std::marker::Send>>`
    = note: the full name for the type has been written to '/tmp/nix-shell.uUVugk/Friendly-Banana_wobot_skupwqro/target/debug/deps/songbird-3a59d177a7e64141.long-type-5284363575415457439.txt'
    = note: consider using `--verbose` to print the full type name to the console

error[E0275]: overflow evaluating the requirement `std::pin::Pin<Box<{async block@/home/adwin/.cargo/registry/src/mirrors.tuna.tsinghua.edu.cn-4dc01642fd091eda/songbird-0.5.0/src/manager.rs:446:100: 453:6}>>: CoerceUnsized<std::pin::Pin<Box<dyn futures::Future<Output = ()> + std::marker::Send>>>`
   --> /home/adwin/.cargo/registry/src/mirrors.tuna.tsinghua.edu.cn-4dc01642fd091eda/songbird-0.5.0/src/manager.rs:446:100
    |
446 |       async fn server_update(&self, guild_id: SerenityGuild, endpoint: &Option<String>, token: &str) {
    |  ____________________________________________________________________________________________________^
447 | |         if let Some(call) = self.get(guild_id) {
448 | |             let mut handler = call.lock().await;
449 | |             if let Some(endpoint) = endpoint {
...   |
453 | |     }
    | |_____^
    |
    = help: consider increasing the recursion limit by adding a `#![recursion_limit = "256"]` attribute to your crate (`songbird`)
    = note: required for the cast from `Pin<Box<...>>` to `std::pin::Pin<Box<dyn futures::Future<Output = ()> + std::marker::Send>>`
    = note: the full name for the type has been written to '/tmp/nix-shell.uUVugk/Friendly-Banana_wobot_skupwqro/target/debug/deps/songbird-3a59d177a7e64141.long-type-12754440906060679911.txt'
    = note: consider using `--verbose` to print the full type name to the console

error[E0275]: overflow evaluating the requirement `std::pin::Pin<Box<{async block@/home/adwin/.cargo/registry/src/mirrors.tuna.tsinghua.edu.cn-4dc01642fd091eda/songbird-0.5.0/src/manager.rs:455:85: 466:6}>>: CoerceUnsized<std::pin::Pin<Box<dyn futures::Future<Output = ()> + std::marker::Send>>>`
   --> /home/adwin/.cargo/registry/src/mirrors.tuna.tsinghua.edu.cn-4dc01642fd091eda/songbird-0.5.0/src/manager.rs:455:85
    |
455 |       async fn state_update(&self, guild_id: SerenityGuild, voice_state: &VoiceState) {
    |  _____________________________________________________________________________________^
456 | |         if self.client_data.get().map_or(true, |data| {
457 | |             voice_state.user_id.get() != data.user_id.0.get()
458 | |         }) {
...   |
466 | |     }
    | |_____^
    |
    = help: consider increasing the recursion limit by adding a `#![recursion_limit = "256"]` attribute to your crate (`songbird`)
    = note: required for the cast from `Pin<Box<...>>` to `std::pin::Pin<Box<dyn futures::Future<Output = ()> + std::marker::Send>>`
    = note: the full name for the type has been written to '/tmp/nix-shell.uUVugk/Friendly-Banana_wobot_skupwqro/target/debug/deps/songbird-3a59d177a7e64141.long-type-6672868240502631990.txt'
    = note: consider using `--verbose` to print the full type name to the console

error: could not compile `songbird` (lib) due to 15 previous errors
