Running as unit: run-p95612-i4289357.scope; invocation ID: 1989a51e03f747f5a318af8176ee0fca
   Compiling proc-macro2 v1.0.95
   Compiling unicode-ident v1.0.18
   Compiling libc v0.2.174
    Checking cfg-if v1.0.1
   Compiling autocfg v1.5.0
   Compiling shlex v1.3.0
    Checking smallvec v1.15.1
    Checking stable_deref_trait v1.2.0
    Checking pin-project-lite v0.2.16
   Compiling pkg-config v0.3.32
    Checking log v0.4.27
   Compiling version_check v0.9.5
    Checking bytes v1.10.1
   Compiling lock_api v0.4.13
   Compiling parking_lot_core v0.9.11
   Compiling quote v1.0.40
    Checking futures-core v0.3.31
   Compiling glob v0.3.2
    Checking scopeguard v1.2.0
   Compiling syn v2.0.104
    Checking memchr v2.7.5
   Compiling jobserver v0.1.33
    Checking once_cell v1.21.3
   Compiling clang-sys v1.8.1
   Compiling typenum v1.18.0
    Checking itoa v1.0.15
   Compiling cc v1.2.31
   Compiling getrandom v0.3.3
    Checking parking_lot v0.12.4
    Checking socket2 v0.6.0
    Checking signal-hook-registry v1.4.5
    Checking mio v1.0.4
   Compiling generic-array v0.14.7
   Compiling syn v1.0.109
   Compiling regex-syntax v0.8.5
    Checking litemap v0.8.0
   Compiling minimal-lexical v0.2.1
   Compiling serde v1.0.219
    Checking writeable v0.6.1
    Checking tracing-core v0.1.34
   Compiling nom v7.1.3
   Compiling libloading v0.8.8
   Compiling zerocopy v0.8.26
   Compiling zstd-sys v2.0.15+zstd.1.5.7
   Compiling icu_normalizer_data v2.0.0
   Compiling icu_properties_data v2.0.1
   Compiling bindgen v0.64.0
   Compiling regex-automata v0.4.9
   Compiling cexpr v0.6.0
   Compiling synstructure v0.13.2
   Compiling regex v1.11.1
   Compiling lazy_static v1.5.0
    Checking percent-encoding v2.3.1
   Compiling rustc-hash v1.1.0
   Compiling peeking_take_while v0.1.2
    Checking futures-sink v0.3.31
   Compiling lazycell v1.3.0
   Compiling bitflags v1.3.2
    Checking aho-corasick v1.1.3
   Compiling zerofrom-derive v0.1.6
   Compiling yoke-derive v0.8.0
   Compiling zerovec-derive v0.11.1
   Compiling displaydoc v0.2.5
   Compiling tokio-macros v2.5.0
   Compiling serde_derive v1.0.219
   Compiling tracing-attributes v0.1.30
    Checking zerofrom v0.1.6
    Checking yoke v0.8.0
    Checking zerovec v0.11.2
    Checking tokio v1.47.1
    Checking tinystr v0.8.1
    Checking potential_utf v0.1.2
    Checking zerotrie v0.2.2
    Checking icu_collections v2.0.0
    Checking icu_locale_core v2.0.0
    Checking tracing v0.1.41
   Compiling num_cpus v1.17.0
    Checking icu_provider v2.0.0
   Compiling zstd-safe v7.2.4
    Checking pin-utils v0.1.0
    Checking local-waker v0.1.4
    Checking alloc-no-stdlib v2.0.4
   Compiling crc32fast v1.5.0
    Checking bitflags v2.9.1
    Checking futures-task v0.3.31
    Checking fnv v1.0.7
    Checking http v0.2.12
    Checking futures-util v0.3.31
    Checking alloc-stdlib v0.2.2
    Checking icu_properties v2.0.1
    Checking tokio-util v0.7.15
    Checking icu_normalizer v2.0.0
    Checking ppv-lite86 v0.2.21
    Checking crypto-common v0.1.6
    Checking block-buffer v0.10.4
    Checking rand_core v0.9.3
   Compiling unicode-xid v0.2.6
    Checking powerfmt v0.2.0
    Checking adler2 v2.0.1
    Checking hashbrown v0.15.4
    Checking equivalent v1.0.2
   Compiling httparse v1.10.1
   Compiling num-conv v0.1.0
   Compiling time-core v0.1.4
   Compiling time-macros v0.2.22
   Compiling bytestring v1.4.0
    Checking indexmap v2.10.0
    Checking deranged v0.4.0
    Checking miniz_oxide v0.8.9
   Compiling ffmpeg-sys-next v6.1.0
   Compiling derive_more-impl v2.0.1
    Checking idna_adapter v1.2.1
    Checking rand_chacha v0.9.0
    Checking digest v0.10.7
    Checking actix-rt v2.10.0
    Checking brotli-decompressor v5.0.0
    Checking actix-utils v3.0.1
    Checking form_urlencoded v1.2.1
    Checking actix-service v2.0.3
   Compiling cookie v0.16.2
   Compiling num-traits v0.2.19
    Checking slab v0.4.10
   Compiling serde_json v1.0.142
    Checking ryu v1.0.20
   Compiling regex-lite v0.1.6
    Checking cpufeatures v0.2.17
   Compiling rustix v1.0.8
    Checking utf8_iter v1.0.4
    Checking idna v1.0.3
    Checking time v0.3.41
    Checking sha1 v0.10.6
    Checking h2 v0.3.27
    Checking derive_more v2.0.1
    Checking brotli v8.0.1
   Compiling actix-router v0.5.3
    Checking flate2 v1.1.2
    Checking rand v0.9.2
    Checking actix-codec v0.5.2
    Checking local-channel v0.1.5
    Checking socket2 v0.5.10
    Checking encoding_rs v0.8.35
    Checking httpdate v1.0.3
    Checking mime v0.3.17
    Checking linux-raw-sys v0.9.4
    Checking language-tags v0.3.2
   Compiling anyhow v1.0.98
    Checking zstd v0.13.3
    Checking base64 v0.22.1
   Compiling ffmpeg-next v6.1.1
    Checking foldhash v0.1.5
    Checking actix-server v2.6.0
   Compiling actix-web-codegen v4.3.0
    Checking actix-http v3.11.0
    Checking url v2.5.4
    Checking serde_urlencoded v0.7.1
   Compiling actix-macros v0.2.4
    Checking is-terminal v0.4.16
    Checking iana-time-zone v0.1.63
   Compiling convert_case v0.4.0
    Checking termcolor v1.4.1
    Checking impl-more v0.1.9
    Checking humantime v2.2.0
    Checking fastrand v2.3.0
   Compiling derive_more v0.99.20
    Checking chrono v0.4.41
    Checking env_logger v0.10.2
    Checking tempfile v3.20.0
    Checking uuid v1.17.0
error[E0425]: cannot find value `AV_CH_LAYOUT_NATIVE` in this scope
     --> /home/adwin/.cargo/registry/src/mirrors.tuna.tsinghua.edu.cn-4dc01642fd091eda/ffmpeg-next-6.1.1/src/util/channel_layout.rs:31:39
      |
   31 |         const NATIVE                = AV_CH_LAYOUT_NATIVE;
      |                                       ^^^^^^^^^^^^^^^^^^^
      |
     ::: /tmp/nix-shell.AaBijX/gavuhop_photo-rust_nvfrce_2/target/debug/build/ffmpeg-sys-next-107180521f9810f5/out/bindings.rs:20842:1
      |
20842 | pub const AV_CH_LAYOUT_STEREO: libc::c_ulonglong = 3;
      | ------------------------------------------------ similarly named constant `AV_CH_LAYOUT_STEREO` defined here
      |
help: a constant with a similar name exists
      |
   31 -         const NATIVE                = AV_CH_LAYOUT_NATIVE;
   31 +         const NATIVE                = AV_CH_LAYOUT_STEREO;
      |

error[E0425]: cannot find value `AV_PIX_FMT_XVMC` in this scope
    --> /home/adwin/.cargo/registry/src/mirrors.tuna.tsinghua.edu.cn-4dc01642fd091eda/ffmpeg-next-6.1.1/src/util/format/pixel.rs:1056:28
     |
1056 |             Pixel::XVMC => AV_PIX_FMT_XVMC,
     |                            ^^^^^^^^^^^^^^^
     |
    ::: /tmp/nix-shell.AaBijX/gavuhop_photo-rust_nvfrce_2/target/debug/build/ffmpeg-sys-next-107180521f9810f5/out/bindings.rs:5760:5
     |
5760 |     AV_PIX_FMT_NV12 = 23,
     |     --------------- similarly named unit variant `AV_PIX_FMT_NV12` defined here
     |
help: a unit variant with a similar name exists
     |
1056 -             Pixel::XVMC => AV_PIX_FMT_XVMC,
1056 +             Pixel::XVMC => AV_PIX_FMT_NV12,
     |

error[E0425]: cannot find value `AV_OPT_TYPE_CHANNEL_LAYOUT` in this scope
     --> /home/adwin/.cargo/registry/src/mirrors.tuna.tsinghua.edu.cn-4dc01642fd091eda/ffmpeg-next-6.1.1/src/util/option/mod.rs:82:36
      |
   82 |             Type::ChannelLayout => AV_OPT_TYPE_CHANNEL_LAYOUT,
      |                                    ^^^^^^^^^^^^^^^^^^^^^^^^^^
      |
     ::: /tmp/nix-shell.AaBijX/gavuhop_photo-rust_nvfrce_2/target/debug/build/ffmpeg-sys-next-107180521f9810f5/out/bindings.rs:13672:5
      |
13672 |     AV_OPT_TYPE_CHLAYOUT = 19,
      |     -------------------- similarly named unit variant `AV_OPT_TYPE_CHLAYOUT` defined here
      |
help: a unit variant with a similar name exists
      |
   82 -             Type::ChannelLayout => AV_OPT_TYPE_CHANNEL_LAYOUT,
   82 +             Type::ChannelLayout => AV_OPT_TYPE_CHLAYOUT,
      |

error[E0425]: cannot find value `AV_CODEC_ID_AYUV` in this scope
    --> /home/adwin/.cargo/registry/src/mirrors.tuna.tsinghua.edu.cn-4dc01642fd091eda/ffmpeg-next-6.1.1/src/codec/id.rs:1538:25
     |
1538 |             Id::AYUV => AV_CODEC_ID_AYUV,
     |                         ^^^^^^^^^^^^^^^^
     |
    ::: /tmp/nix-shell.AaBijX/gavuhop_photo-rust_nvfrce_2/target/debug/build/ffmpeg-sys-next-107180521f9810f5/out/bindings.rs:8022:5
     |
8022 |     AV_CODEC_ID_CYUV = 26,
     |     ---------------- similarly named unit variant `AV_CODEC_ID_CYUV` defined here
     |
help: a unit variant with a similar name exists
     |
1538 -             Id::AYUV => AV_CODEC_ID_AYUV,
1538 +             Id::AYUV => AV_CODEC_ID_CYUV,
     |

error[E0425]: cannot find function `av_get_channel_layout_nb_channels` in this scope
  --> /home/adwin/.cargo/registry/src/mirrors.tuna.tsinghua.edu.cn-4dc01642fd091eda/ffmpeg-next-6.1.1/src/util/channel_layout.rs:78:18
   |
78 |         unsafe { av_get_channel_layout_nb_channels(self.bits()) }
   |                  ^^^^^^^^^^^^^^^^^^^^^^^^^^^^^^^^^ not found in this scope

error[E0425]: cannot find function `av_get_default_channel_layout` in this scope
  --> /home/adwin/.cargo/registry/src/mirrors.tuna.tsinghua.edu.cn-4dc01642fd091eda/ffmpeg-next-6.1.1/src/util/channel_layout.rs:83:47
   |
83 |             ChannelLayout::from_bits_truncate(av_get_default_channel_layout(number) as c_ulonglong)
   |                                               ^^^^^^^^^^^^^^^^^^^^^^^^^^^^^ not found in this scope

error[E0609]: no field `coded_picture_number` on type `sys::AVFrame`
   --> /home/adwin/.cargo/registry/src/mirrors.tuna.tsinghua.edu.cn-4dc01642fd091eda/ffmpeg-next-6.1.1/src/util/frame/video.rs:178:35
    |
178 |         unsafe { (*self.as_ptr()).coded_picture_number as usize }
    |                                   ^^^^^^^^^^^^^^^^^^^^ unknown field
    |
    = note: available fields are: `data`, `linesize`, `extended_data`, `width`, `height` ... and 40 others

error[E0609]: no field `display_picture_number` on type `sys::AVFrame`
   --> /home/adwin/.cargo/registry/src/mirrors.tuna.tsinghua.edu.cn-4dc01642fd091eda/ffmpeg-next-6.1.1/src/util/frame/video.rs:183:35
    |
183 |         unsafe { (*self.as_ptr()).display_picture_number as usize }
    |                                   ^^^^^^^^^^^^^^^^^^^^^^ unknown field
    |
    = note: available fields are: `data`, `linesize`, `extended_data`, `width`, `height` ... and 40 others

error[E0609]: no field `channel_layout` on type `sys::AVFrame`
  --> /home/adwin/.cargo/registry/src/mirrors.tuna.tsinghua.edu.cn-4dc01642fd091eda/ffmpeg-next-6.1.1/src/util/frame/audio.rs:66:69
   |
66 |         unsafe { ChannelLayout::from_bits_truncate((*self.as_ptr()).channel_layout as c_ulonglong) }
   |                                                                     ^^^^^^^^^^^^^^ unknown field
   |
   = note: available fields are: `data`, `linesize`, `extended_data`, `width`, `height` ... and 40 others

error[E0609]: no field `channel_layout` on type `sys::AVFrame`
  --> /home/adwin/.cargo/registry/src/mirrors.tuna.tsinghua.edu.cn-4dc01642fd091eda/ffmpeg-next-6.1.1/src/util/frame/audio.rs:71:39
   |
71 |         unsafe { (*self.as_mut_ptr()).channel_layout = value.bits() }
   |                                       ^^^^^^^^^^^^^^ unknown field
   |
   = note: available fields are: `data`, `linesize`, `extended_data`, `width`, `height` ... and 40 others

error[E0609]: no field `channels` on type `sys::AVFrame`
  --> /home/adwin/.cargo/registry/src/mirrors.tuna.tsinghua.edu.cn-4dc01642fd091eda/ffmpeg-next-6.1.1/src/util/frame/audio.rs:76:35
   |
76 |         unsafe { (*self.as_ptr()).channels as u16 }
   |                                   ^^^^^^^^ unknown field
   |
   = note: available fields are: `data`, `linesize`, `extended_data`, `width`, `height` ... and 40 others

error[E0609]: no field `channels` on type `sys::AVFrame`
  --> /home/adwin/.cargo/registry/src/mirrors.tuna.tsinghua.edu.cn-4dc01642fd091eda/ffmpeg-next-6.1.1/src/util/frame/audio.rs:82:34
   |
82 |             (*self.as_mut_ptr()).channels = i32::from(value);
   |                                  ^^^^^^^^ unknown field
   |
   = note: available fields are: `data`, `linesize`, `extended_data`, `width`, `height` ... and 40 others

error[E0609]: no field `pkt_duration` on type `sys::AVFrame`
  --> /home/adwin/.cargo/registry/src/mirrors.tuna.tsinghua.edu.cn-4dc01642fd091eda/ffmpeg-next-6.1.1/src/util/frame/mod.rs:82:44
   |
82 |                 duration: (*self.as_ptr()).pkt_duration,
   |                                            ^^^^^^^^^^^^ unknown field
   |
help: a field with a similar name exists
   |
82 -                 duration: (*self.as_ptr()).pkt_duration,
82 +                 duration: (*self.as_ptr()).duration,
   |

error[E0425]: cannot find function `av_opt_set_channel_layout` in this scope
     --> /home/adwin/.cargo/registry/src/mirrors.tuna.tsinghua.edu.cn-4dc01642fd091eda/ffmpeg-next-6.1.1/src/util/option/traits.rs:137:20
      |
  137 |               check!(av_opt_set_channel_layout(
      |                      ^^^^^^^^^^^^^^^^^^^^^^^^^
      |
     ::: /tmp/nix-shell.AaBijX/gavuhop_photo-rust_nvfrce_2/target/debug/build/ffmpeg-sys-next-107180521f9810f5/out/bindings.rs:14238:5
      |
14238 | /     pub fn av_opt_set_chlayout(
14239 | |         obj: *mut libc::c_void,
14240 | |         name: *const libc::c_char,
14241 | |         layout: *const AVChannelLayout,
14242 | |         search_flags: libc::c_int,
14243 | |     ) -> libc::c_int;
      | |_____________________- similarly named function `av_opt_set_chlayout` defined here
      |
help: a function with a similar name exists
      |
  137 -             check!(av_opt_set_channel_layout(
  137 +             check!(av_opt_set_chlayout(
      |

error[E0609]: no field `channel_layouts` on type `sys::AVCodec`
  --> /home/adwin/.cargo/registry/src/mirrors.tuna.tsinghua.edu.cn-4dc01642fd091eda/ffmpeg-next-6.1.1/src/codec/audio.rs:41:39
   |
41 |             if (*self.codec.as_ptr()).channel_layouts.is_null() {
   |                                       ^^^^^^^^^^^^^^^ unknown field
   |
help: a field with a similar name exists
   |
41 -             if (*self.codec.as_ptr()).channel_layouts.is_null() {
41 +             if (*self.codec.as_ptr()).ch_layouts.is_null() {
   |

error[E0609]: no field `channel_layouts` on type `sys::AVCodec`
  --> /home/adwin/.cargo/registry/src/mirrors.tuna.tsinghua.edu.cn-4dc01642fd091eda/ffmpeg-next-6.1.1/src/codec/audio.rs:45:44
   |
45 |                     (*self.codec.as_ptr()).channel_layouts,
   |                                            ^^^^^^^^^^^^^^^ unknown field
   |
help: a field with a similar name exists
   |
45 -                     (*self.codec.as_ptr()).channel_layouts,
45 +                     (*self.codec.as_ptr()).ch_layouts,
   |

error[E0609]: no field `slice_count` on type `sys::AVCodecContext`
  --> /home/adwin/.cargo/registry/src/mirrors.tuna.tsinghua.edu.cn-4dc01642fd091eda/ffmpeg-next-6.1.1/src/codec/decoder/video.rs:89:34
   |
89 |             (*self.as_mut_ptr()).slice_count = value as c_int;
   |                                  ^^^^^^^^^^^ unknown field
   |
   = note: available fields are: `av_class`, `log_level_offset`, `codec_type`, `codec`, `codec_id` ... and 95 others

error[E0609]: no field `channels` on type `sys::AVCodecContext`
  --> /home/adwin/.cargo/registry/src/mirrors.tuna.tsinghua.edu.cn-4dc01642fd091eda/ffmpeg-next-6.1.1/src/codec/decoder/audio.rs:51:35
   |
51 |         unsafe { (*self.as_ptr()).channels as u16 }
   |                                   ^^^^^^^^ unknown field
   |
   = note: available fields are: `av_class`, `log_level_offset`, `codec_type`, `codec`, `codec_id` ... and 95 others

error[E0609]: no field `frame_number` on type `sys::AVCodecContext`
  --> /home/adwin/.cargo/registry/src/mirrors.tuna.tsinghua.edu.cn-4dc01642fd091eda/ffmpeg-next-6.1.1/src/codec/decoder/audio.rs:65:35
   |
65 |         unsafe { (*self.as_ptr()).frame_number as usize }
   |                                   ^^^^^^^^^^^^ unknown field
   |
   = note: available fields are: `av_class`, `log_level_offset`, `codec_type`, `codec`, `codec_id` ... and 95 others

error[E0609]: no field `channel_layout` on type `sys::AVCodecContext`
  --> /home/adwin/.cargo/registry/src/mirrors.tuna.tsinghua.edu.cn-4dc01642fd091eda/ffmpeg-next-6.1.1/src/codec/decoder/audio.rs:73:69
   |
73 |         unsafe { ChannelLayout::from_bits_truncate((*self.as_ptr()).channel_layout) }
   |                                                                     ^^^^^^^^^^^^^^ unknown field
   |
   = note: available fields are: `av_class`, `log_level_offset`, `codec_type`, `codec`, `codec_id` ... and 95 others

error[E0609]: no field `channel_layout` on type `sys::AVCodecContext`
  --> /home/adwin/.cargo/registry/src/mirrors.tuna.tsinghua.edu.cn-4dc01642fd091eda/ffmpeg-next-6.1.1/src/codec/decoder/audio.rs:78:34
   |
78 |             (*self.as_mut_ptr()).channel_layout = value.bits();
   |                                  ^^^^^^^^^^^^^^ unknown field
   |
   = note: available fields are: `av_class`, `log_level_offset`, `codec_type`, `codec`, `codec_id` ... and 95 others

error[E0609]: no field `request_channel_layout` on type `sys::AVCodecContext`
  --> /home/adwin/.cargo/registry/src/mirrors.tuna.tsinghua.edu.cn-4dc01642fd091eda/ffmpeg-next-6.1.1/src/codec/decoder/audio.rs:84:34
   |
84 |             (*self.as_mut_ptr()).request_channel_layout = value.bits();
   |                                  ^^^^^^^^^^^^^^^^^^^^^^ unknown field
   |
   = note: available fields are: `av_class`, `log_level_offset`, `codec_type`, `codec`, `codec_id` ... and 95 others

error[E0609]: no field `channel_layout` on type `sys::AVCodecContext`
  --> /home/adwin/.cargo/registry/src/mirrors.tuna.tsinghua.edu.cn-4dc01642fd091eda/ffmpeg-next-6.1.1/src/codec/encoder/audio.rs:98:34
   |
98 |             (*self.as_mut_ptr()).channel_layout = value.bits();
   |                                  ^^^^^^^^^^^^^^ unknown field
   |
   = note: available fields are: `av_class`, `log_level_offset`, `codec_type`, `codec`, `codec_id` ... and 95 others

error[E0609]: no field `channel_layout` on type `sys::AVCodecContext`
   --> /home/adwin/.cargo/registry/src/mirrors.tuna.tsinghua.edu.cn-4dc01642fd091eda/ffmpeg-next-6.1.1/src/codec/encoder/audio.rs:103:69
    |
103 |         unsafe { ChannelLayout::from_bits_truncate((*self.as_ptr()).channel_layout) }
    |                                                                     ^^^^^^^^^^^^^^ unknown field
    |
    = note: available fields are: `av_class`, `log_level_offset`, `codec_type`, `codec`, `codec_id` ... and 95 others

error[E0609]: no field `channels` on type `sys::AVCodecContext`
   --> /home/adwin/.cargo/registry/src/mirrors.tuna.tsinghua.edu.cn-4dc01642fd091eda/ffmpeg-next-6.1.1/src/codec/encoder/audio.rs:108:34
    |
108 |             (*self.as_mut_ptr()).channels = value;
    |                                  ^^^^^^^^ unknown field
    |
    = note: available fields are: `av_class`, `log_level_offset`, `codec_type`, `codec`, `codec_id` ... and 95 others

error[E0609]: no field `channels` on type `sys::AVCodecContext`
   --> /home/adwin/.cargo/registry/src/mirrors.tuna.tsinghua.edu.cn-4dc01642fd091eda/ffmpeg-next-6.1.1/src/codec/encoder/audio.rs:113:35
    |
113 |         unsafe { (*self.as_ptr()).channels as u16 }
    |                                   ^^^^^^^^ unknown field
    |
    = note: available fields are: `av_class`, `log_level_offset`, `codec_type`, `codec`, `codec_id` ... and 95 others

error[E0425]: cannot find function `swr_alloc_set_opts` in this scope
     --> /home/adwin/.cargo/registry/src/mirrors.tuna.tsinghua.edu.cn-4dc01642fd091eda/ffmpeg-next-6.1.1/src/software/resampling/context.rs:71:23
      |
   71 |               let ptr = swr_alloc_set_opts(
      |                         ^^^^^^^^^^^^^^^^^^
      |
     ::: /tmp/nix-shell.AaBijX/gavuhop_photo-rust_nvfrce_2/target/debug/build/ffmpeg-sys-next-107180521f9810f5/out/bindings.rs:23279:5
      |
23279 | /     pub fn swr_alloc_set_opts2(
23280 | |         ps: *mut *mut SwrContext,
23281 | |         out_ch_layout: *const AVChannelLayout,
23282 | |         out_sample_fmt: AVSampleFormat,
...     |
23288 | |         log_ctx: *mut libc::c_void,
23289 | |     ) -> libc::c_int;
      | |_____________________- similarly named function `swr_alloc_set_opts2` defined here
      |
help: a function with a similar name exists
      |
   71 |             let ptr = swr_alloc_set_opts2(
      |                                         +

error[E0004]: non-exhaustive patterns: `sys::AVColorSpace::AVCOL_SPC_IPT_C2`, `sys::AVColorSpace::AVCOL_SPC_YCGCO_RE` and `sys::AVColorSpace::AVCOL_SPC_YCGCO_RO` not covered
    --> /home/adwin/.cargo/registry/src/mirrors.tuna.tsinghua.edu.cn-4dc01642fd091eda/ffmpeg-next-6.1.1/src/util/color/space.rs:44:15
     |
  44 |         match value {
     |               ^^^^^ patterns `sys::AVColorSpace::AVCOL_SPC_IPT_C2`, `sys::AVColorSpace::AVCOL_SPC_YCGCO_RE` and `sys::AVColorSpace::AVCOL_SPC_YCGCO_RO` not covered
     |
note: `sys::AVColorSpace` defined here
    --> /tmp/nix-shell.AaBijX/gavuhop_photo-rust_nvfrce_2/target/debug/build/ffmpeg-sys-next-107180521f9810f5/out/bindings.rs:6029:1
     |
6029 | pub enum AVColorSpace {
     | ^^^^^^^^^^^^^^^^^^^^^
...
6045 |     AVCOL_SPC_IPT_C2 = 15,
     |     ---------------- not covered
6046 |     AVCOL_SPC_YCGCO_RE = 16,
     |     ------------------ not covered
6047 |     AVCOL_SPC_YCGCO_RO = 17,
     |     ------------------ not covered
     = note: the matched value is of type `sys::AVColorSpace`
help: ensure that all possible cases are being handled by adding a match arm with a wildcard pattern, a match arm with multiple or-patterns as shown, or multiple match arms
     |
  61 ~             AVCOL_SPC_ICTCP => Space::ICTCP,
  62 ~             sys::AVColorSpace::AVCOL_SPC_IPT_C2 | sys::AVColorSpace::AVCOL_SPC_YCGCO_RE | sys::AVColorSpace::AVCOL_SPC_YCGCO_RO => todo!(),
     |

error[E0004]: non-exhaustive patterns: `sys::AVFrameSideDataType::AV_FRAME_DATA_LCEVC` and `sys::AVFrameSideDataType::AV_FRAME_DATA_VIEW_ID` not covered
    --> /home/adwin/.cargo/registry/src/mirrors.tuna.tsinghua.edu.cn-4dc01642fd091eda/ffmpeg-next-6.1.1/src/util/frame/side_data.rs:81:15
     |
  81 |         match value {
     |               ^^^^^ patterns `sys::AVFrameSideDataType::AV_FRAME_DATA_LCEVC` and `sys::AVFrameSideDataType::AV_FRAME_DATA_VIEW_ID` not covered
     |
note: `sys::AVFrameSideDataType` defined here
    --> /tmp/nix-shell.AaBijX/gavuhop_photo-rust_nvfrce_2/target/debug/build/ffmpeg-sys-next-107180521f9810f5/out/bindings.rs:6657:1
     |
6657 | pub enum AVFrameSideDataType {
     | ^^^^^^^^^^^^^^^^^^^^^^^^^^^^
...
6686 |     AV_FRAME_DATA_LCEVC = 28,
     |     ------------------- not covered
6687 |     AV_FRAME_DATA_VIEW_ID = 29,
     |     --------------------- not covered
     = note: the matched value is of type `sys::AVFrameSideDataType`
help: ensure that all possible cases are being handled by adding a match arm with a wildcard pattern, a match arm with multiple or-patterns as shown, or multiple match arms
     |
 134 ~             AV_FRAME_DATA_VIDEO_HINT => Type::VIDEO_HINT,
 135 ~             sys::AVFrameSideDataType::AV_FRAME_DATA_LCEVC | sys::AVFrameSideDataType::AV_FRAME_DATA_VIEW_ID => todo!(),
     |

    Checking actix-web v4.11.0
error[E0004]: non-exhaustive patterns: `sys::AVPacketSideDataType::AV_PKT_DATA_IAMF_MIX_GAIN_PARAM`, `sys::AVPacketSideDataType::AV_PKT_DATA_IAMF_DEMIXING_INFO_PARAM`, `sys::AVPacketSideDataType::AV_PKT_DATA_IAMF_RECON_GAIN_INFO_PARAM` and 3 more not covered
    --> /home/adwin/.cargo/registry/src/mirrors.tuna.tsinghua.edu.cn-4dc01642fd091eda/ffmpeg-next-6.1.1/src/codec/packet/side_data.rs:61:15
     |
  61 |         match value {
     |               ^^^^^ patterns `sys::AVPacketSideDataType::AV_PKT_DATA_IAMF_MIX_GAIN_PARAM`, `sys::AVPacketSideDataType::AV_PKT_DATA_IAMF_DEMIXING_INFO_PARAM`, `sys::AVPacketSideDataType::AV_PKT_DATA_IAMF_RECON_GAIN_INFO_PARAM` and 3 more not covered
     |
note: `sys::AVPacketSideDataType` defined here
    --> /tmp/nix-shell.AaBijX/gavuhop_photo-rust_nvfrce_2/target/debug/build/ffmpeg-sys-next-107180521f9810f5/out/bindings.rs:9133:1
     |
9133 | pub enum AVPacketSideDataType {
     | ^^^^^^^^^^^^^^^^^^^^^^^^^^^^^
...
9199 |     AV_PKT_DATA_IAMF_MIX_GAIN_PARAM = 32,
     |     ------------------------------- not covered
9200 |     #[doc = " IAMF Demixing Info Parameter Dat...
9201 |     AV_PKT_DATA_IAMF_DEMIXING_INFO_PARAM = 33,
     |     ------------------------------------ not covered
9202 |     #[doc = " IAMF Recon Gain Info Parameter D...
9203 |     AV_PKT_DATA_IAMF_RECON_GAIN_INFO_PARAM = 34,
     |     -------------------------------------- not covered
9204 |     #[doc = " Ambient viewing environment meta...
9205 |     AV_PKT_DATA_AMBIENT_VIEWING_ENVIRONMENT = 35,
     |     --------------------------------------- not covered
9206 |     #[doc = " The number of pixels to discard ...
9207 |     AV_PKT_DATA_FRAME_CROPPING = 36,
     |     -------------------------- not covered
     = note: the matched value is of type `sys::AVPacketSideDataType`
help: ensure that all possible cases are being handled by adding a match arm with a wildcard pattern as shown, or multiple match arms
     |
 108 ~             AV_PKT_DATA_DYNAMIC_HDR10_PLUS => Type::DYNAMIC_HDR10_PLUS,
 109 ~             _ => todo!(),
     |

Some errors have detailed explanations: E0004, E0425, E0609.
For more information about an error, try `rustc --explain E0004`.
error: could not compile `ffmpeg-next` (lib) due to 30 previous errors
warning: build failed, waiting for other jobs to finish...
