Running as unit: run-p605410-i4799101.scope; invocation ID: ef80440188f14b74b1eb6cfa35d4eacf
   Compiling compiler_builtins v0.1.160 (/home/adwin/.rustup/toolchains/nightly-x86_64-unknown-linux-gnu/lib/rustlib/src/rust/library/compiler-builtins/compiler-builtins)
   Compiling core v0.0.0 (/home/adwin/.rustup/toolchains/nightly-x86_64-unknown-linux-gnu/lib/rustlib/src/rust/library/core)
   Compiling libc v0.2.178
   Compiling std v0.0.0 (/home/adwin/.rustup/toolchains/nightly-x86_64-unknown-linux-gnu/lib/rustlib/src/rust/library/std)
   Compiling proc-macro2 v1.0.101
   Compiling unicode-ident v1.0.14
   Compiling libc v0.2.172
   Compiling autocfg v1.4.0
   Compiling serde_core v1.0.228
   Compiling version_check v0.9.5
   Compiling slab v0.4.9
   Compiling serde v1.0.228
   Compiling crossbeam-utils v0.8.21
   Compiling rustversion v1.0.22
   Compiling semver v1.0.26
   Compiling wasm-bindgen-shared v0.2.105
   Compiling thiserror v2.0.17
   Compiling find-msvc-tools v0.1.4
   Compiling quote v1.0.40
   Compiling shlex v1.3.0
   Compiling jobserver v0.1.32
   Compiling syn v2.0.106
   Compiling rustc_version v0.4.1
   Compiling bumpalo v3.16.0
   Compiling parking_lot_core v0.9.12
   Compiling anyhow v1.0.99
   Compiling cc v1.2.41
   Compiling wasm-bindgen v0.2.105
   Compiling unicode-segmentation v1.12.0
   Compiling paste v1.0.15
   Compiling proc-macro-error-attr2 v2.0.0
   Compiling equivalent v1.0.1
   Compiling hashbrown v0.16.0
   Compiling once_cell v1.21.3
   Compiling serde_json v1.0.143
   Compiling smallvec v1.13.2
   Compiling num-traits v0.2.19
   Compiling cfg-if v1.0.4
   Compiling thiserror v1.0.69
   Compiling vcpkg v0.2.15
   Compiling pkg-config v0.3.31
   Compiling indexmap v2.12.0
   Compiling convert_case v0.8.0
   Compiling proc-macro2-diagnostics v0.10.1
   Compiling typenum v1.17.0
   Compiling generic-array v0.14.7
   Compiling httparse v1.9.5
   Compiling unicode-xid v0.2.6
   Compiling rayon-core v1.12.1
   Compiling const_format_proc_macros v0.2.34
   Compiling proc-macro-utils v0.10.0
   Compiling slotmap v1.0.7
   Compiling toml_datetime v0.6.8
   Compiling openssl-sys v0.9.104
   Compiling winnow v0.5.40
   Compiling camino v1.2.1
   Compiling server_fn_macro v0.8.7 (https://github.com/gqsnt/leptos-bitcode?rev=2edb3af4d5e885fc3a4c14efe5a94fb3b1022b8c#2edb3af4)
   Compiling reactive_graph v0.2.8 (https://github.com/gqsnt/leptos-bitcode?rev=2edb3af4d5e885fc3a4c14efe5a94fb3b1022b8c#2edb3af4)
   Compiling openssl v0.10.68
   Compiling const_format v0.2.35
   Compiling ring v0.17.8
   Compiling native-tls v0.2.12
   Compiling xxhash-rust v0.8.15
   Compiling manyhow-macros v0.11.4
   Compiling tachys v0.2.9 (https://github.com/gqsnt/leptos-bitcode?rev=2edb3af4d5e885fc3a4c14efe5a94fb3b1022b8c#2edb3af4)
   Compiling scopeguard v1.2.0
   Compiling heck v0.5.0
   Compiling yansi v1.0.1
   Compiling prettyplease v0.2.37
   Compiling block-buffer v0.10.4
   Compiling crypto-common v0.1.6
   Compiling getrandom v0.3.3
   Compiling digest v0.10.7
   Compiling lock_api v0.4.14
   Compiling server_fn v0.8.7 (https://github.com/gqsnt/leptos-bitcode?rev=2edb3af4d5e885fc3a4c14efe5a94fb3b1022b8c#2edb3af4)
   Compiling interpolator v0.5.0
   Compiling same-file v1.0.6
   Compiling cpufeatures v0.2.16
   Compiling syn v1.0.109
   Compiling collection_literals v1.0.1
   Compiling sha2 v0.10.8
   Compiling walkdir v2.5.0
   Compiling toml_edit v0.19.15
   Compiling parking_lot v0.12.5
   Compiling leptos_macro v0.8.9 (https://github.com/gqsnt/leptos-bitcode?rev=2edb3af4d5e885fc3a4c14efe5a94fb3b1022b8c#2edb3af4)
   Compiling synstructure v0.13.1
   Compiling wasm-bindgen-macro-support v0.2.105
   Compiling proc-macro-error2 v2.0.1
   Compiling manyhow v0.11.4
   Compiling simd_helpers v0.1.0
   Compiling utf8-width v0.1.7
   Compiling base16 v0.2.1
   Compiling rustls v0.23.33
   Compiling either v1.13.0
   Compiling built v0.7.5
   Compiling noop_proc_macro v0.3.0
   Compiling rav1e v0.7.1
   Compiling itertools v0.14.0
   Compiling serde_derive v1.0.228
   Compiling futures-macro v0.3.31
   Compiling thiserror-impl v2.0.17
   Compiling zerofrom-derive v0.1.5
   Compiling yoke-derive v0.7.5
   Compiling wasm-bindgen-macro v0.2.105
   Compiling zerovec-derive v0.10.3
   Compiling displaydoc v0.2.5
   Compiling tokio-macros v2.5.0
   Compiling icu_provider_macros v1.5.0
   Compiling thiserror-impl v1.0.69
   Compiling bitcode_derive v0.6.7
   Compiling derive-where v1.2.7
   Compiling proc-macro-crate v1.3.1
   Compiling syn_derive v0.2.0
   Compiling openssl-macros v0.1.1
   Compiling pin-project-internal v1.1.7
   Compiling quote-use-macros v0.8.4
   Compiling reactive_stores_macro v0.2.6 (https://github.com/gqsnt/leptos-bitcode?rev=2edb3af4d5e885fc3a4c14efe5a94fb3b1022b8c#2edb3af4)
   Compiling quote-use v0.8.4
   Compiling profiling-procmacros v1.0.16
   Compiling async-trait v0.1.89
   Compiling arg_enum_proc_macro v0.3.4
   Compiling attribute-derive-macro v0.10.5
   Compiling rstml v0.12.1
   Compiling typed-builder-macro v0.21.2
   Compiling server_fn_macro_default v0.8.5 (https://github.com/gqsnt/leptos-bitcode?rev=2edb3af4d5e885fc3a4c14efe5a94fb3b1022b8c#2edb3af4)
   Compiling num-derive v0.4.2
   Compiling num_enum_derive v0.7.5
   Compiling leptos_hot_reload v0.8.5 (https://github.com/gqsnt/leptos-bitcode?rev=2edb3af4d5e885fc3a4c14efe5a94fb3b1022b8c#2edb3af4)
   Compiling equator-macro v0.4.2
   Compiling wasm_split_macros v0.1.3 (https://github.com/gqsnt/leptos-bitcode?rev=2edb3af4d5e885fc3a4c14efe5a94fb3b1022b8c#2edb3af4)
   Compiling attribute-derive v0.10.5
   Compiling strum_macros v0.27.2
   Compiling html-escape v0.2.13
   Compiling uuid v1.18.0
   Compiling leptos v0.8.10 (https://github.com/gqsnt/leptos-bitcode?rev=2edb3af4d5e885fc3a4c14efe5a94fb3b1022b8c#2edb3af4)
   Compiling nasm-rs v0.3.0
   Compiling av-scenechange v0.14.1
   Compiling built v0.8.0
   Compiling pastey v0.1.1
   Compiling heck v0.3.3
   Compiling leptos_router v0.8.8 (https://github.com/gqsnt/leptos-bitcode?rev=2edb3af4d5e885fc3a4c14efe5a94fb3b1022b8c#2edb3af4)
   Compiling serde_repr v0.1.19
   Compiling clap_derive v4.5.18
   Compiling rav1e v0.8.1
   Compiling leptos_router_macro v0.8.5 (https://github.com/gqsnt/leptos-bitcode?rev=2edb3af4d5e885fc3a4c14efe5a94fb3b1022b8c#2edb3af4)
   Compiling num_enum_derive v0.5.11
   Compiling strum_macros v0.20.1
   Compiling rustc-std-workspace-core v1.99.0 (/home/adwin/.rustup/toolchains/nightly-x86_64-unknown-linux-gnu/lib/rustlib/src/rust/library/rustc-std-workspace-core)
   Compiling alloc v0.0.0 (/home/adwin/.rustup/toolchains/nightly-x86_64-unknown-linux-gnu/lib/rustlib/src/rust/library/alloc)
   Compiling panic_abort v0.0.0 (/home/adwin/.rustup/toolchains/nightly-x86_64-unknown-linux-gnu/lib/rustlib/src/rust/library/panic_abort)
   Compiling rustc-demangle v0.1.26
   Compiling rustc-literal-escaper v0.0.7
   Compiling unwind v0.0.0 (/home/adwin/.rustup/toolchains/nightly-x86_64-unknown-linux-gnu/lib/rustlib/src/rust/library/unwind)
   Compiling rustc-std-workspace-alloc v1.99.0 (/home/adwin/.rustup/toolchains/nightly-x86_64-unknown-linux-gnu/lib/rustlib/src/rust/library/rustc-std-workspace-alloc)
   Compiling std_detect v0.1.5 (/home/adwin/.rustup/toolchains/nightly-x86_64-unknown-linux-gnu/lib/rustlib/src/rust/library/std_detect)
   Compiling hashbrown v0.16.1
   Compiling panic_unwind v0.0.0 (/home/adwin/.rustup/toolchains/nightly-x86_64-unknown-linux-gnu/lib/rustlib/src/rust/library/panic_unwind)
   Compiling proc_macro v0.0.0 (/home/adwin/.rustup/toolchains/nightly-x86_64-unknown-linux-gnu/lib/rustlib/src/rust/library/proc_macro)
    Checking memchr v2.7.4
    Checking pin-project-lite v0.2.16
    Checking futures-core v0.3.31
    Checking futures-sink v0.3.31
    Checking bytes v1.10.1
    Checking futures-channel v0.3.31
    Checking pin-utils v0.1.0
    Checking itoa v1.0.14
    Checking futures-task v0.3.31
    Checking futures-io v0.3.31
    Checking futures-util v0.3.31
    Checking stable_deref_trait v1.2.0
    Checking fnv v1.0.7
    Checking zerofrom v0.1.5
    Checking yoke v0.7.5
    Checking zerovec v0.10.4
    Checking tinystr v0.7.6
    Checking socket2 v0.6.0
    Checking mio v1.0.3
    Checking litemap v0.7.4
    Checking writeable v0.5.5
    Checking tokio v1.47.1
    Checking http v1.3.1
    Checking icu_locid v1.5.0
    Checking percent-encoding v2.3.2
    Checking icu_provider v1.5.0
    Checking num_cpus v1.16.0
    Checking icu_locid_transform_data v1.5.0
    Checking futures-executor v0.3.31
    Checking js-sys v0.3.82
    Checking icu_collections v1.5.0
    Checking icu_locid_transform v1.5.0
    Checking ryu v1.0.18
    Checking icu_properties_data v1.5.0
    Checking bytemuck v1.20.0
    Checking icu_properties v1.5.1
    Checking futures v0.3.31
    Checking utf8_iter v1.0.4
    Checking log v0.4.28
    Checking icu_normalizer_data v1.5.0
    Checking write16 v1.0.0
    Checking utf16_iter v1.0.5
    Checking form_urlencoded v1.2.1
    Checking tracing-core v0.1.33
    Checking tracing v0.1.41
    Checking crossbeam-epoch v0.9.18
    Checking concurrent-queue v2.5.0
    Checking icu_normalizer v1.5.0
    Checking idna_adapter v1.2.0
    Checking idna v1.0.3
    Checking wasm-bindgen-futures v0.4.55
    Checking base64 v0.22.1
    Checking parking v2.2.1
    Checking simd-adler32 v0.3.7
    Checking event-listener v5.3.1
    Checking url v2.5.4
    Checking web-sys v0.3.82
    Checking crossbeam-deque v0.8.5
    Checking tokio-util v0.7.13
    Checking throw_error v0.3.0 (https://github.com/gqsnt/leptos-bitcode?rev=2edb3af4d5e885fc3a4c14efe5a94fb3b1022b8c#2edb3af4)
    Checking tower-service v0.3.3
    Checking or_poisoned v0.1.0 (https://github.com/gqsnt/leptos-bitcode?rev=2edb3af4d5e885fc3a4c14efe5a94fb3b1022b8c#2edb3af4)
    Checking try-lock v0.2.5
    Checking want v0.3.1
    Checking event-listener-strategy v0.5.3
    Checking num-integer v0.1.46
    Checking bitcode v0.6.7
    Checking send_wrapper v0.6.0
    Checking hashbrown v0.15.5
    Checking foreign-types-shared v0.1.1
    Checking adler2 v2.0.0
    Checking bitflags v2.6.0
    Checking miniz_oxide v0.8.0
    Checking foreign-types v0.3.2
    Checking num-bigint v0.4.6
    Checking async-lock v3.4.1
    Checking dashmap v7.0.0-rc2 (https://github.com/gqsnt/dashmap?rev=781f9883c210a13b50141b57b821a359b8db926e#781f9883)
    Checking hydration_context v0.3.0 (https://github.com/gqsnt/leptos-bitcode?rev=2edb3af4d5e885fc3a4c14efe5a94fb3b1022b8c#2edb3af4)
    Checking any_spawner v0.3.0 (https://github.com/gqsnt/leptos-bitcode?rev=2edb3af4d5e885fc3a4c14efe5a94fb3b1022b8c#2edb3af4)
    Checking zeroize v1.8.1
    Checking guardian v1.3.0
    Checking arrayvec v0.7.6
    Checking aligned-vec v0.5.0
    Checking rustc-hash v2.1.1
    Checking num-rational v0.4.2
    Checking v_frame v0.3.8
    Checking rustls-pki-types v1.12.0
    Checking rayon v1.10.0
    Checking http-body v1.0.1
    Checking crc32fast v1.4.2
    Checking winnow v0.7.10
error[E0282]: type annotations needed for `&_`
   --> /home/adwin/.cargo/git/checkouts/leptos-bitcode-cd1849d987d32221/2edb3af/reactive_graph/src/computed/async_derived/arc_async_derived.rs:673:14
    |
673 |             |v| v.deref(),
    |              ^  - type must be known at this point
    |
help: consider giving this closure parameter an explicit type, where the placeholders `_` are specified
    |
673 |             |v: &_| v.deref(),
    |               ++++

error[E0282]: type annotations needed for `&mut _`
   --> /home/adwin/.cargo/git/checkouts/leptos-bitcode-cd1849d987d32221/2edb3af/reactive_graph/src/computed/async_derived/arc_async_derived.rs:674:14
    |
674 |             |v| v.deref_mut(),
    |              ^  - type must be known at this point
    |
help: consider giving this closure parameter an explicit type, where the placeholders `_` are specified
    |
674 |             |v: &mut _| v.deref_mut(),
    |               ++++++++

error[E0282]: type annotations needed for `&_`
   --> /home/adwin/.cargo/git/checkouts/leptos-bitcode-cd1849d987d32221/2edb3af/reactive_graph/src/computed/async_derived/arc_async_derived.rs:691:14
    |
691 |             |v| v.deref(),
    |              ^  - type must be known at this point
    |
help: consider giving this closure parameter an explicit type, where the placeholders `_` are specified
    |
691 |             |v: &_| v.deref(),
    |               ++++

error[E0282]: type annotations needed for `&mut _`
   --> /home/adwin/.cargo/git/checkouts/leptos-bitcode-cd1849d987d32221/2edb3af/reactive_graph/src/computed/async_derived/arc_async_derived.rs:692:14
    |
692 |             |v| v.deref_mut(),
    |              ^  - type must be known at this point
    |
help: consider giving this closure parameter an explicit type, where the placeholders `_` are specified
    |
692 |             |v: &mut _| v.deref_mut(),
    |               ++++++++

error[E0282]: type annotations needed for `&_`
   --> /home/adwin/.cargo/git/checkouts/leptos-bitcode-cd1849d987d32221/2edb3af/reactive_graph/src/computed/async_derived/async_derived.rs:367:14
    |
367 |             |v| v.deref(),
    |              ^  - type must be known at this point
    |
help: consider giving this closure parameter an explicit type, where the placeholders `_` are specified
    |
367 |             |v: &_| v.deref(),
    |               ++++

error[E0282]: type annotations needed for `&mut _`
   --> /home/adwin/.cargo/git/checkouts/leptos-bitcode-cd1849d987d32221/2edb3af/reactive_graph/src/computed/async_derived/async_derived.rs:368:14
    |
368 |             |v| v.deref_mut(),
    |              ^  - type must be known at this point
    |
help: consider giving this closure parameter an explicit type, where the placeholders `_` are specified
    |
368 |             |v: &mut _| v.deref_mut(),
    |               ++++++++

error[E0282]: type annotations needed for `&_`
   --> /home/adwin/.cargo/git/checkouts/leptos-bitcode-cd1849d987d32221/2edb3af/reactive_graph/src/computed/async_derived/async_derived.rs:388:40
    |
388 |                 MappedMut::new(inner, |v| v.deref(), |v| v.deref_mut())
    |                                        ^  - type must be known at this point
    |
help: consider giving this closure parameter an explicit type, where the placeholders `_` are specified
    |
388 |                 MappedMut::new(inner, |v: &_| v.deref(), |v| v.deref_mut())
    |                                         ++++

error[E0282]: type annotations needed for `&mut _`
   --> /home/adwin/.cargo/git/checkouts/leptos-bitcode-cd1849d987d32221/2edb3af/reactive_graph/src/computed/async_derived/async_derived.rs:388:55
    |
388 |                 MappedMut::new(inner, |v| v.deref(), |v| v.deref_mut())
    |                                                       ^  - type must be known at this point
    |
help: consider giving this closure parameter an explicit type, where the placeholders `_` are specified
    |
388 |                 MappedMut::new(inner, |v| v.deref(), |v: &mut _| v.deref_mut())
    |                                                        ++++++++

    Checking openssl-probe v0.1.6
    Checking minimal-lexical v0.2.1
    Checking nom v7.1.3
error[E0282]: type annotations needed for `&_`
   --> /home/adwin/.cargo/git/checkouts/leptos-bitcode-cd1849d987d32221/2edb3af/reactive_graph/src/computed/async_derived/arc_async_derived.rs:648:59
    |
648 |             ReadGuard::new(Mapped::new_with_guard(plain, |v| v.deref()))
    |                                                           ^  - type must be known at this point
    |
help: consider giving this closure parameter an explicit type, where the placeholders `_` are specified
    |
648 |             ReadGuard::new(Mapped::new_with_guard(plain, |v: &_| v.deref()))
    |                                                            ++++

    Checking flate2 v1.0.35
For more information about this error, try `rustc --explain E0282`.
error: could not compile `reactive_graph` (lib) due to 9 previous errors
warning: build failed, waiting for other jobs to finish...
