Running as unit: run-p886529-i5080220.scope; invocation ID: 49b30469bb3b4d8ea9e845aafcbc2ebf
    Updating git repository `https://github.com/RustCrypto/crypto-bigint.git`
    Updating git repository `https://github.com/baloo/traits.git`
    Updating git repository `https://github.com/zkcrypto/ff.git`
    Updating git repository `https://github.com/baloo/group.git`
    Updating git repository `https://github.com/baloo/elliptic-curves.git`
    Updating git repository `https://github.com/RustCrypto/hashes.git`
    Updating git repository `https://github.com/pinkforest/curve25519-dalek.git`
   Compiling typenum v1.17.0
   Compiling proc-macro2 v1.0.93
   Compiling unicode-ident v1.0.14
   Compiling version_check v0.9.5
   Compiling semver v1.0.26
    Checking cfg-if v1.0.0
    Checking zeroize v1.8.1
    Checking rand_core v0.9.3
    Checking cpufeatures v0.2.16
   Compiling libc v0.2.169
   Compiling serde v1.0.217
    Checking subtle v2.6.1
    Checking kem v0.3.0-pre.0 (https://github.com/baloo/traits.git?branch=baloo%2Frelax-sized-rng#abd9d63e)
   Compiling thiserror v2.0.12
    Checking keccak v0.2.0-pre.0
    Checking keccak v0.1.5
   Compiling generic-array v0.14.7
    Checking base16ct v0.2.0
    Checking hex v0.4.3
    Checking dhkem v0.0.1-alpha (/tmp/nix-shell.AaBijX/guruvamsi-policharla_KEMs_1umtnrqw/dhkem)
   Compiling rustc_version v0.4.1
   Compiling curve25519-dalek v4.1.3 (https://github.com/pinkforest/curve25519-dalek.git?branch=bump-rand-0.9#92ec8d3e)
   Compiling quote v1.0.38
    Checking getrandom v0.2.15
   Compiling syn v2.0.96
    Checking rand_core v0.6.4
    Checking hybrid-array v0.3.0
    Checking crypto-common v0.1.6
    Checking block-buffer v0.10.4
    Checking inout v0.1.4
    Checking cipher v0.4.4
    Checking digest v0.10.7
   Compiling serde_derive v1.0.217
   Compiling curve25519-dalek-derive v0.1.1 (https://github.com/pinkforest/curve25519-dalek.git?branch=bump-rand-0.9#92ec8d3e)
   Compiling thiserror-impl v2.0.12
    Checking sha3 v0.10.8
    Checking aes v0.8.4
    Checking x25519-dalek v2.0.1 (https://github.com/pinkforest/curve25519-dalek.git?branch=bump-rand-0.9#92ec8d3e)
    Checking crypto-common v0.2.0-rc.2 (https://github.com/baloo/traits.git?branch=baloo%2Frelax-sized-rng#abd9d63e)
    Checking block-buffer v0.11.0-rc.4
    Checking digest v0.11.0-pre.10 (https://github.com/baloo/traits.git?branch=baloo%2Frelax-sized-rng#abd9d63e)
    Checking sha3 v0.11.0-pre.5
    Checking ml-kem v0.3.0-pre (/tmp/nix-shell.AaBijX/guruvamsi-policharla_KEMs_1umtnrqw/ml-kem)
warning: unused import: `std::fs::File`
  --> ml-kem/src/pke.rs:10:5
   |
10 | use std::fs::File;
   |     ^^^^^^^^^^^^^
   |
   = note: `#[warn(unused_imports)]` (part of `#[warn(unused)]`) on by default

warning: unused import: `std::io::Write`
  --> ml-kem/src/pke.rs:11:5
   |
11 | use std::io::Write;
   |     ^^^^^^^^^^^^^^

    Checking serdect v0.3.0
    Checking frodo-kem v0.0.1 (/tmp/nix-shell.AaBijX/guruvamsi-policharla_KEMs_1umtnrqw/frodo-kem)
warning: associated constant `TWO_N` is never used
  --> frodo-kem/src/hazmat/traits.rs:69:11
   |
35 | pub trait Params: Sized + Default {
   |           ------ associated constant in this trait
...
69 |     const TWO_N: usize = 2 * Self::N;
   |           ^^^^^
   |
note: the lint level is defined here
  --> frodo-kem/src/lib.rs:68:5
   |
68 |     unused,
   |     ^^^^^^
   = note: `#[warn(dead_code)]` implied by `#[warn(unused)]`

warning: `frodo-kem` (lib) generated 1 warning
error[E0275]: overflow evaluating the requirement `<P as PkeParams>::NttVectorSize == _`
   --> ml-kem/src/param.rs:206:26
    |
206 |     type NttVectorSize = EncodedPolynomialVectorSize<U12, P::K>;
    |                          ^^^^^^^^^^^^^^^^^^^^^^^^^^^^^^^^^^^^^^
    |
    = help: consider increasing the recursion limit by adding a `#![recursion_limit = "256"]` attribute to your crate (`ml_kem`)

error[E0275]: overflow evaluating the requirement `<P as PkeParams>::EncryptionKeySize == _`
   --> ml-kem/src/param.rs:207:30
    |
207 |     type EncryptionKeySize = Sum<Self::NttVectorSize, U32>;
    |                              ^^^^^^^^^^^^^^^^^^^^^^^^^^^^^
    |
    = help: consider increasing the recursion limit by adding a `#![recursion_limit = "256"]` attribute to your crate (`ml_kem`)

error[E0275]: overflow evaluating the requirement `<<UInt<UInt<UInt<UInt<UTerm, ...>, ...>, ...>, ...> as VectorEncodingSize<...>>::EncodedPolynomialVectorSize as Add<...>>::Output == _`
   --> ml-kem/src/param.rs:210:5
    |
210 |     fn encode_u12(p: &NttVector<Self::K>) -> EncodedNttVector<Self> {
    |     ^^^^^^^^^^^^^^^^^^^^^^^^^^^^^^^^^^^^^^^^^^^^^^^^^^^^^^^^^^^^^^^

error[E0275]: overflow evaluating the requirement `hybrid_array::Array<u8, <P as PkeParams>::NttVectorSize> well-formed`
   --> ml-kem/src/param.rs:210:5
    |
210 |     fn encode_u12(p: &NttVector<Self::K>) -> EncodedNttVector<Self> {
    |     ^^^^^^^^^^^^^^^^^^^^^^^^^^^^^^^^^^^^^^^^^^^^^^^^^^^^^^^^^^^^^^^
    |
note: the requirement `hybrid_array::Array<u8, <P as PkeParams>::NttVectorSize> well-formed` appears on the `impl`'s associated function `encode_u12` but not on the corresponding trait's associated function
   --> ml-kem/src/param.rs:179:8
    |
174 | pub trait PkeParams: ParameterSet {
    |           --------- in this trait
...
179 |     fn encode_u12(p: &NttVector<Self::K>) -> EncodedNttVector<Self>;
    |        ^^^^^^^^^^ this trait's associated function doesn't have the requirement `hybrid_array::Array<u8, <P as PkeParams>::NttVectorSize> well-formed`

error[E0275]: overflow evaluating the requirement `<<UInt<UInt<UInt<UInt<UTerm, ...>, ...>, ...>, ...> as VectorEncodingSize<...>>::EncodedPolynomialVectorSize as Add<...>>::Output == _`
   --> ml-kem/src/param.rs:214:5
    |
214 |     fn decode_u12(v: &EncodedNttVector<Self>) -> NttVector<Self::K> {
    |     ^^^^^^^^^^^^^^^^^^^^^^^^^^^^^^^^^^^^^^^^^^^^^^^^^^^^^^^^^^^^^^^

error[E0275]: overflow evaluating the requirement `&hybrid_array::Array<u8, <P as PkeParams>::NttVectorSize> well-formed`
   --> ml-kem/src/param.rs:214:5
    |
214 |     fn decode_u12(v: &EncodedNttVector<Self>) -> NttVector<Self::K> {
    |     ^^^^^^^^^^^^^^^^^^^^^^^^^^^^^^^^^^^^^^^^^^^^^^^^^^^^^^^^^^^^^^^
    |
note: the requirement `&hybrid_array::Array<u8, <P as PkeParams>::NttVectorSize> well-formed` appears on the `impl`'s associated function `decode_u12` but not on the corresponding trait's associated function
   --> ml-kem/src/param.rs:180:8
    |
174 | pub trait PkeParams: ParameterSet {
    |           --------- in this trait
...
180 |     fn decode_u12(v: &EncodedNttVector<Self>) -> NttVector<Self::K>;
    |        ^^^^^^^^^^ this trait's associated function doesn't have the requirement `&hybrid_array::Array<u8, <P as PkeParams>::NttVectorSize> well-formed`

error[E0275]: overflow evaluating the requirement `<<UInt<UInt<UInt<UInt<UTerm, ...>, ...>, ...>, ...> as VectorEncodingSize<...>>::EncodedPolynomialVectorSize as Add<...>>::Output == _`
   --> ml-kem/src/param.rs:218:5
    |
218 |     fn concat_ct(u: EncodedU<Self>, v: EncodedV<Self>) -> EncodedCiphertext<Self> {
    |     ^^^^^^^^^^^^^^^^^^^^^^^^^^^^^^^^^^^^^^^^^^^^^^^^^^^^^^^^^^^^^^^^^^^^^^^^^^^^^

error[E0275]: overflow evaluating the requirement `hybrid_array::Array<u8, <P as PkeParams>::CiphertextSize> well-formed`
   --> ml-kem/src/param.rs:218:5
    |
218 |     fn concat_ct(u: EncodedU<Self>, v: EncodedV<Self>) -> EncodedCiphertext<Self> {
    |     ^^^^^^^^^^^^^^^^^^^^^^^^^^^^^^^^^^^^^^^^^^^^^^^^^^^^^^^^^^^^^^^^^^^^^^^^^^^^^
    |
note: the requirement `hybrid_array::Array<u8, <P as PkeParams>::CiphertextSize> well-formed` appears on the `impl`'s associated function `concat_ct` but not on the corresponding trait's associated function
   --> ml-kem/src/param.rs:182:8
    |
174 | pub trait PkeParams: ParameterSet {
    |           --------- in this trait
...
182 |     fn concat_ct(u: EncodedU<Self>, v: EncodedV<Self>) -> EncodedCiphertext<Self>;
    |        ^^^^^^^^^ this trait's associated function doesn't have the requirement `hybrid_array::Array<u8, <P as PkeParams>::CiphertextSize> well-formed`

error[E0275]: overflow evaluating the requirement `<<UInt<UInt<UInt<UInt<UTerm, ...>, ...>, ...>, ...> as VectorEncodingSize<...>>::EncodedPolynomialVectorSize as Add<...>>::Output == _`
   --> ml-kem/src/param.rs:222:5
    |
222 |     fn split_ct(ct: &EncodedCiphertext<Self>) -> (&EncodedU<Self>, &EncodedV<Self>) {
    |     ^^^^^^^^^^^^^^^^^^^^^^^^^^^^^^^^^^^^^^^^^^^^^^^^^^^^^^^^^^^^^^^^^^^^^^^^^^^^^^^

error[E0275]: overflow evaluating the requirement `&hybrid_array::Array<u8, <P as PkeParams>::CiphertextSize> well-formed`
   --> ml-kem/src/param.rs:222:5
    |
222 |     fn split_ct(ct: &EncodedCiphertext<Self>) -> (&EncodedU<Self>, &EncodedV<Self>) {
    |     ^^^^^^^^^^^^^^^^^^^^^^^^^^^^^^^^^^^^^^^^^^^^^^^^^^^^^^^^^^^^^^^^^^^^^^^^^^^^^^^
    |
note: the requirement `&hybrid_array::Array<u8, <P as PkeParams>::CiphertextSize> well-formed` appears on the `impl`'s associated function `split_ct` but not on the corresponding trait's associated function
   --> ml-kem/src/param.rs:183:8
    |
174 | pub trait PkeParams: ParameterSet {
    |           --------- in this trait
...
183 |     fn split_ct(ct: &EncodedCiphertext<Self>) -> (&EncodedU<Self>, &EncodedV<Self>);
    |        ^^^^^^^^ this trait's associated function doesn't have the requirement `&hybrid_array::Array<u8, <P as PkeParams>::CiphertextSize> well-formed`

error[E0275]: overflow evaluating the requirement `<<UInt<UInt<UInt<UInt<UTerm, ...>, ...>, ...>, ...> as VectorEncodingSize<...>>::EncodedPolynomialVectorSize as Add<...>>::Output == _`
   --> ml-kem/src/param.rs:226:5
    |
226 |     fn concat_ek(t_hat: EncodedNttVector<Self>, rho: B32) -> EncodedEncryptionKey<Self> {
    |     ^^^^^^^^^^^^^^^^^^^^^^^^^^^^^^^^^^^^^^^^^^^^^^^^^^^^^^^^^^^^^^^^^^^^^^^^^^^^^^^^^^^

error[E0275]: overflow evaluating the requirement `hybrid_array::Array<u8, <P as PkeParams>::NttVectorSize> well-formed`
   --> ml-kem/src/param.rs:226:5
    |
226 |     fn concat_ek(t_hat: EncodedNttVector<Self>, rho: B32) -> EncodedEncryptionKey<Self> {
    |     ^^^^^^^^^^^^^^^^^^^^^^^^^^^^^^^^^^^^^^^^^^^^^^^^^^^^^^^^^^^^^^^^^^^^^^^^^^^^^^^^^^^
    |
note: the requirement `hybrid_array::Array<u8, <P as PkeParams>::NttVectorSize> well-formed` appears on the `impl`'s associated function `concat_ek` but not on the corresponding trait's associated function
   --> ml-kem/src/param.rs:185:8
    |
174 | pub trait PkeParams: ParameterSet {
    |           --------- in this trait
...
185 |     fn concat_ek(t_hat: EncodedNttVector<Self>, rho: B32) -> EncodedEncryptionKey<Self>;
    |        ^^^^^^^^^ this trait's associated function doesn't have the requirement `hybrid_array::Array<u8, <P as PkeParams>::NttVectorSize> well-formed`

error[E0275]: overflow evaluating the requirement `hybrid_array::Array<u8, <P as PkeParams>::EncryptionKeySize> well-formed`
   --> ml-kem/src/param.rs:226:5
    |
226 |     fn concat_ek(t_hat: EncodedNttVector<Self>, rho: B32) -> EncodedEncryptionKey<Self> {
    |     ^^^^^^^^^^^^^^^^^^^^^^^^^^^^^^^^^^^^^^^^^^^^^^^^^^^^^^^^^^^^^^^^^^^^^^^^^^^^^^^^^^^
    |
note: the requirement `hybrid_array::Array<u8, <P as PkeParams>::EncryptionKeySize> well-formed` appears on the `impl`'s associated function `concat_ek` but not on the corresponding trait's associated function
   --> ml-kem/src/param.rs:185:8
    |
174 | pub trait PkeParams: ParameterSet {
    |           --------- in this trait
...
185 |     fn concat_ek(t_hat: EncodedNttVector<Self>, rho: B32) -> EncodedEncryptionKey<Self>;
    |        ^^^^^^^^^ this trait's associated function doesn't have the requirement `hybrid_array::Array<u8, <P as PkeParams>::EncryptionKeySize> well-formed`

error[E0275]: overflow evaluating the requirement `<<UInt<UInt<UInt<UInt<UTerm, ...>, ...>, ...>, ...> as VectorEncodingSize<...>>::EncodedPolynomialVectorSize as Add<...>>::Output == _`
   --> ml-kem/src/param.rs:230:5
    |
230 |     fn split_ek(ek: &EncodedEncryptionKey<Self>) -> (&EncodedNttVector<Self>, &B32) {
    |     ^^^^^^^^^^^^^^^^^^^^^^^^^^^^^^^^^^^^^^^^^^^^^^^^^^^^^^^^^^^^^^^^^^^^^^^^^^^^^^^

error[E0275]: overflow evaluating the requirement `&hybrid_array::Array<u8, <P as PkeParams>::EncryptionKeySize> well-formed`
   --> ml-kem/src/param.rs:230:5
    |
230 |     fn split_ek(ek: &EncodedEncryptionKey<Self>) -> (&EncodedNttVector<Self>, &B32) {
    |     ^^^^^^^^^^^^^^^^^^^^^^^^^^^^^^^^^^^^^^^^^^^^^^^^^^^^^^^^^^^^^^^^^^^^^^^^^^^^^^^
    |
note: the requirement `&hybrid_array::Array<u8, <P as PkeParams>::EncryptionKeySize> well-formed` appears on the `impl`'s associated function `split_ek` but not on the corresponding trait's associated function
   --> ml-kem/src/param.rs:186:8
    |
174 | pub trait PkeParams: ParameterSet {
    |           --------- in this trait
...
186 |     fn split_ek(ek: &EncodedEncryptionKey<Self>) -> (&EncodedNttVector<Self>, &B32);
    |        ^^^^^^^^ this trait's associated function doesn't have the requirement `&hybrid_array::Array<u8, <P as PkeParams>::EncryptionKeySize> well-formed`

error[E0275]: overflow evaluating the requirement `(&hybrid_array::Array<u8, <P as PkeParams>::NttVectorSize>, &...) well-formed`
   --> ml-kem/src/param.rs:230:5
    |
230 |     fn split_ek(ek: &EncodedEncryptionKey<Self>) -> (&EncodedNttVector<Self>, &B32) {
    |     ^^^^^^^^^^^^^^^^^^^^^^^^^^^^^^^^^^^^^^^^^^^^^^^^^^^^^^^^^^^^^^^^^^^^^^^^^^^^^^^
    |
note: the requirement `(&hybrid_array::Array<u8, <P as PkeParams>::NttVectorSize>, &hybrid_array::Array<u8, UInt<UInt<UInt<UInt<UInt<UInt<UTerm, B1>, B0>, B0>, B0>, B0>, B0>>) well-formed` appears on the `impl`'s associated function `split_ek` but not on the corresponding trait's associated function
   --> ml-kem/src/param.rs:186:8
    |
174 | pub trait PkeParams: ParameterSet {
    |           --------- in this trait
...
186 |     fn split_ek(ek: &EncodedEncryptionKey<Self>) -> (&EncodedNttVector<Self>, &B32);
    |        ^^^^^^^^ this trait's associated function doesn't have the requirement `(&hybrid_array::Array<u8, <P as PkeParams>::NttVectorSize>, &hybrid_array::Array<u8, UInt<UInt<UInt<UInt<UInt<UInt<UTerm, B1>, B0>, B0>, B0>, B0>, B0>>) well-formed`

error[E0275]: overflow evaluating the requirement `P: PkeParams`
   --> ml-kem/src/param.rs:194:23
    |
194 | impl<P> PkeParams for P
    |                       ^

error[E0275]: overflow evaluating the requirement `<<UInt<UInt<UInt<UInt<UTerm, ...>, ...>, ...>, ...> as VectorEncodingSize<...>>::EncodedPolynomialVectorSize as Add<...>>::Output: Sub<...>`
   --> ml-kem/src/param.rs:204:65
    |
204 |         ArraySize + Sub<EncodedPolynomialVectorSize<U12, P::K>, Output = U32>,
    |                                                                 ^^^^^^^^^^^^

error[E0275]: overflow evaluating the requirement `<UInt<UInt<UInt<UInt<UTerm, B1>, ...>, ...>, ...> as VectorEncodingSize<...>>::EncodedPolynomialVectorSize: Add<...>`
   --> ml-kem/src/param.rs:202:45
    |
202 |     EncodedPolynomialVectorSize<U12, P::K>: Add<U32>,
    |                                             ^^^^^^^^

error[E0275]: overflow evaluating the requirement `<<UInt<UInt<UInt<UInt<UTerm, ...>, ...>, ...>, ...> as VectorEncodingSize<...>>::EncodedPolynomialVectorSize as Add<...>>::Output: param::ArraySize`
   --> ml-kem/src/param.rs:204:9
    |
204 |         ArraySize + Sub<EncodedPolynomialVectorSize<U12, P::K>, Output = U32>,
    |         ^^^^^^^^^

error[E0275]: overflow evaluating the requirement `<<UInt<UInt<UInt<UInt<UTerm, ...>, ...>, ...>, ...> as VectorEncodingSize<...>>::EncodedPolynomialVectorSize as Add<...>>::Output: Sub<...>`
   --> ml-kem/src/param.rs:204:21
    |
204 |         ArraySize + Sub<EncodedPolynomialVectorSize<U12, P::K>, Output = U32>,
    |                     ^^^^^^^^^^^^^^^^^^^^^^^^^^^^^^^^^^^^^^^^^^^^^^^^^^^^^^^^^

error[E0275]: overflow evaluating the requirement `<UInt<UInt<UInt<UInt<UTerm, B1>, ...>, ...>, ...> as VectorEncodingSize<...>>::EncodedPolynomialVectorSize: Sized`
   --> ml-kem/src/param.rs:204:65
    |
204 |         ArraySize + Sub<EncodedPolynomialVectorSize<U12, P::K>, Output = U32>,
    |                                                                 ^^^^^^^^^^^^
    |
note: required by an implicit `Sized` bound in `Sub`
   --> library/core/src/ops/arith.rs:190:0

error[E0275]: overflow evaluating the requirement `<UInt<UInt<UInt<UInt<UTerm, B1>, ...>, ...>, ...> as VectorEncodingSize<...>>::EncodedPolynomialVectorSize: Sized`
   --> ml-kem/src/param.rs:204:21
    |
204 |         ArraySize + Sub<EncodedPolynomialVectorSize<U12, P::K>, Output = U32>,
    |                     ^^^^^^^^^^^^^^^^^^^^^^^^^^^^^^^^^^^^^^^^^^^^^^^^^^^^^^^^^
    |
note: required by an implicit `Sized` bound in `Sub`
   --> library/core/src/ops/arith.rs:190:0

error[E0275]: overflow evaluating the requirement `<<UInt<UInt<UInt<UInt<UTerm, ...>, ...>, ...>, ...> as VectorEncodingSize<...>>::EncodedPolynomialVectorSize as Add<...>>::Output well-formed`
   --> ml-kem/src/param.rs:204:65
    |
204 |         ArraySize + Sub<EncodedPolynomialVectorSize<U12, P::K>, Output = U32>,
    |                                                                 ^^^^^^^^^^^^

error[E0275]: overflow evaluating the requirement `<UInt<UInt<UInt<UInt<UTerm, B1>, ...>, ...>, ...> as VectorEncodingSize<...>>::EncodedPolynomialVectorSize well-formed`
   --> ml-kem/src/param.rs:204:65
    |
204 |         ArraySize + Sub<EncodedPolynomialVectorSize<U12, P::K>, Output = U32>,
    |                                                                 ^^^^^^^^^^^^
    |
    = help: consider increasing the recursion limit by adding a `#![recursion_limit = "256"]` attribute to your crate (`ml_kem`)

error[E0275]: overflow evaluating the requirement `<UInt<UInt<UInt<UInt<UTerm, B1>, ...>, ...>, ...> as VectorEncodingSize<...>>::EncodedPolynomialVectorSize well-formed`
   --> ml-kem/src/param.rs:202:45
    |
202 |     EncodedPolynomialVectorSize<U12, P::K>: Add<U32>,
    |                                             ^^^^^^^^
    |
    = help: consider increasing the recursion limit by adding a `#![recursion_limit = "256"]` attribute to your crate (`ml_kem`)

error[E0275]: overflow evaluating the requirement `<<UInt<UInt<UInt<UInt<UTerm, ...>, ...>, ...>, ...> as VectorEncodingSize<...>>::EncodedPolynomialVectorSize as Add<...>>::Output well-formed`
   --> ml-kem/src/param.rs:204:9
    |
204 |         ArraySize + Sub<EncodedPolynomialVectorSize<U12, P::K>, Output = U32>,
    |         ^^^^^^^^^

error[E0275]: overflow evaluating the requirement `<<UInt<UInt<UInt<UInt<UTerm, ...>, ...>, ...>, ...> as VectorEncodingSize<...>>::EncodedPolynomialVectorSize as Add<...>>::Output well-formed`
   --> ml-kem/src/param.rs:204:21
    |
204 |         ArraySize + Sub<EncodedPolynomialVectorSize<U12, P::K>, Output = U32>,
    |                     ^^^^^^^^^^^^^^^^^^^^^^^^^^^^^^^^^^^^^^^^^^^^^^^^^^^^^^^^^

error[E0275]: overflow evaluating the requirement `<UInt<UInt<UInt<UInt<UTerm, B1>, ...>, ...>, ...> as VectorEncodingSize<...>>::EncodedPolynomialVectorSize well-formed`
   --> ml-kem/src/param.rs:204:21
    |
204 |         ArraySize + Sub<EncodedPolynomialVectorSize<U12, P::K>, Output = U32>,
    |                     ^^^^^^^^^^^^^^^^^^^^^^^^^^^^^^^^^^^^^^^^^^^^^^^^^^^^^^^^^
    |
    = help: consider increasing the recursion limit by adding a `#![recursion_limit = "256"]` attribute to your crate (`ml_kem`)

error[E0275]: overflow evaluating the requirement `<UInt<UInt<UInt<UInt<UTerm, B1>, ...>, ...>, ...> as VectorEncodingSize<...>>::EncodedPolynomialVectorSize == _`
   --> ml-kem/src/param.rs:206:5
    |
206 |     type NttVectorSize = EncodedPolynomialVectorSize<U12, P::K>;
    |     ^^^^^^^^^^^^^^^^^^

error[E0275]: overflow evaluating the requirement `<UInt<UInt<UInt<UInt<UTerm, B1>, ...>, ...>, ...> as VectorEncodingSize<...>>::EncodedPolynomialVectorSize well-formed`
   --> ml-kem/src/param.rs:206:5
    |
206 |     type NttVectorSize = EncodedPolynomialVectorSize<U12, P::K>;
    |     ^^^^^^^^^^^^^^^^^^
    |
    = help: consider increasing the recursion limit by adding a `#![recursion_limit = "256"]` attribute to your crate (`ml_kem`)

error[E0275]: overflow evaluating the requirement `<<P as PkeParams>::NttVectorSize as Add<UInt<UInt<UInt<UInt<..., ...>, ...>, ...>, ...>>>::Output == _`
   --> ml-kem/src/param.rs:207:5
    |
207 |     type EncryptionKeySize = Sum<Self::NttVectorSize, U32>;
    |     ^^^^^^^^^^^^^^^^^^^^^^

error[E0275]: overflow evaluating the requirement `<<P as PkeParams>::NttVectorSize as Add<UInt<UInt<UInt<UInt<..., ...>, ...>, ...>, ...>>>::Output well-formed`
   --> ml-kem/src/param.rs:207:5
    |
207 |     type EncryptionKeySize = Sum<Self::NttVectorSize, U32>;
    |     ^^^^^^^^^^^^^^^^^^^^^^

error[E0275]: overflow evaluating the requirement `<P as PkeParams>::NttVectorSize == _`
   --> ml-kem/src/param.rs:210:46
    |
210 |     fn encode_u12(p: &NttVector<Self::K>) -> EncodedNttVector<Self> {
    |                                              ^^^^^^^^^^^^^^^^^^^^^^

error[E0275]: overflow evaluating the requirement `hybrid_array::Array<u8, <P as PkeParams>::NttVectorSize>: Sized`
   --> ml-kem/src/param.rs:210:46
    |
210 |     fn encode_u12(p: &NttVector<Self::K>) -> EncodedNttVector<Self> {
    |                                              ^^^^^^^^^^^^^^^^^^^^^^
    |
    = help: consider increasing the recursion limit by adding a `#![recursion_limit = "256"]` attribute to your crate (`ml_kem`)
    = note: the return type of a function must have a statically known size

error[E0275]: overflow evaluating the requirement `hybrid_array::Array<u8, <P as PkeParams>::NttVectorSize> well-formed`
   --> ml-kem/src/param.rs:210:46
    |
210 |     fn encode_u12(p: &NttVector<Self::K>) -> EncodedNttVector<Self> {
    |                                              ^^^^^^^^^^^^^^^^^^^^^^

error[E0275]: overflow evaluating the requirement `<P as PkeParams>::NttVectorSize == _`
   --> ml-kem/src/param.rs:214:22
    |
214 |     fn decode_u12(v: &EncodedNttVector<Self>) -> NttVector<Self::K> {
    |                      ^^^^^^^^^^^^^^^^^^^^^^^

error[E0275]: overflow evaluating the requirement `&hybrid_array::Array<u8, <P as PkeParams>::NttVectorSize> well-formed`
   --> ml-kem/src/param.rs:214:22
    |
214 |     fn decode_u12(v: &EncodedNttVector<Self>) -> NttVector<Self::K> {
    |                      ^^^^^^^^^^^^^^^^^^^^^^^

error[E0275]: overflow evaluating the requirement `<P as PkeParams>::CiphertextSize == _`
   --> ml-kem/src/param.rs:218:59
    |
218 |     fn concat_ct(u: EncodedU<Self>, v: EncodedV<Self>) -> EncodedCiphertext<Self> {
    |                                                           ^^^^^^^^^^^^^^^^^^^^^^^

error[E0275]: overflow evaluating the requirement `hybrid_array::Array<u8, <P as PkeParams>::CiphertextSize>: Sized`
   --> ml-kem/src/param.rs:218:59
    |
218 |     fn concat_ct(u: EncodedU<Self>, v: EncodedV<Self>) -> EncodedCiphertext<Self> {
    |                                                           ^^^^^^^^^^^^^^^^^^^^^^^
    |
    = help: consider increasing the recursion limit by adding a `#![recursion_limit = "256"]` attribute to your crate (`ml_kem`)
    = note: the return type of a function must have a statically known size

error[E0275]: overflow evaluating the requirement `hybrid_array::Array<u8, <P as PkeParams>::CiphertextSize> well-formed`
   --> ml-kem/src/param.rs:218:59
    |
218 |     fn concat_ct(u: EncodedU<Self>, v: EncodedV<Self>) -> EncodedCiphertext<Self> {
    |                                                           ^^^^^^^^^^^^^^^^^^^^^^^

error[E0275]: overflow evaluating the requirement `<P as PkeParams>::CiphertextSize == _`
   --> ml-kem/src/param.rs:222:21
    |
222 |     fn split_ct(ct: &EncodedCiphertext<Self>) -> (&EncodedU<Self>, &EncodedV<Self>) {
    |                     ^^^^^^^^^^^^^^^^^^^^^^^^

error[E0275]: overflow evaluating the requirement `&hybrid_array::Array<u8, <P as PkeParams>::CiphertextSize> well-formed`
   --> ml-kem/src/param.rs:222:21
    |
222 |     fn split_ct(ct: &EncodedCiphertext<Self>) -> (&EncodedU<Self>, &EncodedV<Self>) {
    |                     ^^^^^^^^^^^^^^^^^^^^^^^^

error[E0275]: overflow evaluating the requirement `<P as PkeParams>::NttVectorSize == _`
   --> ml-kem/src/param.rs:226:25
    |
226 |     fn concat_ek(t_hat: EncodedNttVector<Self>, rho: B32) -> EncodedEncryptionKey<Self> {
    |                         ^^^^^^^^^^^^^^^^^^^^^^

error[E0275]: overflow evaluating the requirement `<P as PkeParams>::EncryptionKeySize == _`
   --> ml-kem/src/param.rs:226:62
    |
226 |     fn concat_ek(t_hat: EncodedNttVector<Self>, rho: B32) -> EncodedEncryptionKey<Self> {
    |                                                              ^^^^^^^^^^^^^^^^^^^^^^^^^^

error[E0275]: overflow evaluating the requirement `hybrid_array::Array<u8, <P as PkeParams>::EncryptionKeySize>: Sized`
   --> ml-kem/src/param.rs:226:62
    |
226 |     fn concat_ek(t_hat: EncodedNttVector<Self>, rho: B32) -> EncodedEncryptionKey<Self> {
    |                                                              ^^^^^^^^^^^^^^^^^^^^^^^^^^
    |
    = help: consider increasing the recursion limit by adding a `#![recursion_limit = "256"]` attribute to your crate (`ml_kem`)
    = note: the return type of a function must have a statically known size

error[E0275]: overflow evaluating the requirement `hybrid_array::Array<u8, <P as PkeParams>::NttVectorSize> well-formed`
   --> ml-kem/src/param.rs:226:25
    |
226 |     fn concat_ek(t_hat: EncodedNttVector<Self>, rho: B32) -> EncodedEncryptionKey<Self> {
    |                         ^^^^^^^^^^^^^^^^^^^^^^

error[E0275]: overflow evaluating the requirement `hybrid_array::Array<u8, <P as PkeParams>::EncryptionKeySize> well-formed`
   --> ml-kem/src/param.rs:226:62
    |
226 |     fn concat_ek(t_hat: EncodedNttVector<Self>, rho: B32) -> EncodedEncryptionKey<Self> {
    |                                                              ^^^^^^^^^^^^^^^^^^^^^^^^^^

error[E0275]: overflow evaluating the requirement `<P as PkeParams>::EncryptionKeySize == _`
   --> ml-kem/src/param.rs:230:21
    |
230 |     fn split_ek(ek: &EncodedEncryptionKey<Self>) -> (&EncodedNttVector<Self>, &B32) {
    |                     ^^^^^^^^^^^^^^^^^^^^^^^^^^^

error[E0275]: overflow evaluating the requirement `<P as PkeParams>::NttVectorSize == _`
   --> ml-kem/src/param.rs:230:53
    |
230 |     fn split_ek(ek: &EncodedEncryptionKey<Self>) -> (&EncodedNttVector<Self>, &B32) {
    |                                                     ^^^^^^^^^^^^^^^^^^^^^^^^^^^^^^^

error[E0275]: overflow evaluating the requirement `&hybrid_array::Array<u8, <P as PkeParams>::EncryptionKeySize> well-formed`
   --> ml-kem/src/param.rs:230:21
    |
230 |     fn split_ek(ek: &EncodedEncryptionKey<Self>) -> (&EncodedNttVector<Self>, &B32) {
    |                     ^^^^^^^^^^^^^^^^^^^^^^^^^^^

error[E0275]: overflow evaluating the requirement `(&hybrid_array::Array<u8, <P as PkeParams>::NttVectorSize>, &...) well-formed`
   --> ml-kem/src/param.rs:230:53
    |
230 |     fn split_ek(ek: &EncodedEncryptionKey<Self>) -> (&EncodedNttVector<Self>, &B32) {
    |                                                     ^^^^^^^^^^^^^^^^^^^^^^^^^^^^^^^

error[E0275]: overflow evaluating the requirement `UInt<UInt<UInt<UInt<UTerm, B1>, B1>, ...>, ...>: EncodingSize`
   --> ml-kem/src/param.rs:211:18
    |
211 |         Encode::<U12>::encode(p)
    |                  ^^^
    |
    = help: consider increasing the recursion limit by adding a `#![recursion_limit = "256"]` attribute to your crate (`ml_kem`)
note: required by a bound in `Encode::encode`
   --> ml-kem/src/encode.rs:68:21
    |
 68 | pub trait Encode<D: EncodingSize> {
    |                     ^^^^^^^^^^^^ required by this bound in `Encode::encode`
 69 |     type EncodedSize: ArraySize;
 70 |     fn encode(&self) -> Array<u8, Self::EncodedSize>;
    |        ------ required by a bound in this associated function

error[E0275]: overflow evaluating the requirement `NttVector<<P as ParameterSet>::K>: Encode<UInt<UInt<UInt<UInt<..., ...>, ...>, ...>, ...>>`
   --> ml-kem/src/param.rs:211:31
    |
211 |         Encode::<U12>::encode(p)
    |         --------------------- ^
    |         |
    |         required by a bound introduced by this call
    |
    = help: consider increasing the recursion limit by adding a `#![recursion_limit = "256"]` attribute to your crate (`ml_kem`)

error[E0275]: overflow evaluating the requirement `<P as PkeParams>::NttVectorSize == <NttVector<<P as ParameterSet>::K> as Encode<UInt<..., ...>>>::EncodedSize`
   --> ml-kem/src/param.rs:211:9
    |
211 |         Encode::<U12>::encode(p)
    |         ^^^^^^^^^^^^^^^^^^^^^^^^

error[E0275]: overflow evaluating the requirement `hybrid_array::Array<u8, <NttVector<<P as ParameterSet>::K> as Encode<UInt<..., ...>>>::EncodedSize>: Sized`
   --> ml-kem/src/param.rs:211:9
    |
211 |         Encode::<U12>::encode(p)
    |         ^^^^^^^^^^^^^^^^^^^^^^^^
    |
    = help: consider increasing the recursion limit by adding a `#![recursion_limit = "256"]` attribute to your crate (`ml_kem`)
    = note: the return type of a function must have a statically known size

error[E0275]: overflow evaluating the requirement `hybrid_array::Array<u8, <NttVector<<P as ParameterSet>::K> as Encode<UInt<..., ...>>>::EncodedSize> well-formed`
   --> ml-kem/src/param.rs:211:9
    |
211 |         Encode::<U12>::encode(p)
    |         ^^^^^^^^^^^^^^^^^^^^^^^^
    |
    = help: consider increasing the recursion limit by adding a `#![recursion_limit = "256"]` attribute to your crate (`ml_kem`)

error[E0275]: overflow evaluating the requirement `<P as PkeParams>::NttVectorSize == _`
   --> ml-kem/src/param.rs:210:69
    |
210 |       fn encode_u12(p: &NttVector<Self::K>) -> EncodedNttVector<Self> {
    |  _____________________________________________________________________^
211 | |         Encode::<U12>::encode(p)
212 | |     }
    | |_____^

error[E0275]: overflow evaluating the requirement `<NttVector<<P as ParameterSet>::K> as Encode<UInt<UInt<UInt<..., ...>, ...>, ...>>>::EncodedSize == _`
   --> ml-kem/src/param.rs:211:9
    |
211 |         Encode::<U12>::encode(p)
    |         ^^^^^^^^^^^^^^^^^^^^^^^^
    |
    = help: consider increasing the recursion limit by adding a `#![recursion_limit = "256"]` attribute to your crate (`ml_kem`)

error[E0275]: overflow evaluating the requirement `<P as PkeParams>::NttVectorSize == _`
   --> ml-kem/src/param.rs:210:5
    |
210 |     fn encode_u12(p: &NttVector<Self::K>) -> EncodedNttVector<Self> {
    |     ^^^^^^^^^^^^^^^^^^^^^^^^^^^^^^^^^^^^^^^^^^^^^^^^^^^^^^^^^^^^^^^

error[E0275]: overflow evaluating the requirement `_ == <P as PkeParams>::NttVectorSize`
   --> ml-kem/src/param.rs:214:19
    |
214 |     fn decode_u12(v: &EncodedNttVector<Self>) -> NttVector<Self::K> {
    |                   ^

error[E0275]: overflow evaluating the requirement `UInt<UInt<UInt<UInt<UTerm, B1>, B1>, ...>, ...>: EncodingSize`
   --> ml-kem/src/param.rs:215:18
    |
215 |         Encode::<U12>::decode(v)
    |                  ^^^
    |
    = help: consider increasing the recursion limit by adding a `#![recursion_limit = "256"]` attribute to your crate (`ml_kem`)
note: required by a bound in `Encode::decode`
   --> ml-kem/src/encode.rs:68:21
    |
 68 | pub trait Encode<D: EncodingSize> {
    |                     ^^^^^^^^^^^^ required by this bound in `Encode::decode`
...
 71 |     fn decode(enc: &Array<u8, Self::EncodedSize>) -> Self;
    |        ------ required by a bound in this associated function

error[E0275]: overflow evaluating the requirement `NttVector<<P as ParameterSet>::K>: Encode<UInt<UInt<UInt<UInt<..., ...>, ...>, ...>, ...>>`
   --> ml-kem/src/param.rs:215:9
    |
215 |         Encode::<U12>::decode(v)
    |         ^^^^^^^^^^^^^^^^^^^^^^^^
    |
    = help: consider increasing the recursion limit by adding a `#![recursion_limit = "256"]` attribute to your crate (`ml_kem`)

error[E0275]: overflow evaluating the requirement `_ == <NttVector<<P as ParameterSet>::K> as Encode<UInt<UInt<..., ...>, ...>>>::EncodedSize`
   --> ml-kem/src/param.rs:215:31
    |
215 |         Encode::<U12>::decode(v)
    |                               ^
    |
    = help: consider increasing the recursion limit by adding a `#![recursion_limit = "256"]` attribute to your crate (`ml_kem`)

error[E0275]: overflow evaluating the requirement `&hybrid_array::Array<u8, <NttVector<<P as ParameterSet>::K> as Encode<...>>::EncodedSize> well-formed`
   --> ml-kem/src/param.rs:215:31
    |
215 |         Encode::<U12>::decode(v)
    |                               ^
    |
    = help: consider increasing the recursion limit by adding a `#![recursion_limit = "256"]` attribute to your crate (`ml_kem`)

error[E0275]: overflow evaluating the requirement `<P as PkeParams>::NttVectorSize == _`
   --> ml-kem/src/param.rs:214:19
    |
214 |     fn decode_u12(v: &EncodedNttVector<Self>) -> NttVector<Self::K> {
    |                   ^

error[E0275]: overflow evaluating the requirement `<P as PkeParams>::NttVectorSize == _`
   --> ml-kem/src/param.rs:214:5
    |
214 |     fn decode_u12(v: &EncodedNttVector<Self>) -> NttVector<Self::K> {
    |     ^^^^^^^^^^^^^^^^^^^^^^^^^^^^^^^^^^^^^^^^^^^^^^^^^^^^^^^^^^^^^^^

error[E0275]: overflow evaluating the requirement `<P as PkeParams>::CiphertextSize == <<<P as ParameterSet>::Du as VectorEncodingSize<<... as ParameterSet>::K>>::EncodedPolynomialVectorSize as Add<...>>::Output`
   --> ml-kem/src/param.rs:219:9
    |
219 |         u.concat(v)
    |         ^^^^^^^^^^^

error[E0275]: overflow evaluating the requirement `<P as PkeParams>::CiphertextSize == _`
   --> ml-kem/src/param.rs:218:83
    |
218 |       fn concat_ct(u: EncodedU<Self>, v: EncodedV<Self>) -> EncodedCiphertext<Self> {
    |  ___________________________________________________________________________________^
219 | |         u.concat(v)
220 | |     }
    | |_____^

error[E0275]: overflow evaluating the requirement `<P as PkeParams>::CiphertextSize == _`
   --> ml-kem/src/param.rs:218:5
    |
218 |     fn concat_ct(u: EncodedU<Self>, v: EncodedV<Self>) -> EncodedCiphertext<Self> {
    |     ^^^^^^^^^^^^^^^^^^^^^^^^^^^^^^^^^^^^^^^^^^^^^^^^^^^^^^^^^^^^^^^^^^^^^^^^^^^^^

error[E0275]: overflow evaluating the requirement `_ == <P as PkeParams>::CiphertextSize`
   --> ml-kem/src/param.rs:222:17
    |
222 |     fn split_ct(ct: &EncodedCiphertext<Self>) -> (&EncodedU<Self>, &EncodedV<Self>) {
    |                 ^^

error[E0275]: overflow evaluating the requirement `<P as PkeParams>::CiphertextSize == _`
   --> ml-kem/src/param.rs:222:17
    |
222 |     fn split_ct(ct: &EncodedCiphertext<Self>) -> (&EncodedU<Self>, &EncodedV<Self>) {
    |                 ^^

error[E0275]: overflow evaluating the requirement `<<UInt<UInt<UInt<UInt<UInt<..., ...>, ...>, ...>, ...>, ...> as Mul<...>>::Output as Sub<...>>::Output == _`
   --> ml-kem/src/param.rs:223:9
    |
223 |         ct.split_ref()
    |         ^^^^^^^^^^^^^^

error[E0275]: overflow evaluating the requirement `<P as PkeParams>::CiphertextSize == _`
   --> ml-kem/src/param.rs:222:5
    |
222 |     fn split_ct(ct: &EncodedCiphertext<Self>) -> (&EncodedU<Self>, &EncodedV<Self>) {
    |     ^^^^^^^^^^^^^^^^^^^^^^^^^^^^^^^^^^^^^^^^^^^^^^^^^^^^^^^^^^^^^^^^^^^^^^^^^^^^^^^

error[E0275]: overflow evaluating the requirement `_ == <P as PkeParams>::NttVectorSize`
   --> ml-kem/src/param.rs:226:18
    |
226 |     fn concat_ek(t_hat: EncodedNttVector<Self>, rho: B32) -> EncodedEncryptionKey<Self> {
    |                  ^^^^^

error[E0275]: overflow evaluating the requirement `<P as PkeParams>::EncryptionKeySize == <<UInt<UInt<UInt<..., ...>, ...>, ...> as Mul<...>>::Output as Add<...>>::Output`
   --> ml-kem/src/param.rs:227:9
    |
227 |         t_hat.concat(rho)
    |         ^^^^^^^^^^^^^^^^^

error[E0275]: overflow evaluating the requirement `<P as PkeParams>::NttVectorSize == _`
   --> ml-kem/src/param.rs:226:18
    |
226 |     fn concat_ek(t_hat: EncodedNttVector<Self>, rho: B32) -> EncodedEncryptionKey<Self> {
    |                  ^^^^^

error[E0275]: overflow evaluating the requirement `<P as PkeParams>::EncryptionKeySize == _`
   --> ml-kem/src/param.rs:226:89
    |
226 |       fn concat_ek(t_hat: EncodedNttVector<Self>, rho: B32) -> EncodedEncryptionKey<Self> {
    |  _________________________________________________________________________________________^
227 | |         t_hat.concat(rho)
228 | |     }
    | |_____^

error[E0275]: overflow evaluating the requirement `<P as PkeParams>::NttVectorSize == _`
   --> ml-kem/src/param.rs:226:5
    |
226 |     fn concat_ek(t_hat: EncodedNttVector<Self>, rho: B32) -> EncodedEncryptionKey<Self> {
    |     ^^^^^^^^^^^^^^^^^^^^^^^^^^^^^^^^^^^^^^^^^^^^^^^^^^^^^^^^^^^^^^^^^^^^^^^^^^^^^^^^^^^

error[E0275]: overflow evaluating the requirement `<P as PkeParams>::EncryptionKeySize == _`
   --> ml-kem/src/param.rs:226:5
    |
226 |     fn concat_ek(t_hat: EncodedNttVector<Self>, rho: B32) -> EncodedEncryptionKey<Self> {
    |     ^^^^^^^^^^^^^^^^^^^^^^^^^^^^^^^^^^^^^^^^^^^^^^^^^^^^^^^^^^^^^^^^^^^^^^^^^^^^^^^^^^^

error[E0275]: overflow evaluating the requirement `_ == <P as PkeParams>::EncryptionKeySize`
   --> ml-kem/src/param.rs:230:17
    |
230 |     fn split_ek(ek: &EncodedEncryptionKey<Self>) -> (&EncodedNttVector<Self>, &B32) {
    |                 ^^

error[E0275]: overflow evaluating the requirement `<<P as ParameterSet>::Du as VectorEncodingSize<<P as ParameterSet>::K>>::EncodedPolynomialVectorSize == <P as PkeParams>::NttVectorSize`
   --> ml-kem/src/param.rs:231:9
    |
231 |         ek.split_ref()
    |         ^^^^^^^^^^^^^^

error[E0275]: overflow evaluating the requirement `<P as PkeParams>::EncryptionKeySize == _`
   --> ml-kem/src/param.rs:230:17
    |
230 |     fn split_ek(ek: &EncodedEncryptionKey<Self>) -> (&EncodedNttVector<Self>, &B32) {
    |                 ^^

error[E0275]: overflow evaluating the requirement `<P as PkeParams>::NttVectorSize == _`
   --> ml-kem/src/param.rs:230:85
    |
230 |       fn split_ek(ek: &EncodedEncryptionKey<Self>) -> (&EncodedNttVector<Self>, &B32) {
    |  _____________________________________________________________________________________^
231 | |         ek.split_ref()
232 | |     }
    | |_____^

error[E0275]: overflow evaluating the requirement `<<UInt<UInt<UInt<UInt<UInt<..., ...>, ...>, ...>, ...>, ...> as Mul<...>>::Output as Sub<...>>::Output == _`
   --> ml-kem/src/param.rs:231:9
    |
231 |         ek.split_ref()
    |         ^^^^^^^^^^^^^^

error[E0275]: overflow evaluating the requirement `<P as PkeParams>::EncryptionKeySize == _`
   --> ml-kem/src/param.rs:230:5
    |
230 |     fn split_ek(ek: &EncodedEncryptionKey<Self>) -> (&EncodedNttVector<Self>, &B32) {
    |     ^^^^^^^^^^^^^^^^^^^^^^^^^^^^^^^^^^^^^^^^^^^^^^^^^^^^^^^^^^^^^^^^^^^^^^^^^^^^^^^

error[E0275]: overflow evaluating the requirement `<P as PkeParams>::NttVectorSize == _`
   --> ml-kem/src/param.rs:230:5
    |
230 |     fn split_ek(ek: &EncodedEncryptionKey<Self>) -> (&EncodedNttVector<Self>, &B32) {
    |     ^^^^^^^^^^^^^^^^^^^^^^^^^^^^^^^^^^^^^^^^^^^^^^^^^^^^^^^^^^^^^^^^^^^^^^^^^^^^^^^

For more information about this error, try `rustc --explain E0275`.
warning: `ml-kem` (lib) generated 2 warnings
error: could not compile `ml-kem` (lib) due to 87 previous errors; 2 warnings emitted
