Running as unit: run-p782772-i783072.scope; invocation ID: 16f499958d704e3fbef2aa09b9587fc0
    Updating `tuna` index
 Downloading crates ...
  Downloaded hephae-macros v0.7.2 (registry `tuna`)
  Downloaded hephae-utils-derive v0.7.2 (registry `tuna`)
  Downloaded bevy_render_macros v0.15.3 (registry `tuna`)
  Downloaded bevy_asset_macros v0.15.3 (registry `tuna`)
  Downloaded bevy_a11y v0.15.3 (registry `tuna`)
  Downloaded bevy_mikktspace v0.15.3 (registry `tuna`)
  Downloaded bevy_encase_derive v0.15.3 (registry `tuna`)
  Downloaded font-types v0.8.3 (registry `tuna`)
  Downloaded hephae-text v0.7.2 (registry `tuna`)
  Downloaded zeno v0.3.2 (registry `tuna`)
  Downloaded bevy_window v0.15.3 (registry `tuna`)
  Downloaded bevy_image v0.15.3 (registry `tuna`)
  Downloaded bevy_color v0.15.4 (registry `tuna`)
  Downloaded bevy_mesh v0.15.3 (registry `tuna`)
  Downloaded hephae-utils v0.7.2 (registry `tuna`)
  Downloaded bevy_asset v0.15.3 (registry `tuna`)
  Downloaded bevy_render v0.15.3 (registry `tuna`)
  Downloaded swash v0.2.1 (registry `tuna`)
  Downloaded skrifa v0.26.6 (registry `tuna`)
  Downloaded read-fonts v0.25.3 (registry `tuna`)
  Downloaded bevy_core_pipeline v0.15.3 (registry `tuna`)
   Compiling proc-macro2 v1.0.94
   Compiling unicode-ident v1.0.18
   Compiling serde v1.0.219
   Compiling libc v0.2.171
    Checking cfg-if v1.0.0
   Compiling autocfg v1.4.0
    Checking pin-project-lite v0.2.16
   Compiling hashbrown v0.15.2
   Compiling equivalent v1.0.2
   Compiling version_check v0.9.5
   Compiling zerocopy v0.8.24
   Compiling toml_datetime v0.6.8
    Checking once_cell v1.21.1
   Compiling winnow v0.7.4
   Compiling crossbeam-utils v0.8.21
   Compiling crunchy v0.2.3
   Compiling indexmap v2.8.0
    Checking smallvec v1.14.0
   Compiling quote v1.0.40
   Compiling tiny-keccak v2.0.2
   Compiling getrandom v0.2.15
    Checking foldhash v0.1.5
    Checking parking v2.2.1
   Compiling syn v2.0.100
    Checking concurrent-queue v2.5.0
   Compiling ahash v0.8.11
    Checking futures-core v0.3.31
   Compiling const-random-macro v0.1.16
    Checking tracing-core v0.1.33
   Compiling typeid v1.0.3
    Checking futures-io v0.3.31
    Checking rand_core v0.6.4
    Checking const-random v0.1.18
    Checking fastrand v2.3.0
    Checking zerocopy v0.7.35
    Checking allocator-api2 v0.2.21
   Compiling unicode-xid v0.2.6
    Checking futures-lite v2.6.0
   Compiling uuid v1.12.1
    Checking ppv-lite86 v0.2.21
    Checking thread_local v1.1.8
   Compiling slab v0.4.9
    Checking async-task v4.7.1
    Checking rand_chacha v0.3.1
    Checking disqualified v1.0.0
    Checking downcast-rs v1.2.1
    Checking bevy_ptr v0.15.3
   Compiling libm v0.2.11
    Checking rand v0.8.5
   Compiling cfg_aliases v0.2.1
   Compiling cfg_aliases v0.1.1
   Compiling nix v0.29.0
    Checking nonmax v0.5.5
    Checking fixedbitset v0.4.2
    Checking petgraph v0.6.5
    Checking fixedbitset v0.5.7
    Checking async-executor v1.13.1
   Compiling num-traits v0.2.19
   Compiling thiserror v1.0.69
    Checking bevy_tasks v0.15.3
    Checking arrayvec v0.7.6
   Compiling toml_edit v0.22.24
    Checking log v0.4.27
   Compiling lock_api v0.4.12
   Compiling parking_lot_core v0.9.10
    Checking either v1.15.0
   Compiling naga v23.1.0
    Checking event-listener v5.4.0
    Checking rustc-hash v1.1.0
    Checking termcolor v1.4.1
    Checking bit-vec v0.8.0
    Checking scopeguard v1.2.0
    Checking unicode-width v0.1.14
    Checking event-listener-strategy v0.5.3
    Checking bit-set v0.8.0
    Checking itertools v0.13.0
    Checking rand_distr v0.4.3
    Checking codespan-reporting v0.11.1
    Checking libloading v0.8.6
   Compiling shlex v1.3.0
   Compiling khronos-egl v6.0.0
   Compiling ash v0.38.0+1.3.281
    Checking hexf-parse v0.2.1
   Compiling cc v1.2.17
    Checking parking_lot v0.12.3
   Compiling wgpu-hal v23.0.1
    Checking raw-window-handle v0.6.2
    Checking atomic-waker v1.1.2
    Checking piper v0.2.4
    Checking async-channel v2.3.1
   Compiling wgpu-core v23.0.1
    Checking crossbeam-channel v0.5.14
    Checking profiling v1.0.16
    Checking renderdoc-sys v1.1.0
   Compiling litrs v0.4.1
    Checking tinyvec_macros v0.1.1
    Checking glow v0.14.2
    Checking tinyvec v1.9.0
   Compiling document-features v0.2.11
    Checking blocking v1.6.1
   Compiling blake3 v1.7.0
    Checking async-lock v3.4.0
   Compiling wgpu v23.0.1
    Checking constant_time_eq v0.3.1
    Checking base64 v0.21.7
    Checking event-listener v2.5.3
   Compiling bevy_macro_utils v0.15.3
   Compiling encase_derive_impl v0.10.0
    Checking const_panic v0.2.12
    Checking arrayref v0.3.9
    Checking memchr v2.7.4
    Checking async-fs v2.1.2
    Checking async-broadcast v0.5.1
    Checking atomicow v1.1.0
    Checking const_soft_float v0.1.4
    Checking regex-syntax v0.8.5
    Checking byteorder-lite v0.1.0
    Checking static_assertions v1.1.0
    Checking aho-corasick v1.1.3
    Checking stackfuture v0.3.0
    Checking constgebra v0.1.4
   Compiling slotmap v1.0.7
    Checking bit-vec v0.6.3
    Checking accesskit v0.17.1
    Checking bit-set v0.5.3
    Checking data-encoding v2.8.0
    Checking const-fnv1a-hash v1.1.0
   Compiling hephae-macros v0.7.2
    Checking offset-allocator v0.2.0
    Checking memmap2 v0.9.5
    Checking zeno v0.3.2
   Compiling thiserror v2.0.12
    Checking ttf-parser v0.20.0
    Checking unicode-ccc v0.2.0
    Checking unicode-script v0.5.7
    Checking yazi v0.2.1
    Checking ttf-parser v0.21.1
    Checking unicode-bidi-mirroring v0.2.0
    Checking unicode-properties v0.1.3
    Checking euclid v0.22.11
    Checking svg_fmt v0.4.4
   Compiling serde_derive v1.0.219
   Compiling bytemuck_derive v1.9.2
   Compiling tracing-attributes v0.1.28
   Compiling bevy_utils_proc_macros v0.15.3
   Compiling derive_more-impl v1.0.0
   Compiling assert_type_match v0.1.1
   Compiling bevy_reflect_derive v0.15.3
    Checking bytemuck v1.22.0
   Compiling bevy_ecs_macros v0.15.3
   Compiling bevy_derive v0.15.3
    Checking tracing v0.1.41
   Compiling thiserror-impl v1.0.69
   Compiling encase_derive v0.10.0
   Compiling bevy_asset_macros v0.15.3
    Checking image v0.25.5
    Checking font-types v0.8.3
    Checking regex-automata v0.4.9
    Checking read-fonts v0.25.3
   Compiling bevy_render_macros v0.15.3
   Compiling bevy_encase_derive v0.15.3
    Checking fontdb v0.16.2
   Compiling hephae-utils-derive v0.7.2
   Compiling thiserror-impl v2.0.12
    Checking unicode-bidi v0.3.18
    Checking sys-locale v0.3.2
    Checking unicode-linebreak v0.1.5
    Checking regex v1.11.1
    Checking unicode-segmentation v1.12.0
    Checking derive_more v1.0.0
    Checking rangemap v1.5.1
    Checking self_cell v1.1.0
    Checking guillotiere v0.6.2
    Checking radsort v0.1.1
    Checking taffy v0.7.7
    Checking bitflags v2.9.0
    Checking glam v0.29.2
    Checking hashbrown v0.14.5
    Checking smol_str v0.2.2
    Checking erased-serde v0.4.6
    Checking spirv v0.3.0+sdk-1.3.268.0
    Checking wgpu-types v23.0.0
    Checking gpu-alloc-types v0.3.0
    Checking gpu-descriptor-types v0.2.0
    Checking gpu-alloc v0.6.0
    Checking gpu-descriptor v0.3.1
    Checking bevy_utils v0.15.3
    Checking ron v0.8.1
    Checking skrifa v0.26.6
    Checking rustybuzz v0.14.1
    Checking ctrlc v3.4.5
    Checking swash v0.2.1
    Checking bevy_reflect v0.15.3
    Checking encase v0.10.0
    Checking bevy_mikktspace v0.15.3
    Checking hexasphere v15.1.0
    Checking naga_oil v0.16.0
    Checking cosmic-text v0.13.2
    Checking bevy_ecs v0.15.3
    Checking bevy_math v0.15.3
    Checking bevy_color v0.15.4
error[E0283]: type annotations needed
   --> /home/adwin/.cargo/registry/src/mirrors.tuna.tsinghua.edu.cn-4dc01642fd091eda/bevy_ecs-0.15.3/src/system/exclusive_function_system.rs:280:17
    |
280 |                 call_inner(self, input, world, $($param),*)
    |                 ^^^^^^^^^^^^^^^^^^^^^^^^^^^^^^^^^^^^^^^^^^^ cannot infer type
...
287 | all_tuples!(impl_exclusive_system_function, 0, 16, F);
    | ----------------------------------------------------- in this macro invocation
    |
    = note: cannot satisfy `_: input::SystemInput`
    = help: the following types implement trait `input::SystemInput`:
              ()
              StaticSystemInput<'a, I>
              input::In<T>
              input::InMut<'_, T>
              input::InRef<'_, T>
              observer::Trigger<'_, E, B>
note: required by a bound in `<Func as exclusive_function_system::ExclusiveSystemParamFunction<(HasExclusiveSystemInput, fn(In) -> Out)>>::run::call_inner`
   --> /home/adwin/.cargo/registry/src/mirrors.tuna.tsinghua.edu.cn-4dc01642fd091eda/bevy_ecs-0.15.3/src/system/exclusive_function_system.rs:271:35
    |
271 |                 fn call_inner<In: SystemInput, Out, $($param,)*>(
    |                                   ^^^^^^^^^^^ required by this bound in `call_inner`
...
287 | all_tuples!(impl_exclusive_system_function, 0, 16, F);
    | ----------------------------------------------------- in this macro invocation
    = note: this error originates in the macro `impl_exclusive_system_function` which comes from the expansion of the macro `all_tuples` (in Nightly builds, run with -Z macro-backtrace for more info)

error[E0283]: type annotations needed
   --> /home/adwin/.cargo/registry/src/mirrors.tuna.tsinghua.edu.cn-4dc01642fd091eda/bevy_ecs-0.15.3/src/system/exclusive_function_system.rs:280:17
    |
280 |                 call_inner(self, input, world, $($param),*)
    |                 ^^^^^^^^^^^^^^^^^^^^^^^^^^^^^^^^^^^^^^^^^^^ cannot infer type
...
287 | all_tuples!(impl_exclusive_system_function, 0, 16, F);
    | ----------------------------------------------------- in this macro invocation
    |
    = note: cannot satisfy `_: input::SystemInput`
    = help: the following types implement trait `input::SystemInput`:
              ()
              StaticSystemInput<'a, I>
              input::In<T>
              input::InMut<'_, T>
              input::InRef<'_, T>
              observer::Trigger<'_, E, B>
note: required by a bound in `<Func as exclusive_function_system::ExclusiveSystemParamFunction<(HasExclusiveSystemInput, fn(In, F0) -> Out)>>::run::call_inner`
   --> /home/adwin/.cargo/registry/src/mirrors.tuna.tsinghua.edu.cn-4dc01642fd091eda/bevy_ecs-0.15.3/src/system/exclusive_function_system.rs:271:35
    |
271 |                 fn call_inner<In: SystemInput, Out, $($param,)*>(
    |                                   ^^^^^^^^^^^ required by this bound in `call_inner`
...
287 | all_tuples!(impl_exclusive_system_function, 0, 16, F);
    | ----------------------------------------------------- in this macro invocation
    = note: this error originates in the macro `impl_exclusive_system_function` which comes from the expansion of the macro `all_tuples` (in Nightly builds, run with -Z macro-backtrace for more info)

error[E0283]: type annotations needed
   --> /home/adwin/.cargo/registry/src/mirrors.tuna.tsinghua.edu.cn-4dc01642fd091eda/bevy_ecs-0.15.3/src/system/exclusive_function_system.rs:280:17
    |
280 |                 call_inner(self, input, world, $($param),*)
    |                 ^^^^^^^^^^^^^^^^^^^^^^^^^^^^^^^^^^^^^^^^^^^ cannot infer type
...
287 | all_tuples!(impl_exclusive_system_function, 0, 16, F);
    | ----------------------------------------------------- in this macro invocation
    |
    = note: cannot satisfy `_: input::SystemInput`
    = help: the following types implement trait `input::SystemInput`:
              ()
              StaticSystemInput<'a, I>
              input::In<T>
              input::InMut<'_, T>
              input::InRef<'_, T>
              observer::Trigger<'_, E, B>
note: required by a bound in `<Func as exclusive_function_system::ExclusiveSystemParamFunction<(HasExclusiveSystemInput, fn(In, F0, F1) -> Out)>>::run::call_inner`
   --> /home/adwin/.cargo/registry/src/mirrors.tuna.tsinghua.edu.cn-4dc01642fd091eda/bevy_ecs-0.15.3/src/system/exclusive_function_system.rs:271:35
    |
271 |                 fn call_inner<In: SystemInput, Out, $($param,)*>(
    |                                   ^^^^^^^^^^^ required by this bound in `call_inner`
...
287 | all_tuples!(impl_exclusive_system_function, 0, 16, F);
    | ----------------------------------------------------- in this macro invocation
    = note: this error originates in the macro `impl_exclusive_system_function` which comes from the expansion of the macro `all_tuples` (in Nightly builds, run with -Z macro-backtrace for more info)

error[E0283]: type annotations needed
   --> /home/adwin/.cargo/registry/src/mirrors.tuna.tsinghua.edu.cn-4dc01642fd091eda/bevy_ecs-0.15.3/src/system/exclusive_function_system.rs:280:17
    |
280 |                 call_inner(self, input, world, $($param),*)
    |                 ^^^^^^^^^^^^^^^^^^^^^^^^^^^^^^^^^^^^^^^^^^^ cannot infer type
...
287 | all_tuples!(impl_exclusive_system_function, 0, 16, F);
    | ----------------------------------------------------- in this macro invocation
    |
    = note: cannot satisfy `_: input::SystemInput`
    = help: the following types implement trait `input::SystemInput`:
              ()
              StaticSystemInput<'a, I>
              input::In<T>
              input::InMut<'_, T>
              input::InRef<'_, T>
              observer::Trigger<'_, E, B>
note: required by a bound in `<Func as exclusive_function_system::ExclusiveSystemParamFunction<(HasExclusiveSystemInput, fn(In, F0, F1, F2) -> Out)>>::run::call_inner`
   --> /home/adwin/.cargo/registry/src/mirrors.tuna.tsinghua.edu.cn-4dc01642fd091eda/bevy_ecs-0.15.3/src/system/exclusive_function_system.rs:271:35
    |
271 |                 fn call_inner<In: SystemInput, Out, $($param,)*>(
    |                                   ^^^^^^^^^^^ required by this bound in `call_inner`
...
287 | all_tuples!(impl_exclusive_system_function, 0, 16, F);
    | ----------------------------------------------------- in this macro invocation
    = note: this error originates in the macro `impl_exclusive_system_function` which comes from the expansion of the macro `all_tuples` (in Nightly builds, run with -Z macro-backtrace for more info)

error[E0283]: type annotations needed
   --> /home/adwin/.cargo/registry/src/mirrors.tuna.tsinghua.edu.cn-4dc01642fd091eda/bevy_ecs-0.15.3/src/system/exclusive_function_system.rs:280:17
    |
280 |                 call_inner(self, input, world, $($param),*)
    |                 ^^^^^^^^^^^^^^^^^^^^^^^^^^^^^^^^^^^^^^^^^^^ cannot infer type
...
287 | all_tuples!(impl_exclusive_system_function, 0, 16, F);
    | ----------------------------------------------------- in this macro invocation
    |
    = note: cannot satisfy `_: input::SystemInput`
    = help: the following types implement trait `input::SystemInput`:
              ()
              StaticSystemInput<'a, I>
              input::In<T>
              input::InMut<'_, T>
              input::InRef<'_, T>
              observer::Trigger<'_, E, B>
note: required by a bound in `<Func as exclusive_function_system::ExclusiveSystemParamFunction<(HasExclusiveSystemInput, fn(In, F0, F1, F2, F3) -> Out)>>::run::call_inner`
   --> /home/adwin/.cargo/registry/src/mirrors.tuna.tsinghua.edu.cn-4dc01642fd091eda/bevy_ecs-0.15.3/src/system/exclusive_function_system.rs:271:35
    |
271 |                 fn call_inner<In: SystemInput, Out, $($param,)*>(
    |                                   ^^^^^^^^^^^ required by this bound in `call_inner`
...
287 | all_tuples!(impl_exclusive_system_function, 0, 16, F);
    | ----------------------------------------------------- in this macro invocation
    = note: this error originates in the macro `impl_exclusive_system_function` which comes from the expansion of the macro `all_tuples` (in Nightly builds, run with -Z macro-backtrace for more info)

error[E0283]: type annotations needed
   --> /home/adwin/.cargo/registry/src/mirrors.tuna.tsinghua.edu.cn-4dc01642fd091eda/bevy_ecs-0.15.3/src/system/exclusive_function_system.rs:280:17
    |
280 |                 call_inner(self, input, world, $($param),*)
    |                 ^^^^^^^^^^^^^^^^^^^^^^^^^^^^^^^^^^^^^^^^^^^ cannot infer type
...
287 | all_tuples!(impl_exclusive_system_function, 0, 16, F);
    | ----------------------------------------------------- in this macro invocation
    |
    = note: cannot satisfy `_: input::SystemInput`
    = help: the following types implement trait `input::SystemInput`:
              ()
              StaticSystemInput<'a, I>
              input::In<T>
              input::InMut<'_, T>
              input::InRef<'_, T>
              observer::Trigger<'_, E, B>
note: required by a bound in `<Func as exclusive_function_system::ExclusiveSystemParamFunction<(HasExclusiveSystemInput, fn(In, F0, F1, F2, F3, F4) -> Out)>>::run::call_inner`
   --> /home/adwin/.cargo/registry/src/mirrors.tuna.tsinghua.edu.cn-4dc01642fd091eda/bevy_ecs-0.15.3/src/system/exclusive_function_system.rs:271:35
    |
271 |                 fn call_inner<In: SystemInput, Out, $($param,)*>(
    |                                   ^^^^^^^^^^^ required by this bound in `call_inner`
...
287 | all_tuples!(impl_exclusive_system_function, 0, 16, F);
    | ----------------------------------------------------- in this macro invocation
    = note: this error originates in the macro `impl_exclusive_system_function` which comes from the expansion of the macro `all_tuples` (in Nightly builds, run with -Z macro-backtrace for more info)

error[E0283]: type annotations needed
   --> /home/adwin/.cargo/registry/src/mirrors.tuna.tsinghua.edu.cn-4dc01642fd091eda/bevy_ecs-0.15.3/src/system/exclusive_function_system.rs:280:17
    |
280 |                 call_inner(self, input, world, $($param),*)
    |                 ^^^^^^^^^^^^^^^^^^^^^^^^^^^^^^^^^^^^^^^^^^^ cannot infer type
...
287 | all_tuples!(impl_exclusive_system_function, 0, 16, F);
    | ----------------------------------------------------- in this macro invocation
    |
    = note: cannot satisfy `_: input::SystemInput`
    = help: the following types implement trait `input::SystemInput`:
              ()
              StaticSystemInput<'a, I>
              input::In<T>
              input::InMut<'_, T>
              input::InRef<'_, T>
              observer::Trigger<'_, E, B>
note: required by a bound in `<Func as exclusive_function_system::ExclusiveSystemParamFunction<(HasExclusiveSystemInput, fn(In, F0, F1, F2, F3, F4, F5) -> Out)>>::run::call_inner`
   --> /home/adwin/.cargo/registry/src/mirrors.tuna.tsinghua.edu.cn-4dc01642fd091eda/bevy_ecs-0.15.3/src/system/exclusive_function_system.rs:271:35
    |
271 |                 fn call_inner<In: SystemInput, Out, $($param,)*>(
    |                                   ^^^^^^^^^^^ required by this bound in `call_inner`
...
287 | all_tuples!(impl_exclusive_system_function, 0, 16, F);
    | ----------------------------------------------------- in this macro invocation
    = note: this error originates in the macro `impl_exclusive_system_function` which comes from the expansion of the macro `all_tuples` (in Nightly builds, run with -Z macro-backtrace for more info)

error[E0283]: type annotations needed
   --> /home/adwin/.cargo/registry/src/mirrors.tuna.tsinghua.edu.cn-4dc01642fd091eda/bevy_ecs-0.15.3/src/system/exclusive_function_system.rs:280:17
    |
280 |                 call_inner(self, input, world, $($param),*)
    |                 ^^^^^^^^^^^^^^^^^^^^^^^^^^^^^^^^^^^^^^^^^^^ cannot infer type
...
287 | all_tuples!(impl_exclusive_system_function, 0, 16, F);
    | ----------------------------------------------------- in this macro invocation
    |
    = note: cannot satisfy `_: input::SystemInput`
    = help: the following types implement trait `input::SystemInput`:
              ()
              StaticSystemInput<'a, I>
              input::In<T>
              input::InMut<'_, T>
              input::InRef<'_, T>
              observer::Trigger<'_, E, B>
note: required by a bound in `<Func as exclusive_function_system::ExclusiveSystemParamFunction<(HasExclusiveSystemInput, fn(In, F0, F1, F2, F3, F4, F5, F6) -> Out)>>::run::call_inner`
   --> /home/adwin/.cargo/registry/src/mirrors.tuna.tsinghua.edu.cn-4dc01642fd091eda/bevy_ecs-0.15.3/src/system/exclusive_function_system.rs:271:35
    |
271 |                 fn call_inner<In: SystemInput, Out, $($param,)*>(
    |                                   ^^^^^^^^^^^ required by this bound in `call_inner`
...
287 | all_tuples!(impl_exclusive_system_function, 0, 16, F);
    | ----------------------------------------------------- in this macro invocation
    = note: this error originates in the macro `impl_exclusive_system_function` which comes from the expansion of the macro `all_tuples` (in Nightly builds, run with -Z macro-backtrace for more info)

error[E0283]: type annotations needed
   --> /home/adwin/.cargo/registry/src/mirrors.tuna.tsinghua.edu.cn-4dc01642fd091eda/bevy_ecs-0.15.3/src/system/exclusive_function_system.rs:280:17
    |
280 |                 call_inner(self, input, world, $($param),*)
    |                 ^^^^^^^^^^^^^^^^^^^^^^^^^^^^^^^^^^^^^^^^^^^ cannot infer type
...
287 | all_tuples!(impl_exclusive_system_function, 0, 16, F);
    | ----------------------------------------------------- in this macro invocation
    |
    = note: cannot satisfy `_: input::SystemInput`
    = help: the following types implement trait `input::SystemInput`:
              ()
              StaticSystemInput<'a, I>
              input::In<T>
              input::InMut<'_, T>
              input::InRef<'_, T>
              observer::Trigger<'_, E, B>
note: required by a bound in `<Func as exclusive_function_system::ExclusiveSystemParamFunction<(HasExclusiveSystemInput, fn(In, F0, F1, F2, F3, F4, F5, F6, F7) -> Out)>>::run::call_inner`
   --> /home/adwin/.cargo/registry/src/mirrors.tuna.tsinghua.edu.cn-4dc01642fd091eda/bevy_ecs-0.15.3/src/system/exclusive_function_system.rs:271:35
    |
271 |                 fn call_inner<In: SystemInput, Out, $($param,)*>(
    |                                   ^^^^^^^^^^^ required by this bound in `call_inner`
...
287 | all_tuples!(impl_exclusive_system_function, 0, 16, F);
    | ----------------------------------------------------- in this macro invocation
    = note: this error originates in the macro `impl_exclusive_system_function` which comes from the expansion of the macro `all_tuples` (in Nightly builds, run with -Z macro-backtrace for more info)

error[E0283]: type annotations needed
   --> /home/adwin/.cargo/registry/src/mirrors.tuna.tsinghua.edu.cn-4dc01642fd091eda/bevy_ecs-0.15.3/src/system/exclusive_function_system.rs:280:17
    |
280 |                 call_inner(self, input, world, $($param),*)
    |                 ^^^^^^^^^^^^^^^^^^^^^^^^^^^^^^^^^^^^^^^^^^^ cannot infer type
...
287 | all_tuples!(impl_exclusive_system_function, 0, 16, F);
    | ----------------------------------------------------- in this macro invocation
    |
    = note: cannot satisfy `_: input::SystemInput`
    = help: the following types implement trait `input::SystemInput`:
              ()
              StaticSystemInput<'a, I>
              input::In<T>
              input::InMut<'_, T>
              input::InRef<'_, T>
              observer::Trigger<'_, E, B>
note: required by a bound in `<Func as exclusive_function_system::ExclusiveSystemParamFunction<(HasExclusiveSystemInput, fn(In, F0, F1, F2, F3, F4, F5, F6, F7, F8) -> Out)>>::run::call_inner`
   --> /home/adwin/.cargo/registry/src/mirrors.tuna.tsinghua.edu.cn-4dc01642fd091eda/bevy_ecs-0.15.3/src/system/exclusive_function_system.rs:271:35
    |
271 |                 fn call_inner<In: SystemInput, Out, $($param,)*>(
    |                                   ^^^^^^^^^^^ required by this bound in `call_inner`
...
287 | all_tuples!(impl_exclusive_system_function, 0, 16, F);
    | ----------------------------------------------------- in this macro invocation
    = note: this error originates in the macro `impl_exclusive_system_function` which comes from the expansion of the macro `all_tuples` (in Nightly builds, run with -Z macro-backtrace for more info)

error[E0283]: type annotations needed
   --> /home/adwin/.cargo/registry/src/mirrors.tuna.tsinghua.edu.cn-4dc01642fd091eda/bevy_ecs-0.15.3/src/system/exclusive_function_system.rs:280:17
    |
280 |                 call_inner(self, input, world, $($param),*)
    |                 ^^^^^^^^^^^^^^^^^^^^^^^^^^^^^^^^^^^^^^^^^^^ cannot infer type
...
287 | all_tuples!(impl_exclusive_system_function, 0, 16, F);
    | ----------------------------------------------------- in this macro invocation
    |
    = note: cannot satisfy `_: input::SystemInput`
    = help: the following types implement trait `input::SystemInput`:
              ()
              StaticSystemInput<'a, I>
              input::In<T>
              input::InMut<'_, T>
              input::InRef<'_, T>
              observer::Trigger<'_, E, B>
note: required by a bound in `<Func as exclusive_function_system::ExclusiveSystemParamFunction<(HasExclusiveSystemInput, fn(In, F0, F1, F2, F3, F4, F5, F6, F7, F8, F9) -> Out)>>::run::call_inner`
   --> /home/adwin/.cargo/registry/src/mirrors.tuna.tsinghua.edu.cn-4dc01642fd091eda/bevy_ecs-0.15.3/src/system/exclusive_function_system.rs:271:35
    |
271 |                 fn call_inner<In: SystemInput, Out, $($param,)*>(
    |                                   ^^^^^^^^^^^ required by this bound in `call_inner`
...
287 | all_tuples!(impl_exclusive_system_function, 0, 16, F);
    | ----------------------------------------------------- in this macro invocation
    = note: this error originates in the macro `impl_exclusive_system_function` which comes from the expansion of the macro `all_tuples` (in Nightly builds, run with -Z macro-backtrace for more info)

error[E0283]: type annotations needed
   --> /home/adwin/.cargo/registry/src/mirrors.tuna.tsinghua.edu.cn-4dc01642fd091eda/bevy_ecs-0.15.3/src/system/exclusive_function_system.rs:280:17
    |
280 |                 call_inner(self, input, world, $($param),*)
    |                 ^^^^^^^^^^^^^^^^^^^^^^^^^^^^^^^^^^^^^^^^^^^ cannot infer type
...
287 | all_tuples!(impl_exclusive_system_function, 0, 16, F);
    | ----------------------------------------------------- in this macro invocation
    |
    = note: cannot satisfy `_: input::SystemInput`
    = help: the following types implement trait `input::SystemInput`:
              ()
              StaticSystemInput<'a, I>
              input::In<T>
              input::InMut<'_, T>
              input::InRef<'_, T>
              observer::Trigger<'_, E, B>
note: required by a bound in `<Func as exclusive_function_system::ExclusiveSystemParamFunction<(HasExclusiveSystemInput, fn(In, F0, F1, F2, F3, F4, F5, F6, F7, F8, F9, F10) -> Out)>>::run::call_inner`
   --> /home/adwin/.cargo/registry/src/mirrors.tuna.tsinghua.edu.cn-4dc01642fd091eda/bevy_ecs-0.15.3/src/system/exclusive_function_system.rs:271:35
    |
271 |                 fn call_inner<In: SystemInput, Out, $($param,)*>(
    |                                   ^^^^^^^^^^^ required by this bound in `call_inner`
...
287 | all_tuples!(impl_exclusive_system_function, 0, 16, F);
    | ----------------------------------------------------- in this macro invocation
    = note: this error originates in the macro `impl_exclusive_system_function` which comes from the expansion of the macro `all_tuples` (in Nightly builds, run with -Z macro-backtrace for more info)

error[E0283]: type annotations needed
   --> /home/adwin/.cargo/registry/src/mirrors.tuna.tsinghua.edu.cn-4dc01642fd091eda/bevy_ecs-0.15.3/src/system/exclusive_function_system.rs:280:17
    |
280 |                 call_inner(self, input, world, $($param),*)
    |                 ^^^^^^^^^^^^^^^^^^^^^^^^^^^^^^^^^^^^^^^^^^^ cannot infer type
...
287 | all_tuples!(impl_exclusive_system_function, 0, 16, F);
    | ----------------------------------------------------- in this macro invocation
    |
    = note: cannot satisfy `_: input::SystemInput`
    = help: the following types implement trait `input::SystemInput`:
              ()
              StaticSystemInput<'a, I>
              input::In<T>
              input::InMut<'_, T>
              input::InRef<'_, T>
              observer::Trigger<'_, E, B>
note: required by a bound in `<Func as exclusive_function_system::ExclusiveSystemParamFunction<(HasExclusiveSystemInput, fn(In, F0, F1, F2, F3, F4, F5, F6, F7, F8, F9, F10, F11) -> Out)>>::run::call_inner`
   --> /home/adwin/.cargo/registry/src/mirrors.tuna.tsinghua.edu.cn-4dc01642fd091eda/bevy_ecs-0.15.3/src/system/exclusive_function_system.rs:271:35
    |
271 |                 fn call_inner<In: SystemInput, Out, $($param,)*>(
    |                                   ^^^^^^^^^^^ required by this bound in `call_inner`
...
287 | all_tuples!(impl_exclusive_system_function, 0, 16, F);
    | ----------------------------------------------------- in this macro invocation
    = note: this error originates in the macro `impl_exclusive_system_function` which comes from the expansion of the macro `all_tuples` (in Nightly builds, run with -Z macro-backtrace for more info)

error[E0283]: type annotations needed
   --> /home/adwin/.cargo/registry/src/mirrors.tuna.tsinghua.edu.cn-4dc01642fd091eda/bevy_ecs-0.15.3/src/system/exclusive_function_system.rs:280:17
    |
280 |                 call_inner(self, input, world, $($param),*)
    |                 ^^^^^^^^^^^^^^^^^^^^^^^^^^^^^^^^^^^^^^^^^^^ cannot infer type
...
287 | all_tuples!(impl_exclusive_system_function, 0, 16, F);
    | ----------------------------------------------------- in this macro invocation
    |
    = note: cannot satisfy `_: input::SystemInput`
    = help: the following types implement trait `input::SystemInput`:
              ()
              StaticSystemInput<'a, I>
              input::In<T>
              input::InMut<'_, T>
              input::InRef<'_, T>
              observer::Trigger<'_, E, B>
note: required by a bound in `<Func as exclusive_function_system::ExclusiveSystemParamFunction<(HasExclusiveSystemInput, fn(In, F0, F1, F2, F3, F4, F5, F6, F7, F8, F9, F10, F11, F12) -> Out)>>::run::call_inner`
   --> /home/adwin/.cargo/registry/src/mirrors.tuna.tsinghua.edu.cn-4dc01642fd091eda/bevy_ecs-0.15.3/src/system/exclusive_function_system.rs:271:35
    |
271 |                 fn call_inner<In: SystemInput, Out, $($param,)*>(
    |                                   ^^^^^^^^^^^ required by this bound in `call_inner`
...
287 | all_tuples!(impl_exclusive_system_function, 0, 16, F);
    | ----------------------------------------------------- in this macro invocation
    = note: this error originates in the macro `impl_exclusive_system_function` which comes from the expansion of the macro `all_tuples` (in Nightly builds, run with -Z macro-backtrace for more info)

error[E0283]: type annotations needed
   --> /home/adwin/.cargo/registry/src/mirrors.tuna.tsinghua.edu.cn-4dc01642fd091eda/bevy_ecs-0.15.3/src/system/exclusive_function_system.rs:280:17
    |
280 |                 call_inner(self, input, world, $($param),*)
    |                 ^^^^^^^^^^^^^^^^^^^^^^^^^^^^^^^^^^^^^^^^^^^ cannot infer type
...
287 | all_tuples!(impl_exclusive_system_function, 0, 16, F);
    | ----------------------------------------------------- in this macro invocation
    |
    = note: cannot satisfy `_: input::SystemInput`
    = help: the following types implement trait `input::SystemInput`:
              ()
              StaticSystemInput<'a, I>
              input::In<T>
              input::InMut<'_, T>
              input::InRef<'_, T>
              observer::Trigger<'_, E, B>
note: required by a bound in `<Func as exclusive_function_system::ExclusiveSystemParamFunction<(HasExclusiveSystemInput, fn(In, F0, F1, F2, F3, F4, F5, F6, F7, F8, F9, F10, F11, F12, F13) -> Out)>>::run::call_inner`
   --> /home/adwin/.cargo/registry/src/mirrors.tuna.tsinghua.edu.cn-4dc01642fd091eda/bevy_ecs-0.15.3/src/system/exclusive_function_system.rs:271:35
    |
271 |                 fn call_inner<In: SystemInput, Out, $($param,)*>(
    |                                   ^^^^^^^^^^^ required by this bound in `call_inner`
...
287 | all_tuples!(impl_exclusive_system_function, 0, 16, F);
    | ----------------------------------------------------- in this macro invocation
    = note: this error originates in the macro `impl_exclusive_system_function` which comes from the expansion of the macro `all_tuples` (in Nightly builds, run with -Z macro-backtrace for more info)

error[E0283]: type annotations needed
   --> /home/adwin/.cargo/registry/src/mirrors.tuna.tsinghua.edu.cn-4dc01642fd091eda/bevy_ecs-0.15.3/src/system/exclusive_function_system.rs:280:17
    |
280 |                 call_inner(self, input, world, $($param),*)
    |                 ^^^^^^^^^^^^^^^^^^^^^^^^^^^^^^^^^^^^^^^^^^^ cannot infer type
...
287 | all_tuples!(impl_exclusive_system_function, 0, 16, F);
    | ----------------------------------------------------- in this macro invocation
    |
    = note: cannot satisfy `_: input::SystemInput`
    = help: the following types implement trait `input::SystemInput`:
              ()
              StaticSystemInput<'a, I>
              input::In<T>
              input::InMut<'_, T>
              input::InRef<'_, T>
              observer::Trigger<'_, E, B>
note: required by a bound in `<Func as exclusive_function_system::ExclusiveSystemParamFunction<(HasExclusiveSystemInput, fn(In, F0, F1, F2, F3, F4, F5, F6, F7, F8, F9, F10, F11, F12, F13, F14) -> Out)>>::run::call_inner`
   --> /home/adwin/.cargo/registry/src/mirrors.tuna.tsinghua.edu.cn-4dc01642fd091eda/bevy_ecs-0.15.3/src/system/exclusive_function_system.rs:271:35
    |
271 |                 fn call_inner<In: SystemInput, Out, $($param,)*>(
    |                                   ^^^^^^^^^^^ required by this bound in `call_inner`
...
287 | all_tuples!(impl_exclusive_system_function, 0, 16, F);
    | ----------------------------------------------------- in this macro invocation
    = note: this error originates in the macro `impl_exclusive_system_function` which comes from the expansion of the macro `all_tuples` (in Nightly builds, run with -Z macro-backtrace for more info)

error[E0283]: type annotations needed
   --> /home/adwin/.cargo/registry/src/mirrors.tuna.tsinghua.edu.cn-4dc01642fd091eda/bevy_ecs-0.15.3/src/system/exclusive_function_system.rs:280:17
    |
280 |                 call_inner(self, input, world, $($param),*)
    |                 ^^^^^^^^^^^^^^^^^^^^^^^^^^^^^^^^^^^^^^^^^^^ cannot infer type
...
287 | all_tuples!(impl_exclusive_system_function, 0, 16, F);
    | ----------------------------------------------------- in this macro invocation
    |
    = note: cannot satisfy `_: input::SystemInput`
    = help: the following types implement trait `input::SystemInput`:
              ()
              StaticSystemInput<'a, I>
              input::In<T>
              input::InMut<'_, T>
              input::InRef<'_, T>
              observer::Trigger<'_, E, B>
note: required by a bound in `<Func as exclusive_function_system::ExclusiveSystemParamFunction<(HasExclusiveSystemInput, fn(In, F0, F1, F2, F3, F4, F5, F6, F7, F8, F9, F10, F11, F12, F13, F14, F15) -> Out)>>::run::call_inner`
   --> /home/adwin/.cargo/registry/src/mirrors.tuna.tsinghua.edu.cn-4dc01642fd091eda/bevy_ecs-0.15.3/src/system/exclusive_function_system.rs:271:35
    |
271 |                 fn call_inner<In: SystemInput, Out, $($param,)*>(
    |                                   ^^^^^^^^^^^ required by this bound in `call_inner`
...
287 | all_tuples!(impl_exclusive_system_function, 0, 16, F);
    | ----------------------------------------------------- in this macro invocation
    = note: this error originates in the macro `impl_exclusive_system_function` which comes from the expansion of the macro `all_tuples` (in Nightly builds, run with -Z macro-backtrace for more info)

error[E0283]: type annotations needed
    --> /home/adwin/.cargo/registry/src/mirrors.tuna.tsinghua.edu.cn-4dc01642fd091eda/bevy_ecs-0.15.3/src/system/function_system.rs:1033:17
     |
1033 |                 call_inner(self, input, $($param),*)
     |                 ^^^^^^^^^^^^^^^^^^^^^^^^^^^^^^^^^^^^ cannot infer type
...
1041 | all_tuples!(impl_system_function, 0, 16, F);
     | ------------------------------------------- in this macro invocation
     |
     = note: cannot satisfy `_: input::SystemInput`
     = help: the following types implement trait `input::SystemInput`:
               ()
               StaticSystemInput<'a, I>
               input::In<T>
               input::InMut<'_, T>
               input::InRef<'_, T>
               observer::Trigger<'_, E, B>
note: required by a bound in `<Func as function_system::SystemParamFunction<(HasSystemInput, fn(In) -> Out)>>::run::call_inner`
    --> /home/adwin/.cargo/registry/src/mirrors.tuna.tsinghua.edu.cn-4dc01642fd091eda/bevy_ecs-0.15.3/src/system/function_system.rs:1025:35
     |
1025 |                 fn call_inner<In: SystemInput, Out, $($param,)*>(
     |                                   ^^^^^^^^^^^ required by this bound in `call_inner`
...
1041 | all_tuples!(impl_system_function, 0, 16, F);
     | ------------------------------------------- in this macro invocation
     = note: this error originates in the macro `impl_system_function` which comes from the expansion of the macro `all_tuples` (in Nightly builds, run with -Z macro-backtrace for more info)

error[E0283]: type annotations needed
    --> /home/adwin/.cargo/registry/src/mirrors.tuna.tsinghua.edu.cn-4dc01642fd091eda/bevy_ecs-0.15.3/src/system/function_system.rs:1033:17
     |
1033 |                 call_inner(self, input, $($param),*)
     |                 ^^^^^^^^^^^^^^^^^^^^^^^^^^^^^^^^^^^^ cannot infer type
...
1041 | all_tuples!(impl_system_function, 0, 16, F);
     | ------------------------------------------- in this macro invocation
     |
     = note: cannot satisfy `_: input::SystemInput`
     = help: the following types implement trait `input::SystemInput`:
               ()
               StaticSystemInput<'a, I>
               input::In<T>
               input::InMut<'_, T>
               input::InRef<'_, T>
               observer::Trigger<'_, E, B>
note: required by a bound in `<Func as function_system::SystemParamFunction<(HasSystemInput, fn(In, F0) -> Out)>>::run::call_inner`
    --> /home/adwin/.cargo/registry/src/mirrors.tuna.tsinghua.edu.cn-4dc01642fd091eda/bevy_ecs-0.15.3/src/system/function_system.rs:1025:35
     |
1025 |                 fn call_inner<In: SystemInput, Out, $($param,)*>(
     |                                   ^^^^^^^^^^^ required by this bound in `call_inner`
...
1041 | all_tuples!(impl_system_function, 0, 16, F);
     | ------------------------------------------- in this macro invocation
     = note: this error originates in the macro `impl_system_function` which comes from the expansion of the macro `all_tuples` (in Nightly builds, run with -Z macro-backtrace for more info)

error[E0283]: type annotations needed
    --> /home/adwin/.cargo/registry/src/mirrors.tuna.tsinghua.edu.cn-4dc01642fd091eda/bevy_ecs-0.15.3/src/system/function_system.rs:1033:17
     |
1033 |                 call_inner(self, input, $($param),*)
     |                 ^^^^^^^^^^^^^^^^^^^^^^^^^^^^^^^^^^^^ cannot infer type
...
1041 | all_tuples!(impl_system_function, 0, 16, F);
     | ------------------------------------------- in this macro invocation
     |
     = note: cannot satisfy `_: input::SystemInput`
     = help: the following types implement trait `input::SystemInput`:
               ()
               StaticSystemInput<'a, I>
               input::In<T>
               input::InMut<'_, T>
               input::InRef<'_, T>
               observer::Trigger<'_, E, B>
note: required by a bound in `<Func as function_system::SystemParamFunction<(HasSystemInput, fn(In, F0, F1) -> Out)>>::run::call_inner`
    --> /home/adwin/.cargo/registry/src/mirrors.tuna.tsinghua.edu.cn-4dc01642fd091eda/bevy_ecs-0.15.3/src/system/function_system.rs:1025:35
     |
1025 |                 fn call_inner<In: SystemInput, Out, $($param,)*>(
     |                                   ^^^^^^^^^^^ required by this bound in `call_inner`
...
1041 | all_tuples!(impl_system_function, 0, 16, F);
     | ------------------------------------------- in this macro invocation
     = note: this error originates in the macro `impl_system_function` which comes from the expansion of the macro `all_tuples` (in Nightly builds, run with -Z macro-backtrace for more info)

error[E0283]: type annotations needed
    --> /home/adwin/.cargo/registry/src/mirrors.tuna.tsinghua.edu.cn-4dc01642fd091eda/bevy_ecs-0.15.3/src/system/function_system.rs:1033:17
     |
1033 |                 call_inner(self, input, $($param),*)
     |                 ^^^^^^^^^^^^^^^^^^^^^^^^^^^^^^^^^^^^ cannot infer type
...
1041 | all_tuples!(impl_system_function, 0, 16, F);
     | ------------------------------------------- in this macro invocation
     |
     = note: cannot satisfy `_: input::SystemInput`
     = help: the following types implement trait `input::SystemInput`:
               ()
               StaticSystemInput<'a, I>
               input::In<T>
               input::InMut<'_, T>
               input::InRef<'_, T>
               observer::Trigger<'_, E, B>
note: required by a bound in `<Func as function_system::SystemParamFunction<(HasSystemInput, fn(In, F0, F1, F2) -> Out)>>::run::call_inner`
    --> /home/adwin/.cargo/registry/src/mirrors.tuna.tsinghua.edu.cn-4dc01642fd091eda/bevy_ecs-0.15.3/src/system/function_system.rs:1025:35
     |
1025 |                 fn call_inner<In: SystemInput, Out, $($param,)*>(
     |                                   ^^^^^^^^^^^ required by this bound in `call_inner`
...
1041 | all_tuples!(impl_system_function, 0, 16, F);
     | ------------------------------------------- in this macro invocation
     = note: this error originates in the macro `impl_system_function` which comes from the expansion of the macro `all_tuples` (in Nightly builds, run with -Z macro-backtrace for more info)

error[E0283]: type annotations needed
    --> /home/adwin/.cargo/registry/src/mirrors.tuna.tsinghua.edu.cn-4dc01642fd091eda/bevy_ecs-0.15.3/src/system/function_system.rs:1033:17
     |
1033 |                 call_inner(self, input, $($param),*)
     |                 ^^^^^^^^^^^^^^^^^^^^^^^^^^^^^^^^^^^^ cannot infer type
...
1041 | all_tuples!(impl_system_function, 0, 16, F);
     | ------------------------------------------- in this macro invocation
     |
     = note: cannot satisfy `_: input::SystemInput`
     = help: the following types implement trait `input::SystemInput`:
               ()
               StaticSystemInput<'a, I>
               input::In<T>
               input::InMut<'_, T>
               input::InRef<'_, T>
               observer::Trigger<'_, E, B>
note: required by a bound in `<Func as function_system::SystemParamFunction<(HasSystemInput, fn(In, F0, F1, F2, F3) -> Out)>>::run::call_inner`
    --> /home/adwin/.cargo/registry/src/mirrors.tuna.tsinghua.edu.cn-4dc01642fd091eda/bevy_ecs-0.15.3/src/system/function_system.rs:1025:35
     |
1025 |                 fn call_inner<In: SystemInput, Out, $($param,)*>(
     |                                   ^^^^^^^^^^^ required by this bound in `call_inner`
...
1041 | all_tuples!(impl_system_function, 0, 16, F);
     | ------------------------------------------- in this macro invocation
     = note: this error originates in the macro `impl_system_function` which comes from the expansion of the macro `all_tuples` (in Nightly builds, run with -Z macro-backtrace for more info)

error[E0283]: type annotations needed
    --> /home/adwin/.cargo/registry/src/mirrors.tuna.tsinghua.edu.cn-4dc01642fd091eda/bevy_ecs-0.15.3/src/system/function_system.rs:1033:17
     |
1033 |                 call_inner(self, input, $($param),*)
     |                 ^^^^^^^^^^^^^^^^^^^^^^^^^^^^^^^^^^^^ cannot infer type
...
1041 | all_tuples!(impl_system_function, 0, 16, F);
     | ------------------------------------------- in this macro invocation
     |
     = note: cannot satisfy `_: input::SystemInput`
     = help: the following types implement trait `input::SystemInput`:
               ()
               StaticSystemInput<'a, I>
               input::In<T>
               input::InMut<'_, T>
               input::InRef<'_, T>
               observer::Trigger<'_, E, B>
note: required by a bound in `<Func as function_system::SystemParamFunction<(HasSystemInput, fn(In, F0, F1, F2, F3, F4) -> Out)>>::run::call_inner`
    --> /home/adwin/.cargo/registry/src/mirrors.tuna.tsinghua.edu.cn-4dc01642fd091eda/bevy_ecs-0.15.3/src/system/function_system.rs:1025:35
     |
1025 |                 fn call_inner<In: SystemInput, Out, $($param,)*>(
     |                                   ^^^^^^^^^^^ required by this bound in `call_inner`
...
1041 | all_tuples!(impl_system_function, 0, 16, F);
     | ------------------------------------------- in this macro invocation
     = note: this error originates in the macro `impl_system_function` which comes from the expansion of the macro `all_tuples` (in Nightly builds, run with -Z macro-backtrace for more info)

error[E0283]: type annotations needed
    --> /home/adwin/.cargo/registry/src/mirrors.tuna.tsinghua.edu.cn-4dc01642fd091eda/bevy_ecs-0.15.3/src/system/function_system.rs:1033:17
     |
1033 |                 call_inner(self, input, $($param),*)
     |                 ^^^^^^^^^^^^^^^^^^^^^^^^^^^^^^^^^^^^ cannot infer type
...
1041 | all_tuples!(impl_system_function, 0, 16, F);
     | ------------------------------------------- in this macro invocation
     |
     = note: cannot satisfy `_: input::SystemInput`
     = help: the following types implement trait `input::SystemInput`:
               ()
               StaticSystemInput<'a, I>
               input::In<T>
               input::InMut<'_, T>
               input::InRef<'_, T>
               observer::Trigger<'_, E, B>
note: required by a bound in `<Func as function_system::SystemParamFunction<(HasSystemInput, fn(In, F0, F1, F2, F3, F4, F5) -> Out)>>::run::call_inner`
    --> /home/adwin/.cargo/registry/src/mirrors.tuna.tsinghua.edu.cn-4dc01642fd091eda/bevy_ecs-0.15.3/src/system/function_system.rs:1025:35
     |
1025 |                 fn call_inner<In: SystemInput, Out, $($param,)*>(
     |                                   ^^^^^^^^^^^ required by this bound in `call_inner`
...
1041 | all_tuples!(impl_system_function, 0, 16, F);
     | ------------------------------------------- in this macro invocation
     = note: this error originates in the macro `impl_system_function` which comes from the expansion of the macro `all_tuples` (in Nightly builds, run with -Z macro-backtrace for more info)

error[E0283]: type annotations needed
    --> /home/adwin/.cargo/registry/src/mirrors.tuna.tsinghua.edu.cn-4dc01642fd091eda/bevy_ecs-0.15.3/src/system/function_system.rs:1033:17
     |
1033 |                 call_inner(self, input, $($param),*)
     |                 ^^^^^^^^^^^^^^^^^^^^^^^^^^^^^^^^^^^^ cannot infer type
...
1041 | all_tuples!(impl_system_function, 0, 16, F);
     | ------------------------------------------- in this macro invocation
     |
     = note: cannot satisfy `_: input::SystemInput`
     = help: the following types implement trait `input::SystemInput`:
               ()
               StaticSystemInput<'a, I>
               input::In<T>
               input::InMut<'_, T>
               input::InRef<'_, T>
               observer::Trigger<'_, E, B>
note: required by a bound in `<Func as function_system::SystemParamFunction<(HasSystemInput, fn(In, F0, F1, F2, F3, F4, F5, F6) -> Out)>>::run::call_inner`
    --> /home/adwin/.cargo/registry/src/mirrors.tuna.tsinghua.edu.cn-4dc01642fd091eda/bevy_ecs-0.15.3/src/system/function_system.rs:1025:35
     |
1025 |                 fn call_inner<In: SystemInput, Out, $($param,)*>(
     |                                   ^^^^^^^^^^^ required by this bound in `call_inner`
...
1041 | all_tuples!(impl_system_function, 0, 16, F);
     | ------------------------------------------- in this macro invocation
     = note: this error originates in the macro `impl_system_function` which comes from the expansion of the macro `all_tuples` (in Nightly builds, run with -Z macro-backtrace for more info)

error[E0283]: type annotations needed
    --> /home/adwin/.cargo/registry/src/mirrors.tuna.tsinghua.edu.cn-4dc01642fd091eda/bevy_ecs-0.15.3/src/system/function_system.rs:1033:17
     |
1033 |                 call_inner(self, input, $($param),*)
     |                 ^^^^^^^^^^^^^^^^^^^^^^^^^^^^^^^^^^^^ cannot infer type
...
1041 | all_tuples!(impl_system_function, 0, 16, F);
     | ------------------------------------------- in this macro invocation
     |
     = note: cannot satisfy `_: input::SystemInput`
     = help: the following types implement trait `input::SystemInput`:
               ()
               StaticSystemInput<'a, I>
               input::In<T>
               input::InMut<'_, T>
               input::InRef<'_, T>
               observer::Trigger<'_, E, B>
note: required by a bound in `<Func as function_system::SystemParamFunction<(HasSystemInput, fn(In, F0, F1, F2, F3, F4, F5, F6, F7) -> Out)>>::run::call_inner`
    --> /home/adwin/.cargo/registry/src/mirrors.tuna.tsinghua.edu.cn-4dc01642fd091eda/bevy_ecs-0.15.3/src/system/function_system.rs:1025:35
     |
1025 |                 fn call_inner<In: SystemInput, Out, $($param,)*>(
     |                                   ^^^^^^^^^^^ required by this bound in `call_inner`
...
1041 | all_tuples!(impl_system_function, 0, 16, F);
     | ------------------------------------------- in this macro invocation
     = note: this error originates in the macro `impl_system_function` which comes from the expansion of the macro `all_tuples` (in Nightly builds, run with -Z macro-backtrace for more info)

error[E0283]: type annotations needed
    --> /home/adwin/.cargo/registry/src/mirrors.tuna.tsinghua.edu.cn-4dc01642fd091eda/bevy_ecs-0.15.3/src/system/function_system.rs:1033:17
     |
1033 |                 call_inner(self, input, $($param),*)
     |                 ^^^^^^^^^^^^^^^^^^^^^^^^^^^^^^^^^^^^ cannot infer type
...
1041 | all_tuples!(impl_system_function, 0, 16, F);
     | ------------------------------------------- in this macro invocation
     |
     = note: cannot satisfy `_: input::SystemInput`
     = help: the following types implement trait `input::SystemInput`:
               ()
               StaticSystemInput<'a, I>
               input::In<T>
               input::InMut<'_, T>
               input::InRef<'_, T>
               observer::Trigger<'_, E, B>
note: required by a bound in `<Func as function_system::SystemParamFunction<(HasSystemInput, fn(In, F0, F1, F2, F3, F4, F5, F6, F7, F8) -> Out)>>::run::call_inner`
    --> /home/adwin/.cargo/registry/src/mirrors.tuna.tsinghua.edu.cn-4dc01642fd091eda/bevy_ecs-0.15.3/src/system/function_system.rs:1025:35
     |
1025 |                 fn call_inner<In: SystemInput, Out, $($param,)*>(
     |                                   ^^^^^^^^^^^ required by this bound in `call_inner`
...
1041 | all_tuples!(impl_system_function, 0, 16, F);
     | ------------------------------------------- in this macro invocation
     = note: this error originates in the macro `impl_system_function` which comes from the expansion of the macro `all_tuples` (in Nightly builds, run with -Z macro-backtrace for more info)

error[E0283]: type annotations needed
    --> /home/adwin/.cargo/registry/src/mirrors.tuna.tsinghua.edu.cn-4dc01642fd091eda/bevy_ecs-0.15.3/src/system/function_system.rs:1033:17
     |
1033 |                 call_inner(self, input, $($param),*)
     |                 ^^^^^^^^^^^^^^^^^^^^^^^^^^^^^^^^^^^^ cannot infer type
...
1041 | all_tuples!(impl_system_function, 0, 16, F);
     | ------------------------------------------- in this macro invocation
     |
     = note: cannot satisfy `_: input::SystemInput`
     = help: the following types implement trait `input::SystemInput`:
               ()
               StaticSystemInput<'a, I>
               input::In<T>
               input::InMut<'_, T>
               input::InRef<'_, T>
               observer::Trigger<'_, E, B>
note: required by a bound in `<Func as function_system::SystemParamFunction<(HasSystemInput, fn(In, F0, F1, F2, F3, F4, F5, F6, F7, F8, F9) -> Out)>>::run::call_inner`
    --> /home/adwin/.cargo/registry/src/mirrors.tuna.tsinghua.edu.cn-4dc01642fd091eda/bevy_ecs-0.15.3/src/system/function_system.rs:1025:35
     |
1025 |                 fn call_inner<In: SystemInput, Out, $($param,)*>(
     |                                   ^^^^^^^^^^^ required by this bound in `call_inner`
...
1041 | all_tuples!(impl_system_function, 0, 16, F);
     | ------------------------------------------- in this macro invocation
     = note: this error originates in the macro `impl_system_function` which comes from the expansion of the macro `all_tuples` (in Nightly builds, run with -Z macro-backtrace for more info)

error[E0283]: type annotations needed
    --> /home/adwin/.cargo/registry/src/mirrors.tuna.tsinghua.edu.cn-4dc01642fd091eda/bevy_ecs-0.15.3/src/system/function_system.rs:1033:17
     |
1033 |                 call_inner(self, input, $($param),*)
     |                 ^^^^^^^^^^^^^^^^^^^^^^^^^^^^^^^^^^^^ cannot infer type
...
1041 | all_tuples!(impl_system_function, 0, 16, F);
     | ------------------------------------------- in this macro invocation
     |
     = note: cannot satisfy `_: input::SystemInput`
     = help: the following types implement trait `input::SystemInput`:
               ()
               StaticSystemInput<'a, I>
               input::In<T>
               input::InMut<'_, T>
               input::InRef<'_, T>
               observer::Trigger<'_, E, B>
note: required by a bound in `<Func as function_system::SystemParamFunction<(HasSystemInput, fn(In, F0, F1, F2, F3, F4, F5, F6, F7, F8, F9, F10) -> Out)>>::run::call_inner`
    --> /home/adwin/.cargo/registry/src/mirrors.tuna.tsinghua.edu.cn-4dc01642fd091eda/bevy_ecs-0.15.3/src/system/function_system.rs:1025:35
     |
1025 |                 fn call_inner<In: SystemInput, Out, $($param,)*>(
     |                                   ^^^^^^^^^^^ required by this bound in `call_inner`
...
1041 | all_tuples!(impl_system_function, 0, 16, F);
     | ------------------------------------------- in this macro invocation
     = note: this error originates in the macro `impl_system_function` which comes from the expansion of the macro `all_tuples` (in Nightly builds, run with -Z macro-backtrace for more info)

error[E0283]: type annotations needed
    --> /home/adwin/.cargo/registry/src/mirrors.tuna.tsinghua.edu.cn-4dc01642fd091eda/bevy_ecs-0.15.3/src/system/function_system.rs:1033:17
     |
1033 |                 call_inner(self, input, $($param),*)
     |                 ^^^^^^^^^^^^^^^^^^^^^^^^^^^^^^^^^^^^ cannot infer type
...
1041 | all_tuples!(impl_system_function, 0, 16, F);
     | ------------------------------------------- in this macro invocation
     |
     = note: cannot satisfy `_: input::SystemInput`
     = help: the following types implement trait `input::SystemInput`:
               ()
               StaticSystemInput<'a, I>
               input::In<T>
               input::InMut<'_, T>
               input::InRef<'_, T>
               observer::Trigger<'_, E, B>
note: required by a bound in `<Func as function_system::SystemParamFunction<(HasSystemInput, fn(In, F0, F1, F2, F3, F4, F5, F6, F7, F8, F9, F10, F11) -> Out)>>::run::call_inner`
    --> /home/adwin/.cargo/registry/src/mirrors.tuna.tsinghua.edu.cn-4dc01642fd091eda/bevy_ecs-0.15.3/src/system/function_system.rs:1025:35
     |
1025 |                 fn call_inner<In: SystemInput, Out, $($param,)*>(
     |                                   ^^^^^^^^^^^ required by this bound in `call_inner`
...
1041 | all_tuples!(impl_system_function, 0, 16, F);
     | ------------------------------------------- in this macro invocation
     = note: this error originates in the macro `impl_system_function` which comes from the expansion of the macro `all_tuples` (in Nightly builds, run with -Z macro-backtrace for more info)

error[E0283]: type annotations needed
    --> /home/adwin/.cargo/registry/src/mirrors.tuna.tsinghua.edu.cn-4dc01642fd091eda/bevy_ecs-0.15.3/src/system/function_system.rs:1033:17
     |
1033 |                 call_inner(self, input, $($param),*)
     |                 ^^^^^^^^^^^^^^^^^^^^^^^^^^^^^^^^^^^^ cannot infer type
...
1041 | all_tuples!(impl_system_function, 0, 16, F);
     | ------------------------------------------- in this macro invocation
     |
     = note: cannot satisfy `_: input::SystemInput`
     = help: the following types implement trait `input::SystemInput`:
               ()
               StaticSystemInput<'a, I>
               input::In<T>
               input::InMut<'_, T>
               input::InRef<'_, T>
               observer::Trigger<'_, E, B>
note: required by a bound in `<Func as function_system::SystemParamFunction<(HasSystemInput, fn(In, F0, F1, F2, F3, F4, F5, F6, F7, F8, F9, F10, F11, F12) -> Out)>>::run::call_inner`
    --> /home/adwin/.cargo/registry/src/mirrors.tuna.tsinghua.edu.cn-4dc01642fd091eda/bevy_ecs-0.15.3/src/system/function_system.rs:1025:35
     |
1025 |                 fn call_inner<In: SystemInput, Out, $($param,)*>(
     |                                   ^^^^^^^^^^^ required by this bound in `call_inner`
...
1041 | all_tuples!(impl_system_function, 0, 16, F);
     | ------------------------------------------- in this macro invocation
     = note: this error originates in the macro `impl_system_function` which comes from the expansion of the macro `all_tuples` (in Nightly builds, run with -Z macro-backtrace for more info)

error[E0283]: type annotations needed
    --> /home/adwin/.cargo/registry/src/mirrors.tuna.tsinghua.edu.cn-4dc01642fd091eda/bevy_ecs-0.15.3/src/system/function_system.rs:1033:17
     |
1033 |                 call_inner(self, input, $($param),*)
     |                 ^^^^^^^^^^^^^^^^^^^^^^^^^^^^^^^^^^^^ cannot infer type
...
1041 | all_tuples!(impl_system_function, 0, 16, F);
     | ------------------------------------------- in this macro invocation
     |
     = note: cannot satisfy `_: input::SystemInput`
     = help: the following types implement trait `input::SystemInput`:
               ()
               StaticSystemInput<'a, I>
               input::In<T>
               input::InMut<'_, T>
               input::InRef<'_, T>
               observer::Trigger<'_, E, B>
note: required by a bound in `<Func as function_system::SystemParamFunction<(HasSystemInput, fn(In, F0, F1, F2, F3, F4, F5, F6, F7, F8, F9, F10, F11, F12, F13) -> Out)>>::run::call_inner`
    --> /home/adwin/.cargo/registry/src/mirrors.tuna.tsinghua.edu.cn-4dc01642fd091eda/bevy_ecs-0.15.3/src/system/function_system.rs:1025:35
     |
1025 |                 fn call_inner<In: SystemInput, Out, $($param,)*>(
     |                                   ^^^^^^^^^^^ required by this bound in `call_inner`
...
1041 | all_tuples!(impl_system_function, 0, 16, F);
     | ------------------------------------------- in this macro invocation
     = note: this error originates in the macro `impl_system_function` which comes from the expansion of the macro `all_tuples` (in Nightly builds, run with -Z macro-backtrace for more info)

error[E0283]: type annotations needed
    --> /home/adwin/.cargo/registry/src/mirrors.tuna.tsinghua.edu.cn-4dc01642fd091eda/bevy_ecs-0.15.3/src/system/function_system.rs:1033:17
     |
1033 |                 call_inner(self, input, $($param),*)
     |                 ^^^^^^^^^^^^^^^^^^^^^^^^^^^^^^^^^^^^ cannot infer type
...
1041 | all_tuples!(impl_system_function, 0, 16, F);
     | ------------------------------------------- in this macro invocation
     |
     = note: cannot satisfy `_: input::SystemInput`
     = help: the following types implement trait `input::SystemInput`:
               ()
               StaticSystemInput<'a, I>
               input::In<T>
               input::InMut<'_, T>
               input::InRef<'_, T>
               observer::Trigger<'_, E, B>
note: required by a bound in `<Func as function_system::SystemParamFunction<(HasSystemInput, fn(In, F0, F1, F2, F3, F4, F5, F6, F7, F8, F9, F10, F11, F12, F13, F14) -> Out)>>::run::call_inner`
    --> /home/adwin/.cargo/registry/src/mirrors.tuna.tsinghua.edu.cn-4dc01642fd091eda/bevy_ecs-0.15.3/src/system/function_system.rs:1025:35
     |
1025 |                 fn call_inner<In: SystemInput, Out, $($param,)*>(
     |                                   ^^^^^^^^^^^ required by this bound in `call_inner`
...
1041 | all_tuples!(impl_system_function, 0, 16, F);
     | ------------------------------------------- in this macro invocation
     = note: this error originates in the macro `impl_system_function` which comes from the expansion of the macro `all_tuples` (in Nightly builds, run with -Z macro-backtrace for more info)

error[E0283]: type annotations needed
    --> /home/adwin/.cargo/registry/src/mirrors.tuna.tsinghua.edu.cn-4dc01642fd091eda/bevy_ecs-0.15.3/src/system/function_system.rs:1033:17
     |
1033 |                 call_inner(self, input, $($param),*)
     |                 ^^^^^^^^^^^^^^^^^^^^^^^^^^^^^^^^^^^^ cannot infer type
...
1041 | all_tuples!(impl_system_function, 0, 16, F);
     | ------------------------------------------- in this macro invocation
     |
     = note: cannot satisfy `_: input::SystemInput`
     = help: the following types implement trait `input::SystemInput`:
               ()
               StaticSystemInput<'a, I>
               input::In<T>
               input::InMut<'_, T>
               input::InRef<'_, T>
               observer::Trigger<'_, E, B>
note: required by a bound in `<Func as function_system::SystemParamFunction<(HasSystemInput, fn(In, F0, F1, F2, F3, F4, F5, F6, F7, F8, F9, F10, F11, F12, F13, F14, F15) -> Out)>>::run::call_inner`
    --> /home/adwin/.cargo/registry/src/mirrors.tuna.tsinghua.edu.cn-4dc01642fd091eda/bevy_ecs-0.15.3/src/system/function_system.rs:1025:35
     |
1025 |                 fn call_inner<In: SystemInput, Out, $($param,)*>(
     |                                   ^^^^^^^^^^^ required by this bound in `call_inner`
...
1041 | all_tuples!(impl_system_function, 0, 16, F);
     | ------------------------------------------- in this macro invocation
     = note: this error originates in the macro `impl_system_function` which comes from the expansion of the macro `all_tuples` (in Nightly builds, run with -Z macro-backtrace for more info)

For more information about this error, try `rustc --explain E0283`.
error: could not compile `bevy_ecs` (lib) due to 34 previous errors
