Running as unit: run-p1902656-i1902956.scope; invocation ID: a1ed127460384710aa3fa7636115eb21
    Updating `tuna` index
 Downloading crates ...
  Downloaded cgp v0.1.0 (registry `tuna`)
  Downloaded cgp-component-macro-lib v0.1.0 (registry `tuna`)
  Downloaded hermes-protobuf-encoding-components v0.1.0 (registry `tuna`)
  Downloaded hermes-cli-framework v0.1.0 (registry `tuna`)
  Downloaded cgp-inner v0.1.0 (registry `tuna`)
  Downloaded cgp-field v0.1.0 (registry `tuna`)
  Downloaded cgp-component v0.1.0 (registry `tuna`)
  Downloaded cgp-async v0.1.0 (registry `tuna`)
  Downloaded cgp-async-macro v0.1.0 (registry `tuna`)
  Downloaded cgp-field-macro v0.1.0 (registry `tuna`)
  Downloaded cgp-error-eyre v0.1.0 (registry `tuna`)
  Downloaded cgp-error v0.1.0 (registry `tuna`)
  Downloaded cgp-component-macro v0.1.0 (registry `tuna`)
  Downloaded hermes-encoding-components v0.1.0 (registry `tuna`)
  Downloaded ibc-apps v0.54.0 (registry `tuna`)
  Downloaded ibc-core v0.54.0 (registry `tuna`)
  Downloaded ibc-app-nft-transfer v0.54.0 (registry `tuna`)
  Downloaded hermes-runtime-components v0.1.0 (registry `tuna`)
  Downloaded ibc-app-transfer v0.54.0 (registry `tuna`)
  Downloaded hermes-wasm-client-components v0.1.0 (registry `tuna`)
  Downloaded hermes-runtime v0.1.0 (registry `tuna`)
  Downloaded hermes-cli-components v0.1.0 (registry `tuna`)
  Downloaded oneline-eyre v0.1.0 (registry `tuna`)
  Downloaded ibc-client-wasm-types v0.54.0 (registry `tuna`)
  Downloaded hermes-logging-components v0.1.0 (registry `tuna`)
  Downloaded ibc-core-connection v0.54.0 (registry `tuna`)
  Downloaded ibc-client-tendermint v0.54.0 (registry `tuna`)
  Downloaded ibc-clients v0.54.0 (registry `tuna`)
  Downloaded hermes-relayer-components-extra v0.1.0 (registry `tuna`)
  Downloaded ibc-derive v0.8.0 (registry `tuna`)
  Downloaded ibc-core-router v0.54.0 (registry `tuna`)
  Downloaded ibc-core-handler-types v0.54.0 (registry `tuna`)
  Downloaded ibc-core-client v0.54.0 (registry `tuna`)
  Downloaded hermes-logger v0.1.0 (registry `tuna`)
  Downloaded hermes-ibc-test-suite v0.1.0 (registry `tuna`)
  Downloaded cgp-field-macro-lib v0.1.0 (registry `tuna`)
  Downloaded ibc-app-transfer-types v0.54.0 (registry `tuna`)
  Downloaded ibc-core-commitment-types v0.54.0 (registry `tuna`)
  Downloaded ibc-core-router-types v0.54.0 (registry `tuna`)
  Downloaded ibc-client-tendermint-types v0.54.0 (registry `tuna`)
  Downloaded hermes-error v0.1.0 (registry `tuna`)
  Downloaded cgp-run v0.1.0 (registry `tuna`)
  Downloaded ibc-core-host v0.54.0 (registry `tuna`)
  Downloaded ibc-core-handler v0.54.0 (registry `tuna`)
  Downloaded ibc-core-connection-types v0.54.0 (registry `tuna`)
  Downloaded hermes-tokio-runtime-components v0.1.0 (registry `tuna`)
  Downloaded hermes-any-counterparty v0.1.0 (registry `tuna`)
  Downloaded ibc-app-nft-transfer-types v0.54.0 (registry `tuna`)
  Downloaded hermes-tracing-logging-components v0.1.0 (registry `tuna`)
  Downloaded hermes-test-components v0.1.0 (registry `tuna`)
  Downloaded hermes-cosmos-relayer v0.1.0 (registry `tuna`)
  Downloaded ibc-core-host-types v0.54.0 (registry `tuna`)
  Downloaded hermes-cosmos-test-components v0.1.0 (registry `tuna`)
  Downloaded hermes-async-runtime-components v0.1.0 (registry `tuna`)
  Downloaded hermes-cosmos-chain-components v0.1.0 (registry `tuna`)
  Downloaded hermes-relayer-components v0.1.0 (registry `tuna`)
  Downloaded raw-cpuid v11.0.2 (registry `tuna`)
  Downloaded cgp-extra v0.1.0 (registry `tuna`)
  Downloaded cgp-core v0.1.0 (registry `tuna`)
  Downloaded peg v0.8.3 (registry `tuna`)
  Downloaded ibc-primitives v0.54.0 (registry `tuna`)
  Downloaded ibc v0.54.0 (registry `tuna`)
  Downloaded ibc-core-channel-types v0.54.0 (registry `tuna`)
  Downloaded ibc-core-client-types v0.54.0 (registry `tuna`)
  Downloaded peg-macros v0.8.3 (registry `tuna`)
  Downloaded ibc-core-client-context v0.54.0 (registry `tuna`)
  Downloaded ibc-core-channel v0.54.0 (registry `tuna`)
  Downloaded hermes-wasm-test-components v0.1.0 (registry `tuna`)
  Downloaded ibc-core-host-cosmos v0.54.0 (registry `tuna`)
  Downloaded hermes-cosmos-integration-tests v0.1.0 (registry `tuna`)
  Downloaded ibc-proto v0.47.0 (registry `tuna`)
   Compiling proc-macro2 v1.0.86
   Compiling unicode-ident v1.0.12
    Checking cfg-if v1.0.0
   Compiling libc v0.2.155
   Compiling serde v1.0.209
   Compiling autocfg v1.3.0
    Checking pin-project-lite v0.2.14
   Compiling version_check v0.9.4
    Checking once_cell v1.19.0
    Checking memchr v2.7.4
   Compiling either v1.12.0
   Compiling typenum v1.17.0
    Checking futures-core v0.3.30
   Compiling cc v1.0.100
   Compiling generic-array v0.14.7
   Compiling slab v0.4.9
    Checking futures-sink v0.3.30
    Checking subtle v2.6.0
    Checking futures-channel v0.3.30
   Compiling lock_api v0.4.12
    Checking futures-io v0.3.30
    Checking futures-task v0.3.30
    Checking smallvec v1.13.2
   Compiling parking_lot_core v0.9.10
    Checking pin-utils v0.1.0
    Checking scopeguard v1.2.0
   Compiling quote v1.0.36
    Checking getrandom v0.2.15
    Checking itoa v1.0.11
    Checking const-oid v0.9.6
   Compiling syn v2.0.68
    Checking rand_core v0.6.4
    Checking fnv v1.0.7
    Checking log v0.4.21
    Checking parking_lot v0.12.3
    Checking hashbrown v0.14.5
    Checking signal-hook-registry v1.4.2
    Checking mio v1.0.2
    Checking socket2 v0.5.7
    Checking ppv-lite86 v0.2.17
    Checking equivalent v1.0.1
    Checking tracing-core v0.1.32
    Checking untrusted v0.9.0
    Checking cpufeatures v0.2.12
    Checking spin v0.9.8
   Compiling rustversion v1.0.17
   Compiling anyhow v1.0.86
    Checking rand_chacha v0.3.1
    Checking percent-encoding v2.3.1
   Compiling httparse v1.9.4
    Checking indexmap v2.2.6
    Checking rand v0.8.5
   Compiling eyre v0.6.12
   Compiling ring v0.17.8
    Checking tower-service v0.3.2
    Checking indenter v0.3.3
   Compiling itertools v0.13.0
    Checking rustls-pki-types v1.7.0
    Checking byteorder v1.5.0
   Compiling indexmap v1.9.3
    Checking ryu v1.0.18
   Compiling serde_json v1.0.127
    Checking try-lock v0.2.5
    Checking httpdate v1.0.3
    Checking hashbrown v0.12.3
    Checking want v0.3.1
   Compiling num-traits v0.2.19
   Compiling syn v1.0.109
    Checking hex v0.4.3
   Compiling paste v1.0.15
    Checking ff v0.13.0
   Compiling num-conv v0.1.0
    Checking base16ct v0.2.0
    Checking powerfmt v0.2.0
   Compiling time-core v0.1.2
    Checking mime v0.3.17
   Compiling time-macros v0.2.18
    Checking deranged v0.3.11
    Checking group v0.13.0
   Compiling toml_datetime v0.6.8
   Compiling winnow v0.5.40
    Checking sync_wrapper v0.1.2
    Checking tower-layer v0.3.2
    Checking base64 v0.21.7
    Checking openssl-probe v0.1.5
    Checking time v0.3.36
    Checking flex-error v0.4.4
    Checking subtle-ng v2.5.0
    Checking base64 v0.22.1
    Checking opaque-debug v0.3.1
   Compiling proc-macro-error-attr v1.0.4
   Compiling proc-macro-error v1.0.4
    Checking atomic-waker v1.1.2
   Compiling axum-core v0.4.3
    Checking rustls-pemfile v2.1.2
    Checking rustls-native-certs v0.7.0
    Checking arrayvec v0.7.4
   Compiling rustls v0.23.10
   Compiling axum v0.7.5
   Compiling blake3 v1.5.1
   Compiling cfg_aliases v0.2.1
    Checking matchit v0.7.3
   Compiling borsh v1.5.1
   Compiling schemars v0.8.21
    Checking arrayref v0.3.7
    Checking keccak v0.1.5
    Checking constant_time_eq v0.3.0
    Checking byte-slice-cast v1.2.2
    Checking sync_wrapper v1.0.1
    Checking dyn-clone v1.0.17
   Compiling prettyplease v0.2.20
   Compiling itertools v0.11.0
   Compiling crossbeam-utils v0.8.20
   Compiling thiserror v1.0.63
   Compiling crunchy v0.2.2
   Compiling serde_derive_internals v0.29.1
    Checking static_assertions v1.1.0
   Compiling toml_edit v0.21.1
    Checking rustls-webpki v0.102.4
    Checking tinyvec_macros v0.1.1
   Compiling semver v1.0.23
    Checking tinyvec v1.6.0
    Checking form_urlencoded v1.2.1
    Checking rustc-hex v2.1.0
    Checking fixed-hash v0.8.0
    Checking uint v0.9.5
    Checking unicode-bidi v0.3.15
    Checking crossbeam-channel v0.5.13
   Compiling rustls v0.22.4
   Compiling rustls v0.21.12
    Checking sct v0.7.1
    Checking rustls-webpki v0.101.7
   Compiling cgp-component-macro-lib v0.1.0
   Compiling cgp-field-macro-lib v0.1.0
    Checking unicode-normalization v0.1.23
    Checking aho-corasick v1.1.3
    Checking winnow v0.6.18
    Checking regex-syntax v0.8.4
    Checking idna v0.5.0
   Compiling serde_derive v1.0.209
   Compiling zeroize_derive v1.4.2
   Compiling futures-macro v0.3.30
   Compiling tokio-macros v2.4.0
    Checking zeroize v1.8.1
   Compiling tracing-attributes v0.1.27
    Checking futures-util v0.3.30
   Compiling async-trait v0.1.82
    Checking block-buffer v0.10.4
    Checking crypto-common v0.1.6
    Checking digest v0.10.7
   Compiling prost-derive v0.13.1
    Checking sha2 v0.10.8
   Compiling pin-project-internal v1.1.5
    Checking hmac v0.12.1
    Checking signature v2.2.0
    Checking der v0.7.9
    Checking crypto-bigint v0.5.5
    Checking tracing v0.1.40
    Checking digest v0.9.0
    Checking rfc6979 v0.4.0
    Checking ripemd v0.1.3
    Checking block-buffer v0.9.0
    Checking subtle-encoding v0.5.1
    Checking sha2 v0.9.9
    Checking curve25519-dalek-ng v4.1.1
    Checking sec1 v0.7.3
    Checking spki v0.7.3
    Checking pin-project v1.1.5
   Compiling proc-macro-crate v3.1.0
   Compiling serde_repr v0.1.19
   Compiling derive_more v0.99.18
   Compiling impl-trait-for-tuples v0.2.2
    Checking ed25519-consensus v2.1.0
    Checking futures-executor v0.3.30
   Compiling parity-scale-codec-derive v3.6.12
    Checking elliptic-curve v0.13.8
    Checking futures v0.3.30
   Compiling syn_derive v0.1.8
   Compiling async-stream-impl v0.3.5
    Checking ecdsa v0.16.9
    Checking async-stream v0.3.5
   Compiling borsh-derive v1.5.1
   Compiling scale-info-derive v2.11.3
    Checking k256 v0.13.3
    Checking blake2 v0.10.6
    Checking sha3 v0.10.8
   Compiling schemars_derive v0.8.21
   Compiling displaydoc v0.2.5
   Compiling cgp-async-macro v0.1.0
   Compiling cgp-component-macro v0.1.0
    Checking cgp-async v0.1.0
   Compiling cgp-field-macro v0.1.0
    Checking cgp-component v0.1.0
    Checking cgp-error v0.1.0
    Checking cgp-inner v0.1.0
    Checking cgp-run v0.1.0
    Checking cgp-field v0.1.0
    Checking cgp-extra v0.1.0
   Compiling thiserror-impl v1.0.63
    Checking cgp-core v0.1.0
    Checking cgp v0.1.0
    Checking hermes-runtime-components v0.1.0
    Checking hermes-encoding-components v0.1.0
    Checking hermes-logging-components v0.1.0
    Checking url v2.5.2
   Compiling ibc-derive v0.8.0
    Checking regex-automata v0.4.7
    Checking parity-scale-codec v3.6.12
    Checking bytes v1.7.1
    Checking ed25519 v2.2.3
    Checking serde_bytes v0.11.14
    Checking informalsystems-pbjson v0.7.0
    Checking impl-serde v0.4.0
    Checking serde_spanned v0.6.7
    Checking hermes-relayer-components v0.1.0
    Checking primitive-types v0.12.2
    Checking tokio v1.40.0
    Checking http v1.1.0
    Checking prost v0.13.1
    Checking scale-info v2.11.3
    Checking prost-types v0.13.1
    Checking ics23 v0.12.0
    Checking http-body v1.0.1
    Checking http-body-util v0.1.2
    Checking http v0.2.12
    Checking toml_edit v0.22.20
    Checking serde_urlencoded v0.7.1
    Checking tendermint-proto v0.38.1
    Checking http-body v0.4.6
    Checking lazy_static v1.5.0
   Compiling rustc_version v0.4.0
    Checking regex v1.10.6
    Checking sha1 v0.10.6
    Checking concurrent-queue v2.5.0
    Checking rustls-pemfile v1.0.4
    Checking uuid v1.10.0
   Compiling peg-runtime v0.8.3
   Compiling bitcoin-internals v0.2.0
   Compiling protobuf v2.28.0
    Checking utf-8 v0.7.6
    Checking toml v0.8.19
    Checking urlencoding v2.1.3
    Checking data-encoding v2.6.0
    Checking parking v2.2.0
    Checking event-listener v5.3.1
    Checking opentelemetry_api v0.19.0
   Compiling peg-macros v0.8.3
    Checking rustls-native-certs v0.6.3
    Checking tungstenite v0.21.0
   Compiling curve25519-dalek v4.1.3
    Checking serde-json-wasm v1.0.1
    Checking num-integer v0.1.46
   Compiling axum-core v0.3.4
   Compiling secp256k1-sys v0.9.2
    Checking dashmap v5.5.3
    Checking encoding_rs v0.8.34
    Checking ipnet v2.9.0
    Checking tokio-util v0.7.11
    Checking tokio-stream v0.1.15
    Checking tokio-rustls v0.26.0
    Checking tokio-rustls v0.24.1
    Checking tokio-rustls v0.25.0
    Checking tower v0.4.13
    Checking h2 v0.4.6
    Checking h2 v0.3.26
   Compiling prometheus v0.13.4
    Checking bitflags v2.5.0
    Checking same-file v1.0.6
    Checking peg v0.8.3
    Checking walkdir v2.5.0
    Checking async-tungstenite v0.24.0
    Checking raw-cpuid v11.0.2
    Checking opentelemetry_sdk v0.19.0
    Checking num-bigint v0.4.5
    Checking event-listener-strategy v0.5.2
   Compiling curve25519-dalek-derive v0.1.1
   Compiling axum v0.6.20
    Checking hex-conservative v0.1.2
   Compiling hex_lit v0.1.1
    Checking hyper v0.14.29
    Checking hyper v1.4.1
   Compiling moka v0.12.8
    Checking half v1.8.3
    Checking regex-syntax v0.6.29
    Checking hermes-relayer-components-extra v0.1.0
    Checking hyper-util v0.1.7
    Checking serde_cbor v0.11.2
    Checking regex-automata v0.1.10
    Checking bitcoin_hashes v0.13.0
    Checking num-rational v0.4.2
    Checking async-lock v3.4.0
    Checking quanta v0.12.3
    Checking opentelemetry v0.19.0
    Checking serde_path_to_error v0.1.16
    Checking hyper-timeout v0.5.1
   Compiling contracts v0.6.3
    Checking crossbeam-epoch v0.9.18
    Checking bitflags v1.3.2
    Checking triomphe v0.1.11
   Compiling tiny-keccak v2.0.2
   Compiling bitcoin v0.31.2
    Checking tagptr v0.2.0
    Checking overload v0.1.1
   Compiling heck v0.4.1
    Checking nu-ansi-term v0.46.0
   Compiling strum_macros v0.25.3
    Checking ed25519-dalek v2.1.1
    Checking hyper-rustls v0.24.2
    Checking reqwest v0.11.27
    Checking opentelemetry-prometheus v0.12.0
    Checking secp256k1 v0.28.2
    Checking matchers v0.1.0
    Checking sharded-slab v0.1.7
    Checking hermes-async-runtime-components v0.1.0
    Checking tonic v0.12.1
    Checking tracing-serde v0.1.3
    Checking pbkdf2 v0.11.0
    Checking tracing-log v0.2.0
    Checking dirs-sys-next v0.1.2
    Checking tendermint v0.38.1
    Checking thread_local v1.1.8
    Checking utf8-width v0.1.7
    Checking bech32 v0.10.0-beta
    Checking humantime v2.1.0
    Checking derivation-path v0.2.0
    Checking rustc-hash v1.1.0
    Checking tiny-bip39 v1.0.0
    Checking ed25519-dalek-bip32 v0.3.0
    Checking humantime-serde v1.1.1
    Checking tracing-subscriber v0.3.18
    Checking strum v0.25.0
    Checking byte-unit v4.0.19
    Checking dirs-next v2.0.0
    Checking hermes-tokio-runtime-components v0.1.0
    Checking hdpath v0.6.3
    Checking bech32 v0.9.1
    Checking bs58 v0.5.1
    Checking retry v2.0.0
    Checking hermes-runtime v0.1.0
    Checking hermes-protobuf-encoding-components v0.1.0
    Checking hermes-test-components v0.1.0
    Checking cgp-error-eyre v0.1.0
    Checking utf8parse v0.2.2
    Checking num_cpus v1.16.0
    Checking anstyle-parse v0.2.4
    Checking anstyle-query v1.1.0
    Checking is_terminal_polyfill v1.70.0
    Checking colorchoice v1.0.1
    Checking anstyle v1.0.8
    Checking dashmap v4.0.2
    Checking anstream v0.6.14
    Checking hermes-tracing-logging-components v0.1.0
    Checking hermes-error v0.1.0
   Compiling backtrace v0.3.71
    Checking adler v1.0.2
   Compiling heck v0.5.0
    Checking gimli v0.28.1
    Checking strsim v0.11.1
    Checking ibc-proto v0.47.0
    Checking clap_lex v0.7.1
    Checking clap_builder v4.5.15
    Checking hermes-logger v0.1.0
   Compiling clap_derive v4.5.13
    Checking miniz_oxide v0.7.4
    Checking opentelemetry v0.17.0
    Checking addr2line v0.21.0
    Checking object v0.32.2
    Checking tendermint-light-client-verifier v0.38.1
    Checking tendermint-config v0.38.1
    Checking rustc-demangle v0.1.24
    Checking clap v4.5.16
    Checking hermes-ibc-test-suite v0.1.0
    Checking oneline-eyre v0.1.0
    Checking hermes-cli-components v0.1.0
    Checking tendermint-rpc v0.38.1
    Checking stable-eyre v0.2.2
    Checking tendermint-light-client v0.38.1
    Checking tendermint-light-client-detector v0.38.1
    Checking ibc-primitives v0.54.0
    Checking ibc-relayer-types v0.29.3
    Checking ibc-core-host-types v0.54.0
    Checking ibc-core-commitment-types v0.54.0
    Checking ibc-core-router-types v0.54.0
    Checking ibc-core-client-types v0.54.0
    Checking ibc-core-connection-types v0.54.0
    Checking ibc-client-tendermint-types v0.54.0
    Checking ibc-core-channel-types v0.54.0
    Checking ibc-telemetry v0.29.3
    Checking ibc-relayer v0.29.3
    Checking ibc-core-handler-types v0.54.0
    Checking ibc-core-router v0.54.0
    Checking ibc-core-client-context v0.54.0
    Checking ibc-core-host v0.54.0
    Checking ibc-core-client v0.54.0
    Checking ibc-client-wasm-types v0.54.0
    Checking ibc-client-tendermint v0.54.0
    Checking ibc-core-connection v0.54.0
    Checking ibc-clients v0.54.0
    Checking ibc-core-channel v0.54.0
    Checking ibc-core-handler v0.54.0
    Checking ibc-core v0.54.0
    Checking ibc-app-transfer-types v0.54.0
    Checking ibc-app-nft-transfer-types v0.54.0
    Checking ibc-app-transfer v0.54.0
    Checking ibc-core-host-cosmos v0.54.0
    Checking ibc-app-nft-transfer v0.54.0
    Checking ibc-apps v0.54.0
    Checking ibc v0.54.0
    Checking hermes-cosmos-chain-components v0.1.0
    Checking hermes-cosmos-test-components v0.1.0
    Checking hermes-any-counterparty v0.1.0
    Checking hermes-wasm-client-components v0.1.0
    Checking hermes-wasm-test-components v0.1.0
    Checking hermes-cosmos-relayer v0.1.0
    Checking hermes-cosmos-integration-tests v0.1.0
    Checking hermes-cli-framework v0.1.0
error[E0275]: overflow evaluating the requirement `CosmosBinaryChannelSetup: UseBinaryChannelTestSetup`
  --> /home/adwin/.cargo/registry/src/mirrors.tuna.tsinghua.edu.cn-4dc01642fd091eda/hermes-cosmos-integration-tests-0.1.0/src/contexts/binary_channel/setup.rs:50:39
   |
50 | impl CanUseBinaryChannelTestSetup for CosmosBinaryChannelSetup {}
   |                                       ^^^^^^^^^^^^^^^^^^^^^^^^
   |
   = help: consider increasing the recursion limit by adding a `#![recursion_limit = "256"]` attribute to your crate (`hermes_cosmos_integration_tests`)
note: required by a bound in `hermes_test_components::setup::binary_channel::components::CanUseBinaryChannelTestSetup`
  --> /home/adwin/.cargo/registry/src/mirrors.tuna.tsinghua.edu.cn-4dc01642fd091eda/hermes-test-components-0.1.0/src/setup/binary_channel/components.rs:69:41
   |
69 | pub trait CanUseBinaryChannelTestSetup: UseBinaryChannelTestSetup {}
   |                                         ^^^^^^^^^^^^^^^^^^^^^^^^^ required by this bound in `CanUseBinaryChannelTestSetup`

error[E0275]: overflow evaluating the requirement `CosmosBiRelay: CanRun`
  --> /home/adwin/.cargo/registry/src/mirrors.tuna.tsinghua.edu.cn-4dc01642fd091eda/hermes-cosmos-integration-tests-0.1.0/src/contexts/relay_driver.rs:42:29
   |
42 |             let _ = birelay.run().await;
   |                             ^^^
   |
   = help: consider increasing the recursion limit by adding a `#![recursion_limit = "256"]` attribute to your crate (`hermes_cosmos_integration_tests`)

error[E0275]: overflow evaluating the requirement `impl Future<Output = Result<(), <CosmosBiRelay as cgp::prelude::HasErrorType>::Error>> + std::marker::Send == _`
  --> /home/adwin/.cargo/registry/src/mirrors.tuna.tsinghua.edu.cn-4dc01642fd091eda/hermes-cosmos-integration-tests-0.1.0/src/contexts/relay_driver.rs:42:21
   |
42 |             let _ = birelay.run().await;
   |                     ^^^^^^^^^^^^^
   |
   = help: consider increasing the recursion limit by adding a `#![recursion_limit = "256"]` attribute to your crate (`hermes_cosmos_integration_tests`)

error[E0275]: overflow evaluating the requirement `impl Future<Output = Result<(), <CosmosBiRelay as cgp::prelude::HasErrorType>::Error>> + std::marker::Send well-formed`
  --> /home/adwin/.cargo/registry/src/mirrors.tuna.tsinghua.edu.cn-4dc01642fd091eda/hermes-cosmos-integration-tests-0.1.0/src/contexts/relay_driver.rs:42:29
   |
42 |             let _ = birelay.run().await;
   |                             ^^^
   |
   = help: consider increasing the recursion limit by adding a `#![recursion_limit = "256"]` attribute to your crate (`hermes_cosmos_integration_tests`)

For more information about this error, try `rustc --explain E0275`.
error: could not compile `hermes-cosmos-integration-tests` (lib) due to 4 previous errors
