Running as unit: run-p2109598-i14689706.scope; invocation ID: 3d4467a11b934ebea47249881b080fdd
    Blocking waiting for file lock on package cache
    Blocking waiting for file lock on package cache
    Blocking waiting for file lock on package cache
   Compiling proc-macro2 v1.0.95
   Compiling unicode-ident v1.0.18
   Compiling libc v0.2.172
   Compiling autocfg v1.4.0
   Compiling log v0.4.27
   Compiling version_check v0.9.5
    Checking memchr v2.7.4
   Compiling serde v1.0.219
   Compiling semver v1.0.26
   Compiling rustversion v1.0.21
   Compiling wasm-bindgen-shared v0.2.100
    Checking cfg-if v1.0.0
   Compiling crossbeam-utils v0.8.21
    Checking once_cell v1.21.3
   Compiling bumpalo v3.17.0
   Compiling quote v1.0.40
   Compiling rustc_version v0.4.1
    Checking stable_deref_trait v1.2.0
   Compiling thiserror v2.0.12
    Checking icondata_core v0.1.0
   Compiling syn v2.0.101
   Compiling smallvec v1.15.0
    Checking pin-project-lite v0.2.16
   Compiling serde_json v1.0.140
   Compiling equivalent v1.0.2
   Compiling siphasher v1.0.1
   Compiling unicode-segmentation v1.12.0
   Compiling hashbrown v0.15.3
   Compiling wasm-bindgen v0.2.100
    Checking futures-core v0.3.31
   Compiling slab v0.4.9
   Compiling lock_api v0.4.13
   Compiling getrandom v0.3.3
   Compiling parking_lot_core v0.9.11
    Checking futures-sink v0.3.31
   Compiling thiserror v1.0.69
    Checking futures-channel v0.3.31
   Compiling rand_core v0.6.4
   Compiling either v1.15.0
   Compiling phf_shared v0.11.3
   Compiling rand v0.8.5
   Compiling proc-macro-error-attr2 v2.0.0
    Checking futures-io v0.3.31
    Checking pin-utils v0.1.0
    Checking futures-task v0.3.31
   Compiling paste v1.0.15
    Checking num_cpus v1.16.0
   Compiling aho-corasick v1.1.3
    Checking itoa v1.0.15
   Compiling regex-syntax v0.8.5
   Compiling same-file v1.0.6
   Compiling phf_generator v0.11.3
   Compiling walkdir v2.5.0
    Checking indexmap v2.9.0
   Compiling convert_case v0.8.0
    Checking ryu v1.0.20
   Compiling zerocopy v0.8.25
    Checking litemap v0.8.0
    Checking writeable v0.6.1
    Checking scopeguard v1.2.0
    Checking concurrent-queue v2.5.0
   Compiling proc-macro2-diagnostics v0.10.1
   Compiling ahash v0.8.12
   Compiling icu_properties_data v2.0.1
   Compiling xxhash-rust v0.8.15
   Compiling regex-automata v0.4.9
   Compiling icu_normalizer_data v2.0.0
   Compiling unicode-xid v0.2.6
    Checking parking v2.2.1
    Checking event-listener v5.4.0
   Compiling const_format_proc_macros v0.2.34
    Checking throw_error v0.3.0
   Compiling proc-macro-utils v0.10.0
   Compiling synstructure v0.13.2
   Compiling wasm-bindgen-backend v0.2.100
   Compiling proc-macro-error2 v2.0.1
   Compiling slotmap v1.0.7
   Compiling wasm-bindgen-macro-support v0.2.100
    Checking event-listener-strategy v0.5.4
    Checking send_wrapper v0.6.0
   Compiling serde_derive v1.0.219
   Compiling thiserror-impl v2.0.12
   Compiling zerofrom-derive v0.1.6
   Compiling yoke-derive v0.8.0
   Compiling thiserror-impl v1.0.69
   Compiling wasm-bindgen-macro v0.2.100
   Compiling zerovec-derive v0.11.1
   Compiling displaydoc v0.2.5
    Checking zerofrom v0.1.6
    Checking yoke v0.8.0
    Checking js-sys v0.3.77
   Compiling futures-macro v0.3.31
   Compiling phf_macros v0.11.3
    Checking zerotrie v0.2.2
    Checking zerovec v0.11.2
   Compiling derive-where v1.4.0
   Compiling phf v0.11.3
   Compiling reactive_graph v0.2.2
    Checking futures-util v0.3.31
   Compiling server_fn_macro v0.8.2
   Compiling camino v1.1.9
   Compiling syn v1.0.109
    Checking hashbrown v0.14.5
    Checking tinystr v0.8.1
    Checking icu_locale_core v2.0.0
    Checking potential_utf v0.1.2
    Checking icu_collections v2.0.0
    Checking icu_provider v2.0.0
    Checking winnow v0.7.10
   Compiling anyhow v1.0.98
    Checking wasm-bindgen-futures v0.4.50
    Checking web-sys v0.3.77
    Checking toml_write v0.1.1
    Checking or_poisoned v0.1.0
    Checking icu_normalizer v2.0.0
    Checking futures-executor v0.3.31
    Checking futures v0.3.31
    Checking any_spawner v0.3.0
    Checking icu_properties v2.0.1
    Checking dashmap v6.1.0
    Checking toml_datetime v0.6.9
    Checking serde_spanned v0.6.8
    Checking hydration_context v0.3.0
   Compiling syn_derive v0.2.0
    Checking async-lock v3.4.0
    Checking toml_edit v0.22.26
   Compiling crossbeam-epoch v0.9.18
   Compiling regex v1.11.1
   Compiling const_format v0.2.34
   Compiling bstr v1.12.0
   Compiling num-traits v0.2.19
    Checking rustc-hash v2.1.1
   Compiling dtoa v1.0.10
    Checking guardian v1.3.0
    Checking percent-encoding v2.3.1
   Compiling dtoa-short v0.3.5
   Compiling globset v0.4.16
error[E0282]: type annotations needed for `&_`
   --> /home/adwin/.cargo/registry/src/mirrors.tuna.tsinghua.edu.cn-4dc01642fd091eda/reactive_graph-0.2.2/src/computed/async_derived/arc_async_derived.rs:646:14
    |
646 |             |v| v.deref(),
    |              ^  - type must be known at this point
    |
help: consider giving this closure parameter an explicit type, where the placeholders `_` are specified
    |
646 |             |v: &_| v.deref(),
    |               ++++

error[E0282]: type annotations needed for `&mut _`
   --> /home/adwin/.cargo/registry/src/mirrors.tuna.tsinghua.edu.cn-4dc01642fd091eda/reactive_graph-0.2.2/src/computed/async_derived/arc_async_derived.rs:647:14
    |
647 |             |v| v.deref_mut(),
    |              ^  - type must be known at this point
    |
help: consider giving this closure parameter an explicit type, where the placeholders `_` are specified
    |
647 |             |v: &mut _| v.deref_mut(),
    |               ++++++++

error[E0282]: type annotations needed for `&_`
   --> /home/adwin/.cargo/registry/src/mirrors.tuna.tsinghua.edu.cn-4dc01642fd091eda/reactive_graph-0.2.2/src/computed/async_derived/arc_async_derived.rs:656:14
    |
656 |             |v| v.deref(),
    |              ^  - type must be known at this point
    |
help: consider giving this closure parameter an explicit type, where the placeholders `_` are specified
    |
656 |             |v: &_| v.deref(),
    |               ++++

error[E0282]: type annotations needed for `&mut _`
   --> /home/adwin/.cargo/registry/src/mirrors.tuna.tsinghua.edu.cn-4dc01642fd091eda/reactive_graph-0.2.2/src/computed/async_derived/arc_async_derived.rs:657:14
    |
657 |             |v| v.deref_mut(),
    |              ^  - type must be known at this point
    |
help: consider giving this closure parameter an explicit type, where the placeholders `_` are specified
    |
657 |             |v: &mut _| v.deref_mut(),
    |               ++++++++

error[E0282]: type annotations needed for `&_`
   --> /home/adwin/.cargo/registry/src/mirrors.tuna.tsinghua.edu.cn-4dc01642fd091eda/reactive_graph-0.2.2/src/computed/async_derived/async_derived.rs:354:14
    |
354 |             |v| v.deref(),
    |              ^  - type must be known at this point
    |
help: consider giving this closure parameter an explicit type, where the placeholders `_` are specified
    |
354 |             |v: &_| v.deref(),
    |               ++++

error[E0282]: type annotations needed for `&mut _`
   --> /home/adwin/.cargo/registry/src/mirrors.tuna.tsinghua.edu.cn-4dc01642fd091eda/reactive_graph-0.2.2/src/computed/async_derived/async_derived.rs:355:14
    |
355 |             |v| v.deref_mut(),
    |              ^  - type must be known at this point
    |
help: consider giving this closure parameter an explicit type, where the placeholders `_` are specified
    |
355 |             |v: &mut _| v.deref_mut(),
    |               ++++++++

error[E0282]: type annotations needed for `&_`
   --> /home/adwin/.cargo/registry/src/mirrors.tuna.tsinghua.edu.cn-4dc01642fd091eda/reactive_graph-0.2.2/src/computed/async_derived/async_derived.rs:365:40
    |
365 |                 MappedMut::new(inner, |v| v.deref(), |v| v.deref_mut())
    |                                        ^  - type must be known at this point
    |
help: consider giving this closure parameter an explicit type, where the placeholders `_` are specified
    |
365 |                 MappedMut::new(inner, |v: &_| v.deref(), |v| v.deref_mut())
    |                                         ++++

error[E0282]: type annotations needed for `&mut _`
   --> /home/adwin/.cargo/registry/src/mirrors.tuna.tsinghua.edu.cn-4dc01642fd091eda/reactive_graph-0.2.2/src/computed/async_derived/async_derived.rs:365:55
    |
365 |                 MappedMut::new(inner, |v| v.deref(), |v| v.deref_mut())
    |                                                       ^  - type must be known at this point
    |
help: consider giving this closure parameter an explicit type, where the placeholders `_` are specified
    |
365 |                 MappedMut::new(inner, |v| v.deref(), |v: &mut _| v.deref_mut())
    |                                                        ++++++++

    Checking toml v0.8.22
   Compiling crossbeam-deque v0.8.6
error[E0282]: type annotations needed for `&_`
   --> /home/adwin/.cargo/registry/src/mirrors.tuna.tsinghua.edu.cn-4dc01642fd091eda/reactive_graph-0.2.2/src/computed/async_derived/arc_async_derived.rs:629:59
    |
629 |             ReadGuard::new(Mapped::new_with_guard(plain, |v| v.deref()))
    |                                                           ^  - type must be known at this point
    |
help: consider giving this closure parameter an explicit type, where the placeholders `_` are specified
    |
629 |             ReadGuard::new(Mapped::new_with_guard(plain, |v: &_| v.deref()))
    |                                                            ++++

    Checking idna_adapter v1.2.1
   Compiling quote-use-macros v0.8.4
   Compiling reactive_stores_macro v0.2.2
   Compiling cssparser-macros v0.6.1
   Compiling pin-project-internal v1.1.10
For more information about this error, try `rustc --explain E0282`.
error: could not compile `reactive_graph` (lib) due to 9 previous errors
warning: build failed, waiting for other jobs to finish...
