Running as unit: run-p939686-i5133377.scope; invocation ID: 6e6c2971ddd143a8b5ddbfe916e73c2e
   Compiling proc-macro2 v1.0.93
   Compiling unicode-ident v1.0.15
   Compiling libc v0.2.169
    Checking cfg-if v1.0.0
   Compiling autocfg v1.4.0
   Compiling version_check v0.9.5
    Checking once_cell v1.20.2
    Checking memchr v2.7.4
   Compiling shlex v1.3.0
   Compiling serde v1.0.217
   Compiling crossbeam-utils v0.8.21
   Compiling thiserror v1.0.69
    Checking smallvec v1.13.2
    Checking pin-project-lite v0.2.16
   Compiling rustversion v1.0.19
    Checking either v1.13.0
    Checking hashbrown v0.15.2
    Checking equivalent v1.0.1
    Checking itoa v1.0.14
   Compiling libm v0.2.11
   Compiling num-traits v0.2.19
   Compiling rayon-core v1.12.1
    Checking crossbeam-epoch v0.9.18
    Checking futures-core v0.3.31
   Compiling syn v1.0.109
   Compiling quote v1.0.38
   Compiling jobserver v0.1.32
    Checking getrandom v0.2.15
    Checking crossbeam-deque v0.8.6
   Compiling lock_api v0.4.12
    Checking byteorder v1.5.0
   Compiling parking_lot_core v0.9.10
    Checking futures-sink v0.3.31
   Compiling slab v0.4.9
   Compiling syn v2.0.96
   Compiling cc v1.2.10
    Checking bytes v1.9.0
    Checking indexmap v2.7.1
    Checking ryu v1.0.18
   Compiling wasm-bindgen-shared v0.2.100
    Checking rayon v1.10.0
    Checking futures-channel v0.3.31
   Compiling ahash v0.8.11
   Compiling pkg-config v0.3.31
    Checking bitflags v2.8.0
    Checking pin-utils v0.1.0
    Checking simdutf8 v0.1.5
    Checking futures-task v0.3.31
    Checking scopeguard v1.2.0
    Checking futures-io v0.3.31
   Compiling bumpalo v3.16.0
   Compiling log v0.4.25
    Checking aho-corasick v1.1.3
    Checking regex-syntax v0.8.5
    Checking allocator-api2 v0.2.21
   Compiling wasm-bindgen v0.2.100
    Checking stable_deref_trait v1.2.0
   Compiling thiserror v2.0.11
    Checking parking_lot v0.12.3
   Compiling target-features v0.1.6
   Compiling psm v0.1.24
   Compiling stacker v0.1.17
    Checking array-init-cursor v0.2.0
   Compiling unicode-xid v0.2.6
    Checking planus v0.3.1
   Compiling smartstring v1.0.1
    Checking simd-adler32 v0.3.7
    Checking percent-encoding v2.3.1
   Compiling proc-macro-error-attr2 v2.0.0
   Compiling polars-utils v0.40.0
    Checking static_assertions v1.1.0
    Checking fnv v1.0.7
    Checking writeable v0.5.5
    Checking iana-time-zone v0.1.61
   Compiling anyhow v1.0.95
    Checking litemap v0.7.4
    Checking chrono v0.4.39
    Checking http v1.2.0
    Checking raw-cpuid v11.3.0
   Compiling polars-arrow v0.40.0
    Checking regex-automata v0.4.9
    Checking adler2 v2.0.0
    Checking xxhash-rust v0.8.15
   Compiling paste v1.0.15
    Checking miniz_oxide v0.8.3
    Checking socket2 v0.5.8
    Checking num_cpus v1.16.0
    Checking mio v1.0.3
    Checking foreign_vec v0.1.0
    Checking strength_reduce v0.2.4
    Checking icu_locid_transform_data v1.5.0
    Checking streaming-iterator v0.1.9
    Checking fast-float v0.2.0
    Checking atoi_simd v0.15.6
   Compiling rustix v0.38.44
    Checking dyn-clone v1.0.17
   Compiling unicode-segmentation v1.12.0
    Checking ethnum v1.5.0
    Checking tokio v1.43.0
   Compiling zstd-sys v2.0.13+zstd.1.5.6
    Checking rand_core v0.6.4
   Compiling convert_case v0.6.0
    Checking crc32fast v1.4.2
    Checking linux-raw-sys v0.4.15
    Checking base64 v0.22.1
    Checking icu_properties_data v1.5.0
    Checking minimal-lexical v0.2.1
    Checking flate2 v1.0.35
    Checking regex v1.11.1
    Checking nom v7.1.3
    Checking concurrent-queue v2.5.0
   Compiling polars-compute v0.40.0
   Compiling proc-macro2-diagnostics v0.10.1
    Checking parking v2.2.1
   Compiling vcpkg v0.2.15
    Checking utf8_iter v1.0.4
    Checking write16 v1.0.0
    Checking icu_normalizer_data v1.5.0
   Compiling heck v0.5.0
    Checking utf16_iter v1.0.5
    Checking crossterm v0.28.1
    Checking event-listener v5.4.0
   Compiling openssl-sys v0.9.104
   Compiling proc-macro-utils v0.10.0
   Compiling const_format_proc_macros v0.2.34
   Compiling lz4-sys v1.11.1+lz4-1.10.0
    Checking throw_error v0.2.0
   Compiling polars-core v0.40.0
   Compiling multiversion-macros v0.7.4
   Compiling synstructure v0.13.1
   Compiling wasm-bindgen-backend v0.2.100
   Compiling proc-macro-error2 v2.0.1
   Compiling slotmap v1.0.7
    Checking unicode-width v0.2.0
   Compiling zstd-safe v7.2.1
    Checking strum v0.26.3
   Compiling serde_json v1.0.137
    Checking alloc-no-stdlib v2.0.4
   Compiling ptr_meta_derive v0.1.4
    Checking alloc-stdlib v0.2.2
   Compiling serde_derive v1.0.217
   Compiling thiserror-impl v1.0.69
   Compiling zerocopy-derive v0.7.35
   Compiling futures-macro v0.3.31
   Compiling zerofrom-derive v0.1.5
    Checking zerocopy v0.7.35
    Checking futures-util v0.3.31
   Compiling wasm-bindgen-macro-support v0.2.100
   Compiling yoke-derive v0.7.5
   Compiling thiserror-impl v2.0.11
    Checking zerofrom v0.1.5
   Compiling zerovec-derive v0.10.3
   Compiling bytemuck_derive v1.8.1
    Checking yoke v0.7.5
   Compiling displaydoc v0.2.5
   Compiling wasm-bindgen-macro v0.2.100
   Compiling icu_provider_macros v1.5.0
    Checking zerovec v0.10.4
    Checking multiversion v0.7.4
    Checking ppv-lite86 v0.2.20
   Compiling sealed v0.6.0
    Checking bytemuck v1.21.0
   Compiling strum_macros v0.26.4
   Compiling macroific_attr_parse v2.0.0
   Compiling macroific_core v2.0.0
    Checking rand_chacha v0.3.1
   Compiling derive-where v1.2.7
    Checking rand v0.8.5
    Checking js-sys v0.3.77
    Checking tinystr v0.7.6
    Checking icu_locid v1.5.0
    Checking futures-executor v0.3.31
    Checking icu_collections v1.5.0
    Checking futures v0.3.31
    Checking rand_distr v0.4.3
    Checking event-listener-strategy v0.5.3
    Checking icu_provider v1.5.0
    Checking form_urlencoded v1.2.1
    Checking send_wrapper v0.6.0
    Checking comfy-table v7.1.3
   Compiling polars-ops v0.40.0
   Compiling ahash v0.7.8
   Compiling bytecheck v0.6.12
    Checking or_poisoned v0.1.0
   Compiling camino v1.1.9
   Compiling snap v1.1.1
    Checking async-lock v3.4.0
   Compiling macroific_macro v2.0.0
    Checking icu_locid_transform v1.5.0
    Checking ptr_meta v0.1.4
    Checking brotli-decompressor v4.0.2
   Compiling syn_derive v0.2.0
   Compiling const_format v0.2.34
    Checking icu_properties v1.5.1
   Compiling bytecheck_derive v0.6.12
    Checking argminmax v0.6.2
    Checking num-integer v0.1.46
    Checking rustc-hash v2.1.0
    Checking fallible-streaming-iterator v0.1.9
   Compiling rend v0.4.2
    Checking guardian v1.2.0
    Checking streaming-decompression v0.1.2
    Checking num-bigint v0.4.6
   Compiling server_fn_macro v0.7.4
    Checking brotli v5.0.0
    Checking wasm-bindgen-futures v0.4.50
    Checking hashbrown v0.14.5
    Checking polars-arrow-format v0.1.0
    Checking web-sys v0.3.77
    Checking any_spawner v0.2.0
    Checking hydration_context v0.2.1
    Checking reactive_graph v0.1.4
    Checking icu_normalizer v1.5.0
    Checking serde_spanned v0.6.8
    Checking toml_datetime v0.6.8
   Compiling macroific v2.0.0
    Checking zstd v0.13.2
    Checking idna_adapter v1.2.0
    Checking idna v1.0.3
   Compiling derive_more-impl v1.0.0
    Checking url v2.5.4
   Compiling quote-use-macros v0.8.4
   Compiling pin-project-internal v1.1.8
   Compiling reactive_stores_macro v0.1.0
    Checking polars-error v0.40.0
   Compiling manyhow-macros v0.11.4
    Checking now v0.1.3
    Checking atoi v2.0.0
    Checking itertools v0.13.0
    Checking tracing-core v0.1.33
   Compiling seq-macro v0.3.5
    Checking parquet-format-safe v0.2.4
    Checking lz4 v1.28.1
   Compiling openssl v0.10.69
    Checking arrayvec v0.7.6
   Compiling built v0.7.5
    Checking winnow v0.6.25
    Checking aligned-vec v0.5.0
    Checking foreign-types-shared v0.1.1
   Compiling yansi v1.0.1
    Checking utf8-width v0.1.7
   Compiling rkyv v0.7.45
   Compiling httparse v1.9.5
    Checking html-escape v0.2.13
   Compiling rav1e v0.7.1
    Checking foreign-types v0.3.2
    Checking v_frame v0.3.8
    Checking tracing v0.1.41
   Compiling manyhow v0.11.4
    Checking pin-project v1.1.8
   Compiling quote-use v0.8.4
    Checking hashbrown v0.12.3
    Checking num-rational v0.4.2
    Checking reactive_stores v0.1.3
    Checking oco_ref v0.2.0
    Checking derive_more v1.0.0
    Checking tokio-util v0.7.13
   Compiling profiling-procmacros v1.0.16
   Compiling recursive-proc-macro-impl v0.1.1
    Checking toml_edit v0.22.22
   Compiling openssl-macros v0.1.1
   Compiling rkyv_derive v0.7.45
    Checking http-body v1.0.1
    Checking memmap2 v0.7.1
    Checking either_of v0.1.2
   Compiling polars-plan v0.40.0
   Compiling prettyplease v0.2.29
    Checking next_tuple v0.1.0
    Checking try-lock v0.2.5
    Checking const_str_slice_concat v0.1.0
    Checking linear-map v1.2.0
   Compiling same-file v1.0.6
   Compiling interpolator v0.5.0
   Compiling collection_literals v1.0.1
    Checking atomic-waker v1.1.2
    Checking drain_filter_polyfill v0.1.3
   Compiling native-tls v0.2.13
    Checking seahash v4.1.0
    Checking home v0.5.11
    Checking h2 v0.4.7
    Checking toml v0.8.19
   Compiling attribute-derive-macro v0.10.3
   Compiling walkdir v2.5.0
    Checking want v0.3.1
    Checking recursive v0.1.1
    Checking profiling v1.0.16
   Compiling rstml v0.12.1
    Checking av1-grain v0.2.3
    Checking polars-row v0.40.0
    Checking polars-parquet v0.40.0
    Checking dashmap v6.1.0
   Compiling server_fn_macro_default v0.7.4
    Checking serde_qs v0.13.0
   Compiling typed-builder-macro v0.20.0
   Compiling arg_enum_proc_macro v0.3.4
   Compiling num-derive v0.4.2
    Checking maybe-rayon v0.1.1
   Compiling simd_helpers v0.1.0
    Checking uuid v1.12.1
    Checking itertools v0.12.1
    Checking tower-service v0.3.3
    Checking quick-error v2.0.1
    Checking weezl v0.1.8
    Checking bitstream-io v2.6.0
    Checking new_debug_unreachable v1.0.6
   Compiling noop_proc_macro v0.3.0
    Checking pathdiff v0.2.3
    Checking imgref v1.11.0
    Checking jaro_winkler v0.1.0
    Checking openssl-probe v0.1.6
   Compiling glob v0.3.2
    Checking loop9 v0.1.5
    Checking am4 v0.2.0-alpha.5 (/tmp/nix-shell.AaBijX/IamKplayzz_am4_ltqp37t9/am4)
   Compiling libwebp-sys v0.9.6
    Checking config v0.14.1
    Checking gloo-utils v0.2.0
    Checking gloo-net v0.6.0
    Checking wasm-streams v0.4.2
    Checking tachys v0.1.4
warning: hiding a lifetime that's elided elsewhere is confusing
  --> am4/src/route/search/mod.rs:91:19
   |
91 |     pub fn errors(&self) -> &[FailedRoute] {
   |                   ^^^^^     ^^^^^^^^^^^^^^
   |                   |         | |
   |                   |         | the same lifetime is hidden here
   |                   |         the same lifetime is elided here
   |                   the lifetime is elided here
   |
   = help: the same lifetime is referred to in inconsistent ways, making the signature confusing
   = note: `#[warn(mismatched_lifetime_syntaxes)]` on by default
help: use `'_` for type paths
   |
91 |     pub fn errors(&self) -> &[FailedRoute<'_>] {
   |                                          ++++

warning: `am4` (lib) generated 1 warning (run `cargo fix --lib -p am4` to apply 1 suggestion)
   Compiling leptos_hot_reload v0.7.4
    Checking typed-builder v0.20.0
    Checking server_fn v0.7.4
    Checking hyper v1.5.2
   Compiling attribute-derive v0.10.3
    Checking avif-serialize v0.8.2
    Checking codee v0.2.0
   Compiling impartial-ord v1.0.6
    Checking zune-inflate v0.2.54
    Checking fdeflate v0.3.7
   Compiling polars-lazy v0.40.0
    Checking half v2.4.1
    Checking color_quant v1.1.0
    Checking rgb v0.8.50
    Checking byteorder-lite v0.1.0
    Checking jpeg-decoder v0.3.1
    Checking zune-core v0.4.12
    Checking bitflags v1.3.2
    Checking lebe v0.5.2
    Checking bit_field v0.10.2
    Checking png v0.17.16
   Compiling delegate-display v3.0.0
    Checking image-webp v0.2.1
    Checking exr v1.73.0
    Checking tiff v0.9.1
    Checking zune-jpeg v0.4.14
    Checking gif v0.13.1
   Compiling leptos_macro v0.7.4
    Checking hyper-util v0.1.10
    Checking leptos_config v0.7.4
    Checking tokio-native-tls v0.3.1
    Checking http-body-util v0.1.2
   Compiling indexed_db_futures_macros_internal v1.0.0
error: internal compiler error: compiler/rustc_middle/src/middle/privacy.rs:187:21: DefId(0:5637 ~ polars_core[5a48]::prelude::{use#2}): reachable Public > nominal Restricted(DefId(0:0 ~ polars_core[5a48]))
 --> /home/adwin/.cargo/registry/src/mirrors.tuna.tsinghua.edu.cn-4dc01642fd091eda/polars-core-0.40.0/src/prelude.rs:5:16
  |
5 | pub(crate) use arrow::array::*;
  |                ^^^^^^^^^^^^


thread 'rustc' (944590) panicked at compiler/rustc_middle/src/middle/privacy.rs:187:21:
Box<dyn Any>
stack backtrace:
   0: std::panicking::begin_panic::<rustc_errors::ExplicitBug>
             at /home/adwin/Code/rust/rust/base/library/std/src/panicking.rs:761:5
   1: std::panic::panic_any::<rustc_errors::ExplicitBug>
             at /home/adwin/Code/rust/rust/base/library/std/src/panic.rs:260:5
   2: <rustc_errors::diagnostic::BugAbort as rustc_errors::diagnostic::EmissionGuarantee>::emit_producing_guarantee
             at /home/adwin/Code/rust/rust/base/compiler/rustc_errors/src/diagnostic.rs:62:9
   3: <rustc_errors::diagnostic::Diag<rustc_errors::diagnostic::BugAbort>>::emit
             at /home/adwin/Code/rust/rust/base/compiler/rustc_errors/src/diagnostic.rs:1359:9
   4: <rustc_errors::DiagCtxtHandle>::span_bug::<rustc_span::span_encoding::Span, alloc::string::String>
             at /home/adwin/Code/rust/rust/base/compiler/rustc_errors/src/lib.rs:962:48
   5: rustc_middle::util::bug::opt_span_bug_fmt::<rustc_span::span_encoding::Span>::{closure#0}
             at /home/adwin/Code/rust/rust/base/compiler/rustc_middle/src/util/bug.rs:38:54
   6: rustc_middle::ty::context::tls::with_opt::<rustc_middle::util::bug::opt_span_bug_fmt<rustc_span::span_encoding::Span>::{closure#0}, !>::{closure#0}
             at /home/adwin/Code/rust/rust/base/compiler/rustc_middle/src/ty/context/tls.rs:136:23
   7: rustc_middle::ty::context::tls::with_context_opt::<rustc_middle::ty::context::tls::with_opt<rustc_middle::util::bug::opt_span_bug_fmt<rustc_span::span_encoding::Span>::{closure#0}, !>::{closure#0}, !>
             at /home/adwin/Code/rust/rust/base/compiler/rustc_middle/src/ty/context/tls.rs:79:18
   8: rustc_middle::ty::context::tls::with_opt::<rustc_middle::util::bug::opt_span_bug_fmt<rustc_span::span_encoding::Span>::{closure#0}, !>
             at /home/adwin/Code/rust/rust/base/compiler/rustc_middle/src/ty/context/tls.rs:134:5
   9: rustc_middle::util::bug::opt_span_bug_fmt::<rustc_span::span_encoding::Span>
             at /home/adwin/Code/rust/rust/base/compiler/rustc_middle/src/util/bug.rs:33:5
  10: rustc_middle::util::bug::span_bug_fmt::<rustc_span::span_encoding::Span>
             at /home/adwin/Code/rust/rust/base/compiler/rustc_middle/src/util/bug.rs:24:5
  11: <rustc_middle::middle::privacy::EffectiveVisibilities>::check_invariants
             at /home/adwin/Code/rust/rust/base/compiler/rustc_middle/src/macros.rs:34:9
  12: rustc_privacy::effective_visibilities
             at /home/adwin/Code/rust/rust/base/compiler/rustc_privacy/src/lib.rs:1790:36
      [... omitted 20 frames ...]
  13: rustc_middle::query::inner::query_ensure::<rustc_query_system::query::caches::SingleCache<rustc_middle::query::erase::ErasedData<[u8; 8]>>>
             at /home/adwin/Code/rust/rust/base/compiler/rustc_middle/src/query/inner.rs:45:9
  14: <rustc_middle::query::plumbing::TyCtxtEnsureOk>::effective_visibilities
             at /home/adwin/Code/rust/rust/base/compiler/rustc_middle/src/query/plumbing.rs:188:9
  15: rustc_interface::passes::analysis::{closure#0}::{closure#1}::{closure#0}
             at /home/adwin/Code/rust/rust/base/compiler/rustc_interface/src/passes.rs:1161:33
  16: <core::panic::unwind_safe::AssertUnwindSafe<rustc_interface::passes::analysis::{closure#0}::{closure#1}::{closure#0}> as core::ops::function::FnOnce<()>>::call_once
             at /home/adwin/Code/rust/rust/base/library/core/src/panic/unwind_safe.rs:274:9
  17: std::panicking::catch_unwind::do_call::<core::panic::unwind_safe::AssertUnwindSafe<rustc_interface::passes::analysis::{closure#0}::{closure#1}::{closure#0}>, ()>
             at /home/adwin/Code/rust/rust/base/library/std/src/panicking.rs:581:40
  18: std::panicking::catch_unwind::<(), core::panic::unwind_safe::AssertUnwindSafe<rustc_interface::passes::analysis::{closure#0}::{closure#1}::{closure#0}>>
             at /home/adwin/Code/rust/rust/base/library/std/src/panicking.rs:544:19
  19: std::panic::catch_unwind::<core::panic::unwind_safe::AssertUnwindSafe<rustc_interface::passes::analysis::{closure#0}::{closure#1}::{closure#0}>, ()>
             at /home/adwin/Code/rust/rust/base/library/std/src/panic.rs:359:14
  20: <rustc_data_structures::sync::parallel::ParallelGuard>::run::<(), rustc_interface::passes::analysis::{closure#0}::{closure#1}::{closure#0}>
             at /home/adwin/Code/rust/rust/base/compiler/rustc_data_structures/src/sync/parallel.rs:23:9
  21: rustc_interface::passes::analysis::{closure#0}::{closure#1}
             at /home/adwin/Code/rust/rust/base/compiler/rustc_data_structures/src/sync/parallel.rs:87:27
  22: rustc_data_structures::sync::parallel::parallel_guard::<(), rustc_interface::passes::analysis::{closure#0}::{closure#1}>
             at /home/adwin/Code/rust/rust/base/compiler/rustc_data_structures/src/sync/parallel.rs:39:15
  23: rustc_interface::passes::analysis::{closure#0}
             at /home/adwin/Code/rust/rust/base/compiler/rustc_interface/src/passes.rs:1159:9
  24: <rustc_data_structures::profiling::VerboseTimingGuard>::run::<(), rustc_interface::passes::analysis::{closure#0}>
             at /home/adwin/Code/rust/rust/base/compiler/rustc_data_structures/src/profiling.rs:844:9
  25: <rustc_session::session::Session>::time::<(), rustc_interface::passes::analysis::{closure#0}>
             at /home/adwin/Code/rust/rust/base/compiler/rustc_session/src/utils.rs:17:50
  26: rustc_interface::passes::analysis
             at /home/adwin/Code/rust/rust/base/compiler/rustc_interface/src/passes.rs:1158:10
      [... omitted 20 frames ...]
  27: rustc_middle::query::inner::query_ensure::<rustc_query_system::query::caches::SingleCache<rustc_middle::query::erase::ErasedData<[u8; 0]>>>
             at /home/adwin/Code/rust/rust/base/compiler/rustc_middle/src/query/inner.rs:45:9
  28: <rustc_middle::query::plumbing::TyCtxtEnsureOk>::analysis
             at /home/adwin/Code/rust/rust/base/compiler/rustc_middle/src/query/plumbing.rs:188:9
  29: rustc_driver_impl::run_compiler::{closure#0}::{closure#2}
             at /home/adwin/Code/rust/rust/base/compiler/rustc_driver_impl/src/lib.rs:333:29
  30: rustc_interface::passes::create_and_enter_global_ctxt::<core::option::Option<rustc_interface::queries::Linker>, rustc_driver_impl::run_compiler::{closure#0}::{closure#2}>::{closure#2}::{closure#0}
             at /home/adwin/Code/rust/rust/base/compiler/rustc_interface/src/passes.rs:1018:27
  31: <rustc_middle::ty::context::GlobalCtxt>::enter::<rustc_interface::passes::create_and_enter_global_ctxt<core::option::Option<rustc_interface::queries::Linker>, rustc_driver_impl::run_compiler::{closure#0}::{closure#2}>::{closure#2}::{closure#0}, core::option::Option<rustc_interface::queries::Linker>>::{closure#1}
             at /home/adwin/Code/rust/rust/base/compiler/rustc_middle/src/ty/context.rs:1647:37
  32: rustc_middle::ty::context::tls::enter_context::<<rustc_middle::ty::context::GlobalCtxt>::enter<rustc_interface::passes::create_and_enter_global_ctxt<core::option::Option<rustc_interface::queries::Linker>, rustc_driver_impl::run_compiler::{closure#0}::{closure#2}>::{closure#2}::{closure#0}, core::option::Option<rustc_interface::queries::Linker>>::{closure#1}, core::option::Option<rustc_interface::queries::Linker>>::{closure#0}
             at /home/adwin/Code/rust/rust/base/compiler/rustc_middle/src/ty/context/tls.rs:60:9
  33: <std::thread::local::LocalKey<core::cell::Cell<*const ()>>>::try_with::<rustc_middle::ty::context::tls::enter_context<<rustc_middle::ty::context::GlobalCtxt>::enter<rustc_interface::passes::create_and_enter_global_ctxt<core::option::Option<rustc_interface::queries::Linker>, rustc_driver_impl::run_compiler::{closure#0}::{closure#2}>::{closure#2}::{closure#0}, core::option::Option<rustc_interface::queries::Linker>>::{closure#1}, core::option::Option<rustc_interface::queries::Linker>>::{closure#0}, core::option::Option<rustc_interface::queries::Linker>>
             at /home/adwin/Code/rust/rust/base/library/std/src/thread/local.rs:513:12
  34: <std::thread::local::LocalKey<core::cell::Cell<*const ()>>>::with::<rustc_middle::ty::context::tls::enter_context<<rustc_middle::ty::context::GlobalCtxt>::enter<rustc_interface::passes::create_and_enter_global_ctxt<core::option::Option<rustc_interface::queries::Linker>, rustc_driver_impl::run_compiler::{closure#0}::{closure#2}>::{closure#2}::{closure#0}, core::option::Option<rustc_interface::queries::Linker>>::{closure#1}, core::option::Option<rustc_interface::queries::Linker>>::{closure#0}, core::option::Option<rustc_interface::queries::Linker>>
             at /home/adwin/Code/rust/rust/base/library/std/src/thread/local.rs:477:20
  35: rustc_middle::ty::context::tls::enter_context::<<rustc_middle::ty::context::GlobalCtxt>::enter<rustc_interface::passes::create_and_enter_global_ctxt<core::option::Option<rustc_interface::queries::Linker>, rustc_driver_impl::run_compiler::{closure#0}::{closure#2}>::{closure#2}::{closure#0}, core::option::Option<rustc_interface::queries::Linker>>::{closure#1}, core::option::Option<rustc_interface::queries::Linker>>
             at /home/adwin/Code/rust/rust/base/compiler/rustc_middle/src/ty/context/tls.rs:57:9
  36: <rustc_middle::ty::context::GlobalCtxt>::enter::<rustc_interface::passes::create_and_enter_global_ctxt<core::option::Option<rustc_interface::queries::Linker>, rustc_driver_impl::run_compiler::{closure#0}::{closure#2}>::{closure#2}::{closure#0}, core::option::Option<rustc_interface::queries::Linker>>
             at /home/adwin/Code/rust/rust/base/compiler/rustc_middle/src/ty/context.rs:1647:9
  37: <rustc_middle::ty::context::TyCtxt>::create_global_ctxt::<core::option::Option<rustc_interface::queries::Linker>, rustc_interface::passes::create_and_enter_global_ctxt<core::option::Option<rustc_interface::queries::Linker>, rustc_driver_impl::run_compiler::{closure#0}::{closure#2}>::{closure#2}::{closure#0}>
             at /home/adwin/Code/rust/rust/base/compiler/rustc_middle/src/ty/context.rs:1854:13
  38: rustc_interface::passes::create_and_enter_global_ctxt::<core::option::Option<rustc_interface::queries::Linker>, rustc_driver_impl::run_compiler::{closure#0}::{closure#2}>::{closure#2}
             at /home/adwin/Code/rust/rust/base/compiler/rustc_interface/src/passes.rs:985:9
  39: <rustc_interface::passes::create_and_enter_global_ctxt<core::option::Option<rustc_interface::queries::Linker>, rustc_driver_impl::run_compiler::{closure#0}::{closure#2}>::{closure#2} as core::ops::function::FnOnce<(&rustc_session::session::Session, rustc_middle::ty::context::CurrentGcx, alloc::sync::Arc<rustc_data_structures::jobserver::Proxy>, &std::sync::once_lock::OnceLock<rustc_middle::ty::context::GlobalCtxt>, &rustc_data_structures::sync::worker_local::WorkerLocal<rustc_middle::arena::Arena>, &rustc_data_structures::sync::worker_local::WorkerLocal<rustc_hir::Arena>, rustc_driver_impl::run_compiler::{closure#0}::{closure#2})>>::call_once::{shim:vtable#0}
             at /home/adwin/Code/rust/rust/base/library/core/src/ops/function.rs:250:5
  40: <alloc::boxed::Box<dyn for<'a> core::ops::function::FnOnce<(&'a rustc_session::session::Session, rustc_middle::ty::context::CurrentGcx, alloc::sync::Arc<rustc_data_structures::jobserver::Proxy>, &'a std::sync::once_lock::OnceLock<rustc_middle::ty::context::GlobalCtxt<'a>>, &'a rustc_data_structures::sync::worker_local::WorkerLocal<rustc_middle::arena::Arena<'a>>, &'a rustc_data_structures::sync::worker_local::WorkerLocal<rustc_hir::Arena<'a>>, rustc_driver_impl::run_compiler::{closure#0}::{closure#2}), Output = core::option::Option<rustc_interface::queries::Linker>>> as core::ops::function::FnOnce<(&rustc_session::session::Session, rustc_middle::ty::context::CurrentGcx, alloc::sync::Arc<rustc_data_structures::jobserver::Proxy>, &std::sync::once_lock::OnceLock<rustc_middle::ty::context::GlobalCtxt>, &rustc_data_structures::sync::worker_local::WorkerLocal<rustc_middle::arena::Arena>, &rustc_data_structures::sync::worker_local::WorkerLocal<rustc_hir::Arena>, rustc_driver_impl::run_compiler::{closure#0}::{closure#2})>>::call_once
             at /home/adwin/Code/rust/rust/base/library/alloc/src/boxed.rs:2206:9
  41: rustc_interface::passes::create_and_enter_global_ctxt::<core::option::Option<rustc_interface::queries::Linker>, rustc_driver_impl::run_compiler::{closure#0}::{closure#2}>
             at /home/adwin/Code/rust/rust/base/compiler/rustc_interface/src/passes.rs:1026:5
  42: rustc_driver_impl::run_compiler::{closure#0}
             at /home/adwin/Code/rust/rust/base/compiler/rustc_driver_impl/src/lib.rs:306:22
  43: rustc_interface::interface::run_compiler::<(), rustc_driver_impl::run_compiler::{closure#0}>::{closure#1}::{closure#0}
             at /home/adwin/Code/rust/rust/base/compiler/rustc_interface/src/interface.rs:515:80
  44: <core::panic::unwind_safe::AssertUnwindSafe<rustc_interface::interface::run_compiler<(), rustc_driver_impl::run_compiler::{closure#0}>::{closure#1}::{closure#0}> as core::ops::function::FnOnce<()>>::call_once
             at /home/adwin/Code/rust/rust/base/library/core/src/panic/unwind_safe.rs:274:9
  45: std::panicking::catch_unwind::do_call::<core::panic::unwind_safe::AssertUnwindSafe<rustc_interface::interface::run_compiler<(), rustc_driver_impl::run_compiler::{closure#0}>::{closure#1}::{closure#0}>, ()>
             at /home/adwin/Code/rust/rust/base/library/std/src/panicking.rs:581:40
  46: std::panicking::catch_unwind::<(), core::panic::unwind_safe::AssertUnwindSafe<rustc_interface::interface::run_compiler<(), rustc_driver_impl::run_compiler::{closure#0}>::{closure#1}::{closure#0}>>
             at /home/adwin/Code/rust/rust/base/library/std/src/panicking.rs:544:19
  47: std::panic::catch_unwind::<core::panic::unwind_safe::AssertUnwindSafe<rustc_interface::interface::run_compiler<(), rustc_driver_impl::run_compiler::{closure#0}>::{closure#1}::{closure#0}>, ()>
             at /home/adwin/Code/rust/rust/base/library/std/src/panic.rs:359:14
  48: rustc_interface::interface::run_compiler::<(), rustc_driver_impl::run_compiler::{closure#0}>::{closure#1}
             at /home/adwin/Code/rust/rust/base/compiler/rustc_interface/src/interface.rs:515:23
  49: rustc_interface::util::run_in_thread_pool_with_globals::<rustc_interface::interface::run_compiler<(), rustc_driver_impl::run_compiler::{closure#0}>::{closure#1}, ()>::{closure#0}
             at /home/adwin/Code/rust/rust/base/compiler/rustc_interface/src/util.rs:204:17
  50: rustc_interface::util::run_in_thread_with_globals::<rustc_interface::util::run_in_thread_pool_with_globals<rustc_interface::interface::run_compiler<(), rustc_driver_impl::run_compiler::{closure#0}>::{closure#1}, ()>::{closure#0}, ()>::{closure#0}::{closure#0}::{closure#0}
             at /home/adwin/Code/rust/rust/base/compiler/rustc_interface/src/util.rs:158:24
  51: <scoped_tls::ScopedKey<rustc_span::SessionGlobals>>::set::<rustc_interface::util::run_in_thread_with_globals<rustc_interface::util::run_in_thread_pool_with_globals<rustc_interface::interface::run_compiler<(), rustc_driver_impl::run_compiler::{closure#0}>::{closure#1}, ()>::{closure#0}, ()>::{closure#0}::{closure#0}::{closure#0}, ()>
             at /home/adwin/.cargo/registry/src/mirrors.tuna.tsinghua.edu.cn-4dc01642fd091eda/scoped-tls-1.0.1/src/lib.rs:137:9
  52: rustc_span::create_session_globals_then::<(), rustc_interface::util::run_in_thread_with_globals<rustc_interface::util::run_in_thread_pool_with_globals<rustc_interface::interface::run_compiler<(), rustc_driver_impl::run_compiler::{closure#0}>::{closure#1}, ()>::{closure#0}, ()>::{closure#0}::{closure#0}::{closure#0}>
             at /home/adwin/Code/rust/rust/base/compiler/rustc_span/src/lib.rs:142:21
  53: rustc_interface::util::run_in_thread_with_globals::<rustc_interface::util::run_in_thread_pool_with_globals<rustc_interface::interface::run_compiler<(), rustc_driver_impl::run_compiler::{closure#0}>::{closure#1}, ()>::{closure#0}, ()>::{closure#0}::{closure#0}
             at /home/adwin/Code/rust/rust/base/compiler/rustc_interface/src/util.rs:154:17
note: Some details are omitted, run with `RUST_BACKTRACE=full` for a verbose backtrace.

note: we would appreciate a bug report: https://github.com/rust-lang/rust/issues/new?labels=C-bug%2C+I-ICE%2C+T-compiler&template=ice.md

note: please make sure that you have updated to the latest nightly

note: please attach the file at `/home/adwin/.cargo/registry/src/mirrors.tuna.tsinghua.edu.cn-4dc01642fd091eda/polars-core-0.40.0/rustc-ice-2026-02-18T08_18_19-944588.txt` to your bug report

note: rustc 1.95.0-dev running on x86_64-unknown-linux-gnu

note: compiler flags: --crate-type lib -C embed-bitcode=no -C strip=debuginfo -Z next-solver

note: some of the compiler flags provided by cargo are hidden

query stack during panic:
#0 [effective_visibilities] checking effective visibilities
#1 [analysis] running analysis passes on crate `polars_core`
end of query stack
error: could not compile `polars-core` (lib)

Caused by:
  process didn't exit successfully: `/home/adwin/.rustup/toolchains/next-solver-globally-cherry-picked/bin/rustc --crate-name polars_core --edition=2021 /home/adwin/.cargo/registry/src/mirrors.tuna.tsinghua.edu.cn-4dc01642fd091eda/polars-core-0.40.0/src/lib.rs --error-format=json --json=diagnostic-rendered-ansi,artifacts,future-incompat --crate-type lib --emit=dep-info,metadata -C embed-bitcode=no --cfg 'feature="algorithm_group_by"' --cfg 'feature="chrono"' --cfg 'feature="comfy-table"' --cfg 'feature="docs"' --cfg 'feature="dtype-date"' --cfg 'feature="dtype-datetime"' --cfg 'feature="dtype-duration"' --cfg 'feature="dtype-i16"' --cfg 'feature="dtype-i8"' --cfg 'feature="dtype-time"' --cfg 'feature="dtype-u16"' --cfg 'feature="dtype-u8"' --cfg 'feature="fmt"' --cfg 'feature="lazy"' --cfg 'feature="rand"' --cfg 'feature="rand_distr"' --cfg 'feature="random"' --cfg 'feature="regex"' --cfg 'feature="rows"' --cfg 'feature="temporal"' --cfg 'feature="zip_with"' --check-cfg 'cfg(docsrs,test)' --check-cfg 'cfg(feature, values("algorithm_group_by", "arrow-array", "arrow_rs", "avx512", "bigidx", "checked_arithmetic", "chrono", "chrono-tz", "comfy-table", "dataframe_arithmetic", "default", "describe", "diagonal_concat", "docs", "docs-selection", "dot_product", "dtype-array", "dtype-categorical", "dtype-date", "dtype-datetime", "dtype-decimal", "dtype-duration", "dtype-i16", "dtype-i8", "dtype-struct", "dtype-time", "dtype-u16", "dtype-u8", "dynamic_group_by", "fmt", "fmt_no_tty", "group_by_list", "is_first_distinct", "is_last_distinct", "lazy", "ndarray", "nightly", "object", "partition_by", "performant", "product", "python", "rand", "rand_distr", "random", "regex", "reinterpret", "rolling_window", "rolling_window_by", "round_series", "row_hash", "rows", "serde", "serde-lazy", "serde_json", "simd", "strings", "take_opt_iter", "temporal", "timezones", "unique_counts", "zip_with"))' -C metadata=253ac715b5ea6fc4 -C extra-filename=-e2a9e78f34f927e6 --out-dir /tmp/nix-shell.AaBijX/IamKplayzz_am4_ltqp37t9/target/debug/deps -C strip=debuginfo -L dependency=/tmp/nix-shell.AaBijX/IamKplayzz_am4_ltqp37t9/target/debug/deps --extern ahash=/tmp/nix-shell.AaBijX/IamKplayzz_am4_ltqp37t9/target/debug/deps/libahash-19ba6fedf561b637.rmeta --extern bitflags=/tmp/nix-shell.AaBijX/IamKplayzz_am4_ltqp37t9/target/debug/deps/libbitflags-3348a33004311545.rmeta --extern bytemuck=/tmp/nix-shell.AaBijX/IamKplayzz_am4_ltqp37t9/target/debug/deps/libbytemuck-f9a5205b58224abc.rmeta --extern chrono=/tmp/nix-shell.AaBijX/IamKplayzz_am4_ltqp37t9/target/debug/deps/libchrono-595a8e47503aefe3.rmeta --extern comfy_table=/tmp/nix-shell.AaBijX/IamKplayzz_am4_ltqp37t9/target/debug/deps/libcomfy_table-07f763df36357271.rmeta --extern either=/tmp/nix-shell.AaBijX/IamKplayzz_am4_ltqp37t9/target/debug/deps/libeither-53e2aae75adbb3cc.rmeta --extern hashbrown=/tmp/nix-shell.AaBijX/IamKplayzz_am4_ltqp37t9/target/debug/deps/libhashbrown-68c111b7be5d21ca.rmeta --extern indexmap=/tmp/nix-shell.AaBijX/IamKplayzz_am4_ltqp37t9/target/debug/deps/libindexmap-238c6ef608514541.rmeta --extern num_traits=/tmp/nix-shell.AaBijX/IamKplayzz_am4_ltqp37t9/target/debug/deps/libnum_traits-2f0334ef3d1b4838.rmeta --extern once_cell=/tmp/nix-shell.AaBijX/IamKplayzz_am4_ltqp37t9/target/debug/deps/libonce_cell-ab49c102b1d44dc0.rmeta --extern arrow=/tmp/nix-shell.AaBijX/IamKplayzz_am4_ltqp37t9/target/debug/deps/libpolars_arrow-f33800a1ce48a44f.rmeta --extern polars_compute=/tmp/nix-shell.AaBijX/IamKplayzz_am4_ltqp37t9/target/debug/deps/libpolars_compute-6a21f3a48191b9b4.rmeta --extern polars_error=/tmp/nix-shell.AaBijX/IamKplayzz_am4_ltqp37t9/target/debug/deps/libpolars_error-baaf032d8b019c69.rmeta --extern polars_row=/tmp/nix-shell.AaBijX/IamKplayzz_am4_ltqp37t9/target/debug/deps/libpolars_row-c42bc40942f25426.rmeta --extern polars_utils=/tmp/nix-shell.AaBijX/IamKplayzz_am4_ltqp37t9/target/debug/deps/libpolars_utils-a9e17aab29285601.rmeta --extern rand=/tmp/nix-shell.AaBijX/IamKplayzz_am4_ltqp37t9/target/debug/deps/librand-632e3910af467fc8.rmeta --extern rand_distr=/tmp/nix-shell.AaBijX/IamKplayzz_am4_ltqp37t9/target/debug/deps/librand_distr-ecc57a54f3e3ef7e.rmeta --extern rayon=/tmp/nix-shell.AaBijX/IamKplayzz_am4_ltqp37t9/target/debug/deps/librayon-390a60170351ca5e.rmeta --extern regex=/tmp/nix-shell.AaBijX/IamKplayzz_am4_ltqp37t9/target/debug/deps/libregex-55f197d1d400b28d.rmeta --extern smartstring=/tmp/nix-shell.AaBijX/IamKplayzz_am4_ltqp37t9/target/debug/deps/libsmartstring-93386d3db0f706d5.rmeta --extern thiserror=/tmp/nix-shell.AaBijX/IamKplayzz_am4_ltqp37t9/target/debug/deps/libthiserror-61f0da027a3c0609.rmeta --extern xxhash_rust=/tmp/nix-shell.AaBijX/IamKplayzz_am4_ltqp37t9/target/debug/deps/libxxhash_rust-505e6bbc32215894.rmeta --cap-lints allow -Znext-solver -L native=/tmp/nix-shell.AaBijX/IamKplayzz_am4_ltqp37t9/target/debug/build/psm-ec1da19b86ff44a7/out` (exit status: 101)
warning: build failed, waiting for other jobs to finish...
error[E0275]: overflow evaluating the requirement `<&'a str as AddAnyAttr>::Output<NewAttr> == _`
  --> /home/adwin/.cargo/registry/src/mirrors.tuna.tsinghua.edu.cn-4dc01642fd091eda/tachys-0.1.4/src/view/add_attr.rs:32:13
   |
32 | /             fn add_any_attr<NewAttr: $crate::html::attribute::Attribute>(
33 | |                 self,
34 | |                 _attr: NewAttr,
35 | |             ) -> Self::Output<NewAttr> {
   | |______________________________________^
   |
  ::: /home/adwin/.cargo/registry/src/mirrors.tuna.tsinghua.edu.cn-4dc01642fd091eda/tachys-0.1.4/src/view/strings.rs:11:1
   |
11 |   no_attrs!(&'a str);
   |   ------------------ in this macro invocation
   |
   = note: this error originates in the macro `no_attrs` (in Nightly builds, run with -Z macro-backtrace for more info)

error[E0275]: overflow evaluating the requirement `<Cow<'a, str> as AddAnyAttr>::Output<NewAttr> == _`
  --> /home/adwin/.cargo/registry/src/mirrors.tuna.tsinghua.edu.cn-4dc01642fd091eda/tachys-0.1.4/src/view/add_attr.rs:32:13
   |
32 | /             fn add_any_attr<NewAttr: $crate::html::attribute::Attribute>(
33 | |                 self,
34 | |                 _attr: NewAttr,
35 | |             ) -> Self::Output<NewAttr> {
   | |______________________________________^
   |
  ::: /home/adwin/.cargo/registry/src/mirrors.tuna.tsinghua.edu.cn-4dc01642fd091eda/tachys-0.1.4/src/view/strings.rs:14:1
   |
14 |   no_attrs!(Cow<'a, str>);
   |   ----------------------- in this macro invocation
   |
   = note: this error originates in the macro `no_attrs` (in Nightly builds, run with -Z macro-backtrace for more info)

error[E0275]: overflow evaluating the requirement `<ViewTemplate<V> as AddAnyAttr>::Output<NewAttr> == _`
  --> /home/adwin/.cargo/registry/src/mirrors.tuna.tsinghua.edu.cn-4dc01642fd091eda/tachys-0.1.4/src/view/template.rs:58:5
   |
58 | /     fn add_any_attr<NewAttr: Attribute>(
59 | |         self,
60 | |         _attr: NewAttr,
61 | |     ) -> Self::Output<NewAttr>
62 | |     where
63 | |         Self::Output<NewAttr>: RenderHtml,
   | |__________________________________________^

error[E0275]: overflow evaluating the requirement `<ViewTemplate<V> as AddAnyAttr>::Output<NewAttr>: RenderHtml`
  --> /home/adwin/.cargo/registry/src/mirrors.tuna.tsinghua.edu.cn-4dc01642fd091eda/tachys-0.1.4/src/view/template.rs:63:32
   |
63 |         Self::Output<NewAttr>: RenderHtml,
   |                                ^^^^^^^^^^
   |
note: the requirement `<ViewTemplate<V> as AddAnyAttr>::Output<NewAttr>: RenderHtml` appears on the `impl`'s method `add_any_attr` but not on the corresponding trait's method
  --> /home/adwin/.cargo/registry/src/mirrors.tuna.tsinghua.edu.cn-4dc01642fd091eda/tachys-0.1.4/src/view/add_attr.rs:16:8
   |
11 | pub trait AddAnyAttr {
   |           ---------- in this trait
...
16 |     fn add_any_attr<NewAttr: Attribute>(
   |        ^^^^^^^^^^^^ this trait's method doesn't have the requirement `<ViewTemplate<V> as AddAnyAttr>::Output<NewAttr>: RenderHtml`

error[E0275]: overflow evaluating the requirement `<RwSignal<V, S> as AddAnyAttr>::Output<NewAttr> == _`
   --> /home/adwin/.cargo/registry/src/mirrors.tuna.tsinghua.edu.cn-4dc01642fd091eda/tachys-0.1.4/src/reactive_graph/mod.rs:724:17
    |
724 | /                 fn add_any_attr<NewAttr: Attribute>(
725 | |                     self,
726 | |                     _attr: NewAttr,
727 | |                 ) -> Self::Output<NewAttr>
728 | |                 where
729 | |                     Self::Output<NewAttr>: RenderHtml,
    | |______________________________________________________^
...
863 |       signal_impl_arena!(RwSignal false);
    |       ---------------------------------- in this macro invocation
    |
    = note: this error originates in the macro `signal_impl_arena` (in Nightly builds, run with -Z macro-backtrace for more info)

error[E0275]: overflow evaluating the requirement `<RwSignal<V, S> as AddAnyAttr>::Output<NewAttr>: RenderHtml`
   --> /home/adwin/.cargo/registry/src/mirrors.tuna.tsinghua.edu.cn-4dc01642fd091eda/tachys-0.1.4/src/reactive_graph/mod.rs:729:44
    |
729 |                     Self::Output<NewAttr>: RenderHtml,
    |                                            ^^^^^^^^^^
...
863 |     signal_impl_arena!(RwSignal false);
    |     ---------------------------------- in this macro invocation
    |
note: the requirement `<RwSignal<V, S> as AddAnyAttr>::Output<NewAttr>: RenderHtml` appears on the `impl`'s method `add_any_attr` but not on the corresponding trait's method
   --> /home/adwin/.cargo/registry/src/mirrors.tuna.tsinghua.edu.cn-4dc01642fd091eda/tachys-0.1.4/src/view/add_attr.rs:16:8
    |
 11 | pub trait AddAnyAttr {
    |           ---------- in this trait
...
 16 |     fn add_any_attr<NewAttr: Attribute>(
    |        ^^^^^^^^^^^^ this trait's method doesn't have the requirement `<RwSignal<V, S> as AddAnyAttr>::Output<NewAttr>: RenderHtml`
    = note: this error originates in the macro `signal_impl_arena` (in Nightly builds, run with -Z macro-backtrace for more info)

error[E0275]: overflow evaluating the requirement `<reactive_graph::signal::ReadSignal<V, S> as AddAnyAttr>::Output<NewAttr> == _`
   --> /home/adwin/.cargo/registry/src/mirrors.tuna.tsinghua.edu.cn-4dc01642fd091eda/tachys-0.1.4/src/reactive_graph/mod.rs:724:17
    |
724 | /                 fn add_any_attr<NewAttr: Attribute>(
725 | |                     self,
726 | |                     _attr: NewAttr,
727 | |                 ) -> Self::Output<NewAttr>
728 | |                 where
729 | |                     Self::Output<NewAttr>: RenderHtml,
    | |______________________________________________________^
...
864 |       signal_impl_arena!(ReadSignal false);
    |       ------------------------------------ in this macro invocation
    |
    = note: this error originates in the macro `signal_impl_arena` (in Nightly builds, run with -Z macro-backtrace for more info)

error[E0275]: overflow evaluating the requirement `<reactive_graph::signal::ReadSignal<V, S> as AddAnyAttr>::Output<NewAttr>: RenderHtml`
   --> /home/adwin/.cargo/registry/src/mirrors.tuna.tsinghua.edu.cn-4dc01642fd091eda/tachys-0.1.4/src/reactive_graph/mod.rs:729:44
    |
729 |                     Self::Output<NewAttr>: RenderHtml,
    |                                            ^^^^^^^^^^
...
864 |     signal_impl_arena!(ReadSignal false);
    |     ------------------------------------ in this macro invocation
    |
note: the requirement `<reactive_graph::signal::ReadSignal<V, S> as AddAnyAttr>::Output<NewAttr>: RenderHtml` appears on the `impl`'s method `add_any_attr` but not on the corresponding trait's method
   --> /home/adwin/.cargo/registry/src/mirrors.tuna.tsinghua.edu.cn-4dc01642fd091eda/tachys-0.1.4/src/view/add_attr.rs:16:8
    |
 11 | pub trait AddAnyAttr {
    |           ---------- in this trait
...
 16 |     fn add_any_attr<NewAttr: Attribute>(
    |        ^^^^^^^^^^^^ this trait's method doesn't have the requirement `<reactive_graph::signal::ReadSignal<V, S> as AddAnyAttr>::Output<NewAttr>: RenderHtml`
    = note: this error originates in the macro `signal_impl_arena` (in Nightly builds, run with -Z macro-backtrace for more info)

error[E0275]: overflow evaluating the requirement `<reactive_graph::computed::Memo<V, S> as AddAnyAttr>::Output<NewAttr> == _`
   --> /home/adwin/.cargo/registry/src/mirrors.tuna.tsinghua.edu.cn-4dc01642fd091eda/tachys-0.1.4/src/reactive_graph/mod.rs:724:17
    |
724 | /                 fn add_any_attr<NewAttr: Attribute>(
725 | |                     self,
726 | |                     _attr: NewAttr,
727 | |                 ) -> Self::Output<NewAttr>
728 | |                 where
729 | |                     Self::Output<NewAttr>: RenderHtml,
    | |______________________________________________________^
...
865 |       signal_impl_arena!(Memo true);
    |       ----------------------------- in this macro invocation
    |
    = note: this error originates in the macro `signal_impl_arena` (in Nightly builds, run with -Z macro-backtrace for more info)

error[E0275]: overflow evaluating the requirement `<reactive_graph::computed::Memo<V, S> as AddAnyAttr>::Output<NewAttr>: RenderHtml`
   --> /home/adwin/.cargo/registry/src/mirrors.tuna.tsinghua.edu.cn-4dc01642fd091eda/tachys-0.1.4/src/reactive_graph/mod.rs:729:44
    |
729 |                     Self::Output<NewAttr>: RenderHtml,
    |                                            ^^^^^^^^^^
...
865 |     signal_impl_arena!(Memo true);
    |     ----------------------------- in this macro invocation
    |
note: the requirement `<reactive_graph::computed::Memo<V, S> as AddAnyAttr>::Output<NewAttr>: RenderHtml` appears on the `impl`'s method `add_any_attr` but not on the corresponding trait's method
   --> /home/adwin/.cargo/registry/src/mirrors.tuna.tsinghua.edu.cn-4dc01642fd091eda/tachys-0.1.4/src/view/add_attr.rs:16:8
    |
 11 | pub trait AddAnyAttr {
    |           ---------- in this trait
...
 16 |     fn add_any_attr<NewAttr: Attribute>(
    |        ^^^^^^^^^^^^ this trait's method doesn't have the requirement `<reactive_graph::computed::Memo<V, S> as AddAnyAttr>::Output<NewAttr>: RenderHtml`
    = note: this error originates in the macro `signal_impl_arena` (in Nightly builds, run with -Z macro-backtrace for more info)

error[E0275]: overflow evaluating the requirement `<Signal<V, S> as AddAnyAttr>::Output<NewAttr> == _`
   --> /home/adwin/.cargo/registry/src/mirrors.tuna.tsinghua.edu.cn-4dc01642fd091eda/tachys-0.1.4/src/reactive_graph/mod.rs:724:17
    |
724 | /                 fn add_any_attr<NewAttr: Attribute>(
725 | |                     self,
726 | |                     _attr: NewAttr,
727 | |                 ) -> Self::Output<NewAttr>
728 | |                 where
729 | |                     Self::Output<NewAttr>: RenderHtml,
    | |______________________________________________________^
...
866 |       signal_impl_arena!(Signal true);
    |       ------------------------------- in this macro invocation
    |
    = note: this error originates in the macro `signal_impl_arena` (in Nightly builds, run with -Z macro-backtrace for more info)

error[E0275]: overflow evaluating the requirement `<Signal<V, S> as AddAnyAttr>::Output<NewAttr>: RenderHtml`
   --> /home/adwin/.cargo/registry/src/mirrors.tuna.tsinghua.edu.cn-4dc01642fd091eda/tachys-0.1.4/src/reactive_graph/mod.rs:729:44
    |
729 |                     Self::Output<NewAttr>: RenderHtml,
    |                                            ^^^^^^^^^^
...
866 |     signal_impl_arena!(Signal true);
    |     ------------------------------- in this macro invocation
    |
note: the requirement `<Signal<V, S> as AddAnyAttr>::Output<NewAttr>: RenderHtml` appears on the `impl`'s method `add_any_attr` but not on the corresponding trait's method
   --> /home/adwin/.cargo/registry/src/mirrors.tuna.tsinghua.edu.cn-4dc01642fd091eda/tachys-0.1.4/src/view/add_attr.rs:16:8
    |
 11 | pub trait AddAnyAttr {
    |           ---------- in this trait
...
 16 |     fn add_any_attr<NewAttr: Attribute>(
    |        ^^^^^^^^^^^^ this trait's method doesn't have the requirement `<Signal<V, S> as AddAnyAttr>::Output<NewAttr>: RenderHtml`
    = note: this error originates in the macro `signal_impl_arena` (in Nightly builds, run with -Z macro-backtrace for more info)

error[E0275]: overflow evaluating the requirement `<MaybeSignal<V, S> as AddAnyAttr>::Output<NewAttr> == _`
   --> /home/adwin/.cargo/registry/src/mirrors.tuna.tsinghua.edu.cn-4dc01642fd091eda/tachys-0.1.4/src/reactive_graph/mod.rs:724:17
    |
724 | /                 fn add_any_attr<NewAttr: Attribute>(
725 | |                     self,
726 | |                     _attr: NewAttr,
727 | |                 ) -> Self::Output<NewAttr>
728 | |                 where
729 | |                     Self::Output<NewAttr>: RenderHtml,
    | |______________________________________________________^
...
867 |       signal_impl_arena!(MaybeSignal true);
    |       ------------------------------------ in this macro invocation
    |
    = note: this error originates in the macro `signal_impl_arena` (in Nightly builds, run with -Z macro-backtrace for more info)

error[E0275]: overflow evaluating the requirement `<MaybeSignal<V, S> as AddAnyAttr>::Output<NewAttr>: RenderHtml`
   --> /home/adwin/.cargo/registry/src/mirrors.tuna.tsinghua.edu.cn-4dc01642fd091eda/tachys-0.1.4/src/reactive_graph/mod.rs:729:44
    |
729 |                     Self::Output<NewAttr>: RenderHtml,
    |                                            ^^^^^^^^^^
...
867 |     signal_impl_arena!(MaybeSignal true);
    |     ------------------------------------ in this macro invocation
    |
note: the requirement `<MaybeSignal<V, S> as AddAnyAttr>::Output<NewAttr>: RenderHtml` appears on the `impl`'s method `add_any_attr` but not on the corresponding trait's method
   --> /home/adwin/.cargo/registry/src/mirrors.tuna.tsinghua.edu.cn-4dc01642fd091eda/tachys-0.1.4/src/view/add_attr.rs:16:8
    |
 11 | pub trait AddAnyAttr {
    |           ---------- in this trait
...
 16 |     fn add_any_attr<NewAttr: Attribute>(
    |        ^^^^^^^^^^^^ this trait's method doesn't have the requirement `<MaybeSignal<V, S> as AddAnyAttr>::Output<NewAttr>: RenderHtml`
    = note: this error originates in the macro `signal_impl_arena` (in Nightly builds, run with -Z macro-backtrace for more info)

error[E0275]: overflow evaluating the requirement `<ArcRwSignal<V> as AddAnyAttr>::Output<NewAttr> == _`
   --> /home/adwin/.cargo/registry/src/mirrors.tuna.tsinghua.edu.cn-4dc01642fd091eda/tachys-0.1.4/src/reactive_graph/mod.rs:553:17
    |
553 | /                 fn add_any_attr<NewAttr: Attribute>(
554 | |                     self,
555 | |                     _attr: NewAttr,
556 | |                 ) -> Self::Output<NewAttr>
557 | |                 where
558 | |                     Self::Output<NewAttr>: RenderHtml,
    | |______________________________________________________^
...
868 |       signal_impl!(ArcRwSignal false);
    |       ------------------------------- in this macro invocation
    |
    = note: this error originates in the macro `signal_impl` (in Nightly builds, run with -Z macro-backtrace for more info)

error[E0275]: overflow evaluating the requirement `<ArcRwSignal<V> as AddAnyAttr>::Output<NewAttr>: RenderHtml`
   --> /home/adwin/.cargo/registry/src/mirrors.tuna.tsinghua.edu.cn-4dc01642fd091eda/tachys-0.1.4/src/reactive_graph/mod.rs:558:44
    |
558 |                     Self::Output<NewAttr>: RenderHtml,
    |                                            ^^^^^^^^^^
...
868 |     signal_impl!(ArcRwSignal false);
    |     ------------------------------- in this macro invocation
    |
note: the requirement `<ArcRwSignal<V> as AddAnyAttr>::Output<NewAttr>: RenderHtml` appears on the `impl`'s method `add_any_attr` but not on the corresponding trait's method
   --> /home/adwin/.cargo/registry/src/mirrors.tuna.tsinghua.edu.cn-4dc01642fd091eda/tachys-0.1.4/src/view/add_attr.rs:16:8
    |
 11 | pub trait AddAnyAttr {
    |           ---------- in this trait
...
 16 |     fn add_any_attr<NewAttr: Attribute>(
    |        ^^^^^^^^^^^^ this trait's method doesn't have the requirement `<ArcRwSignal<V> as AddAnyAttr>::Output<NewAttr>: RenderHtml`
    = note: this error originates in the macro `signal_impl` (in Nightly builds, run with -Z macro-backtrace for more info)

error[E0275]: overflow evaluating the requirement `<ArcReadSignal<V> as AddAnyAttr>::Output<NewAttr> == _`
   --> /home/adwin/.cargo/registry/src/mirrors.tuna.tsinghua.edu.cn-4dc01642fd091eda/tachys-0.1.4/src/reactive_graph/mod.rs:553:17
    |
553 | /                 fn add_any_attr<NewAttr: Attribute>(
554 | |                     self,
555 | |                     _attr: NewAttr,
556 | |                 ) -> Self::Output<NewAttr>
557 | |                 where
558 | |                     Self::Output<NewAttr>: RenderHtml,
    | |______________________________________________________^
...
869 |       signal_impl!(ArcReadSignal false);
    |       --------------------------------- in this macro invocation
    |
    = note: this error originates in the macro `signal_impl` (in Nightly builds, run with -Z macro-backtrace for more info)

error[E0275]: overflow evaluating the requirement `<ArcReadSignal<V> as AddAnyAttr>::Output<NewAttr>: RenderHtml`
   --> /home/adwin/.cargo/registry/src/mirrors.tuna.tsinghua.edu.cn-4dc01642fd091eda/tachys-0.1.4/src/reactive_graph/mod.rs:558:44
    |
558 |                     Self::Output<NewAttr>: RenderHtml,
    |                                            ^^^^^^^^^^
...
869 |     signal_impl!(ArcReadSignal false);
    |     --------------------------------- in this macro invocation
    |
note: the requirement `<ArcReadSignal<V> as AddAnyAttr>::Output<NewAttr>: RenderHtml` appears on the `impl`'s method `add_any_attr` but not on the corresponding trait's method
   --> /home/adwin/.cargo/registry/src/mirrors.tuna.tsinghua.edu.cn-4dc01642fd091eda/tachys-0.1.4/src/view/add_attr.rs:16:8
    |
 11 | pub trait AddAnyAttr {
    |           ---------- in this trait
...
 16 |     fn add_any_attr<NewAttr: Attribute>(
    |        ^^^^^^^^^^^^ this trait's method doesn't have the requirement `<ArcReadSignal<V> as AddAnyAttr>::Output<NewAttr>: RenderHtml`
    = note: this error originates in the macro `signal_impl` (in Nightly builds, run with -Z macro-backtrace for more info)

error[E0275]: overflow evaluating the requirement `<ArcMemo<V> as AddAnyAttr>::Output<NewAttr> == _`
   --> /home/adwin/.cargo/registry/src/mirrors.tuna.tsinghua.edu.cn-4dc01642fd091eda/tachys-0.1.4/src/reactive_graph/mod.rs:553:17
    |
553 | /                 fn add_any_attr<NewAttr: Attribute>(
554 | |                     self,
555 | |                     _attr: NewAttr,
556 | |                 ) -> Self::Output<NewAttr>
557 | |                 where
558 | |                     Self::Output<NewAttr>: RenderHtml,
    | |______________________________________________________^
...
870 |       signal_impl!(ArcMemo false);
    |       --------------------------- in this macro invocation
    |
    = note: this error originates in the macro `signal_impl` (in Nightly builds, run with -Z macro-backtrace for more info)

error[E0275]: overflow evaluating the requirement `<ArcMemo<V> as AddAnyAttr>::Output<NewAttr>: RenderHtml`
   --> /home/adwin/.cargo/registry/src/mirrors.tuna.tsinghua.edu.cn-4dc01642fd091eda/tachys-0.1.4/src/reactive_graph/mod.rs:558:44
    |
558 |                     Self::Output<NewAttr>: RenderHtml,
    |                                            ^^^^^^^^^^
...
870 |     signal_impl!(ArcMemo false);
    |     --------------------------- in this macro invocation
    |
note: the requirement `<ArcMemo<V> as AddAnyAttr>::Output<NewAttr>: RenderHtml` appears on the `impl`'s method `add_any_attr` but not on the corresponding trait's method
   --> /home/adwin/.cargo/registry/src/mirrors.tuna.tsinghua.edu.cn-4dc01642fd091eda/tachys-0.1.4/src/view/add_attr.rs:16:8
    |
 11 | pub trait AddAnyAttr {
    |           ---------- in this trait
...
 16 |     fn add_any_attr<NewAttr: Attribute>(
    |        ^^^^^^^^^^^^ this trait's method doesn't have the requirement `<ArcMemo<V> as AddAnyAttr>::Output<NewAttr>: RenderHtml`
    = note: this error originates in the macro `signal_impl` (in Nightly builds, run with -Z macro-backtrace for more info)

error[E0275]: overflow evaluating the requirement `<ArcSignal<V> as AddAnyAttr>::Output<NewAttr> == _`
   --> /home/adwin/.cargo/registry/src/mirrors.tuna.tsinghua.edu.cn-4dc01642fd091eda/tachys-0.1.4/src/reactive_graph/mod.rs:553:17
    |
553 | /                 fn add_any_attr<NewAttr: Attribute>(
554 | |                     self,
555 | |                     _attr: NewAttr,
556 | |                 ) -> Self::Output<NewAttr>
557 | |                 where
558 | |                     Self::Output<NewAttr>: RenderHtml,
    | |______________________________________________________^
...
871 |       signal_impl!(ArcSignal true);
    |       ---------------------------- in this macro invocation
    |
    = note: this error originates in the macro `signal_impl` (in Nightly builds, run with -Z macro-backtrace for more info)

error[E0275]: overflow evaluating the requirement `<ArcSignal<V> as AddAnyAttr>::Output<NewAttr>: RenderHtml`
   --> /home/adwin/.cargo/registry/src/mirrors.tuna.tsinghua.edu.cn-4dc01642fd091eda/tachys-0.1.4/src/reactive_graph/mod.rs:558:44
    |
558 |                     Self::Output<NewAttr>: RenderHtml,
    |                                            ^^^^^^^^^^
...
871 |     signal_impl!(ArcSignal true);
    |     ---------------------------- in this macro invocation
    |
note: the requirement `<ArcSignal<V> as AddAnyAttr>::Output<NewAttr>: RenderHtml` appears on the `impl`'s method `add_any_attr` but not on the corresponding trait's method
   --> /home/adwin/.cargo/registry/src/mirrors.tuna.tsinghua.edu.cn-4dc01642fd091eda/tachys-0.1.4/src/view/add_attr.rs:16:8
    |
 11 | pub trait AddAnyAttr {
    |           ---------- in this trait
...
 16 |     fn add_any_attr<NewAttr: Attribute>(
    |        ^^^^^^^^^^^^ this trait's method doesn't have the requirement `<ArcSignal<V> as AddAnyAttr>::Output<NewAttr>: RenderHtml`
    = note: this error originates in the macro `signal_impl` (in Nightly builds, run with -Z macro-backtrace for more info)

error[E0275]: overflow evaluating the requirement `<ViewTemplate<V> as AddAnyAttr>::Output<NewAttr> == _`
  --> /home/adwin/.cargo/registry/src/mirrors.tuna.tsinghua.edu.cn-4dc01642fd091eda/tachys-0.1.4/src/view/template.rs:61:10
   |
61 |     ) -> Self::Output<NewAttr>
   |          ^^^^^^^^^^^^^^^^^^^^^

error[E0275]: overflow evaluating the requirement `<ViewTemplate<V> as AddAnyAttr>::Output<NewAttr>: RenderHtml`
  --> /home/adwin/.cargo/registry/src/mirrors.tuna.tsinghua.edu.cn-4dc01642fd091eda/tachys-0.1.4/src/view/template.rs:63:32
   |
63 |         Self::Output<NewAttr>: RenderHtml,
   |                                ^^^^^^^^^^

error[E0275]: overflow evaluating the requirement `<ViewTemplate<V> as AddAnyAttr>::Output<NewAttr>: Sized`
  --> /home/adwin/.cargo/registry/src/mirrors.tuna.tsinghua.edu.cn-4dc01642fd091eda/tachys-0.1.4/src/view/template.rs:61:10
   |
61 |     ) -> Self::Output<NewAttr>
   |          ^^^^^^^^^^^^^^^^^^^^^
   |
   = note: the return type of a function must have a statically known size

error[E0275]: overflow evaluating the requirement `<RwSignal<V, S> as AddAnyAttr>::Output<NewAttr> == _`
   --> /home/adwin/.cargo/registry/src/mirrors.tuna.tsinghua.edu.cn-4dc01642fd091eda/tachys-0.1.4/src/reactive_graph/mod.rs:727:22
    |
727 |                 ) -> Self::Output<NewAttr>
    |                      ^^^^^^^^^^^^^^^^^^^^^
...
863 |     signal_impl_arena!(RwSignal false);
    |     ---------------------------------- in this macro invocation
    |
    = note: this error originates in the macro `signal_impl_arena` (in Nightly builds, run with -Z macro-backtrace for more info)

error[E0275]: overflow evaluating the requirement `<RwSignal<V, S> as AddAnyAttr>::Output<NewAttr>: RenderHtml`
   --> /home/adwin/.cargo/registry/src/mirrors.tuna.tsinghua.edu.cn-4dc01642fd091eda/tachys-0.1.4/src/reactive_graph/mod.rs:729:44
    |
729 |                     Self::Output<NewAttr>: RenderHtml,
    |                                            ^^^^^^^^^^
...
863 |     signal_impl_arena!(RwSignal false);
    |     ---------------------------------- in this macro invocation
    |
    = note: this error originates in the macro `signal_impl_arena` (in Nightly builds, run with -Z macro-backtrace for more info)

error[E0275]: overflow evaluating the requirement `<RwSignal<V, S> as AddAnyAttr>::Output<NewAttr>: Sized`
   --> /home/adwin/.cargo/registry/src/mirrors.tuna.tsinghua.edu.cn-4dc01642fd091eda/tachys-0.1.4/src/reactive_graph/mod.rs:727:22
    |
727 |                 ) -> Self::Output<NewAttr>
    |                      ^^^^^^^^^^^^^^^^^^^^^
...
863 |     signal_impl_arena!(RwSignal false);
    |     ---------------------------------- in this macro invocation
    |
    = note: the return type of a function must have a statically known size
    = note: this error originates in the macro `signal_impl_arena` (in Nightly builds, run with -Z macro-backtrace for more info)

error[E0275]: overflow evaluating the requirement `<reactive_graph::signal::ReadSignal<V, S> as AddAnyAttr>::Output<NewAttr> == _`
   --> /home/adwin/.cargo/registry/src/mirrors.tuna.tsinghua.edu.cn-4dc01642fd091eda/tachys-0.1.4/src/reactive_graph/mod.rs:727:22
    |
727 |                 ) -> Self::Output<NewAttr>
    |                      ^^^^^^^^^^^^^^^^^^^^^
...
864 |     signal_impl_arena!(ReadSignal false);
    |     ------------------------------------ in this macro invocation
    |
    = note: this error originates in the macro `signal_impl_arena` (in Nightly builds, run with -Z macro-backtrace for more info)

error[E0275]: overflow evaluating the requirement `<reactive_graph::signal::ReadSignal<V, S> as AddAnyAttr>::Output<NewAttr>: RenderHtml`
   --> /home/adwin/.cargo/registry/src/mirrors.tuna.tsinghua.edu.cn-4dc01642fd091eda/tachys-0.1.4/src/reactive_graph/mod.rs:729:44
    |
729 |                     Self::Output<NewAttr>: RenderHtml,
    |                                            ^^^^^^^^^^
...
864 |     signal_impl_arena!(ReadSignal false);
    |     ------------------------------------ in this macro invocation
    |
    = note: this error originates in the macro `signal_impl_arena` (in Nightly builds, run with -Z macro-backtrace for more info)

error[E0275]: overflow evaluating the requirement `<reactive_graph::signal::ReadSignal<V, S> as AddAnyAttr>::Output<NewAttr>: Sized`
   --> /home/adwin/.cargo/registry/src/mirrors.tuna.tsinghua.edu.cn-4dc01642fd091eda/tachys-0.1.4/src/reactive_graph/mod.rs:727:22
    |
727 |                 ) -> Self::Output<NewAttr>
    |                      ^^^^^^^^^^^^^^^^^^^^^
...
864 |     signal_impl_arena!(ReadSignal false);
    |     ------------------------------------ in this macro invocation
    |
    = note: the return type of a function must have a statically known size
    = note: this error originates in the macro `signal_impl_arena` (in Nightly builds, run with -Z macro-backtrace for more info)

error[E0275]: overflow evaluating the requirement `<reactive_graph::computed::Memo<V, S> as AddAnyAttr>::Output<NewAttr> == _`
   --> /home/adwin/.cargo/registry/src/mirrors.tuna.tsinghua.edu.cn-4dc01642fd091eda/tachys-0.1.4/src/reactive_graph/mod.rs:727:22
    |
727 |                 ) -> Self::Output<NewAttr>
    |                      ^^^^^^^^^^^^^^^^^^^^^
...
865 |     signal_impl_arena!(Memo true);
    |     ----------------------------- in this macro invocation
    |
    = note: this error originates in the macro `signal_impl_arena` (in Nightly builds, run with -Z macro-backtrace for more info)

error[E0275]: overflow evaluating the requirement `<reactive_graph::computed::Memo<V, S> as AddAnyAttr>::Output<NewAttr>: RenderHtml`
   --> /home/adwin/.cargo/registry/src/mirrors.tuna.tsinghua.edu.cn-4dc01642fd091eda/tachys-0.1.4/src/reactive_graph/mod.rs:729:44
    |
729 |                     Self::Output<NewAttr>: RenderHtml,
    |                                            ^^^^^^^^^^
...
865 |     signal_impl_arena!(Memo true);
    |     ----------------------------- in this macro invocation
    |
    = note: this error originates in the macro `signal_impl_arena` (in Nightly builds, run with -Z macro-backtrace for more info)

error[E0275]: overflow evaluating the requirement `<reactive_graph::computed::Memo<V, S> as AddAnyAttr>::Output<NewAttr>: Sized`
   --> /home/adwin/.cargo/registry/src/mirrors.tuna.tsinghua.edu.cn-4dc01642fd091eda/tachys-0.1.4/src/reactive_graph/mod.rs:727:22
    |
727 |                 ) -> Self::Output<NewAttr>
    |                      ^^^^^^^^^^^^^^^^^^^^^
...
865 |     signal_impl_arena!(Memo true);
    |     ----------------------------- in this macro invocation
    |
    = note: the return type of a function must have a statically known size
    = note: this error originates in the macro `signal_impl_arena` (in Nightly builds, run with -Z macro-backtrace for more info)

error[E0275]: overflow evaluating the requirement `<Signal<V, S> as AddAnyAttr>::Output<NewAttr> == _`
   --> /home/adwin/.cargo/registry/src/mirrors.tuna.tsinghua.edu.cn-4dc01642fd091eda/tachys-0.1.4/src/reactive_graph/mod.rs:727:22
    |
727 |                 ) -> Self::Output<NewAttr>
    |                      ^^^^^^^^^^^^^^^^^^^^^
...
866 |     signal_impl_arena!(Signal true);
    |     ------------------------------- in this macro invocation
    |
    = note: this error originates in the macro `signal_impl_arena` (in Nightly builds, run with -Z macro-backtrace for more info)

error[E0275]: overflow evaluating the requirement `<Signal<V, S> as AddAnyAttr>::Output<NewAttr>: RenderHtml`
   --> /home/adwin/.cargo/registry/src/mirrors.tuna.tsinghua.edu.cn-4dc01642fd091eda/tachys-0.1.4/src/reactive_graph/mod.rs:729:44
    |
729 |                     Self::Output<NewAttr>: RenderHtml,
    |                                            ^^^^^^^^^^
...
866 |     signal_impl_arena!(Signal true);
    |     ------------------------------- in this macro invocation
    |
    = note: this error originates in the macro `signal_impl_arena` (in Nightly builds, run with -Z macro-backtrace for more info)

error[E0275]: overflow evaluating the requirement `<Signal<V, S> as AddAnyAttr>::Output<NewAttr>: Sized`
   --> /home/adwin/.cargo/registry/src/mirrors.tuna.tsinghua.edu.cn-4dc01642fd091eda/tachys-0.1.4/src/reactive_graph/mod.rs:727:22
    |
727 |                 ) -> Self::Output<NewAttr>
    |                      ^^^^^^^^^^^^^^^^^^^^^
...
866 |     signal_impl_arena!(Signal true);
    |     ------------------------------- in this macro invocation
    |
    = note: the return type of a function must have a statically known size
    = note: this error originates in the macro `signal_impl_arena` (in Nightly builds, run with -Z macro-backtrace for more info)

error[E0275]: overflow evaluating the requirement `<MaybeSignal<V, S> as AddAnyAttr>::Output<NewAttr> == _`
   --> /home/adwin/.cargo/registry/src/mirrors.tuna.tsinghua.edu.cn-4dc01642fd091eda/tachys-0.1.4/src/reactive_graph/mod.rs:727:22
    |
727 |                 ) -> Self::Output<NewAttr>
    |                      ^^^^^^^^^^^^^^^^^^^^^
...
867 |     signal_impl_arena!(MaybeSignal true);
    |     ------------------------------------ in this macro invocation
    |
    = note: this error originates in the macro `signal_impl_arena` (in Nightly builds, run with -Z macro-backtrace for more info)

error[E0275]: overflow evaluating the requirement `<MaybeSignal<V, S> as AddAnyAttr>::Output<NewAttr>: RenderHtml`
   --> /home/adwin/.cargo/registry/src/mirrors.tuna.tsinghua.edu.cn-4dc01642fd091eda/tachys-0.1.4/src/reactive_graph/mod.rs:729:44
    |
729 |                     Self::Output<NewAttr>: RenderHtml,
    |                                            ^^^^^^^^^^
...
867 |     signal_impl_arena!(MaybeSignal true);
    |     ------------------------------------ in this macro invocation
    |
    = note: this error originates in the macro `signal_impl_arena` (in Nightly builds, run with -Z macro-backtrace for more info)

error[E0275]: overflow evaluating the requirement `<MaybeSignal<V, S> as AddAnyAttr>::Output<NewAttr>: Sized`
   --> /home/adwin/.cargo/registry/src/mirrors.tuna.tsinghua.edu.cn-4dc01642fd091eda/tachys-0.1.4/src/reactive_graph/mod.rs:727:22
    |
727 |                 ) -> Self::Output<NewAttr>
    |                      ^^^^^^^^^^^^^^^^^^^^^
...
867 |     signal_impl_arena!(MaybeSignal true);
    |     ------------------------------------ in this macro invocation
    |
    = note: the return type of a function must have a statically known size
    = note: this error originates in the macro `signal_impl_arena` (in Nightly builds, run with -Z macro-backtrace for more info)

error[E0275]: overflow evaluating the requirement `<ArcRwSignal<V> as AddAnyAttr>::Output<NewAttr> == _`
   --> /home/adwin/.cargo/registry/src/mirrors.tuna.tsinghua.edu.cn-4dc01642fd091eda/tachys-0.1.4/src/reactive_graph/mod.rs:556:22
    |
556 |                 ) -> Self::Output<NewAttr>
    |                      ^^^^^^^^^^^^^^^^^^^^^
...
868 |     signal_impl!(ArcRwSignal false);
    |     ------------------------------- in this macro invocation
    |
    = note: this error originates in the macro `signal_impl` (in Nightly builds, run with -Z macro-backtrace for more info)

error[E0275]: overflow evaluating the requirement `<ArcRwSignal<V> as AddAnyAttr>::Output<NewAttr>: RenderHtml`
   --> /home/adwin/.cargo/registry/src/mirrors.tuna.tsinghua.edu.cn-4dc01642fd091eda/tachys-0.1.4/src/reactive_graph/mod.rs:558:44
    |
558 |                     Self::Output<NewAttr>: RenderHtml,
    |                                            ^^^^^^^^^^
...
868 |     signal_impl!(ArcRwSignal false);
    |     ------------------------------- in this macro invocation
    |
    = note: this error originates in the macro `signal_impl` (in Nightly builds, run with -Z macro-backtrace for more info)

error[E0275]: overflow evaluating the requirement `<ArcRwSignal<V> as AddAnyAttr>::Output<NewAttr>: Sized`
   --> /home/adwin/.cargo/registry/src/mirrors.tuna.tsinghua.edu.cn-4dc01642fd091eda/tachys-0.1.4/src/reactive_graph/mod.rs:556:22
    |
556 |                 ) -> Self::Output<NewAttr>
    |                      ^^^^^^^^^^^^^^^^^^^^^
...
868 |     signal_impl!(ArcRwSignal false);
    |     ------------------------------- in this macro invocation
    |
    = note: the return type of a function must have a statically known size
    = note: this error originates in the macro `signal_impl` (in Nightly builds, run with -Z macro-backtrace for more info)

error[E0275]: overflow evaluating the requirement `<ArcReadSignal<V> as AddAnyAttr>::Output<NewAttr> == _`
   --> /home/adwin/.cargo/registry/src/mirrors.tuna.tsinghua.edu.cn-4dc01642fd091eda/tachys-0.1.4/src/reactive_graph/mod.rs:556:22
    |
556 |                 ) -> Self::Output<NewAttr>
    |                      ^^^^^^^^^^^^^^^^^^^^^
...
869 |     signal_impl!(ArcReadSignal false);
    |     --------------------------------- in this macro invocation
    |
    = note: this error originates in the macro `signal_impl` (in Nightly builds, run with -Z macro-backtrace for more info)

error[E0275]: overflow evaluating the requirement `<ArcReadSignal<V> as AddAnyAttr>::Output<NewAttr>: RenderHtml`
   --> /home/adwin/.cargo/registry/src/mirrors.tuna.tsinghua.edu.cn-4dc01642fd091eda/tachys-0.1.4/src/reactive_graph/mod.rs:558:44
    |
558 |                     Self::Output<NewAttr>: RenderHtml,
    |                                            ^^^^^^^^^^
...
869 |     signal_impl!(ArcReadSignal false);
    |     --------------------------------- in this macro invocation
    |
    = note: this error originates in the macro `signal_impl` (in Nightly builds, run with -Z macro-backtrace for more info)

error[E0275]: overflow evaluating the requirement `<ArcReadSignal<V> as AddAnyAttr>::Output<NewAttr>: Sized`
   --> /home/adwin/.cargo/registry/src/mirrors.tuna.tsinghua.edu.cn-4dc01642fd091eda/tachys-0.1.4/src/reactive_graph/mod.rs:556:22
    |
556 |                 ) -> Self::Output<NewAttr>
    |                      ^^^^^^^^^^^^^^^^^^^^^
...
869 |     signal_impl!(ArcReadSignal false);
    |     --------------------------------- in this macro invocation
    |
    = note: the return type of a function must have a statically known size
    = note: this error originates in the macro `signal_impl` (in Nightly builds, run with -Z macro-backtrace for more info)

error[E0275]: overflow evaluating the requirement `<ArcMemo<V> as AddAnyAttr>::Output<NewAttr> == _`
   --> /home/adwin/.cargo/registry/src/mirrors.tuna.tsinghua.edu.cn-4dc01642fd091eda/tachys-0.1.4/src/reactive_graph/mod.rs:556:22
    |
556 |                 ) -> Self::Output<NewAttr>
    |                      ^^^^^^^^^^^^^^^^^^^^^
...
870 |     signal_impl!(ArcMemo false);
    |     --------------------------- in this macro invocation
    |
    = note: this error originates in the macro `signal_impl` (in Nightly builds, run with -Z macro-backtrace for more info)

error[E0275]: overflow evaluating the requirement `<ArcMemo<V> as AddAnyAttr>::Output<NewAttr>: RenderHtml`
   --> /home/adwin/.cargo/registry/src/mirrors.tuna.tsinghua.edu.cn-4dc01642fd091eda/tachys-0.1.4/src/reactive_graph/mod.rs:558:44
    |
558 |                     Self::Output<NewAttr>: RenderHtml,
    |                                            ^^^^^^^^^^
...
870 |     signal_impl!(ArcMemo false);
    |     --------------------------- in this macro invocation
    |
    = note: this error originates in the macro `signal_impl` (in Nightly builds, run with -Z macro-backtrace for more info)

error[E0275]: overflow evaluating the requirement `<ArcMemo<V> as AddAnyAttr>::Output<NewAttr>: Sized`
   --> /home/adwin/.cargo/registry/src/mirrors.tuna.tsinghua.edu.cn-4dc01642fd091eda/tachys-0.1.4/src/reactive_graph/mod.rs:556:22
    |
556 |                 ) -> Self::Output<NewAttr>
    |                      ^^^^^^^^^^^^^^^^^^^^^
...
870 |     signal_impl!(ArcMemo false);
    |     --------------------------- in this macro invocation
    |
    = note: the return type of a function must have a statically known size
    = note: this error originates in the macro `signal_impl` (in Nightly builds, run with -Z macro-backtrace for more info)

error[E0275]: overflow evaluating the requirement `<ArcSignal<V> as AddAnyAttr>::Output<NewAttr> == _`
   --> /home/adwin/.cargo/registry/src/mirrors.tuna.tsinghua.edu.cn-4dc01642fd091eda/tachys-0.1.4/src/reactive_graph/mod.rs:556:22
    |
556 |                 ) -> Self::Output<NewAttr>
    |                      ^^^^^^^^^^^^^^^^^^^^^
...
871 |     signal_impl!(ArcSignal true);
    |     ---------------------------- in this macro invocation
    |
    = note: this error originates in the macro `signal_impl` (in Nightly builds, run with -Z macro-backtrace for more info)

error[E0275]: overflow evaluating the requirement `<ArcSignal<V> as AddAnyAttr>::Output<NewAttr>: RenderHtml`
   --> /home/adwin/.cargo/registry/src/mirrors.tuna.tsinghua.edu.cn-4dc01642fd091eda/tachys-0.1.4/src/reactive_graph/mod.rs:558:44
    |
558 |                     Self::Output<NewAttr>: RenderHtml,
    |                                            ^^^^^^^^^^
...
871 |     signal_impl!(ArcSignal true);
    |     ---------------------------- in this macro invocation
    |
    = note: this error originates in the macro `signal_impl` (in Nightly builds, run with -Z macro-backtrace for more info)

error[E0275]: overflow evaluating the requirement `<ArcSignal<V> as AddAnyAttr>::Output<NewAttr>: Sized`
   --> /home/adwin/.cargo/registry/src/mirrors.tuna.tsinghua.edu.cn-4dc01642fd091eda/tachys-0.1.4/src/reactive_graph/mod.rs:556:22
    |
556 |                 ) -> Self::Output<NewAttr>
    |                      ^^^^^^^^^^^^^^^^^^^^^
...
871 |     signal_impl!(ArcSignal true);
    |     ---------------------------- in this macro invocation
    |
    = note: the return type of a function must have a statically known size
    = note: this error originates in the macro `signal_impl` (in Nightly builds, run with -Z macro-backtrace for more info)

error[E0275]: overflow evaluating the requirement `<ViewTemplate<V> as AddAnyAttr>::Output<NewAttr> == ()`
  --> /home/adwin/.cargo/registry/src/mirrors.tuna.tsinghua.edu.cn-4dc01642fd091eda/tachys-0.1.4/src/view/template.rs:64:5
   |
64 | /     {
65 | |         panic!("AddAnyAttr not supported on ViewTemplate");
66 | |     }
   | |_____^

error[E0275]: overflow evaluating the requirement `() <: <ViewTemplate<V> as AddAnyAttr>::Output<NewAttr>`
  --> /home/adwin/.cargo/registry/src/mirrors.tuna.tsinghua.edu.cn-4dc01642fd091eda/tachys-0.1.4/src/view/template.rs:64:5
   |
64 | /     {
65 | |         panic!("AddAnyAttr not supported on ViewTemplate");
66 | |     }
   | |_____^

error[E0275]: overflow evaluating the requirement `<RwSignal<V, S> as AddAnyAttr>::Output<NewAttr> == ()`
   --> /home/adwin/.cargo/registry/src/mirrors.tuna.tsinghua.edu.cn-4dc01642fd091eda/tachys-0.1.4/src/reactive_graph/mod.rs:731:21
    |
731 |                     todo!()
    |                     ^^^^^^^
...
863 |     signal_impl_arena!(RwSignal false);
    |     ---------------------------------- in this macro invocation
    |
    = note: this error originates in the macro `todo` which comes from the expansion of the macro `signal_impl_arena` (in Nightly builds, run with -Z macro-backtrace for more info)

error[E0275]: overflow evaluating the requirement `() <: <RwSignal<V, S> as AddAnyAttr>::Output<NewAttr>`
   --> /home/adwin/.cargo/registry/src/mirrors.tuna.tsinghua.edu.cn-4dc01642fd091eda/tachys-0.1.4/src/reactive_graph/mod.rs:730:17
    |
730 | /                 {
731 | |                     todo!()
732 | |                 }
    | |_________________^
...
863 |       signal_impl_arena!(RwSignal false);
    |       ---------------------------------- in this macro invocation
    |
    = note: this error originates in the macro `signal_impl_arena` (in Nightly builds, run with -Z macro-backtrace for more info)

error[E0275]: overflow evaluating the requirement `<reactive_graph::signal::ReadSignal<V, S> as AddAnyAttr>::Output<NewAttr> == ()`
   --> /home/adwin/.cargo/registry/src/mirrors.tuna.tsinghua.edu.cn-4dc01642fd091eda/tachys-0.1.4/src/reactive_graph/mod.rs:731:21
    |
731 |                     todo!()
    |                     ^^^^^^^
...
864 |     signal_impl_arena!(ReadSignal false);
    |     ------------------------------------ in this macro invocation
    |
    = note: this error originates in the macro `todo` which comes from the expansion of the macro `signal_impl_arena` (in Nightly builds, run with -Z macro-backtrace for more info)

error[E0275]: overflow evaluating the requirement `() <: <reactive_graph::signal::ReadSignal<V, S> as AddAnyAttr>::Output<NewAttr>`
   --> /home/adwin/.cargo/registry/src/mirrors.tuna.tsinghua.edu.cn-4dc01642fd091eda/tachys-0.1.4/src/reactive_graph/mod.rs:730:17
    |
730 | /                 {
731 | |                     todo!()
732 | |                 }
    | |_________________^
...
864 |       signal_impl_arena!(ReadSignal false);
    |       ------------------------------------ in this macro invocation
    |
    = note: this error originates in the macro `signal_impl_arena` (in Nightly builds, run with -Z macro-backtrace for more info)

error[E0275]: overflow evaluating the requirement `<reactive_graph::computed::Memo<V, S> as AddAnyAttr>::Output<NewAttr> == ()`
   --> /home/adwin/.cargo/registry/src/mirrors.tuna.tsinghua.edu.cn-4dc01642fd091eda/tachys-0.1.4/src/reactive_graph/mod.rs:731:21
    |
731 |                     todo!()
    |                     ^^^^^^^
...
865 |     signal_impl_arena!(Memo true);
    |     ----------------------------- in this macro invocation
    |
    = note: this error originates in the macro `todo` which comes from the expansion of the macro `signal_impl_arena` (in Nightly builds, run with -Z macro-backtrace for more info)

error[E0275]: overflow evaluating the requirement `() <: <reactive_graph::computed::Memo<V, S> as AddAnyAttr>::Output<NewAttr>`
   --> /home/adwin/.cargo/registry/src/mirrors.tuna.tsinghua.edu.cn-4dc01642fd091eda/tachys-0.1.4/src/reactive_graph/mod.rs:730:17
    |
730 | /                 {
731 | |                     todo!()
732 | |                 }
    | |_________________^
...
865 |       signal_impl_arena!(Memo true);
    |       ----------------------------- in this macro invocation
    |
    = note: this error originates in the macro `signal_impl_arena` (in Nightly builds, run with -Z macro-backtrace for more info)

error[E0275]: overflow evaluating the requirement `<Signal<V, S> as AddAnyAttr>::Output<NewAttr> == ()`
   --> /home/adwin/.cargo/registry/src/mirrors.tuna.tsinghua.edu.cn-4dc01642fd091eda/tachys-0.1.4/src/reactive_graph/mod.rs:731:21
    |
731 |                     todo!()
    |                     ^^^^^^^
...
866 |     signal_impl_arena!(Signal true);
    |     ------------------------------- in this macro invocation
    |
    = note: this error originates in the macro `todo` which comes from the expansion of the macro `signal_impl_arena` (in Nightly builds, run with -Z macro-backtrace for more info)

error[E0275]: overflow evaluating the requirement `() <: <Signal<V, S> as AddAnyAttr>::Output<NewAttr>`
   --> /home/adwin/.cargo/registry/src/mirrors.tuna.tsinghua.edu.cn-4dc01642fd091eda/tachys-0.1.4/src/reactive_graph/mod.rs:730:17
    |
730 | /                 {
731 | |                     todo!()
732 | |                 }
    | |_________________^
...
866 |       signal_impl_arena!(Signal true);
    |       ------------------------------- in this macro invocation
    |
    = note: this error originates in the macro `signal_impl_arena` (in Nightly builds, run with -Z macro-backtrace for more info)

error[E0275]: overflow evaluating the requirement `<MaybeSignal<V, S> as AddAnyAttr>::Output<NewAttr> == ()`
   --> /home/adwin/.cargo/registry/src/mirrors.tuna.tsinghua.edu.cn-4dc01642fd091eda/tachys-0.1.4/src/reactive_graph/mod.rs:731:21
    |
731 |                     todo!()
    |                     ^^^^^^^
...
867 |     signal_impl_arena!(MaybeSignal true);
    |     ------------------------------------ in this macro invocation
    |
    = note: this error originates in the macro `todo` which comes from the expansion of the macro `signal_impl_arena` (in Nightly builds, run with -Z macro-backtrace for more info)

error[E0275]: overflow evaluating the requirement `() <: <MaybeSignal<V, S> as AddAnyAttr>::Output<NewAttr>`
   --> /home/adwin/.cargo/registry/src/mirrors.tuna.tsinghua.edu.cn-4dc01642fd091eda/tachys-0.1.4/src/reactive_graph/mod.rs:730:17
    |
730 | /                 {
731 | |                     todo!()
732 | |                 }
    | |_________________^
...
867 |       signal_impl_arena!(MaybeSignal true);
    |       ------------------------------------ in this macro invocation
    |
    = note: this error originates in the macro `signal_impl_arena` (in Nightly builds, run with -Z macro-backtrace for more info)

error[E0275]: overflow evaluating the requirement `<ArcRwSignal<V> as AddAnyAttr>::Output<NewAttr> == ()`
   --> /home/adwin/.cargo/registry/src/mirrors.tuna.tsinghua.edu.cn-4dc01642fd091eda/tachys-0.1.4/src/reactive_graph/mod.rs:560:21
    |
560 |                     todo!()
    |                     ^^^^^^^
...
868 |     signal_impl!(ArcRwSignal false);
    |     ------------------------------- in this macro invocation
    |
    = note: this error originates in the macro `todo` which comes from the expansion of the macro `signal_impl` (in Nightly builds, run with -Z macro-backtrace for more info)

error[E0275]: overflow evaluating the requirement `() <: <ArcRwSignal<V> as AddAnyAttr>::Output<NewAttr>`
   --> /home/adwin/.cargo/registry/src/mirrors.tuna.tsinghua.edu.cn-4dc01642fd091eda/tachys-0.1.4/src/reactive_graph/mod.rs:559:17
    |
559 | /                 {
560 | |                     todo!()
561 | |                 }
    | |_________________^
...
868 |       signal_impl!(ArcRwSignal false);
    |       ------------------------------- in this macro invocation
    |
    = note: this error originates in the macro `signal_impl` (in Nightly builds, run with -Z macro-backtrace for more info)

error[E0275]: overflow evaluating the requirement `<ArcReadSignal<V> as AddAnyAttr>::Output<NewAttr> == ()`
   --> /home/adwin/.cargo/registry/src/mirrors.tuna.tsinghua.edu.cn-4dc01642fd091eda/tachys-0.1.4/src/reactive_graph/mod.rs:560:21
    |
560 |                     todo!()
    |                     ^^^^^^^
...
869 |     signal_impl!(ArcReadSignal false);
    |     --------------------------------- in this macro invocation
    |
    = note: this error originates in the macro `todo` which comes from the expansion of the macro `signal_impl` (in Nightly builds, run with -Z macro-backtrace for more info)

error[E0275]: overflow evaluating the requirement `() <: <ArcReadSignal<V> as AddAnyAttr>::Output<NewAttr>`
   --> /home/adwin/.cargo/registry/src/mirrors.tuna.tsinghua.edu.cn-4dc01642fd091eda/tachys-0.1.4/src/reactive_graph/mod.rs:559:17
    |
559 | /                 {
560 | |                     todo!()
561 | |                 }
    | |_________________^
...
869 |       signal_impl!(ArcReadSignal false);
    |       --------------------------------- in this macro invocation
    |
    = note: this error originates in the macro `signal_impl` (in Nightly builds, run with -Z macro-backtrace for more info)

error[E0275]: overflow evaluating the requirement `<ArcMemo<V> as AddAnyAttr>::Output<NewAttr> == ()`
   --> /home/adwin/.cargo/registry/src/mirrors.tuna.tsinghua.edu.cn-4dc01642fd091eda/tachys-0.1.4/src/reactive_graph/mod.rs:560:21
    |
560 |                     todo!()
    |                     ^^^^^^^
...
870 |     signal_impl!(ArcMemo false);
    |     --------------------------- in this macro invocation
    |
    = note: this error originates in the macro `todo` which comes from the expansion of the macro `signal_impl` (in Nightly builds, run with -Z macro-backtrace for more info)

error[E0275]: overflow evaluating the requirement `() <: <ArcMemo<V> as AddAnyAttr>::Output<NewAttr>`
   --> /home/adwin/.cargo/registry/src/mirrors.tuna.tsinghua.edu.cn-4dc01642fd091eda/tachys-0.1.4/src/reactive_graph/mod.rs:559:17
    |
559 | /                 {
560 | |                     todo!()
561 | |                 }
    | |_________________^
...
870 |       signal_impl!(ArcMemo false);
    |       --------------------------- in this macro invocation
    |
    = note: this error originates in the macro `signal_impl` (in Nightly builds, run with -Z macro-backtrace for more info)

error[E0275]: overflow evaluating the requirement `<ArcSignal<V> as AddAnyAttr>::Output<NewAttr> == ()`
   --> /home/adwin/.cargo/registry/src/mirrors.tuna.tsinghua.edu.cn-4dc01642fd091eda/tachys-0.1.4/src/reactive_graph/mod.rs:560:21
    |
560 |                     todo!()
    |                     ^^^^^^^
...
871 |     signal_impl!(ArcSignal true);
    |     ---------------------------- in this macro invocation
    |
    = note: this error originates in the macro `todo` which comes from the expansion of the macro `signal_impl` (in Nightly builds, run with -Z macro-backtrace for more info)

error[E0275]: overflow evaluating the requirement `() <: <ArcSignal<V> as AddAnyAttr>::Output<NewAttr>`
   --> /home/adwin/.cargo/registry/src/mirrors.tuna.tsinghua.edu.cn-4dc01642fd091eda/tachys-0.1.4/src/reactive_graph/mod.rs:559:17
    |
559 | /                 {
560 | |                     todo!()
561 | |                 }
    | |_________________^
...
871 |       signal_impl!(ArcSignal true);
    |       ---------------------------- in this macro invocation
    |
    = note: this error originates in the macro `signal_impl` (in Nightly builds, run with -Z macro-backtrace for more info)

For more information about this error, try `rustc --explain E0275`.
error: could not compile `tachys` (lib) due to 72 previous errors
