Running as unit: run-p2155689-i14735797.scope; invocation ID: 2c5a20cc46064548b4f3080d15523508
    Blocking waiting for file lock on package cache
   Compiling proc-macro2 v1.0.94
   Compiling unicode-ident v1.0.18
    Checking cfg-if v1.0.0
   Compiling libc v0.2.171
   Compiling serde v1.0.219
   Compiling autocfg v1.4.0
    Checking pin-project-lite v0.2.16
   Compiling shlex v1.3.0
    Checking memchr v2.7.4
   Compiling cc v1.2.19
   Compiling either v1.15.0
    Checking futures-core v0.3.31
   Compiling slab v0.4.9
   Compiling itertools v0.14.0
    Checking futures-sink v0.3.31
    Checking once_cell v1.21.3
    Checking smallvec v1.15.0
    Checking futures-channel v0.3.31
   Compiling quote v1.0.40
    Checking futures-io v0.3.31
    Checking getrandom v0.2.15
    Checking futures-task v0.3.31
   Compiling version_check v0.9.5
    Checking pin-utils v0.1.0
   Compiling typenum v1.18.0
   Compiling syn v2.0.100
    Checking subtle v2.6.1
    Checking itoa v1.0.15
   Compiling generic-array v0.14.7
   Compiling lock_api v0.4.12
   Compiling parking_lot_core v0.9.10
    Checking rand_core v0.6.4
    Checking scopeguard v1.2.0
    Checking const-oid v0.9.6
    Checking mio v1.0.3
    Checking parking_lot v0.12.3
    Checking signal-hook-registry v1.4.2
    Checking socket2 v0.5.9
    Checking equivalent v1.0.2
    Checking hashbrown v0.15.2
   Compiling ring v0.17.14
    Checking fnv v1.0.7
    Checking log v0.4.27
    Checking tracing-core v0.1.33
    Checking untrusted v0.9.0
   Compiling zerocopy v0.8.24
   Compiling anyhow v1.0.98
    Checking indexmap v2.9.0
   Compiling rustversion v1.0.20
    Checking rustls-pki-types v1.11.0
   Compiling toml_datetime v0.6.8
   Compiling winnow v0.7.6
   Compiling httparse v1.10.1
   Compiling serde_json v1.0.140
    Checking ppv-lite86 v0.2.21
    Checking ryu v1.0.20
    Checking tower-service v0.3.3
    Checking cpufeatures v0.2.17
    Checking rand_chacha v0.3.1
    Checking percent-encoding v2.3.1
   Compiling unicode-xid v0.2.6
    Checking rand v0.8.5
   Compiling eyre v0.6.12
    Checking try-lock v0.2.5
    Checking openssl-probe v0.1.6
    Checking want v0.3.1
    Checking httpdate v1.0.3
    Checking indenter v0.3.3
    Checking arrayvec v0.7.6
   Compiling const_format_proc_macros v0.2.34
   Compiling parity-scale-codec v3.7.4
   Compiling paste v1.0.15
   Compiling cfg_aliases v0.2.1
   Compiling borsh v1.5.7
    Checking powerfmt v0.2.0
    Checking byte-slice-cast v1.2.3
   Compiling num-conv v0.1.0
   Compiling schemars v0.8.22
    Checking hex v0.4.3
   Compiling time-core v0.1.2
    Checking byteorder v1.5.0
   Compiling time-macros v0.2.18
    Checking const_format v0.2.34
   Compiling toml_edit v0.22.24
    Checking deranged v0.3.11
   Compiling serde_derive_internals v0.29.1
    Checking base64 v0.21.7
    Checking dyn-clone v1.0.19
    Checking time v0.3.36
    Checking flex-error v0.4.4
    Checking mime v0.3.17
    Checking rustls-pemfile v2.2.0
   Compiling num-traits v0.2.19
    Checking ff v0.13.1
    Checking atomic-waker v1.1.2
    Checking tower-layer v0.3.3
    Checking base16ct v0.2.0
    Checking group v0.13.0
   Compiling indexmap v1.9.3
    Checking sync_wrapper v1.0.2
   Compiling rustls v0.23.26
    Checking rustls-webpki v0.103.1
    Checking subtle-ng v2.5.0
   Compiling serde_derive v1.0.219
   Compiling zeroize_derive v1.4.2
   Compiling futures-macro v0.3.31
   Compiling tokio-macros v2.5.0
   Compiling tracing-attributes v0.1.28
    Checking zeroize v1.8.1
   Compiling displaydoc v0.2.5
    Checking futures-util v0.3.31
    Checking block-buffer v0.10.4
    Checking crypto-common v0.1.6
    Checking digest v0.10.7
   Compiling proc-macro-crate v3.3.0
   Compiling prost-derive v0.13.5
    Checking tracing v0.1.41
   Compiling async-trait v0.1.89
   Compiling impl-trait-for-tuples v0.2.3
   Compiling parity-scale-codec-derive v3.7.4
   Compiling derive_more-impl v1.0.0
   Compiling borsh-derive v1.5.7
   Compiling scale-info-derive v2.11.6
    Checking futures v0.3.31
    Checking sha2 v0.10.8
   Compiling schemars_derive v0.8.22
    Checking subtle-encoding v0.5.1
   Compiling pin-project-internal v1.1.10
    Checking ripemd v0.1.3
    Checking der v0.7.9
    Checking hmac v0.12.1
    Checking signature v2.2.0
    Checking crypto-bigint v0.5.5
    Checking digest v0.9.0
    Checking rfc6979 v0.4.0
    Checking block-buffer v0.9.0
    Checking hashbrown v0.12.3
    Checking pin-project v1.1.10
    Checking sec1 v0.7.3
    Checking spki v0.7.3
   Compiling prettyplease v0.2.32
    Checking opaque-debug v0.3.1
    Checking sha2 v0.9.9
    Checking curve25519-dalek-ng v4.1.1
    Checking tower v0.5.2
    Checking bytes v1.10.1
    Checking derive_more v1.0.0
    Checking serde_bytes v0.11.17
    Checking scale-info v2.11.6
   Compiling async-stream-impl v0.3.6
    Checking tokio v1.44.2
    Checking http v1.3.1
    Checking prost v0.13.5
    Checking elliptic-curve v0.13.8
    Checking http-body v1.0.1
    Checking http-body-util v0.1.3
    Checking ecdsa v0.16.9
   Compiling blake3 v1.8.1
    Checking axum-core v0.4.5
    Checking matchit v0.7.3
    Checking k256 v0.13.4
    Checking tendermint-proto v0.40.3
    Checking async-stream v0.3.6
    Checking ed25519-consensus v2.1.0
    Checking informalsystems-pbjson v0.7.0
    Checking ed25519 v2.2.3
   Compiling serde_repr v0.1.20
    Checking rustls-native-certs v0.8.1
    Checking keccak v0.1.5
    Checking constant_time_eq v0.3.1
    Checking base64 v0.22.1
    Checking arrayref v0.3.9
    Checking sha3 v0.10.8
   Compiling cgp-macro-lib v0.4.0 (https://github.com/contextgeneric/cgp.git#3e24278c)
    Checking blake2 v0.10.6
    Checking cgp-component v0.4.0 (https://github.com/contextgeneric/cgp.git#3e24278c)
   Compiling cgp-async-macro v0.4.0 (https://github.com/contextgeneric/cgp.git#3e24278c)
    Checking ics23 v0.12.0
    Checking cgp-sync v0.4.0 (https://github.com/contextgeneric/cgp.git#3e24278c)
    Checking cgp-async v0.4.0 (https://github.com/contextgeneric/cgp.git#3e24278c)
   Compiling synstructure v0.13.1
    Checking stable_deref_trait v1.2.0
   Compiling zerovec-derive v0.10.3
   Compiling zerofrom-derive v0.1.6
   Compiling yoke-derive v0.7.5
   Compiling cgp-macro v0.4.0 (https://github.com/contextgeneric/cgp.git#3e24278c)
    Checking axum v0.7.9
    Checking tokio-util v0.7.14
    Checking tokio-stream v0.1.17
    Checking tokio-rustls v0.26.2
    Checking cgp-type v0.4.0 (https://github.com/contextgeneric/cgp.git#3e24278c)
    Checking h2 v0.4.9
    Checking tower v0.4.13
    Checking cgp-error v0.4.0 (https://github.com/contextgeneric/cgp.git#3e24278c)
    Checking cgp-field v0.4.0 (https://github.com/contextgeneric/cgp.git#3e24278c)
    Checking cgp-core v0.4.0 (https://github.com/contextgeneric/cgp.git#3e24278c)
    Checking cgp-runtime v0.4.0 (https://github.com/contextgeneric/cgp.git#3e24278c)
    Checking cgp-error-extra v0.4.0 (https://github.com/contextgeneric/cgp.git#3e24278c)
    Checking cgp-run v0.4.0 (https://github.com/contextgeneric/cgp.git#3e24278c)
    Checking cgp-inner v0.4.0 (https://github.com/contextgeneric/cgp.git#3e24278c)
    Checking zerofrom v0.1.6
    Checking cgp-extra v0.4.0 (https://github.com/contextgeneric/cgp.git#3e24278c)
    Checking cgp v0.4.0 (https://github.com/contextgeneric/cgp.git#3e24278c)
    Checking hermes-prelude v0.1.0 (/tmp/nix-shell.uUVugk/informalsystems_hermes-sdk_4izhny_y/crates/prelude)
    Checking yoke v0.7.5
    Checking static_assertions v1.1.0
   Compiling icu_locid_transform_data v1.5.1
    Checking litemap v0.7.5
    Checking zerovec v0.10.4
    Checking writeable v0.5.5
   Compiling icu_provider_macros v1.5.0
   Compiling icu_properties_data v1.5.1
    Checking hermes-runtime-components v0.1.0 (/tmp/nix-shell.uUVugk/informalsystems_hermes-sdk_4izhny_y/crates/runtime/runtime-components)
    Checking hermes-encoding-components v0.1.0 (/tmp/nix-shell.uUVugk/informalsystems_hermes-sdk_4izhny_y/crates/encoding/encoding-components)
   Compiling icu_normalizer_data v1.5.1
   Compiling pkg-config v0.3.32
    Checking tinystr v0.7.6
    Checking icu_locid v1.5.0
   Compiling vcpkg v0.2.15
   Compiling crunchy v0.2.3
    Checking hyper v1.6.0
    Checking icu_provider v1.5.0
    Checking icu_collections v1.5.0
   Compiling openssl-sys v0.9.107
    Checking icu_locid_transform v1.5.0
    Checking hermes-chain-type-components v0.1.0 (/tmp/nix-shell.uUVugk/informalsystems_hermes-sdk_4izhny_y/crates/chain/chain-type-components)
   Compiling crossbeam-utils v0.8.21
    Checking icu_properties v1.5.1
    Checking hyper-util v0.1.11
    Checking hermes-logging-components v0.1.0 (/tmp/nix-shell.uUVugk/informalsystems_hermes-sdk_4izhny_y/crates/logging/logging-components)
   Compiling derive_more v0.99.19
    Checking utf16_iter v1.0.5
    Checking write16 v1.0.0
    Checking rustc-hex v2.1.0
    Checking utf8_iter v1.0.4
    Checking fixed-hash v0.8.0
    Checking uint v0.10.0
    Checking hermes-chain-components v0.1.0 (/tmp/nix-shell.uUVugk/informalsystems_hermes-sdk_4izhny_y/crates/chain/chain-components)
    Checking hyper-timeout v0.5.2
    Checking impl-serde v0.5.0
   Compiling ibc-derive v0.10.1
    Checking icu_normalizer v1.5.0
   Compiling thiserror v1.0.69
    Checking primitive-types v0.13.1
    Checking idna_adapter v1.2.0
    Checking http v0.2.12
   Compiling thiserror-impl v1.0.69
    Checking form_urlencoded v1.2.1
   Compiling openssl v0.10.72
    Checking foreign-types-shared v0.1.1
    Checking foreign-types v0.3.2
    Checking idna v1.0.3
    Checking tonic v0.12.3
   Compiling openssl-macros v0.1.1
    Checking bitflags v2.9.0
   Compiling rustls v0.21.12
   Compiling native-tls v0.2.14
   Compiling rustls v0.22.4
    Checking url v2.5.4
    Checking h2 v0.3.26
    Checking http-body v0.4.6
    Checking serde_spanned v0.6.8
    Checking serde-json-wasm v1.0.1
    Checking tendermint v0.40.3
    Checking sct v0.7.1
    Checking rustls-webpki v0.102.8
    Checking cosmos-sdk-proto v0.26.1
    Checking rustls-webpki v0.101.7
    Checking aho-corasick v1.1.3
    Checking regex-syntax v0.8.5
   Compiling getrandom v0.3.2
    Checking hermes-relayer-components v0.1.0 (/tmp/nix-shell.uUVugk/informalsystems_hermes-sdk_4izhny_y/crates/relayer/relayer-components)
    Checking hyper v0.14.32
    Checking regex-automata v0.4.9
    Checking tendermint-light-client-verifier v0.40.3
    Checking regex v1.11.1
    Checking tokio-native-tls v0.3.1
    Checking sha1 v0.10.6
    Checking toml v0.8.20
    Checking rustls-pemfile v1.0.4
    Checking data-encoding v2.9.0
    Checking utf-8 v0.7.6
   Compiling peg-runtime v0.8.5
   Compiling semver v1.0.26
    Checking tokio-rustls v0.24.1
   Compiling peg-macros v0.8.5
    Checking rustls-native-certs v0.6.3
    Checking uuid v1.16.0
    Checking hyper-rustls v0.24.2
    Checking hyper-tls v0.5.0
    Checking serde_urlencoded v0.7.1
    Checking crossbeam-channel v0.5.15
    Checking rustls-native-certs v0.7.3
    Checking encoding_rs v0.8.35
    Checking tungstenite v0.21.0
    Checking tokio-rustls v0.25.0
    Checking same-file v1.0.6
    Checking ipnet v2.11.0
   Compiling bitcoin-internals v0.2.0
    Checking sync_wrapper v0.1.2
    Checking walkdir v2.5.0
    Checking async-tungstenite v0.24.0
    Checking peg v0.8.5
    Checking tendermint-config v0.40.3
    Checking reqwest v0.11.27
    Checking prost-types v0.13.5
   Compiling secp256k1-sys v0.9.2
    Checking half v1.8.3
    Checking serde_cbor v0.11.2
    Checking tendermint-rpc v0.40.3
   Compiling contracts v0.6.6
    Checking hex-conservative v0.1.2
    Checking tinyvec_macros v0.1.1
    Checking regex-syntax v0.6.29
    Checking lazy_static v1.5.0
   Compiling hex_lit v0.1.1
    Checking regex-automata v0.1.10
    Checking hermes-relayer-components-extra v0.1.0 (/tmp/nix-shell.uUVugk/informalsystems_hermes-sdk_4izhny_y/crates/relayer/relayer-components-extra)
    Checking tinyvec v1.9.0
    Checking bitcoin_hashes v0.13.0
    Checking hermes-protobuf-encoding-components v0.1.0 (/tmp/nix-shell.uUVugk/informalsystems_hermes-sdk_4izhny_y/crates/encoding/protobuf-encoding-components)
    Checking num-integer v0.1.46
    Checking hermes-test-components v0.1.0 (/tmp/nix-shell.uUVugk/informalsystems_hermes-sdk_4izhny_y/crates/test/test-components)
    Checking overload v0.1.1
   Compiling bitcoin v0.31.2
    Checking secp256k1 v0.28.2
    Checking num-bigint v0.4.6
    Checking nu-ansi-term v0.46.0
    Checking tendermint-light-client v0.40.3
    Checking unicode-normalization v0.1.24
    Checking matchers v0.1.0
    Checking sharded-slab v0.1.7
    Checking hermes-comet-light-client-components v0.1.0 (/tmp/nix-shell.uUVugk/informalsystems_hermes-sdk_4izhny_y/crates/comet/comet-light-client-components)
    Checking tracing-serde v0.2.0
    Checking tendermint-light-client-detector v0.40.3
    Checking pbkdf2 v0.11.0
    Checking tracing-log v0.2.0
    Checking dirs-sys-next v0.1.2
    Checking thread_local v1.1.8
    Checking bech32 v0.10.0-beta
    Checking rustc-hash v1.1.0
    Checking dirs-next v2.0.0
    Checking tracing-subscriber v0.3.19
    Checking num-rational v0.4.2
    Checking tiny-bip39 v1.0.0
    Checking hermes-async-runtime-components v0.1.0 (/tmp/nix-shell.uUVugk/informalsystems_hermes-sdk_4izhny_y/crates/runtime/async-runtime-components)
    Checking hdpath v0.6.3
    Checking bech32 v0.9.1
    Checking hermes-tokio-runtime-components v0.1.0 (/tmp/nix-shell.uUVugk/informalsystems_hermes-sdk_4izhny_y/crates/runtime/tokio-runtime-components)
    Checking concurrent-queue v2.5.0
    Checking parking v2.2.1
    Checking event-listener v5.4.0
   Compiling portable-atomic v1.11.0
    Checking event-listener-strategy v0.5.4
   Compiling backtrace v0.3.71
    Checking num_cpus v1.16.0
    Checking adler v1.0.2
    Checking gimli v0.28.1
   Compiling moka v0.12.10
    Checking miniz_oxide v0.7.4
    Checking dashmap v4.0.2
    Checking async-lock v3.4.0
    Checking crossbeam-epoch v0.9.18
    Checking futures-executor v0.3.31
    Checking object v0.32.2
    Checking tagptr v0.2.0
    Checking rustc-demangle v0.1.24
    Checking addr2line v0.21.0
    Checking opentelemetry v0.17.0
    Checking hermes-core v0.1.0 (/tmp/nix-shell.uUVugk/informalsystems_hermes-sdk_4izhny_y/crates/core)
    Checking hermes-error v0.1.0 (/tmp/nix-shell.uUVugk/informalsystems_hermes-sdk_4izhny_y/crates/error)
    Checking hermes-tracing-logging-components v0.1.0 (/tmp/nix-shell.uUVugk/informalsystems_hermes-sdk_4izhny_y/crates/logging/tracing-logging-components)
    Checking utf8parse v0.2.2
    Checking anstyle-parse v0.2.6
    Checking colorchoice v1.0.3
    Checking anstyle v1.0.10
    Checking ibc-proto v0.51.1
    Checking anstyle-query v1.1.2
    Checking is_terminal_polyfill v1.70.1
    Checking anstream v0.6.18
    Checking hermes-runtime v0.1.0 (/tmp/nix-shell.uUVugk/informalsystems_hermes-sdk_4izhny_y/crates/runtime/runtime)
    Checking hermes-ibc-test-suite v0.1.0 (/tmp/nix-shell.uUVugk/informalsystems_hermes-sdk_4izhny_y/crates/test/test-suite)
   Compiling heck v0.5.0
    Checking clap_lex v0.7.4
    Checking strsim v0.11.1
   Compiling clap_derive v4.5.32
    Checking humantime v2.2.0
    Checking clap_builder v4.5.36
    Checking stable-eyre v0.2.2
    Checking clap v4.5.36
    Checking ibc-primitives v0.56.0
    Checking ibc-core-host-types v0.56.0
    Checking ibc-core-commitment-types v0.56.0
    Checking ibc-core-router-types v0.56.0
    Checking ibc-core-client-types v0.56.0
    Checking ibc-core-connection-types v0.56.0
    Checking ibc-client-tendermint-types v0.56.0
    Checking ibc-core-channel-types v0.56.0
    Checking ibc-core-handler-types v0.56.0
    Checking ibc-core-router v0.56.0
    Checking ibc-core-client-context v0.56.0
    Checking ibc-core-host v0.56.0
    Checking ibc-core-client v0.56.0
    Checking ibc-client-wasm-types v0.56.0
    Checking ibc-client-tendermint v0.56.0
    Checking ibc-core-connection v0.56.0
    Checking ibc-clients v0.56.0
    Checking hermes-comet-light-client-context v0.1.0 (/tmp/nix-shell.uUVugk/informalsystems_hermes-sdk_4izhny_y/crates/comet/comet-light-client-context)
    Checking ibc-core-channel v0.56.0
    Checking ibc-core-handler v0.56.0
    Checking ibc-core v0.56.0
    Checking ibc-app-transfer-types v0.56.0
    Checking ibc-app-nft-transfer-types v0.56.0
    Checking ibc-app-transfer v0.56.0
    Checking ibc-core-host-cosmos v0.56.0
    Checking ibc-app-nft-transfer v0.56.0
    Checking ibc-apps v0.56.0
    Checking ibc v0.56.0
    Checking hermes-cosmos-encoding-components v0.1.0 (/tmp/nix-shell.uUVugk/informalsystems_hermes-sdk_4izhny_y/crates/cosmos/cosmos-encoding-components)
    Checking hermes-cli-components v0.1.0 (/tmp/nix-shell.uUVugk/informalsystems_hermes-sdk_4izhny_y/crates/cli/cli-components)
    Checking hermes-cosmos-chain-components v0.1.0 (/tmp/nix-shell.uUVugk/informalsystems_hermes-sdk_4izhny_y/crates/cosmos/cosmos-chain-components)
    Checking hermes-wasm-encoding-components v0.1.0 (/tmp/nix-shell.uUVugk/informalsystems_hermes-sdk_4izhny_y/crates/wasm/wasm-encoding-components)
    Checking hermes-cosmos-test-components v0.1.0 (/tmp/nix-shell.uUVugk/informalsystems_hermes-sdk_4izhny_y/crates/cosmos/cosmos-test-components)
    Checking hermes-wasm-chain-components v0.1.0 (/tmp/nix-shell.uUVugk/informalsystems_hermes-sdk_4izhny_y/crates/wasm/wasm-chain-components)
    Checking hermes-cosmos-chain-preset v0.1.0 (/tmp/nix-shell.uUVugk/informalsystems_hermes-sdk_4izhny_y/crates/cosmos/cosmos-chain-preset)
    Checking hermes-wasm-test-components v0.1.0 (/tmp/nix-shell.uUVugk/informalsystems_hermes-sdk_4izhny_y/crates/wasm/wasm-test-components)
    Checking hermes-celestia-test-components v0.1.0 (/tmp/nix-shell.uUVugk/informalsystems_hermes-sdk_4izhny_y/crates/celestia/celestia-test-components)
    Checking hermes-wasm-client-components v0.1.0 (/tmp/nix-shell.uUVugk/informalsystems_hermes-sdk_4izhny_y/crates/wasm/wasm-client-components)
    Checking hermes-any-counterparty v0.1.0 (/tmp/nix-shell.uUVugk/informalsystems_hermes-sdk_4izhny_y/crates/any/any-counterparty)
    Checking hermes-cosmos-core v0.1.0 (/tmp/nix-shell.uUVugk/informalsystems_hermes-sdk_4izhny_y/crates/cosmos/cosmos-core)
    Checking hermes-cosmos-relayer v0.1.0 (/tmp/nix-shell.uUVugk/informalsystems_hermes-sdk_4izhny_y/crates/cosmos/cosmos-relayer)
    Checking hermes-cosmos-integration-tests v0.1.0 (/tmp/nix-shell.uUVugk/informalsystems_hermes-sdk_4izhny_y/crates/cosmos/cosmos-integration-tests)
    Checking hermes-cli-framework v0.1.0 (/tmp/nix-shell.uUVugk/informalsystems_hermes-sdk_4izhny_y/crates/cli/cli-framework)
    Checking hermes-cosmos-wasm-relayer v0.1.0 (/tmp/nix-shell.uUVugk/informalsystems_hermes-sdk_4izhny_y/crates/cosmos/cosmos-wasm-relayer)
    Checking hermes-celestia-integration-tests v0.1.0 (/tmp/nix-shell.uUVugk/informalsystems_hermes-sdk_4izhny_y/crates/celestia/celestia-integration-tests)
error[E0275]: overflow evaluating the requirement `CosmosToWasmCosmosRelay: CanRun`
   --> crates/cosmos/cosmos-wasm-relayer/src/context/cosmos_to_wasm_cosmos_relay.rs:127:40
    |
127 | impl CanUseCosmosToWasmCosmosRelay for CosmosToWasmCosmosRelay {}
    |                                        ^^^^^^^^^^^^^^^^^^^^^^^
    |
    = help: consider increasing the recursion limit by adding a `#![recursion_limit = "256"]` attribute to your crate (`hermes_cosmos_wasm_relayer`)
note: required by a bound in `CanUseCosmosToWasmCosmosRelay`
   --> crates/cosmos/cosmos-wasm-relayer/src/context/cosmos_to_wasm_cosmos_relay.rs:119:7
    |
115 | pub trait CanUseCosmosToWasmCosmosRelay:
    |           ----------------------------- required by a bound in this trait
...
119 |     + CanRun
    |       ^^^^^^ required by this bound in `CanUseCosmosToWasmCosmosRelay`

error[E0275]: overflow evaluating the requirement `CosmosToWasmCosmosRelay: CanBootstrapChannel`
   --> crates/cosmos/cosmos-wasm-relayer/src/context/cosmos_to_wasm_cosmos_relay.rs:127:40
    |
127 | impl CanUseCosmosToWasmCosmosRelay for CosmosToWasmCosmosRelay {}
    |                                        ^^^^^^^^^^^^^^^^^^^^^^^
    |
    = help: consider increasing the recursion limit by adding a `#![recursion_limit = "256"]` attribute to your crate (`hermes_cosmos_wasm_relayer`)
note: required by a bound in `CanUseCosmosToWasmCosmosRelay`
   --> crates/cosmos/cosmos-wasm-relayer/src/context/cosmos_to_wasm_cosmos_relay.rs:118:7
    |
115 | pub trait CanUseCosmosToWasmCosmosRelay:
    |           ----------------------------- required by a bound in this trait
...
118 |     + CanBootstrapChannel
    |       ^^^^^^^^^^^^^^^^^^^ required by this bound in `CanUseCosmosToWasmCosmosRelay`

error[E0275]: overflow evaluating the requirement `CosmosToWasmCosmosRelay: CanBootstrapConnection`
   --> crates/cosmos/cosmos-wasm-relayer/src/context/cosmos_to_wasm_cosmos_relay.rs:127:40
    |
127 | impl CanUseCosmosToWasmCosmosRelay for CosmosToWasmCosmosRelay {}
    |                                        ^^^^^^^^^^^^^^^^^^^^^^^
    |
    = help: consider increasing the recursion limit by adding a `#![recursion_limit = "256"]` attribute to your crate (`hermes_cosmos_wasm_relayer`)
note: required by a bound in `CanUseCosmosToWasmCosmosRelay`
   --> crates/cosmos/cosmos-wasm-relayer/src/context/cosmos_to_wasm_cosmos_relay.rs:117:7
    |
115 | pub trait CanUseCosmosToWasmCosmosRelay:
    |           ----------------------------- required by a bound in this trait
116 |     CanRelayPacket
117 |     + CanBootstrapConnection
    |       ^^^^^^^^^^^^^^^^^^^^^^ required by this bound in `CanUseCosmosToWasmCosmosRelay`

error[E0275]: overflow evaluating the requirement `CosmosToWasmCosmosRelay: CanRelayPacket`
   --> crates/cosmos/cosmos-wasm-relayer/src/context/cosmos_to_wasm_cosmos_relay.rs:127:40
    |
127 | impl CanUseCosmosToWasmCosmosRelay for CosmosToWasmCosmosRelay {}
    |                                        ^^^^^^^^^^^^^^^^^^^^^^^
    |
    = help: consider increasing the recursion limit by adding a `#![recursion_limit = "256"]` attribute to your crate (`hermes_cosmos_wasm_relayer`)
note: required by a bound in `CanUseCosmosToWasmCosmosRelay`
   --> crates/cosmos/cosmos-wasm-relayer/src/context/cosmos_to_wasm_cosmos_relay.rs:116:5
    |
115 | pub trait CanUseCosmosToWasmCosmosRelay:
    |           ----------------------------- required by a bound in this trait
116 |     CanRelayPacket
    |     ^^^^^^^^^^^^^^ required by this bound in `CanUseCosmosToWasmCosmosRelay`

error[E0275]: overflow evaluating the requirement `WasmCosmosRelay: CanRun`
   --> crates/cosmos/cosmos-wasm-relayer/src/context/wasm_cosmos_relay.rs:126:32
    |
126 | impl CanUseWasmCosmosRelay for WasmCosmosRelay {}
    |                                ^^^^^^^^^^^^^^^
    |
    = help: consider increasing the recursion limit by adding a `#![recursion_limit = "256"]` attribute to your crate (`hermes_cosmos_wasm_relayer`)
note: required by a bound in `CanUseWasmCosmosRelay`
   --> crates/cosmos/cosmos-wasm-relayer/src/context/wasm_cosmos_relay.rs:118:7
    |
114 | pub trait CanUseWasmCosmosRelay:
    |           --------------------- required by a bound in this trait
...
118 |     + CanRun
    |       ^^^^^^ required by this bound in `CanUseWasmCosmosRelay`

error[E0275]: overflow evaluating the requirement `WasmCosmosRelay: CanBootstrapChannel`
   --> crates/cosmos/cosmos-wasm-relayer/src/context/wasm_cosmos_relay.rs:126:32
    |
126 | impl CanUseWasmCosmosRelay for WasmCosmosRelay {}
    |                                ^^^^^^^^^^^^^^^
    |
    = help: consider increasing the recursion limit by adding a `#![recursion_limit = "256"]` attribute to your crate (`hermes_cosmos_wasm_relayer`)
note: required by a bound in `CanUseWasmCosmosRelay`
   --> crates/cosmos/cosmos-wasm-relayer/src/context/wasm_cosmos_relay.rs:117:7
    |
114 | pub trait CanUseWasmCosmosRelay:
    |           --------------------- required by a bound in this trait
...
117 |     + CanBootstrapChannel
    |       ^^^^^^^^^^^^^^^^^^^ required by this bound in `CanUseWasmCosmosRelay`

error[E0275]: overflow evaluating the requirement `WasmCosmosRelay: CanBootstrapConnection`
   --> crates/cosmos/cosmos-wasm-relayer/src/context/wasm_cosmos_relay.rs:126:32
    |
126 | impl CanUseWasmCosmosRelay for WasmCosmosRelay {}
    |                                ^^^^^^^^^^^^^^^
    |
    = help: consider increasing the recursion limit by adding a `#![recursion_limit = "256"]` attribute to your crate (`hermes_cosmos_wasm_relayer`)
note: required by a bound in `CanUseWasmCosmosRelay`
   --> crates/cosmos/cosmos-wasm-relayer/src/context/wasm_cosmos_relay.rs:116:7
    |
114 | pub trait CanUseWasmCosmosRelay:
    |           --------------------- required by a bound in this trait
115 |     CanRelayPacket
116 |     + CanBootstrapConnection
    |       ^^^^^^^^^^^^^^^^^^^^^^ required by this bound in `CanUseWasmCosmosRelay`

error[E0275]: overflow evaluating the requirement `WasmCosmosRelay: CanRelayPacket`
   --> crates/cosmos/cosmos-wasm-relayer/src/context/wasm_cosmos_relay.rs:126:32
    |
126 | impl CanUseWasmCosmosRelay for WasmCosmosRelay {}
    |                                ^^^^^^^^^^^^^^^
    |
    = help: consider increasing the recursion limit by adding a `#![recursion_limit = "256"]` attribute to your crate (`hermes_cosmos_wasm_relayer`)
note: required by a bound in `CanUseWasmCosmosRelay`
   --> crates/cosmos/cosmos-wasm-relayer/src/context/wasm_cosmos_relay.rs:115:5
    |
114 | pub trait CanUseWasmCosmosRelay:
    |           --------------------- required by a bound in this trait
115 |     CanRelayPacket
    |     ^^^^^^^^^^^^^^ required by this bound in `CanUseWasmCosmosRelay`

For more information about this error, try `rustc --explain E0275`.
error: could not compile `hermes-cosmos-wasm-relayer` (lib) due to 8 previous errors
