Running as unit: run-p1168462-i13748769.scope; invocation ID: 4e3481da7f7247e48553767363a09fcd
    Updating `tuna` index
     Locking 394 packages to latest compatible versions
      Adding generic-array v0.14.7 (available: v0.14.9)
 Downloading crates ...
  Downloaded schemars_derive v1.2.1 (registry `tuna`)
   Compiling proc-macro2 v1.0.106
   Compiling quote v1.0.44
   Compiling unicode-ident v1.0.23
   Compiling libc v0.2.181
    Checking cfg-if v1.0.4
   Compiling zerocopy v0.8.39
   Compiling version_check v0.9.5
   Compiling serde_core v1.0.228
    Checking once_cell v1.21.3
    Checking memchr v2.8.0
    Checking scopeguard v1.2.0
   Compiling serde v1.0.228
    Checking lock_api v0.4.14
    Checking smallvec v1.15.1
    Checking log v0.4.29
    Checking pin-project-lite v0.2.16
   Compiling zmij v1.0.21
    Checking zeroize v1.8.2
   Compiling getrandom v0.3.4
    Checking itoa v1.0.17
   Compiling rustversion v1.0.22
   Compiling allocator-api2 v0.2.21
   Compiling anyhow v1.0.101
   Compiling syn v2.0.115
    Checking spin v0.9.8
   Compiling ref-cast v1.0.25
   Compiling portable-atomic v1.13.1
    Checking getrandom v0.2.17
   Compiling foldhash v0.2.0
   Compiling parking_lot_core v0.9.12
   Compiling paste v1.0.15
    Checking bytes v1.11.1
   Compiling equivalent v1.0.2
   Compiling hashbrown v0.16.1
    Checking lazy_static v1.5.0
    Checking tracing-core v0.1.36
   Compiling libm v0.2.16
    Checking subtle v2.6.1
   Compiling rand_core v0.6.4
    Checking errno v0.3.14
    Checking socket2 v0.6.2
    Checking signal-hook-registry v1.4.8
    Checking parking_lot v0.12.5
    Checking mio v1.1.1
   Compiling ahash v0.8.12
    Checking futures-sink v0.3.31
    Checking futures-core v0.3.31
   Compiling find-msvc-tools v0.1.9
   Compiling autocfg v1.5.0
   Compiling shlex v1.3.0
   Compiling serde_json v1.0.149
   Compiling cc v1.2.55
   Compiling num-traits v0.2.19
    Checking zenoh-result v1.7.2
    Checking rustls-pki-types v1.14.0
    Checking powerfmt v0.2.0
   Compiling typenum v1.19.0
   Compiling dyn-clone v1.0.20
   Compiling typeid v1.0.3
   Compiling time-core v0.1.8
    Checking ppv-lite86 v0.2.21
   Compiling either v1.15.0
    Checking slab v0.4.12
   Compiling num-conv v0.2.0
   Compiling token-cell v2.1.1
    Checking deranged v0.5.6
   Compiling ring v0.17.14
   Compiling time-macros v0.2.27
    Checking rand_chacha v0.3.1
    Checking rand v0.8.5
   Compiling hashbrown v0.14.5
   Compiling synstructure v0.13.2
   Compiling serde_derive_internals v0.29.1
   Compiling keyed-set v1.1.0
    Checking bitflags v2.10.0
   Compiling generic-array v0.14.7
   Compiling cfg_aliases v0.2.1
   Compiling zenoh-macros v1.7.2
   Compiling thiserror v2.0.18
    Checking time v0.3.47
    Checking futures-channel v0.3.31
    Checking futures-task v0.3.31
    Checking pin-utils v0.1.0
    Checking untrusted v0.9.0
   Compiling ucd-trie v0.1.7
    Checking futures-io v0.3.31
   Compiling fnv v1.0.7
   Compiling pest v2.8.6
   Compiling unicode-xid v0.2.6
   Compiling rustls v0.23.36
   Compiling ident_case v1.0.1
   Compiling strsim v0.11.1
   Compiling const_format_proc_macros v0.2.34
    Checking num-integer v0.1.46
   Compiling serde_derive v1.0.228
   Compiling ref-cast-impl v1.0.25
   Compiling displaydoc v0.2.5
   Compiling schemars_derive v1.2.1
   Compiling tracing-attributes v0.1.31
   Compiling tokio-macros v2.6.0
   Compiling thiserror-impl v2.0.18
   Compiling futures-macro v0.3.31
    Checking tokio v1.49.0
    Checking futures-util v0.3.31
   Compiling zerofrom-derive v0.1.6
    Checking tracing v0.1.44
    Checking rustls-webpki v0.103.9
   Compiling pest_meta v2.8.6
   Compiling darling_core v0.21.3
   Compiling yoke-derive v0.8.1
    Checking zenoh-collections v1.7.2
    Checking zerofrom v0.1.6
    Checking const-oid v0.9.6
    Checking minimal-lexical v0.2.1
    Checking humantime v2.3.0
    Checking option-ext v0.2.0
    Checking regex-syntax v0.8.9
    Checking stable_deref_trait v1.2.1
    Checking yoke v0.8.1
    Checking ron v0.12.0
   Compiling schemars v1.2.1
    Checking dirs-sys v0.5.0
    Checking nom v7.1.3
    Checking zenoh-buffers v1.7.2
    Checking regex-automata v0.4.14
   Compiling pest_generator v2.8.6
   Compiling zenoh-keyexpr v1.7.2
   Compiling darling_macro v0.21.3
    Checking const_format v0.2.35
    Checking rand_core v0.9.5
    Checking spin v0.10.0
    Checking siphasher v1.0.2
    Checking no-std-net v0.6.0
    Checking pnet_base v0.35.0
    Checking uhlc v0.8.2
   Compiling darling v0.21.3
    Checking rand_chacha v0.9.0
   Compiling pest_derive v2.8.6
    Checking dirs v6.0.0
    Checking matchers v0.2.0
    Checking ipnetwork v0.20.0
    Checking tracing-serde v0.2.0
    Checking crypto-common v0.1.7
   Compiling asn1-rs-impl v0.2.0
    Checking rusticata-macros v4.1.0
   Compiling unzip-n v0.1.4
   Compiling asn1-rs-derive v0.6.0
   Compiling zerovec-derive v0.11.2
    Checking indexmap v2.13.0
    Checking tracing-log v0.2.0
    Checking sharded-slab v0.1.7
    Checking nanorand v0.7.0
    Checking pnet_sys v0.35.0
    Checking thread_local v1.1.9
    Checking openssl-probe v0.2.1
    Checking nu-ansi-term v0.50.3
   Compiling crossbeam-utils v0.8.21
    Checking rustls-native-certs v0.8.3
    Checking flume v0.11.1
    Checking pnet_datalink v0.35.0
    Checking zenoh-protocol v1.7.2
    Checking zenoh-runtime v1.7.2
    Checking tracing-subscriber v0.3.22
    Checking json5 v0.4.1
    Checking asn1-rs v0.7.1
   Compiling validated_struct_macros v2.2.0
    Checking zerovec v0.11.5
    Checking shellexpand v3.1.1
    Checking zenoh-core v1.7.2
    Checking rand v0.9.2
   Compiling serde_with_macros v3.16.1
    Checking futures-executor v0.3.31
   Compiling async-trait v0.1.89
   Compiling quinn-udp v0.5.14
    Checking libloading v0.8.9
    Checking unsafe-libyaml v0.2.11
   Compiling oid-registry v0.8.1
    Checking tinyvec_macros v0.1.1
    Checking home v0.5.12
    Checking ryu v1.0.23
    Checking data-encoding v2.10.0
    Checking tinyvec v1.10.0
    Checking validated_struct v2.2.0
    Checking fastbloom v0.14.1
    Checking futures v0.3.31
    Checking rustls-platform-verifier v0.6.2
    Checking nonempty-collections v0.3.1
    Checking secrecy v0.8.0
    Checking block-buffer v0.10.4
    Checking serde_yaml v0.9.34+deprecated
    Checking num-bigint v0.4.6
    Checking serde_with v3.16.1
   Compiling quinn v0.11.9
    Checking num_cpus v1.17.0
    Checking zenoh-util v1.7.2
    Checking rustc-hash v2.1.1
    Checking lru-slab v0.1.2
    Checking digest v0.10.7
    Checking quinn-proto v0.11.13
    Checking tokio-util v0.7.18
    Checking tinystr v0.8.2
    Checking zenoh-codec v1.7.2
    Checking rustls-pemfile v2.2.0
    Checking webpki-roots v1.0.6
    Checking socket2 v0.5.10
    Checking litemap v0.8.1
    Checking base64 v0.22.1
    Checking writeable v0.6.2
    Checking potential_utf v0.1.4
    Checking icu_locale_core v2.1.1
    Checking zerotrie v0.2.3
    Checking der-parser v10.0.0
   Compiling icu_normalizer_data v2.1.1
   Compiling icu_properties_data v2.1.2
    Checking icu_collections v2.1.1
   Compiling semver v1.0.27
    Checking cpufeatures v0.2.17
   Compiling rustc_version v0.4.1
    Checking base64ct v1.8.3
   Compiling winnow v0.7.14
   Compiling httparse v1.10.1
    Checking icu_provider v2.1.1
   Compiling thiserror v1.0.69
    Checking pem-rfc7468 v0.7.0
    Checking icu_normalizer v2.1.1
    Checking icu_properties v2.1.2
    Checking x509-parser v0.18.1
   Compiling thiserror-impl v1.0.69
   Compiling syn v1.0.109
   Compiling toml_datetime v0.7.5+spec-1.1.0
    Checking zenoh-config v1.7.2
    Checking der v0.7.10
    Checking sha1 v0.10.6
    Checking concurrent-queue v2.5.0
    Checking idna_adapter v1.2.1
   Compiling nix v0.29.0
    Checking http v1.4.0
    Checking parking v2.2.1
    Checking percent-encoding v2.3.2
    Checking byteorder v1.5.0
   Compiling stabby-macros v72.1.1
    Checking utf8_iter v1.0.4
    Checking utf-8 v0.7.6
    Checking idna v1.1.0
    Checking form_urlencoded v1.2.2
    Checking event-listener v5.4.1
   Compiling stabby-abi v72.1.1
    Checking spki v0.7.3
    Checking crossbeam-epoch v0.9.18
    Checking tungstenite v0.24.0
    Checking tokio-rustls v0.26.4
    Checking inout v0.1.4
    Checking arc-swap v1.8.1
   Compiling num-bigint-dig v0.8.6
    Checking tls-listener v0.11.2
    Checking crossbeam-deque v0.8.6
    Checking zenoh-sync v1.7.2
   Compiling phf_shared v0.13.1
    Checking cipher v0.4.4
    Checking tokio-tungstenite v0.24.0
    Checking pkcs8 v0.10.2
    Checking url v2.5.8
   Compiling toml_parser v1.0.8+spec-1.1.0
    Checking crossbeam-channel v0.5.15
    Checking crossbeam-queue v0.3.12
    Checking num-iter v0.1.45
    Checking uuid v1.20.0
   Compiling stabby v72.1.1
    Checking sha2-const-stable v0.1.0
   Compiling crc32fast v1.5.0
    Checking keccak v0.1.5
   Compiling fastrand v2.3.0
    Checking crossbeam v0.8.4
   Compiling toml_edit v0.23.10+spec-1.0.0
    Checking sha3 v0.10.8
   Compiling phf_generator v0.13.1
    Checking aes v0.8.4
    Checking pkcs1 v0.7.5
    Checking signature v2.2.0
    Checking hmac v0.12.1
   Compiling git-version-macro v0.3.9
    Checking simd-adler32 v0.3.8
    Checking foldhash v0.1.5
    Checking adler2 v2.0.1
    Checking twox-hash v2.1.2
    Checking array-init v2.1.0
    Checking zenoh-crypto v1.7.2
    Checking ringbuffer-spsc v0.1.15
    Checking lz4_flex v0.11.5
    Checking miniz_oxide v0.8.9
    Checking hashbrown v0.15.5
   Compiling proc-macro-crate v3.4.0
    Checking rsa v0.9.10
    Checking git-version v0.3.9
   Compiling phf_macros v0.13.1
   Compiling zenoh v1.7.2
    Checking zenoh-task v1.7.2
    Checking fixedbitset v0.5.7
    Checking zenoh-link-commons v1.7.2
    Checking flate2 v1.1.9
    Checking itertools v0.14.0
    Checking vec_map v0.8.2
    Checking petgraph v0.8.3
    Checking phf v0.13.1
    Checking zenoh-link-tcp v1.7.2
    Checking zenoh-link-ws v1.7.2
    Checking zenoh-link-unixsock_stream v1.7.2
    Checking zenoh-link-udp v1.7.2
    Checking zenoh-link-quic_datagram v1.7.2
    Checking zenoh-link-quic v1.7.2
    Checking zenoh-link-tls v1.7.2
    Checking zenoh-link v1.7.2
    Checking zenoh-transport v1.7.2
    Checking zenoh-plugin-trait v1.7.2
error[E0275]: overflow evaluating the requirement `impl Resolve<Result<(), Box<(dyn IError + std::marker::Send + std::marker::Sync + 'static)>>> == QueryableUndeclaration<Handler>`
   --> /home/adwin/.cargo/registry/src/mirrors.tuna.tsinghua.edu.cn-4dc01642fd091eda/zenoh-1.7.2/src/api/queryable.rs:712:9
    |
712 |         UndeclarableSealed::undeclare_inner(self, ())
    |         ^^^^^^^^^^^^^^^^^^^^^^^^^^^^^^^^^^^^^^^^^^^^^
    |
    = help: consider increasing the recursion limit by adding a `#![recursion_limit = "256"]` attribute to your crate (`zenoh`)

error[E0275]: overflow evaluating the requirement `QueryableUndeclaration<Handler> <: impl Resolve<Result<(), Box<(dyn IError + std::marker::Send + std::marker::Sync + 'static)>>>`
   --> /home/adwin/.cargo/registry/src/mirrors.tuna.tsinghua.edu.cn-4dc01642fd091eda/zenoh-1.7.2/src/api/queryable.rs:711:5
    |
711 | /     {
712 | |         UndeclarableSealed::undeclare_inner(self, ())
713 | |     }
    | |_____^
    |
    = help: consider increasing the recursion limit by adding a `#![recursion_limit = "256"]` attribute to your crate (`zenoh`)

error[E0275]: overflow evaluating the requirement `impl Resolve<Result<(), Box<(dyn IError + std::marker::Send + std::marker::Sync + 'static)>>> == _`
   --> /home/adwin/.cargo/registry/src/mirrors.tuna.tsinghua.edu.cn-4dc01642fd091eda/zenoh-1.7.2/src/api/queryable.rs:708:5
    |
708 | /     pub fn undeclare(self) -> impl Resolve<ZResult<()>>
709 | |     where
710 | |         Handler: Send,
    | |______________________^
    |
    = help: consider increasing the recursion limit by adding a `#![recursion_limit = "256"]` attribute to your crate (`zenoh`)

error[E0275]: overflow evaluating the requirement `impl Resolve<Result<KeyExpr<'b>, Box<(dyn IError + std::marker::Send + std::marker::Sync + 'static)>>> + 'a == ResolveClosure<{closure@...}, ...>`
    --> /home/adwin/.cargo/registry/src/mirrors.tuna.tsinghua.edu.cn-4dc01642fd091eda/zenoh-1.7.2/src/api/session.rs:1118:9
     |
1118 |         ResolveClosure::new(move || key_expr?.declare(self, true))
     |         ^^^^^^^^^^^^^^^^^^^^^^^^^^^^^^^^^^^^^^^^^^^^^^^^^^^^^^^^^^
     |
     = help: consider increasing the recursion limit by adding a `#![recursion_limit = "256"]` attribute to your crate (`zenoh`)

error[E0275]: overflow evaluating the requirement `ResolveClosure<{closure@/home/adwin/.cargo/registry/src/mirrors.tuna.tsinghua.edu.cn-4dc01642fd091eda/zenoh-1.7.2/src/api/session.rs:1118:29: 1118:36}, Result<KeyExpr<'_>, Box<dyn IError + std::marker::Send + std::marker::Sync>>> <: impl Resolve<...> + 'a`
    --> /home/adwin/.cargo/registry/src/mirrors.tuna.tsinghua.edu.cn-4dc01642fd091eda/zenoh-1.7.2/src/api/session.rs:1116:5
     |
1116 | /     {
1117 | |         let key_expr: ZResult<KeyExpr> = key_expr.try_into().map_err(Into::into);
1118 | |         ResolveClosure::new(move || key_expr?.declare(self, true))
1119 | |     }
     | |_____^
     |
     = help: consider increasing the recursion limit by adding a `#![recursion_limit = "256"]` attribute to your crate (`zenoh`)

error[E0275]: overflow evaluating the requirement `impl Resolve<Result<KeyExpr<'b>, Box<(dyn IError + std::marker::Send + std::marker::Sync + 'static)>>> + 'a == _`
    --> /home/adwin/.cargo/registry/src/mirrors.tuna.tsinghua.edu.cn-4dc01642fd091eda/zenoh-1.7.2/src/api/session.rs:1109:5
     |
1109 | /     pub fn declare_keyexpr<'a, 'b: 'a, TryIntoKeyExpr>(
1110 | |         &'a self,
1111 | |         key_expr: TryIntoKeyExpr,
1112 | |     ) -> impl Resolve<ZResult<KeyExpr<'b>>> + 'a
1113 | |     where
1114 | |         TryIntoKeyExpr: TryInto<KeyExpr<'b>>,
1115 | |         <TryIntoKeyExpr as TryInto<KeyExpr<'b>>>::Error: Into<zenoh_result::Error>,
     | |___________________________________________________________________________________^
     |
     = help: consider increasing the recursion limit by adding a `#![recursion_limit = "256"]` attribute to your crate (`zenoh`)

error[E0275]: overflow evaluating the requirement `impl Resolve<Result<std::option::Option<u16>, Box<(dyn IError + std::marker::Send + std::marker::Sync + 'static)>>> + 'a == ResolveClosure<..., ...>`
    --> /home/adwin/.cargo/registry/src/mirrors.tuna.tsinghua.edu.cn-4dc01642fd091eda/zenoh-1.7.2/src/api/session.rs:1300:9
     |
1300 | /         ResolveClosure::new(move || {
1301 | |             trace!("declare_prefix({:?})", prefix);
1302 | |             let mut state = zwrite!(self.state);
1303 | |             let primitives = state.primitives()?;
...    |
1359 | |         })
     | |__________^
     |
     = help: consider increasing the recursion limit by adding a `#![recursion_limit = "256"]` attribute to your crate (`zenoh`)

error[E0275]: overflow evaluating the requirement `ResolveClosure<{closure@/home/adwin/.cargo/registry/src/mirrors.tuna.tsinghua.edu.cn-4dc01642fd091eda/zenoh-1.7.2/src/api/session.rs:1300:29: 1300:36}, Result<std::option::Option<u16>, Box<(dyn IError + std::marker::Send + std::marker::Sync + 'static)>>> <: ...`
    --> /home/adwin/.cargo/registry/src/mirrors.tuna.tsinghua.edu.cn-4dc01642fd091eda/zenoh-1.7.2/src/api/session.rs:1299:53
     |
1299 |       ) -> impl Resolve<ZResult<Option<ExprId>>> + 'a {
     |  _____________________________________________________^
1300 | |         ResolveClosure::new(move || {
1301 | |             trace!("declare_prefix({:?})", prefix);
1302 | |             let mut state = zwrite!(self.state);
...    |
1359 | |         })
1360 | |     }
     | |_____^
     |
     = help: consider increasing the recursion limit by adding a `#![recursion_limit = "256"]` attribute to your crate (`zenoh`)

error[E0275]: overflow evaluating the requirement `impl Resolve<Result<std::option::Option<u16>, Box<(dyn IError + std::marker::Send + std::marker::Sync + 'static)>>> + 'a == _`
    --> /home/adwin/.cargo/registry/src/mirrors.tuna.tsinghua.edu.cn-4dc01642fd091eda/zenoh-1.7.2/src/api/session.rs:1295:5
     |
1295 | /     pub(crate) fn declare_prefix<'a>(
1296 | |         &'a self,
1297 | |         prefix: &'a str,
1298 | |         force: bool,
1299 | |     ) -> impl Resolve<ZResult<Option<ExprId>>> + 'a {
     | |___________________________________________________^
     |
     = help: consider increasing the recursion limit by adding a `#![recursion_limit = "256"]` attribute to your crate (`zenoh`)

error[E0275]: overflow evaluating the requirement `impl Resolve<Result<MatchingStatus, Box<(dyn IError + std::marker::Send + std::marker::Sync + 'static)>>> + '_ == ResolveFuture<{async block@/home/adwin/.cargo/registry/src/mirrors.tuna.tsinghua.edu.cn-4dc01642fd091eda/zenoh-1.7.2/src/api/publisher.rs:318:40: 318:50}, ...>`
   --> /home/adwin/.cargo/registry/src/mirrors.tuna.tsinghua.edu.cn-4dc01642fd091eda/zenoh-1.7.2/src/api/publisher.rs:317:5
    |
317 |     pub fn matching_status(&self) -> impl Resolve<ZResult<MatchingStatus>> + '_ {
    |     ^^^^^^^^^^^^^^^^^^^^^^^^^^^^^^^^^^^^^^^^^^^^^^^^^^^^^^^^^^^^^^^^^^^^^^^^^^^
    |
    = help: consider increasing the recursion limit by adding a `#![recursion_limit = "256"]` attribute to your crate (`zenoh`)

error[E0275]: overflow evaluating the requirement `impl Resolve<Result<MatchingStatus, Box<(dyn IError + std::marker::Send + std::marker::Sync + 'static)>>> + '_ == ResolveFuture<{async block@/home/adwin/.cargo/registry/src/mirrors.tuna.tsinghua.edu.cn-4dc01642fd091eda/zenoh-1.7.2/src/api/publisher.rs:318:40: 318:50}, ...>`
   --> /home/adwin/.cargo/registry/src/mirrors.tuna.tsinghua.edu.cn-4dc01642fd091eda/zenoh-1.7.2/src/api/publisher.rs:318:9
    |
318 | /         zenoh_core::ResolveFuture::new(async move {
319 | |             self.session.matching_status(
320 | |                 self.key_expr(),
321 | |                 self.destination,
...   |
324 | |         })
    | |__________^
    |
    = help: consider increasing the recursion limit by adding a `#![recursion_limit = "256"]` attribute to your crate (`zenoh`)

error[E0275]: overflow evaluating the requirement `ResolveFuture<{async block@/home/adwin/.cargo/registry/src/mirrors.tuna.tsinghua.edu.cn-4dc01642fd091eda/zenoh-1.7.2/src/api/publisher.rs:318:40: 318:50}, Result<MatchingStatus, Box<dyn IError + std::marker::Send + std::marker::Sync>>> <: impl Resolve<...> + '_`
   --> /home/adwin/.cargo/registry/src/mirrors.tuna.tsinghua.edu.cn-4dc01642fd091eda/zenoh-1.7.2/src/api/publisher.rs:317:81
    |
317 |       pub fn matching_status(&self) -> impl Resolve<ZResult<MatchingStatus>> + '_ {
    |  _________________________________________________________________________________^
318 | |         zenoh_core::ResolveFuture::new(async move {
319 | |             self.session.matching_status(
320 | |                 self.key_expr(),
...   |
324 | |         })
325 | |     }
    | |_____^
    |
    = help: consider increasing the recursion limit by adding a `#![recursion_limit = "256"]` attribute to your crate (`zenoh`)

error[E0275]: overflow evaluating the requirement `impl Resolve<Result<MatchingStatus, Box<(dyn IError + std::marker::Send + std::marker::Sync + 'static)>>> + '_ == ResolveFuture<{async block@/home/adwin/.cargo/registry/src/mirrors.tuna.tsinghua.edu.cn-4dc01642fd091eda/zenoh-1.7.2/src/api/querier.rs:227:40: 227:50}, ...>`
   --> /home/adwin/.cargo/registry/src/mirrors.tuna.tsinghua.edu.cn-4dc01642fd091eda/zenoh-1.7.2/src/api/querier.rs:226:5
    |
226 |     pub fn matching_status(&self) -> impl Resolve<ZResult<MatchingStatus>> + '_ {
    |     ^^^^^^^^^^^^^^^^^^^^^^^^^^^^^^^^^^^^^^^^^^^^^^^^^^^^^^^^^^^^^^^^^^^^^^^^^^^
    |
    = help: consider increasing the recursion limit by adding a `#![recursion_limit = "256"]` attribute to your crate (`zenoh`)

error[E0275]: overflow evaluating the requirement `impl Resolve<Result<MatchingStatus, Box<(dyn IError + std::marker::Send + std::marker::Sync + 'static)>>> + '_ == ResolveFuture<{async block@/home/adwin/.cargo/registry/src/mirrors.tuna.tsinghua.edu.cn-4dc01642fd091eda/zenoh-1.7.2/src/api/querier.rs:227:40: 227:50}, ...>`
   --> /home/adwin/.cargo/registry/src/mirrors.tuna.tsinghua.edu.cn-4dc01642fd091eda/zenoh-1.7.2/src/api/querier.rs:227:9
    |
227 | /         zenoh_core::ResolveFuture::new(async move {
228 | |             self.session.matching_status(
229 | |                 self.key_expr(),
230 | |                 self.destination,
...   |
233 | |         })
    | |__________^
    |
    = help: consider increasing the recursion limit by adding a `#![recursion_limit = "256"]` attribute to your crate (`zenoh`)

error[E0275]: overflow evaluating the requirement `ResolveFuture<{async block@/home/adwin/.cargo/registry/src/mirrors.tuna.tsinghua.edu.cn-4dc01642fd091eda/zenoh-1.7.2/src/api/querier.rs:227:40: 227:50}, Result<MatchingStatus, Box<dyn IError + std::marker::Send + std::marker::Sync>>> <: impl Resolve<...> + '_`
   --> /home/adwin/.cargo/registry/src/mirrors.tuna.tsinghua.edu.cn-4dc01642fd091eda/zenoh-1.7.2/src/api/querier.rs:226:81
    |
226 |       pub fn matching_status(&self) -> impl Resolve<ZResult<MatchingStatus>> + '_ {
    |  _________________________________________________________________________________^
227 | |         zenoh_core::ResolveFuture::new(async move {
228 | |             self.session.matching_status(
229 | |                 self.key_expr(),
...   |
233 | |         })
234 | |     }
    | |_____^
    |
    = help: consider increasing the recursion limit by adding a `#![recursion_limit = "256"]` attribute to your crate (`zenoh`)

For more information about this error, try `rustc --explain E0275`.
error: could not compile `zenoh` (lib) due to 15 previous errors
