Running as unit: run-p2173147-i14753255.scope; invocation ID: fbc83ecbb80c4196a15495822a2b3a59
   Compiling proc-macro2 v1.0.95
   Compiling unicode-ident v1.0.18
   Compiling autocfg v1.4.0
   Compiling libc v0.2.172
    Checking pin-project-lite v0.2.16
    Checking futures-core v0.3.31
   Compiling typenum v1.18.0
   Compiling version_check v0.9.5
    Checking once_cell v1.21.3
    Checking itoa v1.0.15
    Checking cfg-if v1.0.0
    Checking tracing-core v0.1.33
   Compiling slab v0.4.9
   Compiling generic-array v0.14.7
    Checking memchr v2.7.4
    Checking bytes v1.10.1
   Compiling crossbeam-utils v0.8.21
   Compiling quote v1.0.40
    Checking zeroize v1.8.1
    Checking stable_deref_trait v1.2.0
    Checking parking v2.2.1
   Compiling syn v2.0.101
   Compiling shlex v1.3.0
    Checking subtle v2.6.1
   Compiling num-traits v0.2.19
    Checking futures-sink v0.3.31
    Checking smallvec v1.15.0
    Checking concurrent-queue v2.5.0
    Checking atomic-waker v1.1.2
    Checking socket2 v0.5.9
    Checking mio v1.0.3
    Checking event-listener v5.4.0
   Compiling jobserver v0.1.33
   Compiling icu_locid_transform_data v1.5.1
   Compiling fs_extra v1.3.0
    Checking litemap v0.7.5
    Checking writeable v0.5.5
   Compiling cc v1.2.21
   Compiling dunce v1.0.5
    Checking futures-io v0.3.31
    Checking fastrand v2.3.0
    Checking crypto-common v0.1.6
    Checking block-padding v0.3.3
    Checking block-buffer v0.10.4
    Checking inout v0.1.4
    Checking event-listener-strategy v0.5.4
    Checking digest v0.10.7
    Checking cipher v0.4.4
   Compiling rustix v0.38.44
   Compiling serde v1.0.219
    Checking base64ct v1.7.3
   Compiling icu_properties_data v1.5.1
    Checking futures-lite v2.6.0
    Checking pem-rfc7468 v0.7.0
    Checking bitflags v2.9.0
    Checking fnv v1.0.7
    Checking const-oid v0.9.6
    Checking minimal-lexical v0.2.1
    Checking powerfmt v0.2.0
    Checking flagset v0.4.7
   Compiling cmake v0.1.54
    Checking linux-raw-sys v0.4.15
   Compiling time-core v0.1.4
   Compiling icu_normalizer_data v1.5.1
   Compiling thiserror v2.0.12
   Compiling num-conv v0.1.0
   Compiling time-macros v0.2.22
    Checking nom v7.1.3
   Compiling aws-lc-sys v0.29.0
    Checking deranged v0.4.0
    Checking http v1.3.1
   Compiling zerocopy v0.8.25
   Compiling getrandom v0.3.2
    Checking percent-encoding v2.3.1
    Checking cpufeatures v0.2.17
    Checking pin-utils v0.1.0
   Compiling aws-lc-rs v1.13.1
    Checking time v0.3.41
    Checking num-integer v0.1.46
    Checking async-lock v3.4.0
    Checking rusticata-macros v4.1.0
    Checking rustls-pki-types v1.12.0
   Compiling synstructure v0.13.2
    Checking value-bag v1.11.1
    Checking futures-task v0.3.31
    Checking equivalent v1.0.2
    Checking hashbrown v0.15.3
   Compiling serde_json v1.0.140
    Checking write16 v1.0.0
    Checking utf8_iter v1.0.4
    Checking utf16_iter v1.0.5
    Checking futures-util v0.3.31
    Checking log v0.4.27
    Checking num-bigint v0.4.6
    Checking indexmap v2.9.0
    Checking http-body v1.0.1
    Checking hmac v0.12.1
    Checking ryu v1.0.20
    Checking async-task v4.7.1
   Compiling oid-registry v0.8.1
   Compiling tracing-attributes v0.1.28
   Compiling displaydoc v0.2.5
   Compiling zerofrom-derive v0.1.6
   Compiling yoke-derive v0.7.5
   Compiling zerovec-derive v0.10.3
   Compiling tokio-macros v2.5.0
    Checking tracing v0.1.41
   Compiling icu_provider_macros v1.5.0
   Compiling serde_derive v1.0.219
   Compiling der_derive v0.7.3
    Checking tokio v1.46.0
    Checking zerofrom v0.1.6
   Compiling thiserror-impl v2.0.12
    Checking yoke v0.7.5
    Checking zerovec v0.10.4
    Checking der v0.7.10
    Checking tinystr v0.7.6
    Checking icu_locid v1.5.0
    Checking icu_collections v1.5.0
    Checking spki v0.7.3
    Checking polling v3.7.4
   Compiling asn1-rs-derive v0.6.0
    Checking icu_provider v1.5.0
   Compiling asn1-rs-impl v0.2.0
    Checking icu_locid_transform v1.5.0
    Checking async-io v2.4.0
    Checking asn1-rs v0.7.1
    Checking icu_properties v1.5.1
    Checking x509-cert v0.2.5
    Checking tokio-util v0.7.15
    Checking ppv-lite86 v0.2.21
   Compiling async-trait v0.1.88
    Checking pbkdf2 v0.12.2
    Checking rand_core v0.9.3
    Checking sha2 v0.10.9
    Checking salsa20 v0.10.2
    Checking async-channel v2.3.1
    Checking piper v0.2.4
   Compiling anyhow v1.0.98
   Compiling httparse v1.10.1
   Compiling rustls v0.23.27
    Checking tower-service v0.3.3
    Checking icu_normalizer v1.5.0
    Checking untrusted v0.9.0
    Checking blocking v1.6.1
    Checking scrypt v0.11.0
    Checking rand_chacha v0.9.0
    Checking der-parser v10.0.0
    Checking cms v0.2.3
    Checking idna_adapter v1.2.0
    Checking async-executor v1.13.2
    Checking idna v1.0.3
    Checking form_urlencoded v1.2.1
    Checking aes v0.8.4
    Checking cbc v0.1.2
   Compiling either v1.15.0
    Checking openssl-probe v0.1.6
   Compiling rustversion v1.0.20
    Checking try-lock v0.2.5
    Checking lazy_static v1.5.0
    Checking data-encoding v2.9.0
    Checking want v0.3.1
    Checking pkcs12 v0.1.0
    Checking pkcs5 v0.7.1
   Compiling itertools v0.14.0
    Checking x509-parser v0.17.0
    Checking rustls-native-certs v0.8.1
    Checking url v2.5.4
    Checking rand v0.9.1
    Checking h2 v0.4.10
    Checking sha1 v0.10.6
    Checking rc2 v0.8.1
    Checking des v0.8.1
    Checking nom v8.0.0
   Compiling lock_api v0.4.12
    Checking futures-channel v0.3.31
    Checking httpdate v1.0.3
    Checking hex v0.4.3
    Checking sync_wrapper v1.0.2
    Checking cookie-factory v0.3.3
    Checking tower-layer v0.3.3
    Checking p12-keystore v0.1.5
    Checking http-body-util v0.1.3
   Compiling prost-derive v0.13.5
    Checking rustls-pemfile v2.2.0
    Checking mime v0.3.17
    Checking scopeguard v1.2.0
    Checking axum-core v0.5.2
    Checking tower v0.5.2
   Compiling pin-project-internal v1.1.10
    Checking hyper v1.6.0
    Checking prost v0.13.5
   Compiling amq-protocol v8.1.2
    Checking matchit v0.8.4
    Checking event-listener v2.5.3
    Checking async-channel v1.9.0
    Checking spin v0.9.8
    Checking hyper-util v0.1.11
    Checking async-global-executor v2.4.1
    Checking async-global-executor v3.1.0
    Checking pin-project v1.1.10
    Checking executor-trait v2.1.2
    Checking reactor-trait v2.0.0
    Checking tokio-stream v0.1.17
    Checking kv-log-macro v1.0.7
    Checking base64 v0.22.1
   Compiling lapin v3.0.0
    Checking async-std v1.13.1
    Checking async-reactor-trait v2.0.0
    Checking async-global-executor-trait v2.2.0
    Checking flume v0.11.1
    Checking prost-types v0.13.5
    Checking hyper-timeout v0.5.2
    Checking combine v4.6.7
    Checking sha1_smol v1.0.1
    Checking waker-fn v1.2.0
    Checking dotenv v0.15.0
    Checking axum v0.8.4
    Checking tonic v0.13.1
    Checking redis v0.32.3
    Checking tucana v0.0.31
    Checking amq-protocol-types v8.1.2
    Checking amq-protocol-uri v8.1.2
    Checking rustls-webpki v0.103.2
    Checking rustls-connector v0.21.7
    Checking tcp-stream v0.30.1
    Checking amq-protocol-tcp v8.1.2
error[E0275]: overflow evaluating the requirement `Box<PromiseResolver<Consumer>>: CoerceUnsized<Box<dyn Cancelable + Send>>`
   --> /home/adwin/.cargo/registry/src/mirrors.tuna.tsinghua.edu.cn-4dc01642fd091eda/lapin-3.0.0/src/generated.rs:442:17
    |
442 |                 Box::new(resolver),
    |                 ^^^^^^^^^^^^^^^^^^
    |
    = help: consider increasing the recursion limit by adding a `#![recursion_limit = "256"]` attribute to your crate (`lapin`)
    = note: required for the cast from `Box<PromiseResolver<Consumer>>` to `Box<(dyn Cancelable + Send + 'static)>`

error[E0275]: overflow evaluating the requirement `{async block@/home/adwin/.cargo/registry/src/mirrors.tuna.tsinghua.edu.cn-4dc01642fd091eda/lapin-3.0.0/src/channel.rs:947:52: 947:62}: Send`
   --> /home/adwin/.cargo/registry/src/mirrors.tuna.tsinghua.edu.cn-4dc01642fd091eda/lapin-3.0.0/src/channel.rs:947:27
    |
947 |         self.internal_rpc.register_internal_future(async move {
    |                           ^^^^^^^^^^^^^^^^^^^^^^^^
    |
    = help: consider increasing the recursion limit by adding a `#![recursion_limit = "256"]` attribute to your crate (`lapin`)
note: required by a bound in `InternalRPCHandle::register_internal_future`
   --> /home/adwin/.cargo/registry/src/mirrors.tuna.tsinghua.edu.cn-4dc01642fd091eda/lapin-3.0.0/src/internal_rpc.rs:156:47
    |
154 |     pub(crate) fn register_internal_future(
    |                   ------------------------ required by a bound in this associated function
155 |         &self,
156 |         f: impl Future<Output = Result<()>> + Send + 'static,
    |                                               ^^^^ required by this bound in `InternalRPCHandle::register_internal_future`

error[E0275]: overflow evaluating the requirement `Pin<Box<{async block@/home/adwin/.cargo/registry/src/mirrors.tuna.tsinghua.edu.cn-4dc01642fd091eda/lapin-3.0.0/src/connection.rs:347:29: 354:6}>>: CoerceUnsized<Pin<Box<dyn Future<Output = std::result::Result<..., ...>> + Send>>>`
   --> /home/adwin/.cargo/registry/src/mirrors.tuna.tsinghua.edu.cn-4dc01642fd091eda/lapin-3.0.0/src/connection.rs:347:29
    |
347 |       ) -> Result<Connection> {
    |  _____________________________^
348 | |         Connection::connector(
349 | |             self,
350 | |             Box::new(move |uri| AMQPUriTcpExt::connect_with_config(uri, config.as_ref())),
...   |
353 | |         .await
354 | |     }
    | |_____^
    |
    = help: consider increasing the recursion limit by adding a `#![recursion_limit = "256"]` attribute to your crate (`lapin`)
    = note: required for the cast from `Pin<Box<...>>` to `Pin<Box<dyn Future<Output = Result<Connection, Error>> + Send>>`
    = note: the full name for the type has been written to '/tmp/nix-shell.uUVugk/jakubbbdev_flow_r5jzqrcj/target/debug/deps/lapin-b49a8afe3ed04309.long-type-11723805207558018154.txt'
    = note: consider using `--verbose` to print the full type name to the console

error[E0275]: overflow evaluating the requirement `{async block@/home/adwin/.cargo/registry/src/mirrors.tuna.tsinghua.edu.cn-4dc01642fd091eda/lapin-3.0.0/src/internal_rpc.rs:326:53: 326:63}: Send`
   --> /home/adwin/.cargo/registry/src/mirrors.tuna.tsinghua.edu.cn-4dc01642fd091eda/lapin-3.0.0/src/internal_rpc.rs:326:28
    |
326 |                     handle.register_internal_future(async move {
    |                            ^^^^^^^^^^^^^^^^^^^^^^^^
    |
    = help: consider increasing the recursion limit by adding a `#![recursion_limit = "256"]` attribute to your crate (`lapin`)
note: required by a bound in `InternalRPCHandle::register_internal_future`
   --> /home/adwin/.cargo/registry/src/mirrors.tuna.tsinghua.edu.cn-4dc01642fd091eda/lapin-3.0.0/src/internal_rpc.rs:156:47
    |
154 |     pub(crate) fn register_internal_future(
    |                   ------------------------ required by a bound in this associated function
155 |         &self,
156 |         f: impl Future<Output = Result<()>> + Send + 'static,
    |                                               ^^^^ required by this bound in `InternalRPCHandle::register_internal_future`

For more information about this error, try `rustc --explain E0275`.
error: could not compile `lapin` (lib) due to 4 previous errors
warning: build failed, waiting for other jobs to finish...
