Running as unit: run-p2207407-i14787515.scope; invocation ID: 6ff172e3ed1448c2a898428835a8c222
    Blocking waiting for file lock on package cache
    Blocking waiting for file lock on package cache
   Compiling proc-macro2 v1.0.101
   Compiling quote v1.0.41
   Compiling unicode-ident v1.0.19
   Compiling serde_core v1.0.228
   Compiling thiserror v2.0.17
   Compiling libc v0.2.176
   Compiling version_check v0.9.5
   Compiling rustversion v1.0.22
    Checking memchr v2.7.6
    Checking stable_deref_trait v1.2.0
   Compiling log v0.4.28
   Compiling wasm-bindgen-shared v0.2.104
    Checking cfg-if v1.0.3
   Compiling syn v2.0.106
   Compiling serde v1.0.228
   Compiling bumpalo v3.19.0
    Checking pin-project-lite v0.2.16
   Compiling wasm-bindgen v0.2.104
    Checking futures-core v0.3.31
   Compiling smallvec v1.15.1
    Checking once_cell v1.21.3
   Compiling proc-macro-hack v0.5.20+deprecated
   Compiling autocfg v1.5.0
    Checking futures-sink v0.3.31
   Compiling parking_lot_core v0.9.11
   Compiling lock_api v0.4.13
    Checking futures-channel v0.3.31
   Compiling proc-macro-error-attr2 v2.0.0
   Compiling crossbeam-utils v0.8.21
    Checking futures-task v0.3.31
    Checking slab v0.4.11
    Checking futures-io v0.3.31
    Checking pin-utils v0.1.0
    Checking num_cpus v1.17.0
   Compiling unicode-segmentation v1.12.0
   Compiling anyhow v1.0.100
   Compiling semver v1.0.27
    Checking itoa v1.0.15
   Compiling typenum v1.19.0
   Compiling rustc_version v0.4.1
   Compiling convert_case v0.8.0
   Compiling same-file v1.0.6
    Checking scopeguard v1.2.0
    Checking rustc-hash v2.1.1
    Checking litemap v0.8.0
   Compiling thiserror v1.0.69
    Checking writeable v0.6.1
   Compiling walkdir v2.5.0
    Checking concurrent-queue v2.5.0
   Compiling proc-macro2-diagnostics v0.10.1
   Compiling generic-array v0.14.7
    Checking parking v2.2.1
   Compiling icu_properties_data v2.0.1
   Compiling unicode-xid v0.2.6
   Compiling icu_normalizer_data v2.0.0
   Compiling camino v1.2.1
   Compiling const_format_proc_macros v0.2.34
    Checking event-listener v5.4.1
   Compiling proc-macro-utils v0.10.0
    Checking throw_error v0.3.0 (https://github.com/WorldSEnder/leptos.git?branch=wasm-split-split#52c69deb)
   Compiling slotmap v1.0.7
   Compiling ident_case v1.0.1
    Checking equivalent v1.0.2
    Checking hashbrown v0.16.0
   Compiling fnv v1.0.7
   Compiling strsim v0.11.1
   Compiling serde_json v1.0.145
   Compiling paste v1.0.15
    Checking event-listener-strategy v0.5.4
   Compiling reactive_graph v0.2.8 (https://github.com/WorldSEnder/leptos.git?branch=wasm-split-split#52c69deb)
    Checking indexmap v2.11.4
   Compiling server_fn_macro v0.8.7 (https://github.com/WorldSEnder/leptos.git?branch=wasm-split-split#52c69deb)
    Checking send_wrapper v0.6.0
    Checking ryu v1.0.20
    Checking hashbrown v0.14.5
    Checking percent-encoding v2.3.2
    Checking or_poisoned v0.1.0 (https://github.com/WorldSEnder/leptos.git?branch=wasm-split-split#52c69deb)
    Checking async-lock v3.4.1
    Checking dashmap v6.1.0
   Compiling const_format v0.2.34
   Compiling synstructure v0.13.2
   Compiling wasm-bindgen-backend v0.2.104
   Compiling proc-macro-error2 v2.0.1
   Compiling darling_core v0.20.11
   Compiling aho-corasick v1.1.3
   Compiling regex-syntax v0.8.6
   Compiling xxhash-rust v0.8.15
    Checking guardian v1.3.0
    Checking either v1.15.0
    Checking itertools v0.14.0
   Compiling displaydoc v0.2.5
   Compiling thiserror-impl v2.0.17
   Compiling zerofrom-derive v0.1.6
   Compiling serde_derive v1.0.228
   Compiling yoke-derive v0.8.0
   Compiling zerovec-derive v0.11.1
   Compiling wasm-bindgen-macro-support v0.2.104
   Compiling tinystr v0.8.1
   Compiling unic-langid-impl v0.9.6
   Compiling unic-langid-macros-impl v0.9.6
    Checking zerofrom v0.1.6
   Compiling futures-macro v0.3.31
    Checking yoke v0.8.0
   Compiling thiserror-impl v1.0.69
   Compiling derive-where v1.6.0
    Checking zerovec v0.11.4
    Checking futures-util v0.3.31
   Compiling wasm-bindgen-macro v0.2.104
    Checking zerotrie v0.2.2
    Checking icu_locale_core v2.0.0
    Checking potential_utf v0.1.3
    Checking icu_collections v2.0.0
   Compiling unic-langid-macros v0.9.6
   Compiling darling_macro v0.20.11
    Checking js-sys v0.3.81
   Compiling syn_derive v0.2.0
    Checking icu_provider v2.0.0
    Checking icu_properties v2.0.1
    Checking icu_normalizer v2.0.0
   Compiling darling v0.20.11
   Compiling unic-langid v0.9.6
   Compiling regex-automata v0.4.11
   Compiling quote-use-macros v0.8.4
   Compiling pin-project-internal v1.1.10
   Compiling reactive_stores_macro v0.2.6 (https://github.com/WorldSEnder/leptos.git?branch=wasm-split-split#52c69deb)
    Checking futures-executor v0.3.31
    Checking idna_adapter v1.2.1
    Checking futures v0.3.31
    Checking hydration_context v0.3.0 (https://github.com/WorldSEnder/leptos.git?branch=wasm-split-split#52c69deb)
   Compiling crypto-common v0.1.6
   Compiling block-buffer v0.10.4
   Compiling manyhow-macros v0.11.4
    Checking parking_lot v0.12.4
   Compiling tachys v0.2.9 (https://github.com/WorldSEnder/leptos.git?branch=wasm-split-split#52c69deb)
    Checking winnow v0.7.13
   Compiling prettyplease v0.2.37
   Compiling yansi v1.0.1
    Checking utf8-width v0.1.7
    Checking utf8_iter v1.0.4
   Compiling getrandom v0.3.3
    Checking bytes v1.10.1
    Checking idna v1.1.0
   Compiling manyhow v0.11.4
    Checking html-escape v0.2.13
    Checking wasm-bindgen-futures v0.4.54
    Checking web-sys v0.3.81
    Checking http v1.3.1
    Checking any_spawner v0.3.0 (https://github.com/WorldSEnder/leptos.git?branch=wasm-split-split#52c69deb)
error[E0282]: type annotations needed for `&_`
   --> /home/adwin/.cargo/git/checkouts/leptos-91a1a811797b7646/52c69de/reactive_graph/src/computed/async_derived/arc_async_derived.rs:673:14
    |
673 |             |v| v.deref(),
    |              ^  - type must be known at this point
    |
help: consider giving this closure parameter an explicit type, where the placeholders `_` are specified
    |
673 |             |v: &_| v.deref(),
    |               ++++

error[E0282]: type annotations needed for `&mut _`
   --> /home/adwin/.cargo/git/checkouts/leptos-91a1a811797b7646/52c69de/reactive_graph/src/computed/async_derived/arc_async_derived.rs:674:14
    |
674 |             |v| v.deref_mut(),
    |              ^  - type must be known at this point
    |
help: consider giving this closure parameter an explicit type, where the placeholders `_` are specified
    |
674 |             |v: &mut _| v.deref_mut(),
    |               ++++++++

error[E0282]: type annotations needed for `&_`
   --> /home/adwin/.cargo/git/checkouts/leptos-91a1a811797b7646/52c69de/reactive_graph/src/computed/async_derived/arc_async_derived.rs:691:14
    |
691 |             |v| v.deref(),
    |              ^  - type must be known at this point
    |
help: consider giving this closure parameter an explicit type, where the placeholders `_` are specified
    |
691 |             |v: &_| v.deref(),
    |               ++++

error[E0282]: type annotations needed for `&mut _`
   --> /home/adwin/.cargo/git/checkouts/leptos-91a1a811797b7646/52c69de/reactive_graph/src/computed/async_derived/arc_async_derived.rs:692:14
    |
692 |             |v| v.deref_mut(),
    |              ^  - type must be known at this point
    |
help: consider giving this closure parameter an explicit type, where the placeholders `_` are specified
    |
692 |             |v: &mut _| v.deref_mut(),
    |               ++++++++

    Checking pin-project v1.1.10
error[E0282]: type annotations needed for `&_`
   --> /home/adwin/.cargo/git/checkouts/leptos-91a1a811797b7646/52c69de/reactive_graph/src/computed/async_derived/async_derived.rs:367:14
    |
367 |             |v| v.deref(),
    |              ^  - type must be known at this point
    |
help: consider giving this closure parameter an explicit type, where the placeholders `_` are specified
    |
367 |             |v: &_| v.deref(),
    |               ++++

error[E0282]: type annotations needed for `&mut _`
   --> /home/adwin/.cargo/git/checkouts/leptos-91a1a811797b7646/52c69de/reactive_graph/src/computed/async_derived/async_derived.rs:368:14
    |
368 |             |v| v.deref_mut(),
    |              ^  - type must be known at this point
    |
help: consider giving this closure parameter an explicit type, where the placeholders `_` are specified
    |
368 |             |v: &mut _| v.deref_mut(),
    |               ++++++++

error[E0282]: type annotations needed for `&_`
   --> /home/adwin/.cargo/git/checkouts/leptos-91a1a811797b7646/52c69de/reactive_graph/src/computed/async_derived/async_derived.rs:388:40
    |
388 |                 MappedMut::new(inner, |v| v.deref(), |v| v.deref_mut())
    |                                        ^  - type must be known at this point
    |
help: consider giving this closure parameter an explicit type, where the placeholders `_` are specified
    |
388 |                 MappedMut::new(inner, |v: &_| v.deref(), |v| v.deref_mut())
    |                                         ++++

error[E0282]: type annotations needed for `&mut _`
   --> /home/adwin/.cargo/git/checkouts/leptos-91a1a811797b7646/52c69de/reactive_graph/src/computed/async_derived/async_derived.rs:388:55
    |
388 |                 MappedMut::new(inner, |v| v.deref(), |v| v.deref_mut())
    |                                                       ^  - type must be known at this point
    |
help: consider giving this closure parameter an explicit type, where the placeholders `_` are specified
    |
388 |                 MappedMut::new(inner, |v| v.deref(), |v: &mut _| v.deref_mut())
    |                                                        ++++++++

   Compiling digest v0.10.7
   Compiling quote-use v0.8.4
    Checking oco_ref v0.2.1 (https://github.com/WorldSEnder/leptos.git?branch=wasm-split-split#52c69deb)
   Compiling async-trait v0.1.89
    Checking either_of v0.1.6 (https://github.com/WorldSEnder/leptos.git?branch=wasm-split-split#52c69deb)
error[E0282]: type annotations needed for `&_`
   --> /home/adwin/.cargo/git/checkouts/leptos-91a1a811797b7646/52c69de/reactive_graph/src/computed/async_derived/arc_async_derived.rs:648:59
    |
648 |             ReadGuard::new(Mapped::new_with_guard(plain, |v| v.deref()))
    |                                                           ^  - type must be known at this point
    |
help: consider giving this closure parameter an explicit type, where the placeholders `_` are specified
    |
648 |             ReadGuard::new(Mapped::new_with_guard(plain, |v: &_| v.deref()))
    |                                                            ++++

    Checking toml_parser v1.0.3
    Checking form_urlencoded v1.2.2
   Compiling server_fn v0.8.7 (https://github.com/WorldSEnder/leptos.git?branch=wasm-split-split#52c69deb)
    Checking serde_spanned v1.0.2
For more information about this error, try `rustc --explain E0282`.
error: could not compile `reactive_graph` (lib) due to 9 previous errors
warning: build failed, waiting for other jobs to finish...
