Running as unit: run-p1185692-i13765999.scope; invocation ID: e3c4decfa28d4a7d86ee4b985cc45240
   Compiling proc-macro2 v1.0.101
   Compiling unicode-ident v1.0.18
   Compiling libc v0.2.174
    Checking cfg-if v1.0.3
   Compiling serde_core v1.0.228
   Compiling serde v1.0.228
   Compiling autocfg v1.5.0
   Compiling version_check v0.9.5
    Checking pin-project-lite v0.2.16
    Checking futures-core v0.3.31
    Checking memchr v2.7.5
    Checking once_cell v1.21.3
   Compiling parking_lot_core v0.9.11
    Checking bytes v1.10.1
    Checking futures-io v0.3.31
   Compiling thiserror v2.0.17
   Compiling lock_api v0.4.13
    Checking scopeguard v1.2.0
   Compiling typenum v1.18.0
    Checking futures-sink v0.3.31
    Checking itoa v1.0.15
    Checking value-bag v1.11.1
   Compiling generic-array v0.14.7
    Checking slab v0.4.10
    Checking futures-channel v0.3.31
   Compiling quote v1.0.40
   Compiling crossbeam-utils v0.8.21
    Checking pin-utils v0.1.0
    Checking mio v1.0.4
    Checking signal-hook-registry v1.4.5
    Checking log v0.4.27
   Compiling syn v2.0.106
    Checking socket2 v0.6.0
   Compiling num-traits v0.2.19
    Checking futures-task v0.3.31
   Compiling wasm-bindgen-shared v0.2.103
   Compiling semver v1.0.26
    Checking stable_deref_trait v1.2.0
    Checking parking v2.2.1
    Checking foldhash v0.1.5
    Checking allocator-api2 v0.2.21
    Checking concurrent-queue v2.5.0
    Checking equivalent v1.0.2
   Compiling bumpalo v3.19.0
    Checking hashbrown v0.15.4
   Compiling rustc_version v0.4.1
   Compiling getrandom v0.3.3
    Checking tracing-core v0.1.34
   Compiling rustversion v1.0.22
    Checking event-listener v5.4.0
   Compiling jobserver v0.1.33
   Compiling wasm-bindgen v0.2.103
    Checking indexmap v2.11.4
   Compiling shlex v1.3.0
   Compiling proc-macro-error-attr2 v2.0.0
   Compiling cc v1.2.27
    Checking subtle v2.6.1
   Compiling pkg-config v0.3.32
   Compiling zerocopy v0.8.26
    Checking ryu v1.0.20
    Checking litemap v0.8.0
    Checking writeable v0.6.1
   Compiling serde_json v1.0.145
    Checking percent-encoding v2.3.2
   Compiling icu_normalizer_data v2.0.0
   Compiling icu_properties_data v2.0.1
    Checking block-buffer v0.10.4
    Checking crypto-common v0.1.6
    Checking digest v0.10.7
    Checking cpufeatures v0.2.17
    Checking form_urlencoded v1.2.1
    Checking num_cpus v1.17.0
    Checking utf8_iter v1.0.4
    Checking byteorder v1.5.0
    Checking fnv v1.0.7
    Checking event-listener-strategy v0.5.4
    Checking bitflags v2.9.1
    Checking http v1.3.1
    Checking base64 v0.22.1
   Compiling proc-macro2-diagnostics v0.10.1
    Checking atomic-waker v1.1.2
   Compiling vcpkg v0.2.15
   Compiling yansi v1.0.1
   Compiling smallvec v1.15.1
    Checking async-lock v3.4.1
   Compiling httparse v1.10.1
   Compiling unicode-segmentation v1.12.0
   Compiling libm v0.2.15
   Compiling time-core v0.1.4
   Compiling heck v0.4.1
   Compiling openssl-sys v0.9.109
   Compiling num-conv v0.1.0
    Checking powerfmt v0.2.0
   Compiling time-macros v0.2.22
   Compiling convert_case v0.8.0
    Checking http-body v1.0.1
    Checking num-integer v0.1.46
    Checking aho-corasick v1.1.3
   Compiling bigdecimal v0.4.8
    Checking ppv-lite86 v0.2.21
   Compiling unicode-xid v0.2.6
    Checking regex-syntax v0.8.5
    Checking num_threads v0.1.7
   Compiling rust_decimal v1.37.2
    Checking iana-time-zone v0.1.63
   Compiling const_format_proc_macros v0.2.34
    Checking num-bigint v0.4.6
   Compiling proc-macro-utils v0.10.0
    Checking rand_core v0.9.3
   Compiling slotmap v1.0.7
    Checking throw_error v0.3.0
    Checking mime v0.3.17
    Checking or_poisoned v0.1.0
   Compiling openssl v0.10.73
   Compiling paste v1.0.15
    Checking arrayvec v0.7.6
    Checking tower-service v0.3.3
   Compiling ident_case v1.0.1
    Checking foreign-types-shared v0.1.1
    Checking foreign-types v0.3.2
    Checking rand_chacha v0.9.0
   Compiling server_fn_macro v0.8.7
   Compiling reactive_graph v0.2.8
    Checking getrandom v0.2.16
    Checking send_wrapper v0.6.0
    Checking tower-layer v0.3.3
   Compiling synstructure v0.13.2
   Compiling wasm-bindgen-backend v0.2.103
   Compiling proc-macro-error2 v2.0.1
    Checking regex-automata v0.4.9
   Compiling darling_core v0.20.11
    Checking sync_wrapper v1.0.2
   Compiling native-tls v0.2.14
   Compiling camino v1.1.10
    Checking tinyvec_macros v0.1.1
   Compiling anyhow v1.0.98
    Checking hashbrown v0.14.5
    Checking httpdate v1.0.3
    Checking tinyvec v1.9.0
    Checking rand_core v0.6.4
    Checking rand v0.9.1
   Compiling wasm-bindgen-macro-support v0.2.103
   Compiling const_format v0.2.34
    Checking http-body-util v0.1.3
    Checking hdrhistogram v7.5.4
    Checking sha1 v0.10.6
    Checking regex v1.11.1
   Compiling multer v3.1.0
    Checking crc-catalog v2.4.0
   Compiling serde_derive v1.0.228
   Compiling thiserror-impl v2.0.17
   Compiling tokio-macros v2.5.0
   Compiling futures-macro v0.3.31
   Compiling zerofrom-derive v0.1.6
   Compiling yoke-derive v0.8.0
   Compiling zerovec-derive v0.11.1
   Compiling tracing-attributes v0.1.30
    Checking futures-util v0.3.31
   Compiling displaydoc v0.2.5
   Compiling wasm-bindgen-macro v0.2.103
   Compiling async-trait v0.1.89
   Compiling openssl-macros v0.1.1
    Checking zerofrom v0.1.6
   Compiling derive-where v1.5.0
    Checking yoke v0.8.0
    Checking zerovec v0.11.2
    Checking tracing v0.1.41
    Checking zerotrie v0.2.2
   Compiling darling_macro v0.20.11
    Checking js-sys v0.3.80
   Compiling syn_derive v0.2.0
    Checking utf-8 v0.7.6
   Compiling xxhash-rust v0.8.15
    Checking guardian v1.3.0
   Compiling thiserror v1.0.69
    Checking openssl-probe v0.1.6
    Checking rustc-hash v2.1.1
    Checking tinystr v0.8.1
    Checking potential_utf v0.1.2
    Checking data-encoding v2.9.0
    Checking icu_collections v2.0.0
    Checking icu_locale_core v2.0.0
    Checking futures-executor v0.3.31
    Checking tungstenite v0.28.0
   Compiling darling v0.20.11
    Checking futures v0.3.31
    Checking crc v3.3.0
   Compiling quote-use-macros v0.8.4
    Checking icu_provider v2.0.0
   Compiling thiserror-impl v1.0.69
   Compiling pin-project-internal v1.1.10
    Checking icu_properties v2.0.1
   Compiling reactive_stores_macro v0.2.6
    Checking either v1.15.0
    Checking icu_normalizer v2.0.0
    Checking parking_lot v0.12.4
    Checking tokio v1.47.1
    Checking deranged v0.4.0
    Checking uuid v1.18.1
    Checking chrono v0.4.41
    Checking idna_adapter v1.2.1
    Checking dashmap v6.1.0
    Checking idna v1.0.3
    Checking url v2.5.4
    Checking time v0.3.41
    Checking futures-intrusive v0.5.0
    Checking itertools v0.14.0
    Checking unicode-normalization v0.1.24
    Checking wasm-bindgen-futures v0.4.53
    Checking web-sys v0.3.80
    Checking hydration_context v0.3.0
    Checking rand_chacha v0.3.1
   Compiling manyhow-macros v0.11.4
    Checking sha2 v0.10.9
    Checking hmac v0.12.1
    Checking hashlink v0.10.0
   Compiling tachys v0.2.9
    Checking crossbeam-queue v0.3.12
    Checking encoding_rs v0.8.35
    Checking utf8-width v0.1.7
   Compiling heck v0.5.0
    Checking winnow v0.7.13
    Checking unicode-bidi v0.3.18
    Checking dotenvy v0.15.7
    Checking spin v0.9.8
    Checking unicode-properties v0.1.3
   Compiling prettyplease v0.2.37
    Checking stringprep v0.1.5
   Compiling manyhow v0.11.4
    Checking html-escape v0.2.13
    Checking hkdf v0.12.4
    Checking rand v0.8.5
    Checking pin-project v1.1.10
   Compiling quote-use v0.8.4
    Checking serde_path_to_error v0.1.17
    Checking serde_urlencoded v0.7.1
    Checking oco_ref v0.2.1
   Compiling sea-query-derive v0.4.3
    Checking axum-core v0.5.5
   Compiling inherent v1.0.12
    Checking either_of v0.1.6
   Compiling zstd-sys v2.0.15+zstd.1.5.7
    Checking toml_parser v1.0.3
    Checking md-5 v0.10.6
    Checking serde_spanned v1.0.2
    Checking toml_datetime v0.7.2
    Checking any_spawner v0.3.0
    Checking tokio-util v0.7.15
    Checking hyper v1.7.0
    Checking tower v0.5.2
error[E0282]: type annotations needed for `&_`
   --> /home/adwin/.cargo/registry/src/mirrors.tuna.tsinghua.edu.cn-4dc01642fd091eda/reactive_graph-0.2.8/src/computed/async_derived/arc_async_derived.rs:673:14
    |
673 |             |v| v.deref(),
    |              ^  - type must be known at this point
    |
help: consider giving this closure parameter an explicit type, where the placeholders `_` are specified
    |
673 |             |v: &_| v.deref(),
    |               ++++

error[E0282]: type annotations needed for `&mut _`
   --> /home/adwin/.cargo/registry/src/mirrors.tuna.tsinghua.edu.cn-4dc01642fd091eda/reactive_graph-0.2.8/src/computed/async_derived/arc_async_derived.rs:674:14
    |
674 |             |v| v.deref_mut(),
    |              ^  - type must be known at this point
    |
help: consider giving this closure parameter an explicit type, where the placeholders `_` are specified
    |
674 |             |v: &mut _| v.deref_mut(),
    |               ++++++++

error[E0282]: type annotations needed for `&_`
   --> /home/adwin/.cargo/registry/src/mirrors.tuna.tsinghua.edu.cn-4dc01642fd091eda/reactive_graph-0.2.8/src/computed/async_derived/arc_async_derived.rs:691:14
    |
691 |             |v| v.deref(),
    |              ^  - type must be known at this point
    |
help: consider giving this closure parameter an explicit type, where the placeholders `_` are specified
    |
691 |             |v: &_| v.deref(),
    |               ++++

error[E0282]: type annotations needed for `&mut _`
   --> /home/adwin/.cargo/registry/src/mirrors.tuna.tsinghua.edu.cn-4dc01642fd091eda/reactive_graph-0.2.8/src/computed/async_derived/arc_async_derived.rs:692:14
    |
692 |             |v| v.deref_mut(),
    |              ^  - type must be known at this point
    |
help: consider giving this closure parameter an explicit type, where the placeholders `_` are specified
    |
692 |             |v: &mut _| v.deref_mut(),
    |               ++++++++

error[E0282]: type annotations needed for `&_`
   --> /home/adwin/.cargo/registry/src/mirrors.tuna.tsinghua.edu.cn-4dc01642fd091eda/reactive_graph-0.2.8/src/computed/async_derived/async_derived.rs:367:14
    |
367 |             |v| v.deref(),
    |              ^  - type must be known at this point
    |
help: consider giving this closure parameter an explicit type, where the placeholders `_` are specified
    |
367 |             |v: &_| v.deref(),
    |               ++++

error[E0282]: type annotations needed for `&mut _`
   --> /home/adwin/.cargo/registry/src/mirrors.tuna.tsinghua.edu.cn-4dc01642fd091eda/reactive_graph-0.2.8/src/computed/async_derived/async_derived.rs:368:14
    |
368 |             |v| v.deref_mut(),
    |              ^  - type must be known at this point
    |
help: consider giving this closure parameter an explicit type, where the placeholders `_` are specified
    |
368 |             |v: &mut _| v.deref_mut(),
    |               ++++++++

error[E0282]: type annotations needed for `&_`
   --> /home/adwin/.cargo/registry/src/mirrors.tuna.tsinghua.edu.cn-4dc01642fd091eda/reactive_graph-0.2.8/src/computed/async_derived/async_derived.rs:388:40
    |
388 |                 MappedMut::new(inner, |v| v.deref(), |v| v.deref_mut())
    |                                        ^  - type must be known at this point
    |
help: consider giving this closure parameter an explicit type, where the placeholders `_` are specified
    |
388 |                 MappedMut::new(inner, |v: &_| v.deref(), |v| v.deref_mut())
    |                                         ++++

error[E0282]: type annotations needed for `&mut _`
   --> /home/adwin/.cargo/registry/src/mirrors.tuna.tsinghua.edu.cn-4dc01642fd091eda/reactive_graph-0.2.8/src/computed/async_derived/async_derived.rs:388:55
    |
388 |                 MappedMut::new(inner, |v| v.deref(), |v| v.deref_mut())
    |                                                       ^  - type must be known at this point
    |
help: consider giving this closure parameter an explicit type, where the placeholders `_` are specified
    |
388 |                 MappedMut::new(inner, |v| v.deref(), |v: &mut _| v.deref_mut())
    |                                                        ++++++++

    Checking tokio-stream v0.1.17
error[E0282]: type annotations needed for `&_`
   --> /home/adwin/.cargo/registry/src/mirrors.tuna.tsinghua.edu.cn-4dc01642fd091eda/reactive_graph-0.2.8/src/computed/async_derived/arc_async_derived.rs:648:59
    |
648 |             ReadGuard::new(Mapped::new_with_guard(plain, |v| v.deref()))
    |                                                           ^  - type must be known at this point
    |
help: consider giving this closure parameter an explicit type, where the placeholders `_` are specified
    |
648 |             ReadGuard::new(Mapped::new_with_guard(plain, |v: &_| v.deref()))
    |                                                            ++++

    Checking sqlx-core v0.8.6
    Checking hyper-util v0.1.14
    Checking tokio-tungstenite v0.28.0
    Checking ordered-float v4.6.0
    Checking atoi v2.0.0
For more information about this error, try `rustc --explain E0282`.
   Compiling server_fn v0.8.7
error: could not compile `reactive_graph` (lib) due to 9 previous errors
warning: build failed, waiting for other jobs to finish...
