Running as unit: run-p2225086-i14805194.scope; invocation ID: 8b1a37d7479b45c1911293aa979fb636
   Compiling proc-macro2 v1.0.101
   Compiling quote v1.0.41
   Compiling unicode-ident v1.0.19
   Compiling libc v0.2.176
    Checking cfg-if v1.0.3
    Checking smallvec v1.15.1
    Checking scopeguard v1.2.0
   Compiling serde_core v1.0.228
   Compiling parking_lot_core v0.9.12
    Checking lock_api v0.4.14
    Checking itoa v1.0.15
    Checking memchr v2.7.6
   Compiling find-msvc-tools v0.1.3
    Checking stable_deref_trait v1.2.0
   Compiling shlex v1.3.0
    Checking pin-project-lite v0.2.16
    Checking bytes v1.10.1
   Compiling cc v1.2.40
    Checking futures-core v0.3.31
    Checking once_cell v1.21.3
   Compiling serde v1.0.228
    Checking futures-sink v0.3.31
   Compiling syn v2.0.106
    Checking percent-encoding v2.3.2
    Checking log v0.4.28
    Checking writeable v0.6.1
    Checking mio v1.0.4
    Checking signal-hook-registry v1.4.6
    Checking parking_lot v0.12.5
    Checking socket2 v0.6.0
    Checking litemap v0.8.0
   Compiling siphasher v1.0.1
   Compiling icu_normalizer_data v2.0.0
    Checking slab v0.4.11
   Compiling icu_properties_data v2.0.1
   Compiling rand_core v0.6.4
   Compiling phf_shared v0.11.3
    Checking futures-channel v0.3.31
   Compiling rand v0.8.5
    Checking pin-utils v0.1.0
    Checking fnv v1.0.7
    Checking futures-io v0.3.31
    Checking futures-task v0.3.31
    Checking http v1.3.1
    Checking form_urlencoded v1.2.2
   Compiling zerocopy v0.8.27
    Checking ryu v1.0.20
   Compiling getrandom v0.3.3
    Checking utf8_iter v1.0.4
   Compiling phf_generator v0.11.3
    Checking bitflags v2.9.4
   Compiling ring v0.17.14
    Checking tracing-core v0.1.34
    Checking zeroize v1.8.2
    Checking equivalent v1.0.2
   Compiling vcpkg v0.2.15
   Compiling serde_json v1.0.145
   Compiling pkg-config v0.3.32
    Checking rustls-pki-types v1.12.0
    Checking rand_core v0.9.3
   Compiling openssl-sys v0.9.109
    Checking http-body v1.0.1
   Compiling phf_codegen v0.11.3
    Checking getrandom v0.2.16
   Compiling httparse v1.10.1
   Compiling thiserror v2.0.17
   Compiling typenum v1.19.0
    Checking ppv-lite86 v0.2.21
    Checking adler2 v2.0.1
    Checking untrusted v0.9.0
    Checking powerfmt v0.2.0
    Checking hashbrown v0.16.0
   Compiling version_check v0.9.5
    Checking rand_chacha v0.9.0
   Compiling generic-array v0.14.7
    Checking deranged v0.5.4
    Checking rand v0.9.2
    Checking miniz_oxide v0.8.9
    Checking indexmap v2.11.4
    Checking atomic-waker v1.1.2
    Checking tower-service v0.3.3
    Checking num-conv v0.1.0
    Checking try-lock v0.2.5
    Checking httpdate v1.0.3
    Checking openssl-probe v0.1.6
    Checking new_debug_unreachable v1.0.6
   Compiling rustls v0.23.32
    Checking time-core v0.1.6
    Checking want v0.3.1
   Compiling crc32fast v1.5.0
    Checking hex v0.4.3
    Checking base64 v0.22.1
    Checking subtle v2.6.1
    Checking time v0.3.44
   Compiling autocfg v1.5.0
   Compiling openssl v0.10.73
    Checking foreign-types-shared v0.1.1
    Checking foreign-types v0.3.2
   Compiling num-traits v0.2.19
   Compiling synstructure v0.13.2
   Compiling string_cache_codegen v0.5.4
   Compiling native-tls v0.2.14
   Compiling object v0.37.3
    Checking ipnet v2.11.0
    Checking rustls-webpki v0.103.7
    Checking precomputed-hash v0.1.1
   Compiling web_atoms v0.1.3
    Checking regex-syntax v0.8.6
    Checking gimli v0.32.3
   Compiling semver v1.0.27
   Compiling crossbeam-utils v0.8.21
   Compiling serde_derive v1.0.228
   Compiling zerofrom-derive v0.1.6
   Compiling yoke-derive v0.8.0
   Compiling zerovec-derive v0.11.1
   Compiling displaydoc v0.2.5
    Checking zerofrom v0.1.6
    Checking yoke v0.8.0
   Compiling tokio-macros v2.5.0
    Checking zerotrie v0.2.2
   Compiling futures-macro v0.3.31
   Compiling tracing-attributes v0.1.30
   Compiling thiserror-impl v2.0.17
    Checking tokio v1.47.1
    Checking zerovec v0.11.4
    Checking futures-util v0.3.31
    Checking tracing v0.1.41
   Compiling phf_macros v0.11.3
    Checking tinystr v0.8.1
    Checking potential_utf v0.1.3
    Checking icu_locale_core v2.0.0
    Checking icu_collections v2.0.0
    Checking uuid v1.18.1
   Compiling openssl-macros v0.1.1
    Checking debugid v0.8.0
    Checking icu_provider v2.0.0
    Checking phf v0.11.3
    Checking mac v0.1.1
    Checking futf v0.1.5
    Checking string_cache v0.8.9
    Checking icu_normalizer v2.0.0
    Checking icu_properties v2.0.1
    Checking addr2line v0.25.1
    Checking regex-automata v0.4.11
   Compiling rustc_version v0.4.1
    Checking idna_adapter v1.2.1
    Checking flate2 v1.1.2
    Checking idna v1.1.0
    Checking url v2.5.7
    Checking crypto-common v0.1.6
    Checking block-buffer v0.10.4
    Checking sentry-types v0.45.0
    Checking http-body-util v0.1.3
   Compiling findshlibs v0.10.2
    Checking sync_wrapper v1.0.2
   Compiling unicase v2.8.1
    Checking rustc-demangle v0.1.26
    Checking tower-layer v0.3.3
    Checking utf-8 v0.7.6
    Checking lazy_static v1.5.0
    Checking compression-core v0.4.29
    Checking dtoa v1.0.10
    Checking tokio-util v0.7.16
    Checking tokio-rustls v0.26.4
    Checking dtoa-short v0.3.5
    Checking compression-codecs v0.4.31
    Checking tower v0.5.2
    Checking tokio-native-tls v0.3.1
    Checking tendril v0.4.3
   Compiling mime_guess v2.0.5
    Checking h2 v0.4.12
    Checking num-integer v0.1.46
    Checking digest v0.10.7
    Checking regex v1.11.3
   Compiling sentry-contexts v0.45.0
    Checking serde_urlencoded v0.7.1
   Compiling derive_more-impl v2.0.1
   Compiling cssparser-macros v0.6.1
   Compiling selectors v0.31.0
    Checking webpki-roots v1.0.3
    Checking cpufeatures v0.2.17
   Compiling portable-atomic v1.11.1
    Checking sentry-core v0.45.0
   Compiling winnow v0.7.13
    Checking mime v0.3.17
    Checking byteorder v1.5.0
    Checking backtrace v0.3.76
    Checking iri-string v0.7.8
    Checking derive_more v2.0.1
    Checking fxhash v0.2.1
    Checking sha1 v0.10.6
    Checking cssparser v0.35.0
    Checking markup5ever v0.35.0
    Checking sentry-backtrace v0.45.0
    Checking num-bigint v0.4.6
    Checking combine v4.6.7
    Checking async-compression v0.4.32
    Checking deadpool-runtime v0.1.4
   Compiling basic-toml v0.1.10
    Checking tower-http v0.6.6
    Checking hyper v1.7.0
   Compiling pin-project-internal v1.1.10
   Compiling match_token v0.35.0
    Checking rustls-native-certs v0.8.1
    Checking headers-core v0.3.0
    Checking raw-cpuid v11.6.0
    Checking num_cpus v1.17.0
    Checking uname v0.1.1
    Checking hostname v0.4.1
    Checking servo_arc v0.4.1
   Compiling askama_parser v0.14.0
    Checking allocator-api2 v0.2.21
    Checking hyper-util v0.1.17
    Checking sha1_smol v1.0.1
    Checking hashbrown v0.14.5
   Compiling rustc-hash v2.1.1
    Checking unicode-width v0.2.2
   Compiling anyhow v1.0.100
    Checking foldhash v0.1.5
    Checking quanta v0.12.6
    Checking hashbrown v0.15.5
    Checking dashmap v6.1.0
    Checking getopts v0.2.24
    Checking pin-project v1.1.10
    Checking deadpool v0.12.3
    Checking headers v0.4.1
    Checking html5ever v0.35.0
    Checking sentry-debug-images v0.45.0
    Checking hyper-tls v0.6.0
    Checking hyper-rustls v0.27.7
    Checking sentry-panic v0.45.0
    Checking sharded-slab v0.1.7
    Checking reqwest v0.12.23
    Checking futures-executor v0.3.31
    Checking tracing-log v0.2.0
    Checking spinning_top v0.3.0
    Checking thread_local v1.1.9
    Checking scoped-tls v1.0.1
    Checking futures-timer v3.0.3
    Checking web-time v1.1.0
    Checking ego-tree v0.10.0
    Checking nonzero_ext v0.3.0
    Checking nu-ansi-term v0.50.1
    Checking governor v0.10.1
    Checking scraper v0.24.0
    Checking tracing-subscriber v0.3.20
    Checking warp v0.4.2
    Checking futures v0.3.31
    Checking sentry v0.45.0
    Checking dotenvy v0.15.7
   Compiling askama_derive v0.14.0
    Checking redis v0.32.7
    Checking askama v0.14.0
    Checking deadpool-redis v0.22.0
    Checking letterboxd-compare v0.1.0 (/tmp/nix-shell.uUVugk/kata-kas_letterboxd-compare_2qb3jzri)
error[E0275]: overflow evaluating the requirement `warp::filter::or::Or<warp::filter::and_then::AndThen<warp::filter::and::And<warp::path::Exact<warp::path::internal::Opaque<&str>>, ...>, ...>, ...>: warp::Filter`
   --> src/main.rs:319:36
    |
319 |     let routes = health.or(versus).or(same).or(poster).or(index);
    |                                    ^^
    |
    = help: consider increasing the recursion limit by adding a `#![recursion_limit = "256"]` attribute to your crate (`letterboxd_compare`)

error[E0275]: overflow evaluating the requirement `<warp::filter::or::Or<warp::filter::and_then::AndThen<warp::filter::and::And<warp::path::Exact<warp::path::internal::Opaque<&str>>, ...>, ...>, ...> as warp::filter::FilterBase>::Error == Rejection`
   --> src/main.rs:319:36
    |
319 |     let routes = health.or(versus).or(same).or(poster).or(index);
    |                                    ^^
    |
    = help: consider increasing the recursion limit by adding a `#![recursion_limit = "256"]` attribute to your crate (`letterboxd_compare`)
note: required by a bound in `warp::Filter::or`
   --> /home/adwin/.cargo/registry/src/mirrors.tuna.tsinghua.edu.cn-4dc01642fd091eda/warp-0.4.2/src/filter/mod.rs:140:22
    |
138 |     fn or<F>(self, other: F) -> Or<Self, F>
    |        -- required by a bound in this associated function
139 |     where
140 |         Self: Filter<Error = Rejection> + Sized,
    |                      ^^^^^^^^^^^^^^^^^ required by this bound in `Filter::or`

error[E0275]: overflow evaluating the requirement `<warp::filter::and_then::AndThen<warp::filter::and::And<warp::filter::and::And<warp::filter::and::And<warp::filter::and::And<warp::filter::and::And<..., ...>, ...>, ...>, ...>, ...>, ...> as warp::filter::FilterBase>::Error: reject::sealed::CombineRejection<...>`
   --> src/main.rs:319:36
    |
319 |     let routes = health.or(versus).or(same).or(poster).or(index);
    |                                    ^^
    |
    = help: consider increasing the recursion limit by adding a `#![recursion_limit = "256"]` attribute to your crate (`letterboxd_compare`)
note: required by a bound in `warp::Filter::or`
   --> /home/adwin/.cargo/registry/src/mirrors.tuna.tsinghua.edu.cn-4dc01642fd091eda/warp-0.4.2/src/filter/mod.rs:142:19
    |
138 |     fn or<F>(self, other: F) -> Or<Self, F>
    |        -- required by a bound in this associated function
...
142 |         F::Error: CombineRejection<Self::Error>,
    |                   ^^^^^^^^^^^^^^^^^^^^^^^^^^^^^ required by this bound in `Filter::or`

error[E0275]: overflow evaluating the requirement `warp::filter::or::Or<warp::filter::or::Or<warp::filter::and_then::AndThen<warp::filter::and::And<warp::path::Exact<warp::path::internal::Opaque<&str>>, ...>, ...>, ...>, ...>: warp::Filter`
   --> src/main.rs:319:45
    |
319 |     let routes = health.or(versus).or(same).or(poster).or(index);
    |                                             ^^
    |
    = help: consider increasing the recursion limit by adding a `#![recursion_limit = "256"]` attribute to your crate (`letterboxd_compare`)

error[E0275]: overflow evaluating the requirement `<warp::filter::or::Or<warp::filter::or::Or<warp::filter::and_then::AndThen<warp::filter::and::And<warp::path::Exact<warp::path::internal::Opaque<&str>>, ...>, ...>, ...>, ...> as warp::filter::FilterBase>::Error == Rejection`
   --> src/main.rs:319:45
    |
319 |     let routes = health.or(versus).or(same).or(poster).or(index);
    |                                             ^^
    |
    = help: consider increasing the recursion limit by adding a `#![recursion_limit = "256"]` attribute to your crate (`letterboxd_compare`)
note: required by a bound in `warp::Filter::or`
   --> /home/adwin/.cargo/registry/src/mirrors.tuna.tsinghua.edu.cn-4dc01642fd091eda/warp-0.4.2/src/filter/mod.rs:140:22
    |
138 |     fn or<F>(self, other: F) -> Or<Self, F>
    |        -- required by a bound in this associated function
139 |     where
140 |         Self: Filter<Error = Rejection> + Sized,
    |                      ^^^^^^^^^^^^^^^^^ required by this bound in `Filter::or`

error[E0275]: overflow evaluating the requirement `<warp::filter::and_then::AndThen<warp::filter::and::And<warp::filter::and::And<warp::filter::and::And<impl warp::Filter + warp::filter::FilterBase<Extract = (), Error = ...> + std::marker::Copy, ...>, ...>, ...>, ...> as warp::filter::FilterBase>::Error: reject::sealed::CombineRejection<...>`
   --> src/main.rs:319:45
    |
319 |     let routes = health.or(versus).or(same).or(poster).or(index);
    |                                             ^^
    |
    = help: consider increasing the recursion limit by adding a `#![recursion_limit = "256"]` attribute to your crate (`letterboxd_compare`)
note: required by a bound in `warp::Filter::or`
   --> /home/adwin/.cargo/registry/src/mirrors.tuna.tsinghua.edu.cn-4dc01642fd091eda/warp-0.4.2/src/filter/mod.rs:142:19
    |
138 |     fn or<F>(self, other: F) -> Or<Self, F>
    |        -- required by a bound in this associated function
...
142 |         F::Error: CombineRejection<Self::Error>,
    |                   ^^^^^^^^^^^^^^^^^^^^^^^^^^^^^ required by this bound in `Filter::or`

error[E0275]: overflow evaluating the requirement `warp::filter::or::Or<warp::filter::or::Or<warp::filter::or::Or<warp::filter::and_then::AndThen<warp::filter::and::And<warp::path::Exact<warp::path::internal::Opaque<...>>, ...>, ...>, ...>, ...>, ...>: warp::Filter`
   --> src/main.rs:319:56
    |
319 |     let routes = health.or(versus).or(same).or(poster).or(index);
    |                                                        ^^
    |
    = help: consider increasing the recursion limit by adding a `#![recursion_limit = "256"]` attribute to your crate (`letterboxd_compare`)

error[E0275]: overflow evaluating the requirement `<warp::filter::or::Or<warp::filter::or::Or<warp::filter::or::Or<warp::filter::and_then::AndThen<warp::filter::and::And<warp::path::Exact<warp::path::internal::Opaque<...>>, ...>, ...>, ...>, ...>, ...> as warp::filter::FilterBase>::Error == Rejection`
   --> src/main.rs:319:56
    |
319 |     let routes = health.or(versus).or(same).or(poster).or(index);
    |                                                        ^^
    |
    = help: consider increasing the recursion limit by adding a `#![recursion_limit = "256"]` attribute to your crate (`letterboxd_compare`)
note: required by a bound in `warp::Filter::or`
   --> /home/adwin/.cargo/registry/src/mirrors.tuna.tsinghua.edu.cn-4dc01642fd091eda/warp-0.4.2/src/filter/mod.rs:140:22
    |
138 |     fn or<F>(self, other: F) -> Or<Self, F>
    |        -- required by a bound in this associated function
139 |     where
140 |         Self: Filter<Error = Rejection> + Sized,
    |                      ^^^^^^^^^^^^^^^^^ required by this bound in `Filter::or`

error[E0275]: overflow evaluating the requirement `<warp::filter::map::Map<impl warp::Filter + warp::filter::FilterBase<Extract = (), Error = Rejection> + std::marker::Copy, {closure@src/main.rs:309:39: 309:70}> as warp::filter::FilterBase>::Error: reject::sealed::CombineRejection<<... as warp::filter::FilterBase>::Error>`
   --> src/main.rs:319:56
    |
319 |     let routes = health.or(versus).or(same).or(poster).or(index);
    |                                                        ^^
    |
    = help: consider increasing the recursion limit by adding a `#![recursion_limit = "256"]` attribute to your crate (`letterboxd_compare`)
note: required by a bound in `warp::Filter::or`
   --> /home/adwin/.cargo/registry/src/mirrors.tuna.tsinghua.edu.cn-4dc01642fd091eda/warp-0.4.2/src/filter/mod.rs:142:19
    |
138 |     fn or<F>(self, other: F) -> Or<Self, F>
    |        -- required by a bound in this associated function
...
142 |         F::Error: CombineRejection<Self::Error>,
    |                   ^^^^^^^^^^^^^^^^^^^^^^^^^^^^^ required by this bound in `Filter::or`

error[E0275]: overflow evaluating the requirement `warp::filter::or::Or<warp::filter::or::Or<warp::filter::or::Or<warp::filter::or::Or<warp::filter::and_then::AndThen<warp::filter::and::And<warp::path::Exact<...>, ...>, ...>, ...>, ...>, ...>, ...>: warp::Filter`
   --> src/main.rs:321:17
    |
321 |     warp::serve(routes).run(([0, 0, 0, 0], port)).await;
    |     ----------- ^^^^^^
    |     |
    |     required by a bound introduced by this call
    |
    = help: consider increasing the recursion limit by adding a `#![recursion_limit = "256"]` attribute to your crate (`letterboxd_compare`)
note: required by a bound in `serve`
   --> /home/adwin/.cargo/registry/src/mirrors.tuna.tsinghua.edu.cn-4dc01642fd091eda/warp-0.4.2/src/server.rs:17:8
    |
 15 | pub fn serve<F>(filter: F) -> Server<F, accept::LazyTcp, run::Standard>
    |        ----- required by a bound in this function
 16 | where
 17 |     F: Filter + Clone + Send + Sync + 'static,
    |        ^^^^^^ required by this bound in `serve`

error[E0275]: overflow evaluating the requirement `<warp::filter::or::Or<warp::filter::or::Or<warp::filter::or::Or<warp::filter::or::Or<warp::filter::and_then::AndThen<warp::filter::and::And<..., ...>, ...>, ...>, ...>, ...>, ...> as warp::filter::FilterBase>::Extract: Reply`
   --> src/main.rs:321:5
    |
321 |     warp::serve(routes).run(([0, 0, 0, 0], port)).await;
    |     ^^^^^^^^^^^^^^^^^^^
    |
    = help: consider increasing the recursion limit by adding a `#![recursion_limit = "256"]` attribute to your crate (`letterboxd_compare`)
note: required by a bound in `serve`
   --> /home/adwin/.cargo/registry/src/mirrors.tuna.tsinghua.edu.cn-4dc01642fd091eda/warp-0.4.2/src/server.rs:18:17
    |
 15 | pub fn serve<F>(filter: F) -> Server<F, accept::LazyTcp, run::Standard>
    |        ----- required by a bound in this function
...
 18 |     F::Extract: Reply,
    |                 ^^^^^ required by this bound in `serve`

error[E0275]: overflow evaluating the requirement `<warp::filter::or::Or<warp::filter::or::Or<warp::filter::or::Or<warp::filter::or::Or<warp::filter::and_then::AndThen<warp::filter::and::And<..., ...>, ...>, ...>, ...>, ...>, ...> as warp::filter::FilterBase>::Error: reject::sealed::IsReject`
   --> src/main.rs:321:5
    |
321 |     warp::serve(routes).run(([0, 0, 0, 0], port)).await;
    |     ^^^^^^^^^^^^^^^^^^^
    |
    = help: consider increasing the recursion limit by adding a `#![recursion_limit = "256"]` attribute to your crate (`letterboxd_compare`)
note: required by a bound in `serve`
   --> /home/adwin/.cargo/registry/src/mirrors.tuna.tsinghua.edu.cn-4dc01642fd091eda/warp-0.4.2/src/server.rs:19:15
    |
 15 | pub fn serve<F>(filter: F) -> Server<F, accept::LazyTcp, run::Standard>
    |        ----- required by a bound in this function
...
 19 |     F::Error: IsReject,
    |               ^^^^^^^^ required by this bound in `serve`

error[E0275]: overflow evaluating the requirement `warp::filter::or::Or<warp::filter::or::Or<warp::filter::or::Or<warp::filter::or::Or<warp::filter::and_then::AndThen<warp::filter::and::And<warp::path::Exact<...>, ...>, ...>, ...>, ...>, ...>, ...>: warp::Filter`
   --> src/main.rs:321:25
    |
321 |     warp::serve(routes).run(([0, 0, 0, 0], port)).await;
    |                         ^^^
    |
    = help: consider increasing the recursion limit by adding a `#![recursion_limit = "256"]` attribute to your crate (`letterboxd_compare`)
note: required by a bound in `warp::server::Server::<F, warp::server::accept::LazyTcp, R>::run`
   --> /home/adwin/.cargo/registry/src/mirrors.tuna.tsinghua.edu.cn-4dc01642fd091eda/warp-0.4.2/src/server.rs:51:8
    |
 51 |     F: Filter + Clone + Send + Sync + 'static,
    |        ^^^^^^ required by this bound in `Server::<F, LazyTcp, R>::run`
...
 63 |     pub async fn run(self, addr: impl Into<SocketAddr>) {
    |                  --- required by a bound in this associated function

error[E0275]: overflow evaluating the requirement `<<warp::filter::or::Or<warp::filter::or::Or<warp::filter::or::Or<warp::filter::or::Or<warp::filter::and_then::AndThen<..., ...>, ...>, ...>, ...>, ...> as warp::filter::FilterBase>::Future as TryFuture>::Ok: Reply`
   --> src/main.rs:321:25
    |
321 |     warp::serve(routes).run(([0, 0, 0, 0], port)).await;
    |                         ^^^
    |
    = help: consider increasing the recursion limit by adding a `#![recursion_limit = "256"]` attribute to your crate (`letterboxd_compare`)
note: required by a bound in `warp::server::Server::<F, warp::server::accept::LazyTcp, R>::run`
   --> /home/adwin/.cargo/registry/src/mirrors.tuna.tsinghua.edu.cn-4dc01642fd091eda/warp-0.4.2/src/server.rs:52:35
    |
 52 |     <F::Future as TryFuture>::Ok: Reply,
    |                                   ^^^^^ required by this bound in `Server::<F, LazyTcp, R>::run`
...
 63 |     pub async fn run(self, addr: impl Into<SocketAddr>) {
    |                  --- required by a bound in this associated function

error[E0275]: overflow evaluating the requirement `<<warp::filter::or::Or<warp::filter::or::Or<warp::filter::or::Or<warp::filter::or::Or<warp::filter::and_then::AndThen<..., ...>, ...>, ...>, ...>, ...> as warp::filter::FilterBase>::Future as TryFuture>::Error: reject::sealed::IsReject`
   --> src/main.rs:321:25
    |
321 |     warp::serve(routes).run(([0, 0, 0, 0], port)).await;
    |                         ^^^
    |
    = help: consider increasing the recursion limit by adding a `#![recursion_limit = "256"]` attribute to your crate (`letterboxd_compare`)
note: required by a bound in `warp::server::Server::<F, warp::server::accept::LazyTcp, R>::run`
   --> /home/adwin/.cargo/registry/src/mirrors.tuna.tsinghua.edu.cn-4dc01642fd091eda/warp-0.4.2/src/server.rs:53:38
    |
 53 |     <F::Future as TryFuture>::Error: IsReject,
    |                                      ^^^^^^^^ required by this bound in `Server::<F, LazyTcp, R>::run`
...
 63 |     pub async fn run(self, addr: impl Into<SocketAddr>) {
    |                  --- required by a bound in this associated function

error[E0275]: overflow evaluating the requirement `impl futures::Future<Output = ()> well-formed`
   --> src/main.rs:321:5
    |
321 |     warp::serve(routes).run(([0, 0, 0, 0], port)).await;
    |     ^^^^^^^^^^^^^^^^^^^^^^^^^^^^^^^^^^^^^^^^^^^^^
    |
    = help: consider increasing the recursion limit by adding a `#![recursion_limit = "256"]` attribute to your crate (`letterboxd_compare`)

error[E0275]: overflow evaluating the requirement `impl futures::Future<Output = ()> well-formed`
   --> src/main.rs:321:25
    |
321 |     warp::serve(routes).run(([0, 0, 0, 0], port)).await;
    |                         ^^^
    |
    = help: consider increasing the recursion limit by adding a `#![recursion_limit = "256"]` attribute to your crate (`letterboxd_compare`)

error[E0275]: overflow evaluating the requirement `<impl futures::Future<Output = ()> as std::future::IntoFuture>::IntoFuture well-formed`
   --> src/main.rs:321:51
    |
321 |     warp::serve(routes).run(([0, 0, 0, 0], port)).await;
    |                                                   ^^^^^
    |
    = help: consider increasing the recursion limit by adding a `#![recursion_limit = "256"]` attribute to your crate (`letterboxd_compare`)

error[E0275]: overflow evaluating the requirement `impl futures::Future<Output = ()> well-formed`
   --> src/main.rs:321:51
    |
321 |     warp::serve(routes).run(([0, 0, 0, 0], port)).await;
    |                                                   ^^^^^
    |
    = help: consider increasing the recursion limit by adding a `#![recursion_limit = "256"]` attribute to your crate (`letterboxd_compare`)

error[E0275]: overflow evaluating the requirement `Pin<&mut impl futures::Future<Output = ()>> well-formed`
   --> src/main.rs:321:51
    |
321 |     warp::serve(routes).run(([0, 0, 0, 0], port)).await;
    |                                                   ^^^^^
    |
    = help: consider increasing the recursion limit by adding a `#![recursion_limit = "256"]` attribute to your crate (`letterboxd_compare`)

error[E0275]: overflow evaluating the requirement `&mut impl futures::Future<Output = ()> well-formed`
   --> src/main.rs:321:51
    |
321 |     warp::serve(routes).run(([0, 0, 0, 0], port)).await;
    |                                                   ^^^^^
    |
    = help: consider increasing the recursion limit by adding a `#![recursion_limit = "256"]` attribute to your crate (`letterboxd_compare`)

error[E0275]: overflow evaluating the requirement `Poll<<impl futures::Future<Output = ()> as futures::Future>::Output> well-formed`
   --> src/main.rs:321:51
    |
321 |     warp::serve(routes).run(([0, 0, 0, 0], port)).await;
    |                                                   ^^^^^
    |
    = help: consider increasing the recursion limit by adding a `#![recursion_limit = "256"]` attribute to your crate (`letterboxd_compare`)

For more information about this error, try `rustc --explain E0275`.
error: could not compile `letterboxd-compare` (bin "letterboxd-compare") due to 22 previous errors
