Running as unit: run-p1031176-i1031476.scope; invocation ID: 5aed984cc810441db95401f2899d4756
    Updating `tuna` index
 Downloading crates ...
  Downloaded sugars_collections v0.5.5 (registry `tuna`)
  Downloaded kodegen_tools_github v0.10.8 (registry `tuna`)
   Compiling proc-macro2 v1.0.103
   Compiling unicode-ident v1.0.22
   Compiling quote v1.0.42
   Compiling libc v0.2.178
    Checking cfg-if v1.0.4
    Checking memchr v2.7.6
    Checking smallvec v1.15.1
    Checking once_cell v1.21.3
   Compiling parking_lot_core v0.9.12
    Checking scopeguard v1.2.0
    Checking bytes v1.11.0
    Checking lock_api v0.4.14
   Compiling version_check v0.9.5
   Compiling typenum v1.19.0
   Compiling thiserror v2.0.17
    Checking subtle v2.6.1
    Checking aho-corasick v1.1.4
    Checking itoa v1.0.16
   Compiling generic-array v0.14.9
    Checking regex-syntax v0.8.8
    Checking const-oid v0.9.6
    Checking bitflags v2.10.0
   Compiling crossbeam-utils v0.8.21
    Checking stable_deref_trait v1.2.1
    Checking tinyvec_macros v0.1.1
    Checking tinyvec v1.10.0
   Compiling syn v2.0.111
    Checking allocator-api2 v0.2.21
    Checking fastrand v2.3.0
    Checking equivalent v1.0.2
    Checking unicode-normalization v0.1.25
    Checking same-file v1.0.6
    Checking foldhash v0.2.0
    Checking walkdir v2.5.0
    Checking hashbrown v0.16.1
   Compiling crc32fast v1.5.0
   Compiling shlex v1.3.0
    Checking cpufeatures v0.2.17
    Checking gix-trace v0.1.16
   Compiling find-msvc-tools v0.1.6
    Checking crossbeam-channel v0.5.15
    Checking zlib-rs v0.5.5
    Checking log v0.4.29
    Checking parking_lot v0.12.5
    Checking pin-project-lite v0.2.16
    Checking getrandom v0.2.16
   Compiling getrandom v0.3.4
    Checking prodash v30.0.1
    Checking regex-automata v0.4.13
   Compiling heapless v0.8.0
   Compiling rustix v1.1.3
    Checking byteorder v1.5.0
    Checking linux-raw-sys v0.11.0
    Checking hash32 v0.3.1
    Checking futures-core v0.3.31
   Compiling serde_core v1.0.228
    Checking errno v0.3.14
   Compiling jobserver v0.1.34
    Checking jiff v0.2.17
   Compiling cc v1.2.51
    Checking libz-rs-sys v0.5.5
    Checking faster-hex v0.10.0
    Checking signal-hook-registry v1.4.8
    Checking socket2 v0.6.1
    Checking mio v1.1.1
    Checking winnow v0.7.14
    Checking futures-sink v0.3.31
   Compiling pkg-config v0.3.32
    Checking fnv v1.0.7
    Checking slab v0.4.11
    Checking futures-channel v0.3.31
    Checking pin-utils v0.1.0
    Checking bstr v1.12.1
    Checking tempfile v3.24.0
    Checking http v1.4.0
    Checking tracing-core v0.1.36
    Checking futures-task v0.3.31
    Checking futures-io v0.3.31
    Checking gix-utils v0.3.1
    Checking memmap2 v0.9.9
   Compiling serde v1.0.228
    Checking percent-encoding v2.3.2
   Compiling cmake v0.1.57
    Checking indexmap v2.12.1
    Checking http-body v1.0.1
    Checking hashbrown v0.14.5
   Compiling dunce v1.0.5
   Compiling fs_extra v1.3.0
   Compiling libm v0.2.15
   Compiling aws-lc-sys v0.35.0
   Compiling autocfg v1.5.0
   Compiling ring v0.17.14
    Checking rand_core v0.6.4
    Checking dashmap v6.1.0
    Checking tower-service v0.3.3
    Checking base64 v0.22.1
   Compiling num-traits v0.2.19
   Compiling httparse v1.10.1
   Compiling vcpkg v0.2.15
   Compiling synstructure v0.13.2
    Checking base64ct v1.8.1
    Checking litemap v0.8.1
    Checking try-lock v0.2.5
    Checking atomic-waker v1.1.2
   Compiling serde_json v1.0.147
    Checking writeable v0.6.2
   Compiling openssl-sys v0.9.111
   Compiling aws-lc-rs v1.15.2
    Checking want v0.3.1
    Checking pem-rfc7468 v0.7.0
   Compiling zerocopy v0.8.31
    Checking zmij v0.1.9
    Checking httpdate v1.0.3
    Checking untrusted v0.9.0
   Compiling icu_normalizer_data v2.1.1
   Compiling icu_properties_data v2.1.2
    Checking ipnet v2.11.0
    Checking openssl-probe v0.1.6
    Checking http-body-util v0.1.3
    Checking sync_wrapper v1.0.2
    Checking encoding_rs v0.8.35
    Checking tower-layer v0.3.3
   Compiling zeroize_derive v1.4.2
   Compiling thiserror-impl v2.0.17
   Compiling tokio-macros v2.6.0
   Compiling serde_derive v1.0.228
    Checking zeroize v1.8.2
    Checking tokio v1.48.0
   Compiling zerofrom-derive v0.1.6
    Checking crypto-common v0.1.6
    Checking block-buffer v0.10.4
    Checking digest v0.10.7
    Checking gix-validate v0.10.1
    Checking sha1 v0.10.6
    Checking gix-date v0.11.1
    Checking gix-path v0.10.22
    Checking sha1-checked v0.10.0
   Compiling yoke-derive v0.8.1
    Checking gix-features v0.44.1
    Checking gix-actor v0.36.1
   Compiling tracing-attributes v0.1.31
    Checking gix-hash v0.20.1
    Checking gix-hashtable v0.10.0
    Checking zerofrom v0.1.6
   Compiling futures-macro v0.3.31
    Checking gix-object v0.52.0
    Checking yoke v0.8.1
   Compiling zerovec-derive v0.11.2
   Compiling displaydoc v0.2.5
    Checking futures-util v0.3.31
    Checking tracing v0.1.44
    Checking gix-fs v0.17.0
    Checking gix-chunk v0.4.12
    Checking rustls-pki-types v1.13.2
    Checking gix-quote v0.6.1
    Checking zerotrie v0.2.3
    Checking gix-tempfile v19.0.1
    Checking gix-commitgraph v0.30.1
    Checking gix-glob v0.22.1
    Checking zerovec v0.11.5
    Checking der v0.7.10
    Checking gix-revwalk v0.23.0
    Checking gix-lock v19.0.0
   Compiling openssl v0.10.75
    Checking foreign-types-shared v0.1.1
    Checking tinystr v0.8.2
    Checking potential_utf v0.1.4
   Compiling rustls v0.23.35
    Checking icu_collections v2.1.1
    Checking icu_locale_core v2.1.1
    Checking foreign-types v0.3.2
    Checking ppv-lite86 v0.2.21
   Compiling openssl-macros v0.1.1
    Checking spki v0.7.3
    Checking pkcs8 v0.10.2
    Checking form_urlencoded v1.2.2
    Checking ryu v1.0.21
    Checking tokio-util v0.7.17
    Checking unicode-bom v2.0.3
   Compiling native-tls v0.2.14
    Checking gix-config-value v0.15.3
    Checking icu_provider v2.1.1
    Checking hmac v0.12.1
    Checking filetime v0.2.26
    Checking static_assertions v1.1.0
    Checking utf8_iter v1.0.4
    Checking kstring v2.0.2
    Checking icu_normalizer v2.1.1
    Checking icu_properties v2.1.2
    Checking serde_urlencoded v0.7.1
    Checking h2 v0.4.12
    Checking rustls-native-certs v0.8.2
    Checking webpki-roots v1.0.4
    Checking sha2 v0.10.9
   Compiling semver v1.0.27
    Checking iri-string v0.7.9
    Checking tower v0.5.2
    Checking shell-words v1.1.1
    Checking mime v0.3.17
    Checking gix-command v0.6.3
    Checking idna_adapter v1.2.1
    Checking gix-attributes v0.28.1
    Checking idna v1.1.0
   Compiling cfg_aliases v0.2.1
   Compiling nix v0.30.1
    Checking url v2.5.7
    Checking signature v2.2.0
    Checking ff v0.13.1
    Checking gix-sec v0.12.2
    Checking iana-time-zone v0.1.64
    Checking tower-http v0.6.8
    Checking powerfmt v0.2.0
    Checking base16ct v0.2.0
   Compiling num-conv v0.1.0
   Compiling time-core v0.1.6
    Checking deranged v0.5.5
    Checking sec1 v0.7.3
   Compiling time-macros v0.2.24
    Checking chrono v0.4.42
    Checking group v0.13.0
    Checking futures-executor v0.3.31
    Checking hkdf v0.12.4
    Checking gix-traverse v0.49.0
    Checking gix-packetline v0.20.0
    Checking gix-bitmap v0.2.15
    Checking crypto-bigint v0.5.5
    Checking num-integer v0.1.46
   Compiling ident_case v1.0.1
   Compiling strsim v0.11.1
    Checking option-ext v0.2.0
    Checking time v0.3.44
    Checking dirs-sys v0.5.0
    Checking gix-index v0.43.0
    Checking futures v0.3.31
   Compiling darling_core v0.21.3
    Checking tokio-native-tls v0.3.1
    Checking hyper v1.8.1
   Compiling rustc_version v0.4.1
    Checking gix-ignore v0.17.1
    Checking gix-ref v0.55.0
    Checking rand_core v0.9.3
    Checking crossbeam-epoch v0.9.18
    Checking elliptic-curve v0.13.8
   Compiling ref-cast v1.0.25
    Checking foldhash v0.1.5
   Compiling rustversion v1.0.22
   Compiling heck v0.5.0
    Checking utf8parse v0.2.2
   Compiling camino v1.2.2
   Compiling anyhow v1.0.100
    Checking hyper-util v0.1.19
    Checking anstyle-parse v0.2.7
    Checking hashbrown v0.15.5
    Checking crossbeam-deque v0.8.6
    Checking rand_chacha v0.9.0
    Checking gix-worktree v0.44.0
   Compiling curve25519-dalek v4.1.3
    Checking dirs v6.0.0
    Checking gix-pathspec v0.13.0
    Checking rfc6979 v0.4.0
    Checking rand_chacha v0.3.1
   Compiling async-trait v0.1.89
   Compiling ref-cast-impl v1.0.25
   Compiling serde_derive_internals v0.29.1
    Checking globset v0.4.18
   Compiling zstd-sys v2.0.16+zstd.1.5.7
    Checking anstyle v1.0.13
   Compiling num-bigint-dig v0.8.6
    Checking spin v0.9.8
    Checking colorchoice v1.0.4
    Checking anstyle-query v1.1.5
    Checking is_terminal_polyfill v1.70.2
    Checking lazy_static v1.5.0
    Checking anstream v0.6.21
    Checking ignore v0.4.25
    Checking rand v0.8.5
    Checking ecdsa v0.16.9
   Compiling schemars_derive v1.2.0
    Checking rand v0.9.2
   Compiling darling_macro v0.21.3
    Checking hyper-tls v0.6.0
    Checking primeorder v0.13.6
   Compiling darling v0.21.3
    Checking num-iter v0.1.45
    Checking gix-filter v0.22.0
    Checking gix-revision v0.37.0
    Checking gix-url v0.33.2
   Compiling curve25519-dalek-derive v0.1.1
   Compiling cargo-platform v0.3.2
    Checking lru v0.16.2
    Checking inotify-sys v0.1.5
    Checking dyn-clone v1.0.20
    Checking bitflags v1.3.2
    Checking inotify v0.9.6
   Compiling cargo_metadata v0.23.1
    Checking kodegen_config v0.10.10
    Checking arc-swap v1.8.0
   Compiling rmcp-macros v0.11.0
    Checking imara-diff v0.1.8
    Checking process-wrap v8.2.1
    Checking schemars v1.2.0
    Checking num-bigint v0.4.6
    Checking ed25519 v2.2.3
    Checking gix-prompt v0.11.2
    Checking sse-stream v0.2.1
    Checking pkcs1 v0.7.5
    Checking tokio-stream v0.1.17
    Checking pem v3.0.6
    Checking uuid v1.19.0
    Checking serde_path_to_error v0.1.20
    Checking mio v0.8.11
    Checking clap_lex v0.7.6
   Compiling pastey v0.2.1
    Checking hex v0.4.3
    Checking arrayvec v0.7.6
   Compiling zstd-safe v7.2.4
    Checking simple_asn1 v0.6.3
    Checking clap_builder v4.5.53
    Checking uluru v3.1.0
    Checking notify v6.1.1
   Compiling octocrab v0.48.1
    Checking ed25519-dalek v2.2.0
    Checking rsa v0.9.9
    Checking gix-credentials v0.32.0
    Checking gix-diff v0.55.0
    Checking gix-refspec v0.33.0
    Checking p384 v0.13.1
    Checking p256 v0.13.2
    Checking gix-discover v0.43.0
   Compiling clap_derive v4.5.49
   Compiling snafu-derive v0.8.9
    Checking inout v0.1.4
   Compiling kodegen_mcp_schema_macros v0.10.23
   Compiling pin-project-internal v1.1.10
    Checking regex v1.12.2
    Checking clru v0.6.2
    Checking termcolor v1.4.1
    Checking home v0.5.12
    Checking crc-catalog v2.4.0
    Checking inventory v0.3.21
    Checking crc v3.4.0
    Checking env_filter v0.1.4
    Checking gix-pack v0.62.0
    Checking jsonwebtoken v10.2.0
    Checking cipher v0.4.4
    Checking pin-project v1.1.10
    Checking gix-dir v0.17.0
    Checking notify-debouncer-mini v0.4.1
    Checking hyper-timeout v0.5.2
    Checking gix-config v0.48.0
    Checking axum-core v0.5.5
    Checking gix-shallow v0.6.0
    Checking gix-negotiate v0.23.0
    Checking clap v4.5.53
    Checking secrecy v0.10.3
   Compiling maybe-async v0.2.10
    Checking toml_parser v1.0.6+spec-1.1.0
    Checking serde_spanned v1.0.4
    Checking toml_datetime v0.7.5+spec-1.1.0
    Checking snafu v0.8.9
    Checking io-close v0.3.7
    Checking sysinfo v0.37.2
    Checking libbz2-rs-sys v0.2.2
    Checking matchit v0.8.4
    Checking web-time v1.1.0
    Checking toml_writer v1.0.6+spec-1.1.0
    Checking bumpalo v3.19.1
    Checking simd-adler32 v0.3.8
    Checking either v1.15.0
    Checking toml v0.9.10+spec-1.1.0
    Checking zopfli v0.8.3
    Checking bzip2 v0.6.1
    Checking gix-submodule v0.22.0
    Checking gix-worktree-state v0.22.0
    Checking gix-odb v0.72.0
    Checking gix-status v0.22.0
    Checking aes v0.8.4
    Checking lzma-rust2 v0.13.0
    Checking env_logger v0.11.8
    Checking gix-merge v0.8.0
    Checking yasna v0.5.2
    Checking pbkdf2 v0.12.2
    Checking rustls-pemfile v2.2.0
    Checking flate2 v1.1.5
    Checking env_home v0.1.0
    Checking unsafe-libyaml v0.2.11
    Checking deflate64 v0.1.10
    Checking ppmd-rust v1.3.0
    Checking constant_time_eq v0.3.1
    Checking rcgen v0.14.6
    Checking which v8.0.0
    Checking shellexpand v3.1.1
    Checking fs4 v0.13.1
    Checking serde_yaml v0.9.34+deprecated
    Checking path-dedot v3.1.1
    Checking urlencoding v2.1.3
    Checking cyrup_termcolor v2.0.0
    Checking path-absolutize v3.1.1
    Checking sugars_collections v0.5.5
    Checking glob v0.3.3
    Checking zstd v0.13.3
    Checking zip v6.0.0
    Checking axum v0.8.8
    Checking rustls-webpki v0.103.8
    Checking tokio-rustls v0.26.4
    Checking hyper-rustls v0.27.7
    Checking reqwest v0.12.28
    Checking rmcp v0.11.0
    Checking gix-transport v0.50.0
    Checking gix-protocol v0.53.0
    Checking gix v0.75.0
    Checking kodegen_mcp_schema v0.10.13
    Checking kodegen_bundler_sign v0.10.9
    Checking kodegen_config_manager v0.10.8
    Checking kodegen_server_http v0.10.10
    Checking kodegen_tools_github v0.10.8
error[E0275]: overflow evaluating the requirement `{async block@/home/adwin/.cargo/registry/src/mirrors.tuna.tsinghua.edu.cn-4dc01642fd091eda/kodegen_tools_github-0.10.8/src/github/search_repositories/mod.rs:273:22: 273:32}: std::marker::Send`
   --> /home/adwin/.cargo/registry/src/mirrors.tuna.tsinghua.edu.cn-4dc01642fd091eda/kodegen_tools_github-0.10.8/src/github/search_repositories/mod.rs:273:9
    |
273 | /         tokio::spawn(async move {
274 | |             let result = Self::run_search(
275 | |                 query,
276 | |                 octocrab,
...   |
286 | |             let _ = tx.send(result).await;
287 | |         });
    | |__________^
    |
    = help: consider increasing the recursion limit by adding a `#![recursion_limit = "256"]` attribute to your crate (`kodegen_tools_github`)
note: required by a bound in `tokio::spawn`
   --> /home/adwin/.cargo/registry/src/mirrors.tuna.tsinghua.edu.cn-4dc01642fd091eda/tokio-1.48.0/src/task/spawn.rs:171:21
    |
169 |     pub fn spawn<F>(future: F) -> JoinHandle<F::Output>
    |            ----- required by a bound in this function
170 |     where
171 |         F: Future + Send + 'static,
    |                     ^^^^ required by this bound in `spawn`

error[E0275]: overflow evaluating the requirement `{async block@/home/adwin/.cargo/registry/src/mirrors.tuna.tsinghua.edu.cn-4dc01642fd091eda/kodegen_tools_github-0.10.8/src/github/search_repositories/mod.rs:304:22: 304:32}: std::marker::Send`
   --> /home/adwin/.cargo/registry/src/mirrors.tuna.tsinghua.edu.cn-4dc01642fd091eda/kodegen_tools_github-0.10.8/src/github/search_repositories/mod.rs:304:9
    |
304 | /         tokio::spawn(async move {
305 | |             let result = Self::run_search(
306 | |                 query,
307 | |                 octocrab,
...   |
317 | |             let _ = tx.send(result).await;
318 | |         });
    | |__________^
    |
    = help: consider increasing the recursion limit by adding a `#![recursion_limit = "256"]` attribute to your crate (`kodegen_tools_github`)
note: required by a bound in `tokio::spawn`
   --> /home/adwin/.cargo/registry/src/mirrors.tuna.tsinghua.edu.cn-4dc01642fd091eda/tokio-1.48.0/src/task/spawn.rs:171:21
    |
169 |     pub fn spawn<F>(future: F) -> JoinHandle<F::Output>
    |            ----- required by a bound in this function
170 |     where
171 |         F: Future + Send + 'static,
    |                     ^^^^ required by this bound in `spawn`

For more information about this error, try `rustc --explain E0275`.
error: could not compile `kodegen_tools_github` (lib) due to 2 previous errors
