Running as unit: run-p2278361-i14858469.scope; invocation ID: 0b24832866ce477e93e0202dbd6a978f
    Blocking waiting for file lock on package cache
    Blocking waiting for file lock on package cache
    Blocking waiting for file lock on package cache
   Compiling proc-macro2 v1.0.87
   Compiling unicode-ident v1.0.13
   Compiling serde v1.0.210
    Checking cfg-if v1.0.0
   Compiling autocfg v1.4.0
   Compiling libc v0.2.159
    Checking once_cell v1.20.2
   Compiling pkg-config v0.3.31
   Compiling memchr v2.7.4
   Compiling shlex v1.3.0
    Checking pin-project-lite v0.2.14
    Checking log v0.4.22
   Compiling rustix v0.38.37
   Compiling quote v1.0.37
   Compiling jobserver v0.1.32
   Compiling syn v2.0.79
    Checking linux-raw-sys v0.4.14
   Compiling thiserror v1.0.64
   Compiling cc v1.1.28
    Checking smallvec v1.13.2
   Compiling crossbeam-utils v0.8.20
   Compiling slab v0.4.9
   Compiling num-traits v0.2.19
   Compiling wayland-sys v0.31.5
    Checking libloading v0.8.5
    Checking dlib v0.5.2
    Checking tracing-core v0.1.32
    Checking downcast-rs v1.2.1
    Checking futures-core v0.3.31
    Checking scoped-tls v1.0.1
   Compiling quick-xml v0.36.2
   Compiling rustversion v1.0.17
   Compiling wayland-client v0.31.6
    Checking futures-io v0.3.31
   Compiling anyhow v1.0.89
    Checking fastrand v2.1.1
   Compiling ident_case v1.0.1
   Compiling wayland-backend v0.3.7
   Compiling fnv v1.0.7
   Compiling strsim v0.11.1
   Compiling lock_api v0.4.12
   Compiling version_check v0.9.5
    Checking cursor-icon v1.1.0
   Compiling wayland-scanner v0.31.5
   Compiling smithay-client-toolkit v0.19.2
   Compiling itoa v1.0.11
    Checking parking v2.2.1
    Checking scopeguard v1.2.0
   Compiling serde_json v1.0.128
    Checking xcursor v0.3.8
    Checking concurrent-queue v2.5.0
    Checking memmap2 v0.9.5
   Compiling siphasher v0.3.11
    Checking xkeysym v0.2.1
   Compiling ryu v1.0.18
   Compiling rand_core v0.6.4
    Checking simd-adler32 v0.3.7
   Compiling rand v0.8.5
   Compiling phf_shared v0.11.2
    Checking raw-window-handle v0.6.2
   Compiling syn v1.0.109
    Checking byteorder v1.5.0
    Checking futures-sink v0.3.31
   Compiling vcpkg v0.2.15
    Checking futures-channel v0.3.31
    Checking event-listener v5.3.1
    Checking num-integer v0.1.46
    Checking getrandom v0.2.15
   Compiling phf_generator v0.11.2
   Compiling hashbrown v0.15.0
   Compiling tinyvec_macros v0.1.1
   Compiling typenum v1.17.0
    Checking either v1.13.0
   Compiling libz-sys v1.1.20
    Checking pin-utils v0.1.0
   Compiling equivalent v1.0.1
    Checking bitflags v1.3.2
    Checking futures-task v0.3.31
    Checking num-bigint v0.4.6
   Compiling indexmap v2.6.0
   Compiling tinyvec v1.8.0
    Checking event-listener-strategy v0.5.2
   Compiling generic-array v0.14.7
    Checking crossbeam-epoch v0.9.18
   Compiling camino v1.1.9
   Compiling paste v1.0.15
   Compiling num-conv v0.1.0
   Compiling built v0.7.4
   Compiling semver v1.0.23
    Checking option-ext v0.2.0
   Compiling winnow v0.6.20
    Checking x11rb-protocol v0.13.1
   Compiling toml_datetime v0.6.8
   Compiling rayon-core v1.12.1
    Checking arrayvec v0.7.6
   Compiling darling_core v0.20.10
    Checking adler2 v2.0.0
    Checking minimal-lexical v0.2.1
   Compiling time-core v0.1.2
    Checking aligned-vec v0.5.0
    Checking v_frame v0.3.8
    Checking nom v7.1.3
   Compiling serde_derive v1.0.210
   Compiling thiserror-impl v1.0.64
   Compiling tracing-attributes v0.1.27
   Compiling zerocopy-derive v0.7.35
   Compiling futures-macro v0.3.31
   Compiling darling_macro v0.20.10
   Compiling phf_macros v0.11.2
   Compiling darling v0.20.10
    Checking zerocopy v0.7.35
   Compiling derive_builder_core v0.20.1
    Checking futures-util v0.3.31
    Checking tracing v0.1.40
    Checking phf v0.11.2
   Compiling toml_edit v0.22.22
   Compiling profiling-procmacros v1.0.15
    Checking miniz_oxide v0.8.0
   Compiling rav1e v0.7.1
    Checking num-rational v0.4.2
    Checking dirs-sys v0.4.1
   Compiling unicode-normalization v0.1.24
   Compiling derive_builder_macro v0.20.1
    Checking crossbeam-deque v0.8.5
   Compiling vergen-lib v0.1.4
   Compiling libgit2-sys v0.17.0+1.8.1
   Compiling aho-corasick v1.1.3
    Checking crc32fast v1.4.2
   Compiling regex-syntax v0.8.5
    Checking bytemuck v1.18.0
   Compiling unicode-bidi v0.3.17
   Compiling percent-encoding v2.3.1
   Compiling form_urlencoded v1.2.1
   Compiling idna v0.5.0
   Compiling proc-macro-crate v3.2.0
   Compiling regex-automata v0.4.8
    Checking flate2 v1.0.34
    Checking bitflags v2.6.0
   Compiling cargo-platform v0.1.8
    Checking av1-grain v0.2.3
   Compiling derive_builder v0.20.1
    Checking profiling v1.0.15
    Checking ppv-lite86 v0.2.20
   Compiling wallust_themes v1.0.0
   Compiling arg_enum_proc_macro v0.3.4
   Compiling num-derive v0.4.2
   Compiling zvariant_utils v2.1.0
    Checking itertools v0.12.1
    Checking spin v0.9.8
    Checking futures-lite v2.3.0
   Compiling vergen v9.0.1
   Compiling simd_helpers v0.1.0
    Checking maybe-rayon v0.1.1
    Checking bitstream-io v2.5.3
    Checking adler v1.0.2
    Checking new_debug_unreachable v1.0.6
   Compiling parking_lot_core v0.9.10
    Checking imgref v1.10.1
    Checking quick-error v2.0.1
   Compiling noop_proc_macro v0.3.0
    Checking weezl v0.1.8
    Checking polling v3.7.3
    Checking x11rb v0.13.1
   Compiling powerfmt v0.2.0
    Checking calloop v0.13.0
   Compiling deranged v0.3.11
    Checking loop9 v0.1.5
    Checking miniz_oxide v0.7.4
    Checking wayland-csd-frame v0.3.0
    Checking clipboard_x11 v0.4.2 (https://github.com/pop-os/window_clipboard.git?tag=pop-dnd-8#7c59b07b)
    Checking flume v0.11.0
    Checking rand_chacha v0.3.1
   Compiling regex v1.11.0
   Compiling cargo_metadata v0.18.1
   Compiling url v2.5.2
    Checking wayland-protocols v0.32.4
    Checking calloop-wayland-source v0.3.0
    Checking wayland-cursor v0.31.6
    Checking rgb v0.8.50
    Checking futures-executor v0.3.31
    Checking dirs v5.0.1
   Compiling enumflags2_derive v0.7.10
    Checking avif-serialize v0.8.1
    Checking zune-inflate v0.2.54
    Checking fdeflate v0.3.5
   Compiling vergen-git2 v1.0.1
    Checking inotify-sys v0.1.5
   Compiling memoffset v0.9.1
    Checking half v2.4.1
    Checking utf8parse v0.2.2
    Checking smol_str v0.2.2
   Compiling num_threads v0.1.7
    Checking atomic-waker v1.1.2
   Compiling anstyle v1.0.8
    Checking async-task v4.7.1
    Checking xxhash-rust v0.8.12
    Checking jpeg-decoder v0.3.1
   Compiling clap_lex v0.7.2
    Checking bit_field v0.10.2
    Checking web-time v0.2.4
   Compiling cfg_aliases v0.2.1
    Checking lebe v0.5.2
    Checking byteorder-lite v0.1.0
   Compiling palette v0.7.6
   Compiling by_address v1.2.1
    Checking same-file v1.0.6
    Checking color_quant v1.1.0
    Checking zune-core v0.4.12
   Compiling palette_derive v0.7.6
    Checking gif v0.13.1
    Checking zune-jpeg v0.4.13
    Checking walkdir v2.5.0
    Checking tiff v0.9.1
    Checking ravif v0.11.10
    Checking image-webp v0.1.3
    Checking exr v1.72.0
   Compiling nix v0.29.0
   Compiling clap_builder v4.5.19
    Checking wayland-protocols-wlr v0.3.4
    Checking piper v0.2.4
   Compiling time v0.3.36
    Checking anstyle-parse v0.2.5
    Checking inotify v0.9.6
    Checking png v0.17.14
    Checking enumflags2 v0.7.10
    Checking futures v0.3.31
    Checking smithay-clipboard v0.8.0 (https://github.com/pop-os/smithay-clipboard?tag=pop-dnd-5#5a3007de)
    Checking tempfile v3.12.0
   Compiling zvariant_derive v4.2.0
    Checking rayon v1.10.0
    Checking mime v0.1.0 (https://github.com/pop-os/window_clipboard.git?tag=pop-dnd-8#7c59b07b)
    Checking crypto-common v0.1.6
    Checking dnd v0.1.0 (https://github.com/pop-os/window_clipboard.git?tag=pop-dnd-8#7c59b07b)
    Checking block-buffer v0.10.4
    Checking qoi v0.4.1
    Checking clipboard_wayland v0.2.2 (https://github.com/pop-os/window_clipboard.git?tag=pop-dnd-8#7c59b07b)
    Checking window_clipboard v0.4.1 (https://github.com/pop-os/window_clipboard.git?tag=pop-dnd-8#7c59b07b)
    Checking async-channel v2.3.1
    Checking iced_core v0.12.0 (https://github.com/pop-os/libcosmic#5306649b)
    Checking async-lock v3.4.0
    Checking approx v0.5.1
    Checking crossbeam-channel v0.5.13
    Checking filetime v0.2.25
    Checking mio v0.8.11
    Checking is_terminal_polyfill v1.70.1
    Checking fast-srgb8 v1.0.0
   Compiling heck v0.4.1
    Checking static_assertions v1.1.0
    Checking endi v1.1.0
    Checking base64 v0.21.7
    Checking lazy_static v1.5.0
    Checking anstyle-query v1.1.1
    Checking colorchoice v1.0.2
    Checking ron v0.8.1
   Compiling strum_macros v0.24.3
    Checking anstream v0.6.15
    Checking zvariant v4.2.0
    Checking notify v6.1.1
    Checking iced_futures v0.12.0 (https://github.com/pop-os/libcosmic#5306649b)
    Checking blocking v1.6.1
    Checking image v0.25.2
    Checking digest v0.10.7
    Checking atomicwrites v0.4.2 (https://github.com/jackpot51/rust-atomicwrites#043ab485)
    Checking parking_lot v0.12.3
   Compiling clap v4.5.19
    Checking serde_spanned v0.6.8
    Checking csscolorparser v0.6.2
   Compiling cosmic-config-derive v0.1.0 (https://github.com/pop-os/libcosmic#5306649b)
   Compiling tokio-macros v2.4.0
   Compiling ahash v0.8.11
    Checking mio v1.0.2
    Checking signal-hook-registry v1.4.2
    Checking socket2 v0.5.7
   Compiling heck v0.5.0
    Checking xdg v2.5.2
    Checking bytes v1.7.2
   Compiling litrs v0.4.1
   Compiling owo-colors v4.1.0
    Checking cpufeatures v0.2.14
    Checking sha1 v0.10.6
    Checking tokio v1.39.3
   Compiling document-features v0.2.10
    Checking cosmic-config v0.1.0 (https://github.com/pop-os/libcosmic#5306649b)
   Compiling clap_derive v4.5.18
    Checking zbus_names v3.0.0
    Checking async-fs v2.1.2
    Checking strum v0.24.1
    Checking async-io v2.3.4
    Checking async-executor v1.13.1
   Compiling zbus_macros v4.4.0
   Compiling async-trait v0.1.83
   Compiling serde_repr v0.1.19
   Compiling time-macros v0.2.18
    Checking async-broadcast v0.7.1
    Checking ordered-stream v0.2.0
    Checking xdg-home v1.3.0
    Checking maplit v1.0.2
    Checking memo-map v0.3.3
    Checking self_cell v1.0.4
    Checking hex v0.4.3
    Checking spinners v4.1.1
    Checking minijinja v2.3.1
    Checking kmeans_colors v0.6.0
    Checking toml v0.8.19
    Checking new_string_template v1.5.3
error[E0283]: type annotations needed
   --> /home/adwin/.cargo/registry/src/mirrors.tuna.tsinghua.edu.cn-4dc01642fd091eda/minijinja-2.3.1/src/environment.rs:701:34
    |
701 |             .insert(name.into(), filters::BoxedFilter::new(f));
    |                                  ^^^^^^^^^^^^^^^^^^^^^^^^^ - type must be known at this point
    |                                  |
    |                                  cannot infer type of the type parameter `Args` declared on the associated function `new`
    |
    = note: cannot satisfy `F: filters::Filter<Rv, _>`
    = help: the following types implement trait `filters::Filter<Rv, Args>`:
              `Func` implements `filters::Filter<Rv, ()>`
              `Func` implements `filters::Filter<Rv, (A, B)>`
              `Func` implements `filters::Filter<Rv, (A, B, C)>`
              `Func` implements `filters::Filter<Rv, (A, B, C, D)>`
              `Func` implements `filters::Filter<Rv, (A, B, C, D, E)>`
              `Func` implements `filters::Filter<Rv, (A,)>`
note: required by a bound in `BoxedFilter::new`
   --> /home/adwin/.cargo/registry/src/mirrors.tuna.tsinghua.edu.cn-4dc01642fd091eda/minijinja-2.3.1/src/filters.rs:238:12
    |
236 |     pub fn new<F, Rv, Args>(f: F) -> BoxedFilter
    |            --- required by a bound in this associated function
237 |     where
238 |         F: Filter<Rv, Args> + for<'a> Filter<Rv, <Args as FunctionArgs<'a>>::Output>,
    |            ^^^^^^^^^^^^^^^^ required by this bound in `BoxedFilter::new`
help: consider specifying the generic arguments
    |
701 |             .insert(name.into(), filters::BoxedFilter::new::<F, Rv, Args>(f));
    |                                                           +++++++++++++++

error[E0283]: type annotations needed
   --> /home/adwin/.cargo/registry/src/mirrors.tuna.tsinghua.edu.cn-4dc01642fd091eda/minijinja-2.3.1/src/environment.rs:722:40
    |
722 |         self.tests.insert(name.into(), tests::BoxedTest::new(f));
    |                                        ^^^^^^^^^^^^^^^^^^^^^ - type must be known at this point
    |                                        |
    |                                        cannot infer type of the type parameter `Args` declared on the associated function `new`
    |
    = note: cannot satisfy `F: tests::Test<Rv, _>`
    = help: the following types implement trait `tests::Test<Rv, Args>`:
              `Func` implements `tests::Test<Rv, ()>`
              `Func` implements `tests::Test<Rv, (A, B)>`
              `Func` implements `tests::Test<Rv, (A, B, C)>`
              `Func` implements `tests::Test<Rv, (A, B, C, D)>`
              `Func` implements `tests::Test<Rv, (A, B, C, D, E)>`
              `Func` implements `tests::Test<Rv, (A,)>`
note: required by a bound in `BoxedTest::new`
   --> /home/adwin/.cargo/registry/src/mirrors.tuna.tsinghua.edu.cn-4dc01642fd091eda/minijinja-2.3.1/src/tests.rs:184:12
    |
182 |     pub fn new<F, Rv, Args>(f: F) -> BoxedTest
    |            --- required by a bound in this associated function
183 |     where
184 |         F: Test<Rv, Args> + for<'a> Test<Rv, <Args as FunctionArgs<'a>>::Output>,
    |            ^^^^^^^^^^^^^^ required by this bound in `BoxedTest::new`
help: consider specifying the generic arguments
    |
722 |         self.tests.insert(name.into(), tests::BoxedTest::new::<F, Rv, Args>(f));
    |                                                             +++++++++++++++

error[E0283]: type annotations needed
   --> /home/adwin/.cargo/registry/src/mirrors.tuna.tsinghua.edu.cn-4dc01642fd091eda/minijinja-2.3.1/src/environment.rs:745:38
    |
745 |         self.add_global(name.into(), Value::from_function(f))
    |                                      ^^^^^^^^^^^^^^^^^^^^ - type must be known at this point
    |                                      |
    |                                      cannot infer type of the type parameter `Args` declared on the associated function `from_function`
    |
    = note: cannot satisfy `F: Function<Rv, _>`
    = help: the following types implement trait `Function<Rv, Args>`:
              `Func` implements `Function<Rv, ()>`
              `Func` implements `Function<Rv, (A, B)>`
              `Func` implements `Function<Rv, (A, B, C)>`
              `Func` implements `Function<Rv, (A, B, C, D)>`
              `Func` implements `Function<Rv, (A, B, C, D, E)>`
              `Func` implements `Function<Rv, (A,)>`
note: required by a bound in `value::Value::from_function`
   --> /home/adwin/.cargo/registry/src/mirrors.tuna.tsinghua.edu.cn-4dc01642fd091eda/minijinja-2.3.1/src/value/mod.rs:958:12
    |
955 |     pub fn from_function<F, Rv, Args>(f: F) -> Value
    |            ------------- required by a bound in this associated function
...
958 |         F: functions::Function<Rv, Args>
    |            ^^^^^^^^^^^^^^^^^^^^^^^^^^^^^ required by this bound in `Value::from_function`
help: consider specifying the generic arguments
    |
745 |         self.add_global(name.into(), Value::from_function::<F, Rv, Args>(f))
    |                                                          +++++++++++++++

    Checking fast_image_resize v4.2.1
error[E0283]: type annotations needed
   --> /home/adwin/.cargo/registry/src/mirrors.tuna.tsinghua.edu.cn-4dc01642fd091eda/minijinja-2.3.1/src/value/mod.rs:963:9
    |
963 |         functions::BoxedFunction::new(f).to_value()
    |         ^^^^^^^^^^^^^^^^^^^^^^^^^^^^^ - type must be known at this point
    |         |
    |         cannot infer type of the type parameter `Args` declared on the associated function `new`
    |
    = note: cannot satisfy `F: Function<Rv, _>`
    = help: the following types implement trait `Function<Rv, Args>`:
              `Func` implements `Function<Rv, ()>`
              `Func` implements `Function<Rv, (A, B)>`
              `Func` implements `Function<Rv, (A, B, C)>`
              `Func` implements `Function<Rv, (A, B, C, D)>`
              `Func` implements `Function<Rv, (A, B, C, D, E)>`
              `Func` implements `Function<Rv, (A,)>`
note: required by a bound in `BoxedFunction::new`
   --> /home/adwin/.cargo/registry/src/mirrors.tuna.tsinghua.edu.cn-4dc01642fd091eda/minijinja-2.3.1/src/functions.rs:213:12
    |
211 |     pub fn new<F, Rv, Args>(f: F) -> BoxedFunction
    |            --- required by a bound in this associated function
212 |     where
213 |         F: Function<Rv, Args> + for<'a> Function<Rv, <Args as FunctionArgs<'a>>::Output>,
    |            ^^^^^^^^^^^^^^^^^^ required by this bound in `BoxedFunction::new`
help: consider specifying the generic arguments
    |
963 |         functions::BoxedFunction::new::<F, Rv, Args>(f).to_value()
    |                                      +++++++++++++++

    Checking colorgrad v0.6.2
    Checking shellexpand v3.1.0
   Compiling derive_setters v0.1.6
    Checking itertools v0.13.0
For more information about this error, try `rustc --explain E0283`.
error: could not compile `minijinja` (lib) due to 4 previous errors
warning: build failed, waiting for other jobs to finish...
