Running as unit: run-p1999496-i1999796.scope; invocation ID: f2f440ca3c4345d88cde779cc61ad527
    Updating `tuna` index
     Locking 350 packages to latest compatible versions
      Adding bcrypt v0.10.1 (available: v0.18.0)
      Adding crypto-common v0.1.6 (available: v0.1.7)
      Adding diesel v1.4.8 (available: v2.3.6)
      Adding diesel_migrations v1.4.0 (available: v2.3.1)
      Adding lemmy_db_schema v0.13.5 (available: v0.19.15)
      Adding lemmy_utils v0.13.5 (available: v0.19.15)
      Adding serial_test v0.5.1 (available: v3.3.1)
      Adding sha2 v0.9.9 (available: v0.10.9)
      Adding strum v0.21.0 (available: v0.27.2)
      Adding strum_macros v0.21.1 (available: v0.27.2)
 Downloading crates ...
  Downloaded lemmy_utils v0.13.5 (registry `tuna`)
  Downloaded webpage v1.6.0 (registry `tuna`)
  Downloaded lemmy_db_schema v0.13.5 (registry `tuna`)
  Downloaded diesel-derive-newtype v0.1.2 (registry `tuna`)
   Compiling proc-macro2 v1.0.106
   Compiling unicode-ident v1.0.23
   Compiling quote v1.0.44
   Compiling libc v0.2.182
    Checking cfg-if v1.0.4
   Compiling parking_lot_core v0.9.12
    Checking smallvec v1.15.1
   Compiling serde_core v1.0.228
    Checking log v0.4.29
    Checking scopeguard v1.2.0
    Checking memchr v2.8.0
   Compiling shlex v1.3.0
   Compiling find-msvc-tools v0.1.9
    Checking lock_api v0.4.14
   Compiling serde v1.0.228
    Checking pin-project-lite v0.2.16
   Compiling cc v1.2.56
    Checking once_cell v1.21.3
   Compiling zerocopy v0.8.39
   Compiling autocfg v1.5.0
   Compiling syn v1.0.109
    Checking bytes v1.11.1
    Checking itoa v1.0.17
   Compiling syn v2.0.115
   Compiling num-traits v0.2.19
    Checking futures-core v0.3.31
   Compiling zmij v1.0.21
    Checking stable_deref_trait v1.2.1
    Checking errno v0.3.14
   Compiling serde_json v1.0.149
    Checking futures-sink v0.3.31
    Checking parking_lot v0.12.5
   Compiling getrandom v0.2.17
    Checking signal-hook-registry v1.4.8
    Checking socket2 v0.6.2
    Checking mio v1.1.1
    Checking hashbrown v0.16.1
    Checking equivalent v1.0.2
   Compiling rand_core v0.6.4
    Checking tokio v1.49.0
    Checking futures-channel v0.3.31
    Checking indexmap v2.13.0
    Checking tracing-core v0.1.36
    Checking futures-io v0.3.31
   Compiling pq-sys v0.4.8
    Checking slab v0.4.12
    Checking pin-utils v0.1.0
   Compiling pkg-config v0.3.32
    Checking futures-task v0.3.31
   Compiling vcpkg v0.2.15
   Compiling ring v0.17.14
   Compiling siphasher v0.3.11
   Compiling siphasher v1.0.2
    Checking writeable v0.6.2
    Checking litemap v0.8.1
   Compiling phf_shared v0.11.3
   Compiling phf_shared v0.10.0
   Compiling ring v0.16.20
   Compiling openssl-sys v0.9.111
   Compiling icu_properties_data v2.1.2
    Checking fnv v1.0.7
    Checking bitflags v2.11.0
   Compiling icu_normalizer_data v2.1.1
    Checking untrusted v0.9.0
    Checking http v0.2.12
   Compiling version_check v0.9.5
    Checking tokio-util v0.7.18
   Compiling typenum v1.19.0
    Checking new_debug_unreachable v1.0.6
   Compiling generic-array v0.14.9
   Compiling synstructure v0.13.2
   Compiling ppv-lite86 v0.2.21
    Checking foreign-types-shared v0.1.1
    Checking mac v0.1.1
   Compiling rand_chacha v0.3.1
   Compiling openssl v0.10.75
   Compiling rand v0.8.5
    Checking spin v0.5.2
    Checking percent-encoding v2.3.2
   Compiling httparse v1.10.1
    Checking untrusted v0.7.1
    Checking iana-time-zone v0.1.65
   Compiling diesel_derives v1.4.1
   Compiling unicode-segmentation v1.12.0
   Compiling phf_generator v0.11.3
   Compiling phf_generator v0.10.0
   Compiling serde_derive v1.0.228
   Compiling zerofrom-derive v0.1.6
   Compiling yoke-derive v0.8.1
   Compiling zerovec-derive v0.11.2
   Compiling displaydoc v0.2.5
   Compiling tracing-attributes v0.1.31
   Compiling futures-macro v0.3.31
   Compiling phf_codegen v0.10.0
   Compiling string_cache_codegen v0.5.4
   Compiling openssl-macros v0.1.1
   Compiling markup5ever v0.11.0
    Checking webpki v0.22.4
    Checking futures-util v0.3.31
    Checking futf v0.1.5
    Checking zerofrom v0.1.6
    Checking foreign-types v0.3.2
   Compiling scheduled-thread-pool v0.2.7
    Checking yoke v0.8.1
    Checking zerovec v0.11.5
    Checking zerotrie v0.2.3
    Checking tracing v0.1.44
    Checking utf-8 v0.7.6
    Checking tinystr v0.8.2
    Checking potential_utf v0.1.4
    Checking icu_collections v2.1.1
    Checking icu_locale_core v2.1.1
   Compiling rustls v0.20.9
    Checking httpdate v1.0.3
    Checking precomputed-hash v0.1.1
    Checking byteorder v1.5.0
   Compiling native-tls v0.2.16
   Compiling r2d2 v0.8.10
    Checking icu_provider v2.1.1
    Checking tendril v0.4.3
    Checking icu_normalizer v2.1.1
    Checking icu_properties v2.1.2
    Checking phf v0.10.1
    Checking sct v0.7.1
    Checking form_urlencoded v1.2.2
    Checking socket2 v0.5.10
    Checking aho-corasick v1.1.4
    Checking local-waker v0.1.4
    Checking chrono v0.4.43
    Checking string_cache v0.8.9
    Checking h2 v0.3.27
    Checking openssl-probe v0.2.1
   Compiling ucd-trie v0.1.7
    Checking idna_adapter v1.2.1
    Checking regex-syntax v0.8.9
    Checking utf8_iter v1.0.4
   Compiling bitflags v1.3.2
   Compiling proc-macro2 v0.4.30
    Checking idna v1.1.0
   Compiling pest v2.8.6
    Checking actix-utils v3.0.1
   Compiling convert_case v0.10.0
   Compiling html5ever v0.26.0
   Compiling diesel v1.4.8
    Checking actix-rt v2.11.0
    Checking regex-automata v0.4.14
    Checking actix-service v2.0.3
   Compiling num-bigint v0.2.6
    Checking tinyvec_macros v0.1.1
   Compiling unicode-xid v0.2.6
   Compiling unicode-xid v0.1.0
    Checking mime v0.3.17
    Checking try-lock v0.2.5
    Checking want v0.3.1
   Compiling derive_more-impl v2.1.1
    Checking tokio-rustls v0.23.4
    Checking tinyvec v1.10.0
   Compiling pest_meta v2.8.6
    Checking url v2.5.8
    Checking webpki-roots v0.22.6
    Checking http-body v0.4.6
    Checking num-integer v0.1.46
    Checking bytestring v1.5.0
    Checking regex v1.12.3
    Checking encoding_rs v0.8.35
    Checking tower-service v0.3.3
    Checking base64 v0.13.1
    Checking base64 v0.21.7
    Checking powerfmt v0.2.0
    Checking ryu v1.0.23
    Checking impl-more v0.1.9
    Checking serde_urlencoded v0.7.1
    Checking actix-tls v3.5.0
    Checking deranged v0.5.6
   Compiling pest_generator v2.8.6
    Checking hyper v0.14.32
    Checking unicode-normalization v0.1.25
   Compiling quote v0.6.13
    Checking tokio-native-tls v0.3.1
    Checking xml5ever v0.17.0
    Checking actix-codec v0.5.2
    Checking derive_more v2.1.1
    Checking unchecked-index v0.2.2
    Checking match_cfg v0.1.0
    Checking num-conv v0.2.0
    Checking time-core v0.1.8
   Compiling thiserror v1.0.69
    Checking minimal-lexical v0.2.1
   Compiling anyhow v1.0.101
    Checking unicode-bidi v0.3.18
    Checking base64 v0.22.1
    Checking foldhash v0.1.5
    Checking language-tags v0.3.2
    Checking opaque-debug v0.3.1
    Checking regex-lite v0.1.9
    Checking idna v0.3.0
    Checking email-encoding v0.2.1
    Checking nom v7.1.3
    Checking time v0.3.47
    Checking actix-router v0.5.3
    Checking actix-http v3.11.2
    Checking markup5ever_rcdom v0.2.0
    Checking hostname v0.3.1
    Checking twoway v0.2.2
    Checking hyper-tls v0.5.0
    Checking simple_asn1 v0.4.1
   Compiling syn v0.14.9
   Compiling pest_derive v2.8.6
    Checking rustls-pemfile v1.0.4
    Checking pem v0.8.3
    Checking actix-server v2.6.0
    Checking futures-executor v0.3.31
    Checking cipher v0.3.0
   Compiling heck v0.3.3
   Compiling thiserror-impl v1.0.69
    Checking socket2 v0.4.10
    Checking typed-arena v1.7.0
    Checking unicode_categories v0.1.1
    Checking entities v1.0.1
    Checking shell-words v1.1.1
    Checking lazy_static v1.5.0
    Checking base64 v0.12.3
    Checking either v1.15.0
    Checking ipnet v2.11.0
    Checking fastrand v1.9.0
    Checking sync_wrapper v0.1.2
    Checking xdg v2.5.2
    Checking email_address v0.2.9
    Checking quoted_printable v0.4.8
    Checking comrak v0.12.1
    Checking reqwest v0.11.27
    Checking lettre v0.10.4
    Checking actix-web v4.12.1
    Checking jsonwebtoken v7.2.0
    Checking itertools v0.10.5
   Compiling strum_macros v0.21.1
    Checking blowfish v0.8.0
    Checking futures v0.3.31
    Checking webpage v1.6.0
    Checking deser-hjson v1.2.0
    Checking digest v0.9.0
    Checking block-buffer v0.9.0
   Compiling smart-default v0.6.0
    Checking cpufeatures v0.2.17
    Checking strum v0.21.0
    Checking sha2 v0.9.9
    Checking bcrypt v0.10.1
    Checking migrations_internals v1.4.1
   Compiling diesel-derive-newtype v0.1.2
   Compiling migrations_macros v1.4.2
    Checking lemmy_db_schema v0.13.5
error: linking with `cc` failed: exit status: 1
  |
  = note:  "cc" "-Wl,--version-script=/getea/tmp/crater-spurious/lemmy_db_queries-0.13.5/target/debug/deps/rustcuNh4vi/list" "-Wl,--no-undefined-version" "-m64" "/getea/tmp/crater-spurious/lemmy_db_queries-0.13.5/target/debug/deps/rustcuNh4vi/symbols.o" "<4 object files omitted>" "/getea/tmp/crater-spurious/lemmy_db_queries-0.13.5/target/debug/deps/rustcuNh4vi/rmeta.o" "<1 object files omitted>" "-Wl,--as-needed" "-Wl,-Bstatic" "/getea/tmp/crater-spurious/lemmy_db_queries-0.13.5/target/debug/deps/{libsyn-b62e13c88e2083a5,libquote-fbd309a542ed7e88,libproc_macro2-9bb20ccbc13cdc8f,libunicode_ident-2d744e3942341dd8}.rlib" "<sysroot>/lib/rustlib/x86_64-unknown-linux-gnu/lib/{libproc_macro-*,librustc_literal_escaper-*}.rlib" "/getea/tmp/crater-spurious/lemmy_db_queries-0.13.5/target/debug/deps/{libmigrations_internals-1a60747c7527cd9d,libdiesel-eff44b1cedfe45b9,libpq_sys-3a9b85f7b574c708,libserde_json-f0afb611843494e1,libmemchr-d0a7fce1783e6c21,libitoa-804c13efa6cbafd9,libzmij-44014f3c447cca9a,libindexmap-198f1b93368a162c,libequivalent-0da3cf930636e310,libhashbrown-e2faa586673d34f9,libchrono-25ad220b7fdee0a4,libiana_time_zone-8a4681038574a836,libnum_traits-e8da40a547d9c657,libserde-43abf16fa6513c71,libserde_core-cc1805cf5631dab2,libr2d2-56f6cc143b8892b5,libscheduled_thread_pool-9baba51b86278e0f,libparking_lot-0ba158357d7a05a5,libparking_lot_core-bea45df7c2138bce,liblibc-93d0e1fb346eeb91,libcfg_if-72cb3b78d65ebabd,libsmallvec-76a97127e0313539,liblock_api-f091d21937ca5bd5,libscopeguard-fb9c2fcd3e1cb54d,liblog-2f8eae3a9b53c38a,libbyteorder-60f83b8cb6370b93,libbitflags-a6bb40febbf12c7f}.rlib" "<sysroot>/lib/rustlib/x86_64-unknown-linux-gnu/lib/{libstd-*,libpanic_unwind-*,libobject-*,libmemchr-*,libaddr2line-*,libgimli-*,libcfg_if-*,librustc_demangle-*,libstd_detect-*,libhashbrown-*,librustc_std_workspace_alloc-*,libminiz_oxide-*,libadler2-*,libunwind-*,liblibc-*,librustc_std_workspace_core-*,liballoc-*,libcore-*,libcompiler_builtins-*}.rlib" "-Wl,-Bdynamic" "-lpq" "-lgcc_s" "-lutil" "-lrt" "-lpthread" "-lm" "-ldl" "-lc" "-L" "/getea/tmp/crater-spurious/lemmy_db_queries-0.13.5/target/debug/deps/rustcuNh4vi/raw-dylibs" "-B<sysroot>/lib/rustlib/x86_64-unknown-linux-gnu/bin/gcc-ld" "-fuse-ld=lld" "-Wl,--eh-frame-hdr" "-Wl,-z,noexecstack" "-L" "<sysroot>/lib/rustlib/x86_64-unknown-linux-gnu/lib" "-o" "/getea/tmp/crater-spurious/lemmy_db_queries-0.13.5/target/debug/deps/libmigrations_macros-ebee4b4e258015d5.so" "-Wl,--gc-sections" "-shared" "-Wl,-z,relro,-z,now" "-Wl,--strip-debug" "-nodefaultlibs"
  = note: some arguments are omitted. use `--verbose` to show all linker arguments
  = note: rust-lld: error: unable to find library -lpq
          collect2: error: ld returned 1 exit status
          

error: could not compile `migrations_macros` (lib) due to 1 previous error
warning: build failed, waiting for other jobs to finish...
