Running as unit: run-p2007342-i2007642.scope; invocation ID: 60c0b6ccfcf945b0bcf21a5ad821a811
    Updating `tuna` index
 Downloading crates ...
  Downloaded reactive_stores v0.3.1 (registry `tuna`)
   Compiling proc-macro2 v1.0.103
   Compiling quote v1.0.42
   Compiling unicode-ident v1.0.22
   Compiling libc v0.2.178
   Compiling version_check v0.9.5
    Checking cfg-if v1.0.4
   Compiling typenum v1.19.0
    Checking pin-project-lite v0.2.16
   Compiling semver v1.0.27
   Compiling serde_core v1.0.228
    Checking memchr v2.7.6
   Compiling rustc_version v0.4.1
    Checking once_cell v1.21.3
    Checking zeroize v1.8.2
    Checking futures-core v0.3.31
    Checking futures-sink v0.3.31
   Compiling serde v1.0.228
   Compiling thiserror v2.0.17
    Checking smallvec v1.15.1
   Compiling wasm-bindgen-shared v0.2.106
    Checking futures-channel v0.3.31
   Compiling generic-array v0.14.9
    Checking slab v0.4.11
    Checking itoa v1.0.16
   Compiling rustversion v1.0.22
    Checking const-oid v0.9.6
    Checking pin-utils v0.1.0
    Checking futures-io v0.3.31
    Checking subtle v2.6.1
    Checking futures-task v0.3.31
   Compiling syn v2.0.111
   Compiling bumpalo v3.19.1
    Checking stable_deref_trait v1.2.1
    Checking bytes v1.11.0
   Compiling parking_lot_core v0.9.12
    Checking getrandom v0.2.16
   Compiling proc-macro-error-attr2 v2.0.0
    Checking rand_core v0.6.4
   Compiling crossbeam-utils v0.8.21
    Checking hashbrown v0.16.1
   Compiling wasm-bindgen v0.2.106
    Checking equivalent v1.0.2
    Checking base64ct v1.8.1
    Checking http v1.4.0
   Compiling unicode-segmentation v1.12.0
    Checking pem-rfc7468 v0.7.0
    Checking der v0.7.10
    Checking indexmap v2.12.1
    Checking num_cpus v1.17.0
    Checking writeable v0.6.2
    Checking litemap v0.8.1
   Compiling convert_case v0.8.0
   Compiling serde_json v1.0.146
    Checking block-buffer v0.10.4
    Checking crypto-common v0.1.6
   Compiling icu_normalizer_data v2.1.1
    Checking percent-encoding v2.3.2
    Checking digest v0.10.7
   Compiling icu_properties_data v2.1.2
    Checking ryu v1.0.21
    Checking scopeguard v1.2.0
    Checking concurrent-queue v2.5.0
    Checking lock_api v0.4.14
   Compiling proc-macro2-diagnostics v0.10.1
   Compiling shlex v1.3.0
   Compiling unicode-xid v0.2.6
    Checking parking v2.2.1
   Compiling find-msvc-tools v0.1.5
   Compiling paste v1.0.15
    Checking event-listener v5.4.1
    Checking spki v0.7.3
   Compiling const_format_proc_macros v0.2.34
    Checking pkcs8 v0.10.2
   Compiling cc v1.2.50
   Compiling proc-macro-utils v0.10.0
    Checking mio v1.1.1
    Checking socket2 v0.6.1
   Compiling slotmap v1.1.1
    Checking throw_error v0.3.1
   Compiling autocfg v1.5.0
   Compiling libm v0.2.15
   Compiling zerocopy v0.8.31
    Checking base64 v0.22.1
   Compiling vcpkg v0.2.15
   Compiling pkg-config v0.3.32
   Compiling num-traits v0.2.19
    Checking tokio v1.48.0
    Checking event-listener-strategy v0.5.4
   Compiling reactive_graph v0.2.12
   Compiling server_fn_macro v0.8.8
    Checking send_wrapper v0.6.0
   Compiling anyhow v1.0.100
    Checking hashbrown v0.14.5
   Compiling camino v1.2.2
   Compiling openssl-sys v0.9.111
    Checking or_poisoned v0.1.0
    Checking async-lock v3.4.2
    Checking dashmap v6.1.0
   Compiling const_format v0.2.35
    Checking hmac v0.12.1
    Checking form_urlencoded v1.2.2
    Checking utf8_iter v1.0.4
    Checking guardian v1.3.0
    Checking either v1.15.0
   Compiling xxhash-rust v0.8.15
   Compiling thiserror v1.0.69
    Checking rustc-hash v2.1.1
    Checking itertools v0.14.0
   Compiling manyhow-macros v0.11.4
    Checking parking_lot v0.12.5
    Checking signature v2.2.0
    Checking ff v0.13.1
   Compiling tachys v0.2.11
   Compiling synstructure v0.13.2
   Compiling wasm-bindgen-macro-support v0.2.106
   Compiling proc-macro-error2 v2.0.1
    Checking ppv-lite86 v0.2.21
   Compiling getrandom v0.3.4
    Checking base16ct v0.2.0
    Checking utf8-width v0.1.8
   Compiling prettyplease v0.2.37
   Compiling yansi v1.0.1
    Checking winnow v0.7.14
    Checking html-escape v0.2.13
    Checking sec1 v0.7.3
    Checking num-integer v0.1.46
   Compiling manyhow v0.11.4
    Checking group v0.13.0
    Checking hkdf v0.12.4
    Checking either_of v0.1.6
    Checking toml_datetime v0.7.5+spec-1.1.0
    Checking serde_spanned v1.0.4
    Checking crypto-bigint v0.5.5
    Checking http-body v1.0.1
   Compiling serde_derive v1.0.228
   Compiling thiserror-impl v2.0.17
   Compiling futures-macro v0.3.31
   Compiling zerofrom-derive v0.1.6
   Compiling yoke-derive v0.8.1
   Compiling wasm-bindgen-macro v0.2.106
   Compiling zerovec-derive v0.11.2
    Checking futures-util v0.3.31
   Compiling displaydoc v0.2.5
   Compiling derive-where v1.6.0
    Checking zerofrom v0.1.6
    Checking yoke v0.8.1
   Compiling syn_derive v0.2.0
    Checking zerovec v0.11.5
   Compiling quote-use-macros v0.8.4
    Checking zerotrie v0.2.3
   Compiling pin-project-internal v1.1.10
   Compiling thiserror-impl v1.0.69
    Checking js-sys v0.3.83
   Compiling reactive_stores_macro v0.2.6
    Checking tinystr v0.8.2
    Checking icu_locale_core v2.1.1
    Checking potential_utf v0.1.4
    Checking icu_collections v2.1.1
    Checking oco_ref v0.2.1
   Compiling quote-use v0.8.4
    Checking icu_provider v2.1.1
    Checking toml_parser v1.0.6+spec-1.1.0
   Compiling async-trait v0.1.89
   Compiling tracing-attributes v0.1.31
    Checking icu_normalizer v2.1.1
    Checking icu_properties v2.1.2
    Checking pin-project v1.1.10
    Checking aho-corasick v1.1.4
   Compiling server_fn v0.8.9
    Checking futures-executor v0.3.31
    Checking tracing-core v0.1.36
   Compiling httparse v1.10.1
    Checking futures v0.3.31
    Checking hydration_context v0.3.0
   Compiling openssl v0.10.75
    Checking erased v0.1.2
   Compiling same-file v1.0.6
    Checking linear-map v1.2.0
    Checking drain_filter_polyfill v0.1.3
    Checking foreign-types-shared v0.1.1
   Compiling interpolator v0.5.0
   Compiling collection_literals v1.0.3
    Checking const_str_slice_concat v0.1.0
    Checking idna_adapter v1.2.1
    Checking next_tuple v0.1.0
    Checking regex-syntax v0.8.8
    Checking cpufeatures v0.2.17
    Checking idna v1.1.0
    Checking bitflags v2.10.0
   Compiling sha2 v0.10.9
    Checking convert_case v0.6.0
    Checking tracing v0.1.44
    Checking url v2.5.7
   Compiling attribute-derive-macro v0.10.5
    Checking foreign-types v0.3.2
   Compiling walkdir v2.5.0
    Checking toml v0.9.10+spec-1.1.0
   Compiling rstml v0.12.1
    Checking serde_qs v0.15.0
    Checking elliptic-curve v0.13.8
   Compiling typed-builder-macro v0.21.2
    Checking wasm-bindgen-futures v0.4.56
    Checking web-sys v0.3.83
    Checking any_spawner v0.3.0
   Compiling openssl-macros v0.1.1
   Compiling server_fn_macro_default v0.8.5
    Checking tokio-util v0.7.17
    Checking regex-automata v0.4.13
error[E0282]: type annotations needed for `&_`
   --> /home/adwin/.cargo/registry/src/mirrors.tuna.tsinghua.edu.cn-4dc01642fd091eda/reactive_graph-0.2.12/src/computed/async_derived/arc_async_derived.rs:673:14
    |
673 |             |v| v.deref(),
    |              ^  - type must be known at this point
    |
help: consider giving this closure parameter an explicit type, where the placeholders `_` are specified
    |
673 |             |v: &_| v.deref(),
    |               ++++

error[E0282]: type annotations needed for `&mut _`
   --> /home/adwin/.cargo/registry/src/mirrors.tuna.tsinghua.edu.cn-4dc01642fd091eda/reactive_graph-0.2.12/src/computed/async_derived/arc_async_derived.rs:674:14
    |
674 |             |v| v.deref_mut(),
    |              ^  - type must be known at this point
    |
help: consider giving this closure parameter an explicit type, where the placeholders `_` are specified
    |
674 |             |v: &mut _| v.deref_mut(),
    |               ++++++++

error[E0282]: type annotations needed for `&_`
   --> /home/adwin/.cargo/registry/src/mirrors.tuna.tsinghua.edu.cn-4dc01642fd091eda/reactive_graph-0.2.12/src/computed/async_derived/arc_async_derived.rs:691:14
    |
691 |             |v| v.deref(),
    |              ^  - type must be known at this point
    |
help: consider giving this closure parameter an explicit type, where the placeholders `_` are specified
    |
691 |             |v: &_| v.deref(),
    |               ++++

error[E0282]: type annotations needed for `&mut _`
   --> /home/adwin/.cargo/registry/src/mirrors.tuna.tsinghua.edu.cn-4dc01642fd091eda/reactive_graph-0.2.12/src/computed/async_derived/arc_async_derived.rs:692:14
    |
692 |             |v| v.deref_mut(),
    |              ^  - type must be known at this point
    |
help: consider giving this closure parameter an explicit type, where the placeholders `_` are specified
    |
692 |             |v: &mut _| v.deref_mut(),
    |               ++++++++

error[E0282]: type annotations needed for `&_`
   --> /home/adwin/.cargo/registry/src/mirrors.tuna.tsinghua.edu.cn-4dc01642fd091eda/reactive_graph-0.2.12/src/computed/async_derived/async_derived.rs:367:14
    |
367 |             |v| v.deref(),
    |              ^  - type must be known at this point
    |
help: consider giving this closure parameter an explicit type, where the placeholders `_` are specified
    |
367 |             |v: &_| v.deref(),
    |               ++++

error[E0282]: type annotations needed for `&mut _`
   --> /home/adwin/.cargo/registry/src/mirrors.tuna.tsinghua.edu.cn-4dc01642fd091eda/reactive_graph-0.2.12/src/computed/async_derived/async_derived.rs:368:14
    |
368 |             |v| v.deref_mut(),
    |              ^  - type must be known at this point
    |
help: consider giving this closure parameter an explicit type, where the placeholders `_` are specified
    |
368 |             |v: &mut _| v.deref_mut(),
    |               ++++++++

error[E0282]: type annotations needed for `&_`
   --> /home/adwin/.cargo/registry/src/mirrors.tuna.tsinghua.edu.cn-4dc01642fd091eda/reactive_graph-0.2.12/src/computed/async_derived/async_derived.rs:388:40
    |
388 |                 MappedMut::new(inner, |v| v.deref(), |v| v.deref_mut())
    |                                        ^  - type must be known at this point
    |
help: consider giving this closure parameter an explicit type, where the placeholders `_` are specified
    |
388 |                 MappedMut::new(inner, |v: &_| v.deref(), |v| v.deref_mut())
    |                                         ++++

error[E0282]: type annotations needed for `&mut _`
   --> /home/adwin/.cargo/registry/src/mirrors.tuna.tsinghua.edu.cn-4dc01642fd091eda/reactive_graph-0.2.12/src/computed/async_derived/async_derived.rs:388:55
    |
388 |                 MappedMut::new(inner, |v| v.deref(), |v| v.deref_mut())
    |                                                       ^  - type must be known at this point
    |
help: consider giving this closure parameter an explicit type, where the placeholders `_` are specified
    |
388 |                 MappedMut::new(inner, |v| v.deref(), |v: &mut _| v.deref_mut())
    |                                                        ++++++++

   Compiling leptos_macro v0.8.14
    Checking const-str v0.7.1
    Checking fnv v1.0.7
   Compiling base16 v0.2.1
    Checking try-lock v0.2.5
   Compiling native-tls v0.2.14
    Checking spin v0.9.8
   Compiling strsim v0.11.1
error[E0282]: type annotations needed for `&_`
   --> /home/adwin/.cargo/registry/src/mirrors.tuna.tsinghua.edu.cn-4dc01642fd091eda/reactive_graph-0.2.12/src/computed/async_derived/arc_async_derived.rs:648:59
    |
648 |             ReadGuard::new(Mapped::new_with_guard(plain, |v| v.deref()))
    |                                                           ^  - type must be known at this point
    |
help: consider giving this closure parameter an explicit type, where the placeholders `_` are specified
    |
648 |             ReadGuard::new(Mapped::new_with_guard(plain, |v: &_| v.deref()))
    |                                                            ++++

    Checking pathdiff v0.2.3
    Checking atomic-waker v1.1.2
    Checking tower-service v0.3.3
   Compiling ident_case v1.0.1
    Checking h2 v0.4.12
   Compiling darling_core v0.20.11
    Checking config v0.15.19
    Checking typed-builder v0.21.2
    Checking regex v1.12.2
    Checking lazy_static v1.5.0
    Checking want v0.3.1
   Compiling wasm_split_macros v0.2.0
For more information about this error, try `rustc --explain E0282`.
error: could not compile `reactive_graph` (lib) due to 9 previous errors
warning: build failed, waiting for other jobs to finish...
