Running as unit: run-p1834583-i6028274.scope; invocation ID: f271000eb11a4de3a689f1adad880a12
 Downloading crates ...
  Downloaded leptos-sync-core v0.8.1 (registry `tuna`)
  Downloaded leptos-ws-pro v0.9.0 (registry `tuna`)
   Compiling proc-macro2 v1.0.101
   Compiling unicode-ident v1.0.18
   Compiling libc v0.2.175
    Checking cfg-if v1.0.3
   Compiling version_check v0.9.5
    Checking once_cell v1.21.3
   Compiling autocfg v1.5.0
    Checking pin-project-lite v0.2.16
    Checking memchr v2.7.5
   Compiling serde v1.0.219
    Checking futures-core v0.3.31
   Compiling parking_lot_core v0.9.11
    Checking smallvec v1.15.1
   Compiling wasm-bindgen-shared v0.2.101
   Compiling typenum v1.18.0
   Compiling lock_api v0.4.13
   Compiling find-msvc-tools v0.1.1
   Compiling shlex v1.3.0
    Checking futures-sink v0.3.31
   Compiling generic-array v0.14.7
    Checking itoa v1.0.15
   Compiling rustversion v1.0.22
   Compiling semver v1.0.26
    Checking scopeguard v1.2.0
    Checking futures-channel v0.3.31
    Checking slab v0.4.11
   Compiling log v0.4.28
   Compiling bumpalo v3.19.0
    Checking bytes v1.10.1
   Compiling quote v1.0.40
   Compiling jobserver v0.1.34
    Checking pin-utils v0.1.0
   Compiling thiserror v2.0.16
   Compiling rustc_version v0.4.1
    Checking futures-io v0.3.31
   Compiling syn v2.0.106
   Compiling wasm-bindgen v0.2.101
    Checking futures-task v0.3.31
    Checking parking_lot v0.12.4
   Compiling cc v1.2.36
    Checking getrandom v0.2.16
    Checking fnv v1.0.7
   Compiling crossbeam-utils v0.8.21
    Checking foldhash v0.1.5
    Checking stable_deref_trait v1.2.0
    Checking equivalent v1.0.2
    Checking rand_core v0.6.4
    Checking hashbrown v0.15.5
    Checking http v1.3.1
   Compiling syn v1.0.109
   Compiling pkg-config v0.3.32
   Compiling proc-macro-error-attr2 v2.0.0
    Checking mio v1.0.4
    Checking socket2 v0.6.0
    Checking signal-hook-registry v1.4.6
    Checking percent-encoding v2.3.2
    Checking indexmap v2.11.0
   Compiling serde_json v1.0.143
    Checking ryu v1.0.20
    Checking num_cpus v1.17.0
   Compiling zerocopy v0.8.27
   Compiling unicode-segmentation v1.12.0
    Checking litemap v0.8.0
    Checking writeable v0.6.1
    Checking tracing-core v0.1.34
   Compiling icu_properties_data v2.0.1
   Compiling icu_normalizer_data v2.0.0
   Compiling convert_case v0.8.0
   Compiling cmake v0.1.54
    Checking concurrent-queue v2.5.0
   Compiling proc-macro2-diagnostics v0.10.1
    Checking parking v2.2.1
    Checking base64 v0.22.1
   Compiling fs_extra v1.3.0
   Compiling httparse v1.10.1
   Compiling dunce v1.0.5
   Compiling unicode-xid v0.2.6
   Compiling getrandom v0.3.3
   Compiling const_format_proc_macros v0.2.34
    Checking event-listener v5.4.1
   Compiling aws-lc-sys v0.30.0
   Compiling proc-macro-utils v0.10.0
    Checking http-body v1.0.1
   Compiling slotmap v1.0.7
    Checking throw_error v0.3.0
   Compiling paste v1.0.15
    Checking or_poisoned v0.1.0
    Checking bitflags v2.9.4
   Compiling vcpkg v0.2.15
    Checking event-listener-strategy v0.5.4
   Compiling openssl-sys v0.9.109
    Checking form_urlencoded v1.2.2
   Compiling server_fn_macro v0.8.7
   Compiling reactive_graph v0.2.6
    Checking send_wrapper v0.6.0
   Compiling camino v1.1.12
   Compiling thiserror v1.0.69
    Checking tower-service v0.3.3
    Checking zeroize v1.8.1
    Checking hashbrown v0.14.5
   Compiling anyhow v1.0.99
    Checking ppv-lite86 v0.2.21
    Checking async-lock v3.4.1
    Checking dashmap v6.1.0
    Checking crypto-common v0.1.6
   Compiling const_format v0.2.34
    Checking atomic-waker v1.1.2
    Checking subtle v2.6.1
   Compiling aws-lc-rs v1.13.3
    Checking cpufeatures v0.2.17
    Checking utf8_iter v1.0.4
   Compiling xxhash-rust v0.8.15
    Checking either v1.15.0
    Checking rustc-hash v2.1.1
    Checking try-lock v0.2.5
    Checking guardian v1.3.0
    Checking want v0.3.1
    Checking rustls-pki-types v1.12.0
    Checking rand_core v0.9.3
    Checking itertools v0.14.0
   Compiling manyhow-macros v0.11.4
   Compiling tachys v0.2.7
   Compiling prettyplease v0.2.37
    Checking openssl-probe v0.1.6
    Checking httpdate v1.0.3
    Checking winnow v0.7.13
    Checking utf8-width v0.1.7
   Compiling yansi v1.0.1
    Checking html-escape v0.2.13
    Checking either_of v0.1.6
   Compiling wasm-bindgen-backend v0.2.101
   Compiling synstructure v0.13.2
   Compiling proc-macro-error2 v2.0.1
   Compiling serde_derive v1.0.219
   Compiling futures-macro v0.3.31
   Compiling thiserror-impl v2.0.16
   Compiling wasm-bindgen-macro-support v0.2.101
    Checking futures-util v0.3.31
   Compiling zerofrom-derive v0.1.6
   Compiling yoke-derive v0.8.0
   Compiling wasm-bindgen-macro v0.2.101
    Checking zerofrom v0.1.6
   Compiling zerovec-derive v0.11.1
    Checking yoke v0.8.0
   Compiling displaydoc v0.2.5
   Compiling tokio-macros v2.5.0
    Checking js-sys v0.3.78
    Checking zerotrie v0.2.2
   Compiling tracing-attributes v0.1.30
    Checking zerovec v0.11.4
    Checking tokio v1.47.1
   Compiling derive-where v1.6.0
    Checking tracing v0.1.41
    Checking futures-executor v0.3.31
   Compiling syn_derive v0.2.0
    Checking futures v0.3.31
   Compiling thiserror-impl v1.0.69
   Compiling reactive_stores_macro v0.2.6
    Checking tinystr v0.8.1
    Checking potential_utf v0.1.3
    Checking icu_collections v2.0.0
    Checking icu_locale_core v2.0.0
   Compiling pin-project-internal v1.1.10
   Compiling quote-use-macros v0.8.4
    Checking icu_provider v2.0.0
   Compiling block-buffer v0.10.4
   Compiling digest v0.10.7
    Checking icu_normalizer v2.0.0
    Checking icu_properties v2.0.1
    Checking pin-project v1.1.10
   Compiling quote-use v0.8.4
    Checking toml_parser v1.0.2
   Compiling async-trait v0.1.89
   Compiling manyhow v0.11.4
    Checking wasm-bindgen-futures v0.4.51
    Checking web-sys v0.3.78
    Checking any_spawner v0.3.0
   Compiling server_fn v0.8.6
    Checking aho-corasick v1.1.3
   Compiling collection_literals v1.0.2
    Checking hydration_context v0.3.0
    Checking toml_datetime v0.7.0
    Checking idna_adapter v1.2.1
    Checking oco_ref v0.2.1
    Checking idna v1.1.0
error[E0282]: type annotations needed for `&_`
   --> /home/adwin/.cargo/registry/src/mirrors.tuna.tsinghua.edu.cn-4dc01642fd091eda/reactive_graph-0.2.6/src/computed/async_derived/arc_async_derived.rs:672:14
    |
672 |             |v| v.deref(),
    |              ^  - type must be known at this point
    |
help: consider giving this closure parameter an explicit type, where the placeholders `_` are specified
    |
672 |             |v: &_| v.deref(),
    |               ++++

error[E0282]: type annotations needed for `&_`
   --> /home/adwin/.cargo/registry/src/mirrors.tuna.tsinghua.edu.cn-4dc01642fd091eda/reactive_graph-0.2.6/src/computed/async_derived/arc_async_derived.rs:690:14
    |
690 |             |v| v.deref(),
    |              ^  - type must be known at this point
    |
help: consider giving this closure parameter an explicit type, where the placeholders `_` are specified
    |
690 |             |v: &_| v.deref(),
    |               ++++

error[E0282]: type annotations needed for `&_`
   --> /home/adwin/.cargo/registry/src/mirrors.tuna.tsinghua.edu.cn-4dc01642fd091eda/reactive_graph-0.2.6/src/computed/async_derived/async_derived.rs:367:14
    |
367 |             |v| v.deref(),
    |              ^  - type must be known at this point
    |
help: consider giving this closure parameter an explicit type, where the placeholders `_` are specified
    |
367 |             |v: &_| v.deref(),
    |               ++++

error[E0282]: type annotations needed for `&_`
   --> /home/adwin/.cargo/registry/src/mirrors.tuna.tsinghua.edu.cn-4dc01642fd091eda/reactive_graph-0.2.6/src/computed/async_derived/async_derived.rs:388:40
    |
388 |                 MappedMut::new(inner, |v| v.deref(), |v| v.deref_mut())
    |                                        ^  - type must be known at this point
    |
help: consider giving this closure parameter an explicit type, where the placeholders `_` are specified
    |
388 |                 MappedMut::new(inner, |v: &_| v.deref(), |v| v.deref_mut())
    |                                         ++++

    Checking serde_spanned v1.0.0
   Compiling openssl v0.10.73
    Checking url v2.5.7
   Compiling same-file v1.0.6
    Checking regex-syntax v0.8.6
    Checking erased v0.1.2
    Checking ipnet v2.11.0
    Checking const_str_slice_concat v0.1.0
    Checking drain_filter_polyfill v0.1.3
   Compiling strsim v0.11.1
   Compiling ident_case v1.0.1
    Checking next_tuple v0.1.0
error[E0282]: type annotations needed for `&_`
   --> /home/adwin/.cargo/registry/src/mirrors.tuna.tsinghua.edu.cn-4dc01642fd091eda/reactive_graph-0.2.6/src/computed/async_derived/arc_async_derived.rs:647:59
    |
647 |             ReadGuard::new(Mapped::new_with_guard(plain, |v| v.deref()))
    |                                                           ^  - type must be known at this point
    |
help: consider giving this closure parameter an explicit type, where the placeholders `_` are specified
    |
647 |             ReadGuard::new(Mapped::new_with_guard(plain, |v: &_| v.deref()))
    |                                                            ++++

   Compiling interpolator v0.5.0
    Checking foreign-types-shared v0.1.1
    Checking linear-map v1.2.0
    Checking foreign-types v0.3.2
    Checking convert_case v0.6.0
   Compiling attribute-derive-macro v0.10.3
    Checking tokio-util v0.7.16
   Compiling darling_core v0.20.11
    Checking h2 v0.4.12
For more information about this error, try `rustc --explain E0282`.
error: could not compile `reactive_graph` (lib) due to 5 previous errors
warning: build failed, waiting for other jobs to finish...
