Running as unit: run-p2011237-i2011537.scope; invocation ID: 1feb8e432aa949a39d6b26dc138d2814
    Updating `tuna` index
 Downloading crates ...
  Downloaded leptos-next-metadata-macros v1.5.0 (registry `tuna`)
  Downloaded leptos_router v0.8.6 (registry `tuna`)
   Compiling proc-macro2 v1.0.101
   Compiling unicode-ident v1.0.18
    Checking cfg-if v1.0.3
   Compiling version_check v0.9.5
   Compiling libc v0.2.175
   Compiling autocfg v1.5.0
    Checking memchr v2.7.5
   Compiling serde v1.0.219
   Compiling thiserror v2.0.16
   Compiling semver v1.0.26
   Compiling wasm-bindgen-shared v0.2.100
   Compiling crossbeam-utils v0.8.21
    Checking once_cell v1.21.3
   Compiling log v0.4.27
   Compiling bumpalo v3.19.0
   Compiling rustc_version v0.4.1
    Checking smallvec v1.15.1
   Compiling rustversion v1.0.22
   Compiling wasm-bindgen v0.2.100
    Checking pin-project-lite v0.2.16
   Compiling lock_api v0.4.13
    Checking stable_deref_trait v1.2.0
    Checking futures-core v0.3.31
   Compiling parking_lot_core v0.9.11
   Compiling quote v1.0.40
    Checking either v1.15.0
    Checking futures-sink v0.3.31
    Checking futures-io v0.3.31
    Checking futures-channel v0.3.31
    Checking slab v0.4.11
   Compiling syn v2.0.106
    Checking pin-utils v0.1.0
    Checking futures-task v0.3.31
   Compiling slotmap v1.0.7
   Compiling zerocopy v0.8.26
    Checking num_cpus v1.17.0
   Compiling num-traits v0.2.19
   Compiling proc-macro-error-attr2 v2.0.0
   Compiling ahash v0.8.12
    Checking simd-adler32 v0.3.7
    Checking arrayvec v0.7.6
    Checking scopeguard v1.2.0
   Compiling anyhow v1.0.99
   Compiling paste v1.0.15
   Compiling unicode-segmentation v1.12.0
    Checking bytemuck v1.23.2
   Compiling typenum v1.18.0
    Checking writeable v0.6.1
    Checking litemap v0.8.0
   Compiling convert_case v0.8.0
    Checking concurrent-queue v2.5.0
   Compiling proc-macro2-diagnostics v0.10.1
   Compiling generic-array v0.14.7
   Compiling thiserror v1.0.69
    Checking parking v2.2.1
   Compiling unicode-xid v0.2.6
   Compiling icu_normalizer_data v2.0.0
   Compiling crc32fast v1.5.0
    Checking adler2 v2.0.1
   Compiling icu_properties_data v2.0.1
    Checking allocator-api2 v0.2.21
    Checking miniz_oxide v0.8.9
   Compiling const_format_proc_macros v0.2.34
    Checking event-listener v5.4.1
   Compiling proc-macro-utils v0.10.0
    Checking itertools v0.14.0
    Checking throw_error v0.3.0
    Checking hashbrown v0.15.5
   Compiling serde_json v1.0.143
    Checking percent-encoding v2.3.2
    Checking equivalent v1.0.2
    Checking or_poisoned v0.1.0
    Checking itoa v1.0.15
    Checking event-listener-strategy v0.5.4
    Checking send_wrapper v0.6.0
   Compiling server_fn_macro v0.8.7
    Checking indexmap v2.11.0
   Compiling reactive_graph v0.2.6
    Checking aho-corasick v1.1.3
    Checking hashbrown v0.14.5
   Compiling camino v1.1.12
    Checking ryu v1.0.20
    Checking regex-syntax v0.8.6
    Checking dashmap v6.1.0
    Checking flate2 v1.1.2
    Checking async-lock v3.4.1
   Compiling const_format v0.2.34
    Checking parking_lot v0.12.4
    Checking crossbeam-epoch v0.9.18
    Checking float-cmp v0.9.0
    Checking bytes v1.10.1
   Compiling rayon-core v1.13.0
    Checking rustc-hash v2.1.1
   Compiling xxhash-rust v0.8.15
    Checking guardian v1.3.0
    Checking crossbeam-deque v0.8.6
    Checking strict-num v0.1.1
   Compiling crypto-common v0.1.6
   Compiling block-buffer v0.10.4
   Compiling manyhow-macros v0.11.4
   Compiling tachys v0.2.7
   Compiling yansi v1.0.1
    Checking arrayref v0.3.9
    Checking utf8-width v0.1.7
   Compiling ucd-trie v0.1.7
   Compiling prettyplease v0.2.37
   Compiling getrandom v0.3.3
    Checking fnv v1.0.7
    Checking utf8_iter v1.0.4
    Checking winnow v0.7.13
    Checking http v1.3.1
    Checking html-escape v0.2.13
    Checking tiny-skia-path v0.11.4
    Checking regex-automata v0.4.10
   Compiling digest v0.10.7
    Checking form_urlencoded v1.2.2
    Checking num-integer v0.1.46
    Checking either_of v0.1.6
    Checking kurbo v0.9.5
   Compiling server_fn v0.8.6
    Checking linear-map v1.2.0
   Compiling same-file v1.0.6
    Checking next_tuple v0.1.0
    Checking siphasher v0.3.11
   Compiling interpolator v0.5.0
   Compiling wasm-bindgen-backend v0.2.100
   Compiling synstructure v0.13.2
   Compiling proc-macro-error2 v2.0.1
    Checking regex v1.11.2
   Compiling manyhow v0.11.4
    Checking toml_parser v1.0.2
   Compiling cpufeatures v0.2.17
    Checking erased v0.1.2
    Checking const_str_slice_concat v0.1.0
    Checking drain_filter_polyfill v0.1.3
   Compiling collection_literals v1.0.2
    Checking bitflags v1.3.2
   Compiling sha2 v0.10.9
   Compiling wasm-bindgen-macro-support v0.2.100
    Checking svgtypes v0.12.0
   Compiling walkdir v2.5.0
    Checking num-bigint v0.4.6
   Compiling serde_derive v1.0.219
   Compiling thiserror-impl v2.0.16
   Compiling zerofrom-derive v0.1.6
   Compiling yoke-derive v0.8.0
   Compiling zerovec-derive v0.11.1
   Compiling futures-macro v0.3.31
   Compiling wasm-bindgen-macro v0.2.100
   Compiling displaydoc v0.2.5
    Checking futures-util v0.3.31
   Compiling thiserror-impl v1.0.69
   Compiling derive-where v1.6.0
   Compiling syn_derive v0.2.0
   Compiling pin-project-internal v1.1.10
    Checking zerofrom v0.1.6
    Checking js-sys v0.3.77
    Checking yoke v0.8.0
   Compiling equator-macro v0.4.2
    Checking zerovec v0.11.4
    Checking zerotrie v0.2.2
   Compiling quote-use-macros v0.8.4
   Compiling reactive_stores_macro v0.2.6
    Checking pin-project v1.1.10
    Checking equator v0.4.2
   Compiling pest v2.8.1
   Compiling quote-use v0.8.4
   Compiling async-trait v0.1.89
    Checking tinystr v0.8.1
    Checking potential_utf v0.1.3
    Checking icu_collections v2.0.0
    Checking icu_locale_core v2.0.0
    Checking aligned-vec v0.6.4
   Compiling attribute-derive-macro v0.10.3
    Checking icu_provider v2.0.0
   Compiling rstml v0.12.1
    Checking icu_properties v2.0.1
    Checking futures-executor v0.3.31
    Checking futures v0.3.31
    Checking icu_normalizer v2.0.0
   Compiling pest_meta v2.8.1
    Checking wasm-bindgen-futures v0.4.50
    Checking web-sys v0.3.77
   Compiling server_fn_macro_default v0.8.5
    Checking any_spawner v0.3.0
   Compiling typed-builder-macro v0.21.2
    Checking idna_adapter v1.2.1
    Checking idna v1.1.0
    Checking convert_case v0.6.0
    Checking fdeflate v0.3.7
   Compiling leptos_macro v0.8.8
    Checking pathdiff v0.2.3
    Checking powerfmt v0.2.0
    Checking const-str v0.6.4
    Checking base64 v0.22.1
   Compiling built v0.7.7
    Checking minimal-lexical v0.2.1
   Compiling time-core v0.1.6
    Checking weezl v0.1.10
    Checking inventory v0.3.21
   Compiling num-conv v0.1.0
    Checking hydration_context v0.3.0
    Checking toml_datetime v0.7.0
    Checking oco_ref v0.2.1
    Checking serde_spanned v1.0.0
    Checking url v2.5.7
    Checking serde_qs v0.15.0
   Compiling base16 v0.2.1
    Checking toml v0.9.5
    Checking rctree v0.5.0
    Checking tinyvec_macros v0.1.1
    Checking ttf-parser v0.19.2
    Checking roxmltree v0.20.0
error[E0282]: type annotations needed for `&_`
   --> /home/adwin/.cargo/registry/src/mirrors.tuna.tsinghua.edu.cn-4dc01642fd091eda/reactive_graph-0.2.6/src/computed/async_derived/arc_async_derived.rs:672:14
    |
672 |             |v| v.deref(),
    |              ^  - type must be known at this point
    |
help: consider giving this closure parameter an explicit type, where the placeholders `_` are specified
    |
672 |             |v: &_| v.deref(),
    |               ++++

error[E0282]: type annotations needed for `&mut _`
   --> /home/adwin/.cargo/registry/src/mirrors.tuna.tsinghua.edu.cn-4dc01642fd091eda/reactive_graph-0.2.6/src/computed/async_derived/arc_async_derived.rs:673:14
    |
673 |             |v| v.deref_mut(),
    |              ^  - type must be known at this point
    |
help: consider giving this closure parameter an explicit type, where the placeholders `_` are specified
    |
673 |             |v: &mut _| v.deref_mut(),
    |               ++++++++

error[E0282]: type annotations needed for `&_`
   --> /home/adwin/.cargo/registry/src/mirrors.tuna.tsinghua.edu.cn-4dc01642fd091eda/reactive_graph-0.2.6/src/computed/async_derived/arc_async_derived.rs:690:14
    |
690 |             |v| v.deref(),
    |              ^  - type must be known at this point
    |
help: consider giving this closure parameter an explicit type, where the placeholders `_` are specified
    |
690 |             |v: &_| v.deref(),
    |               ++++

error[E0282]: type annotations needed for `&mut _`
   --> /home/adwin/.cargo/registry/src/mirrors.tuna.tsinghua.edu.cn-4dc01642fd091eda/reactive_graph-0.2.6/src/computed/async_derived/arc_async_derived.rs:691:14
    |
691 |             |v| v.deref_mut(),
    |              ^  - type must be known at this point
    |
help: consider giving this closure parameter an explicit type, where the placeholders `_` are specified
    |
691 |             |v: &mut _| v.deref_mut(),
    |               ++++++++

error[E0282]: type annotations needed for `&_`
   --> /home/adwin/.cargo/registry/src/mirrors.tuna.tsinghua.edu.cn-4dc01642fd091eda/reactive_graph-0.2.6/src/computed/async_derived/async_derived.rs:367:14
    |
367 |             |v| v.deref(),
    |              ^  - type must be known at this point
    |
help: consider giving this closure parameter an explicit type, where the placeholders `_` are specified
    |
367 |             |v: &_| v.deref(),
    |               ++++

error[E0282]: type annotations needed for `&mut _`
   --> /home/adwin/.cargo/registry/src/mirrors.tuna.tsinghua.edu.cn-4dc01642fd091eda/reactive_graph-0.2.6/src/computed/async_derived/async_derived.rs:368:14
    |
368 |             |v| v.deref_mut(),
    |              ^  - type must be known at this point
    |
help: consider giving this closure parameter an explicit type, where the placeholders `_` are specified
    |
368 |             |v: &mut _| v.deref_mut(),
    |               ++++++++

error[E0282]: type annotations needed for `&_`
   --> /home/adwin/.cargo/registry/src/mirrors.tuna.tsinghua.edu.cn-4dc01642fd091eda/reactive_graph-0.2.6/src/computed/async_derived/async_derived.rs:388:40
    |
388 |                 MappedMut::new(inner, |v| v.deref(), |v| v.deref_mut())
    |                                        ^  - type must be known at this point
    |
help: consider giving this closure parameter an explicit type, where the placeholders `_` are specified
    |
388 |                 MappedMut::new(inner, |v: &_| v.deref(), |v| v.deref_mut())
    |                                         ++++

error[E0282]: type annotations needed for `&mut _`
   --> /home/adwin/.cargo/registry/src/mirrors.tuna.tsinghua.edu.cn-4dc01642fd091eda/reactive_graph-0.2.6/src/computed/async_derived/async_derived.rs:388:55
    |
388 |                 MappedMut::new(inner, |v| v.deref(), |v| v.deref_mut())
    |                                                       ^  - type must be known at this point
    |
help: consider giving this closure parameter an explicit type, where the placeholders `_` are specified
    |
388 |                 MappedMut::new(inner, |v| v.deref(), |v: &mut _| v.deref_mut())
    |                                                        ++++++++

   Compiling leptos_hot_reload v0.8.5
    Checking tinyvec v1.10.0
    Checking config v0.15.15
    Checking codee v0.3.2
    Checking fontconfig-parser v0.5.8
    Checking usvg-tree v0.36.0
   Compiling wasm_split_macros v0.1.2
    Checking typed-builder v0.21.2
error[E0282]: type annotations needed for `&_`
   --> /home/adwin/.cargo/registry/src/mirrors.tuna.tsinghua.edu.cn-4dc01642fd091eda/reactive_graph-0.2.6/src/computed/async_derived/arc_async_derived.rs:647:59
    |
647 |             ReadGuard::new(Mapped::new_with_guard(plain, |v| v.deref()))
    |                                                           ^  - type must be known at this point
    |
help: consider giving this closure parameter an explicit type, where the placeholders `_` are specified
    |
647 |             ReadGuard::new(Mapped::new_with_guard(plain, |v: &_| v.deref()))
    |                                                            ++++

   Compiling time-macros v0.2.24
    Checking nom v7.1.3
   Compiling rav1e v0.7.1
    Checking deranged v0.5.3
For more information about this error, try `rustc --explain E0282`.
error: could not compile `reactive_graph` (lib) due to 9 previous errors
warning: build failed, waiting for other jobs to finish...
