Running as unit: run-p2307970-i14888078.scope; invocation ID: 17222947dc134265ae290dd2ba33cf19
   Compiling proc-macro2 v1.0.93
   Compiling unicode-ident v1.0.14
   Compiling libc v0.2.169
   Compiling autocfg v1.4.0
    Checking cfg-if v1.0.0
   Compiling version_check v0.9.5
   Compiling serde v1.0.217
   Compiling libm v0.2.11
   Compiling crossbeam-utils v0.8.21
    Checking either v1.13.0
   Compiling num-traits v0.2.19
    Checking bytes v1.9.0
   Compiling quote v1.0.38
    Checking crossbeam-epoch v0.9.18
    Checking getrandom v0.2.15
   Compiling shlex v1.3.0
   Compiling syn v2.0.96
   Compiling jobserver v0.1.32
    Checking crossbeam-deque v0.8.6
    Checking byteorder v1.5.0
   Compiling rayon-core v1.12.1
    Checking once_cell v1.20.2
   Compiling cc v1.2.10
    Checking allocator-api2 v0.2.21
   Compiling ahash v0.8.11
    Checking iana-time-zone v0.1.61
    Checking equivalent v1.0.1
    Checking foldhash v0.1.4
    Checking memchr v2.7.4
    Checking smallvec v1.13.2
    Checking static_assertions v1.1.0
   Compiling rustversion v1.0.19
    Checking rayon v1.10.0
   Compiling lock_api v0.4.12
   Compiling heck v0.5.0
   Compiling parking_lot_core v0.9.10
    Checking num-integer v0.1.46
   Compiling siphasher v1.0.1
    Checking scopeguard v1.2.0
   Compiling regex-syntax v0.8.5
   Compiling rand_core v0.6.4
   Compiling rand v0.8.5
   Compiling phf_shared v0.11.3
    Checking num-bigint v0.4.6
    Checking parking_lot v0.12.3
   Compiling phf_generator v0.11.3
    Checking ryu v1.0.18
    Checking log v0.4.25
   Compiling phf_codegen v0.11.3
    Checking num-iter v0.1.45
    Checking num-complex v0.4.6
    Checking half v2.4.1
   Compiling regex-automata v0.4.9
   Compiling signal-hook v0.3.17
    Checking num-rational v0.4.2
    Checking phf v0.11.3
    Checking signal-hook-registry v1.4.2
    Checking mio v0.8.11
    Checking num v0.4.3
    Checking aho-corasick v1.1.3
   Compiling pkg-config v0.3.31
    Checking signal-hook-mio v0.2.4
    Checking atoi v2.0.0
    Checking itoa v1.0.14
    Checking unicode-width v0.1.14
    Checking strum v0.26.3
    Checking base64 v0.22.1
   Compiling psm v0.1.24
   Compiling stacker v0.1.17
   Compiling regex v1.11.1
   Compiling zstd-sys v2.0.13+zstd.1.5.6
   Compiling parse-zoneinfo v0.3.1
    Checking lexical-util v1.0.6
   Compiling zstd-safe v7.2.1
    Checking stable_deref_trait v1.2.0
    Checking arrow-buffer v53.4.0
   Compiling chrono-tz-build v0.4.0
   Compiling synstructure v0.13.1
    Checking lexical-write-integer v1.0.5
   Compiling chrono-tz v0.10.1
    Checking lexical-parse-integer v1.0.5
    Checking adler2 v2.0.0
    Checking alloc-no-stdlib v2.0.4
    Checking lexical-parse-float v1.0.5
    Checking alloc-stdlib v0.2.2
    Checking miniz_oxide v0.8.3
    Checking lexical-write-float v1.0.5
    Checking crc32fast v1.4.2
   Compiling semver v1.0.25
   Compiling snap v1.1.1
    Checking lexical-core v1.0.5
    Checking flate2 v1.0.35
    Checking brotli-decompressor v4.0.2
    Checking percent-encoding v2.3.1
   Compiling serde_derive v1.0.217
   Compiling zerocopy-derive v0.7.35
   Compiling strum_macros v0.26.4
   Compiling zerofrom-derive v0.1.5
   Compiling yoke-derive v0.7.5
    Checking zerocopy v0.7.35
    Checking zerofrom v0.1.5
   Compiling zerovec-derive v0.10.3
   Compiling displaydoc v0.2.5
    Checking yoke v0.7.5
    Checking pin-project-lite v0.2.16
    Checking brotli v7.0.0
    Checking writeable v0.5.5
    Checking litemap v0.7.4
   Compiling rustc_version v0.4.1
    Checking ppv-lite86 v0.2.20
    Checking zerovec v0.10.4
   Compiling icu_provider_macros v1.5.0
    Checking futures-core v0.3.31
    Checking rand_chacha v0.3.1
   Compiling flatbuffers v24.12.23
   Compiling serde_json v1.0.137
    Checking icu_locid_transform_data v1.5.0
   Compiling recursive-proc-macro-impl v0.1.1
   Compiling tokio-macros v2.5.0
    Checking tinystr v0.7.6
    Checking icu_locid v1.5.0
    Checking icu_collections v1.5.0
   Compiling slab v0.4.9
    Checking icu_provider v1.5.0
    Checking bitflags v1.3.2
    Checking icu_properties_data v1.5.0
    Checking futures-sink v0.3.31
    Checking tokio v1.43.0
    Checking icu_locid_transform v1.5.0
    Checking recursive v0.1.1
    Checking icu_normalizer_data v1.5.0
    Checking write16 v1.0.0
    Checking utf16_iter v1.0.5
    Checking utf8_iter v1.0.4
    Checking futures-channel v0.3.31
   Compiling futures-macro v0.3.31
    Checking icu_properties v1.5.1
    Checking csv-core v0.1.11
    Checking twox-hash v1.6.3
    Checking futures-io v0.3.31
    Checking futures-task v0.3.31
    Checking pin-utils v0.1.0
    Checking lz4_flex v0.11.3
    Checking chrono v0.4.39
    Checking hashbrown v0.15.2
    Checking bitflags v2.8.0
    Checking crossterm v0.27.0
    Checking indexmap v2.7.1
    Checking arrow-schema v53.4.0
    Checking comfy-table v7.1.1
    Checking hashbrown v0.14.5
    Checking arrow-data v53.4.0
    Checking icu_normalizer v1.5.0
    Checking idna_adapter v1.2.0
    Checking futures-util v0.3.31
    Checking csv v1.3.1
    Checking lazy_static v1.5.0
   Compiling paste v1.0.15
    Checking idna v1.0.3
    Checking form_urlencoded v1.2.1
   Compiling tracing-attributes v0.1.28
   Compiling snafu-derive v0.8.5
    Checking ordered-float v2.10.1
    Checking tracing-core v0.1.33
    Checking same-file v1.0.6
    Checking integer-encoding v3.0.4
    Checking thrift v0.17.0
    Checking walkdir v2.5.0
    Checking url v2.5.4
    Checking tracing v0.1.41
   Compiling async-trait v0.1.85
    Checking itertools v0.13.0
    Checking snafu v0.8.5
    Checking futures-executor v0.3.31
    Checking humantime v2.1.0
    Checking futures v0.3.31
   Compiling seq-macro v0.3.5
   Compiling sqlparser_derive v0.3.0
    Checking zstd v0.13.2
    Checking array-init-cursor v0.2.0
   Compiling target-features v0.1.6
   Compiling thiserror v2.0.11
    Checking planus v0.3.1
    Checking sqlparser v0.53.0
   Compiling thiserror-impl v2.0.11
   Compiling syn v1.0.109
    Checking polars-arrow-format v0.1.0
   Compiling bytemuck_derive v1.8.1
    Checking arrow-array v53.4.0
    Checking object_store v0.11.2
    Checking castaway v0.2.3
   Compiling polars-utils v0.45.1
    Checking simdutf8 v0.1.5
    Checking bytemuck v1.21.0
    Checking compact_str v0.8.1
    Checking polars-error v0.45.1
    Checking raw-cpuid v11.3.0
    Checking memmap2 v0.9.5
   Compiling polars-schema v0.45.1
    Checking arrow-select v53.4.0
    Checking arrow-arith v53.4.0
    Checking arrow-row v53.4.0
    Checking arrow-cast v53.4.0
    Checking arrow-string v53.4.0
    Checking arrow-ord v53.4.0
   Compiling polars-arrow v0.45.1
    Checking unicode-segmentation v1.12.0
   Compiling rustix v0.38.44
   Compiling polars-compute v0.45.1
    Checking dyn-clone v1.0.17
    Checking linux-raw-sys v0.4.15
    Checking arrow-ipc v53.4.0
    Checking arrow-csv v53.4.0
    Checking arrow-json v53.4.0
    Checking itoap v1.0.1
    Checking strength_reduce v0.2.4
    Checking ethnum v1.5.0
    Checking streaming-iterator v0.1.9
    Checking datafusion-doc v44.0.0
    Checking arrow-buffer v54.0.0
    Checking atoi_simd v0.16.0
    Checking parquet v53.4.0
    Checking arrow v53.4.0
    Checking arrow-schema v54.0.0
    Checking fast-float2 v0.2.3
    Checking hex v0.4.3
    Checking arrow-data v54.0.0
   Compiling typenum v1.17.0
   Compiling lz4-sys v1.11.1+lz4-1.10.0
   Compiling generic-array v0.14.7
    Checking arrow-array v54.0.0
   Compiling polars-core v0.45.1
    Checking fixedbitset v0.4.2
    Checking petgraph v0.6.5
error[E0271]: type mismatch resolving `[i32] == ScalarBuffer<i32>`
   --> /home/adwin/.cargo/registry/src/mirrors.tuna.tsinghua.edu.cn-4dc01642fd091eda/parquet-53.4.0/src/arrow/arrow_writer/mod.rs:821:44
    |
821 |                     write_primitive(typed, array.values(), levels)
    |                                            ^^^^^^^^^^^^^^ types differ

error[E0271]: type mismatch resolving `[i32] == ScalarBuffer<i32>`
   --> /home/adwin/.cargo/registry/src/mirrors.tuna.tsinghua.edu.cn-4dc01642fd091eda/parquet-53.4.0/src/arrow/arrow_writer/mod.rs:835:44
    |
835 |                     write_primitive(typed, array.values(), levels)
    |                                            ^^^^^^^^^^^^^^ types differ

error[E0271]: type mismatch resolving `[i32] == ScalarBuffer<i32>`
   --> /home/adwin/.cargo/registry/src/mirrors.tuna.tsinghua.edu.cn-4dc01642fd091eda/parquet-53.4.0/src/arrow/arrow_writer/mod.rs:842:44
    |
842 |                     write_primitive(typed, array.values(), levels)
    |                                            ^^^^^^^^^^^^^^ types differ

error[E0271]: type mismatch resolving `[i32] == ScalarBuffer<i32>`
   --> /home/adwin/.cargo/registry/src/mirrors.tuna.tsinghua.edu.cn-4dc01642fd091eda/parquet-53.4.0/src/arrow/arrow_writer/mod.rs:847:44
    |
847 |                     write_primitive(typed, array.values(), levels)
    |                                            ^^^^^^^^^^^^^^ types differ

   Compiling multiversion-macros v0.7.4
error[E0271]: type mismatch resolving `[i64] == ScalarBuffer<i64>`
   --> /home/adwin/.cargo/registry/src/mirrors.tuna.tsinghua.edu.cn-4dc01642fd091eda/parquet-53.4.0/src/arrow/arrow_writer/mod.rs:863:44
    |
863 |                     write_primitive(typed, array.values(), levels)
    |                                            ^^^^^^^^^^^^^^ types differ

error[E0271]: type mismatch resolving `[i64] == ScalarBuffer<i64>`
   --> /home/adwin/.cargo/registry/src/mirrors.tuna.tsinghua.edu.cn-4dc01642fd091eda/parquet-53.4.0/src/arrow/arrow_writer/mod.rs:877:44
    |
877 |                     write_primitive(typed, array.values(), levels)
    |                                            ^^^^^^^^^^^^^^ types differ

error[E0271]: type mismatch resolving `[i64] == ScalarBuffer<i64>`
   --> /home/adwin/.cargo/registry/src/mirrors.tuna.tsinghua.edu.cn-4dc01642fd091eda/parquet-53.4.0/src/arrow/arrow_writer/mod.rs:884:44
    |
884 |                     write_primitive(typed, array.values(), levels)
    |                                            ^^^^^^^^^^^^^^ types differ

error[E0271]: type mismatch resolving `[i64] == ScalarBuffer<i64>`
   --> /home/adwin/.cargo/registry/src/mirrors.tuna.tsinghua.edu.cn-4dc01642fd091eda/parquet-53.4.0/src/arrow/arrow_writer/mod.rs:889:44
    |
889 |                     write_primitive(typed, array.values(), levels)
    |                                            ^^^^^^^^^^^^^^ types differ

error[E0271]: type mismatch resolving `[f32] == ScalarBuffer<f32>`
   --> /home/adwin/.cargo/registry/src/mirrors.tuna.tsinghua.edu.cn-4dc01642fd091eda/parquet-53.4.0/src/arrow/arrow_writer/mod.rs:898:36
    |
898 |             write_primitive(typed, array.values(), levels)
    |                                    ^^^^^^^^^^^^^^ types differ

error[E0271]: type mismatch resolving `[f64] == ScalarBuffer<f64>`
   --> /home/adwin/.cargo/registry/src/mirrors.tuna.tsinghua.edu.cn-4dc01642fd091eda/parquet-53.4.0/src/arrow/arrow_writer/mod.rs:902:36
    |
902 |             write_primitive(typed, array.values(), levels)
    |                                    ^^^^^^^^^^^^^^ types differ

    Checking rand_distr v0.4.3
   Compiling polars-ops v0.45.1
    Checking fastrand v2.3.0
    Checking xxhash-rust v0.8.15
    Checking tempfile v3.15.0
    Checking unicode-reverse v1.0.9
    Checking dashmap v6.1.0
    Checking argminmax v0.6.2
    Checking fallible-streaming-iterator v0.1.9
    Checking multiversion v0.7.4
    Checking now v0.1.3
    Checking streaming-decompression v0.1.2
    Checking glob v0.3.2
    Checking polars-parquet-format v0.1.0
    Checking block-buffer v0.10.4
    Checking crypto-common v0.1.6
    Checking arrow-select v54.0.0
   Compiling polars-plan v0.45.1
    Checking subtle v2.6.1
    Checking home v0.5.11
    Checking digest v0.10.7
For more information about this error, try `rustc --explain E0271`.
error: could not compile `parquet` (lib) due to 10 previous errors
warning: build failed, waiting for other jobs to finish...
