Running as unit: run-p2328844-i14908952.scope; invocation ID: 505a7cc7cd5f47fabd5819f7cc3d5c89
    Blocking waiting for file lock on package cache
   Compiling proc-macro2 v1.0.103
   Compiling unicode-ident v1.0.22
   Compiling quote v1.0.42
   Compiling serde_core v1.0.228
    Checking cfg-if v1.0.4
   Compiling libm v0.2.15
   Compiling serde v1.0.228
   Compiling cfg_aliases v0.2.1
   Compiling libc v0.2.177
   Compiling parking_lot_core v0.9.12
    Checking pin-project-lite v0.2.16
    Checking log v0.4.28
   Compiling crossbeam-utils v0.8.21
    Checking equivalent v1.0.2
   Compiling syn v2.0.110
   Compiling thiserror v2.0.17
   Compiling autocfg v1.5.0
   Compiling smallvec v1.15.1
   Compiling winnow v0.7.13
   Compiling scopeguard v1.2.0
   Compiling hashbrown v0.16.0
    Checking bitflags v2.10.0
   Compiling lock_api v0.4.14
   Compiling toml_datetime v0.7.3
   Compiling parking_lot v0.12.5
   Compiling num-traits v0.2.19
   Compiling indexmap v2.12.0
    Checking parking v2.2.1
    Checking concurrent-queue v2.5.0
    Checking rand_core v0.9.3
    Checking once_cell v1.21.3
    Checking rand v0.9.2
    Checking futures-core v0.3.31
   Compiling unicode-xid v0.2.6
    Checking futures-io v0.3.31
   Compiling typeid v1.0.3
    Checking foldhash v0.2.0
    Checking fastrand v2.3.0
    Checking spin v0.10.0
   Compiling getrandom v0.3.4
    Checking thread_local v1.1.9
    Checking slab v0.4.11
   Compiling erased-serde v0.4.9
    Checking futures-lite v2.6.1
    Checking atomic-waker v1.1.2
    Checking disqualified v1.0.0
    Checking async-task v4.7.1
    Checking inventory v0.3.21
    Checking downcast-rs v2.0.2
    Checking bevy_ptr v0.17.3
   Compiling toml_parser v1.0.4
   Compiling version_check v0.9.5
   Compiling nix v0.30.1
    Checking async-executor v1.13.3
    Checking crossbeam-queue v0.3.12
    Checking nonmax v0.5.5
   Compiling toml_edit v0.23.7
    Checking fixedbitset v0.5.7
    Checking bumpalo v3.19.0
    Checking tracing-core v0.1.34
   Compiling bevy_macro_utils v0.17.3
   Compiling slotmap v1.0.7
   Compiling zerocopy v0.8.27
    Checking ctrlc v3.5.1
    Checking arrayvec v0.7.6
    Checking event-listener v5.4.1
    Checking memchr v2.7.6
    Checking either v1.15.0
    Checking event-listener-strategy v0.5.4
    Checking aho-corasick v1.1.4
    Checking regex-syntax v0.8.8
   Compiling find-msvc-tools v0.1.5
   Compiling shlex v1.3.0
    Checking typewit v1.14.2
   Compiling cc v1.2.46
    Checking const_panic v0.2.15
    Checking regex-automata v0.4.13
    Checking itertools v0.14.0
    Checking rand_distr v0.5.1
   Compiling crc32fast v1.5.0
    Checking simd-adler32 v0.3.7
    Checking raw-window-handle v0.6.2
    Checking async-channel v2.5.0
   Compiling encase_derive_impl v0.11.2
    Checking piper v0.2.4
    Checking crossbeam-channel v0.5.15
    Checking libloading v0.8.9
    Checking adler2 v2.0.1
    Checking blocking v1.6.2
    Checking miniz_oxide v0.8.9
    Checking async-lock v3.4.1
    Checking constant_time_eq v0.3.1
    Checking arrayref v0.3.9
    Checking lazy_static v1.5.0
    Checking base64 v0.22.1
    Checking flate2 v1.1.5
    Checking sharded-slab v0.1.7
    Checking async-fs v2.2.0
    Checking matchers v0.2.0
    Checking fdeflate v0.3.7
    Checking stackfuture v0.3.1
    Checking async-broadcast v0.7.2
    Checking tracing-log v0.2.0
    Checking pxfm v0.1.25
    Checking nu-ansi-term v0.50.3
    Checking foldhash v0.1.5
    Checking atomicow v1.1.0
    Checking hashbrown v0.15.5
    Checking png v0.18.0
    Checking euclid v0.22.11
   Compiling naga v26.0.0
    Checking svg_fmt v0.4.5
    Checking unicode-width v0.2.2
    Checking bit-vec v0.8.0
    Checking byteorder-lite v0.1.0
    Checking termcolor v1.4.1
    Checking const_soft_float v0.1.4
    Checking codespan-reporting v0.12.0
    Checking constgebra v0.1.4
    Checking bit-set v0.8.0
    Checking guillotiere v0.6.2
    Checking moxcms v0.7.9
    Checking spirv v0.3.0+sdk-1.3.268.0
    Checking rectangle-pack v0.4.2
    Checking hexf-parse v0.2.1
    Checking rustc-hash v1.1.0
   Compiling blake3 v1.8.2
    Checking bevy_mikktspace v0.17.0-dev
   Compiling rustix v1.1.2
   Compiling ash v0.38.0+1.3.281
    Checking gpu-descriptor-types v0.2.0
    Checking gpu-alloc-types v0.3.0
   Compiling wgpu-hal v26.0.6
    Checking linux-raw-sys v0.11.0
    Checking gpu-alloc v0.6.0
    Checking gpu-descriptor v0.3.2
    Checking ordered-float v5.0.0
    Checking profiling v1.0.17
    Checking renderdoc-sys v1.1.0
   Compiling wgpu-core v26.0.1
   Compiling rustix v0.38.44
   Compiling thiserror v1.0.69
   Compiling litrs v1.0.0
   Compiling pkg-config v0.3.32
    Checking regex v1.12.2
   Compiling wgpu v26.0.1
   Compiling document-features v0.2.12
    Checking data-encoding v2.9.0
   Compiling x11-dl v2.21.0
    Checking linux-raw-sys v0.4.15
    Checking polling v3.11.0
    Checking gethostname v1.1.0
    Checking dlib v0.5.2
   Compiling winit v0.30.12
    Checking const-fnv1a-hash v1.1.0
    Checking xkeysym v0.2.1
    Checking as-raw-xcb-connection v1.0.1
    Checking static_assertions v1.1.0
    Checking x11rb-protocol v0.13.2
    Checking xkbcommon-dl v0.4.2
    Checking offset-allocator v0.2.0
    Checking percent-encoding v2.3.2
    Checking cursor-icon v1.2.0
    Checking radsort v0.1.1
    Checking accesskit v0.21.1
    Checking dpi v0.1.2
    Checking approx v0.5.1
   Compiling serde_derive v1.0.228
   Compiling bytemuck_derive v1.10.2
   Compiling thiserror-impl v2.0.17
   Compiling derive_more-impl v2.0.1
   Compiling variadics_please v1.1.0
   Compiling assert_type_match v0.1.1
   Compiling bevy_reflect_derive v0.17.3
   Compiling bevy_ecs_macros v0.17.3
    Checking bytemuck v1.24.0
    Checking glam v0.30.9
   Compiling bevy_derive v0.17.3
   Compiling zerocopy-derive v0.8.27
    Checking bevy_platform v0.17.3
    Checking smol_str v0.2.2
    Checking bevy_utils v0.17.3
    Checking uuid v1.18.1
   Compiling tracing-attributes v0.1.30
    Checking wgpu-types v26.0.0
    Checking ron v0.10.1
   Compiling bevy_asset_macros v0.17.3
   Compiling encase_derive v0.11.2
    Checking derive_more v2.0.1
    Checking bevy_reflect v0.17.3
    Checking bevy_tasks v0.17.3
    Checking image v0.25.9
    Checking hexasphere v16.0.0
   Compiling thiserror-impl v1.0.69
    Checking encase v0.11.2
    Checking x11rb v0.13.2
   Compiling bevy_render_macros v0.17.3
   Compiling bevy_encase_derive v0.17.3
    Checking bevy_ecs v0.17.3
    Checking bevy_math v0.17.3
    Checking half v2.7.1
    Checking tracing v0.1.41
    Checking tracing-subscriber v0.3.20
    Checking bevy_color v0.17.3
    Checking calloop v0.13.0
    Checking accesskit_winit v0.29.2
    Checking naga_oil v0.19.1
    Checking wgpu-core-deps-windows-linux-android v26.0.0
    Checking bevy_app v0.17.3
    Checking bevy_asset v0.17.3
    Checking bevy_log v0.17.3
    Checking bevy_input v0.17.3
    Checking bevy_time v0.17.3
    Checking bevy_a11y v0.17.3
    Checking bevy_transform v0.17.3
    Checking bevy_diagnostic v0.17.3
    Checking bevy_window v0.17.3
error[E0275]: overflow evaluating the requirement `wgpu_core::ContextWgpuCore: CommonTraits`
   --> /home/adwin/.cargo/registry/src/mirrors.tuna.tsinghua.edu.cn-4dc01642fd091eda/wgpu-26.0.1/src/backend/wgpu_core.rs:744:38
    |
744 | impl dispatch::InstanceInterface for ContextWgpuCore {
    |                                      ^^^^^^^^^^^^^^^
    |
    = help: consider increasing the recursion limit by adding a `#![recursion_limit = "256"]` attribute to your crate (`wgpu`)
note: required by a bound in `InstanceInterface`
   --> /home/adwin/.cargo/registry/src/mirrors.tuna.tsinghua.edu.cn-4dc01642fd091eda/wgpu-26.0.1/src/dispatch.rs:77:30
    |
 77 | pub trait InstanceInterface: CommonTraits {
    |                              ^^^^^^^^^^^^ required by this bound in `InstanceInterface`

error[E0275]: overflow evaluating the requirement `wgpu_core::CoreAdapter: CommonTraits`
   --> /home/adwin/.cargo/registry/src/mirrors.tuna.tsinghua.edu.cn-4dc01642fd091eda/wgpu-26.0.1/src/backend/wgpu_core.rs:872:37
    |
872 | impl dispatch::AdapterInterface for CoreAdapter {
    |                                     ^^^^^^^^^^^
    |
    = help: consider increasing the recursion limit by adding a `#![recursion_limit = "256"]` attribute to your crate (`wgpu`)
note: required by a bound in `AdapterInterface`
   --> /home/adwin/.cargo/registry/src/mirrors.tuna.tsinghua.edu.cn-4dc01642fd091eda/wgpu-26.0.1/src/dispatch.rs:98:29
    |
 98 | pub trait AdapterInterface: CommonTraits {
    |                             ^^^^^^^^^^^^ required by this bound in `AdapterInterface`

error[E0275]: overflow evaluating the requirement `wgpu_core::CoreDevice: CommonTraits`
   --> /home/adwin/.cargo/registry/src/mirrors.tuna.tsinghua.edu.cn-4dc01642fd091eda/wgpu-26.0.1/src/backend/wgpu_core.rs:957:36
    |
957 | impl dispatch::DeviceInterface for CoreDevice {
    |                                    ^^^^^^^^^^
    |
    = help: consider increasing the recursion limit by adding a `#![recursion_limit = "256"]` attribute to your crate (`wgpu`)
note: required by a bound in `DeviceInterface`
   --> /home/adwin/.cargo/registry/src/mirrors.tuna.tsinghua.edu.cn-4dc01642fd091eda/wgpu-26.0.1/src/dispatch.rs:122:28
    |
122 | pub trait DeviceInterface: CommonTraits {
    |                            ^^^^^^^^^^^^ required by this bound in `DeviceInterface`

error[E0275]: overflow evaluating the requirement `wgpu_core::CoreQueue: CommonTraits`
    --> /home/adwin/.cargo/registry/src/mirrors.tuna.tsinghua.edu.cn-4dc01642fd091eda/wgpu-26.0.1/src/backend/wgpu_core.rs:1687:35
     |
1687 | impl dispatch::QueueInterface for CoreQueue {
     |                                   ^^^^^^^^^
     |
     = help: consider increasing the recursion limit by adding a `#![recursion_limit = "256"]` attribute to your crate (`wgpu`)
note: required by a bound in `QueueInterface`
    --> /home/adwin/.cargo/registry/src/mirrors.tuna.tsinghua.edu.cn-4dc01642fd091eda/wgpu-26.0.1/src/dispatch.rs:194:27
     |
 194 | pub trait QueueInterface: CommonTraits {
     |                           ^^^^^^^^^^^^ required by this bound in `QueueInterface`

error[E0275]: overflow evaluating the requirement `wgpu_core::CoreShaderModule: CommonTraits`
    --> /home/adwin/.cargo/registry/src/mirrors.tuna.tsinghua.edu.cn-4dc01642fd091eda/wgpu-26.0.1/src/backend/wgpu_core.rs:1900:42
     |
1900 | impl dispatch::ShaderModuleInterface for CoreShaderModule {
     |                                          ^^^^^^^^^^^^^^^^
     |
     = help: consider increasing the recursion limit by adding a `#![recursion_limit = "256"]` attribute to your crate (`wgpu`)
note: required by a bound in `ShaderModuleInterface`
    --> /home/adwin/.cargo/registry/src/mirrors.tuna.tsinghua.edu.cn-4dc01642fd091eda/wgpu-26.0.1/src/dispatch.rs:234:34
     |
 234 | pub trait ShaderModuleInterface: CommonTraits {
     |                                  ^^^^^^^^^^^^ required by this bound in `ShaderModuleInterface`

error[E0275]: overflow evaluating the requirement `wgpu_core::CoreBindGroupLayout: CommonTraits`
    --> /home/adwin/.cargo/registry/src/mirrors.tuna.tsinghua.edu.cn-4dc01642fd091eda/wgpu-26.0.1/src/backend/wgpu_core.rs:1912:45
     |
1912 | impl dispatch::BindGroupLayoutInterface for CoreBindGroupLayout {}
     |                                             ^^^^^^^^^^^^^^^^^^^
     |
     = help: consider increasing the recursion limit by adding a `#![recursion_limit = "256"]` attribute to your crate (`wgpu`)
note: required by a bound in `BindGroupLayoutInterface`
    --> /home/adwin/.cargo/registry/src/mirrors.tuna.tsinghua.edu.cn-4dc01642fd091eda/wgpu-26.0.1/src/dispatch.rs:237:37
     |
 237 | pub trait BindGroupLayoutInterface: CommonTraits {}
     |                                     ^^^^^^^^^^^^ required by this bound in `BindGroupLayoutInterface`

error[E0275]: overflow evaluating the requirement `wgpu_core::CoreBindGroup: CommonTraits`
    --> /home/adwin/.cargo/registry/src/mirrors.tuna.tsinghua.edu.cn-4dc01642fd091eda/wgpu-26.0.1/src/backend/wgpu_core.rs:1920:39
     |
1920 | impl dispatch::BindGroupInterface for CoreBindGroup {}
     |                                       ^^^^^^^^^^^^^
     |
     = help: consider increasing the recursion limit by adding a `#![recursion_limit = "256"]` attribute to your crate (`wgpu`)
note: required by a bound in `BindGroupInterface`
    --> /home/adwin/.cargo/registry/src/mirrors.tuna.tsinghua.edu.cn-4dc01642fd091eda/wgpu-26.0.1/src/dispatch.rs:238:31
     |
 238 | pub trait BindGroupInterface: CommonTraits {}
     |                               ^^^^^^^^^^^^ required by this bound in `BindGroupInterface`

error[E0275]: overflow evaluating the requirement `wgpu_core::CoreTextureView: CommonTraits`
    --> /home/adwin/.cargo/registry/src/mirrors.tuna.tsinghua.edu.cn-4dc01642fd091eda/wgpu-26.0.1/src/backend/wgpu_core.rs:1928:41
     |
1928 | impl dispatch::TextureViewInterface for CoreTextureView {}
     |                                         ^^^^^^^^^^^^^^^
     |
     = help: consider increasing the recursion limit by adding a `#![recursion_limit = "256"]` attribute to your crate (`wgpu`)
note: required by a bound in `TextureViewInterface`
    --> /home/adwin/.cargo/registry/src/mirrors.tuna.tsinghua.edu.cn-4dc01642fd091eda/wgpu-26.0.1/src/dispatch.rs:239:33
     |
 239 | pub trait TextureViewInterface: CommonTraits {}
     |                                 ^^^^^^^^^^^^ required by this bound in `TextureViewInterface`

error[E0275]: overflow evaluating the requirement `wgpu_core::CoreSampler: CommonTraits`
    --> /home/adwin/.cargo/registry/src/mirrors.tuna.tsinghua.edu.cn-4dc01642fd091eda/wgpu-26.0.1/src/backend/wgpu_core.rs:1937:37
     |
1937 | impl dispatch::SamplerInterface for CoreSampler {}
     |                                     ^^^^^^^^^^^
     |
     = help: consider increasing the recursion limit by adding a `#![recursion_limit = "256"]` attribute to your crate (`wgpu`)
note: required by a bound in `SamplerInterface`
    --> /home/adwin/.cargo/registry/src/mirrors.tuna.tsinghua.edu.cn-4dc01642fd091eda/wgpu-26.0.1/src/dispatch.rs:240:29
     |
 240 | pub trait SamplerInterface: CommonTraits {}
     |                             ^^^^^^^^^^^^ required by this bound in `SamplerInterface`

error[E0275]: overflow evaluating the requirement `wgpu_core::CoreBuffer: CommonTraits`
    --> /home/adwin/.cargo/registry/src/mirrors.tuna.tsinghua.edu.cn-4dc01642fd091eda/wgpu-26.0.1/src/backend/wgpu_core.rs:1945:36
     |
1945 | impl dispatch::BufferInterface for CoreBuffer {
     |                                    ^^^^^^^^^^
     |
     = help: consider increasing the recursion limit by adding a `#![recursion_limit = "256"]` attribute to your crate (`wgpu`)
note: required by a bound in `BufferInterface`
    --> /home/adwin/.cargo/registry/src/mirrors.tuna.tsinghua.edu.cn-4dc01642fd091eda/wgpu-26.0.1/src/dispatch.rs:241:28
     |
 241 | pub trait BufferInterface: CommonTraits {
     |                            ^^^^^^^^^^^^ required by this bound in `BufferInterface`

error[E0275]: overflow evaluating the requirement `wgpu_core::CoreTexture: CommonTraits`
    --> /home/adwin/.cargo/registry/src/mirrors.tuna.tsinghua.edu.cn-4dc01642fd091eda/wgpu-26.0.1/src/backend/wgpu_core.rs:2019:37
     |
2019 | impl dispatch::TextureInterface for CoreTexture {
     |                                     ^^^^^^^^^^^
     |
     = help: consider increasing the recursion limit by adding a `#![recursion_limit = "256"]` attribute to your crate (`wgpu`)
note: required by a bound in `TextureInterface`
    --> /home/adwin/.cargo/registry/src/mirrors.tuna.tsinghua.edu.cn-4dc01642fd091eda/wgpu-26.0.1/src/dispatch.rs:255:29
     |
 255 | pub trait TextureInterface: CommonTraits {
     |                             ^^^^^^^^^^^^ required by this bound in `TextureInterface`

error[E0275]: overflow evaluating the requirement `wgpu_core::CoreBlas: CommonTraits`
    --> /home/adwin/.cargo/registry/src/mirrors.tuna.tsinghua.edu.cn-4dc01642fd091eda/wgpu-26.0.1/src/backend/wgpu_core.rs:2063:34
     |
2063 | impl dispatch::BlasInterface for CoreBlas {
     |                                  ^^^^^^^^
     |
     = help: consider increasing the recursion limit by adding a `#![recursion_limit = "256"]` attribute to your crate (`wgpu`)
note: required by a bound in `BlasInterface`
    --> /home/adwin/.cargo/registry/src/mirrors.tuna.tsinghua.edu.cn-4dc01642fd091eda/wgpu-26.0.1/src/dispatch.rs:260:26
     |
 260 | pub trait BlasInterface: CommonTraits {
     |                          ^^^^^^^^^^^^ required by this bound in `BlasInterface`

error[E0275]: overflow evaluating the requirement `wgpu_core::CoreTlas: CommonTraits`
    --> /home/adwin/.cargo/registry/src/mirrors.tuna.tsinghua.edu.cn-4dc01642fd091eda/wgpu-26.0.1/src/backend/wgpu_core.rs:2103:34
     |
2103 | impl dispatch::TlasInterface for CoreTlas {}
     |                                  ^^^^^^^^
     |
     = help: consider increasing the recursion limit by adding a `#![recursion_limit = "256"]` attribute to your crate (`wgpu`)
note: required by a bound in `TlasInterface`
    --> /home/adwin/.cargo/registry/src/mirrors.tuna.tsinghua.edu.cn-4dc01642fd091eda/wgpu-26.0.1/src/dispatch.rs:264:26
     |
 264 | pub trait TlasInterface: CommonTraits {}
     |                          ^^^^^^^^^^^^ required by this bound in `TlasInterface`

error[E0275]: overflow evaluating the requirement `wgpu_core::CoreQuerySet: CommonTraits`
    --> /home/adwin/.cargo/registry/src/mirrors.tuna.tsinghua.edu.cn-4dc01642fd091eda/wgpu-26.0.1/src/backend/wgpu_core.rs:2111:38
     |
2111 | impl dispatch::QuerySetInterface for CoreQuerySet {}
     |                                      ^^^^^^^^^^^^
     |
     = help: consider increasing the recursion limit by adding a `#![recursion_limit = "256"]` attribute to your crate (`wgpu`)
note: required by a bound in `QuerySetInterface`
    --> /home/adwin/.cargo/registry/src/mirrors.tuna.tsinghua.edu.cn-4dc01642fd091eda/wgpu-26.0.1/src/dispatch.rs:265:30
     |
 265 | pub trait QuerySetInterface: CommonTraits {}
     |                              ^^^^^^^^^^^^ required by this bound in `QuerySetInterface`

error[E0275]: overflow evaluating the requirement `wgpu_core::CorePipelineLayout: CommonTraits`
    --> /home/adwin/.cargo/registry/src/mirrors.tuna.tsinghua.edu.cn-4dc01642fd091eda/wgpu-26.0.1/src/backend/wgpu_core.rs:2119:44
     |
2119 | impl dispatch::PipelineLayoutInterface for CorePipelineLayout {}
     |                                            ^^^^^^^^^^^^^^^^^^
     |
     = help: consider increasing the recursion limit by adding a `#![recursion_limit = "256"]` attribute to your crate (`wgpu`)
note: required by a bound in `PipelineLayoutInterface`
    --> /home/adwin/.cargo/registry/src/mirrors.tuna.tsinghua.edu.cn-4dc01642fd091eda/wgpu-26.0.1/src/dispatch.rs:266:36
     |
 266 | pub trait PipelineLayoutInterface: CommonTraits {}
     |                                    ^^^^^^^^^^^^ required by this bound in `PipelineLayoutInterface`

error[E0275]: overflow evaluating the requirement `wgpu_core::CoreRenderPipeline: CommonTraits`
    --> /home/adwin/.cargo/registry/src/mirrors.tuna.tsinghua.edu.cn-4dc01642fd091eda/wgpu-26.0.1/src/backend/wgpu_core.rs:2127:44
     |
2127 | impl dispatch::RenderPipelineInterface for CoreRenderPipeline {
     |                                            ^^^^^^^^^^^^^^^^^^
     |
     = help: consider increasing the recursion limit by adding a `#![recursion_limit = "256"]` attribute to your crate (`wgpu`)
note: required by a bound in `RenderPipelineInterface`
    --> /home/adwin/.cargo/registry/src/mirrors.tuna.tsinghua.edu.cn-4dc01642fd091eda/wgpu-26.0.1/src/dispatch.rs:267:36
     |
 267 | pub trait RenderPipelineInterface: CommonTraits {
     |                                    ^^^^^^^^^^^^ required by this bound in `RenderPipelineInterface`

error[E0275]: overflow evaluating the requirement `wgpu_core::CoreComputePipeline: CommonTraits`
    --> /home/adwin/.cargo/registry/src/mirrors.tuna.tsinghua.edu.cn-4dc01642fd091eda/wgpu-26.0.1/src/backend/wgpu_core.rs:2154:45
     |
2154 | impl dispatch::ComputePipelineInterface for CoreComputePipeline {
     |                                             ^^^^^^^^^^^^^^^^^^^
     |
     = help: consider increasing the recursion limit by adding a `#![recursion_limit = "256"]` attribute to your crate (`wgpu`)
note: required by a bound in `ComputePipelineInterface`
    --> /home/adwin/.cargo/registry/src/mirrors.tuna.tsinghua.edu.cn-4dc01642fd091eda/wgpu-26.0.1/src/dispatch.rs:270:37
     |
 270 | pub trait ComputePipelineInterface: CommonTraits {
     |                                     ^^^^^^^^^^^^ required by this bound in `ComputePipelineInterface`

error[E0275]: overflow evaluating the requirement `wgpu_core::CorePipelineCache: CommonTraits`
    --> /home/adwin/.cargo/registry/src/mirrors.tuna.tsinghua.edu.cn-4dc01642fd091eda/wgpu-26.0.1/src/backend/wgpu_core.rs:2181:43
     |
2181 | impl dispatch::PipelineCacheInterface for CorePipelineCache {
     |                                           ^^^^^^^^^^^^^^^^^
     |
     = help: consider increasing the recursion limit by adding a `#![recursion_limit = "256"]` attribute to your crate (`wgpu`)
note: required by a bound in `PipelineCacheInterface`
    --> /home/adwin/.cargo/registry/src/mirrors.tuna.tsinghua.edu.cn-4dc01642fd091eda/wgpu-26.0.1/src/dispatch.rs:273:35
     |
 273 | pub trait PipelineCacheInterface: CommonTraits {
     |                                   ^^^^^^^^^^^^ required by this bound in `PipelineCacheInterface`

error[E0275]: overflow evaluating the requirement `wgpu_core::CoreCommandEncoder: CommonTraits`
    --> /home/adwin/.cargo/registry/src/mirrors.tuna.tsinghua.edu.cn-4dc01642fd091eda/wgpu-26.0.1/src/backend/wgpu_core.rs:2193:44
     |
2193 | impl dispatch::CommandEncoderInterface for CoreCommandEncoder {
     |                                            ^^^^^^^^^^^^^^^^^^
     |
     = help: consider increasing the recursion limit by adding a `#![recursion_limit = "256"]` attribute to your crate (`wgpu`)
note: required by a bound in `CommandEncoderInterface`
    --> /home/adwin/.cargo/registry/src/mirrors.tuna.tsinghua.edu.cn-4dc01642fd091eda/wgpu-26.0.1/src/dispatch.rs:276:36
     |
 276 | pub trait CommandEncoderInterface: CommonTraits {
     |                                    ^^^^^^^^^^^^ required by this bound in `CommandEncoderInterface`

error[E0275]: overflow evaluating the requirement `wgpu_core::CoreCommandBuffer: CommonTraits`
    --> /home/adwin/.cargo/registry/src/mirrors.tuna.tsinghua.edu.cn-4dc01642fd091eda/wgpu-26.0.1/src/backend/wgpu_core.rs:2649:43
     |
2649 | impl dispatch::CommandBufferInterface for CoreCommandBuffer {}
     |                                           ^^^^^^^^^^^^^^^^^
     |
     = help: consider increasing the recursion limit by adding a `#![recursion_limit = "256"]` attribute to your crate (`wgpu`)
note: required by a bound in `CommandBufferInterface`
    --> /home/adwin/.cargo/registry/src/mirrors.tuna.tsinghua.edu.cn-4dc01642fd091eda/wgpu-26.0.1/src/dispatch.rs:512:35
     |
 512 | pub trait CommandBufferInterface: CommonTraits {}
     |                                   ^^^^^^^^^^^^ required by this bound in `CommandBufferInterface`

error[E0275]: overflow evaluating the requirement `wgpu_core::CoreComputePass: CommonTraits`
    --> /home/adwin/.cargo/registry/src/mirrors.tuna.tsinghua.edu.cn-4dc01642fd091eda/wgpu-26.0.1/src/backend/wgpu_core.rs:2657:41
     |
2657 | impl dispatch::ComputePassInterface for CoreComputePass {
     |                                         ^^^^^^^^^^^^^^^
     |
     = help: consider increasing the recursion limit by adding a `#![recursion_limit = "256"]` attribute to your crate (`wgpu`)
note: required by a bound in `ComputePassInterface`
    --> /home/adwin/.cargo/registry/src/mirrors.tuna.tsinghua.edu.cn-4dc01642fd091eda/wgpu-26.0.1/src/dispatch.rs:351:33
     |
 351 | pub trait ComputePassInterface: CommonTraits {
     |                                 ^^^^^^^^^^^^ required by this bound in `ComputePassInterface`

error[E0275]: overflow evaluating the requirement `wgpu_core::CoreRenderPass: CommonTraits`
    --> /home/adwin/.cargo/registry/src/mirrors.tuna.tsinghua.edu.cn-4dc01642fd091eda/wgpu-26.0.1/src/backend/wgpu_core.rs:2860:40
     |
2860 | impl dispatch::RenderPassInterface for CoreRenderPass {
     |                                        ^^^^^^^^^^^^^^
     |
     = help: consider increasing the recursion limit by adding a `#![recursion_limit = "256"]` attribute to your crate (`wgpu`)
note: required by a bound in `RenderPassInterface`
    --> /home/adwin/.cargo/registry/src/mirrors.tuna.tsinghua.edu.cn-4dc01642fd091eda/wgpu-26.0.1/src/dispatch.rs:377:32
     |
 377 | pub trait RenderPassInterface: CommonTraits {
     |                                ^^^^^^^^^^^^ required by this bound in `RenderPassInterface`

error[E0275]: overflow evaluating the requirement `wgpu_core::CoreRenderBundleEncoder: CommonTraits`
    --> /home/adwin/.cargo/registry/src/mirrors.tuna.tsinghua.edu.cn-4dc01642fd091eda/wgpu-26.0.1/src/backend/wgpu_core.rs:3383:49
     |
3383 | impl dispatch::RenderBundleEncoderInterface for CoreRenderBundleEncoder {
     |                                                 ^^^^^^^^^^^^^^^^^^^^^^^
     |
     = help: consider increasing the recursion limit by adding a `#![recursion_limit = "256"]` attribute to your crate (`wgpu`)
note: required by a bound in `RenderBundleEncoderInterface`
    --> /home/adwin/.cargo/registry/src/mirrors.tuna.tsinghua.edu.cn-4dc01642fd091eda/wgpu-26.0.1/src/dispatch.rs:470:41
     |
 470 | pub trait RenderBundleEncoderInterface: CommonTraits {
     |                                         ^^^^^^^^^^^^ required by this bound in `RenderBundleEncoderInterface`

error[E0275]: overflow evaluating the requirement `wgpu_core::CoreSurface: CommonTraits`
    --> /home/adwin/.cargo/registry/src/mirrors.tuna.tsinghua.edu.cn-4dc01642fd091eda/wgpu-26.0.1/src/backend/wgpu_core.rs:3510:37
     |
3510 | impl dispatch::SurfaceInterface for CoreSurface {
     |                                     ^^^^^^^^^^^
     |
     = help: consider increasing the recursion limit by adding a `#![recursion_limit = "256"]` attribute to your crate (`wgpu`)
note: required by a bound in `SurfaceInterface`
    --> /home/adwin/.cargo/registry/src/mirrors.tuna.tsinghua.edu.cn-4dc01642fd091eda/wgpu-26.0.1/src/dispatch.rs:515:29
     |
 515 | pub trait SurfaceInterface: CommonTraits {
     |                             ^^^^^^^^^^^^ required by this bound in `SurfaceInterface`

error[E0275]: overflow evaluating the requirement `wgpu_core::CoreSurfaceOutputDetail: CommonTraits`
    --> /home/adwin/.cargo/registry/src/mirrors.tuna.tsinghua.edu.cn-4dc01642fd091eda/wgpu-26.0.1/src/backend/wgpu_core.rs:3587:49
     |
3587 | impl dispatch::SurfaceOutputDetailInterface for CoreSurfaceOutputDetail {
     |                                                 ^^^^^^^^^^^^^^^^^^^^^^^
     |
     = help: consider increasing the recursion limit by adding a `#![recursion_limit = "256"]` attribute to your crate (`wgpu`)
note: required by a bound in `SurfaceOutputDetailInterface`
    --> /home/adwin/.cargo/registry/src/mirrors.tuna.tsinghua.edu.cn-4dc01642fd091eda/wgpu-26.0.1/src/dispatch.rs:528:41
     |
 528 | pub trait SurfaceOutputDetailInterface: CommonTraits {
     |                                         ^^^^^^^^^^^^ required by this bound in `SurfaceOutputDetailInterface`

error[E0275]: overflow evaluating the requirement `adapter::Adapter: Send`
  --> /home/adwin/.cargo/registry/src/mirrors.tuna.tsinghua.edu.cn-4dc01642fd091eda/wgpu-26.0.1/src/api/adapter.rs:23:37
   |
23 | static_assertions::assert_impl_all!(Adapter: Send, Sync);
   |                                     ^^^^^^^
   |
   = help: consider increasing the recursion limit by adding a `#![recursion_limit = "256"]` attribute to your crate (`wgpu`)
note: required by a bound in `adapter::_::{closure#0}::assert_impl_all`
  --> /home/adwin/.cargo/registry/src/mirrors.tuna.tsinghua.edu.cn-4dc01642fd091eda/wgpu-26.0.1/src/api/adapter.rs:23:1
   |
23 | static_assertions::assert_impl_all!(Adapter: Send, Sync);
   | ^^^^^^^^^^^^^^^^^^^^^^^^^^^^^^^^^^^^^^^^^^^^^^^^^^^^^^^^ required by this bound in `assert_impl_all`
   = note: this error originates in the macro `static_assertions::assert_impl_all` (in Nightly builds, run with -Z macro-backtrace for more info)

error[E0275]: overflow evaluating the requirement `adapter::Adapter: Sync`
  --> /home/adwin/.cargo/registry/src/mirrors.tuna.tsinghua.edu.cn-4dc01642fd091eda/wgpu-26.0.1/src/api/adapter.rs:23:37
   |
23 | static_assertions::assert_impl_all!(Adapter: Send, Sync);
   |                                     ^^^^^^^
   |
   = help: consider increasing the recursion limit by adding a `#![recursion_limit = "256"]` attribute to your crate (`wgpu`)
note: required by a bound in `adapter::_::{closure#0}::assert_impl_all`
  --> /home/adwin/.cargo/registry/src/mirrors.tuna.tsinghua.edu.cn-4dc01642fd091eda/wgpu-26.0.1/src/api/adapter.rs:23:1
   |
23 | static_assertions::assert_impl_all!(Adapter: Send, Sync);
   | ^^^^^^^^^^^^^^^^^^^^^^^^^^^^^^^^^^^^^^^^^^^^^^^^^^^^^^^^ required by this bound in `assert_impl_all`
   = note: this error originates in the macro `static_assertions::assert_impl_all` (in Nightly builds, run with -Z macro-backtrace for more info)

error[E0275]: overflow evaluating the requirement `wgt::RequestAdapterOptions<&surface::Surface<'_>>: Send`
  --> /home/adwin/.cargo/registry/src/mirrors.tuna.tsinghua.edu.cn-4dc01642fd091eda/wgpu-26.0.1/src/api/adapter.rs:36:37
   |
36 | static_assertions::assert_impl_all!(RequestAdapterOptions<'_, '_>: Send, Sync);
   |                                     ^^^^^^^^^^^^^^^^^^^^^^^^^^^^^
   |
   = help: consider increasing the recursion limit by adding a `#![recursion_limit = "256"]` attribute to your crate (`wgpu`)
note: required by a bound in `adapter::_::{closure#0}::assert_impl_all`
  --> /home/adwin/.cargo/registry/src/mirrors.tuna.tsinghua.edu.cn-4dc01642fd091eda/wgpu-26.0.1/src/api/adapter.rs:36:1
   |
36 | static_assertions::assert_impl_all!(RequestAdapterOptions<'_, '_>: Send, Sync);
   | ^^^^^^^^^^^^^^^^^^^^^^^^^^^^^^^^^^^^^^^^^^^^^^^^^^^^^^^^^^^^^^^^^^^^^^^^^^^^^^ required by this bound in `assert_impl_all`
   = note: this error originates in the macro `static_assertions::assert_impl_all` (in Nightly builds, run with -Z macro-backtrace for more info)

error[E0275]: overflow evaluating the requirement `wgt::RequestAdapterOptions<&surface::Surface<'_>>: Sync`
  --> /home/adwin/.cargo/registry/src/mirrors.tuna.tsinghua.edu.cn-4dc01642fd091eda/wgpu-26.0.1/src/api/adapter.rs:36:37
   |
36 | static_assertions::assert_impl_all!(RequestAdapterOptions<'_, '_>: Send, Sync);
   |                                     ^^^^^^^^^^^^^^^^^^^^^^^^^^^^^
   |
   = help: consider increasing the recursion limit by adding a `#![recursion_limit = "256"]` attribute to your crate (`wgpu`)
note: required by a bound in `adapter::_::{closure#0}::assert_impl_all`
  --> /home/adwin/.cargo/registry/src/mirrors.tuna.tsinghua.edu.cn-4dc01642fd091eda/wgpu-26.0.1/src/api/adapter.rs:36:1
   |
36 | static_assertions::assert_impl_all!(RequestAdapterOptions<'_, '_>: Send, Sync);
   | ^^^^^^^^^^^^^^^^^^^^^^^^^^^^^^^^^^^^^^^^^^^^^^^^^^^^^^^^^^^^^^^^^^^^^^^^^^^^^^ required by this bound in `assert_impl_all`
   = note: this error originates in the macro `static_assertions::assert_impl_all` (in Nightly builds, run with -Z macro-backtrace for more info)

error[E0275]: overflow evaluating the requirement `bind_group::BindGroup: Send`
  --> /home/adwin/.cargo/registry/src/mirrors.tuna.tsinghua.edu.cn-4dc01642fd091eda/wgpu-26.0.1/src/api/bind_group.rs:16:37
   |
16 | static_assertions::assert_impl_all!(BindGroup: Send, Sync);
   |                                     ^^^^^^^^^
   |
   = help: consider increasing the recursion limit by adding a `#![recursion_limit = "256"]` attribute to your crate (`wgpu`)
note: required by a bound in `bind_group::_::{closure#0}::assert_impl_all`
  --> /home/adwin/.cargo/registry/src/mirrors.tuna.tsinghua.edu.cn-4dc01642fd091eda/wgpu-26.0.1/src/api/bind_group.rs:16:1
   |
16 | static_assertions::assert_impl_all!(BindGroup: Send, Sync);
   | ^^^^^^^^^^^^^^^^^^^^^^^^^^^^^^^^^^^^^^^^^^^^^^^^^^^^^^^^^^ required by this bound in `assert_impl_all`
   = note: this error originates in the macro `static_assertions::assert_impl_all` (in Nightly builds, run with -Z macro-backtrace for more info)

error[E0275]: overflow evaluating the requirement `bind_group::BindGroup: Sync`
  --> /home/adwin/.cargo/registry/src/mirrors.tuna.tsinghua.edu.cn-4dc01642fd091eda/wgpu-26.0.1/src/api/bind_group.rs:16:37
   |
16 | static_assertions::assert_impl_all!(BindGroup: Send, Sync);
   |                                     ^^^^^^^^^
   |
   = help: consider increasing the recursion limit by adding a `#![recursion_limit = "256"]` attribute to your crate (`wgpu`)
note: required by a bound in `bind_group::_::{closure#0}::assert_impl_all`
  --> /home/adwin/.cargo/registry/src/mirrors.tuna.tsinghua.edu.cn-4dc01642fd091eda/wgpu-26.0.1/src/api/bind_group.rs:16:1
   |
16 | static_assertions::assert_impl_all!(BindGroup: Send, Sync);
   | ^^^^^^^^^^^^^^^^^^^^^^^^^^^^^^^^^^^^^^^^^^^^^^^^^^^^^^^^^^ required by this bound in `assert_impl_all`
   = note: this error originates in the macro `static_assertions::assert_impl_all` (in Nightly builds, run with -Z macro-backtrace for more info)

error[E0275]: overflow evaluating the requirement `bind_group::BindingResource<'_>: Send`
  --> /home/adwin/.cargo/registry/src/mirrors.tuna.tsinghua.edu.cn-4dc01642fd091eda/wgpu-26.0.1/src/api/bind_group.rs:86:37
   |
86 | static_assertions::assert_impl_all!(BindingResource<'_>: Send, Sync);
   |                                     ^^^^^^^^^^^^^^^^^^^
   |
   = help: consider increasing the recursion limit by adding a `#![recursion_limit = "256"]` attribute to your crate (`wgpu`)
note: required by a bound in `bind_group::_::{closure#0}::assert_impl_all`
  --> /home/adwin/.cargo/registry/src/mirrors.tuna.tsinghua.edu.cn-4dc01642fd091eda/wgpu-26.0.1/src/api/bind_group.rs:86:1
   |
86 | static_assertions::assert_impl_all!(BindingResource<'_>: Send, Sync);
   | ^^^^^^^^^^^^^^^^^^^^^^^^^^^^^^^^^^^^^^^^^^^^^^^^^^^^^^^^^^^^^^^^^^^^ required by this bound in `assert_impl_all`
   = note: this error originates in the macro `static_assertions::assert_impl_all` (in Nightly builds, run with -Z macro-backtrace for more info)

error[E0275]: overflow evaluating the requirement `bind_group::BindingResource<'_>: Sync`
  --> /home/adwin/.cargo/registry/src/mirrors.tuna.tsinghua.edu.cn-4dc01642fd091eda/wgpu-26.0.1/src/api/bind_group.rs:86:37
   |
86 | static_assertions::assert_impl_all!(BindingResource<'_>: Send, Sync);
   |                                     ^^^^^^^^^^^^^^^^^^^
   |
   = help: consider increasing the recursion limit by adding a `#![recursion_limit = "256"]` attribute to your crate (`wgpu`)
note: required by a bound in `bind_group::_::{closure#0}::assert_impl_all`
  --> /home/adwin/.cargo/registry/src/mirrors.tuna.tsinghua.edu.cn-4dc01642fd091eda/wgpu-26.0.1/src/api/bind_group.rs:86:1
   |
86 | static_assertions::assert_impl_all!(BindingResource<'_>: Send, Sync);
   | ^^^^^^^^^^^^^^^^^^^^^^^^^^^^^^^^^^^^^^^^^^^^^^^^^^^^^^^^^^^^^^^^^^^^ required by this bound in `assert_impl_all`
   = note: this error originates in the macro `static_assertions::assert_impl_all` (in Nightly builds, run with -Z macro-backtrace for more info)

error[E0275]: overflow evaluating the requirement `bind_group::BufferBinding<'_>: Send`
   --> /home/adwin/.cargo/registry/src/mirrors.tuna.tsinghua.edu.cn-4dc01642fd091eda/wgpu-26.0.1/src/api/bind_group.rs:118:37
    |
118 | static_assertions::assert_impl_all!(BufferBinding<'_>: Send, Sync);
    |                                     ^^^^^^^^^^^^^^^^^
    |
    = help: consider increasing the recursion limit by adding a `#![recursion_limit = "256"]` attribute to your crate (`wgpu`)
note: required by a bound in `bind_group::_::{closure#0}::assert_impl_all`
   --> /home/adwin/.cargo/registry/src/mirrors.tuna.tsinghua.edu.cn-4dc01642fd091eda/wgpu-26.0.1/src/api/bind_group.rs:118:1
    |
118 | static_assertions::assert_impl_all!(BufferBinding<'_>: Send, Sync);
    | ^^^^^^^^^^^^^^^^^^^^^^^^^^^^^^^^^^^^^^^^^^^^^^^^^^^^^^^^^^^^^^^^^^ required by this bound in `assert_impl_all`
    = note: this error originates in the macro `static_assertions::assert_impl_all` (in Nightly builds, run with -Z macro-backtrace for more info)

error[E0275]: overflow evaluating the requirement `bind_group::BufferBinding<'_>: Sync`
   --> /home/adwin/.cargo/registry/src/mirrors.tuna.tsinghua.edu.cn-4dc01642fd091eda/wgpu-26.0.1/src/api/bind_group.rs:118:37
    |
118 | static_assertions::assert_impl_all!(BufferBinding<'_>: Send, Sync);
    |                                     ^^^^^^^^^^^^^^^^^
    |
    = help: consider increasing the recursion limit by adding a `#![recursion_limit = "256"]` attribute to your crate (`wgpu`)
note: required by a bound in `bind_group::_::{closure#0}::assert_impl_all`
   --> /home/adwin/.cargo/registry/src/mirrors.tuna.tsinghua.edu.cn-4dc01642fd091eda/wgpu-26.0.1/src/api/bind_group.rs:118:1
    |
118 | static_assertions::assert_impl_all!(BufferBinding<'_>: Send, Sync);
    | ^^^^^^^^^^^^^^^^^^^^^^^^^^^^^^^^^^^^^^^^^^^^^^^^^^^^^^^^^^^^^^^^^^ required by this bound in `assert_impl_all`
    = note: this error originates in the macro `static_assertions::assert_impl_all` (in Nightly builds, run with -Z macro-backtrace for more info)

error[E0275]: overflow evaluating the requirement `bind_group::BindGroupEntry<'_>: Send`
   --> /home/adwin/.cargo/registry/src/mirrors.tuna.tsinghua.edu.cn-4dc01642fd091eda/wgpu-26.0.1/src/api/bind_group.rs:134:37
    |
134 | static_assertions::assert_impl_all!(BindGroupEntry<'_>: Send, Sync);
    |                                     ^^^^^^^^^^^^^^^^^^
    |
    = help: consider increasing the recursion limit by adding a `#![recursion_limit = "256"]` attribute to your crate (`wgpu`)
note: required by a bound in `bind_group::_::{closure#0}::assert_impl_all`
   --> /home/adwin/.cargo/registry/src/mirrors.tuna.tsinghua.edu.cn-4dc01642fd091eda/wgpu-26.0.1/src/api/bind_group.rs:134:1
    |
134 | static_assertions::assert_impl_all!(BindGroupEntry<'_>: Send, Sync);
    | ^^^^^^^^^^^^^^^^^^^^^^^^^^^^^^^^^^^^^^^^^^^^^^^^^^^^^^^^^^^^^^^^^^^ required by this bound in `assert_impl_all`
    = note: this error originates in the macro `static_assertions::assert_impl_all` (in Nightly builds, run with -Z macro-backtrace for more info)

error[E0275]: overflow evaluating the requirement `bind_group::BindGroupEntry<'_>: Sync`
   --> /home/adwin/.cargo/registry/src/mirrors.tuna.tsinghua.edu.cn-4dc01642fd091eda/wgpu-26.0.1/src/api/bind_group.rs:134:37
    |
134 | static_assertions::assert_impl_all!(BindGroupEntry<'_>: Send, Sync);
    |                                     ^^^^^^^^^^^^^^^^^^
    |
    = help: consider increasing the recursion limit by adding a `#![recursion_limit = "256"]` attribute to your crate (`wgpu`)
note: required by a bound in `bind_group::_::{closure#0}::assert_impl_all`
   --> /home/adwin/.cargo/registry/src/mirrors.tuna.tsinghua.edu.cn-4dc01642fd091eda/wgpu-26.0.1/src/api/bind_group.rs:134:1
    |
134 | static_assertions::assert_impl_all!(BindGroupEntry<'_>: Send, Sync);
    | ^^^^^^^^^^^^^^^^^^^^^^^^^^^^^^^^^^^^^^^^^^^^^^^^^^^^^^^^^^^^^^^^^^^ required by this bound in `assert_impl_all`
    = note: this error originates in the macro `static_assertions::assert_impl_all` (in Nightly builds, run with -Z macro-backtrace for more info)

error[E0275]: overflow evaluating the requirement `bind_group::BindGroupDescriptor<'_>: Send`
   --> /home/adwin/.cargo/registry/src/mirrors.tuna.tsinghua.edu.cn-4dc01642fd091eda/wgpu-26.0.1/src/api/bind_group.rs:152:37
    |
152 | static_assertions::assert_impl_all!(BindGroupDescriptor<'_>: Send, Sync);
    |                                     ^^^^^^^^^^^^^^^^^^^^^^^
    |
    = help: consider increasing the recursion limit by adding a `#![recursion_limit = "256"]` attribute to your crate (`wgpu`)
note: required by a bound in `bind_group::_::{closure#0}::assert_impl_all`
   --> /home/adwin/.cargo/registry/src/mirrors.tuna.tsinghua.edu.cn-4dc01642fd091eda/wgpu-26.0.1/src/api/bind_group.rs:152:1
    |
152 | static_assertions::assert_impl_all!(BindGroupDescriptor<'_>: Send, Sync);
    | ^^^^^^^^^^^^^^^^^^^^^^^^^^^^^^^^^^^^^^^^^^^^^^^^^^^^^^^^^^^^^^^^^^^^^^^^ required by this bound in `assert_impl_all`
    = note: this error originates in the macro `static_assertions::assert_impl_all` (in Nightly builds, run with -Z macro-backtrace for more info)

error[E0275]: overflow evaluating the requirement `bind_group::BindGroupDescriptor<'_>: Sync`
   --> /home/adwin/.cargo/registry/src/mirrors.tuna.tsinghua.edu.cn-4dc01642fd091eda/wgpu-26.0.1/src/api/bind_group.rs:152:37
    |
152 | static_assertions::assert_impl_all!(BindGroupDescriptor<'_>: Send, Sync);
    |                                     ^^^^^^^^^^^^^^^^^^^^^^^
    |
    = help: consider increasing the recursion limit by adding a `#![recursion_limit = "256"]` attribute to your crate (`wgpu`)
note: required by a bound in `bind_group::_::{closure#0}::assert_impl_all`
   --> /home/adwin/.cargo/registry/src/mirrors.tuna.tsinghua.edu.cn-4dc01642fd091eda/wgpu-26.0.1/src/api/bind_group.rs:152:1
    |
152 | static_assertions::assert_impl_all!(BindGroupDescriptor<'_>: Send, Sync);
    | ^^^^^^^^^^^^^^^^^^^^^^^^^^^^^^^^^^^^^^^^^^^^^^^^^^^^^^^^^^^^^^^^^^^^^^^^ required by this bound in `assert_impl_all`
    = note: this error originates in the macro `static_assertions::assert_impl_all` (in Nightly builds, run with -Z macro-backtrace for more info)

error[E0275]: overflow evaluating the requirement `bind_group_layout::BindGroupLayout: Send`
  --> /home/adwin/.cargo/registry/src/mirrors.tuna.tsinghua.edu.cn-4dc01642fd091eda/wgpu-26.0.1/src/api/bind_group_layout.rs:19:37
   |
19 | static_assertions::assert_impl_all!(BindGroupLayout: Send, Sync);
   |                                     ^^^^^^^^^^^^^^^
   |
   = help: consider increasing the recursion limit by adding a `#![recursion_limit = "256"]` attribute to your crate (`wgpu`)
note: required by a bound in `bind_group_layout::_::{closure#0}::assert_impl_all`
  --> /home/adwin/.cargo/registry/src/mirrors.tuna.tsinghua.edu.cn-4dc01642fd091eda/wgpu-26.0.1/src/api/bind_group_layout.rs:19:1
   |
19 | static_assertions::assert_impl_all!(BindGroupLayout: Send, Sync);
   | ^^^^^^^^^^^^^^^^^^^^^^^^^^^^^^^^^^^^^^^^^^^^^^^^^^^^^^^^^^^^^^^^ required by this bound in `assert_impl_all`
   = note: this error originates in the macro `static_assertions::assert_impl_all` (in Nightly builds, run with -Z macro-backtrace for more info)

error[E0275]: overflow evaluating the requirement `bind_group_layout::BindGroupLayout: Sync`
  --> /home/adwin/.cargo/registry/src/mirrors.tuna.tsinghua.edu.cn-4dc01642fd091eda/wgpu-26.0.1/src/api/bind_group_layout.rs:19:37
   |
19 | static_assertions::assert_impl_all!(BindGroupLayout: Send, Sync);
   |                                     ^^^^^^^^^^^^^^^
   |
   = help: consider increasing the recursion limit by adding a `#![recursion_limit = "256"]` attribute to your crate (`wgpu`)
note: required by a bound in `bind_group_layout::_::{closure#0}::assert_impl_all`
  --> /home/adwin/.cargo/registry/src/mirrors.tuna.tsinghua.edu.cn-4dc01642fd091eda/wgpu-26.0.1/src/api/bind_group_layout.rs:19:1
   |
19 | static_assertions::assert_impl_all!(BindGroupLayout: Send, Sync);
   | ^^^^^^^^^^^^^^^^^^^^^^^^^^^^^^^^^^^^^^^^^^^^^^^^^^^^^^^^^^^^^^^^ required by this bound in `assert_impl_all`
   = note: this error originates in the macro `static_assertions::assert_impl_all` (in Nightly builds, run with -Z macro-backtrace for more info)

    Checking bevy_image v0.17.3
    Checking bevy_shader v0.17.3
error[E0275]: overflow evaluating the requirement `blas::BlasTriangleGeometry<'_>: wgt::WasmNotSendSync`
   --> /home/adwin/.cargo/registry/src/mirrors.tuna.tsinghua.edu.cn-4dc01642fd091eda/wgpu-26.0.1/src/api/blas.rs:117:37
    |
117 | static_assertions::assert_impl_all!(BlasTriangleGeometry<'_>: WasmNotSendSync);
    |                                     ^^^^^^^^^^^^^^^^^^^^^^^^
    |
    = help: consider increasing the recursion limit by adding a `#![recursion_limit = "256"]` attribute to your crate (`wgpu`)
note: required by a bound in `blas::_::{closure#0}::assert_impl_all`
   --> /home/adwin/.cargo/registry/src/mirrors.tuna.tsinghua.edu.cn-4dc01642fd091eda/wgpu-26.0.1/src/api/blas.rs:117:1
    |
117 | static_assertions::assert_impl_all!(BlasTriangleGeometry<'_>: WasmNotSendSync);
    | ^^^^^^^^^^^^^^^^^^^^^^^^^^^^^^^^^^^^^^^^^^^^^^^^^^^^^^^^^^^^^^^^^^^^^^^^^^^^^^ required by this bound in `assert_impl_all`
    = note: this error originates in the macro `static_assertions::assert_impl_all` (in Nightly builds, run with -Z macro-backtrace for more info)

error[E0275]: overflow evaluating the requirement `blas::BlasGeometries<'_>: wgt::WasmNotSendSync`
   --> /home/adwin/.cargo/registry/src/mirrors.tuna.tsinghua.edu.cn-4dc01642fd091eda/wgpu-26.0.1/src/api/blas.rs:124:37
    |
124 | static_assertions::assert_impl_all!(BlasGeometries<'_>: WasmNotSendSync);
    |                                     ^^^^^^^^^^^^^^^^^^
    |
    = help: consider increasing the recursion limit by adding a `#![recursion_limit = "256"]` attribute to your crate (`wgpu`)
note: required by a bound in `blas::_::{closure#0}::assert_impl_all`
   --> /home/adwin/.cargo/registry/src/mirrors.tuna.tsinghua.edu.cn-4dc01642fd091eda/wgpu-26.0.1/src/api/blas.rs:124:1
    |
124 | static_assertions::assert_impl_all!(BlasGeometries<'_>: WasmNotSendSync);
    | ^^^^^^^^^^^^^^^^^^^^^^^^^^^^^^^^^^^^^^^^^^^^^^^^^^^^^^^^^^^^^^^^^^^^^^^^ required by this bound in `assert_impl_all`
    = note: this error originates in the macro `static_assertions::assert_impl_all` (in Nightly builds, run with -Z macro-backtrace for more info)

error[E0275]: overflow evaluating the requirement `blas::BlasBuildEntry<'_>: wgt::WasmNotSendSync`
   --> /home/adwin/.cargo/registry/src/mirrors.tuna.tsinghua.edu.cn-4dc01642fd091eda/wgpu-26.0.1/src/api/blas.rs:133:37
    |
133 | static_assertions::assert_impl_all!(BlasBuildEntry<'_>: WasmNotSendSync);
    |                                     ^^^^^^^^^^^^^^^^^^
    |
    = help: consider increasing the recursion limit by adding a `#![recursion_limit = "256"]` attribute to your crate (`wgpu`)
note: required by a bound in `blas::_::{closure#0}::assert_impl_all`
   --> /home/adwin/.cargo/registry/src/mirrors.tuna.tsinghua.edu.cn-4dc01642fd091eda/wgpu-26.0.1/src/api/blas.rs:133:1
    |
133 | static_assertions::assert_impl_all!(BlasBuildEntry<'_>: WasmNotSendSync);
    | ^^^^^^^^^^^^^^^^^^^^^^^^^^^^^^^^^^^^^^^^^^^^^^^^^^^^^^^^^^^^^^^^^^^^^^^^ required by this bound in `assert_impl_all`
    = note: this error originates in the macro `static_assertions::assert_impl_all` (in Nightly builds, run with -Z macro-backtrace for more info)

error[E0275]: overflow evaluating the requirement `blas::Blas: wgt::WasmNotSendSync`
   --> /home/adwin/.cargo/registry/src/mirrors.tuna.tsinghua.edu.cn-4dc01642fd091eda/wgpu-26.0.1/src/api/blas.rs:147:37
    |
147 | static_assertions::assert_impl_all!(Blas: WasmNotSendSync);
    |                                     ^^^^
    |
    = help: consider increasing the recursion limit by adding a `#![recursion_limit = "256"]` attribute to your crate (`wgpu`)
note: required by a bound in `blas::_::{closure#0}::assert_impl_all`
   --> /home/adwin/.cargo/registry/src/mirrors.tuna.tsinghua.edu.cn-4dc01642fd091eda/wgpu-26.0.1/src/api/blas.rs:147:1
    |
147 | static_assertions::assert_impl_all!(Blas: WasmNotSendSync);
    | ^^^^^^^^^^^^^^^^^^^^^^^^^^^^^^^^^^^^^^^^^^^^^^^^^^^^^^^^^^ required by this bound in `assert_impl_all`
    = note: this error originates in the macro `static_assertions::assert_impl_all` (in Nightly builds, run with -Z macro-backtrace for more info)

error[E0275]: overflow evaluating the requirement `buffer::Buffer: Send`
   --> /home/adwin/.cargo/registry/src/mirrors.tuna.tsinghua.edu.cn-4dc01642fd091eda/wgpu-26.0.1/src/api/buffer.rs:184:37
    |
184 | static_assertions::assert_impl_all!(Buffer: Send, Sync);
    |                                     ^^^^^^
    |
    = help: consider increasing the recursion limit by adding a `#![recursion_limit = "256"]` attribute to your crate (`wgpu`)
note: required by a bound in `buffer::_::{closure#0}::assert_impl_all`
   --> /home/adwin/.cargo/registry/src/mirrors.tuna.tsinghua.edu.cn-4dc01642fd091eda/wgpu-26.0.1/src/api/buffer.rs:184:1
    |
184 | static_assertions::assert_impl_all!(Buffer: Send, Sync);
    | ^^^^^^^^^^^^^^^^^^^^^^^^^^^^^^^^^^^^^^^^^^^^^^^^^^^^^^^ required by this bound in `assert_impl_all`
    = note: this error originates in the macro `static_assertions::assert_impl_all` (in Nightly builds, run with -Z macro-backtrace for more info)

error[E0275]: overflow evaluating the requirement `buffer::Buffer: Sync`
   --> /home/adwin/.cargo/registry/src/mirrors.tuna.tsinghua.edu.cn-4dc01642fd091eda/wgpu-26.0.1/src/api/buffer.rs:184:37
    |
184 | static_assertions::assert_impl_all!(Buffer: Send, Sync);
    |                                     ^^^^^^
    |
    = help: consider increasing the recursion limit by adding a `#![recursion_limit = "256"]` attribute to your crate (`wgpu`)
note: required by a bound in `buffer::_::{closure#0}::assert_impl_all`
   --> /home/adwin/.cargo/registry/src/mirrors.tuna.tsinghua.edu.cn-4dc01642fd091eda/wgpu-26.0.1/src/api/buffer.rs:184:1
    |
184 | static_assertions::assert_impl_all!(Buffer: Send, Sync);
    | ^^^^^^^^^^^^^^^^^^^^^^^^^^^^^^^^^^^^^^^^^^^^^^^^^^^^^^^ required by this bound in `assert_impl_all`
    = note: this error originates in the macro `static_assertions::assert_impl_all` (in Nightly builds, run with -Z macro-backtrace for more info)

error[E0275]: overflow evaluating the requirement `buffer::BufferSlice<'_>: Send`
   --> /home/adwin/.cargo/registry/src/mirrors.tuna.tsinghua.edu.cn-4dc01642fd091eda/wgpu-26.0.1/src/api/buffer.rs:432:37
    |
432 | static_assertions::assert_impl_all!(BufferSlice<'_>: Send, Sync);
    |                                     ^^^^^^^^^^^^^^^
    |
    = help: consider increasing the recursion limit by adding a `#![recursion_limit = "256"]` attribute to your crate (`wgpu`)
note: required by a bound in `buffer::_::{closure#0}::assert_impl_all`
   --> /home/adwin/.cargo/registry/src/mirrors.tuna.tsinghua.edu.cn-4dc01642fd091eda/wgpu-26.0.1/src/api/buffer.rs:432:1
    |
432 | static_assertions::assert_impl_all!(BufferSlice<'_>: Send, Sync);
    | ^^^^^^^^^^^^^^^^^^^^^^^^^^^^^^^^^^^^^^^^^^^^^^^^^^^^^^^^^^^^^^^^ required by this bound in `assert_impl_all`
    = note: this error originates in the macro `static_assertions::assert_impl_all` (in Nightly builds, run with -Z macro-backtrace for more info)

error[E0275]: overflow evaluating the requirement `buffer::BufferSlice<'_>: Sync`
   --> /home/adwin/.cargo/registry/src/mirrors.tuna.tsinghua.edu.cn-4dc01642fd091eda/wgpu-26.0.1/src/api/buffer.rs:432:37
    |
432 | static_assertions::assert_impl_all!(BufferSlice<'_>: Send, Sync);
    |                                     ^^^^^^^^^^^^^^^
    |
    = help: consider increasing the recursion limit by adding a `#![recursion_limit = "256"]` attribute to your crate (`wgpu`)
note: required by a bound in `buffer::_::{closure#0}::assert_impl_all`
   --> /home/adwin/.cargo/registry/src/mirrors.tuna.tsinghua.edu.cn-4dc01642fd091eda/wgpu-26.0.1/src/api/buffer.rs:432:1
    |
432 | static_assertions::assert_impl_all!(BufferSlice<'_>: Send, Sync);
    | ^^^^^^^^^^^^^^^^^^^^^^^^^^^^^^^^^^^^^^^^^^^^^^^^^^^^^^^^^^^^^^^^ required by this bound in `assert_impl_all`
    = note: this error originates in the macro `static_assertions::assert_impl_all` (in Nightly builds, run with -Z macro-backtrace for more info)

error[E0275]: overflow evaluating the requirement `command_buffer::CommandBuffer: Send`
  --> /home/adwin/.cargo/registry/src/mirrors.tuna.tsinghua.edu.cn-4dc01642fd091eda/wgpu-26.0.1/src/api/command_buffer.rs:15:37
   |
15 | static_assertions::assert_impl_all!(CommandBuffer: Send, Sync);
   |                                     ^^^^^^^^^^^^^
   |
   = help: consider increasing the recursion limit by adding a `#![recursion_limit = "256"]` attribute to your crate (`wgpu`)
note: required by a bound in `command_buffer::_::{closure#0}::assert_impl_all`
  --> /home/adwin/.cargo/registry/src/mirrors.tuna.tsinghua.edu.cn-4dc01642fd091eda/wgpu-26.0.1/src/api/command_buffer.rs:15:1
   |
15 | static_assertions::assert_impl_all!(CommandBuffer: Send, Sync);
   | ^^^^^^^^^^^^^^^^^^^^^^^^^^^^^^^^^^^^^^^^^^^^^^^^^^^^^^^^^^^^^^ required by this bound in `assert_impl_all`
   = note: this error originates in the macro `static_assertions::assert_impl_all` (in Nightly builds, run with -Z macro-backtrace for more info)

error[E0275]: overflow evaluating the requirement `command_buffer::CommandBuffer: Sync`
  --> /home/adwin/.cargo/registry/src/mirrors.tuna.tsinghua.edu.cn-4dc01642fd091eda/wgpu-26.0.1/src/api/command_buffer.rs:15:37
   |
15 | static_assertions::assert_impl_all!(CommandBuffer: Send, Sync);
   |                                     ^^^^^^^^^^^^^
   |
   = help: consider increasing the recursion limit by adding a `#![recursion_limit = "256"]` attribute to your crate (`wgpu`)
note: required by a bound in `command_buffer::_::{closure#0}::assert_impl_all`
  --> /home/adwin/.cargo/registry/src/mirrors.tuna.tsinghua.edu.cn-4dc01642fd091eda/wgpu-26.0.1/src/api/command_buffer.rs:15:1
   |
15 | static_assertions::assert_impl_all!(CommandBuffer: Send, Sync);
   | ^^^^^^^^^^^^^^^^^^^^^^^^^^^^^^^^^^^^^^^^^^^^^^^^^^^^^^^^^^^^^^ required by this bound in `assert_impl_all`
   = note: this error originates in the macro `static_assertions::assert_impl_all` (in Nightly builds, run with -Z macro-backtrace for more info)

error[E0275]: overflow evaluating the requirement `command_encoder::CommandEncoder: Send`
  --> /home/adwin/.cargo/registry/src/mirrors.tuna.tsinghua.edu.cn-4dc01642fd091eda/wgpu-26.0.1/src/api/command_encoder.rs:22:37
   |
22 | static_assertions::assert_impl_all!(CommandEncoder: Send, Sync);
   |                                     ^^^^^^^^^^^^^^
   |
   = help: consider increasing the recursion limit by adding a `#![recursion_limit = "256"]` attribute to your crate (`wgpu`)
note: required by a bound in `command_encoder::_::{closure#0}::assert_impl_all`
  --> /home/adwin/.cargo/registry/src/mirrors.tuna.tsinghua.edu.cn-4dc01642fd091eda/wgpu-26.0.1/src/api/command_encoder.rs:22:1
   |
22 | static_assertions::assert_impl_all!(CommandEncoder: Send, Sync);
   | ^^^^^^^^^^^^^^^^^^^^^^^^^^^^^^^^^^^^^^^^^^^^^^^^^^^^^^^^^^^^^^^ required by this bound in `assert_impl_all`
   = note: this error originates in the macro `static_assertions::assert_impl_all` (in Nightly builds, run with -Z macro-backtrace for more info)

error[E0275]: overflow evaluating the requirement `command_encoder::CommandEncoder: Sync`
  --> /home/adwin/.cargo/registry/src/mirrors.tuna.tsinghua.edu.cn-4dc01642fd091eda/wgpu-26.0.1/src/api/command_encoder.rs:22:37
   |
22 | static_assertions::assert_impl_all!(CommandEncoder: Send, Sync);
   |                                     ^^^^^^^^^^^^^^
   |
   = help: consider increasing the recursion limit by adding a `#![recursion_limit = "256"]` attribute to your crate (`wgpu`)
note: required by a bound in `command_encoder::_::{closure#0}::assert_impl_all`
  --> /home/adwin/.cargo/registry/src/mirrors.tuna.tsinghua.edu.cn-4dc01642fd091eda/wgpu-26.0.1/src/api/command_encoder.rs:22:1
   |
22 | static_assertions::assert_impl_all!(CommandEncoder: Send, Sync);
   | ^^^^^^^^^^^^^^^^^^^^^^^^^^^^^^^^^^^^^^^^^^^^^^^^^^^^^^^^^^^^^^^ required by this bound in `assert_impl_all`
   = note: this error originates in the macro `static_assertions::assert_impl_all` (in Nightly builds, run with -Z macro-backtrace for more info)

error[E0275]: overflow evaluating the requirement `wgt::TexelCopyBufferInfo<&buffer::Buffer>: Send`
  --> /home/adwin/.cargo/registry/src/mirrors.tuna.tsinghua.edu.cn-4dc01642fd091eda/wgpu-26.0.1/src/api/command_encoder.rs:42:37
   |
42 | static_assertions::assert_impl_all!(TexelCopyBufferInfo<'_>: Send, Sync);
   |                                     ^^^^^^^^^^^^^^^^^^^^^^^
   |
   = help: consider increasing the recursion limit by adding a `#![recursion_limit = "256"]` attribute to your crate (`wgpu`)
note: required by a bound in `command_encoder::_::{closure#0}::assert_impl_all`
  --> /home/adwin/.cargo/registry/src/mirrors.tuna.tsinghua.edu.cn-4dc01642fd091eda/wgpu-26.0.1/src/api/command_encoder.rs:42:1
   |
42 | static_assertions::assert_impl_all!(TexelCopyBufferInfo<'_>: Send, Sync);
   | ^^^^^^^^^^^^^^^^^^^^^^^^^^^^^^^^^^^^^^^^^^^^^^^^^^^^^^^^^^^^^^^^^^^^^^^^ required by this bound in `assert_impl_all`
   = note: this error originates in the macro `static_assertions::assert_impl_all` (in Nightly builds, run with -Z macro-backtrace for more info)

error[E0275]: overflow evaluating the requirement `wgt::TexelCopyBufferInfo<&buffer::Buffer>: Sync`
  --> /home/adwin/.cargo/registry/src/mirrors.tuna.tsinghua.edu.cn-4dc01642fd091eda/wgpu-26.0.1/src/api/command_encoder.rs:42:37
   |
42 | static_assertions::assert_impl_all!(TexelCopyBufferInfo<'_>: Send, Sync);
   |                                     ^^^^^^^^^^^^^^^^^^^^^^^
   |
   = help: consider increasing the recursion limit by adding a `#![recursion_limit = "256"]` attribute to your crate (`wgpu`)
note: required by a bound in `command_encoder::_::{closure#0}::assert_impl_all`
  --> /home/adwin/.cargo/registry/src/mirrors.tuna.tsinghua.edu.cn-4dc01642fd091eda/wgpu-26.0.1/src/api/command_encoder.rs:42:1
   |
42 | static_assertions::assert_impl_all!(TexelCopyBufferInfo<'_>: Send, Sync);
   | ^^^^^^^^^^^^^^^^^^^^^^^^^^^^^^^^^^^^^^^^^^^^^^^^^^^^^^^^^^^^^^^^^^^^^^^^ required by this bound in `assert_impl_all`
   = note: this error originates in the macro `static_assertions::assert_impl_all` (in Nightly builds, run with -Z macro-backtrace for more info)

error[E0275]: overflow evaluating the requirement `wgt::TexelCopyTextureInfo<&texture::Texture>: Send`
  --> /home/adwin/.cargo/registry/src/mirrors.tuna.tsinghua.edu.cn-4dc01642fd091eda/wgpu-26.0.1/src/api/command_encoder.rs:51:37
   |
51 | static_assertions::assert_impl_all!(TexelCopyTextureInfo<'_>: Send, Sync);
   |                                     ^^^^^^^^^^^^^^^^^^^^^^^^
   |
   = help: consider increasing the recursion limit by adding a `#![recursion_limit = "256"]` attribute to your crate (`wgpu`)
note: required by a bound in `command_encoder::_::{closure#0}::assert_impl_all`
  --> /home/adwin/.cargo/registry/src/mirrors.tuna.tsinghua.edu.cn-4dc01642fd091eda/wgpu-26.0.1/src/api/command_encoder.rs:51:1
   |
51 | static_assertions::assert_impl_all!(TexelCopyTextureInfo<'_>: Send, Sync);
   | ^^^^^^^^^^^^^^^^^^^^^^^^^^^^^^^^^^^^^^^^^^^^^^^^^^^^^^^^^^^^^^^^^^^^^^^^^ required by this bound in `assert_impl_all`
   = note: this error originates in the macro `static_assertions::assert_impl_all` (in Nightly builds, run with -Z macro-backtrace for more info)

error[E0275]: overflow evaluating the requirement `wgt::TexelCopyTextureInfo<&texture::Texture>: Sync`
  --> /home/adwin/.cargo/registry/src/mirrors.tuna.tsinghua.edu.cn-4dc01642fd091eda/wgpu-26.0.1/src/api/command_encoder.rs:51:37
   |
51 | static_assertions::assert_impl_all!(TexelCopyTextureInfo<'_>: Send, Sync);
   |                                     ^^^^^^^^^^^^^^^^^^^^^^^^
   |
   = help: consider increasing the recursion limit by adding a `#![recursion_limit = "256"]` attribute to your crate (`wgpu`)
note: required by a bound in `command_encoder::_::{closure#0}::assert_impl_all`
  --> /home/adwin/.cargo/registry/src/mirrors.tuna.tsinghua.edu.cn-4dc01642fd091eda/wgpu-26.0.1/src/api/command_encoder.rs:51:1
   |
51 | static_assertions::assert_impl_all!(TexelCopyTextureInfo<'_>: Send, Sync);
   | ^^^^^^^^^^^^^^^^^^^^^^^^^^^^^^^^^^^^^^^^^^^^^^^^^^^^^^^^^^^^^^^^^^^^^^^^^ required by this bound in `assert_impl_all`
   = note: this error originates in the macro `static_assertions::assert_impl_all` (in Nightly builds, run with -Z macro-backtrace for more info)

error[E0275]: overflow evaluating the requirement `compute_pass::ComputePass<'_>: Send`
  --> /home/adwin/.cargo/registry/src/mirrors.tuna.tsinghua.edu.cn-4dc01642fd091eda/wgpu-26.0.1/src/api/compute_pass.rs:20:37
   |
20 | static_assertions::assert_impl_all!(ComputePass<'_>: Send, Sync);
   |                                     ^^^^^^^^^^^^^^^
   |
   = help: consider increasing the recursion limit by adding a `#![recursion_limit = "256"]` attribute to your crate (`wgpu`)
note: required by a bound in `compute_pass::_::{closure#0}::assert_impl_all`
  --> /home/adwin/.cargo/registry/src/mirrors.tuna.tsinghua.edu.cn-4dc01642fd091eda/wgpu-26.0.1/src/api/compute_pass.rs:20:1
   |
20 | static_assertions::assert_impl_all!(ComputePass<'_>: Send, Sync);
   | ^^^^^^^^^^^^^^^^^^^^^^^^^^^^^^^^^^^^^^^^^^^^^^^^^^^^^^^^^^^^^^^^ required by this bound in `assert_impl_all`
   = note: this error originates in the macro `static_assertions::assert_impl_all` (in Nightly builds, run with -Z macro-backtrace for more info)

error[E0275]: overflow evaluating the requirement `compute_pass::ComputePass<'_>: Sync`
  --> /home/adwin/.cargo/registry/src/mirrors.tuna.tsinghua.edu.cn-4dc01642fd091eda/wgpu-26.0.1/src/api/compute_pass.rs:20:37
   |
20 | static_assertions::assert_impl_all!(ComputePass<'_>: Send, Sync);
   |                                     ^^^^^^^^^^^^^^^
   |
   = help: consider increasing the recursion limit by adding a `#![recursion_limit = "256"]` attribute to your crate (`wgpu`)
note: required by a bound in `compute_pass::_::{closure#0}::assert_impl_all`
  --> /home/adwin/.cargo/registry/src/mirrors.tuna.tsinghua.edu.cn-4dc01642fd091eda/wgpu-26.0.1/src/api/compute_pass.rs:20:1
   |
20 | static_assertions::assert_impl_all!(ComputePass<'_>: Send, Sync);
   | ^^^^^^^^^^^^^^^^^^^^^^^^^^^^^^^^^^^^^^^^^^^^^^^^^^^^^^^^^^^^^^^^ required by this bound in `assert_impl_all`
   = note: this error originates in the macro `static_assertions::assert_impl_all` (in Nightly builds, run with -Z macro-backtrace for more info)

error[E0275]: overflow evaluating the requirement `ComputePassTimestampWrites<'_>: Send`
   --> /home/adwin/.cargo/registry/src/mirrors.tuna.tsinghua.edu.cn-4dc01642fd091eda/wgpu-26.0.1/src/api/compute_pass.rs:166:37
    |
166 | static_assertions::assert_impl_all!(ComputePassTimestampWrites<'_>: Send, Sync);
    |                                     ^^^^^^^^^^^^^^^^^^^^^^^^^^^^^^
    |
    = help: consider increasing the recursion limit by adding a `#![recursion_limit = "256"]` attribute to your crate (`wgpu`)
note: required by a bound in `compute_pass::_::{closure#0}::assert_impl_all`
   --> /home/adwin/.cargo/registry/src/mirrors.tuna.tsinghua.edu.cn-4dc01642fd091eda/wgpu-26.0.1/src/api/compute_pass.rs:166:1
    |
166 | static_assertions::assert_impl_all!(ComputePassTimestampWrites<'_>: Send, Sync);
    | ^^^^^^^^^^^^^^^^^^^^^^^^^^^^^^^^^^^^^^^^^^^^^^^^^^^^^^^^^^^^^^^^^^^^^^^^^^^^^^^ required by this bound in `assert_impl_all`
    = note: this error originates in the macro `static_assertions::assert_impl_all` (in Nightly builds, run with -Z macro-backtrace for more info)

error[E0275]: overflow evaluating the requirement `ComputePassTimestampWrites<'_>: Sync`
   --> /home/adwin/.cargo/registry/src/mirrors.tuna.tsinghua.edu.cn-4dc01642fd091eda/wgpu-26.0.1/src/api/compute_pass.rs:166:37
    |
166 | static_assertions::assert_impl_all!(ComputePassTimestampWrites<'_>: Send, Sync);
    |                                     ^^^^^^^^^^^^^^^^^^^^^^^^^^^^^^
    |
    = help: consider increasing the recursion limit by adding a `#![recursion_limit = "256"]` attribute to your crate (`wgpu`)
note: required by a bound in `compute_pass::_::{closure#0}::assert_impl_all`
   --> /home/adwin/.cargo/registry/src/mirrors.tuna.tsinghua.edu.cn-4dc01642fd091eda/wgpu-26.0.1/src/api/compute_pass.rs:166:1
    |
166 | static_assertions::assert_impl_all!(ComputePassTimestampWrites<'_>: Send, Sync);
    | ^^^^^^^^^^^^^^^^^^^^^^^^^^^^^^^^^^^^^^^^^^^^^^^^^^^^^^^^^^^^^^^^^^^^^^^^^^^^^^^ required by this bound in `assert_impl_all`
    = note: this error originates in the macro `static_assertions::assert_impl_all` (in Nightly builds, run with -Z macro-backtrace for more info)

error[E0275]: overflow evaluating the requirement `compute_pass::ComputePassDescriptor<'_>: Send`
   --> /home/adwin/.cargo/registry/src/mirrors.tuna.tsinghua.edu.cn-4dc01642fd091eda/wgpu-26.0.1/src/api/compute_pass.rs:184:37
    |
184 | static_assertions::assert_impl_all!(ComputePassDescriptor<'_>: Send, Sync);
    |                                     ^^^^^^^^^^^^^^^^^^^^^^^^^
    |
    = help: consider increasing the recursion limit by adding a `#![recursion_limit = "256"]` attribute to your crate (`wgpu`)
note: required by a bound in `compute_pass::_::{closure#0}::assert_impl_all`
   --> /home/adwin/.cargo/registry/src/mirrors.tuna.tsinghua.edu.cn-4dc01642fd091eda/wgpu-26.0.1/src/api/compute_pass.rs:184:1
    |
184 | static_assertions::assert_impl_all!(ComputePassDescriptor<'_>: Send, Sync);
    | ^^^^^^^^^^^^^^^^^^^^^^^^^^^^^^^^^^^^^^^^^^^^^^^^^^^^^^^^^^^^^^^^^^^^^^^^^^ required by this bound in `assert_impl_all`
    = note: this error originates in the macro `static_assertions::assert_impl_all` (in Nightly builds, run with -Z macro-backtrace for more info)

error[E0275]: overflow evaluating the requirement `compute_pass::ComputePassDescriptor<'_>: Sync`
   --> /home/adwin/.cargo/registry/src/mirrors.tuna.tsinghua.edu.cn-4dc01642fd091eda/wgpu-26.0.1/src/api/compute_pass.rs:184:37
    |
184 | static_assertions::assert_impl_all!(ComputePassDescriptor<'_>: Send, Sync);
    |                                     ^^^^^^^^^^^^^^^^^^^^^^^^^
    |
    = help: consider increasing the recursion limit by adding a `#![recursion_limit = "256"]` attribute to your crate (`wgpu`)
note: required by a bound in `compute_pass::_::{closure#0}::assert_impl_all`
   --> /home/adwin/.cargo/registry/src/mirrors.tuna.tsinghua.edu.cn-4dc01642fd091eda/wgpu-26.0.1/src/api/compute_pass.rs:184:1
    |
184 | static_assertions::assert_impl_all!(ComputePassDescriptor<'_>: Send, Sync);
    | ^^^^^^^^^^^^^^^^^^^^^^^^^^^^^^^^^^^^^^^^^^^^^^^^^^^^^^^^^^^^^^^^^^^^^^^^^^ required by this bound in `assert_impl_all`
    = note: this error originates in the macro `static_assertions::assert_impl_all` (in Nightly builds, run with -Z macro-backtrace for more info)

error[E0275]: overflow evaluating the requirement `compute_pipeline::ComputePipeline: Send`
  --> /home/adwin/.cargo/registry/src/mirrors.tuna.tsinghua.edu.cn-4dc01642fd091eda/wgpu-26.0.1/src/api/compute_pipeline.rs:14:37
   |
14 | static_assertions::assert_impl_all!(ComputePipeline: Send, Sync);
   |                                     ^^^^^^^^^^^^^^^
   |
   = help: consider increasing the recursion limit by adding a `#![recursion_limit = "256"]` attribute to your crate (`wgpu`)
note: required by a bound in `compute_pipeline::_::{closure#0}::assert_impl_all`
  --> /home/adwin/.cargo/registry/src/mirrors.tuna.tsinghua.edu.cn-4dc01642fd091eda/wgpu-26.0.1/src/api/compute_pipeline.rs:14:1
   |
14 | static_assertions::assert_impl_all!(ComputePipeline: Send, Sync);
   | ^^^^^^^^^^^^^^^^^^^^^^^^^^^^^^^^^^^^^^^^^^^^^^^^^^^^^^^^^^^^^^^^ required by this bound in `assert_impl_all`
   = note: this error originates in the macro `static_assertions::assert_impl_all` (in Nightly builds, run with -Z macro-backtrace for more info)

error[E0275]: overflow evaluating the requirement `compute_pipeline::ComputePipeline: Sync`
  --> /home/adwin/.cargo/registry/src/mirrors.tuna.tsinghua.edu.cn-4dc01642fd091eda/wgpu-26.0.1/src/api/compute_pipeline.rs:14:37
   |
14 | static_assertions::assert_impl_all!(ComputePipeline: Send, Sync);
   |                                     ^^^^^^^^^^^^^^^
   |
   = help: consider increasing the recursion limit by adding a `#![recursion_limit = "256"]` attribute to your crate (`wgpu`)
note: required by a bound in `compute_pipeline::_::{closure#0}::assert_impl_all`
  --> /home/adwin/.cargo/registry/src/mirrors.tuna.tsinghua.edu.cn-4dc01642fd091eda/wgpu-26.0.1/src/api/compute_pipeline.rs:14:1
   |
14 | static_assertions::assert_impl_all!(ComputePipeline: Send, Sync);
   | ^^^^^^^^^^^^^^^^^^^^^^^^^^^^^^^^^^^^^^^^^^^^^^^^^^^^^^^^^^^^^^^^ required by this bound in `assert_impl_all`
   = note: this error originates in the macro `static_assertions::assert_impl_all` (in Nightly builds, run with -Z macro-backtrace for more info)

error[E0275]: overflow evaluating the requirement `compute_pipeline::ComputePipelineDescriptor<'_>: Send`
  --> /home/adwin/.cargo/registry/src/mirrors.tuna.tsinghua.edu.cn-4dc01642fd091eda/wgpu-26.0.1/src/api/compute_pipeline.rs:87:37
   |
87 | static_assertions::assert_impl_all!(ComputePipelineDescriptor<'_>: Send, Sync);
   |                                     ^^^^^^^^^^^^^^^^^^^^^^^^^^^^^
   |
   = help: consider increasing the recursion limit by adding a `#![recursion_limit = "256"]` attribute to your crate (`wgpu`)
note: required by a bound in `compute_pipeline::_::{closure#0}::assert_impl_all`
  --> /home/adwin/.cargo/registry/src/mirrors.tuna.tsinghua.edu.cn-4dc01642fd091eda/wgpu-26.0.1/src/api/compute_pipeline.rs:87:1
   |
87 | static_assertions::assert_impl_all!(ComputePipelineDescriptor<'_>: Send, Sync);
   | ^^^^^^^^^^^^^^^^^^^^^^^^^^^^^^^^^^^^^^^^^^^^^^^^^^^^^^^^^^^^^^^^^^^^^^^^^^^^^^ required by this bound in `assert_impl_all`
   = note: this error originates in the macro `static_assertions::assert_impl_all` (in Nightly builds, run with -Z macro-backtrace for more info)

error[E0275]: overflow evaluating the requirement `compute_pipeline::ComputePipelineDescriptor<'_>: Sync`
  --> /home/adwin/.cargo/registry/src/mirrors.tuna.tsinghua.edu.cn-4dc01642fd091eda/wgpu-26.0.1/src/api/compute_pipeline.rs:87:37
   |
87 | static_assertions::assert_impl_all!(ComputePipelineDescriptor<'_>: Send, Sync);
   |                                     ^^^^^^^^^^^^^^^^^^^^^^^^^^^^^
   |
   = help: consider increasing the recursion limit by adding a `#![recursion_limit = "256"]` attribute to your crate (`wgpu`)
note: required by a bound in `compute_pipeline::_::{closure#0}::assert_impl_all`
  --> /home/adwin/.cargo/registry/src/mirrors.tuna.tsinghua.edu.cn-4dc01642fd091eda/wgpu-26.0.1/src/api/compute_pipeline.rs:87:1
   |
87 | static_assertions::assert_impl_all!(ComputePipelineDescriptor<'_>: Send, Sync);
   | ^^^^^^^^^^^^^^^^^^^^^^^^^^^^^^^^^^^^^^^^^^^^^^^^^^^^^^^^^^^^^^^^^^^^^^^^^^^^^^ required by this bound in `assert_impl_all`
   = note: this error originates in the macro `static_assertions::assert_impl_all` (in Nightly builds, run with -Z macro-backtrace for more info)

error[E0275]: overflow evaluating the requirement `api::device::Device: Send`
  --> /home/adwin/.cargo/registry/src/mirrors.tuna.tsinghua.edu.cn-4dc01642fd091eda/wgpu-26.0.1/src/api/device.rs:24:37
   |
24 | static_assertions::assert_impl_all!(Device: Send, Sync);
   |                                     ^^^^^^
   |
   = help: consider increasing the recursion limit by adding a `#![recursion_limit = "256"]` attribute to your crate (`wgpu`)
note: required by a bound in `api::device::_::{closure#0}::assert_impl_all`
  --> /home/adwin/.cargo/registry/src/mirrors.tuna.tsinghua.edu.cn-4dc01642fd091eda/wgpu-26.0.1/src/api/device.rs:24:1
   |
24 | static_assertions::assert_impl_all!(Device: Send, Sync);
   | ^^^^^^^^^^^^^^^^^^^^^^^^^^^^^^^^^^^^^^^^^^^^^^^^^^^^^^^ required by this bound in `assert_impl_all`
   = note: this error originates in the macro `static_assertions::assert_impl_all` (in Nightly builds, run with -Z macro-backtrace for more info)

error[E0275]: overflow evaluating the requirement `api::device::Device: Sync`
  --> /home/adwin/.cargo/registry/src/mirrors.tuna.tsinghua.edu.cn-4dc01642fd091eda/wgpu-26.0.1/src/api/device.rs:24:37
   |
24 | static_assertions::assert_impl_all!(Device: Send, Sync);
   |                                     ^^^^^^
   |
   = help: consider increasing the recursion limit by adding a `#![recursion_limit = "256"]` attribute to your crate (`wgpu`)
note: required by a bound in `api::device::_::{closure#0}::assert_impl_all`
  --> /home/adwin/.cargo/registry/src/mirrors.tuna.tsinghua.edu.cn-4dc01642fd091eda/wgpu-26.0.1/src/api/device.rs:24:1
   |
24 | static_assertions::assert_impl_all!(Device: Send, Sync);
   | ^^^^^^^^^^^^^^^^^^^^^^^^^^^^^^^^^^^^^^^^^^^^^^^^^^^^^^^ required by this bound in `assert_impl_all`
   = note: this error originates in the macro `static_assertions::assert_impl_all` (in Nightly builds, run with -Z macro-backtrace for more info)

error[E0275]: overflow evaluating the requirement `api::instance::Instance: Send`
  --> /home/adwin/.cargo/registry/src/mirrors.tuna.tsinghua.edu.cn-4dc01642fd091eda/wgpu-26.0.1/src/api/instance.rs:37:37
   |
37 | static_assertions::assert_impl_all!(Instance: Send, Sync);
   |                                     ^^^^^^^^
   |
   = help: consider increasing the recursion limit by adding a `#![recursion_limit = "256"]` attribute to your crate (`wgpu`)
note: required by a bound in `api::instance::_::{closure#0}::assert_impl_all`
  --> /home/adwin/.cargo/registry/src/mirrors.tuna.tsinghua.edu.cn-4dc01642fd091eda/wgpu-26.0.1/src/api/instance.rs:37:1
   |
37 | static_assertions::assert_impl_all!(Instance: Send, Sync);
   | ^^^^^^^^^^^^^^^^^^^^^^^^^^^^^^^^^^^^^^^^^^^^^^^^^^^^^^^^^ required by this bound in `assert_impl_all`
   = note: this error originates in the macro `static_assertions::assert_impl_all` (in Nightly builds, run with -Z macro-backtrace for more info)

error[E0275]: overflow evaluating the requirement `api::instance::Instance: Sync`
  --> /home/adwin/.cargo/registry/src/mirrors.tuna.tsinghua.edu.cn-4dc01642fd091eda/wgpu-26.0.1/src/api/instance.rs:37:37
   |
37 | static_assertions::assert_impl_all!(Instance: Send, Sync);
   |                                     ^^^^^^^^
   |
   = help: consider increasing the recursion limit by adding a `#![recursion_limit = "256"]` attribute to your crate (`wgpu`)
note: required by a bound in `api::instance::_::{closure#0}::assert_impl_all`
  --> /home/adwin/.cargo/registry/src/mirrors.tuna.tsinghua.edu.cn-4dc01642fd091eda/wgpu-26.0.1/src/api/instance.rs:37:1
   |
37 | static_assertions::assert_impl_all!(Instance: Send, Sync);
   | ^^^^^^^^^^^^^^^^^^^^^^^^^^^^^^^^^^^^^^^^^^^^^^^^^^^^^^^^^ required by this bound in `assert_impl_all`
   = note: this error originates in the macro `static_assertions::assert_impl_all` (in Nightly builds, run with -Z macro-backtrace for more info)

error[E0275]: overflow evaluating the requirement `wgpu_core::ContextWgpuCore: CommonTraits`
   --> /home/adwin/.cargo/registry/src/mirrors.tuna.tsinghua.edu.cn-4dc01642fd091eda/wgpu-26.0.1/src/api/instance.rs:139:24
    |
139 |                 inner: crate::backend::ContextWgpuCore::new(_instance_desc).into(),
    |                        ^^^^^^^^^^^^^^^^^^^^^^^^^^^^^^^
    |
    = help: consider increasing the recursion limit by adding a `#![recursion_limit = "256"]` attribute to your crate (`wgpu`)
note: required by a bound in `InstanceInterface::new`
   --> /home/adwin/.cargo/registry/src/mirrors.tuna.tsinghua.edu.cn-4dc01642fd091eda/wgpu-26.0.1/src/dispatch.rs:77:30
    |
 77 | pub trait InstanceInterface: CommonTraits {
    |                              ^^^^^^^^^^^^ required by this bound in `InstanceInterface::new`
 78 |     fn new(desc: &crate::InstanceDescriptor) -> Self
    |        --- required by a bound in this associated function

error[E0275]: overflow evaluating the requirement `pipeline_cache::PipelineCache: Send`
  --> /home/adwin/.cargo/registry/src/mirrors.tuna.tsinghua.edu.cn-4dc01642fd091eda/wgpu-26.0.1/src/api/pipeline_cache.rs:76:37
   |
76 | static_assertions::assert_impl_all!(PipelineCache: Send, Sync);
   |                                     ^^^^^^^^^^^^^
   |
   = help: consider increasing the recursion limit by adding a `#![recursion_limit = "256"]` attribute to your crate (`wgpu`)
note: required by a bound in `pipeline_cache::_::{closure#0}::assert_impl_all`
  --> /home/adwin/.cargo/registry/src/mirrors.tuna.tsinghua.edu.cn-4dc01642fd091eda/wgpu-26.0.1/src/api/pipeline_cache.rs:76:1
   |
76 | static_assertions::assert_impl_all!(PipelineCache: Send, Sync);
   | ^^^^^^^^^^^^^^^^^^^^^^^^^^^^^^^^^^^^^^^^^^^^^^^^^^^^^^^^^^^^^^ required by this bound in `assert_impl_all`
   = note: this error originates in the macro `static_assertions::assert_impl_all` (in Nightly builds, run with -Z macro-backtrace for more info)

error[E0275]: overflow evaluating the requirement `pipeline_cache::PipelineCache: Sync`
  --> /home/adwin/.cargo/registry/src/mirrors.tuna.tsinghua.edu.cn-4dc01642fd091eda/wgpu-26.0.1/src/api/pipeline_cache.rs:76:37
   |
76 | static_assertions::assert_impl_all!(PipelineCache: Send, Sync);
   |                                     ^^^^^^^^^^^^^
   |
   = help: consider increasing the recursion limit by adding a `#![recursion_limit = "256"]` attribute to your crate (`wgpu`)
note: required by a bound in `pipeline_cache::_::{closure#0}::assert_impl_all`
  --> /home/adwin/.cargo/registry/src/mirrors.tuna.tsinghua.edu.cn-4dc01642fd091eda/wgpu-26.0.1/src/api/pipeline_cache.rs:76:1
   |
76 | static_assertions::assert_impl_all!(PipelineCache: Send, Sync);
   | ^^^^^^^^^^^^^^^^^^^^^^^^^^^^^^^^^^^^^^^^^^^^^^^^^^^^^^^^^^^^^^ required by this bound in `assert_impl_all`
   = note: this error originates in the macro `static_assertions::assert_impl_all` (in Nightly builds, run with -Z macro-backtrace for more info)

error[E0275]: overflow evaluating the requirement `pipeline_layout::PipelineLayout: Send`
  --> /home/adwin/.cargo/registry/src/mirrors.tuna.tsinghua.edu.cn-4dc01642fd091eda/wgpu-26.0.1/src/api/pipeline_layout.rs:14:37
   |
14 | static_assertions::assert_impl_all!(PipelineLayout: Send, Sync);
   |                                     ^^^^^^^^^^^^^^
   |
   = help: consider increasing the recursion limit by adding a `#![recursion_limit = "256"]` attribute to your crate (`wgpu`)
note: required by a bound in `pipeline_layout::_::{closure#0}::assert_impl_all`
  --> /home/adwin/.cargo/registry/src/mirrors.tuna.tsinghua.edu.cn-4dc01642fd091eda/wgpu-26.0.1/src/api/pipeline_layout.rs:14:1
   |
14 | static_assertions::assert_impl_all!(PipelineLayout: Send, Sync);
   | ^^^^^^^^^^^^^^^^^^^^^^^^^^^^^^^^^^^^^^^^^^^^^^^^^^^^^^^^^^^^^^^ required by this bound in `assert_impl_all`
   = note: this error originates in the macro `static_assertions::assert_impl_all` (in Nightly builds, run with -Z macro-backtrace for more info)

error[E0275]: overflow evaluating the requirement `pipeline_layout::PipelineLayout: Sync`
  --> /home/adwin/.cargo/registry/src/mirrors.tuna.tsinghua.edu.cn-4dc01642fd091eda/wgpu-26.0.1/src/api/pipeline_layout.rs:14:37
   |
14 | static_assertions::assert_impl_all!(PipelineLayout: Send, Sync);
   |                                     ^^^^^^^^^^^^^^
   |
   = help: consider increasing the recursion limit by adding a `#![recursion_limit = "256"]` attribute to your crate (`wgpu`)
note: required by a bound in `pipeline_layout::_::{closure#0}::assert_impl_all`
  --> /home/adwin/.cargo/registry/src/mirrors.tuna.tsinghua.edu.cn-4dc01642fd091eda/wgpu-26.0.1/src/api/pipeline_layout.rs:14:1
   |
14 | static_assertions::assert_impl_all!(PipelineLayout: Send, Sync);
   | ^^^^^^^^^^^^^^^^^^^^^^^^^^^^^^^^^^^^^^^^^^^^^^^^^^^^^^^^^^^^^^^ required by this bound in `assert_impl_all`
   = note: this error originates in the macro `static_assertions::assert_impl_all` (in Nightly builds, run with -Z macro-backtrace for more info)

error[E0275]: overflow evaluating the requirement `pipeline_layout::PipelineLayoutDescriptor<'_>: Send`
  --> /home/adwin/.cargo/registry/src/mirrors.tuna.tsinghua.edu.cn-4dc01642fd091eda/wgpu-26.0.1/src/api/pipeline_layout.rs:47:37
   |
47 | static_assertions::assert_impl_all!(PipelineLayoutDescriptor<'_>: Send, Sync);
   |                                     ^^^^^^^^^^^^^^^^^^^^^^^^^^^^
   |
   = help: consider increasing the recursion limit by adding a `#![recursion_limit = "256"]` attribute to your crate (`wgpu`)
note: required by a bound in `pipeline_layout::_::{closure#0}::assert_impl_all`
  --> /home/adwin/.cargo/registry/src/mirrors.tuna.tsinghua.edu.cn-4dc01642fd091eda/wgpu-26.0.1/src/api/pipeline_layout.rs:47:1
   |
47 | static_assertions::assert_impl_all!(PipelineLayoutDescriptor<'_>: Send, Sync);
   | ^^^^^^^^^^^^^^^^^^^^^^^^^^^^^^^^^^^^^^^^^^^^^^^^^^^^^^^^^^^^^^^^^^^^^^^^^^^^^ required by this bound in `assert_impl_all`
   = note: this error originates in the macro `static_assertions::assert_impl_all` (in Nightly builds, run with -Z macro-backtrace for more info)

error[E0275]: overflow evaluating the requirement `pipeline_layout::PipelineLayoutDescriptor<'_>: Sync`
  --> /home/adwin/.cargo/registry/src/mirrors.tuna.tsinghua.edu.cn-4dc01642fd091eda/wgpu-26.0.1/src/api/pipeline_layout.rs:47:37
   |
47 | static_assertions::assert_impl_all!(PipelineLayoutDescriptor<'_>: Send, Sync);
   |                                     ^^^^^^^^^^^^^^^^^^^^^^^^^^^^
   |
   = help: consider increasing the recursion limit by adding a `#![recursion_limit = "256"]` attribute to your crate (`wgpu`)
note: required by a bound in `pipeline_layout::_::{closure#0}::assert_impl_all`
  --> /home/adwin/.cargo/registry/src/mirrors.tuna.tsinghua.edu.cn-4dc01642fd091eda/wgpu-26.0.1/src/api/pipeline_layout.rs:47:1
   |
47 | static_assertions::assert_impl_all!(PipelineLayoutDescriptor<'_>: Send, Sync);
   | ^^^^^^^^^^^^^^^^^^^^^^^^^^^^^^^^^^^^^^^^^^^^^^^^^^^^^^^^^^^^^^^^^^^^^^^^^^^^^ required by this bound in `assert_impl_all`
   = note: this error originates in the macro `static_assertions::assert_impl_all` (in Nightly builds, run with -Z macro-backtrace for more info)

error[E0275]: overflow evaluating the requirement `query_set::QuerySet: Send`
  --> /home/adwin/.cargo/registry/src/mirrors.tuna.tsinghua.edu.cn-4dc01642fd091eda/wgpu-26.0.1/src/api/query_set.rs:14:37
   |
14 | static_assertions::assert_impl_all!(QuerySet: Send, Sync);
   |                                     ^^^^^^^^
   |
   = help: consider increasing the recursion limit by adding a `#![recursion_limit = "256"]` attribute to your crate (`wgpu`)
note: required by a bound in `query_set::_::{closure#0}::assert_impl_all`
  --> /home/adwin/.cargo/registry/src/mirrors.tuna.tsinghua.edu.cn-4dc01642fd091eda/wgpu-26.0.1/src/api/query_set.rs:14:1
   |
14 | static_assertions::assert_impl_all!(QuerySet: Send, Sync);
   | ^^^^^^^^^^^^^^^^^^^^^^^^^^^^^^^^^^^^^^^^^^^^^^^^^^^^^^^^^ required by this bound in `assert_impl_all`
   = note: this error originates in the macro `static_assertions::assert_impl_all` (in Nightly builds, run with -Z macro-backtrace for more info)

error[E0275]: overflow evaluating the requirement `query_set::QuerySet: Sync`
  --> /home/adwin/.cargo/registry/src/mirrors.tuna.tsinghua.edu.cn-4dc01642fd091eda/wgpu-26.0.1/src/api/query_set.rs:14:37
   |
14 | static_assertions::assert_impl_all!(QuerySet: Send, Sync);
   |                                     ^^^^^^^^
   |
   = help: consider increasing the recursion limit by adding a `#![recursion_limit = "256"]` attribute to your crate (`wgpu`)
note: required by a bound in `query_set::_::{closure#0}::assert_impl_all`
  --> /home/adwin/.cargo/registry/src/mirrors.tuna.tsinghua.edu.cn-4dc01642fd091eda/wgpu-26.0.1/src/api/query_set.rs:14:1
   |
14 | static_assertions::assert_impl_all!(QuerySet: Send, Sync);
   | ^^^^^^^^^^^^^^^^^^^^^^^^^^^^^^^^^^^^^^^^^^^^^^^^^^^^^^^^^ required by this bound in `assert_impl_all`
   = note: this error originates in the macro `static_assertions::assert_impl_all` (in Nightly builds, run with -Z macro-backtrace for more info)

error[E0275]: overflow evaluating the requirement `api::queue::Queue: Send`
  --> /home/adwin/.cargo/registry/src/mirrors.tuna.tsinghua.edu.cn-4dc01642fd091eda/wgpu-26.0.1/src/api/queue.rs:18:37
   |
18 | static_assertions::assert_impl_all!(Queue: Send, Sync);
   |                                     ^^^^^
   |
   = help: consider increasing the recursion limit by adding a `#![recursion_limit = "256"]` attribute to your crate (`wgpu`)
note: required by a bound in `api::queue::_::{closure#0}::assert_impl_all`
  --> /home/adwin/.cargo/registry/src/mirrors.tuna.tsinghua.edu.cn-4dc01642fd091eda/wgpu-26.0.1/src/api/queue.rs:18:1
   |
18 | static_assertions::assert_impl_all!(Queue: Send, Sync);
   | ^^^^^^^^^^^^^^^^^^^^^^^^^^^^^^^^^^^^^^^^^^^^^^^^^^^^^^ required by this bound in `assert_impl_all`
   = note: this error originates in the macro `static_assertions::assert_impl_all` (in Nightly builds, run with -Z macro-backtrace for more info)

error[E0275]: overflow evaluating the requirement `api::queue::Queue: Sync`
  --> /home/adwin/.cargo/registry/src/mirrors.tuna.tsinghua.edu.cn-4dc01642fd091eda/wgpu-26.0.1/src/api/queue.rs:18:37
   |
18 | static_assertions::assert_impl_all!(Queue: Send, Sync);
   |                                     ^^^^^
   |
   = help: consider increasing the recursion limit by adding a `#![recursion_limit = "256"]` attribute to your crate (`wgpu`)
note: required by a bound in `api::queue::_::{closure#0}::assert_impl_all`
  --> /home/adwin/.cargo/registry/src/mirrors.tuna.tsinghua.edu.cn-4dc01642fd091eda/wgpu-26.0.1/src/api/queue.rs:18:1
   |
18 | static_assertions::assert_impl_all!(Queue: Send, Sync);
   | ^^^^^^^^^^^^^^^^^^^^^^^^^^^^^^^^^^^^^^^^^^^^^^^^^^^^^^ required by this bound in `assert_impl_all`
   = note: this error originates in the macro `static_assertions::assert_impl_all` (in Nightly builds, run with -Z macro-backtrace for more info)

error[E0275]: overflow evaluating the requirement `QueueWriteBufferView<'_>: Send`
  --> /home/adwin/.cargo/registry/src/mirrors.tuna.tsinghua.edu.cn-4dc01642fd091eda/wgpu-26.0.1/src/api/queue.rs:68:37
   |
68 | static_assertions::assert_impl_all!(QueueWriteBufferView<'_>: Send, Sync);
   |                                     ^^^^^^^^^^^^^^^^^^^^^^^^
   |
   = help: consider increasing the recursion limit by adding a `#![recursion_limit = "256"]` attribute to your crate (`wgpu`)
note: required by a bound in `api::queue::_::{closure#0}::assert_impl_all`
  --> /home/adwin/.cargo/registry/src/mirrors.tuna.tsinghua.edu.cn-4dc01642fd091eda/wgpu-26.0.1/src/api/queue.rs:68:1
   |
68 | static_assertions::assert_impl_all!(QueueWriteBufferView<'_>: Send, Sync);
   | ^^^^^^^^^^^^^^^^^^^^^^^^^^^^^^^^^^^^^^^^^^^^^^^^^^^^^^^^^^^^^^^^^^^^^^^^^ required by this bound in `assert_impl_all`
   = note: this error originates in the macro `static_assertions::assert_impl_all` (in Nightly builds, run with -Z macro-backtrace for more info)

error[E0275]: overflow evaluating the requirement `QueueWriteBufferView<'_>: Sync`
  --> /home/adwin/.cargo/registry/src/mirrors.tuna.tsinghua.edu.cn-4dc01642fd091eda/wgpu-26.0.1/src/api/queue.rs:68:37
   |
68 | static_assertions::assert_impl_all!(QueueWriteBufferView<'_>: Send, Sync);
   |                                     ^^^^^^^^^^^^^^^^^^^^^^^^
   |
   = help: consider increasing the recursion limit by adding a `#![recursion_limit = "256"]` attribute to your crate (`wgpu`)
note: required by a bound in `api::queue::_::{closure#0}::assert_impl_all`
  --> /home/adwin/.cargo/registry/src/mirrors.tuna.tsinghua.edu.cn-4dc01642fd091eda/wgpu-26.0.1/src/api/queue.rs:68:1
   |
68 | static_assertions::assert_impl_all!(QueueWriteBufferView<'_>: Send, Sync);
   | ^^^^^^^^^^^^^^^^^^^^^^^^^^^^^^^^^^^^^^^^^^^^^^^^^^^^^^^^^^^^^^^^^^^^^^^^^ required by this bound in `assert_impl_all`
   = note: this error originates in the macro `static_assertions::assert_impl_all` (in Nightly builds, run with -Z macro-backtrace for more info)

error[E0275]: overflow evaluating the requirement `wgpu_core::CoreRenderBundleEncoder: CommonTraits`
   --> /home/adwin/.cargo/registry/src/mirrors.tuna.tsinghua.edu.cn-4dc01642fd091eda/wgpu-26.0.1/src/api/render_bundle_encoder.rs:57:65
    |
 57 |             dispatch::DispatchRenderBundleEncoder::Core(b) => b.finish(desc),
    |                                                                 ^^^^^^
    |
    = help: consider increasing the recursion limit by adding a `#![recursion_limit = "256"]` attribute to your crate (`wgpu`)
note: required by a bound in `RenderBundleEncoderInterface::finish`
   --> /home/adwin/.cargo/registry/src/mirrors.tuna.tsinghua.edu.cn-4dc01642fd091eda/wgpu-26.0.1/src/dispatch.rs:470:41
    |
470 | pub trait RenderBundleEncoderInterface: CommonTraits {
    |                                         ^^^^^^^^^^^^ required by this bound in `RenderBundleEncoderInterface::finish`
...
507 |     fn finish(self, desc: &crate::RenderBundleDescriptor<'_>) -> DispatchRenderBundle
    |        ------ required by a bound in this associated function

error[E0275]: overflow evaluating the requirement `render_pass::RenderPass<'_>: Send`
  --> /home/adwin/.cargo/registry/src/mirrors.tuna.tsinghua.edu.cn-4dc01642fd091eda/wgpu-26.0.1/src/api/render_pass.rs:35:37
   |
35 | static_assertions::assert_impl_all!(RenderPass<'_>: Send, Sync);
   |                                     ^^^^^^^^^^^^^^
   |
   = help: consider increasing the recursion limit by adding a `#![recursion_limit = "256"]` attribute to your crate (`wgpu`)
note: required by a bound in `render_pass::_::{closure#0}::assert_impl_all`
  --> /home/adwin/.cargo/registry/src/mirrors.tuna.tsinghua.edu.cn-4dc01642fd091eda/wgpu-26.0.1/src/api/render_pass.rs:35:1
   |
35 | static_assertions::assert_impl_all!(RenderPass<'_>: Send, Sync);
   | ^^^^^^^^^^^^^^^^^^^^^^^^^^^^^^^^^^^^^^^^^^^^^^^^^^^^^^^^^^^^^^^ required by this bound in `assert_impl_all`
   = note: this error originates in the macro `static_assertions::assert_impl_all` (in Nightly builds, run with -Z macro-backtrace for more info)

error[E0275]: overflow evaluating the requirement `render_pass::RenderPass<'_>: Sync`
  --> /home/adwin/.cargo/registry/src/mirrors.tuna.tsinghua.edu.cn-4dc01642fd091eda/wgpu-26.0.1/src/api/render_pass.rs:35:37
   |
35 | static_assertions::assert_impl_all!(RenderPass<'_>: Send, Sync);
   |                                     ^^^^^^^^^^^^^^
   |
   = help: consider increasing the recursion limit by adding a `#![recursion_limit = "256"]` attribute to your crate (`wgpu`)
note: required by a bound in `render_pass::_::{closure#0}::assert_impl_all`
  --> /home/adwin/.cargo/registry/src/mirrors.tuna.tsinghua.edu.cn-4dc01642fd091eda/wgpu-26.0.1/src/api/render_pass.rs:35:1
   |
35 | static_assertions::assert_impl_all!(RenderPass<'_>: Send, Sync);
   | ^^^^^^^^^^^^^^^^^^^^^^^^^^^^^^^^^^^^^^^^^^^^^^^^^^^^^^^^^^^^^^^ required by this bound in `assert_impl_all`
   = note: this error originates in the macro `static_assertions::assert_impl_all` (in Nightly builds, run with -Z macro-backtrace for more info)

error[E0275]: overflow evaluating the requirement `RenderPassTimestampWrites<'_>: Send`
   --> /home/adwin/.cargo/registry/src/mirrors.tuna.tsinghua.edu.cn-4dc01642fd091eda/wgpu-26.0.1/src/api/render_pass.rs:513:37
    |
513 | static_assertions::assert_impl_all!(RenderPassTimestampWrites<'_>: Send, Sync);
    |                                     ^^^^^^^^^^^^^^^^^^^^^^^^^^^^^
    |
    = help: consider increasing the recursion limit by adding a `#![recursion_limit = "256"]` attribute to your crate (`wgpu`)
note: required by a bound in `render_pass::_::{closure#0}::assert_impl_all`
   --> /home/adwin/.cargo/registry/src/mirrors.tuna.tsinghua.edu.cn-4dc01642fd091eda/wgpu-26.0.1/src/api/render_pass.rs:513:1
    |
513 | static_assertions::assert_impl_all!(RenderPassTimestampWrites<'_>: Send, Sync);
    | ^^^^^^^^^^^^^^^^^^^^^^^^^^^^^^^^^^^^^^^^^^^^^^^^^^^^^^^^^^^^^^^^^^^^^^^^^^^^^^ required by this bound in `assert_impl_all`
    = note: this error originates in the macro `static_assertions::assert_impl_all` (in Nightly builds, run with -Z macro-backtrace for more info)

error[E0275]: overflow evaluating the requirement `RenderPassTimestampWrites<'_>: Sync`
   --> /home/adwin/.cargo/registry/src/mirrors.tuna.tsinghua.edu.cn-4dc01642fd091eda/wgpu-26.0.1/src/api/render_pass.rs:513:37
    |
513 | static_assertions::assert_impl_all!(RenderPassTimestampWrites<'_>: Send, Sync);
    |                                     ^^^^^^^^^^^^^^^^^^^^^^^^^^^^^
    |
    = help: consider increasing the recursion limit by adding a `#![recursion_limit = "256"]` attribute to your crate (`wgpu`)
note: required by a bound in `render_pass::_::{closure#0}::assert_impl_all`
   --> /home/adwin/.cargo/registry/src/mirrors.tuna.tsinghua.edu.cn-4dc01642fd091eda/wgpu-26.0.1/src/api/render_pass.rs:513:1
    |
513 | static_assertions::assert_impl_all!(RenderPassTimestampWrites<'_>: Send, Sync);
    | ^^^^^^^^^^^^^^^^^^^^^^^^^^^^^^^^^^^^^^^^^^^^^^^^^^^^^^^^^^^^^^^^^^^^^^^^^^^^^^ required by this bound in `assert_impl_all`
    = note: this error originates in the macro `static_assertions::assert_impl_all` (in Nightly builds, run with -Z macro-backtrace for more info)

error[E0275]: overflow evaluating the requirement `render_pass::RenderPassColorAttachment<'_>: Send`
   --> /home/adwin/.cargo/registry/src/mirrors.tuna.tsinghua.edu.cn-4dc01642fd091eda/wgpu-26.0.1/src/api/render_pass.rs:535:37
    |
535 | static_assertions::assert_impl_all!(RenderPassColorAttachment<'_>: Send, Sync);
    |                                     ^^^^^^^^^^^^^^^^^^^^^^^^^^^^^
    |
    = help: consider increasing the recursion limit by adding a `#![recursion_limit = "256"]` attribute to your crate (`wgpu`)
note: required by a bound in `render_pass::_::{closure#0}::assert_impl_all`
   --> /home/adwin/.cargo/registry/src/mirrors.tuna.tsinghua.edu.cn-4dc01642fd091eda/wgpu-26.0.1/src/api/render_pass.rs:535:1
    |
535 | static_assertions::assert_impl_all!(RenderPassColorAttachment<'_>: Send, Sync);
    | ^^^^^^^^^^^^^^^^^^^^^^^^^^^^^^^^^^^^^^^^^^^^^^^^^^^^^^^^^^^^^^^^^^^^^^^^^^^^^^ required by this bound in `assert_impl_all`
    = note: this error originates in the macro `static_assertions::assert_impl_all` (in Nightly builds, run with -Z macro-backtrace for more info)

error[E0275]: overflow evaluating the requirement `render_pass::RenderPassColorAttachment<'_>: Sync`
   --> /home/adwin/.cargo/registry/src/mirrors.tuna.tsinghua.edu.cn-4dc01642fd091eda/wgpu-26.0.1/src/api/render_pass.rs:535:37
    |
535 | static_assertions::assert_impl_all!(RenderPassColorAttachment<'_>: Send, Sync);
    |                                     ^^^^^^^^^^^^^^^^^^^^^^^^^^^^^
    |
    = help: consider increasing the recursion limit by adding a `#![recursion_limit = "256"]` attribute to your crate (`wgpu`)
note: required by a bound in `render_pass::_::{closure#0}::assert_impl_all`
   --> /home/adwin/.cargo/registry/src/mirrors.tuna.tsinghua.edu.cn-4dc01642fd091eda/wgpu-26.0.1/src/api/render_pass.rs:535:1
    |
535 | static_assertions::assert_impl_all!(RenderPassColorAttachment<'_>: Send, Sync);
    | ^^^^^^^^^^^^^^^^^^^^^^^^^^^^^^^^^^^^^^^^^^^^^^^^^^^^^^^^^^^^^^^^^^^^^^^^^^^^^^ required by this bound in `assert_impl_all`
    = note: this error originates in the macro `static_assertions::assert_impl_all` (in Nightly builds, run with -Z macro-backtrace for more info)

error[E0275]: overflow evaluating the requirement `render_pass::RenderPassDepthStencilAttachment<'_>: Send`
   --> /home/adwin/.cargo/registry/src/mirrors.tuna.tsinghua.edu.cn-4dc01642fd091eda/wgpu-26.0.1/src/api/render_pass.rs:553:37
    |
553 | static_assertions::assert_impl_all!(RenderPassDepthStencilAttachment<'_>: Send, Sync);
    |                                     ^^^^^^^^^^^^^^^^^^^^^^^^^^^^^^^^^^^^
    |
    = help: consider increasing the recursion limit by adding a `#![recursion_limit = "256"]` attribute to your crate (`wgpu`)
note: required by a bound in `render_pass::_::{closure#0}::assert_impl_all`
   --> /home/adwin/.cargo/registry/src/mirrors.tuna.tsinghua.edu.cn-4dc01642fd091eda/wgpu-26.0.1/src/api/render_pass.rs:553:1
    |
553 | static_assertions::assert_impl_all!(RenderPassDepthStencilAttachment<'_>: Send, Sync);
    | ^^^^^^^^^^^^^^^^^^^^^^^^^^^^^^^^^^^^^^^^^^^^^^^^^^^^^^^^^^^^^^^^^^^^^^^^^^^^^^^^^^^^^ required by this bound in `assert_impl_all`
    = note: this error originates in the macro `static_assertions::assert_impl_all` (in Nightly builds, run with -Z macro-backtrace for more info)

error[E0275]: overflow evaluating the requirement `render_pass::RenderPassDepthStencilAttachment<'_>: Sync`
   --> /home/adwin/.cargo/registry/src/mirrors.tuna.tsinghua.edu.cn-4dc01642fd091eda/wgpu-26.0.1/src/api/render_pass.rs:553:37
    |
553 | static_assertions::assert_impl_all!(RenderPassDepthStencilAttachment<'_>: Send, Sync);
    |                                     ^^^^^^^^^^^^^^^^^^^^^^^^^^^^^^^^^^^^
    |
    = help: consider increasing the recursion limit by adding a `#![recursion_limit = "256"]` attribute to your crate (`wgpu`)
note: required by a bound in `render_pass::_::{closure#0}::assert_impl_all`
   --> /home/adwin/.cargo/registry/src/mirrors.tuna.tsinghua.edu.cn-4dc01642fd091eda/wgpu-26.0.1/src/api/render_pass.rs:553:1
    |
553 | static_assertions::assert_impl_all!(RenderPassDepthStencilAttachment<'_>: Send, Sync);
    | ^^^^^^^^^^^^^^^^^^^^^^^^^^^^^^^^^^^^^^^^^^^^^^^^^^^^^^^^^^^^^^^^^^^^^^^^^^^^^^^^^^^^^ required by this bound in `assert_impl_all`
    = note: this error originates in the macro `static_assertions::assert_impl_all` (in Nightly builds, run with -Z macro-backtrace for more info)

error[E0275]: overflow evaluating the requirement `render_pass::RenderPassDescriptor<'_>: Send`
   --> /home/adwin/.cargo/registry/src/mirrors.tuna.tsinghua.edu.cn-4dc01642fd091eda/wgpu-26.0.1/src/api/render_pass.rs:577:37
    |
577 | static_assertions::assert_impl_all!(RenderPassDescriptor<'_>: Send, Sync);
    |                                     ^^^^^^^^^^^^^^^^^^^^^^^^
    |
    = help: consider increasing the recursion limit by adding a `#![recursion_limit = "256"]` attribute to your crate (`wgpu`)
note: required by a bound in `render_pass::_::{closure#0}::assert_impl_all`
   --> /home/adwin/.cargo/registry/src/mirrors.tuna.tsinghua.edu.cn-4dc01642fd091eda/wgpu-26.0.1/src/api/render_pass.rs:577:1
    |
577 | static_assertions::assert_impl_all!(RenderPassDescriptor<'_>: Send, Sync);
    | ^^^^^^^^^^^^^^^^^^^^^^^^^^^^^^^^^^^^^^^^^^^^^^^^^^^^^^^^^^^^^^^^^^^^^^^^^ required by this bound in `assert_impl_all`
    = note: this error originates in the macro `static_assertions::assert_impl_all` (in Nightly builds, run with -Z macro-backtrace for more info)

error[E0275]: overflow evaluating the requirement `render_pass::RenderPassDescriptor<'_>: Sync`
   --> /home/adwin/.cargo/registry/src/mirrors.tuna.tsinghua.edu.cn-4dc01642fd091eda/wgpu-26.0.1/src/api/render_pass.rs:577:37
    |
577 | static_assertions::assert_impl_all!(RenderPassDescriptor<'_>: Send, Sync);
    |                                     ^^^^^^^^^^^^^^^^^^^^^^^^
    |
    = help: consider increasing the recursion limit by adding a `#![recursion_limit = "256"]` attribute to your crate (`wgpu`)
note: required by a bound in `render_pass::_::{closure#0}::assert_impl_all`
   --> /home/adwin/.cargo/registry/src/mirrors.tuna.tsinghua.edu.cn-4dc01642fd091eda/wgpu-26.0.1/src/api/render_pass.rs:577:1
    |
577 | static_assertions::assert_impl_all!(RenderPassDescriptor<'_>: Send, Sync);
    | ^^^^^^^^^^^^^^^^^^^^^^^^^^^^^^^^^^^^^^^^^^^^^^^^^^^^^^^^^^^^^^^^^^^^^^^^^ required by this bound in `assert_impl_all`
    = note: this error originates in the macro `static_assertions::assert_impl_all` (in Nightly builds, run with -Z macro-backtrace for more info)

error[E0275]: overflow evaluating the requirement `render_pipeline::RenderPipeline: Send`
  --> /home/adwin/.cargo/registry/src/mirrors.tuna.tsinghua.edu.cn-4dc01642fd091eda/wgpu-26.0.1/src/api/render_pipeline.rs:16:37
   |
16 | static_assertions::assert_impl_all!(RenderPipeline: Send, Sync);
   |                                     ^^^^^^^^^^^^^^
   |
   = help: consider increasing the recursion limit by adding a `#![recursion_limit = "256"]` attribute to your crate (`wgpu`)
note: required by a bound in `render_pipeline::_::{closure#0}::assert_impl_all`
  --> /home/adwin/.cargo/registry/src/mirrors.tuna.tsinghua.edu.cn-4dc01642fd091eda/wgpu-26.0.1/src/api/render_pipeline.rs:16:1
   |
16 | static_assertions::assert_impl_all!(RenderPipeline: Send, Sync);
   | ^^^^^^^^^^^^^^^^^^^^^^^^^^^^^^^^^^^^^^^^^^^^^^^^^^^^^^^^^^^^^^^ required by this bound in `assert_impl_all`
   = note: this error originates in the macro `static_assertions::assert_impl_all` (in Nightly builds, run with -Z macro-backtrace for more info)

error[E0275]: overflow evaluating the requirement `render_pipeline::RenderPipeline: Sync`
  --> /home/adwin/.cargo/registry/src/mirrors.tuna.tsinghua.edu.cn-4dc01642fd091eda/wgpu-26.0.1/src/api/render_pipeline.rs:16:37
   |
16 | static_assertions::assert_impl_all!(RenderPipeline: Send, Sync);
   |                                     ^^^^^^^^^^^^^^
   |
   = help: consider increasing the recursion limit by adding a `#![recursion_limit = "256"]` attribute to your crate (`wgpu`)
note: required by a bound in `render_pipeline::_::{closure#0}::assert_impl_all`
  --> /home/adwin/.cargo/registry/src/mirrors.tuna.tsinghua.edu.cn-4dc01642fd091eda/wgpu-26.0.1/src/api/render_pipeline.rs:16:1
   |
16 | static_assertions::assert_impl_all!(RenderPipeline: Send, Sync);
   | ^^^^^^^^^^^^^^^^^^^^^^^^^^^^^^^^^^^^^^^^^^^^^^^^^^^^^^^^^^^^^^^ required by this bound in `assert_impl_all`
   = note: this error originates in the macro `static_assertions::assert_impl_all` (in Nightly builds, run with -Z macro-backtrace for more info)

error[E0275]: overflow evaluating the requirement `render_pipeline::VertexState<'_>: Send`
   --> /home/adwin/.cargo/registry/src/mirrors.tuna.tsinghua.edu.cn-4dc01642fd091eda/wgpu-26.0.1/src/api/render_pipeline.rs:118:37
    |
118 | static_assertions::assert_impl_all!(VertexState<'_>: Send, Sync);
    |                                     ^^^^^^^^^^^^^^^
    |
    = help: consider increasing the recursion limit by adding a `#![recursion_limit = "256"]` attribute to your crate (`wgpu`)
note: required by a bound in `render_pipeline::_::{closure#0}::assert_impl_all`
   --> /home/adwin/.cargo/registry/src/mirrors.tuna.tsinghua.edu.cn-4dc01642fd091eda/wgpu-26.0.1/src/api/render_pipeline.rs:118:1
    |
118 | static_assertions::assert_impl_all!(VertexState<'_>: Send, Sync);
    | ^^^^^^^^^^^^^^^^^^^^^^^^^^^^^^^^^^^^^^^^^^^^^^^^^^^^^^^^^^^^^^^^ required by this bound in `assert_impl_all`
    = note: this error originates in the macro `static_assertions::assert_impl_all` (in Nightly builds, run with -Z macro-backtrace for more info)

error[E0275]: overflow evaluating the requirement `render_pipeline::VertexState<'_>: Sync`
   --> /home/adwin/.cargo/registry/src/mirrors.tuna.tsinghua.edu.cn-4dc01642fd091eda/wgpu-26.0.1/src/api/render_pipeline.rs:118:37
    |
118 | static_assertions::assert_impl_all!(VertexState<'_>: Send, Sync);
    |                                     ^^^^^^^^^^^^^^^
    |
    = help: consider increasing the recursion limit by adding a `#![recursion_limit = "256"]` attribute to your crate (`wgpu`)
note: required by a bound in `render_pipeline::_::{closure#0}::assert_impl_all`
   --> /home/adwin/.cargo/registry/src/mirrors.tuna.tsinghua.edu.cn-4dc01642fd091eda/wgpu-26.0.1/src/api/render_pipeline.rs:118:1
    |
118 | static_assertions::assert_impl_all!(VertexState<'_>: Send, Sync);
    | ^^^^^^^^^^^^^^^^^^^^^^^^^^^^^^^^^^^^^^^^^^^^^^^^^^^^^^^^^^^^^^^^ required by this bound in `assert_impl_all`
    = note: this error originates in the macro `static_assertions::assert_impl_all` (in Nightly builds, run with -Z macro-backtrace for more info)

error[E0275]: overflow evaluating the requirement `render_pipeline::FragmentState<'_>: Send`
   --> /home/adwin/.cargo/registry/src/mirrors.tuna.tsinghua.edu.cn-4dc01642fd091eda/wgpu-26.0.1/src/api/render_pipeline.rs:146:37
    |
146 | static_assertions::assert_impl_all!(FragmentState<'_>: Send, Sync);
    |                                     ^^^^^^^^^^^^^^^^^
    |
    = help: consider increasing the recursion limit by adding a `#![recursion_limit = "256"]` attribute to your crate (`wgpu`)
note: required by a bound in `render_pipeline::_::{closure#0}::assert_impl_all`
   --> /home/adwin/.cargo/registry/src/mirrors.tuna.tsinghua.edu.cn-4dc01642fd091eda/wgpu-26.0.1/src/api/render_pipeline.rs:146:1
    |
146 | static_assertions::assert_impl_all!(FragmentState<'_>: Send, Sync);
    | ^^^^^^^^^^^^^^^^^^^^^^^^^^^^^^^^^^^^^^^^^^^^^^^^^^^^^^^^^^^^^^^^^^ required by this bound in `assert_impl_all`
    = note: this error originates in the macro `static_assertions::assert_impl_all` (in Nightly builds, run with -Z macro-backtrace for more info)

error[E0275]: overflow evaluating the requirement `render_pipeline::FragmentState<'_>: Sync`
   --> /home/adwin/.cargo/registry/src/mirrors.tuna.tsinghua.edu.cn-4dc01642fd091eda/wgpu-26.0.1/src/api/render_pipeline.rs:146:37
    |
146 | static_assertions::assert_impl_all!(FragmentState<'_>: Send, Sync);
    |                                     ^^^^^^^^^^^^^^^^^
    |
    = help: consider increasing the recursion limit by adding a `#![recursion_limit = "256"]` attribute to your crate (`wgpu`)
note: required by a bound in `render_pipeline::_::{closure#0}::assert_impl_all`
   --> /home/adwin/.cargo/registry/src/mirrors.tuna.tsinghua.edu.cn-4dc01642fd091eda/wgpu-26.0.1/src/api/render_pipeline.rs:146:1
    |
146 | static_assertions::assert_impl_all!(FragmentState<'_>: Send, Sync);
    | ^^^^^^^^^^^^^^^^^^^^^^^^^^^^^^^^^^^^^^^^^^^^^^^^^^^^^^^^^^^^^^^^^^ required by this bound in `assert_impl_all`
    = note: this error originates in the macro `static_assertions::assert_impl_all` (in Nightly builds, run with -Z macro-backtrace for more info)

error[E0275]: overflow evaluating the requirement `render_pipeline::RenderPipelineDescriptor<'_>: Send`
   --> /home/adwin/.cargo/registry/src/mirrors.tuna.tsinghua.edu.cn-4dc01642fd091eda/wgpu-26.0.1/src/api/render_pipeline.rs:195:37
    |
195 | static_assertions::assert_impl_all!(RenderPipelineDescriptor<'_>: Send, Sync);
    |                                     ^^^^^^^^^^^^^^^^^^^^^^^^^^^^
    |
    = help: consider increasing the recursion limit by adding a `#![recursion_limit = "256"]` attribute to your crate (`wgpu`)
note: required by a bound in `render_pipeline::_::{closure#0}::assert_impl_all`
   --> /home/adwin/.cargo/registry/src/mirrors.tuna.tsinghua.edu.cn-4dc01642fd091eda/wgpu-26.0.1/src/api/render_pipeline.rs:195:1
    |
195 | static_assertions::assert_impl_all!(RenderPipelineDescriptor<'_>: Send, Sync);
    | ^^^^^^^^^^^^^^^^^^^^^^^^^^^^^^^^^^^^^^^^^^^^^^^^^^^^^^^^^^^^^^^^^^^^^^^^^^^^^ required by this bound in `assert_impl_all`
    = note: this error originates in the macro `static_assertions::assert_impl_all` (in Nightly builds, run with -Z macro-backtrace for more info)

error[E0275]: overflow evaluating the requirement `render_pipeline::RenderPipelineDescriptor<'_>: Sync`
   --> /home/adwin/.cargo/registry/src/mirrors.tuna.tsinghua.edu.cn-4dc01642fd091eda/wgpu-26.0.1/src/api/render_pipeline.rs:195:37
    |
195 | static_assertions::assert_impl_all!(RenderPipelineDescriptor<'_>: Send, Sync);
    |                                     ^^^^^^^^^^^^^^^^^^^^^^^^^^^^
    |
    = help: consider increasing the recursion limit by adding a `#![recursion_limit = "256"]` attribute to your crate (`wgpu`)
note: required by a bound in `render_pipeline::_::{closure#0}::assert_impl_all`
   --> /home/adwin/.cargo/registry/src/mirrors.tuna.tsinghua.edu.cn-4dc01642fd091eda/wgpu-26.0.1/src/api/render_pipeline.rs:195:1
    |
195 | static_assertions::assert_impl_all!(RenderPipelineDescriptor<'_>: Send, Sync);
    | ^^^^^^^^^^^^^^^^^^^^^^^^^^^^^^^^^^^^^^^^^^^^^^^^^^^^^^^^^^^^^^^^^^^^^^^^^^^^^ required by this bound in `assert_impl_all`
    = note: this error originates in the macro `static_assertions::assert_impl_all` (in Nightly builds, run with -Z macro-backtrace for more info)

error[E0275]: overflow evaluating the requirement `sampler::Sampler: Send`
  --> /home/adwin/.cargo/registry/src/mirrors.tuna.tsinghua.edu.cn-4dc01642fd091eda/wgpu-26.0.1/src/api/sampler.rs:17:37
   |
17 | static_assertions::assert_impl_all!(Sampler: Send, Sync);
   |                                     ^^^^^^^
   |
   = help: consider increasing the recursion limit by adding a `#![recursion_limit = "256"]` attribute to your crate (`wgpu`)
note: required by a bound in `sampler::_::{closure#0}::assert_impl_all`
  --> /home/adwin/.cargo/registry/src/mirrors.tuna.tsinghua.edu.cn-4dc01642fd091eda/wgpu-26.0.1/src/api/sampler.rs:17:1
   |
17 | static_assertions::assert_impl_all!(Sampler: Send, Sync);
   | ^^^^^^^^^^^^^^^^^^^^^^^^^^^^^^^^^^^^^^^^^^^^^^^^^^^^^^^^ required by this bound in `assert_impl_all`
   = note: this error originates in the macro `static_assertions::assert_impl_all` (in Nightly builds, run with -Z macro-backtrace for more info)

error[E0275]: overflow evaluating the requirement `sampler::Sampler: Sync`
  --> /home/adwin/.cargo/registry/src/mirrors.tuna.tsinghua.edu.cn-4dc01642fd091eda/wgpu-26.0.1/src/api/sampler.rs:17:37
   |
17 | static_assertions::assert_impl_all!(Sampler: Send, Sync);
   |                                     ^^^^^^^
   |
   = help: consider increasing the recursion limit by adding a `#![recursion_limit = "256"]` attribute to your crate (`wgpu`)
note: required by a bound in `sampler::_::{closure#0}::assert_impl_all`
  --> /home/adwin/.cargo/registry/src/mirrors.tuna.tsinghua.edu.cn-4dc01642fd091eda/wgpu-26.0.1/src/api/sampler.rs:17:1
   |
17 | static_assertions::assert_impl_all!(Sampler: Send, Sync);
   | ^^^^^^^^^^^^^^^^^^^^^^^^^^^^^^^^^^^^^^^^^^^^^^^^^^^^^^^^ required by this bound in `assert_impl_all`
   = note: this error originates in the macro `static_assertions::assert_impl_all` (in Nightly builds, run with -Z macro-backtrace for more info)

error[E0275]: overflow evaluating the requirement `shader_module::ShaderModule: Send`
  --> /home/adwin/.cargo/registry/src/mirrors.tuna.tsinghua.edu.cn-4dc01642fd091eda/wgpu-26.0.1/src/api/shader_module.rs:19:37
   |
19 | static_assertions::assert_impl_all!(ShaderModule: Send, Sync);
   |                                     ^^^^^^^^^^^^
   |
   = help: consider increasing the recursion limit by adding a `#![recursion_limit = "256"]` attribute to your crate (`wgpu`)
note: required by a bound in `shader_module::_::{closure#0}::assert_impl_all`
  --> /home/adwin/.cargo/registry/src/mirrors.tuna.tsinghua.edu.cn-4dc01642fd091eda/wgpu-26.0.1/src/api/shader_module.rs:19:1
   |
19 | static_assertions::assert_impl_all!(ShaderModule: Send, Sync);
   | ^^^^^^^^^^^^^^^^^^^^^^^^^^^^^^^^^^^^^^^^^^^^^^^^^^^^^^^^^^^^^ required by this bound in `assert_impl_all`
   = note: this error originates in the macro `static_assertions::assert_impl_all` (in Nightly builds, run with -Z macro-backtrace for more info)

error[E0275]: overflow evaluating the requirement `shader_module::ShaderModule: Sync`
  --> /home/adwin/.cargo/registry/src/mirrors.tuna.tsinghua.edu.cn-4dc01642fd091eda/wgpu-26.0.1/src/api/shader_module.rs:19:37
   |
19 | static_assertions::assert_impl_all!(ShaderModule: Send, Sync);
   |                                     ^^^^^^^^^^^^
   |
   = help: consider increasing the recursion limit by adding a `#![recursion_limit = "256"]` attribute to your crate (`wgpu`)
note: required by a bound in `shader_module::_::{closure#0}::assert_impl_all`
  --> /home/adwin/.cargo/registry/src/mirrors.tuna.tsinghua.edu.cn-4dc01642fd091eda/wgpu-26.0.1/src/api/shader_module.rs:19:1
   |
19 | static_assertions::assert_impl_all!(ShaderModule: Send, Sync);
   | ^^^^^^^^^^^^^^^^^^^^^^^^^^^^^^^^^^^^^^^^^^^^^^^^^^^^^^^^^^^^^ required by this bound in `assert_impl_all`
   = note: this error originates in the macro `static_assertions::assert_impl_all` (in Nightly builds, run with -Z macro-backtrace for more info)

error[E0275]: overflow evaluating the requirement `surface::Surface<'_>: Send`
   --> /home/adwin/.cargo/registry/src/mirrors.tuna.tsinghua.edu.cn-4dc01642fd091eda/wgpu-26.0.1/src/api/surface.rs:211:37
    |
211 | static_assertions::assert_impl_all!(Surface<'_>: Send, Sync);
    |                                     ^^^^^^^^^^^
    |
    = help: consider increasing the recursion limit by adding a `#![recursion_limit = "256"]` attribute to your crate (`wgpu`)
note: required by a bound in `surface::_::{closure#0}::assert_impl_all`
   --> /home/adwin/.cargo/registry/src/mirrors.tuna.tsinghua.edu.cn-4dc01642fd091eda/wgpu-26.0.1/src/api/surface.rs:211:1
    |
211 | static_assertions::assert_impl_all!(Surface<'_>: Send, Sync);
    | ^^^^^^^^^^^^^^^^^^^^^^^^^^^^^^^^^^^^^^^^^^^^^^^^^^^^^^^^^^^^ required by this bound in `assert_impl_all`
    = note: this error originates in the macro `static_assertions::assert_impl_all` (in Nightly builds, run with -Z macro-backtrace for more info)

error[E0275]: overflow evaluating the requirement `surface::Surface<'_>: Sync`
   --> /home/adwin/.cargo/registry/src/mirrors.tuna.tsinghua.edu.cn-4dc01642fd091eda/wgpu-26.0.1/src/api/surface.rs:211:37
    |
211 | static_assertions::assert_impl_all!(Surface<'_>: Send, Sync);
    |                                     ^^^^^^^^^^^
    |
    = help: consider increasing the recursion limit by adding a `#![recursion_limit = "256"]` attribute to your crate (`wgpu`)
note: required by a bound in `surface::_::{closure#0}::assert_impl_all`
   --> /home/adwin/.cargo/registry/src/mirrors.tuna.tsinghua.edu.cn-4dc01642fd091eda/wgpu-26.0.1/src/api/surface.rs:211:1
    |
211 | static_assertions::assert_impl_all!(Surface<'_>: Send, Sync);
    | ^^^^^^^^^^^^^^^^^^^^^^^^^^^^^^^^^^^^^^^^^^^^^^^^^^^^^^^^^^^^ required by this bound in `assert_impl_all`
    = note: this error originates in the macro `static_assertions::assert_impl_all` (in Nightly builds, run with -Z macro-backtrace for more info)

error[E0275]: overflow evaluating the requirement `surface_texture::SurfaceTexture: Send`
  --> /home/adwin/.cargo/registry/src/mirrors.tuna.tsinghua.edu.cn-4dc01642fd091eda/wgpu-26.0.1/src/api/surface_texture.rs:22:37
   |
22 | static_assertions::assert_impl_all!(SurfaceTexture: Send, Sync);
   |                                     ^^^^^^^^^^^^^^
   |
   = help: consider increasing the recursion limit by adding a `#![recursion_limit = "256"]` attribute to your crate (`wgpu`)
note: required by a bound in `surface_texture::_::{closure#0}::assert_impl_all`
  --> /home/adwin/.cargo/registry/src/mirrors.tuna.tsinghua.edu.cn-4dc01642fd091eda/wgpu-26.0.1/src/api/surface_texture.rs:22:1
   |
22 | static_assertions::assert_impl_all!(SurfaceTexture: Send, Sync);
   | ^^^^^^^^^^^^^^^^^^^^^^^^^^^^^^^^^^^^^^^^^^^^^^^^^^^^^^^^^^^^^^^ required by this bound in `assert_impl_all`
   = note: this error originates in the macro `static_assertions::assert_impl_all` (in Nightly builds, run with -Z macro-backtrace for more info)

error[E0275]: overflow evaluating the requirement `surface_texture::SurfaceTexture: Sync`
  --> /home/adwin/.cargo/registry/src/mirrors.tuna.tsinghua.edu.cn-4dc01642fd091eda/wgpu-26.0.1/src/api/surface_texture.rs:22:37
   |
22 | static_assertions::assert_impl_all!(SurfaceTexture: Send, Sync);
   |                                     ^^^^^^^^^^^^^^
   |
   = help: consider increasing the recursion limit by adding a `#![recursion_limit = "256"]` attribute to your crate (`wgpu`)
note: required by a bound in `surface_texture::_::{closure#0}::assert_impl_all`
  --> /home/adwin/.cargo/registry/src/mirrors.tuna.tsinghua.edu.cn-4dc01642fd091eda/wgpu-26.0.1/src/api/surface_texture.rs:22:1
   |
22 | static_assertions::assert_impl_all!(SurfaceTexture: Send, Sync);
   | ^^^^^^^^^^^^^^^^^^^^^^^^^^^^^^^^^^^^^^^^^^^^^^^^^^^^^^^^^^^^^^^ required by this bound in `assert_impl_all`
   = note: this error originates in the macro `static_assertions::assert_impl_all` (in Nightly builds, run with -Z macro-backtrace for more info)

error[E0275]: overflow evaluating the requirement `texture::Texture: Send`
  --> /home/adwin/.cargo/registry/src/mirrors.tuna.tsinghua.edu.cn-4dc01642fd091eda/wgpu-26.0.1/src/api/texture.rs:17:37
   |
17 | static_assertions::assert_impl_all!(Texture: Send, Sync);
   |                                     ^^^^^^^
   |
   = help: consider increasing the recursion limit by adding a `#![recursion_limit = "256"]` attribute to your crate (`wgpu`)
note: required by a bound in `texture::_::{closure#0}::assert_impl_all`
  --> /home/adwin/.cargo/registry/src/mirrors.tuna.tsinghua.edu.cn-4dc01642fd091eda/wgpu-26.0.1/src/api/texture.rs:17:1
   |
17 | static_assertions::assert_impl_all!(Texture: Send, Sync);
   | ^^^^^^^^^^^^^^^^^^^^^^^^^^^^^^^^^^^^^^^^^^^^^^^^^^^^^^^^ required by this bound in `assert_impl_all`
   = note: this error originates in the macro `static_assertions::assert_impl_all` (in Nightly builds, run with -Z macro-backtrace for more info)

error[E0275]: overflow evaluating the requirement `texture::Texture: Sync`
  --> /home/adwin/.cargo/registry/src/mirrors.tuna.tsinghua.edu.cn-4dc01642fd091eda/wgpu-26.0.1/src/api/texture.rs:17:37
   |
17 | static_assertions::assert_impl_all!(Texture: Send, Sync);
   |                                     ^^^^^^^
   |
   = help: consider increasing the recursion limit by adding a `#![recursion_limit = "256"]` attribute to your crate (`wgpu`)
note: required by a bound in `texture::_::{closure#0}::assert_impl_all`
  --> /home/adwin/.cargo/registry/src/mirrors.tuna.tsinghua.edu.cn-4dc01642fd091eda/wgpu-26.0.1/src/api/texture.rs:17:1
   |
17 | static_assertions::assert_impl_all!(Texture: Send, Sync);
   | ^^^^^^^^^^^^^^^^^^^^^^^^^^^^^^^^^^^^^^^^^^^^^^^^^^^^^^^^ required by this bound in `assert_impl_all`
   = note: this error originates in the macro `static_assertions::assert_impl_all` (in Nightly builds, run with -Z macro-backtrace for more info)

error[E0275]: overflow evaluating the requirement `texture_view::TextureView: Send`
  --> /home/adwin/.cargo/registry/src/mirrors.tuna.tsinghua.edu.cn-4dc01642fd091eda/wgpu-26.0.1/src/api/texture_view.rs:21:37
   |
21 | static_assertions::assert_impl_all!(TextureView: Send, Sync);
   |                                     ^^^^^^^^^^^
   |
   = help: consider increasing the recursion limit by adding a `#![recursion_limit = "256"]` attribute to your crate (`wgpu`)
note: required by a bound in `texture_view::_::{closure#0}::assert_impl_all`
  --> /home/adwin/.cargo/registry/src/mirrors.tuna.tsinghua.edu.cn-4dc01642fd091eda/wgpu-26.0.1/src/api/texture_view.rs:21:1
   |
21 | static_assertions::assert_impl_all!(TextureView: Send, Sync);
   | ^^^^^^^^^^^^^^^^^^^^^^^^^^^^^^^^^^^^^^^^^^^^^^^^^^^^^^^^^^^^ required by this bound in `assert_impl_all`
   = note: this error originates in the macro `static_assertions::assert_impl_all` (in Nightly builds, run with -Z macro-backtrace for more info)

error[E0275]: overflow evaluating the requirement `texture_view::TextureView: Sync`
  --> /home/adwin/.cargo/registry/src/mirrors.tuna.tsinghua.edu.cn-4dc01642fd091eda/wgpu-26.0.1/src/api/texture_view.rs:21:37
   |
21 | static_assertions::assert_impl_all!(TextureView: Send, Sync);
   |                                     ^^^^^^^^^^^
   |
   = help: consider increasing the recursion limit by adding a `#![recursion_limit = "256"]` attribute to your crate (`wgpu`)
note: required by a bound in `texture_view::_::{closure#0}::assert_impl_all`
  --> /home/adwin/.cargo/registry/src/mirrors.tuna.tsinghua.edu.cn-4dc01642fd091eda/wgpu-26.0.1/src/api/texture_view.rs:21:1
   |
21 | static_assertions::assert_impl_all!(TextureView: Send, Sync);
   | ^^^^^^^^^^^^^^^^^^^^^^^^^^^^^^^^^^^^^^^^^^^^^^^^^^^^^^^^^^^^ required by this bound in `assert_impl_all`
   = note: this error originates in the macro `static_assertions::assert_impl_all` (in Nightly builds, run with -Z macro-backtrace for more info)

error[E0275]: overflow evaluating the requirement `tlas::Tlas: wgt::WasmNotSendSync`
  --> /home/adwin/.cargo/registry/src/mirrors.tuna.tsinghua.edu.cn-4dc01642fd091eda/wgpu-26.0.1/src/api/tlas.rs:28:37
   |
28 | static_assertions::assert_impl_all!(Tlas: WasmNotSendSync);
   |                                     ^^^^
   |
   = help: consider increasing the recursion limit by adding a `#![recursion_limit = "256"]` attribute to your crate (`wgpu`)
note: required by a bound in `tlas::_::{closure#0}::assert_impl_all`
  --> /home/adwin/.cargo/registry/src/mirrors.tuna.tsinghua.edu.cn-4dc01642fd091eda/wgpu-26.0.1/src/api/tlas.rs:28:1
   |
28 | static_assertions::assert_impl_all!(Tlas: WasmNotSendSync);
   | ^^^^^^^^^^^^^^^^^^^^^^^^^^^^^^^^^^^^^^^^^^^^^^^^^^^^^^^^^^ required by this bound in `assert_impl_all`
   = note: this error originates in the macro `static_assertions::assert_impl_all` (in Nightly builds, run with -Z macro-backtrace for more info)

error[E0275]: overflow evaluating the requirement `Pin<Box<core::future::Ready<core::result::Result<DispatchAdapter, wgt::RequestAdapterError>>>>: CoerceUnsized<Pin<...>>`
   --> /home/adwin/.cargo/registry/src/mirrors.tuna.tsinghua.edu.cn-4dc01642fd091eda/wgpu-26.0.1/src/backend/wgpu_core.rs:840:9
    |
840 |         Box::pin(ready(adapter))
    |         ^^^^^^^^^^^^^^^^^^^^^^^^
    |
    = help: consider increasing the recursion limit by adding a `#![recursion_limit = "256"]` attribute to your crate (`wgpu`)
    = note: required for the cast from `Pin<Box<Ready<Result<DispatchAdapter, RequestAdapterError>>>>` to `Pin<Box<(dyn RequestAdapterFuture + 'static)>>`
    = note: the full name for the type has been written to '/tmp/nix-shell.uUVugk/malbernaz_bevy_lit_1632g2in/target/debug/deps/wgpu-f88e201d23b59434.long-type-11639725633161519301.txt'
    = note: consider using `--verbose` to print the full type name to the console

error[E0275]: overflow evaluating the requirement `Pin<Box<core::future::Ready<core::result::Result<(DispatchDevice, DispatchQueue), ...>>>>: CoerceUnsized<...>`
   --> /home/adwin/.cargo/registry/src/mirrors.tuna.tsinghua.edu.cn-4dc01642fd091eda/wgpu-26.0.1/src/backend/wgpu_core.rs:895:24
    |
895 |                 return Box::pin(ready(Err(err.into())));
    |                        ^^^^^^^^^^^^^^^^^^^^^^^^^^^^^^^^
    |
    = help: consider increasing the recursion limit by adding a `#![recursion_limit = "256"]` attribute to your crate (`wgpu`)
    = note: required for the cast from `Pin<Box<Ready<Result<(DispatchDevice, DispatchQueue), ...>>>>` to `Pin<Box<(dyn RequestDeviceFuture + 'static)>>`
    = note: the full name for the type has been written to '/tmp/nix-shell.uUVugk/malbernaz_bevy_lit_1632g2in/target/debug/deps/wgpu-f88e201d23b59434.long-type-679563708315318069.txt'
    = note: consider using `--verbose` to print the full type name to the console

error[E0275]: overflow evaluating the requirement `Pin<Box<core::future::Ready<core::result::Result<(DispatchDevice, DispatchQueue), ...>>>>: CoerceUnsized<...>`
   --> /home/adwin/.cargo/registry/src/mirrors.tuna.tsinghua.edu.cn-4dc01642fd091eda/wgpu-26.0.1/src/backend/wgpu_core.rs:910:9
    |
910 |         Box::pin(ready(Ok((device.into(), queue.into()))))
    |         ^^^^^^^^^^^^^^^^^^^^^^^^^^^^^^^^^^^^^^^^^^^^^^^^^^
    |
    = help: consider increasing the recursion limit by adding a `#![recursion_limit = "256"]` attribute to your crate (`wgpu`)
    = note: required for the cast from `Pin<Box<Ready<Result<(DispatchDevice, DispatchQueue), ...>>>>` to `Pin<Box<(dyn RequestDeviceFuture + 'static)>>`
    = note: the full name for the type has been written to '/tmp/nix-shell.uUVugk/malbernaz_bevy_lit_1632g2in/target/debug/deps/wgpu-f88e201d23b59434.long-type-679563708315318069.txt'
    = note: consider using `--verbose` to print the full type name to the console

error[E0275]: overflow evaluating the requirement `wgpu_core::CoreComputePass: CommonTraits`
    --> /home/adwin/.cargo/registry/src/mirrors.tuna.tsinghua.edu.cn-4dc01642fd091eda/wgpu-26.0.1/src/backend/wgpu_core.rs:2856:45
     |
2856 |         dispatch::ComputePassInterface::end(self);
     |         ----------------------------------- ^^^^
     |         |
     |         required by a bound introduced by this call
     |
     = help: consider increasing the recursion limit by adding a `#![recursion_limit = "256"]` attribute to your crate (`wgpu`)
note: required by a bound in `ComputePassInterface::end`
    --> /home/adwin/.cargo/registry/src/mirrors.tuna.tsinghua.edu.cn-4dc01642fd091eda/wgpu-26.0.1/src/dispatch.rs:351:33
     |
 351 | pub trait ComputePassInterface: CommonTraits {
     |                                 ^^^^^^^^^^^^ required by this bound in `ComputePassInterface::end`
...
 375 |     fn end(&mut self);
     |        --- required by a bound in this associated function

error[E0275]: overflow evaluating the requirement `wgpu_core::CoreRenderPass: CommonTraits`
    --> /home/adwin/.cargo/registry/src/mirrors.tuna.tsinghua.edu.cn-4dc01642fd091eda/wgpu-26.0.1/src/backend/wgpu_core.rs:3379:44
     |
3379 |         dispatch::RenderPassInterface::end(self);
     |         ---------------------------------- ^^^^
     |         |
     |         required by a bound introduced by this call
     |
     = help: consider increasing the recursion limit by adding a `#![recursion_limit = "256"]` attribute to your crate (`wgpu`)
note: required by a bound in `RenderPassInterface::end`
    --> /home/adwin/.cargo/registry/src/mirrors.tuna.tsinghua.edu.cn-4dc01642fd091eda/wgpu-26.0.1/src/dispatch.rs:377:32
     |
 377 | pub trait RenderPassInterface: CommonTraits {
     |                                ^^^^^^^^^^^^ required by this bound in `RenderPassInterface::end`
...
 467 |     fn end(&mut self);
     |        --- required by a bound in this associated function

error[E0275]: overflow evaluating the requirement `{closure@/home/adwin/.cargo/registry/src/mirrors.tuna.tsinghua.edu.cn-4dc01642fd091eda/wgpu-26.0.1/src/util/belt.rs:195:44: 195:52}: wgt::WasmNotSend`
   --> /home/adwin/.cargo/registry/src/mirrors.tuna.tsinghua.edu.cn-4dc01642fd091eda/wgpu-26.0.1/src/util/belt.rs:195:18
    |
195 |                 .map_async(MapMode::Write, move |_| {
    |                  ^^^^^^^^^
    |
    = help: consider increasing the recursion limit by adding a `#![recursion_limit = "256"]` attribute to your crate (`wgpu`)
note: required by a bound in `buffer::BufferSlice::<'a>::map_async`
   --> /home/adwin/.cargo/registry/src/mirrors.tuna.tsinghua.edu.cn-4dc01642fd091eda/wgpu-26.0.1/src/api/buffer.rs:483:63
    |
480 |     pub fn map_async(
    |            --------- required by a bound in this associated function
...
483 |         callback: impl FnOnce(Result<(), BufferAsyncError>) + WasmNotSend + 'static,
    |                                                               ^^^^^^^^^^^ required by this bound in `BufferSlice::<'a>::map_async`

error[E0275]: overflow evaluating the requirement `{closure@/home/adwin/.cargo/registry/src/mirrors.tuna.tsinghua.edu.cn-4dc01642fd091eda/wgpu-26.0.1/src/util/mod.rs:126:46: 126:59}: wgt::WasmNotSend`
   --> /home/adwin/.cargo/registry/src/mirrors.tuna.tsinghua.edu.cn-4dc01642fd091eda/wgpu-26.0.1/src/util/mod.rs:126:14
    |
126 |             .map_async(super::MapMode::Read, move |result| {
    |              ^^^^^^^^^
    |
    = help: consider increasing the recursion limit by adding a `#![recursion_limit = "256"]` attribute to your crate (`wgpu`)
note: required by a bound in `buffer::BufferSlice::<'a>::map_async`
   --> /home/adwin/.cargo/registry/src/mirrors.tuna.tsinghua.edu.cn-4dc01642fd091eda/wgpu-26.0.1/src/api/buffer.rs:483:63
    |
480 |     pub fn map_async(
    |            --------- required by a bound in this associated function
...
483 |         callback: impl FnOnce(Result<(), BufferAsyncError>) + WasmNotSend + 'static,
    |                                                               ^^^^^^^^^^^ required by this bound in `BufferSlice::<'a>::map_async`

    Checking bevy_mesh v0.17.3
For more information about this error, try `rustc --explain E0275`.
error: could not compile `wgpu` (lib) due to 123 previous errors
warning: build failed, waiting for other jobs to finish...
