Running as unit: run-p2360304-i14940410.scope; invocation ID: add6b1b394794931be61838bac77f50e
   Compiling proc-macro2 v1.0.95
   Compiling unicode-ident v1.0.18
   Compiling libc v0.2.172
   Compiling version_check v0.9.5
    Checking cfg-if v1.0.0
   Compiling autocfg v1.4.0
    Checking memchr v2.7.4
   Compiling typenum v1.18.0
   Compiling serde v1.0.219
   Compiling generic-array v0.14.7
    Checking pin-project-lite v0.2.16
    Checking log v0.4.27
    Checking smallvec v1.15.0
   Compiling once_cell v1.21.3
   Compiling quote v1.0.40
    Checking itoa v1.0.15
   Compiling zerocopy v0.8.25
   Compiling syn v2.0.101
    Checking getrandom v0.2.16
   Compiling lock_api v0.4.13
    Checking rand_core v0.6.4
   Compiling parking_lot_core v0.9.11
    Checking subtle v2.6.1
    Checking futures-core v0.3.31
    Checking stable_deref_trait v1.2.0
    Checking hashbrown v0.15.3
    Checking bytes v1.10.1
    Checking scopeguard v1.2.0
    Checking equivalent v1.0.2
   Compiling slab v0.4.9
    Checking futures-sink v0.3.31
    Checking parking_lot v0.12.4
    Checking mio v1.0.4
    Checking socket2 v0.5.10
    Checking signal-hook-registry v1.4.5
    Checking futures-io v0.3.31
   Compiling fnv v1.0.7
    Checking crypto-common v0.1.6
   Compiling shlex v1.3.0
    Checking block-buffer v0.10.4
    Checking futures-channel v0.3.31
    Checking pin-utils v0.1.0
   Compiling cc v1.2.24
   Compiling getrandom v0.3.3
   Compiling time-core v0.1.4
    Checking futures-task v0.3.31
   Compiling num-conv v0.1.0
    Checking digest v0.10.7
   Compiling time-macros v0.2.22
    Checking tracing-core v0.1.33
   Compiling proc-macro2-diagnostics v0.10.1
    Checking cpufeatures v0.2.17
   Compiling crunchy v0.2.3
    Checking percent-encoding v2.3.1
    Checking ppv-lite86 v0.2.21
   Compiling tiny-keccak v2.0.2
    Checking writeable v0.6.1
   Compiling yansi v1.0.1
    Checking litemap v0.8.0
    Checking rand_chacha v0.3.1
   Compiling semver v1.0.26
   Compiling serde_json v1.0.140
   Compiling icu_properties_data v2.0.1
   Compiling icu_normalizer_data v2.0.0
    Checking untrusted v0.9.0
    Checking rand v0.8.5
   Compiling num-traits v0.2.19
   Compiling thiserror v2.0.12
   Compiling ring v0.17.14
    Checking powerfmt v0.2.0
   Compiling httparse v1.10.1
    Checking ryu v1.0.20
    Checking deranged v0.4.0
   Compiling const-random-macro v0.1.16
    Checking aho-corasick v1.1.3
   Compiling thiserror v1.0.69
   Compiling rustls v0.21.12
    Checking regex-syntax v0.8.5
   Compiling crossbeam-utils v0.8.21
   Compiling siphasher v1.0.1
    Checking time v0.3.41
   Compiling phf_shared v0.11.3
   Compiling const-random v0.1.18
    Checking hmac v0.12.1
    Checking iana-time-zone v0.1.63
   Compiling strsim v0.11.1
    Checking tinyvec_macros v0.1.1
    Checking base64 v0.22.1
   Compiling synstructure v0.13.2
    Checking regex-automata v0.4.9
   Compiling ident_case v1.0.1
   Compiling darling_core v0.20.11
    Checking tinyvec v1.9.0
   Compiling serde_derive v1.0.219
   Compiling zerofrom-derive v0.1.6
   Compiling yoke-derive v0.8.0
   Compiling zerovec-derive v0.11.1
    Checking zerofrom v0.1.6
   Compiling tokio-macros v2.5.0
   Compiling displaydoc v0.2.5
    Checking yoke v0.8.0
   Compiling futures-macro v0.3.31
   Compiling tracing-attributes v0.1.28
    Checking zerovec v0.11.2
    Checking tokio v1.45.1
    Checking zerotrie v0.2.2
   Compiling thiserror-impl v2.0.12
    Checking futures-util v0.3.31
    Checking tinystr v0.8.1
    Checking icu_locale_core v2.0.0
    Checking tracing v0.1.41
    Checking potential_utf v0.1.2
    Checking icu_collections v2.0.0
    Checking icu_provider v2.0.0
    Checking sct v0.7.1
    Checking rustls-webpki v0.101.7
   Compiling macro_magic_core_macros v0.5.1
    Checking icu_properties v2.0.1
    Checking icu_normalizer v2.0.0
   Compiling derive-syn-parse v0.2.0
   Compiling thiserror-impl v1.0.69
    Checking idna_adapter v1.2.1
   Compiling macro_magic_core v0.5.1
    Checking futures-executor v0.3.31
   Compiling pear_codegen v0.2.9
   Compiling async-trait v0.1.88
   Compiling ptr_meta_derive v0.3.0
    Checking indexmap v2.9.0
    Checking chrono v0.4.41
    Checking sha2 v0.10.9
    Checking inout v0.1.4
    Checking base64 v0.21.7
    Checking utf8_iter v1.0.4
   Compiling ref-cast v1.0.24
   Compiling radium v0.7.0
    Checking rustls-pemfile v1.0.4
    Checking tokio-util v0.7.15
    Checking tokio-rustls v0.24.1
    Checking idna v1.0.3
    Checking cipher v0.4.4
   Compiling rustc_version v0.4.1
    Checking ptr_meta v0.3.0
   Compiling macro_magic_macros v0.5.1
   Compiling darling_macro v0.20.11
   Compiling regex v1.11.1
   Compiling ref-cast-impl v1.0.24
   Compiling phf_generator v0.11.3
    Checking rand_core v0.9.3
    Checking form_urlencoded v1.2.1
    Checking universal-hash v0.5.1
   Compiling ahash v0.8.12
   Compiling syn v1.0.109
   Compiling ucd-trie v0.1.7
   Compiling heck v0.5.0
    Checking opaque-debug v0.3.1
    Checking tap v1.0.1
    Checking bitflags v1.3.2
    Checking wyz v0.5.1
   Compiling enum-as-inner v0.6.1
    Checking polyval v0.6.2
   Compiling pest v2.8.0
    Checking rand_chacha v0.9.0
   Compiling http v0.2.12
    Checking url v2.5.4
   Compiling parse-zoneinfo v0.3.1
   Compiling darling v0.20.11
   Compiling phf_codegen v0.11.3
   Compiling rustc_version_runtime v0.3.0
    Checking rancor v0.1.0
    Checking futures v0.3.31
   Compiling bytecheck_derive v0.8.1
   Compiling phf v0.11.3
    Checking is-terminal v0.4.16
   Compiling cookie v0.18.1
   Compiling uncased v0.9.10
    Checking ipnet v2.11.0
   Compiling bitflags v2.9.1
   Compiling try-lock v0.2.5
    Checking data-encoding v2.9.0
    Checking linked-hash-map v0.5.6
    Checking simdutf8 v0.1.5
    Checking funty v2.0.0
    Checking same-file v1.0.6
    Checking lazy_static v1.5.0
    Checking walkdir v2.5.0
    Checking bytecheck v0.8.1
    Checking hickory-proto v0.24.4
    Checking lru-cache v0.1.2
   Compiling want v0.3.1
   Compiling devise_core v0.4.2
    Checking bitvec v1.0.1
   Compiling pest_meta v2.8.0
   Compiling chrono-tz-build v0.3.0
   Compiling http-body v0.4.6
   Compiling serde_with_macros v3.12.0
    Checking rand v0.9.1
    Checking ghash v0.5.1
   Compiling macro_magic v0.5.1
    Checking aes v0.8.4
    Checking ctr v0.9.2
    Checking crossbeam-epoch v0.9.18
    Checking serde_spanned v0.6.8
    Checking uuid v1.17.0
    Checking serde_bytes v0.11.17
    Checking toml_datetime v0.6.9
    Checking unicode-normalization v0.1.24
   Compiling munge_macro v0.4.4
    Checking aead v0.5.2
    Checking bstr v1.12.0
    Checking unicode-properties v0.1.3
   Compiling libm v0.2.15
    Checking winnow v0.7.10
    Checking inlinable_string v0.1.15
   Compiling convert_case v0.4.0
    Checking toml_write v0.1.1
    Checking hex v0.4.3
   Compiling rustix v1.0.7
    Checking unic-char-range v0.9.0
   Compiling httpdate v1.0.3
    Checking unicode-bidi v0.3.18
    Checking unic-common v0.9.0
   Compiling tower-service v0.3.3
    Checking resolv-conf v0.7.4
    Checking hickory-resolver v0.24.4
   Compiling pear v0.2.9
    Checking stringprep v0.1.5
   Compiling hyper v0.14.32
    Checking unic-ucd-version v0.9.0
   Compiling derive_more v0.99.20
    Checking unic-char-property v0.9.0
    Checking bson v2.15.0
    Checking toml_edit v0.22.26
    Checking globset v0.4.16
    Checking munge v0.4.4
    Checking aes-gcm v0.10.3
    Checking crossbeam-deque v0.8.6
   Compiling mongodb-internal-macros v3.2.3
    Checking serde_with v3.12.0
   Compiling devise_codegen v0.4.2
   Compiling pest_generator v2.8.0
   Compiling chrono-tz v0.9.0
   Compiling typed-builder v0.10.0
    Checking rend v0.5.2
    Checking h2 v0.3.26
   Compiling derive-where v1.4.0
   Compiling rkyv_derive v0.8.10
    Checking hkdf v0.12.4
   Compiling stable-pattern v0.1.0
    Checking sha-1 v0.10.1
    Checking md-5 v0.10.6
    Checking pbkdf2 v0.11.0
   Compiling figment v0.10.19
   Compiling multer v3.1.0
   Compiling v_htmlescape v0.15.8
    Checking base64 v0.13.1
    Checking regex-syntax v0.6.29
    Checking linux-raw-sys v0.9.4
   Compiling state v0.6.0
   Compiling either v1.15.0
    Checking take_mut v0.2.2
    Checking webpki-roots v0.25.4
   Compiling rocket_http v0.5.1
    Checking mongodb v3.2.3
    Checking regex-automata v0.1.10
    Checking rkyv v0.8.10
   Compiling pest_derive v2.8.0
    Checking toml v0.8.22
   Compiling devise v0.4.2
    Checking ignore v0.4.23
    Checking unic-ucd-segment v0.9.0
   Compiling async-stream-impl v0.3.6
    Checking http v1.3.1
    Checking inotify-sys v0.1.5
   Compiling rocket v0.5.1
    Checking encoding_rs v0.8.35
    Checking mime v0.3.17
   Compiling unicode-xid v0.2.6
   Compiling glob v0.3.2
    Checking overload v0.1.1
    Checking fastrand v2.3.0
    Checking spin v0.9.8
    Checking deunicode v1.6.2
   Compiling rocket_codegen v0.5.1
    Checking slug v0.1.6
    Checking tempfile v3.20.0
    Checking nu-ansi-term v0.46.0
    Checking humansize v2.1.3
    Checking inotify v0.9.6
    Checking async-stream v0.3.6
    Checking unic-segment v0.9.0
    Checking globwalk v0.9.1
    Checking matchers v0.1.0
    Checking sharded-slab v0.1.7
    Checking tokio-stream v0.1.17
    Checking crossbeam-channel v0.5.15
    Checking ubyte v0.10.4
    Checking tracing-log v0.2.0
    Checking thread_local v1.1.8
    Checking mio v0.8.11
    Checking num_cpus v1.16.0
    Checking filetime v0.2.25
    Checking binascii v0.1.4
    Checking self_cell v1.2.0
    Checking memo-map v0.3.3
    Checking atomic v0.5.3
    Checking notify v6.1.1
    Checking minijinja v2.6.0
    Checking tracing-subscriber v0.3.19
    Checking handlebars v5.1.2
error[E0283]: type annotations needed
   --> /home/adwin/.cargo/registry/src/mirrors.tuna.tsinghua.edu.cn-4dc01642fd091eda/minijinja-2.6.0/src/environment.rs:700:34
    |
700 |             .insert(name.into(), filters::BoxedFilter::new(f));
    |                                  ^^^^^^^^^^^^^^^^^^^^^^^^^ - type must be known at this point
    |                                  |
    |                                  cannot infer type of the type parameter `Args` declared on the associated function `new`
    |
    = note: cannot satisfy `F: filters::Filter<Rv, _>`
    = help: the following types implement trait `filters::Filter<Rv, Args>`:
              `Func` implements `filters::Filter<Rv, ()>`
              `Func` implements `filters::Filter<Rv, (A, B)>`
              `Func` implements `filters::Filter<Rv, (A, B, C)>`
              `Func` implements `filters::Filter<Rv, (A, B, C, D)>`
              `Func` implements `filters::Filter<Rv, (A, B, C, D, E)>`
              `Func` implements `filters::Filter<Rv, (A,)>`
note: required by a bound in `BoxedFilter::new`
   --> /home/adwin/.cargo/registry/src/mirrors.tuna.tsinghua.edu.cn-4dc01642fd091eda/minijinja-2.6.0/src/filters.rs:238:12
    |
236 |     pub fn new<F, Rv, Args>(f: F) -> BoxedFilter
    |            --- required by a bound in this associated function
237 |     where
238 |         F: Filter<Rv, Args> + for<'a> Filter<Rv, <Args as FunctionArgs<'a>>::Output>,
    |            ^^^^^^^^^^^^^^^^ required by this bound in `BoxedFilter::new`
help: consider specifying the generic arguments
    |
700 |             .insert(name.into(), filters::BoxedFilter::new::<F, Rv, Args>(f));
    |                                                           +++++++++++++++

error[E0283]: type annotations needed
   --> /home/adwin/.cargo/registry/src/mirrors.tuna.tsinghua.edu.cn-4dc01642fd091eda/minijinja-2.6.0/src/environment.rs:721:40
    |
721 |         self.tests.insert(name.into(), tests::BoxedTest::new(f));
    |                                        ^^^^^^^^^^^^^^^^^^^^^ - type must be known at this point
    |                                        |
    |                                        cannot infer type of the type parameter `Args` declared on the associated function `new`
    |
    = note: cannot satisfy `F: tests::Test<Rv, _>`
    = help: the following types implement trait `tests::Test<Rv, Args>`:
              `Func` implements `tests::Test<Rv, ()>`
              `Func` implements `tests::Test<Rv, (A, B)>`
              `Func` implements `tests::Test<Rv, (A, B, C)>`
              `Func` implements `tests::Test<Rv, (A, B, C, D)>`
              `Func` implements `tests::Test<Rv, (A, B, C, D, E)>`
              `Func` implements `tests::Test<Rv, (A,)>`
note: required by a bound in `BoxedTest::new`
   --> /home/adwin/.cargo/registry/src/mirrors.tuna.tsinghua.edu.cn-4dc01642fd091eda/minijinja-2.6.0/src/tests.rs:184:12
    |
182 |     pub fn new<F, Rv, Args>(f: F) -> BoxedTest
    |            --- required by a bound in this associated function
183 |     where
184 |         F: Test<Rv, Args> + for<'a> Test<Rv, <Args as FunctionArgs<'a>>::Output>,
    |            ^^^^^^^^^^^^^^ required by this bound in `BoxedTest::new`
help: consider specifying the generic arguments
    |
721 |         self.tests.insert(name.into(), tests::BoxedTest::new::<F, Rv, Args>(f));
    |                                                             +++++++++++++++

error[E0283]: type annotations needed
    --> /home/adwin/.cargo/registry/src/mirrors.tuna.tsinghua.edu.cn-4dc01642fd091eda/minijinja-2.6.0/src/environment.rs:747:38
     |
 747 |         self.add_global(name.into(), Value::from_function(f))
     |                                      ^^^^^^^^^^^^^^^^^^^^ - type must be known at this point
     |                                      |
     |                                      cannot infer type of the type parameter `Args` declared on the associated function `from_function`
     |
     = note: cannot satisfy `F: Function<Rv, _>`
     = help: the following types implement trait `Function<Rv, Args>`:
               `Func` implements `Function<Rv, ()>`
               `Func` implements `Function<Rv, (A, B)>`
               `Func` implements `Function<Rv, (A, B, C)>`
               `Func` implements `Function<Rv, (A, B, C, D)>`
               `Func` implements `Function<Rv, (A, B, C, D, E)>`
               `Func` implements `Function<Rv, (A,)>`
note: required by a bound in `value::Value::from_function`
    --> /home/adwin/.cargo/registry/src/mirrors.tuna.tsinghua.edu.cn-4dc01642fd091eda/minijinja-2.6.0/src/value/mod.rs:1077:12
     |
1074 |     pub fn from_function<F, Rv, Args>(f: F) -> Value
     |            ------------- required by a bound in this associated function
...
1077 |         F: functions::Function<Rv, Args>
     |            ^^^^^^^^^^^^^^^^^^^^^^^^^^^^^ required by this bound in `Value::from_function`
help: consider specifying the generic arguments
     |
 747 |         self.add_global(name.into(), Value::from_function::<F, Rv, Args>(f))
     |                                                          +++++++++++++++

    Checking normpath v1.3.0
    Checking tera v1.20.0
error[E0283]: type annotations needed
    --> /home/adwin/.cargo/registry/src/mirrors.tuna.tsinghua.edu.cn-4dc01642fd091eda/minijinja-2.6.0/src/value/mod.rs:1082:9
     |
1082 |         functions::BoxedFunction::new(f).to_value()
     |         ^^^^^^^^^^^^^^^^^^^^^^^^^^^^^ - type must be known at this point
     |         |
     |         cannot infer type of the type parameter `Args` declared on the associated function `new`
     |
     = note: cannot satisfy `F: Function<Rv, _>`
     = help: the following types implement trait `Function<Rv, Args>`:
               `Func` implements `Function<Rv, ()>`
               `Func` implements `Function<Rv, (A, B)>`
               `Func` implements `Function<Rv, (A, B, C)>`
               `Func` implements `Function<Rv, (A, B, C, D)>`
               `Func` implements `Function<Rv, (A, B, C, D, E)>`
               `Func` implements `Function<Rv, (A,)>`
note: required by a bound in `BoxedFunction::new`
    --> /home/adwin/.cargo/registry/src/mirrors.tuna.tsinghua.edu.cn-4dc01642fd091eda/minijinja-2.6.0/src/functions.rs:213:12
     |
 211 |     pub fn new<F, Rv, Args>(f: F) -> BoxedFunction
     |            --- required by a bound in this associated function
 212 |     where
 213 |         F: Function<Rv, Args> + for<'a> Function<Rv, <Args as FunctionArgs<'a>>::Output>,
     |            ^^^^^^^^^^^^^^^^^^ required by this bound in `BoxedFunction::new`
help: consider specifying the generic arguments
     |
1082 |         functions::BoxedFunction::new::<F, Rv, Args>(f).to_value()
     |                                      +++++++++++++++

    Checking hostname v0.4.1
For more information about this error, try `rustc --explain E0283`.
error: could not compile `minijinja` (lib) due to 4 previous errors
warning: build failed, waiting for other jobs to finish...
