Running as unit: run-p2411445-i14991551.scope; invocation ID: 9560d00053c149e1a51760256ba7ac00
   Compiling proc-macro2 v1.0.103
   Compiling unicode-ident v1.0.20
   Compiling quote v1.0.41
   Compiling libc v0.2.177
    Checking cfg-if v1.0.4
    Checking smallvec v1.15.1
    Checking log v0.4.28
   Compiling autocfg v1.5.0
    Checking memchr v2.7.6
    Checking bitflags v2.10.0
    Checking itoa v1.0.15
   Compiling zerocopy v0.8.27
    Checking bytes v1.10.1
   Compiling num-traits v0.2.19
   Compiling crossbeam-utils v0.8.21
   Compiling typenum v1.19.0
    Checking pin-project-lite v0.2.16
    Checking once_cell v1.21.3
    Checking futures-core v0.3.31
   Compiling rustix v1.1.2
   Compiling parking_lot_core v0.9.12
   Compiling syn v2.0.108
    Checking fnv v1.0.7
    Checking scopeguard v1.2.0
   Compiling version_check v0.9.5
   Compiling getrandom v0.3.4
    Checking linux-raw-sys v0.11.0
    Checking crossbeam-epoch v0.9.18
   Compiling generic-array v0.14.9
    Checking lock_api v0.4.14
    Checking http v1.3.1
   Compiling rayon-core v1.13.0
   Compiling find-msvc-tools v0.1.4
   Compiling pkg-config v0.3.32
   Compiling shlex v1.3.0
    Checking simd-adler32 v0.3.7
   Compiling cc v1.2.43
    Checking parking_lot v0.12.5
   Compiling wayland-sys v0.31.7
    Checking crossbeam-deque v0.8.6
    Checking socket2 v0.6.1
    Checking signal-hook-registry v1.4.6
    Checking mio v1.1.0
   Compiling serde_core v1.0.228
    Checking num-integer v0.1.46
   Compiling anyhow v1.0.100
   Compiling crc32fast v1.5.0
    Checking either v1.15.0
   Compiling wayland-backend v0.3.11
   Compiling httparse v1.10.1
    Checking adler2 v2.0.1
   Compiling thiserror v1.0.69
    Checking pin-utils v0.1.0
    Checking miniz_oxide v0.8.9
    Checking num-bigint v0.4.6
    Checking http-body v1.0.1
   Compiling quick-xml v0.37.5
    Checking nom v8.0.0
    Checking aho-corasick v1.1.3
    Checking arrayvec v0.7.6
   Compiling built v0.7.7
    Checking regex-syntax v0.8.8
    Checking downcast-rs v1.2.1
    Checking futures-sink v0.3.31
   Compiling wayland-client v0.31.11
   Compiling paste v1.0.15
   Compiling rav1e v0.7.1
    Checking num-rational v0.4.2
   Compiling wayland-scanner v0.31.7
    Checking rayon v1.11.0
    Checking crypto-common v0.1.6
    Checking block-buffer v0.10.4
   Compiling zerocopy-derive v0.8.27
   Compiling equator-macro v0.4.2
   Compiling tokio-macros v2.6.0
    Checking equator v0.4.2
    Checking tokio v1.48.0
    Checking aligned-vec v0.6.4
   Compiling thiserror-impl v1.0.69
    Checking v_frame v0.3.9
    Checking regex-automata v0.4.13
   Compiling profiling-procmacros v1.0.17
    Checking rand_core v0.9.3
    Checking tracing-core v0.1.34
   Compiling syn v1.0.109
    Checking futures-task v0.3.31
   Compiling thiserror v2.0.17
   Compiling serde v1.0.228
    Checking ppv-lite86 v0.2.21
    Checking slab v0.4.11
    Checking tower-service v0.3.3
    Checking quick-error v2.0.1
    Checking regex v1.12.2
    Checking futures-util v0.3.31
    Checking half v2.7.1
    Checking rand_chacha v0.9.0
    Checking tracing v0.1.41
    Checking profiling v1.0.17
    Checking maybe-rayon v0.1.1
    Checking digest v0.10.7
   Compiling fax_derive v0.2.0
   Compiling arg_enum_proc_macro v0.3.4
   Compiling thiserror-impl v2.0.17
   Compiling serde_derive v1.0.228
   Compiling num-derive v0.4.2
    Checking flate2 v1.1.5
    Checking itertools v0.12.1
   Compiling simd_helpers v0.1.0
    Checking zune-core v0.4.12
    Checking ryu v1.0.20
   Compiling rustversion v1.0.22
    Checking iana-time-zone v0.1.64
    Checking tower-layer v0.3.3
    Checking new_debug_unreachable v1.0.6
   Compiling unicase v2.8.1
    Checking cpufeatures v0.2.17
   Compiling noop_proc_macro v0.3.0
    Checking percent-encoding v2.3.2
   Compiling serde_json v1.0.145
    Checking weezl v0.1.10
    Checking httpdate v1.0.3
    Checking mime v0.3.17
    Checking bitstream-io v2.6.0
    Checking imgref v1.12.0
    Checking sha1 v0.10.6
    Checking loop9 v0.1.5
   Compiling mime_guess v2.0.5
    Checking chrono v0.4.42
    Checking zune-jpeg v0.4.21
    Checking wayland-protocols v0.32.9
    Checking fax v0.2.6
    Checking rand v0.9.2
    Checking avif-serialize v0.8.6
    Checking http-body-util v0.1.3
    Checking fdeflate v0.3.7
    Checking zune-inflate v0.2.54
    Checking pxfm v0.1.25
    Checking futures-channel v0.3.31
    Checking utf8parse v0.2.2
    Checking lebe v0.5.3
   Compiling execute-command-tokens v0.1.7
    Checking atomic-waker v1.1.2
    Checking sync_wrapper v1.0.2
    Checking utf-8 v0.7.6
    Checking data-encoding v2.9.0
    Checking color_quant v1.1.0
    Checking bit_field v0.10.3
    Checking bitflags v1.3.2
    Checking bytemuck v1.24.0
    Checking byteorder v1.5.0
    Checking rgb v0.8.52
    Checking byteorder-lite v0.1.0
    Checking qoi v0.4.1
    Checking image-webp v0.2.4
    Checking exr v1.73.0
    Checking tungstenite v0.28.0
   Compiling num-derive v0.3.3
    Checking gif v0.13.3
    Checking moxcms v0.7.9
    Checking hyper v1.7.0
   Compiling execute-command-macro-impl v0.1.10
    Checking anstyle-parse v0.2.7
    Checking png v0.18.0
    Checking tiff v0.10.3
    Checking form_urlencoded v1.2.2
    Checking gethostname v1.1.0
    Checking memmap2 v0.9.9
    Checking is-terminal v0.4.17
    Checking xkeysym v0.2.1
    Checking fastrand v2.3.0
    Checking same-file v1.0.6
    Checking anstyle v1.0.13
    Checking is_terminal_polyfill v1.70.2
    Checking colorchoice v1.0.4
    Checking termcolor v1.4.1
    Checking widestring v0.4.3
    Checking humantime v2.3.0
    Checking configparser v1.0.0
    Checking x11rb-protocol v0.13.2
    Checking anstyle-query v1.1.4
    Checking ini v1.3.0
    Checking anstream v0.6.21
    Checking parselnk v0.1.1
    Checking env_logger v0.10.2
    Checking xkbcommon v0.9.0
    Checking walkdir v2.5.0
    Checking tempfile v3.23.0
    Checking serde_urlencoded v0.7.1
    Checking generic-array v1.3.5
    Checking hyper-util v0.1.17
error[E0275]: overflow evaluating the requirement `GenericArray<T, UInt<UTerm, typenum::B1>> well-formed`
   --> /home/adwin/.cargo/registry/src/mirrors.tuna.tsinghua.edu.cn-4dc01642fd091eda/generic-array-1.3.5/src/impls.rs:161:13
    |
161 |               fn from(tuple: ($(impl_tuple!(@T $t),)*)) -> Self {
    |               ^^^^^^^^^^^^^^^^^^^^^^^^^^^^^^^^^^^^^^^^^^^^^^^^^
...
178 | / impl_tuple! {
179 | |     consts::U1  => (A,);
180 | |     consts::U2  => (A,B,);
181 | |     consts::U3  => (A,B,C,);
...   |
190 | |     consts::U12 => (A,B,C,D,E,F,G,H,I,J,K,L,);
191 | | }
    | |_- in this macro invocation
    |
    = help: consider increasing the recursion limit by adding a `#![recursion_limit = "256"]` attribute to your crate (`generic_array`)
note: the requirement `GenericArray<T, UInt<UTerm, typenum::B1>> well-formed` appears on the `impl`'s associated function `from` but not on the corresponding trait's associated function
   --> /home/adwin/.rustup/toolchains/nightly-x86_64-unknown-linux-gnu/lib/rustlib/src/rust/library/core/src/convert/mod.rs:592:8
    |
587 | pub const trait From<T>: Sized {
    |                 ---- in this trait
...
592 |     fn from(value: T) -> Self;
    |        ^^^^ this trait's associated function doesn't have the requirement `GenericArray<T, UInt<UTerm, typenum::B1>> well-formed`
    = note: this error originates in the macro `impl_tuple` (in Nightly builds, run with -Z macro-backtrace for more info)

error[E0275]: overflow evaluating the requirement `GenericArray<T, UInt<UTerm, typenum::B1>>: Sized`
   --> /home/adwin/.cargo/registry/src/mirrors.tuna.tsinghua.edu.cn-4dc01642fd091eda/generic-array-1.3.5/src/impls.rs:158:53
    |
158 |           impl<T> From<($(impl_tuple!(@T $t),)*)> for GenericArray<T, $len> {
    |                                                       ^^^^^^^^^^^^^^^^^^^^^
...
178 | / impl_tuple! {
179 | |     consts::U1  => (A,);
180 | |     consts::U2  => (A,B,);
181 | |     consts::U3  => (A,B,C,);
...   |
190 | |     consts::U12 => (A,B,C,D,E,F,G,H,I,J,K,L,);
191 | | }
    | |_- in this macro invocation
    |
    = help: consider increasing the recursion limit by adding a `#![recursion_limit = "256"]` attribute to your crate (`generic_array`)
note: required by a bound in `From`
   --> /home/adwin/.rustup/toolchains/nightly-x86_64-unknown-linux-gnu/lib/rustlib/src/rust/library/core/src/convert/mod.rs:587:26
    |
587 | pub const trait From<T>: Sized {
    |                          ^^^^^ required by this bound in `From`
    = note: this error originates in the macro `impl_tuple` (in Nightly builds, run with -Z macro-backtrace for more info)

error[E0275]: overflow evaluating the requirement `GenericArray<T, UInt<UTerm, typenum::B1>> well-formed`
   --> /home/adwin/.cargo/registry/src/mirrors.tuna.tsinghua.edu.cn-4dc01642fd091eda/generic-array-1.3.5/src/impls.rs:158:53
    |
158 |           impl<T> From<($(impl_tuple!(@T $t),)*)> for GenericArray<T, $len> {
    |                                                       ^^^^^^^^^^^^^^^^^^^^^
...
178 | / impl_tuple! {
179 | |     consts::U1  => (A,);
180 | |     consts::U2  => (A,B,);
181 | |     consts::U3  => (A,B,C,);
...   |
190 | |     consts::U12 => (A,B,C,D,E,F,G,H,I,J,K,L,);
191 | | }
    | |_- in this macro invocation
    |
    = help: consider increasing the recursion limit by adding a `#![recursion_limit = "256"]` attribute to your crate (`generic_array`)
    = note: this error originates in the macro `impl_tuple` (in Nightly builds, run with -Z macro-backtrace for more info)

error[E0275]: overflow evaluating the requirement `GenericArray<T, UInt<UTerm, typenum::B1>> well-formed`
   --> /home/adwin/.cargo/registry/src/mirrors.tuna.tsinghua.edu.cn-4dc01642fd091eda/generic-array-1.3.5/src/impls.rs:170:13
    |
170 |               fn from(array: GenericArray<T, $len>) -> Self {
    |               ^^^^^^^^^^^^^^^^^^^^^^^^^^^^^^^^^^^^^^^^^^^^^
...
178 | / impl_tuple! {
179 | |     consts::U1  => (A,);
180 | |     consts::U2  => (A,B,);
181 | |     consts::U3  => (A,B,C,);
...   |
190 | |     consts::U12 => (A,B,C,D,E,F,G,H,I,J,K,L,);
191 | | }
    | |_- in this macro invocation
    |
    = help: consider increasing the recursion limit by adding a `#![recursion_limit = "256"]` attribute to your crate (`generic_array`)
note: the requirement `GenericArray<T, UInt<UTerm, typenum::B1>> well-formed` appears on the `impl`'s associated function `from` but not on the corresponding trait's associated function
   --> /home/adwin/.rustup/toolchains/nightly-x86_64-unknown-linux-gnu/lib/rustlib/src/rust/library/core/src/convert/mod.rs:592:8
    |
587 | pub const trait From<T>: Sized {
    |                 ---- in this trait
...
592 |     fn from(value: T) -> Self;
    |        ^^^^ this trait's associated function doesn't have the requirement `GenericArray<T, UInt<UTerm, typenum::B1>> well-formed`
    = note: this error originates in the macro `impl_tuple` (in Nightly builds, run with -Z macro-backtrace for more info)

error[E0275]: overflow evaluating the requirement `GenericArray<T, UInt<UTerm, typenum::B1>>: Sized`
   --> /home/adwin/.cargo/registry/src/mirrors.tuna.tsinghua.edu.cn-4dc01642fd091eda/generic-array-1.3.5/src/impls.rs:167:17
    |
167 |           impl<T> From<GenericArray<T, $len>> for ($(impl_tuple!(@T $t),)*) {
    |                   ^^^^^^^^^^^^^^^^^^^^^^^^^^^
...
178 | / impl_tuple! {
179 | |     consts::U1  => (A,);
180 | |     consts::U2  => (A,B,);
181 | |     consts::U3  => (A,B,C,);
...   |
190 | |     consts::U12 => (A,B,C,D,E,F,G,H,I,J,K,L,);
191 | | }
    | |_- in this macro invocation
    |
    = help: consider increasing the recursion limit by adding a `#![recursion_limit = "256"]` attribute to your crate (`generic_array`)
note: required by an implicit `Sized` bound in `From`
   --> /home/adwin/.rustup/toolchains/nightly-x86_64-unknown-linux-gnu/lib/rustlib/src/rust/library/core/src/convert/mod.rs:587:22
    |
587 | pub const trait From<T>: Sized {
    |                      ^ required by the implicit `Sized` requirement on this type parameter in `From`
    = note: this error originates in the macro `impl_tuple` (in Nightly builds, run with -Z macro-backtrace for more info)

error[E0275]: overflow evaluating the requirement `GenericArray<T, UInt<UTerm, typenum::B1>> well-formed`
   --> /home/adwin/.cargo/registry/src/mirrors.tuna.tsinghua.edu.cn-4dc01642fd091eda/generic-array-1.3.5/src/impls.rs:167:17
    |
167 |           impl<T> From<GenericArray<T, $len>> for ($(impl_tuple!(@T $t),)*) {
    |                   ^^^^^^^^^^^^^^^^^^^^^^^^^^^
...
178 | / impl_tuple! {
179 | |     consts::U1  => (A,);
180 | |     consts::U2  => (A,B,);
181 | |     consts::U3  => (A,B,C,);
...   |
190 | |     consts::U12 => (A,B,C,D,E,F,G,H,I,J,K,L,);
191 | | }
    | |_- in this macro invocation
    |
    = help: consider increasing the recursion limit by adding a `#![recursion_limit = "256"]` attribute to your crate (`generic_array`)
    = note: this error originates in the macro `impl_tuple` (in Nightly builds, run with -Z macro-backtrace for more info)

error[E0275]: overflow evaluating the requirement `GenericArray<T, UInt<UInt<UTerm, typenum::B1>, B0>> well-formed`
   --> /home/adwin/.cargo/registry/src/mirrors.tuna.tsinghua.edu.cn-4dc01642fd091eda/generic-array-1.3.5/src/impls.rs:161:13
    |
161 |               fn from(tuple: ($(impl_tuple!(@T $t),)*)) -> Self {
    |               ^^^^^^^^^^^^^^^^^^^^^^^^^^^^^^^^^^^^^^^^^^^^^^^^^
...
178 | / impl_tuple! {
179 | |     consts::U1  => (A,);
180 | |     consts::U2  => (A,B,);
181 | |     consts::U3  => (A,B,C,);
...   |
190 | |     consts::U12 => (A,B,C,D,E,F,G,H,I,J,K,L,);
191 | | }
    | |_- in this macro invocation
    |
    = help: consider increasing the recursion limit by adding a `#![recursion_limit = "256"]` attribute to your crate (`generic_array`)
note: the requirement `GenericArray<T, UInt<UInt<UTerm, typenum::B1>, B0>> well-formed` appears on the `impl`'s associated function `from` but not on the corresponding trait's associated function
   --> /home/adwin/.rustup/toolchains/nightly-x86_64-unknown-linux-gnu/lib/rustlib/src/rust/library/core/src/convert/mod.rs:592:8
    |
587 | pub const trait From<T>: Sized {
    |                 ---- in this trait
...
592 |     fn from(value: T) -> Self;
    |        ^^^^ this trait's associated function doesn't have the requirement `GenericArray<T, UInt<UInt<UTerm, typenum::B1>, B0>> well-formed`
    = note: this error originates in the macro `impl_tuple` (in Nightly builds, run with -Z macro-backtrace for more info)

error[E0275]: overflow evaluating the requirement `GenericArray<T, UInt<UInt<UTerm, typenum::B1>, B0>>: Sized`
   --> /home/adwin/.cargo/registry/src/mirrors.tuna.tsinghua.edu.cn-4dc01642fd091eda/generic-array-1.3.5/src/impls.rs:158:53
    |
158 |           impl<T> From<($(impl_tuple!(@T $t),)*)> for GenericArray<T, $len> {
    |                                                       ^^^^^^^^^^^^^^^^^^^^^
...
178 | / impl_tuple! {
179 | |     consts::U1  => (A,);
180 | |     consts::U2  => (A,B,);
181 | |     consts::U3  => (A,B,C,);
...   |
190 | |     consts::U12 => (A,B,C,D,E,F,G,H,I,J,K,L,);
191 | | }
    | |_- in this macro invocation
    |
    = help: consider increasing the recursion limit by adding a `#![recursion_limit = "256"]` attribute to your crate (`generic_array`)
note: required by a bound in `From`
   --> /home/adwin/.rustup/toolchains/nightly-x86_64-unknown-linux-gnu/lib/rustlib/src/rust/library/core/src/convert/mod.rs:587:26
    |
587 | pub const trait From<T>: Sized {
    |                          ^^^^^ required by this bound in `From`
    = note: this error originates in the macro `impl_tuple` (in Nightly builds, run with -Z macro-backtrace for more info)

error[E0275]: overflow evaluating the requirement `GenericArray<T, UInt<UInt<UTerm, typenum::B1>, B0>> well-formed`
   --> /home/adwin/.cargo/registry/src/mirrors.tuna.tsinghua.edu.cn-4dc01642fd091eda/generic-array-1.3.5/src/impls.rs:158:53
    |
158 |           impl<T> From<($(impl_tuple!(@T $t),)*)> for GenericArray<T, $len> {
    |                                                       ^^^^^^^^^^^^^^^^^^^^^
...
178 | / impl_tuple! {
179 | |     consts::U1  => (A,);
180 | |     consts::U2  => (A,B,);
181 | |     consts::U3  => (A,B,C,);
...   |
190 | |     consts::U12 => (A,B,C,D,E,F,G,H,I,J,K,L,);
191 | | }
    | |_- in this macro invocation
    |
    = help: consider increasing the recursion limit by adding a `#![recursion_limit = "256"]` attribute to your crate (`generic_array`)
    = note: this error originates in the macro `impl_tuple` (in Nightly builds, run with -Z macro-backtrace for more info)

error[E0275]: overflow evaluating the requirement `GenericArray<T, UInt<UInt<UTerm, typenum::B1>, B0>> well-formed`
   --> /home/adwin/.cargo/registry/src/mirrors.tuna.tsinghua.edu.cn-4dc01642fd091eda/generic-array-1.3.5/src/impls.rs:170:13
    |
170 |               fn from(array: GenericArray<T, $len>) -> Self {
    |               ^^^^^^^^^^^^^^^^^^^^^^^^^^^^^^^^^^^^^^^^^^^^^
...
178 | / impl_tuple! {
179 | |     consts::U1  => (A,);
180 | |     consts::U2  => (A,B,);
181 | |     consts::U3  => (A,B,C,);
...   |
190 | |     consts::U12 => (A,B,C,D,E,F,G,H,I,J,K,L,);
191 | | }
    | |_- in this macro invocation
    |
    = help: consider increasing the recursion limit by adding a `#![recursion_limit = "256"]` attribute to your crate (`generic_array`)
note: the requirement `GenericArray<T, UInt<UInt<UTerm, typenum::B1>, B0>> well-formed` appears on the `impl`'s associated function `from` but not on the corresponding trait's associated function
   --> /home/adwin/.rustup/toolchains/nightly-x86_64-unknown-linux-gnu/lib/rustlib/src/rust/library/core/src/convert/mod.rs:592:8
    |
587 | pub const trait From<T>: Sized {
    |                 ---- in this trait
...
592 |     fn from(value: T) -> Self;
    |        ^^^^ this trait's associated function doesn't have the requirement `GenericArray<T, UInt<UInt<UTerm, typenum::B1>, B0>> well-formed`
    = note: this error originates in the macro `impl_tuple` (in Nightly builds, run with -Z macro-backtrace for more info)

error[E0275]: overflow evaluating the requirement `GenericArray<T, UInt<UInt<UTerm, typenum::B1>, B0>>: Sized`
   --> /home/adwin/.cargo/registry/src/mirrors.tuna.tsinghua.edu.cn-4dc01642fd091eda/generic-array-1.3.5/src/impls.rs:167:17
    |
167 |           impl<T> From<GenericArray<T, $len>> for ($(impl_tuple!(@T $t),)*) {
    |                   ^^^^^^^^^^^^^^^^^^^^^^^^^^^
...
178 | / impl_tuple! {
179 | |     consts::U1  => (A,);
180 | |     consts::U2  => (A,B,);
181 | |     consts::U3  => (A,B,C,);
...   |
190 | |     consts::U12 => (A,B,C,D,E,F,G,H,I,J,K,L,);
191 | | }
    | |_- in this macro invocation
    |
    = help: consider increasing the recursion limit by adding a `#![recursion_limit = "256"]` attribute to your crate (`generic_array`)
note: required by an implicit `Sized` bound in `From`
   --> /home/adwin/.rustup/toolchains/nightly-x86_64-unknown-linux-gnu/lib/rustlib/src/rust/library/core/src/convert/mod.rs:587:22
    |
587 | pub const trait From<T>: Sized {
    |                      ^ required by the implicit `Sized` requirement on this type parameter in `From`
    = note: this error originates in the macro `impl_tuple` (in Nightly builds, run with -Z macro-backtrace for more info)

error[E0275]: overflow evaluating the requirement `GenericArray<T, UInt<UInt<UTerm, typenum::B1>, B0>> well-formed`
   --> /home/adwin/.cargo/registry/src/mirrors.tuna.tsinghua.edu.cn-4dc01642fd091eda/generic-array-1.3.5/src/impls.rs:167:17
    |
167 |           impl<T> From<GenericArray<T, $len>> for ($(impl_tuple!(@T $t),)*) {
    |                   ^^^^^^^^^^^^^^^^^^^^^^^^^^^
...
178 | / impl_tuple! {
179 | |     consts::U1  => (A,);
180 | |     consts::U2  => (A,B,);
181 | |     consts::U3  => (A,B,C,);
...   |
190 | |     consts::U12 => (A,B,C,D,E,F,G,H,I,J,K,L,);
191 | | }
    | |_- in this macro invocation
    |
    = help: consider increasing the recursion limit by adding a `#![recursion_limit = "256"]` attribute to your crate (`generic_array`)
    = note: this error originates in the macro `impl_tuple` (in Nightly builds, run with -Z macro-backtrace for more info)

error[E0275]: overflow evaluating the requirement `GenericArray<T, UInt<UInt<UTerm, typenum::B1>, typenum::B1>> well-formed`
   --> /home/adwin/.cargo/registry/src/mirrors.tuna.tsinghua.edu.cn-4dc01642fd091eda/generic-array-1.3.5/src/impls.rs:161:13
    |
161 |               fn from(tuple: ($(impl_tuple!(@T $t),)*)) -> Self {
    |               ^^^^^^^^^^^^^^^^^^^^^^^^^^^^^^^^^^^^^^^^^^^^^^^^^
...
178 | / impl_tuple! {
179 | |     consts::U1  => (A,);
180 | |     consts::U2  => (A,B,);
181 | |     consts::U3  => (A,B,C,);
...   |
190 | |     consts::U12 => (A,B,C,D,E,F,G,H,I,J,K,L,);
191 | | }
    | |_- in this macro invocation
    |
    = help: consider increasing the recursion limit by adding a `#![recursion_limit = "256"]` attribute to your crate (`generic_array`)
note: the requirement `GenericArray<T, UInt<UInt<UTerm, typenum::B1>, typenum::B1>> well-formed` appears on the `impl`'s associated function `from` but not on the corresponding trait's associated function
   --> /home/adwin/.rustup/toolchains/nightly-x86_64-unknown-linux-gnu/lib/rustlib/src/rust/library/core/src/convert/mod.rs:592:8
    |
587 | pub const trait From<T>: Sized {
    |                 ---- in this trait
...
592 |     fn from(value: T) -> Self;
    |        ^^^^ this trait's associated function doesn't have the requirement `GenericArray<T, UInt<UInt<UTerm, typenum::B1>, typenum::B1>> well-formed`
    = note: this error originates in the macro `impl_tuple` (in Nightly builds, run with -Z macro-backtrace for more info)

error[E0275]: overflow evaluating the requirement `GenericArray<T, UInt<UInt<UTerm, typenum::B1>, typenum::B1>>: Sized`
   --> /home/adwin/.cargo/registry/src/mirrors.tuna.tsinghua.edu.cn-4dc01642fd091eda/generic-array-1.3.5/src/impls.rs:158:53
    |
158 |           impl<T> From<($(impl_tuple!(@T $t),)*)> for GenericArray<T, $len> {
    |                                                       ^^^^^^^^^^^^^^^^^^^^^
...
178 | / impl_tuple! {
179 | |     consts::U1  => (A,);
180 | |     consts::U2  => (A,B,);
181 | |     consts::U3  => (A,B,C,);
...   |
190 | |     consts::U12 => (A,B,C,D,E,F,G,H,I,J,K,L,);
191 | | }
    | |_- in this macro invocation
    |
    = help: consider increasing the recursion limit by adding a `#![recursion_limit = "256"]` attribute to your crate (`generic_array`)
note: required by a bound in `From`
   --> /home/adwin/.rustup/toolchains/nightly-x86_64-unknown-linux-gnu/lib/rustlib/src/rust/library/core/src/convert/mod.rs:587:26
    |
587 | pub const trait From<T>: Sized {
    |                          ^^^^^ required by this bound in `From`
    = note: this error originates in the macro `impl_tuple` (in Nightly builds, run with -Z macro-backtrace for more info)

error[E0275]: overflow evaluating the requirement `GenericArray<T, UInt<UInt<UTerm, typenum::B1>, typenum::B1>> well-formed`
   --> /home/adwin/.cargo/registry/src/mirrors.tuna.tsinghua.edu.cn-4dc01642fd091eda/generic-array-1.3.5/src/impls.rs:158:53
    |
158 |           impl<T> From<($(impl_tuple!(@T $t),)*)> for GenericArray<T, $len> {
    |                                                       ^^^^^^^^^^^^^^^^^^^^^
...
178 | / impl_tuple! {
179 | |     consts::U1  => (A,);
180 | |     consts::U2  => (A,B,);
181 | |     consts::U3  => (A,B,C,);
...   |
190 | |     consts::U12 => (A,B,C,D,E,F,G,H,I,J,K,L,);
191 | | }
    | |_- in this macro invocation
    |
    = help: consider increasing the recursion limit by adding a `#![recursion_limit = "256"]` attribute to your crate (`generic_array`)
    = note: this error originates in the macro `impl_tuple` (in Nightly builds, run with -Z macro-backtrace for more info)

error[E0275]: overflow evaluating the requirement `GenericArray<T, UInt<UInt<UTerm, typenum::B1>, typenum::B1>> well-formed`
   --> /home/adwin/.cargo/registry/src/mirrors.tuna.tsinghua.edu.cn-4dc01642fd091eda/generic-array-1.3.5/src/impls.rs:170:13
    |
170 |               fn from(array: GenericArray<T, $len>) -> Self {
    |               ^^^^^^^^^^^^^^^^^^^^^^^^^^^^^^^^^^^^^^^^^^^^^
...
178 | / impl_tuple! {
179 | |     consts::U1  => (A,);
180 | |     consts::U2  => (A,B,);
181 | |     consts::U3  => (A,B,C,);
...   |
190 | |     consts::U12 => (A,B,C,D,E,F,G,H,I,J,K,L,);
191 | | }
    | |_- in this macro invocation
    |
    = help: consider increasing the recursion limit by adding a `#![recursion_limit = "256"]` attribute to your crate (`generic_array`)
note: the requirement `GenericArray<T, UInt<UInt<UTerm, typenum::B1>, typenum::B1>> well-formed` appears on the `impl`'s associated function `from` but not on the corresponding trait's associated function
   --> /home/adwin/.rustup/toolchains/nightly-x86_64-unknown-linux-gnu/lib/rustlib/src/rust/library/core/src/convert/mod.rs:592:8
    |
587 | pub const trait From<T>: Sized {
    |                 ---- in this trait
...
592 |     fn from(value: T) -> Self;
    |        ^^^^ this trait's associated function doesn't have the requirement `GenericArray<T, UInt<UInt<UTerm, typenum::B1>, typenum::B1>> well-formed`
    = note: this error originates in the macro `impl_tuple` (in Nightly builds, run with -Z macro-backtrace for more info)

error[E0275]: overflow evaluating the requirement `GenericArray<T, UInt<UInt<UTerm, typenum::B1>, typenum::B1>>: Sized`
   --> /home/adwin/.cargo/registry/src/mirrors.tuna.tsinghua.edu.cn-4dc01642fd091eda/generic-array-1.3.5/src/impls.rs:167:17
    |
167 |           impl<T> From<GenericArray<T, $len>> for ($(impl_tuple!(@T $t),)*) {
    |                   ^^^^^^^^^^^^^^^^^^^^^^^^^^^
...
178 | / impl_tuple! {
179 | |     consts::U1  => (A,);
180 | |     consts::U2  => (A,B,);
181 | |     consts::U3  => (A,B,C,);
...   |
190 | |     consts::U12 => (A,B,C,D,E,F,G,H,I,J,K,L,);
191 | | }
    | |_- in this macro invocation
    |
    = help: consider increasing the recursion limit by adding a `#![recursion_limit = "256"]` attribute to your crate (`generic_array`)
note: required by an implicit `Sized` bound in `From`
   --> /home/adwin/.rustup/toolchains/nightly-x86_64-unknown-linux-gnu/lib/rustlib/src/rust/library/core/src/convert/mod.rs:587:22
    |
587 | pub const trait From<T>: Sized {
    |                      ^ required by the implicit `Sized` requirement on this type parameter in `From`
    = note: this error originates in the macro `impl_tuple` (in Nightly builds, run with -Z macro-backtrace for more info)

error[E0275]: overflow evaluating the requirement `GenericArray<T, UInt<UInt<UTerm, typenum::B1>, typenum::B1>> well-formed`
   --> /home/adwin/.cargo/registry/src/mirrors.tuna.tsinghua.edu.cn-4dc01642fd091eda/generic-array-1.3.5/src/impls.rs:167:17
    |
167 |           impl<T> From<GenericArray<T, $len>> for ($(impl_tuple!(@T $t),)*) {
    |                   ^^^^^^^^^^^^^^^^^^^^^^^^^^^
...
178 | / impl_tuple! {
179 | |     consts::U1  => (A,);
180 | |     consts::U2  => (A,B,);
181 | |     consts::U3  => (A,B,C,);
...   |
190 | |     consts::U12 => (A,B,C,D,E,F,G,H,I,J,K,L,);
191 | | }
    | |_- in this macro invocation
    |
    = help: consider increasing the recursion limit by adding a `#![recursion_limit = "256"]` attribute to your crate (`generic_array`)
    = note: this error originates in the macro `impl_tuple` (in Nightly builds, run with -Z macro-backtrace for more info)

error[E0275]: overflow evaluating the requirement `GenericArray<T, UInt<UInt<UInt<UTerm, typenum::B1>, ...>, ...>> well-formed`
   --> /home/adwin/.cargo/registry/src/mirrors.tuna.tsinghua.edu.cn-4dc01642fd091eda/generic-array-1.3.5/src/impls.rs:161:13
    |
161 |               fn from(tuple: ($(impl_tuple!(@T $t),)*)) -> Self {
    |               ^^^^^^^^^^^^^^^^^^^^^^^^^^^^^^^^^^^^^^^^^^^^^^^^^
...
178 | / impl_tuple! {
179 | |     consts::U1  => (A,);
180 | |     consts::U2  => (A,B,);
181 | |     consts::U3  => (A,B,C,);
...   |
190 | |     consts::U12 => (A,B,C,D,E,F,G,H,I,J,K,L,);
191 | | }
    | |_- in this macro invocation
    |
    = help: consider increasing the recursion limit by adding a `#![recursion_limit = "256"]` attribute to your crate (`generic_array`)
note: the requirement `GenericArray<T, UInt<UInt<UInt<UTerm, typenum::B1>, B0>, B0>> well-formed` appears on the `impl`'s associated function `from` but not on the corresponding trait's associated function
   --> /home/adwin/.rustup/toolchains/nightly-x86_64-unknown-linux-gnu/lib/rustlib/src/rust/library/core/src/convert/mod.rs:592:8
    |
587 | pub const trait From<T>: Sized {
    |                 ---- in this trait
...
592 |     fn from(value: T) -> Self;
    |        ^^^^ this trait's associated function doesn't have the requirement `GenericArray<T, UInt<UInt<UInt<UTerm, typenum::B1>, B0>, B0>> well-formed`
    = note: this error originates in the macro `impl_tuple` (in Nightly builds, run with -Z macro-backtrace for more info)

error[E0275]: overflow evaluating the requirement `GenericArray<T, UInt<UInt<UInt<UTerm, typenum::B1>, ...>, ...>>: Sized`
   --> /home/adwin/.cargo/registry/src/mirrors.tuna.tsinghua.edu.cn-4dc01642fd091eda/generic-array-1.3.5/src/impls.rs:158:53
    |
158 |           impl<T> From<($(impl_tuple!(@T $t),)*)> for GenericArray<T, $len> {
    |                                                       ^^^^^^^^^^^^^^^^^^^^^
...
178 | / impl_tuple! {
179 | |     consts::U1  => (A,);
180 | |     consts::U2  => (A,B,);
181 | |     consts::U3  => (A,B,C,);
...   |
190 | |     consts::U12 => (A,B,C,D,E,F,G,H,I,J,K,L,);
191 | | }
    | |_- in this macro invocation
    |
    = help: consider increasing the recursion limit by adding a `#![recursion_limit = "256"]` attribute to your crate (`generic_array`)
note: required by a bound in `From`
   --> /home/adwin/.rustup/toolchains/nightly-x86_64-unknown-linux-gnu/lib/rustlib/src/rust/library/core/src/convert/mod.rs:587:26
    |
587 | pub const trait From<T>: Sized {
    |                          ^^^^^ required by this bound in `From`
    = note: this error originates in the macro `impl_tuple` (in Nightly builds, run with -Z macro-backtrace for more info)

error[E0275]: overflow evaluating the requirement `GenericArray<T, UInt<UInt<UInt<UTerm, typenum::B1>, ...>, ...>> well-formed`
   --> /home/adwin/.cargo/registry/src/mirrors.tuna.tsinghua.edu.cn-4dc01642fd091eda/generic-array-1.3.5/src/impls.rs:158:53
    |
158 |           impl<T> From<($(impl_tuple!(@T $t),)*)> for GenericArray<T, $len> {
    |                                                       ^^^^^^^^^^^^^^^^^^^^^
...
178 | / impl_tuple! {
179 | |     consts::U1  => (A,);
180 | |     consts::U2  => (A,B,);
181 | |     consts::U3  => (A,B,C,);
...   |
190 | |     consts::U12 => (A,B,C,D,E,F,G,H,I,J,K,L,);
191 | | }
    | |_- in this macro invocation
    |
    = help: consider increasing the recursion limit by adding a `#![recursion_limit = "256"]` attribute to your crate (`generic_array`)
    = note: this error originates in the macro `impl_tuple` (in Nightly builds, run with -Z macro-backtrace for more info)

error[E0275]: overflow evaluating the requirement `GenericArray<T, UInt<UInt<UInt<UTerm, typenum::B1>, ...>, ...>> well-formed`
   --> /home/adwin/.cargo/registry/src/mirrors.tuna.tsinghua.edu.cn-4dc01642fd091eda/generic-array-1.3.5/src/impls.rs:170:13
    |
170 |               fn from(array: GenericArray<T, $len>) -> Self {
    |               ^^^^^^^^^^^^^^^^^^^^^^^^^^^^^^^^^^^^^^^^^^^^^
...
178 | / impl_tuple! {
179 | |     consts::U1  => (A,);
180 | |     consts::U2  => (A,B,);
181 | |     consts::U3  => (A,B,C,);
...   |
190 | |     consts::U12 => (A,B,C,D,E,F,G,H,I,J,K,L,);
191 | | }
    | |_- in this macro invocation
    |
    = help: consider increasing the recursion limit by adding a `#![recursion_limit = "256"]` attribute to your crate (`generic_array`)
note: the requirement `GenericArray<T, UInt<UInt<UInt<UTerm, typenum::B1>, B0>, B0>> well-formed` appears on the `impl`'s associated function `from` but not on the corresponding trait's associated function
   --> /home/adwin/.rustup/toolchains/nightly-x86_64-unknown-linux-gnu/lib/rustlib/src/rust/library/core/src/convert/mod.rs:592:8
    |
587 | pub const trait From<T>: Sized {
    |                 ---- in this trait
...
592 |     fn from(value: T) -> Self;
    |        ^^^^ this trait's associated function doesn't have the requirement `GenericArray<T, UInt<UInt<UInt<UTerm, typenum::B1>, B0>, B0>> well-formed`
    = note: this error originates in the macro `impl_tuple` (in Nightly builds, run with -Z macro-backtrace for more info)

error[E0275]: overflow evaluating the requirement `GenericArray<T, UInt<UInt<UInt<UTerm, typenum::B1>, ...>, ...>>: Sized`
   --> /home/adwin/.cargo/registry/src/mirrors.tuna.tsinghua.edu.cn-4dc01642fd091eda/generic-array-1.3.5/src/impls.rs:167:17
    |
167 |           impl<T> From<GenericArray<T, $len>> for ($(impl_tuple!(@T $t),)*) {
    |                   ^^^^^^^^^^^^^^^^^^^^^^^^^^^
...
178 | / impl_tuple! {
179 | |     consts::U1  => (A,);
180 | |     consts::U2  => (A,B,);
181 | |     consts::U3  => (A,B,C,);
...   |
190 | |     consts::U12 => (A,B,C,D,E,F,G,H,I,J,K,L,);
191 | | }
    | |_- in this macro invocation
    |
    = help: consider increasing the recursion limit by adding a `#![recursion_limit = "256"]` attribute to your crate (`generic_array`)
note: required by an implicit `Sized` bound in `From`
   --> /home/adwin/.rustup/toolchains/nightly-x86_64-unknown-linux-gnu/lib/rustlib/src/rust/library/core/src/convert/mod.rs:587:22
    |
587 | pub const trait From<T>: Sized {
    |                      ^ required by the implicit `Sized` requirement on this type parameter in `From`
    = note: this error originates in the macro `impl_tuple` (in Nightly builds, run with -Z macro-backtrace for more info)

error[E0275]: overflow evaluating the requirement `GenericArray<T, UInt<UInt<UInt<UTerm, typenum::B1>, ...>, ...>> well-formed`
   --> /home/adwin/.cargo/registry/src/mirrors.tuna.tsinghua.edu.cn-4dc01642fd091eda/generic-array-1.3.5/src/impls.rs:167:17
    |
167 |           impl<T> From<GenericArray<T, $len>> for ($(impl_tuple!(@T $t),)*) {
    |                   ^^^^^^^^^^^^^^^^^^^^^^^^^^^
...
178 | / impl_tuple! {
179 | |     consts::U1  => (A,);
180 | |     consts::U2  => (A,B,);
181 | |     consts::U3  => (A,B,C,);
...   |
190 | |     consts::U12 => (A,B,C,D,E,F,G,H,I,J,K,L,);
191 | | }
    | |_- in this macro invocation
    |
    = help: consider increasing the recursion limit by adding a `#![recursion_limit = "256"]` attribute to your crate (`generic_array`)
    = note: this error originates in the macro `impl_tuple` (in Nightly builds, run with -Z macro-backtrace for more info)

error[E0275]: overflow evaluating the requirement `GenericArray<T, UInt<UInt<UInt<UTerm, typenum::B1>, ...>, ...>> well-formed`
   --> /home/adwin/.cargo/registry/src/mirrors.tuna.tsinghua.edu.cn-4dc01642fd091eda/generic-array-1.3.5/src/impls.rs:161:13
    |
161 |               fn from(tuple: ($(impl_tuple!(@T $t),)*)) -> Self {
    |               ^^^^^^^^^^^^^^^^^^^^^^^^^^^^^^^^^^^^^^^^^^^^^^^^^
...
178 | / impl_tuple! {
179 | |     consts::U1  => (A,);
180 | |     consts::U2  => (A,B,);
181 | |     consts::U3  => (A,B,C,);
...   |
190 | |     consts::U12 => (A,B,C,D,E,F,G,H,I,J,K,L,);
191 | | }
    | |_- in this macro invocation
    |
    = help: consider increasing the recursion limit by adding a `#![recursion_limit = "256"]` attribute to your crate (`generic_array`)
note: the requirement `GenericArray<T, UInt<UInt<UInt<UTerm, typenum::B1>, B0>, typenum::B1>> well-formed` appears on the `impl`'s associated function `from` but not on the corresponding trait's associated function
   --> /home/adwin/.rustup/toolchains/nightly-x86_64-unknown-linux-gnu/lib/rustlib/src/rust/library/core/src/convert/mod.rs:592:8
    |
587 | pub const trait From<T>: Sized {
    |                 ---- in this trait
...
592 |     fn from(value: T) -> Self;
    |        ^^^^ this trait's associated function doesn't have the requirement `GenericArray<T, UInt<UInt<UInt<UTerm, typenum::B1>, B0>, typenum::B1>> well-formed`
    = note: this error originates in the macro `impl_tuple` (in Nightly builds, run with -Z macro-backtrace for more info)

error[E0275]: overflow evaluating the requirement `GenericArray<T, UInt<UInt<UInt<UTerm, typenum::B1>, ...>, ...>> well-formed`
   --> /home/adwin/.cargo/registry/src/mirrors.tuna.tsinghua.edu.cn-4dc01642fd091eda/generic-array-1.3.5/src/impls.rs:170:13
    |
170 |               fn from(array: GenericArray<T, $len>) -> Self {
    |               ^^^^^^^^^^^^^^^^^^^^^^^^^^^^^^^^^^^^^^^^^^^^^
...
178 | / impl_tuple! {
179 | |     consts::U1  => (A,);
180 | |     consts::U2  => (A,B,);
181 | |     consts::U3  => (A,B,C,);
...   |
190 | |     consts::U12 => (A,B,C,D,E,F,G,H,I,J,K,L,);
191 | | }
    | |_- in this macro invocation
    |
    = help: consider increasing the recursion limit by adding a `#![recursion_limit = "256"]` attribute to your crate (`generic_array`)
note: the requirement `GenericArray<T, UInt<UInt<UInt<UTerm, typenum::B1>, B0>, typenum::B1>> well-formed` appears on the `impl`'s associated function `from` but not on the corresponding trait's associated function
   --> /home/adwin/.rustup/toolchains/nightly-x86_64-unknown-linux-gnu/lib/rustlib/src/rust/library/core/src/convert/mod.rs:592:8
    |
587 | pub const trait From<T>: Sized {
    |                 ---- in this trait
...
592 |     fn from(value: T) -> Self;
    |        ^^^^ this trait's associated function doesn't have the requirement `GenericArray<T, UInt<UInt<UInt<UTerm, typenum::B1>, B0>, typenum::B1>> well-formed`
    = note: this error originates in the macro `impl_tuple` (in Nightly builds, run with -Z macro-backtrace for more info)

error[E0275]: overflow evaluating the requirement `GenericArray<T, UInt<UInt<UInt<UTerm, typenum::B1>, ...>, ...>> well-formed`
   --> /home/adwin/.cargo/registry/src/mirrors.tuna.tsinghua.edu.cn-4dc01642fd091eda/generic-array-1.3.5/src/impls.rs:161:13
    |
161 |               fn from(tuple: ($(impl_tuple!(@T $t),)*)) -> Self {
    |               ^^^^^^^^^^^^^^^^^^^^^^^^^^^^^^^^^^^^^^^^^^^^^^^^^
...
178 | / impl_tuple! {
179 | |     consts::U1  => (A,);
180 | |     consts::U2  => (A,B,);
181 | |     consts::U3  => (A,B,C,);
...   |
190 | |     consts::U12 => (A,B,C,D,E,F,G,H,I,J,K,L,);
191 | | }
    | |_- in this macro invocation
    |
    = help: consider increasing the recursion limit by adding a `#![recursion_limit = "256"]` attribute to your crate (`generic_array`)
note: the requirement `GenericArray<T, UInt<UInt<UInt<UTerm, typenum::B1>, typenum::B1>, B0>> well-formed` appears on the `impl`'s associated function `from` but not on the corresponding trait's associated function
   --> /home/adwin/.rustup/toolchains/nightly-x86_64-unknown-linux-gnu/lib/rustlib/src/rust/library/core/src/convert/mod.rs:592:8
    |
587 | pub const trait From<T>: Sized {
    |                 ---- in this trait
...
592 |     fn from(value: T) -> Self;
    |        ^^^^ this trait's associated function doesn't have the requirement `GenericArray<T, UInt<UInt<UInt<UTerm, typenum::B1>, typenum::B1>, B0>> well-formed`
    = note: this error originates in the macro `impl_tuple` (in Nightly builds, run with -Z macro-backtrace for more info)

error[E0275]: overflow evaluating the requirement `GenericArray<T, UInt<UInt<UInt<UTerm, typenum::B1>, ...>, ...>> well-formed`
   --> /home/adwin/.cargo/registry/src/mirrors.tuna.tsinghua.edu.cn-4dc01642fd091eda/generic-array-1.3.5/src/impls.rs:170:13
    |
170 |               fn from(array: GenericArray<T, $len>) -> Self {
    |               ^^^^^^^^^^^^^^^^^^^^^^^^^^^^^^^^^^^^^^^^^^^^^
...
178 | / impl_tuple! {
179 | |     consts::U1  => (A,);
180 | |     consts::U2  => (A,B,);
181 | |     consts::U3  => (A,B,C,);
...   |
190 | |     consts::U12 => (A,B,C,D,E,F,G,H,I,J,K,L,);
191 | | }
    | |_- in this macro invocation
    |
    = help: consider increasing the recursion limit by adding a `#![recursion_limit = "256"]` attribute to your crate (`generic_array`)
note: the requirement `GenericArray<T, UInt<UInt<UInt<UTerm, typenum::B1>, typenum::B1>, B0>> well-formed` appears on the `impl`'s associated function `from` but not on the corresponding trait's associated function
   --> /home/adwin/.rustup/toolchains/nightly-x86_64-unknown-linux-gnu/lib/rustlib/src/rust/library/core/src/convert/mod.rs:592:8
    |
587 | pub const trait From<T>: Sized {
    |                 ---- in this trait
...
592 |     fn from(value: T) -> Self;
    |        ^^^^ this trait's associated function doesn't have the requirement `GenericArray<T, UInt<UInt<UInt<UTerm, typenum::B1>, typenum::B1>, B0>> well-formed`
    = note: this error originates in the macro `impl_tuple` (in Nightly builds, run with -Z macro-backtrace for more info)

error[E0275]: overflow evaluating the requirement `GenericArray<T, UInt<UInt<UInt<UTerm, typenum::B1>, ...>, ...>> well-formed`
   --> /home/adwin/.cargo/registry/src/mirrors.tuna.tsinghua.edu.cn-4dc01642fd091eda/generic-array-1.3.5/src/impls.rs:161:13
    |
161 |               fn from(tuple: ($(impl_tuple!(@T $t),)*)) -> Self {
    |               ^^^^^^^^^^^^^^^^^^^^^^^^^^^^^^^^^^^^^^^^^^^^^^^^^
...
178 | / impl_tuple! {
179 | |     consts::U1  => (A,);
180 | |     consts::U2  => (A,B,);
181 | |     consts::U3  => (A,B,C,);
...   |
190 | |     consts::U12 => (A,B,C,D,E,F,G,H,I,J,K,L,);
191 | | }
    | |_- in this macro invocation
    |
    = help: consider increasing the recursion limit by adding a `#![recursion_limit = "256"]` attribute to your crate (`generic_array`)
note: the requirement `GenericArray<T, UInt<UInt<UInt<UTerm, typenum::B1>, typenum::B1>, typenum::B1>> well-formed` appears on the `impl`'s associated function `from` but not on the corresponding trait's associated function
   --> /home/adwin/.rustup/toolchains/nightly-x86_64-unknown-linux-gnu/lib/rustlib/src/rust/library/core/src/convert/mod.rs:592:8
    |
587 | pub const trait From<T>: Sized {
    |                 ---- in this trait
...
592 |     fn from(value: T) -> Self;
    |        ^^^^ this trait's associated function doesn't have the requirement `GenericArray<T, UInt<UInt<UInt<UTerm, typenum::B1>, typenum::B1>, typenum::B1>> well-formed`
    = note: this error originates in the macro `impl_tuple` (in Nightly builds, run with -Z macro-backtrace for more info)

error[E0275]: overflow evaluating the requirement `GenericArray<T, UInt<UInt<UInt<UTerm, typenum::B1>, ...>, ...>> well-formed`
   --> /home/adwin/.cargo/registry/src/mirrors.tuna.tsinghua.edu.cn-4dc01642fd091eda/generic-array-1.3.5/src/impls.rs:170:13
    |
170 |               fn from(array: GenericArray<T, $len>) -> Self {
    |               ^^^^^^^^^^^^^^^^^^^^^^^^^^^^^^^^^^^^^^^^^^^^^
...
178 | / impl_tuple! {
179 | |     consts::U1  => (A,);
180 | |     consts::U2  => (A,B,);
181 | |     consts::U3  => (A,B,C,);
...   |
190 | |     consts::U12 => (A,B,C,D,E,F,G,H,I,J,K,L,);
191 | | }
    | |_- in this macro invocation
    |
    = help: consider increasing the recursion limit by adding a `#![recursion_limit = "256"]` attribute to your crate (`generic_array`)
note: the requirement `GenericArray<T, UInt<UInt<UInt<UTerm, typenum::B1>, typenum::B1>, typenum::B1>> well-formed` appears on the `impl`'s associated function `from` but not on the corresponding trait's associated function
   --> /home/adwin/.rustup/toolchains/nightly-x86_64-unknown-linux-gnu/lib/rustlib/src/rust/library/core/src/convert/mod.rs:592:8
    |
587 | pub const trait From<T>: Sized {
    |                 ---- in this trait
...
592 |     fn from(value: T) -> Self;
    |        ^^^^ this trait's associated function doesn't have the requirement `GenericArray<T, UInt<UInt<UInt<UTerm, typenum::B1>, typenum::B1>, typenum::B1>> well-formed`
    = note: this error originates in the macro `impl_tuple` (in Nightly builds, run with -Z macro-backtrace for more info)

error[E0275]: overflow evaluating the requirement `GenericArray<T, UInt<UInt<UInt<UInt<UTerm, ...>, ...>, ...>, ...>> well-formed`
   --> /home/adwin/.cargo/registry/src/mirrors.tuna.tsinghua.edu.cn-4dc01642fd091eda/generic-array-1.3.5/src/impls.rs:161:13
    |
161 |               fn from(tuple: ($(impl_tuple!(@T $t),)*)) -> Self {
    |               ^^^^^^^^^^^^^^^^^^^^^^^^^^^^^^^^^^^^^^^^^^^^^^^^^
...
178 | / impl_tuple! {
179 | |     consts::U1  => (A,);
180 | |     consts::U2  => (A,B,);
181 | |     consts::U3  => (A,B,C,);
...   |
190 | |     consts::U12 => (A,B,C,D,E,F,G,H,I,J,K,L,);
191 | | }
    | |_- in this macro invocation
    |
    = help: consider increasing the recursion limit by adding a `#![recursion_limit = "256"]` attribute to your crate (`generic_array`)
note: the requirement `GenericArray<T, UInt<UInt<UInt<UInt<UTerm, typenum::B1>, B0>, B0>, B0>> well-formed` appears on the `impl`'s associated function `from` but not on the corresponding trait's associated function
   --> /home/adwin/.rustup/toolchains/nightly-x86_64-unknown-linux-gnu/lib/rustlib/src/rust/library/core/src/convert/mod.rs:592:8
    |
587 | pub const trait From<T>: Sized {
    |                 ---- in this trait
...
592 |     fn from(value: T) -> Self;
    |        ^^^^ this trait's associated function doesn't have the requirement `GenericArray<T, UInt<UInt<UInt<UInt<UTerm, typenum::B1>, B0>, B0>, B0>> well-formed`
    = note: this error originates in the macro `impl_tuple` (in Nightly builds, run with -Z macro-backtrace for more info)

error[E0275]: overflow evaluating the requirement `GenericArray<T, UInt<UInt<UInt<UInt<UTerm, ...>, ...>, ...>, ...>>: Sized`
   --> /home/adwin/.cargo/registry/src/mirrors.tuna.tsinghua.edu.cn-4dc01642fd091eda/generic-array-1.3.5/src/impls.rs:158:53
    |
158 |           impl<T> From<($(impl_tuple!(@T $t),)*)> for GenericArray<T, $len> {
    |                                                       ^^^^^^^^^^^^^^^^^^^^^
...
178 | / impl_tuple! {
179 | |     consts::U1  => (A,);
180 | |     consts::U2  => (A,B,);
181 | |     consts::U3  => (A,B,C,);
...   |
190 | |     consts::U12 => (A,B,C,D,E,F,G,H,I,J,K,L,);
191 | | }
    | |_- in this macro invocation
    |
    = help: consider increasing the recursion limit by adding a `#![recursion_limit = "256"]` attribute to your crate (`generic_array`)
note: required by a bound in `From`
   --> /home/adwin/.rustup/toolchains/nightly-x86_64-unknown-linux-gnu/lib/rustlib/src/rust/library/core/src/convert/mod.rs:587:26
    |
587 | pub const trait From<T>: Sized {
    |                          ^^^^^ required by this bound in `From`
    = note: this error originates in the macro `impl_tuple` (in Nightly builds, run with -Z macro-backtrace for more info)

error[E0275]: overflow evaluating the requirement `GenericArray<T, UInt<UInt<UInt<UInt<UTerm, ...>, ...>, ...>, ...>> well-formed`
   --> /home/adwin/.cargo/registry/src/mirrors.tuna.tsinghua.edu.cn-4dc01642fd091eda/generic-array-1.3.5/src/impls.rs:158:53
    |
158 |           impl<T> From<($(impl_tuple!(@T $t),)*)> for GenericArray<T, $len> {
    |                                                       ^^^^^^^^^^^^^^^^^^^^^
...
178 | / impl_tuple! {
179 | |     consts::U1  => (A,);
180 | |     consts::U2  => (A,B,);
181 | |     consts::U3  => (A,B,C,);
...   |
190 | |     consts::U12 => (A,B,C,D,E,F,G,H,I,J,K,L,);
191 | | }
    | |_- in this macro invocation
    |
    = help: consider increasing the recursion limit by adding a `#![recursion_limit = "256"]` attribute to your crate (`generic_array`)
    = note: this error originates in the macro `impl_tuple` (in Nightly builds, run with -Z macro-backtrace for more info)

error[E0275]: overflow evaluating the requirement `GenericArray<T, UInt<UInt<UInt<UInt<UTerm, ...>, ...>, ...>, ...>> well-formed`
   --> /home/adwin/.cargo/registry/src/mirrors.tuna.tsinghua.edu.cn-4dc01642fd091eda/generic-array-1.3.5/src/impls.rs:170:13
    |
170 |               fn from(array: GenericArray<T, $len>) -> Self {
    |               ^^^^^^^^^^^^^^^^^^^^^^^^^^^^^^^^^^^^^^^^^^^^^
...
178 | / impl_tuple! {
179 | |     consts::U1  => (A,);
180 | |     consts::U2  => (A,B,);
181 | |     consts::U3  => (A,B,C,);
...   |
190 | |     consts::U12 => (A,B,C,D,E,F,G,H,I,J,K,L,);
191 | | }
    | |_- in this macro invocation
    |
    = help: consider increasing the recursion limit by adding a `#![recursion_limit = "256"]` attribute to your crate (`generic_array`)
note: the requirement `GenericArray<T, UInt<UInt<UInt<UInt<UTerm, typenum::B1>, B0>, B0>, B0>> well-formed` appears on the `impl`'s associated function `from` but not on the corresponding trait's associated function
   --> /home/adwin/.rustup/toolchains/nightly-x86_64-unknown-linux-gnu/lib/rustlib/src/rust/library/core/src/convert/mod.rs:592:8
    |
587 | pub const trait From<T>: Sized {
    |                 ---- in this trait
...
592 |     fn from(value: T) -> Self;
    |        ^^^^ this trait's associated function doesn't have the requirement `GenericArray<T, UInt<UInt<UInt<UInt<UTerm, typenum::B1>, B0>, B0>, B0>> well-formed`
    = note: this error originates in the macro `impl_tuple` (in Nightly builds, run with -Z macro-backtrace for more info)

error[E0275]: overflow evaluating the requirement `GenericArray<T, UInt<UInt<UInt<UInt<UTerm, ...>, ...>, ...>, ...>>: Sized`
   --> /home/adwin/.cargo/registry/src/mirrors.tuna.tsinghua.edu.cn-4dc01642fd091eda/generic-array-1.3.5/src/impls.rs:167:17
    |
167 |           impl<T> From<GenericArray<T, $len>> for ($(impl_tuple!(@T $t),)*) {
    |                   ^^^^^^^^^^^^^^^^^^^^^^^^^^^
...
178 | / impl_tuple! {
179 | |     consts::U1  => (A,);
180 | |     consts::U2  => (A,B,);
181 | |     consts::U3  => (A,B,C,);
...   |
190 | |     consts::U12 => (A,B,C,D,E,F,G,H,I,J,K,L,);
191 | | }
    | |_- in this macro invocation
    |
    = help: consider increasing the recursion limit by adding a `#![recursion_limit = "256"]` attribute to your crate (`generic_array`)
note: required by an implicit `Sized` bound in `From`
   --> /home/adwin/.rustup/toolchains/nightly-x86_64-unknown-linux-gnu/lib/rustlib/src/rust/library/core/src/convert/mod.rs:587:22
    |
587 | pub const trait From<T>: Sized {
    |                      ^ required by the implicit `Sized` requirement on this type parameter in `From`
    = note: this error originates in the macro `impl_tuple` (in Nightly builds, run with -Z macro-backtrace for more info)

error[E0275]: overflow evaluating the requirement `GenericArray<T, UInt<UInt<UInt<UInt<UTerm, ...>, ...>, ...>, ...>> well-formed`
   --> /home/adwin/.cargo/registry/src/mirrors.tuna.tsinghua.edu.cn-4dc01642fd091eda/generic-array-1.3.5/src/impls.rs:167:17
    |
167 |           impl<T> From<GenericArray<T, $len>> for ($(impl_tuple!(@T $t),)*) {
    |                   ^^^^^^^^^^^^^^^^^^^^^^^^^^^
...
178 | / impl_tuple! {
179 | |     consts::U1  => (A,);
180 | |     consts::U2  => (A,B,);
181 | |     consts::U3  => (A,B,C,);
...   |
190 | |     consts::U12 => (A,B,C,D,E,F,G,H,I,J,K,L,);
191 | | }
    | |_- in this macro invocation
    |
    = help: consider increasing the recursion limit by adding a `#![recursion_limit = "256"]` attribute to your crate (`generic_array`)
    = note: this error originates in the macro `impl_tuple` (in Nightly builds, run with -Z macro-backtrace for more info)

error[E0275]: overflow evaluating the requirement `GenericArray<T, UInt<UInt<UInt<UInt<UTerm, ...>, ...>, ...>, ...>> well-formed`
   --> /home/adwin/.cargo/registry/src/mirrors.tuna.tsinghua.edu.cn-4dc01642fd091eda/generic-array-1.3.5/src/impls.rs:161:13
    |
161 |               fn from(tuple: ($(impl_tuple!(@T $t),)*)) -> Self {
    |               ^^^^^^^^^^^^^^^^^^^^^^^^^^^^^^^^^^^^^^^^^^^^^^^^^
...
178 | / impl_tuple! {
179 | |     consts::U1  => (A,);
180 | |     consts::U2  => (A,B,);
181 | |     consts::U3  => (A,B,C,);
...   |
190 | |     consts::U12 => (A,B,C,D,E,F,G,H,I,J,K,L,);
191 | | }
    | |_- in this macro invocation
    |
    = help: consider increasing the recursion limit by adding a `#![recursion_limit = "256"]` attribute to your crate (`generic_array`)
note: the requirement `GenericArray<T, UInt<UInt<UInt<UInt<UTerm, typenum::B1>, B0>, B0>, typenum::B1>> well-formed` appears on the `impl`'s associated function `from` but not on the corresponding trait's associated function
   --> /home/adwin/.rustup/toolchains/nightly-x86_64-unknown-linux-gnu/lib/rustlib/src/rust/library/core/src/convert/mod.rs:592:8
    |
587 | pub const trait From<T>: Sized {
    |                 ---- in this trait
...
592 |     fn from(value: T) -> Self;
    |        ^^^^ this trait's associated function doesn't have the requirement `GenericArray<T, UInt<UInt<UInt<UInt<UTerm, typenum::B1>, B0>, B0>, typenum::B1>> well-formed`
    = note: this error originates in the macro `impl_tuple` (in Nightly builds, run with -Z macro-backtrace for more info)

error[E0275]: overflow evaluating the requirement `GenericArray<T, UInt<UInt<UInt<UInt<UTerm, ...>, ...>, ...>, ...>> well-formed`
   --> /home/adwin/.cargo/registry/src/mirrors.tuna.tsinghua.edu.cn-4dc01642fd091eda/generic-array-1.3.5/src/impls.rs:170:13
    |
170 |               fn from(array: GenericArray<T, $len>) -> Self {
    |               ^^^^^^^^^^^^^^^^^^^^^^^^^^^^^^^^^^^^^^^^^^^^^
...
178 | / impl_tuple! {
179 | |     consts::U1  => (A,);
180 | |     consts::U2  => (A,B,);
181 | |     consts::U3  => (A,B,C,);
...   |
190 | |     consts::U12 => (A,B,C,D,E,F,G,H,I,J,K,L,);
191 | | }
    | |_- in this macro invocation
    |
    = help: consider increasing the recursion limit by adding a `#![recursion_limit = "256"]` attribute to your crate (`generic_array`)
note: the requirement `GenericArray<T, UInt<UInt<UInt<UInt<UTerm, typenum::B1>, B0>, B0>, typenum::B1>> well-formed` appears on the `impl`'s associated function `from` but not on the corresponding trait's associated function
   --> /home/adwin/.rustup/toolchains/nightly-x86_64-unknown-linux-gnu/lib/rustlib/src/rust/library/core/src/convert/mod.rs:592:8
    |
587 | pub const trait From<T>: Sized {
    |                 ---- in this trait
...
592 |     fn from(value: T) -> Self;
    |        ^^^^ this trait's associated function doesn't have the requirement `GenericArray<T, UInt<UInt<UInt<UInt<UTerm, typenum::B1>, B0>, B0>, typenum::B1>> well-formed`
    = note: this error originates in the macro `impl_tuple` (in Nightly builds, run with -Z macro-backtrace for more info)

error[E0275]: overflow evaluating the requirement `GenericArray<T, UInt<UInt<UInt<UInt<UTerm, ...>, ...>, ...>, ...>> well-formed`
   --> /home/adwin/.cargo/registry/src/mirrors.tuna.tsinghua.edu.cn-4dc01642fd091eda/generic-array-1.3.5/src/impls.rs:161:13
    |
161 |               fn from(tuple: ($(impl_tuple!(@T $t),)*)) -> Self {
    |               ^^^^^^^^^^^^^^^^^^^^^^^^^^^^^^^^^^^^^^^^^^^^^^^^^
...
178 | / impl_tuple! {
179 | |     consts::U1  => (A,);
180 | |     consts::U2  => (A,B,);
181 | |     consts::U3  => (A,B,C,);
...   |
190 | |     consts::U12 => (A,B,C,D,E,F,G,H,I,J,K,L,);
191 | | }
    | |_- in this macro invocation
    |
    = help: consider increasing the recursion limit by adding a `#![recursion_limit = "256"]` attribute to your crate (`generic_array`)
note: the requirement `GenericArray<T, UInt<UInt<UInt<UInt<UTerm, typenum::B1>, B0>, typenum::B1>, B0>> well-formed` appears on the `impl`'s associated function `from` but not on the corresponding trait's associated function
   --> /home/adwin/.rustup/toolchains/nightly-x86_64-unknown-linux-gnu/lib/rustlib/src/rust/library/core/src/convert/mod.rs:592:8
    |
587 | pub const trait From<T>: Sized {
    |                 ---- in this trait
...
592 |     fn from(value: T) -> Self;
    |        ^^^^ this trait's associated function doesn't have the requirement `GenericArray<T, UInt<UInt<UInt<UInt<UTerm, typenum::B1>, B0>, typenum::B1>, B0>> well-formed`
    = note: this error originates in the macro `impl_tuple` (in Nightly builds, run with -Z macro-backtrace for more info)

error[E0275]: overflow evaluating the requirement `GenericArray<T, UInt<UInt<UInt<UInt<UTerm, ...>, ...>, ...>, ...>> well-formed`
   --> /home/adwin/.cargo/registry/src/mirrors.tuna.tsinghua.edu.cn-4dc01642fd091eda/generic-array-1.3.5/src/impls.rs:170:13
    |
170 |               fn from(array: GenericArray<T, $len>) -> Self {
    |               ^^^^^^^^^^^^^^^^^^^^^^^^^^^^^^^^^^^^^^^^^^^^^
...
178 | / impl_tuple! {
179 | |     consts::U1  => (A,);
180 | |     consts::U2  => (A,B,);
181 | |     consts::U3  => (A,B,C,);
...   |
190 | |     consts::U12 => (A,B,C,D,E,F,G,H,I,J,K,L,);
191 | | }
    | |_- in this macro invocation
    |
    = help: consider increasing the recursion limit by adding a `#![recursion_limit = "256"]` attribute to your crate (`generic_array`)
note: the requirement `GenericArray<T, UInt<UInt<UInt<UInt<UTerm, typenum::B1>, B0>, typenum::B1>, B0>> well-formed` appears on the `impl`'s associated function `from` but not on the corresponding trait's associated function
   --> /home/adwin/.rustup/toolchains/nightly-x86_64-unknown-linux-gnu/lib/rustlib/src/rust/library/core/src/convert/mod.rs:592:8
    |
587 | pub const trait From<T>: Sized {
    |                 ---- in this trait
...
592 |     fn from(value: T) -> Self;
    |        ^^^^ this trait's associated function doesn't have the requirement `GenericArray<T, UInt<UInt<UInt<UInt<UTerm, typenum::B1>, B0>, typenum::B1>, B0>> well-formed`
    = note: this error originates in the macro `impl_tuple` (in Nightly builds, run with -Z macro-backtrace for more info)

error[E0275]: overflow evaluating the requirement `GenericArray<T, UInt<UInt<UInt<UInt<UTerm, ...>, ...>, ...>, ...>> well-formed`
   --> /home/adwin/.cargo/registry/src/mirrors.tuna.tsinghua.edu.cn-4dc01642fd091eda/generic-array-1.3.5/src/impls.rs:161:13
    |
161 |               fn from(tuple: ($(impl_tuple!(@T $t),)*)) -> Self {
    |               ^^^^^^^^^^^^^^^^^^^^^^^^^^^^^^^^^^^^^^^^^^^^^^^^^
...
178 | / impl_tuple! {
179 | |     consts::U1  => (A,);
180 | |     consts::U2  => (A,B,);
181 | |     consts::U3  => (A,B,C,);
...   |
190 | |     consts::U12 => (A,B,C,D,E,F,G,H,I,J,K,L,);
191 | | }
    | |_- in this macro invocation
    |
    = help: consider increasing the recursion limit by adding a `#![recursion_limit = "256"]` attribute to your crate (`generic_array`)
note: the requirement `GenericArray<T, UInt<UInt<UInt<UInt<UTerm, typenum::B1>, B0>, typenum::B1>, typenum::B1>> well-formed` appears on the `impl`'s associated function `from` but not on the corresponding trait's associated function
   --> /home/adwin/.rustup/toolchains/nightly-x86_64-unknown-linux-gnu/lib/rustlib/src/rust/library/core/src/convert/mod.rs:592:8
    |
587 | pub const trait From<T>: Sized {
    |                 ---- in this trait
...
592 |     fn from(value: T) -> Self;
    |        ^^^^ this trait's associated function doesn't have the requirement `GenericArray<T, UInt<UInt<UInt<UInt<UTerm, typenum::B1>, B0>, typenum::B1>, typenum::B1>> well-formed`
    = note: this error originates in the macro `impl_tuple` (in Nightly builds, run with -Z macro-backtrace for more info)

error[E0275]: overflow evaluating the requirement `GenericArray<T, UInt<UInt<UInt<UInt<UTerm, ...>, ...>, ...>, ...>> well-formed`
   --> /home/adwin/.cargo/registry/src/mirrors.tuna.tsinghua.edu.cn-4dc01642fd091eda/generic-array-1.3.5/src/impls.rs:170:13
    |
170 |               fn from(array: GenericArray<T, $len>) -> Self {
    |               ^^^^^^^^^^^^^^^^^^^^^^^^^^^^^^^^^^^^^^^^^^^^^
...
178 | / impl_tuple! {
179 | |     consts::U1  => (A,);
180 | |     consts::U2  => (A,B,);
181 | |     consts::U3  => (A,B,C,);
...   |
190 | |     consts::U12 => (A,B,C,D,E,F,G,H,I,J,K,L,);
191 | | }
    | |_- in this macro invocation
    |
    = help: consider increasing the recursion limit by adding a `#![recursion_limit = "256"]` attribute to your crate (`generic_array`)
note: the requirement `GenericArray<T, UInt<UInt<UInt<UInt<UTerm, typenum::B1>, B0>, typenum::B1>, typenum::B1>> well-formed` appears on the `impl`'s associated function `from` but not on the corresponding trait's associated function
   --> /home/adwin/.rustup/toolchains/nightly-x86_64-unknown-linux-gnu/lib/rustlib/src/rust/library/core/src/convert/mod.rs:592:8
    |
587 | pub const trait From<T>: Sized {
    |                 ---- in this trait
...
592 |     fn from(value: T) -> Self;
    |        ^^^^ this trait's associated function doesn't have the requirement `GenericArray<T, UInt<UInt<UInt<UInt<UTerm, typenum::B1>, B0>, typenum::B1>, typenum::B1>> well-formed`
    = note: this error originates in the macro `impl_tuple` (in Nightly builds, run with -Z macro-backtrace for more info)

error[E0275]: overflow evaluating the requirement `GenericArray<T, UInt<UInt<UInt<UInt<UTerm, ...>, ...>, ...>, ...>> well-formed`
   --> /home/adwin/.cargo/registry/src/mirrors.tuna.tsinghua.edu.cn-4dc01642fd091eda/generic-array-1.3.5/src/impls.rs:161:13
    |
161 |               fn from(tuple: ($(impl_tuple!(@T $t),)*)) -> Self {
    |               ^^^^^^^^^^^^^^^^^^^^^^^^^^^^^^^^^^^^^^^^^^^^^^^^^
...
178 | / impl_tuple! {
179 | |     consts::U1  => (A,);
180 | |     consts::U2  => (A,B,);
181 | |     consts::U3  => (A,B,C,);
...   |
190 | |     consts::U12 => (A,B,C,D,E,F,G,H,I,J,K,L,);
191 | | }
    | |_- in this macro invocation
    |
    = help: consider increasing the recursion limit by adding a `#![recursion_limit = "256"]` attribute to your crate (`generic_array`)
note: the requirement `GenericArray<T, UInt<UInt<UInt<UInt<UTerm, typenum::B1>, typenum::B1>, B0>, B0>> well-formed` appears on the `impl`'s associated function `from` but not on the corresponding trait's associated function
   --> /home/adwin/.rustup/toolchains/nightly-x86_64-unknown-linux-gnu/lib/rustlib/src/rust/library/core/src/convert/mod.rs:592:8
    |
587 | pub const trait From<T>: Sized {
    |                 ---- in this trait
...
592 |     fn from(value: T) -> Self;
    |        ^^^^ this trait's associated function doesn't have the requirement `GenericArray<T, UInt<UInt<UInt<UInt<UTerm, typenum::B1>, typenum::B1>, B0>, B0>> well-formed`
    = note: this error originates in the macro `impl_tuple` (in Nightly builds, run with -Z macro-backtrace for more info)

error[E0275]: overflow evaluating the requirement `GenericArray<T, UInt<UInt<UInt<UInt<UTerm, ...>, ...>, ...>, ...>> well-formed`
   --> /home/adwin/.cargo/registry/src/mirrors.tuna.tsinghua.edu.cn-4dc01642fd091eda/generic-array-1.3.5/src/impls.rs:170:13
    |
170 |               fn from(array: GenericArray<T, $len>) -> Self {
    |               ^^^^^^^^^^^^^^^^^^^^^^^^^^^^^^^^^^^^^^^^^^^^^
...
178 | / impl_tuple! {
179 | |     consts::U1  => (A,);
180 | |     consts::U2  => (A,B,);
181 | |     consts::U3  => (A,B,C,);
...   |
190 | |     consts::U12 => (A,B,C,D,E,F,G,H,I,J,K,L,);
191 | | }
    | |_- in this macro invocation
    |
    = help: consider increasing the recursion limit by adding a `#![recursion_limit = "256"]` attribute to your crate (`generic_array`)
note: the requirement `GenericArray<T, UInt<UInt<UInt<UInt<UTerm, typenum::B1>, typenum::B1>, B0>, B0>> well-formed` appears on the `impl`'s associated function `from` but not on the corresponding trait's associated function
   --> /home/adwin/.rustup/toolchains/nightly-x86_64-unknown-linux-gnu/lib/rustlib/src/rust/library/core/src/convert/mod.rs:592:8
    |
587 | pub const trait From<T>: Sized {
    |                 ---- in this trait
...
592 |     fn from(value: T) -> Self;
    |        ^^^^ this trait's associated function doesn't have the requirement `GenericArray<T, UInt<UInt<UInt<UInt<UTerm, typenum::B1>, typenum::B1>, B0>, B0>> well-formed`
    = note: this error originates in the macro `impl_tuple` (in Nightly builds, run with -Z macro-backtrace for more info)

error[E0275]: overflow evaluating the requirement `<Self as IsLess<<UInt<UTerm, typenum::B1> as Shl<<<... as typenum::ToUInt>::Output as Shl<...>>::Output>>::Output>>::Output == typenum::B1`
    |
    = help: consider increasing the recursion limit by adding a `#![recursion_limit = "256"]` attribute to your crate (`generic_array`)
note: required by a bound in `IsWithinUsizeBound`
   --> /home/adwin/.cargo/registry/src/mirrors.tuna.tsinghua.edu.cn-4dc01642fd091eda/generic-array-1.3.5/src/lib.rs:395:61
    |
395 | trait IsWithinUsizeBound: typenum::IsLess<MaxArrayLengthP1, Output = typenum::consts::True> {}
    |                                                             ^^^^^^^^^^^^^^^^^^^^^^^^^^^^^^ required by this bound in `IsWithinUsizeBound`

error[E0275]: overflow evaluating the requirement `<UInt<UTerm, typenum::B1> as Shl<<<Const<{ mem::size_of::<usize>() }> as typenum::ToUInt>::Output as Shl<...>>::Output>>::Output: Sized`
   --> /home/adwin/.cargo/registry/src/mirrors.tuna.tsinghua.edu.cn-4dc01642fd091eda/generic-array-1.3.5/src/lib.rs:395:27
    |
395 | trait IsWithinUsizeBound: typenum::IsLess<MaxArrayLengthP1, Output = typenum::consts::True> {}
    |                           ^^^^^^^^^^^^^^^^^^^^^^^^^^^^^^^^^^^^^^^^^^^^^^^^^^^^^^^^^^^^^^^^^
    |
    = help: consider increasing the recursion limit by adding a `#![recursion_limit = "256"]` attribute to your crate (`generic_array`)
note: required by an implicit `Sized` bound in `IsLess`
   --> /home/adwin/.cargo/registry/src/mirrors.tuna.tsinghua.edu.cn-4dc01642fd091eda/typenum-1.19.0/src/type_operators.rs:374:18
    |
374 | pub trait IsLess<Rhs = Self> {
    |                  ^^^^^^^^^^ required by the implicit `Sized` requirement on this type parameter in `IsLess`

error[E0275]: overflow evaluating the requirement `<UInt<UTerm, typenum::B1> as Shl<<<Const<{ mem::size_of::<usize>() }> as typenum::ToUInt>::Output as Shl<...>>::Output>>::Output: Sized`
   --> /home/adwin/.cargo/registry/src/mirrors.tuna.tsinghua.edu.cn-4dc01642fd091eda/generic-array-1.3.5/src/lib.rs:395:61
    |
395 | trait IsWithinUsizeBound: typenum::IsLess<MaxArrayLengthP1, Output = typenum::consts::True> {}
    |                                                             ^^^^^^^^^^^^^^^^^^^^^^^^^^^^^^
    |
    = help: consider increasing the recursion limit by adding a `#![recursion_limit = "256"]` attribute to your crate (`generic_array`)
note: required by an implicit `Sized` bound in `IsLess`
   --> /home/adwin/.cargo/registry/src/mirrors.tuna.tsinghua.edu.cn-4dc01642fd091eda/typenum-1.19.0/src/type_operators.rs:374:18
    |
374 | pub trait IsLess<Rhs = Self> {
    |                  ^^^^^^^^^^ required by the implicit `Sized` requirement on this type parameter in `IsLess`

error[E0275]: overflow evaluating the requirement `<UInt<UTerm, typenum::B1> as Shl<<<Const<{ mem::size_of::<usize>() }> as typenum::ToUInt>::Output as Shl<...>>::Output>>::Output well-formed`
   --> /home/adwin/.cargo/registry/src/mirrors.tuna.tsinghua.edu.cn-4dc01642fd091eda/generic-array-1.3.5/src/lib.rs:395:27
    |
395 | trait IsWithinUsizeBound: typenum::IsLess<MaxArrayLengthP1, Output = typenum::consts::True> {}
    |                           ^^^^^^^^^^^^^^^^^^^^^^^^^^^^^^^^^^^^^^^^^^^^^^^^^^^^^^^^^^^^^^^^^
    |
    = help: consider increasing the recursion limit by adding a `#![recursion_limit = "256"]` attribute to your crate (`generic_array`)

error[E0275]: overflow evaluating the requirement `<UInt<UTerm, typenum::B1> as Shl<<<Const<{ mem::size_of::<usize>() }> as typenum::ToUInt>::Output as Shl<...>>::Output>>::Output well-formed`
   --> /home/adwin/.cargo/registry/src/mirrors.tuna.tsinghua.edu.cn-4dc01642fd091eda/generic-array-1.3.5/src/lib.rs:395:61
    |
395 | trait IsWithinUsizeBound: typenum::IsLess<MaxArrayLengthP1, Output = typenum::consts::True> {}
    |                                                             ^^^^^^^^^^^^^^^^^^^^^^^^^^^^^^
    |
    = help: consider increasing the recursion limit by adding a `#![recursion_limit = "256"]` attribute to your crate (`generic_array`)

    Checking lnk v0.5.1
error[E0275]: overflow evaluating the requirement `N: IsWithinUsizeBound`
   --> /home/adwin/.cargo/registry/src/mirrors.tuna.tsinghua.edu.cn-4dc01642fd091eda/generic-array-1.3.5/src/lib.rs:397:32
    |
397 | impl<N> IsWithinUsizeBound for N where
    |                                ^
    |
    = help: consider increasing the recursion limit by adding a `#![recursion_limit = "256"]` attribute to your crate (`generic_array`)

error[E0275]: overflow evaluating the requirement `<UInt<UTerm, typenum::B1> as Shl<<<Const<{ mem::size_of::<usize>() }> as typenum::ToUInt>::Output as Shl<...>>::Output>>::Output: Sized`
   --> /home/adwin/.cargo/registry/src/mirrors.tuna.tsinghua.edu.cn-4dc01642fd091eda/generic-array-1.3.5/src/lib.rs:398:42
    |
398 |     N: typenum::IsLess<MaxArrayLengthP1, Output = typenum::consts::True>
    |                                          ^^^^^^^^^^^^^^^^^^^^^^^^^^^^^^
    |
    = help: consider increasing the recursion limit by adding a `#![recursion_limit = "256"]` attribute to your crate (`generic_array`)
note: required by an implicit `Sized` bound in `IsLess`
   --> /home/adwin/.cargo/registry/src/mirrors.tuna.tsinghua.edu.cn-4dc01642fd091eda/typenum-1.19.0/src/type_operators.rs:374:18
    |
374 | pub trait IsLess<Rhs = Self> {
    |                  ^^^^^^^^^^ required by the implicit `Sized` requirement on this type parameter in `IsLess`

error[E0275]: overflow evaluating the requirement `<UInt<UTerm, typenum::B1> as Shl<<<Const<{ mem::size_of::<usize>() }> as typenum::ToUInt>::Output as Shl<...>>::Output>>::Output: Sized`
   --> /home/adwin/.cargo/registry/src/mirrors.tuna.tsinghua.edu.cn-4dc01642fd091eda/generic-array-1.3.5/src/lib.rs:398:8
    |
398 |     N: typenum::IsLess<MaxArrayLengthP1, Output = typenum::consts::True>
    |        ^^^^^^^^^^^^^^^^^^^^^^^^^^^^^^^^^^^^^^^^^^^^^^^^^^^^^^^^^^^^^^^^^
    |
    = help: consider increasing the recursion limit by adding a `#![recursion_limit = "256"]` attribute to your crate (`generic_array`)
note: required by an implicit `Sized` bound in `IsLess`
   --> /home/adwin/.cargo/registry/src/mirrors.tuna.tsinghua.edu.cn-4dc01642fd091eda/typenum-1.19.0/src/type_operators.rs:374:18
    |
374 | pub trait IsLess<Rhs = Self> {
    |                  ^^^^^^^^^^ required by the implicit `Sized` requirement on this type parameter in `IsLess`

error[E0275]: overflow evaluating the requirement `<UInt<UTerm, typenum::B1> as Shl<<<Const<{ mem::size_of::<usize>() }> as typenum::ToUInt>::Output as Shl<...>>::Output>>::Output well-formed`
   --> /home/adwin/.cargo/registry/src/mirrors.tuna.tsinghua.edu.cn-4dc01642fd091eda/generic-array-1.3.5/src/lib.rs:398:42
    |
398 |     N: typenum::IsLess<MaxArrayLengthP1, Output = typenum::consts::True>
    |                                          ^^^^^^^^^^^^^^^^^^^^^^^^^^^^^^
    |
    = help: consider increasing the recursion limit by adding a `#![recursion_limit = "256"]` attribute to your crate (`generic_array`)

error[E0275]: overflow evaluating the requirement `<UInt<UTerm, typenum::B1> as Shl<<<Const<{ mem::size_of::<usize>() }> as typenum::ToUInt>::Output as Shl<...>>::Output>>::Output well-formed`
   --> /home/adwin/.cargo/registry/src/mirrors.tuna.tsinghua.edu.cn-4dc01642fd091eda/generic-array-1.3.5/src/lib.rs:398:8
    |
398 |     N: typenum::IsLess<MaxArrayLengthP1, Output = typenum::consts::True>
    |        ^^^^^^^^^^^^^^^^^^^^^^^^^^^^^^^^^^^^^^^^^^^^^^^^^^^^^^^^^^^^^^^^^
    |
    = help: consider increasing the recursion limit by adding a `#![recursion_limit = "256"]` attribute to your crate (`generic_array`)

error[E0275]: overflow evaluating the requirement `<UInt<N, B0> as IsLess<<UInt<UTerm, typenum::B1> as Shl<...>>::Output>>::Output == typenum::B1`
   --> /home/adwin/.cargo/registry/src/mirrors.tuna.tsinghua.edu.cn-4dc01642fd091eda/generic-array-1.3.5/src/lib.rs:404:11
    |
404 |     Self: IsWithinUsizeBound,
    |           ^^^^^^^^^^^^^^^^^^
    |
    = help: consider increasing the recursion limit by adding a `#![recursion_limit = "256"]` attribute to your crate (`generic_array`)
note: required by a bound in `IsWithinUsizeBound`
   --> /home/adwin/.cargo/registry/src/mirrors.tuna.tsinghua.edu.cn-4dc01642fd091eda/generic-array-1.3.5/src/lib.rs:395:61
    |
395 | trait IsWithinUsizeBound: typenum::IsLess<MaxArrayLengthP1, Output = typenum::consts::True> {}
    |                                                             ^^^^^^^^^^^^^^^^^^^^^^^^^^^^^^ required by this bound in `IsWithinUsizeBound`

error[E0275]: overflow evaluating the requirement `<UInt<N, typenum::B1> as IsLess<<UInt<UTerm, typenum::B1> as Shl<...>>::Output>>::Output == typenum::B1`
   --> /home/adwin/.cargo/registry/src/mirrors.tuna.tsinghua.edu.cn-4dc01642fd091eda/generic-array-1.3.5/src/lib.rs:412:11
    |
412 |     Self: IsWithinUsizeBound,
    |           ^^^^^^^^^^^^^^^^^^
    |
    = help: consider increasing the recursion limit by adding a `#![recursion_limit = "256"]` attribute to your crate (`generic_array`)
note: required by a bound in `IsWithinUsizeBound`
   --> /home/adwin/.cargo/registry/src/mirrors.tuna.tsinghua.edu.cn-4dc01642fd091eda/generic-array-1.3.5/src/lib.rs:395:61
    |
395 | trait IsWithinUsizeBound: typenum::IsLess<MaxArrayLengthP1, Output = typenum::consts::True> {}
    |                                                             ^^^^^^^^^^^^^^^^^^^^^^^^^^^^^^ required by this bound in `IsWithinUsizeBound`

error[E0275]: overflow evaluating the requirement `GenericArray<T, UInt<UTerm, typenum::B1>>: Sized`
   --> /home/adwin/.cargo/registry/src/mirrors.tuna.tsinghua.edu.cn-4dc01642fd091eda/generic-array-1.3.5/src/impls.rs:161:58
    |
161 |               fn from(tuple: ($(impl_tuple!(@T $t),)*)) -> Self {
    |                                                            ^^^^
...
178 | / impl_tuple! {
179 | |     consts::U1  => (A,);
180 | |     consts::U2  => (A,B,);
181 | |     consts::U3  => (A,B,C,);
...   |
190 | |     consts::U12 => (A,B,C,D,E,F,G,H,I,J,K,L,);
191 | | }
    | |_- in this macro invocation
    |
    = help: consider increasing the recursion limit by adding a `#![recursion_limit = "256"]` attribute to your crate (`generic_array`)
    = note: the return type of a function must have a statically known size
    = note: this error originates in the macro `impl_tuple` (in Nightly builds, run with -Z macro-backtrace for more info)

error[E0275]: overflow evaluating the requirement `GenericArray<T, UInt<UTerm, typenum::B1>> well-formed`
   --> /home/adwin/.cargo/registry/src/mirrors.tuna.tsinghua.edu.cn-4dc01642fd091eda/generic-array-1.3.5/src/impls.rs:161:58
    |
161 |               fn from(tuple: ($(impl_tuple!(@T $t),)*)) -> Self {
    |                                                            ^^^^
...
178 | / impl_tuple! {
179 | |     consts::U1  => (A,);
180 | |     consts::U2  => (A,B,);
181 | |     consts::U3  => (A,B,C,);
...   |
190 | |     consts::U12 => (A,B,C,D,E,F,G,H,I,J,K,L,);
191 | | }
    | |_- in this macro invocation
    |
    = help: consider increasing the recursion limit by adding a `#![recursion_limit = "256"]` attribute to your crate (`generic_array`)
    = note: this error originates in the macro `impl_tuple` (in Nightly builds, run with -Z macro-backtrace for more info)

error[E0275]: overflow evaluating the requirement `GenericArray<T, UInt<UTerm, typenum::B1>> well-formed`
   --> /home/adwin/.cargo/registry/src/mirrors.tuna.tsinghua.edu.cn-4dc01642fd091eda/generic-array-1.3.5/src/impls.rs:170:28
    |
170 |               fn from(array: GenericArray<T, $len>) -> Self {
    |                              ^^^^^^^^^^^^^^^^^^^^^
...
178 | / impl_tuple! {
179 | |     consts::U1  => (A,);
180 | |     consts::U2  => (A,B,);
181 | |     consts::U3  => (A,B,C,);
...   |
190 | |     consts::U12 => (A,B,C,D,E,F,G,H,I,J,K,L,);
191 | | }
    | |_- in this macro invocation
    |
    = help: consider increasing the recursion limit by adding a `#![recursion_limit = "256"]` attribute to your crate (`generic_array`)
    = note: this error originates in the macro `impl_tuple` (in Nightly builds, run with -Z macro-backtrace for more info)

error[E0275]: overflow evaluating the requirement `GenericArray<T, UInt<UInt<UTerm, typenum::B1>, B0>>: Sized`
   --> /home/adwin/.cargo/registry/src/mirrors.tuna.tsinghua.edu.cn-4dc01642fd091eda/generic-array-1.3.5/src/impls.rs:161:58
    |
161 |               fn from(tuple: ($(impl_tuple!(@T $t),)*)) -> Self {
    |                                                            ^^^^
...
178 | / impl_tuple! {
179 | |     consts::U1  => (A,);
180 | |     consts::U2  => (A,B,);
181 | |     consts::U3  => (A,B,C,);
...   |
190 | |     consts::U12 => (A,B,C,D,E,F,G,H,I,J,K,L,);
191 | | }
    | |_- in this macro invocation
    |
    = help: consider increasing the recursion limit by adding a `#![recursion_limit = "256"]` attribute to your crate (`generic_array`)
    = note: the return type of a function must have a statically known size
    = note: this error originates in the macro `impl_tuple` (in Nightly builds, run with -Z macro-backtrace for more info)

error[E0275]: overflow evaluating the requirement `GenericArray<T, UInt<UInt<UTerm, typenum::B1>, B0>> well-formed`
   --> /home/adwin/.cargo/registry/src/mirrors.tuna.tsinghua.edu.cn-4dc01642fd091eda/generic-array-1.3.5/src/impls.rs:161:58
    |
161 |               fn from(tuple: ($(impl_tuple!(@T $t),)*)) -> Self {
    |                                                            ^^^^
...
178 | / impl_tuple! {
179 | |     consts::U1  => (A,);
180 | |     consts::U2  => (A,B,);
181 | |     consts::U3  => (A,B,C,);
...   |
190 | |     consts::U12 => (A,B,C,D,E,F,G,H,I,J,K,L,);
191 | | }
    | |_- in this macro invocation
    |
    = help: consider increasing the recursion limit by adding a `#![recursion_limit = "256"]` attribute to your crate (`generic_array`)
    = note: this error originates in the macro `impl_tuple` (in Nightly builds, run with -Z macro-backtrace for more info)

error[E0275]: overflow evaluating the requirement `GenericArray<T, UInt<UInt<UTerm, typenum::B1>, B0>> well-formed`
   --> /home/adwin/.cargo/registry/src/mirrors.tuna.tsinghua.edu.cn-4dc01642fd091eda/generic-array-1.3.5/src/impls.rs:170:28
    |
170 |               fn from(array: GenericArray<T, $len>) -> Self {
    |                              ^^^^^^^^^^^^^^^^^^^^^
...
178 | / impl_tuple! {
179 | |     consts::U1  => (A,);
180 | |     consts::U2  => (A,B,);
181 | |     consts::U3  => (A,B,C,);
...   |
190 | |     consts::U12 => (A,B,C,D,E,F,G,H,I,J,K,L,);
191 | | }
    | |_- in this macro invocation
    |
    = help: consider increasing the recursion limit by adding a `#![recursion_limit = "256"]` attribute to your crate (`generic_array`)
    = note: this error originates in the macro `impl_tuple` (in Nightly builds, run with -Z macro-backtrace for more info)

error[E0275]: overflow evaluating the requirement `GenericArray<T, UInt<UInt<UTerm, typenum::B1>, typenum::B1>>: Sized`
   --> /home/adwin/.cargo/registry/src/mirrors.tuna.tsinghua.edu.cn-4dc01642fd091eda/generic-array-1.3.5/src/impls.rs:161:58
    |
161 |               fn from(tuple: ($(impl_tuple!(@T $t),)*)) -> Self {
    |                                                            ^^^^
...
178 | / impl_tuple! {
179 | |     consts::U1  => (A,);
180 | |     consts::U2  => (A,B,);
181 | |     consts::U3  => (A,B,C,);
...   |
190 | |     consts::U12 => (A,B,C,D,E,F,G,H,I,J,K,L,);
191 | | }
    | |_- in this macro invocation
    |
    = help: consider increasing the recursion limit by adding a `#![recursion_limit = "256"]` attribute to your crate (`generic_array`)
    = note: the return type of a function must have a statically known size
    = note: this error originates in the macro `impl_tuple` (in Nightly builds, run with -Z macro-backtrace for more info)

error[E0275]: overflow evaluating the requirement `GenericArray<T, UInt<UInt<UTerm, typenum::B1>, typenum::B1>> well-formed`
   --> /home/adwin/.cargo/registry/src/mirrors.tuna.tsinghua.edu.cn-4dc01642fd091eda/generic-array-1.3.5/src/impls.rs:161:58
    |
161 |               fn from(tuple: ($(impl_tuple!(@T $t),)*)) -> Self {
    |                                                            ^^^^
...
178 | / impl_tuple! {
179 | |     consts::U1  => (A,);
180 | |     consts::U2  => (A,B,);
181 | |     consts::U3  => (A,B,C,);
...   |
190 | |     consts::U12 => (A,B,C,D,E,F,G,H,I,J,K,L,);
191 | | }
    | |_- in this macro invocation
    |
    = help: consider increasing the recursion limit by adding a `#![recursion_limit = "256"]` attribute to your crate (`generic_array`)
    = note: this error originates in the macro `impl_tuple` (in Nightly builds, run with -Z macro-backtrace for more info)

error[E0275]: overflow evaluating the requirement `GenericArray<T, UInt<UInt<UTerm, typenum::B1>, typenum::B1>> well-formed`
   --> /home/adwin/.cargo/registry/src/mirrors.tuna.tsinghua.edu.cn-4dc01642fd091eda/generic-array-1.3.5/src/impls.rs:170:28
    |
170 |               fn from(array: GenericArray<T, $len>) -> Self {
    |                              ^^^^^^^^^^^^^^^^^^^^^
...
178 | / impl_tuple! {
179 | |     consts::U1  => (A,);
180 | |     consts::U2  => (A,B,);
181 | |     consts::U3  => (A,B,C,);
...   |
190 | |     consts::U12 => (A,B,C,D,E,F,G,H,I,J,K,L,);
191 | | }
    | |_- in this macro invocation
    |
    = help: consider increasing the recursion limit by adding a `#![recursion_limit = "256"]` attribute to your crate (`generic_array`)
    = note: this error originates in the macro `impl_tuple` (in Nightly builds, run with -Z macro-backtrace for more info)

error[E0275]: overflow evaluating the requirement `GenericArray<T, UInt<UInt<UInt<UTerm, typenum::B1>, ...>, ...>>: Sized`
   --> /home/adwin/.cargo/registry/src/mirrors.tuna.tsinghua.edu.cn-4dc01642fd091eda/generic-array-1.3.5/src/impls.rs:161:58
    |
161 |               fn from(tuple: ($(impl_tuple!(@T $t),)*)) -> Self {
    |                                                            ^^^^
...
178 | / impl_tuple! {
179 | |     consts::U1  => (A,);
180 | |     consts::U2  => (A,B,);
181 | |     consts::U3  => (A,B,C,);
...   |
190 | |     consts::U12 => (A,B,C,D,E,F,G,H,I,J,K,L,);
191 | | }
    | |_- in this macro invocation
    |
    = help: consider increasing the recursion limit by adding a `#![recursion_limit = "256"]` attribute to your crate (`generic_array`)
    = note: the return type of a function must have a statically known size
    = note: this error originates in the macro `impl_tuple` (in Nightly builds, run with -Z macro-backtrace for more info)

error[E0275]: overflow evaluating the requirement `GenericArray<T, UInt<UInt<UInt<UTerm, typenum::B1>, ...>, ...>> well-formed`
   --> /home/adwin/.cargo/registry/src/mirrors.tuna.tsinghua.edu.cn-4dc01642fd091eda/generic-array-1.3.5/src/impls.rs:161:58
    |
161 |               fn from(tuple: ($(impl_tuple!(@T $t),)*)) -> Self {
    |                                                            ^^^^
...
178 | / impl_tuple! {
179 | |     consts::U1  => (A,);
180 | |     consts::U2  => (A,B,);
181 | |     consts::U3  => (A,B,C,);
...   |
190 | |     consts::U12 => (A,B,C,D,E,F,G,H,I,J,K,L,);
191 | | }
    | |_- in this macro invocation
    |
    = help: consider increasing the recursion limit by adding a `#![recursion_limit = "256"]` attribute to your crate (`generic_array`)
    = note: this error originates in the macro `impl_tuple` (in Nightly builds, run with -Z macro-backtrace for more info)

error[E0275]: overflow evaluating the requirement `GenericArray<T, UInt<UInt<UInt<UTerm, typenum::B1>, ...>, ...>> well-formed`
   --> /home/adwin/.cargo/registry/src/mirrors.tuna.tsinghua.edu.cn-4dc01642fd091eda/generic-array-1.3.5/src/impls.rs:170:28
    |
170 |               fn from(array: GenericArray<T, $len>) -> Self {
    |                              ^^^^^^^^^^^^^^^^^^^^^
...
178 | / impl_tuple! {
179 | |     consts::U1  => (A,);
180 | |     consts::U2  => (A,B,);
181 | |     consts::U3  => (A,B,C,);
...   |
190 | |     consts::U12 => (A,B,C,D,E,F,G,H,I,J,K,L,);
191 | | }
    | |_- in this macro invocation
    |
    = help: consider increasing the recursion limit by adding a `#![recursion_limit = "256"]` attribute to your crate (`generic_array`)
    = note: this error originates in the macro `impl_tuple` (in Nightly builds, run with -Z macro-backtrace for more info)

error[E0275]: overflow evaluating the requirement `GenericArray<T, UInt<UInt<UInt<UInt<UTerm, ...>, ...>, ...>, ...>>: Sized`
   --> /home/adwin/.cargo/registry/src/mirrors.tuna.tsinghua.edu.cn-4dc01642fd091eda/generic-array-1.3.5/src/impls.rs:161:58
    |
161 |               fn from(tuple: ($(impl_tuple!(@T $t),)*)) -> Self {
    |                                                            ^^^^
...
178 | / impl_tuple! {
179 | |     consts::U1  => (A,);
180 | |     consts::U2  => (A,B,);
181 | |     consts::U3  => (A,B,C,);
...   |
190 | |     consts::U12 => (A,B,C,D,E,F,G,H,I,J,K,L,);
191 | | }
    | |_- in this macro invocation
    |
    = help: consider increasing the recursion limit by adding a `#![recursion_limit = "256"]` attribute to your crate (`generic_array`)
    = note: the return type of a function must have a statically known size
    = note: this error originates in the macro `impl_tuple` (in Nightly builds, run with -Z macro-backtrace for more info)

error[E0275]: overflow evaluating the requirement `GenericArray<T, UInt<UInt<UInt<UInt<UTerm, ...>, ...>, ...>, ...>> well-formed`
   --> /home/adwin/.cargo/registry/src/mirrors.tuna.tsinghua.edu.cn-4dc01642fd091eda/generic-array-1.3.5/src/impls.rs:161:58
    |
161 |               fn from(tuple: ($(impl_tuple!(@T $t),)*)) -> Self {
    |                                                            ^^^^
...
178 | / impl_tuple! {
179 | |     consts::U1  => (A,);
180 | |     consts::U2  => (A,B,);
181 | |     consts::U3  => (A,B,C,);
...   |
190 | |     consts::U12 => (A,B,C,D,E,F,G,H,I,J,K,L,);
191 | | }
    | |_- in this macro invocation
    |
    = help: consider increasing the recursion limit by adding a `#![recursion_limit = "256"]` attribute to your crate (`generic_array`)
    = note: this error originates in the macro `impl_tuple` (in Nightly builds, run with -Z macro-backtrace for more info)

error[E0275]: overflow evaluating the requirement `GenericArray<T, UInt<UInt<UInt<UInt<UTerm, ...>, ...>, ...>, ...>> well-formed`
   --> /home/adwin/.cargo/registry/src/mirrors.tuna.tsinghua.edu.cn-4dc01642fd091eda/generic-array-1.3.5/src/impls.rs:170:28
    |
170 |               fn from(array: GenericArray<T, $len>) -> Self {
    |                              ^^^^^^^^^^^^^^^^^^^^^
...
178 | / impl_tuple! {
179 | |     consts::U1  => (A,);
180 | |     consts::U2  => (A,B,);
181 | |     consts::U3  => (A,B,C,);
...   |
190 | |     consts::U12 => (A,B,C,D,E,F,G,H,I,J,K,L,);
191 | | }
    | |_- in this macro invocation
    |
    = help: consider increasing the recursion limit by adding a `#![recursion_limit = "256"]` attribute to your crate (`generic_array`)
    = note: this error originates in the macro `impl_tuple` (in Nightly builds, run with -Z macro-backtrace for more info)

error[E0275]: overflow evaluating the requirement `UInt<UTerm, typenum::B1>: ArrayLength`
   --> /home/adwin/.cargo/registry/src/mirrors.tuna.tsinghua.edu.cn-4dc01642fd091eda/generic-array-1.3.5/src/impls.rs:163:17
    |
163 |                   GenericArray::from_array([$($t,)*])
    |                   ^^^^^^^^^^^^^^^^^^^^^^^^^^^^^^^^^^^
...
178 | / impl_tuple! {
179 | |     consts::U1  => (A,);
180 | |     consts::U2  => (A,B,);
181 | |     consts::U3  => (A,B,C,);
...   |
190 | |     consts::U12 => (A,B,C,D,E,F,G,H,I,J,K,L,);
191 | | }
    | |_- in this macro invocation
    |
    = help: consider increasing the recursion limit by adding a `#![recursion_limit = "256"]` attribute to your crate (`generic_array`)
note: required by a bound in `GenericArray::<T, N>::from_array`
   --> /home/adwin/.cargo/registry/src/mirrors.tuna.tsinghua.edu.cn-4dc01642fd091eda/generic-array-1.3.5/src/lib.rs:773:12
    |
773 | impl<T, N: ArrayLength> GenericArray<T, N> {
    |            ^^^^^^^^^^^ required by this bound in `GenericArray::<T, N>::from_array`
...
940 |     pub const fn from_array<const U: usize>(value: [T; U]) -> Self
    |                  ---------- required by a bound in this associated function
    = note: this error originates in the macro `impl_tuple` (in Nightly builds, run with -Z macro-backtrace for more info)

error[E0275]: overflow evaluating the requirement `Const<1>: IntoArrayLength`
   --> /home/adwin/.cargo/registry/src/mirrors.tuna.tsinghua.edu.cn-4dc01642fd091eda/generic-array-1.3.5/src/impls.rs:163:17
    |
163 |                   GenericArray::from_array([$($t,)*])
    |                   ^^^^^^^^^^^^^^^^^^^^^^^^^^^^^^^^^^^
...
178 | / impl_tuple! {
179 | |     consts::U1  => (A,);
180 | |     consts::U2  => (A,B,);
181 | |     consts::U3  => (A,B,C,);
...   |
190 | |     consts::U12 => (A,B,C,D,E,F,G,H,I,J,K,L,);
191 | | }
    | |_- in this macro invocation
    |
    = help: consider increasing the recursion limit by adding a `#![recursion_limit = "256"]` attribute to your crate (`generic_array`)
note: required by a bound in `GenericArray::<T, N>::from_array`
   --> /home/adwin/.cargo/registry/src/mirrors.tuna.tsinghua.edu.cn-4dc01642fd091eda/generic-array-1.3.5/src/lib.rs:942:19
    |
940 |     pub const fn from_array<const U: usize>(value: [T; U]) -> Self
    |                  ---------- required by a bound in this associated function
941 |     where
942 |         Const<U>: IntoArrayLength<ArrayLength = N>,
    |                   ^^^^^^^^^^^^^^^^^^^^^^^^^^^^^^^^ required by this bound in `GenericArray::<T, N>::from_array`
    = note: this error originates in the macro `impl_tuple` (in Nightly builds, run with -Z macro-backtrace for more info)

error[E0275]: overflow evaluating the requirement `<Const<1> as IntoArrayLength>::ArrayLength == UInt<UTerm, typenum::B1>`
   --> /home/adwin/.cargo/registry/src/mirrors.tuna.tsinghua.edu.cn-4dc01642fd091eda/generic-array-1.3.5/src/impls.rs:163:17
    |
163 |                   GenericArray::from_array([$($t,)*])
    |                   ^^^^^^^^^^^^^^^^^^^^^^^^^^^^^^^^^^^
...
178 | / impl_tuple! {
179 | |     consts::U1  => (A,);
180 | |     consts::U2  => (A,B,);
181 | |     consts::U3  => (A,B,C,);
...   |
190 | |     consts::U12 => (A,B,C,D,E,F,G,H,I,J,K,L,);
191 | | }
    | |_- in this macro invocation
    |
    = help: consider increasing the recursion limit by adding a `#![recursion_limit = "256"]` attribute to your crate (`generic_array`)
note: required by a bound in `GenericArray::<T, N>::from_array`
   --> /home/adwin/.cargo/registry/src/mirrors.tuna.tsinghua.edu.cn-4dc01642fd091eda/generic-array-1.3.5/src/lib.rs:942:35
    |
940 |     pub const fn from_array<const U: usize>(value: [T; U]) -> Self
    |                  ---------- required by a bound in this associated function
941 |     where
942 |         Const<U>: IntoArrayLength<ArrayLength = N>,
    |                                   ^^^^^^^^^^^^^^^ required by this bound in `GenericArray::<T, N>::from_array`
    = note: this error originates in the macro `impl_tuple` (in Nightly builds, run with -Z macro-backtrace for more info)

error[E0275]: overflow evaluating the requirement `GenericArray<T, UInt<UTerm, typenum::B1>>: Sized`
   --> /home/adwin/.cargo/registry/src/mirrors.tuna.tsinghua.edu.cn-4dc01642fd091eda/generic-array-1.3.5/src/impls.rs:163:17
    |
163 |                   GenericArray::from_array([$($t,)*])
    |                   ^^^^^^^^^^^^^^^^^^^^^^^^^^^^^^^^^^^
...
178 | / impl_tuple! {
179 | |     consts::U1  => (A,);
180 | |     consts::U2  => (A,B,);
181 | |     consts::U3  => (A,B,C,);
...   |
190 | |     consts::U12 => (A,B,C,D,E,F,G,H,I,J,K,L,);
191 | | }
    | |_- in this macro invocation
    |
    = help: consider increasing the recursion limit by adding a `#![recursion_limit = "256"]` attribute to your crate (`generic_array`)
    = note: the return type of a function must have a statically known size
    = note: this error originates in the macro `impl_tuple` (in Nightly builds, run with -Z macro-backtrace for more info)

error[E0275]: overflow evaluating the requirement `GenericArray<T, UInt<UTerm, typenum::B1>> well-formed`
   --> /home/adwin/.cargo/registry/src/mirrors.tuna.tsinghua.edu.cn-4dc01642fd091eda/generic-array-1.3.5/src/impls.rs:163:17
    |
163 |                   GenericArray::from_array([$($t,)*])
    |                   ^^^^^^^^^^^^
...
178 | / impl_tuple! {
179 | |     consts::U1  => (A,);
180 | |     consts::U2  => (A,B,);
181 | |     consts::U3  => (A,B,C,);
...   |
190 | |     consts::U12 => (A,B,C,D,E,F,G,H,I,J,K,L,);
191 | | }
    | |_- in this macro invocation
    |
    = help: consider increasing the recursion limit by adding a `#![recursion_limit = "256"]` attribute to your crate (`generic_array`)
    = note: this error originates in the macro `impl_tuple` (in Nightly builds, run with -Z macro-backtrace for more info)

error[E0275]: overflow evaluating the requirement `GenericArray<T, UInt<UTerm, typenum::B1>> well-formed`
   --> /home/adwin/.cargo/registry/src/mirrors.tuna.tsinghua.edu.cn-4dc01642fd091eda/generic-array-1.3.5/src/impls.rs:163:17
    |
163 |                   GenericArray::from_array([$($t,)*])
    |                   ^^^^^^^^^^^^^^^^^^^^^^^^^^^^^^^^^^^
...
178 | / impl_tuple! {
179 | |     consts::U1  => (A,);
180 | |     consts::U2  => (A,B,);
181 | |     consts::U3  => (A,B,C,);
...   |
190 | |     consts::U12 => (A,B,C,D,E,F,G,H,I,J,K,L,);
191 | | }
    | |_- in this macro invocation
    |
    = help: consider increasing the recursion limit by adding a `#![recursion_limit = "256"]` attribute to your crate (`generic_array`)
    = note: this error originates in the macro `impl_tuple` (in Nightly builds, run with -Z macro-backtrace for more info)

error[E0282]: type annotations needed
   --> /home/adwin/.cargo/registry/src/mirrors.tuna.tsinghua.edu.cn-4dc01642fd091eda/generic-array-1.3.5/src/impls.rs:171:33
    |
171 |                   let [$($t),*] = array.into_array();
    |                                   ^^^^^ cannot infer type
...
178 | / impl_tuple! {
179 | |     consts::U1  => (A,);
180 | |     consts::U2  => (A,B,);
181 | |     consts::U3  => (A,B,C,);
...   |
190 | |     consts::U12 => (A,B,C,D,E,F,G,H,I,J,K,L,);
191 | | }
    | |_- in this macro invocation
    |
    = note: this error originates in the macro `impl_tuple` (in Nightly builds, run with -Z macro-backtrace for more info)

error[E0275]: overflow evaluating the requirement `UInt<UInt<UTerm, typenum::B1>, B0>: ArrayLength`
   --> /home/adwin/.cargo/registry/src/mirrors.tuna.tsinghua.edu.cn-4dc01642fd091eda/generic-array-1.3.5/src/impls.rs:163:17
    |
163 |                   GenericArray::from_array([$($t,)*])
    |                   ^^^^^^^^^^^^^^^^^^^^^^^^^^^^^^^^^^^
...
178 | / impl_tuple! {
179 | |     consts::U1  => (A,);
180 | |     consts::U2  => (A,B,);
181 | |     consts::U3  => (A,B,C,);
...   |
190 | |     consts::U12 => (A,B,C,D,E,F,G,H,I,J,K,L,);
191 | | }
    | |_- in this macro invocation
    |
    = help: consider increasing the recursion limit by adding a `#![recursion_limit = "256"]` attribute to your crate (`generic_array`)
note: required by a bound in `GenericArray::<T, N>::from_array`
   --> /home/adwin/.cargo/registry/src/mirrors.tuna.tsinghua.edu.cn-4dc01642fd091eda/generic-array-1.3.5/src/lib.rs:773:12
    |
773 | impl<T, N: ArrayLength> GenericArray<T, N> {
    |            ^^^^^^^^^^^ required by this bound in `GenericArray::<T, N>::from_array`
...
940 |     pub const fn from_array<const U: usize>(value: [T; U]) -> Self
    |                  ---------- required by a bound in this associated function
    = note: this error originates in the macro `impl_tuple` (in Nightly builds, run with -Z macro-backtrace for more info)

error[E0275]: overflow evaluating the requirement `Const<2>: IntoArrayLength`
   --> /home/adwin/.cargo/registry/src/mirrors.tuna.tsinghua.edu.cn-4dc01642fd091eda/generic-array-1.3.5/src/impls.rs:163:17
    |
163 |                   GenericArray::from_array([$($t,)*])
    |                   ^^^^^^^^^^^^^^^^^^^^^^^^^^^^^^^^^^^
...
178 | / impl_tuple! {
179 | |     consts::U1  => (A,);
180 | |     consts::U2  => (A,B,);
181 | |     consts::U3  => (A,B,C,);
...   |
190 | |     consts::U12 => (A,B,C,D,E,F,G,H,I,J,K,L,);
191 | | }
    | |_- in this macro invocation
    |
    = help: consider increasing the recursion limit by adding a `#![recursion_limit = "256"]` attribute to your crate (`generic_array`)
note: required by a bound in `GenericArray::<T, N>::from_array`
   --> /home/adwin/.cargo/registry/src/mirrors.tuna.tsinghua.edu.cn-4dc01642fd091eda/generic-array-1.3.5/src/lib.rs:942:19
    |
940 |     pub const fn from_array<const U: usize>(value: [T; U]) -> Self
    |                  ---------- required by a bound in this associated function
941 |     where
942 |         Const<U>: IntoArrayLength<ArrayLength = N>,
    |                   ^^^^^^^^^^^^^^^^^^^^^^^^^^^^^^^^ required by this bound in `GenericArray::<T, N>::from_array`
    = note: this error originates in the macro `impl_tuple` (in Nightly builds, run with -Z macro-backtrace for more info)

error[E0275]: overflow evaluating the requirement `<Const<2> as IntoArrayLength>::ArrayLength == UInt<UInt<UTerm, typenum::B1>, B0>`
   --> /home/adwin/.cargo/registry/src/mirrors.tuna.tsinghua.edu.cn-4dc01642fd091eda/generic-array-1.3.5/src/impls.rs:163:17
    |
163 |                   GenericArray::from_array([$($t,)*])
    |                   ^^^^^^^^^^^^^^^^^^^^^^^^^^^^^^^^^^^
...
178 | / impl_tuple! {
179 | |     consts::U1  => (A,);
180 | |     consts::U2  => (A,B,);
181 | |     consts::U3  => (A,B,C,);
...   |
190 | |     consts::U12 => (A,B,C,D,E,F,G,H,I,J,K,L,);
191 | | }
    | |_- in this macro invocation
    |
    = help: consider increasing the recursion limit by adding a `#![recursion_limit = "256"]` attribute to your crate (`generic_array`)
note: required by a bound in `GenericArray::<T, N>::from_array`
   --> /home/adwin/.cargo/registry/src/mirrors.tuna.tsinghua.edu.cn-4dc01642fd091eda/generic-array-1.3.5/src/lib.rs:942:35
    |
940 |     pub const fn from_array<const U: usize>(value: [T; U]) -> Self
    |                  ---------- required by a bound in this associated function
941 |     where
942 |         Const<U>: IntoArrayLength<ArrayLength = N>,
    |                                   ^^^^^^^^^^^^^^^ required by this bound in `GenericArray::<T, N>::from_array`
    = note: this error originates in the macro `impl_tuple` (in Nightly builds, run with -Z macro-backtrace for more info)

error[E0275]: overflow evaluating the requirement `GenericArray<T, UInt<UInt<UTerm, typenum::B1>, B0>>: Sized`
   --> /home/adwin/.cargo/registry/src/mirrors.tuna.tsinghua.edu.cn-4dc01642fd091eda/generic-array-1.3.5/src/impls.rs:163:17
    |
163 |                   GenericArray::from_array([$($t,)*])
    |                   ^^^^^^^^^^^^^^^^^^^^^^^^^^^^^^^^^^^
...
178 | / impl_tuple! {
179 | |     consts::U1  => (A,);
180 | |     consts::U2  => (A,B,);
181 | |     consts::U3  => (A,B,C,);
...   |
190 | |     consts::U12 => (A,B,C,D,E,F,G,H,I,J,K,L,);
191 | | }
    | |_- in this macro invocation
    |
    = help: consider increasing the recursion limit by adding a `#![recursion_limit = "256"]` attribute to your crate (`generic_array`)
    = note: the return type of a function must have a statically known size
    = note: this error originates in the macro `impl_tuple` (in Nightly builds, run with -Z macro-backtrace for more info)

error[E0275]: overflow evaluating the requirement `GenericArray<T, UInt<UInt<UTerm, typenum::B1>, B0>> well-formed`
   --> /home/adwin/.cargo/registry/src/mirrors.tuna.tsinghua.edu.cn-4dc01642fd091eda/generic-array-1.3.5/src/impls.rs:163:17
    |
163 |                   GenericArray::from_array([$($t,)*])
    |                   ^^^^^^^^^^^^
...
178 | / impl_tuple! {
179 | |     consts::U1  => (A,);
180 | |     consts::U2  => (A,B,);
181 | |     consts::U3  => (A,B,C,);
...   |
190 | |     consts::U12 => (A,B,C,D,E,F,G,H,I,J,K,L,);
191 | | }
    | |_- in this macro invocation
    |
    = help: consider increasing the recursion limit by adding a `#![recursion_limit = "256"]` attribute to your crate (`generic_array`)
    = note: this error originates in the macro `impl_tuple` (in Nightly builds, run with -Z macro-backtrace for more info)

error[E0275]: overflow evaluating the requirement `GenericArray<T, UInt<UInt<UTerm, typenum::B1>, B0>> well-formed`
   --> /home/adwin/.cargo/registry/src/mirrors.tuna.tsinghua.edu.cn-4dc01642fd091eda/generic-array-1.3.5/src/impls.rs:163:17
    |
163 |                   GenericArray::from_array([$($t,)*])
    |                   ^^^^^^^^^^^^^^^^^^^^^^^^^^^^^^^^^^^
...
178 | / impl_tuple! {
179 | |     consts::U1  => (A,);
180 | |     consts::U2  => (A,B,);
181 | |     consts::U3  => (A,B,C,);
...   |
190 | |     consts::U12 => (A,B,C,D,E,F,G,H,I,J,K,L,);
191 | | }
    | |_- in this macro invocation
    |
    = help: consider increasing the recursion limit by adding a `#![recursion_limit = "256"]` attribute to your crate (`generic_array`)
    = note: this error originates in the macro `impl_tuple` (in Nightly builds, run with -Z macro-backtrace for more info)

error[E0275]: overflow evaluating the requirement `UInt<UInt<UTerm, typenum::B1>, typenum::B1>: ArrayLength`
   --> /home/adwin/.cargo/registry/src/mirrors.tuna.tsinghua.edu.cn-4dc01642fd091eda/generic-array-1.3.5/src/impls.rs:163:17
    |
163 |                   GenericArray::from_array([$($t,)*])
    |                   ^^^^^^^^^^^^^^^^^^^^^^^^^^^^^^^^^^^
...
178 | / impl_tuple! {
179 | |     consts::U1  => (A,);
180 | |     consts::U2  => (A,B,);
181 | |     consts::U3  => (A,B,C,);
...   |
190 | |     consts::U12 => (A,B,C,D,E,F,G,H,I,J,K,L,);
191 | | }
    | |_- in this macro invocation
    |
    = help: consider increasing the recursion limit by adding a `#![recursion_limit = "256"]` attribute to your crate (`generic_array`)
note: required by a bound in `GenericArray::<T, N>::from_array`
   --> /home/adwin/.cargo/registry/src/mirrors.tuna.tsinghua.edu.cn-4dc01642fd091eda/generic-array-1.3.5/src/lib.rs:773:12
    |
773 | impl<T, N: ArrayLength> GenericArray<T, N> {
    |            ^^^^^^^^^^^ required by this bound in `GenericArray::<T, N>::from_array`
...
940 |     pub const fn from_array<const U: usize>(value: [T; U]) -> Self
    |                  ---------- required by a bound in this associated function
    = note: this error originates in the macro `impl_tuple` (in Nightly builds, run with -Z macro-backtrace for more info)

error[E0275]: overflow evaluating the requirement `Const<3>: IntoArrayLength`
   --> /home/adwin/.cargo/registry/src/mirrors.tuna.tsinghua.edu.cn-4dc01642fd091eda/generic-array-1.3.5/src/impls.rs:163:17
    |
163 |                   GenericArray::from_array([$($t,)*])
    |                   ^^^^^^^^^^^^^^^^^^^^^^^^^^^^^^^^^^^
...
178 | / impl_tuple! {
179 | |     consts::U1  => (A,);
180 | |     consts::U2  => (A,B,);
181 | |     consts::U3  => (A,B,C,);
...   |
190 | |     consts::U12 => (A,B,C,D,E,F,G,H,I,J,K,L,);
191 | | }
    | |_- in this macro invocation
    |
    = help: consider increasing the recursion limit by adding a `#![recursion_limit = "256"]` attribute to your crate (`generic_array`)
note: required by a bound in `GenericArray::<T, N>::from_array`
   --> /home/adwin/.cargo/registry/src/mirrors.tuna.tsinghua.edu.cn-4dc01642fd091eda/generic-array-1.3.5/src/lib.rs:942:19
    |
940 |     pub const fn from_array<const U: usize>(value: [T; U]) -> Self
    |                  ---------- required by a bound in this associated function
941 |     where
942 |         Const<U>: IntoArrayLength<ArrayLength = N>,
    |                   ^^^^^^^^^^^^^^^^^^^^^^^^^^^^^^^^ required by this bound in `GenericArray::<T, N>::from_array`
    = note: this error originates in the macro `impl_tuple` (in Nightly builds, run with -Z macro-backtrace for more info)

error[E0275]: overflow evaluating the requirement `<Const<3> as IntoArrayLength>::ArrayLength == UInt<UInt<UTerm, typenum::B1>, typenum::B1>`
   --> /home/adwin/.cargo/registry/src/mirrors.tuna.tsinghua.edu.cn-4dc01642fd091eda/generic-array-1.3.5/src/impls.rs:163:17
    |
163 |                   GenericArray::from_array([$($t,)*])
    |                   ^^^^^^^^^^^^^^^^^^^^^^^^^^^^^^^^^^^
...
178 | / impl_tuple! {
179 | |     consts::U1  => (A,);
180 | |     consts::U2  => (A,B,);
181 | |     consts::U3  => (A,B,C,);
...   |
190 | |     consts::U12 => (A,B,C,D,E,F,G,H,I,J,K,L,);
191 | | }
    | |_- in this macro invocation
    |
    = help: consider increasing the recursion limit by adding a `#![recursion_limit = "256"]` attribute to your crate (`generic_array`)
note: required by a bound in `GenericArray::<T, N>::from_array`
   --> /home/adwin/.cargo/registry/src/mirrors.tuna.tsinghua.edu.cn-4dc01642fd091eda/generic-array-1.3.5/src/lib.rs:942:35
    |
940 |     pub const fn from_array<const U: usize>(value: [T; U]) -> Self
    |                  ---------- required by a bound in this associated function
941 |     where
942 |         Const<U>: IntoArrayLength<ArrayLength = N>,
    |                                   ^^^^^^^^^^^^^^^ required by this bound in `GenericArray::<T, N>::from_array`
    = note: this error originates in the macro `impl_tuple` (in Nightly builds, run with -Z macro-backtrace for more info)

error[E0275]: overflow evaluating the requirement `GenericArray<T, UInt<UInt<UTerm, typenum::B1>, typenum::B1>>: Sized`
   --> /home/adwin/.cargo/registry/src/mirrors.tuna.tsinghua.edu.cn-4dc01642fd091eda/generic-array-1.3.5/src/impls.rs:163:17
    |
163 |                   GenericArray::from_array([$($t,)*])
    |                   ^^^^^^^^^^^^^^^^^^^^^^^^^^^^^^^^^^^
...
178 | / impl_tuple! {
179 | |     consts::U1  => (A,);
180 | |     consts::U2  => (A,B,);
181 | |     consts::U3  => (A,B,C,);
...   |
190 | |     consts::U12 => (A,B,C,D,E,F,G,H,I,J,K,L,);
191 | | }
    | |_- in this macro invocation
    |
    = help: consider increasing the recursion limit by adding a `#![recursion_limit = "256"]` attribute to your crate (`generic_array`)
    = note: the return type of a function must have a statically known size
    = note: this error originates in the macro `impl_tuple` (in Nightly builds, run with -Z macro-backtrace for more info)

error[E0275]: overflow evaluating the requirement `GenericArray<T, UInt<UInt<UTerm, typenum::B1>, typenum::B1>> well-formed`
   --> /home/adwin/.cargo/registry/src/mirrors.tuna.tsinghua.edu.cn-4dc01642fd091eda/generic-array-1.3.5/src/impls.rs:163:17
    |
163 |                   GenericArray::from_array([$($t,)*])
    |                   ^^^^^^^^^^^^
...
178 | / impl_tuple! {
179 | |     consts::U1  => (A,);
180 | |     consts::U2  => (A,B,);
181 | |     consts::U3  => (A,B,C,);
...   |
190 | |     consts::U12 => (A,B,C,D,E,F,G,H,I,J,K,L,);
191 | | }
    | |_- in this macro invocation
    |
    = help: consider increasing the recursion limit by adding a `#![recursion_limit = "256"]` attribute to your crate (`generic_array`)
    = note: this error originates in the macro `impl_tuple` (in Nightly builds, run with -Z macro-backtrace for more info)

error[E0275]: overflow evaluating the requirement `GenericArray<T, UInt<UInt<UTerm, typenum::B1>, typenum::B1>> well-formed`
   --> /home/adwin/.cargo/registry/src/mirrors.tuna.tsinghua.edu.cn-4dc01642fd091eda/generic-array-1.3.5/src/impls.rs:163:17
    |
163 |                   GenericArray::from_array([$($t,)*])
    |                   ^^^^^^^^^^^^^^^^^^^^^^^^^^^^^^^^^^^
...
178 | / impl_tuple! {
179 | |     consts::U1  => (A,);
180 | |     consts::U2  => (A,B,);
181 | |     consts::U3  => (A,B,C,);
...   |
190 | |     consts::U12 => (A,B,C,D,E,F,G,H,I,J,K,L,);
191 | | }
    | |_- in this macro invocation
    |
    = help: consider increasing the recursion limit by adding a `#![recursion_limit = "256"]` attribute to your crate (`generic_array`)
    = note: this error originates in the macro `impl_tuple` (in Nightly builds, run with -Z macro-backtrace for more info)

error[E0275]: overflow evaluating the requirement `UInt<UInt<UInt<UTerm, typenum::B1>, B0>, B0>: ArrayLength`
   --> /home/adwin/.cargo/registry/src/mirrors.tuna.tsinghua.edu.cn-4dc01642fd091eda/generic-array-1.3.5/src/impls.rs:163:17
    |
163 |                   GenericArray::from_array([$($t,)*])
    |                   ^^^^^^^^^^^^^^^^^^^^^^^^^^^^^^^^^^^
...
178 | / impl_tuple! {
179 | |     consts::U1  => (A,);
180 | |     consts::U2  => (A,B,);
181 | |     consts::U3  => (A,B,C,);
...   |
190 | |     consts::U12 => (A,B,C,D,E,F,G,H,I,J,K,L,);
191 | | }
    | |_- in this macro invocation
    |
    = help: consider increasing the recursion limit by adding a `#![recursion_limit = "256"]` attribute to your crate (`generic_array`)
note: required by a bound in `GenericArray::<T, N>::from_array`
   --> /home/adwin/.cargo/registry/src/mirrors.tuna.tsinghua.edu.cn-4dc01642fd091eda/generic-array-1.3.5/src/lib.rs:773:12
    |
773 | impl<T, N: ArrayLength> GenericArray<T, N> {
    |            ^^^^^^^^^^^ required by this bound in `GenericArray::<T, N>::from_array`
...
940 |     pub const fn from_array<const U: usize>(value: [T; U]) -> Self
    |                  ---------- required by a bound in this associated function
    = note: this error originates in the macro `impl_tuple` (in Nightly builds, run with -Z macro-backtrace for more info)

error[E0275]: overflow evaluating the requirement `Const<4>: IntoArrayLength`
   --> /home/adwin/.cargo/registry/src/mirrors.tuna.tsinghua.edu.cn-4dc01642fd091eda/generic-array-1.3.5/src/impls.rs:163:17
    |
163 |                   GenericArray::from_array([$($t,)*])
    |                   ^^^^^^^^^^^^^^^^^^^^^^^^^^^^^^^^^^^
...
178 | / impl_tuple! {
179 | |     consts::U1  => (A,);
180 | |     consts::U2  => (A,B,);
181 | |     consts::U3  => (A,B,C,);
...   |
190 | |     consts::U12 => (A,B,C,D,E,F,G,H,I,J,K,L,);
191 | | }
    | |_- in this macro invocation
    |
    = help: consider increasing the recursion limit by adding a `#![recursion_limit = "256"]` attribute to your crate (`generic_array`)
note: required by a bound in `GenericArray::<T, N>::from_array`
   --> /home/adwin/.cargo/registry/src/mirrors.tuna.tsinghua.edu.cn-4dc01642fd091eda/generic-array-1.3.5/src/lib.rs:942:19
    |
940 |     pub const fn from_array<const U: usize>(value: [T; U]) -> Self
    |                  ---------- required by a bound in this associated function
941 |     where
942 |         Const<U>: IntoArrayLength<ArrayLength = N>,
    |                   ^^^^^^^^^^^^^^^^^^^^^^^^^^^^^^^^ required by this bound in `GenericArray::<T, N>::from_array`
    = note: this error originates in the macro `impl_tuple` (in Nightly builds, run with -Z macro-backtrace for more info)

error[E0275]: overflow evaluating the requirement `<Const<4> as IntoArrayLength>::ArrayLength == UInt<UInt<UInt<UTerm, typenum::B1>, B0>, B0>`
   --> /home/adwin/.cargo/registry/src/mirrors.tuna.tsinghua.edu.cn-4dc01642fd091eda/generic-array-1.3.5/src/impls.rs:163:17
    |
163 |                   GenericArray::from_array([$($t,)*])
    |                   ^^^^^^^^^^^^^^^^^^^^^^^^^^^^^^^^^^^
...
178 | / impl_tuple! {
179 | |     consts::U1  => (A,);
180 | |     consts::U2  => (A,B,);
181 | |     consts::U3  => (A,B,C,);
...   |
190 | |     consts::U12 => (A,B,C,D,E,F,G,H,I,J,K,L,);
191 | | }
    | |_- in this macro invocation
    |
    = help: consider increasing the recursion limit by adding a `#![recursion_limit = "256"]` attribute to your crate (`generic_array`)
note: required by a bound in `GenericArray::<T, N>::from_array`
   --> /home/adwin/.cargo/registry/src/mirrors.tuna.tsinghua.edu.cn-4dc01642fd091eda/generic-array-1.3.5/src/lib.rs:942:35
    |
940 |     pub const fn from_array<const U: usize>(value: [T; U]) -> Self
    |                  ---------- required by a bound in this associated function
941 |     where
942 |         Const<U>: IntoArrayLength<ArrayLength = N>,
    |                                   ^^^^^^^^^^^^^^^ required by this bound in `GenericArray::<T, N>::from_array`
    = note: this error originates in the macro `impl_tuple` (in Nightly builds, run with -Z macro-backtrace for more info)

error[E0275]: overflow evaluating the requirement `GenericArray<T, UInt<UInt<UInt<UTerm, typenum::B1>, ...>, ...>>: Sized`
   --> /home/adwin/.cargo/registry/src/mirrors.tuna.tsinghua.edu.cn-4dc01642fd091eda/generic-array-1.3.5/src/impls.rs:163:17
    |
163 |                   GenericArray::from_array([$($t,)*])
    |                   ^^^^^^^^^^^^^^^^^^^^^^^^^^^^^^^^^^^
...
178 | / impl_tuple! {
179 | |     consts::U1  => (A,);
180 | |     consts::U2  => (A,B,);
181 | |     consts::U3  => (A,B,C,);
...   |
190 | |     consts::U12 => (A,B,C,D,E,F,G,H,I,J,K,L,);
191 | | }
    | |_- in this macro invocation
    |
    = help: consider increasing the recursion limit by adding a `#![recursion_limit = "256"]` attribute to your crate (`generic_array`)
    = note: the return type of a function must have a statically known size
    = note: this error originates in the macro `impl_tuple` (in Nightly builds, run with -Z macro-backtrace for more info)

error[E0275]: overflow evaluating the requirement `GenericArray<T, UInt<UInt<UInt<UTerm, typenum::B1>, ...>, ...>> well-formed`
   --> /home/adwin/.cargo/registry/src/mirrors.tuna.tsinghua.edu.cn-4dc01642fd091eda/generic-array-1.3.5/src/impls.rs:163:17
    |
163 |                   GenericArray::from_array([$($t,)*])
    |                   ^^^^^^^^^^^^
...
178 | / impl_tuple! {
179 | |     consts::U1  => (A,);
180 | |     consts::U2  => (A,B,);
181 | |     consts::U3  => (A,B,C,);
...   |
190 | |     consts::U12 => (A,B,C,D,E,F,G,H,I,J,K,L,);
191 | | }
    | |_- in this macro invocation
    |
    = help: consider increasing the recursion limit by adding a `#![recursion_limit = "256"]` attribute to your crate (`generic_array`)
    = note: this error originates in the macro `impl_tuple` (in Nightly builds, run with -Z macro-backtrace for more info)

error[E0275]: overflow evaluating the requirement `GenericArray<T, UInt<UInt<UInt<UTerm, typenum::B1>, ...>, ...>> well-formed`
   --> /home/adwin/.cargo/registry/src/mirrors.tuna.tsinghua.edu.cn-4dc01642fd091eda/generic-array-1.3.5/src/impls.rs:163:17
    |
163 |                   GenericArray::from_array([$($t,)*])
    |                   ^^^^^^^^^^^^^^^^^^^^^^^^^^^^^^^^^^^
...
178 | / impl_tuple! {
179 | |     consts::U1  => (A,);
180 | |     consts::U2  => (A,B,);
181 | |     consts::U3  => (A,B,C,);
...   |
190 | |     consts::U12 => (A,B,C,D,E,F,G,H,I,J,K,L,);
191 | | }
    | |_- in this macro invocation
    |
    = help: consider increasing the recursion limit by adding a `#![recursion_limit = "256"]` attribute to your crate (`generic_array`)
    = note: this error originates in the macro `impl_tuple` (in Nightly builds, run with -Z macro-backtrace for more info)

error[E0275]: overflow evaluating the requirement `UInt<UInt<UInt<UTerm, typenum::B1>, B0>, typenum::B1>: ArrayLength`
   --> /home/adwin/.cargo/registry/src/mirrors.tuna.tsinghua.edu.cn-4dc01642fd091eda/generic-array-1.3.5/src/impls.rs:163:17
    |
163 |                   GenericArray::from_array([$($t,)*])
    |                   ^^^^^^^^^^^^^^^^^^^^^^^^^^^^^^^^^^^
...
178 | / impl_tuple! {
179 | |     consts::U1  => (A,);
180 | |     consts::U2  => (A,B,);
181 | |     consts::U3  => (A,B,C,);
...   |
190 | |     consts::U12 => (A,B,C,D,E,F,G,H,I,J,K,L,);
191 | | }
    | |_- in this macro invocation
    |
    = help: consider increasing the recursion limit by adding a `#![recursion_limit = "256"]` attribute to your crate (`generic_array`)
note: required by a bound in `GenericArray::<T, N>::from_array`
   --> /home/adwin/.cargo/registry/src/mirrors.tuna.tsinghua.edu.cn-4dc01642fd091eda/generic-array-1.3.5/src/lib.rs:773:12
    |
773 | impl<T, N: ArrayLength> GenericArray<T, N> {
    |            ^^^^^^^^^^^ required by this bound in `GenericArray::<T, N>::from_array`
...
940 |     pub const fn from_array<const U: usize>(value: [T; U]) -> Self
    |                  ---------- required by a bound in this associated function
    = note: this error originates in the macro `impl_tuple` (in Nightly builds, run with -Z macro-backtrace for more info)

error[E0275]: overflow evaluating the requirement `Const<5>: IntoArrayLength`
   --> /home/adwin/.cargo/registry/src/mirrors.tuna.tsinghua.edu.cn-4dc01642fd091eda/generic-array-1.3.5/src/impls.rs:163:17
    |
163 |                   GenericArray::from_array([$($t,)*])
    |                   ^^^^^^^^^^^^^^^^^^^^^^^^^^^^^^^^^^^
...
178 | / impl_tuple! {
179 | |     consts::U1  => (A,);
180 | |     consts::U2  => (A,B,);
181 | |     consts::U3  => (A,B,C,);
...   |
190 | |     consts::U12 => (A,B,C,D,E,F,G,H,I,J,K,L,);
191 | | }
    | |_- in this macro invocation
    |
    = help: consider increasing the recursion limit by adding a `#![recursion_limit = "256"]` attribute to your crate (`generic_array`)
note: required by a bound in `GenericArray::<T, N>::from_array`
   --> /home/adwin/.cargo/registry/src/mirrors.tuna.tsinghua.edu.cn-4dc01642fd091eda/generic-array-1.3.5/src/lib.rs:942:19
    |
940 |     pub const fn from_array<const U: usize>(value: [T; U]) -> Self
    |                  ---------- required by a bound in this associated function
941 |     where
942 |         Const<U>: IntoArrayLength<ArrayLength = N>,
    |                   ^^^^^^^^^^^^^^^^^^^^^^^^^^^^^^^^ required by this bound in `GenericArray::<T, N>::from_array`
    = note: this error originates in the macro `impl_tuple` (in Nightly builds, run with -Z macro-backtrace for more info)

error[E0275]: overflow evaluating the requirement `<Const<5> as IntoArrayLength>::ArrayLength == UInt<UInt<UInt<UTerm, typenum::B1>, B0>, typenum::B1>`
   --> /home/adwin/.cargo/registry/src/mirrors.tuna.tsinghua.edu.cn-4dc01642fd091eda/generic-array-1.3.5/src/impls.rs:163:17
    |
163 |                   GenericArray::from_array([$($t,)*])
    |                   ^^^^^^^^^^^^^^^^^^^^^^^^^^^^^^^^^^^
...
178 | / impl_tuple! {
179 | |     consts::U1  => (A,);
180 | |     consts::U2  => (A,B,);
181 | |     consts::U3  => (A,B,C,);
...   |
190 | |     consts::U12 => (A,B,C,D,E,F,G,H,I,J,K,L,);
191 | | }
    | |_- in this macro invocation
    |
    = help: consider increasing the recursion limit by adding a `#![recursion_limit = "256"]` attribute to your crate (`generic_array`)
note: required by a bound in `GenericArray::<T, N>::from_array`
   --> /home/adwin/.cargo/registry/src/mirrors.tuna.tsinghua.edu.cn-4dc01642fd091eda/generic-array-1.3.5/src/lib.rs:942:35
    |
940 |     pub const fn from_array<const U: usize>(value: [T; U]) -> Self
    |                  ---------- required by a bound in this associated function
941 |     where
942 |         Const<U>: IntoArrayLength<ArrayLength = N>,
    |                                   ^^^^^^^^^^^^^^^ required by this bound in `GenericArray::<T, N>::from_array`
    = note: this error originates in the macro `impl_tuple` (in Nightly builds, run with -Z macro-backtrace for more info)

error[E0275]: overflow evaluating the requirement `UInt<UInt<UInt<UTerm, typenum::B1>, typenum::B1>, B0>: ArrayLength`
   --> /home/adwin/.cargo/registry/src/mirrors.tuna.tsinghua.edu.cn-4dc01642fd091eda/generic-array-1.3.5/src/impls.rs:163:17
    |
163 |                   GenericArray::from_array([$($t,)*])
    |                   ^^^^^^^^^^^^^^^^^^^^^^^^^^^^^^^^^^^
...
178 | / impl_tuple! {
179 | |     consts::U1  => (A,);
180 | |     consts::U2  => (A,B,);
181 | |     consts::U3  => (A,B,C,);
...   |
190 | |     consts::U12 => (A,B,C,D,E,F,G,H,I,J,K,L,);
191 | | }
    | |_- in this macro invocation
    |
    = help: consider increasing the recursion limit by adding a `#![recursion_limit = "256"]` attribute to your crate (`generic_array`)
note: required by a bound in `GenericArray::<T, N>::from_array`
   --> /home/adwin/.cargo/registry/src/mirrors.tuna.tsinghua.edu.cn-4dc01642fd091eda/generic-array-1.3.5/src/lib.rs:773:12
    |
773 | impl<T, N: ArrayLength> GenericArray<T, N> {
    |            ^^^^^^^^^^^ required by this bound in `GenericArray::<T, N>::from_array`
...
940 |     pub const fn from_array<const U: usize>(value: [T; U]) -> Self
    |                  ---------- required by a bound in this associated function
    = note: this error originates in the macro `impl_tuple` (in Nightly builds, run with -Z macro-backtrace for more info)

error[E0275]: overflow evaluating the requirement `Const<6>: IntoArrayLength`
   --> /home/adwin/.cargo/registry/src/mirrors.tuna.tsinghua.edu.cn-4dc01642fd091eda/generic-array-1.3.5/src/impls.rs:163:17
    |
163 |                   GenericArray::from_array([$($t,)*])
    |                   ^^^^^^^^^^^^^^^^^^^^^^^^^^^^^^^^^^^
...
178 | / impl_tuple! {
179 | |     consts::U1  => (A,);
180 | |     consts::U2  => (A,B,);
181 | |     consts::U3  => (A,B,C,);
...   |
190 | |     consts::U12 => (A,B,C,D,E,F,G,H,I,J,K,L,);
191 | | }
    | |_- in this macro invocation
    |
    = help: consider increasing the recursion limit by adding a `#![recursion_limit = "256"]` attribute to your crate (`generic_array`)
note: required by a bound in `GenericArray::<T, N>::from_array`
   --> /home/adwin/.cargo/registry/src/mirrors.tuna.tsinghua.edu.cn-4dc01642fd091eda/generic-array-1.3.5/src/lib.rs:942:19
    |
940 |     pub const fn from_array<const U: usize>(value: [T; U]) -> Self
    |                  ---------- required by a bound in this associated function
941 |     where
942 |         Const<U>: IntoArrayLength<ArrayLength = N>,
    |                   ^^^^^^^^^^^^^^^^^^^^^^^^^^^^^^^^ required by this bound in `GenericArray::<T, N>::from_array`
    = note: this error originates in the macro `impl_tuple` (in Nightly builds, run with -Z macro-backtrace for more info)

error[E0275]: overflow evaluating the requirement `<Const<6> as IntoArrayLength>::ArrayLength == UInt<UInt<UInt<UTerm, typenum::B1>, typenum::B1>, B0>`
   --> /home/adwin/.cargo/registry/src/mirrors.tuna.tsinghua.edu.cn-4dc01642fd091eda/generic-array-1.3.5/src/impls.rs:163:17
    |
163 |                   GenericArray::from_array([$($t,)*])
    |                   ^^^^^^^^^^^^^^^^^^^^^^^^^^^^^^^^^^^
...
178 | / impl_tuple! {
179 | |     consts::U1  => (A,);
180 | |     consts::U2  => (A,B,);
181 | |     consts::U3  => (A,B,C,);
...   |
190 | |     consts::U12 => (A,B,C,D,E,F,G,H,I,J,K,L,);
191 | | }
    | |_- in this macro invocation
    |
    = help: consider increasing the recursion limit by adding a `#![recursion_limit = "256"]` attribute to your crate (`generic_array`)
note: required by a bound in `GenericArray::<T, N>::from_array`
   --> /home/adwin/.cargo/registry/src/mirrors.tuna.tsinghua.edu.cn-4dc01642fd091eda/generic-array-1.3.5/src/lib.rs:942:35
    |
940 |     pub const fn from_array<const U: usize>(value: [T; U]) -> Self
    |                  ---------- required by a bound in this associated function
941 |     where
942 |         Const<U>: IntoArrayLength<ArrayLength = N>,
    |                                   ^^^^^^^^^^^^^^^ required by this bound in `GenericArray::<T, N>::from_array`
    = note: this error originates in the macro `impl_tuple` (in Nightly builds, run with -Z macro-backtrace for more info)

error[E0275]: overflow evaluating the requirement `UInt<UInt<UInt<UTerm, typenum::B1>, typenum::B1>, typenum::B1>: ArrayLength`
   --> /home/adwin/.cargo/registry/src/mirrors.tuna.tsinghua.edu.cn-4dc01642fd091eda/generic-array-1.3.5/src/impls.rs:163:17
    |
163 |                   GenericArray::from_array([$($t,)*])
    |                   ^^^^^^^^^^^^^^^^^^^^^^^^^^^^^^^^^^^
...
178 | / impl_tuple! {
179 | |     consts::U1  => (A,);
180 | |     consts::U2  => (A,B,);
181 | |     consts::U3  => (A,B,C,);
...   |
190 | |     consts::U12 => (A,B,C,D,E,F,G,H,I,J,K,L,);
191 | | }
    | |_- in this macro invocation
    |
    = help: consider increasing the recursion limit by adding a `#![recursion_limit = "256"]` attribute to your crate (`generic_array`)
note: required by a bound in `GenericArray::<T, N>::from_array`
   --> /home/adwin/.cargo/registry/src/mirrors.tuna.tsinghua.edu.cn-4dc01642fd091eda/generic-array-1.3.5/src/lib.rs:773:12
    |
773 | impl<T, N: ArrayLength> GenericArray<T, N> {
    |            ^^^^^^^^^^^ required by this bound in `GenericArray::<T, N>::from_array`
...
940 |     pub const fn from_array<const U: usize>(value: [T; U]) -> Self
    |                  ---------- required by a bound in this associated function
    = note: this error originates in the macro `impl_tuple` (in Nightly builds, run with -Z macro-backtrace for more info)

error[E0275]: overflow evaluating the requirement `Const<7>: IntoArrayLength`
   --> /home/adwin/.cargo/registry/src/mirrors.tuna.tsinghua.edu.cn-4dc01642fd091eda/generic-array-1.3.5/src/impls.rs:163:17
    |
163 |                   GenericArray::from_array([$($t,)*])
    |                   ^^^^^^^^^^^^^^^^^^^^^^^^^^^^^^^^^^^
...
178 | / impl_tuple! {
179 | |     consts::U1  => (A,);
180 | |     consts::U2  => (A,B,);
181 | |     consts::U3  => (A,B,C,);
...   |
190 | |     consts::U12 => (A,B,C,D,E,F,G,H,I,J,K,L,);
191 | | }
    | |_- in this macro invocation
    |
    = help: consider increasing the recursion limit by adding a `#![recursion_limit = "256"]` attribute to your crate (`generic_array`)
note: required by a bound in `GenericArray::<T, N>::from_array`
   --> /home/adwin/.cargo/registry/src/mirrors.tuna.tsinghua.edu.cn-4dc01642fd091eda/generic-array-1.3.5/src/lib.rs:942:19
    |
940 |     pub const fn from_array<const U: usize>(value: [T; U]) -> Self
    |                  ---------- required by a bound in this associated function
941 |     where
942 |         Const<U>: IntoArrayLength<ArrayLength = N>,
    |                   ^^^^^^^^^^^^^^^^^^^^^^^^^^^^^^^^ required by this bound in `GenericArray::<T, N>::from_array`
    = note: this error originates in the macro `impl_tuple` (in Nightly builds, run with -Z macro-backtrace for more info)

error[E0275]: overflow evaluating the requirement `<Const<7> as IntoArrayLength>::ArrayLength == UInt<UInt<UInt<UTerm, typenum::B1>, typenum::B1>, typenum::B1>`
   --> /home/adwin/.cargo/registry/src/mirrors.tuna.tsinghua.edu.cn-4dc01642fd091eda/generic-array-1.3.5/src/impls.rs:163:17
    |
163 |                   GenericArray::from_array([$($t,)*])
    |                   ^^^^^^^^^^^^^^^^^^^^^^^^^^^^^^^^^^^
...
178 | / impl_tuple! {
179 | |     consts::U1  => (A,);
180 | |     consts::U2  => (A,B,);
181 | |     consts::U3  => (A,B,C,);
...   |
190 | |     consts::U12 => (A,B,C,D,E,F,G,H,I,J,K,L,);
191 | | }
    | |_- in this macro invocation
    |
    = help: consider increasing the recursion limit by adding a `#![recursion_limit = "256"]` attribute to your crate (`generic_array`)
note: required by a bound in `GenericArray::<T, N>::from_array`
   --> /home/adwin/.cargo/registry/src/mirrors.tuna.tsinghua.edu.cn-4dc01642fd091eda/generic-array-1.3.5/src/lib.rs:942:35
    |
940 |     pub const fn from_array<const U: usize>(value: [T; U]) -> Self
    |                  ---------- required by a bound in this associated function
941 |     where
942 |         Const<U>: IntoArrayLength<ArrayLength = N>,
    |                                   ^^^^^^^^^^^^^^^ required by this bound in `GenericArray::<T, N>::from_array`
    = note: this error originates in the macro `impl_tuple` (in Nightly builds, run with -Z macro-backtrace for more info)

error[E0275]: overflow evaluating the requirement `UInt<UInt<UInt<UInt<UTerm, typenum::B1>, B0>, ...>, ...>: ArrayLength`
   --> /home/adwin/.cargo/registry/src/mirrors.tuna.tsinghua.edu.cn-4dc01642fd091eda/generic-array-1.3.5/src/impls.rs:163:17
    |
163 |                   GenericArray::from_array([$($t,)*])
    |                   ^^^^^^^^^^^^^^^^^^^^^^^^^^^^^^^^^^^
...
178 | / impl_tuple! {
179 | |     consts::U1  => (A,);
180 | |     consts::U2  => (A,B,);
181 | |     consts::U3  => (A,B,C,);
...   |
190 | |     consts::U12 => (A,B,C,D,E,F,G,H,I,J,K,L,);
191 | | }
    | |_- in this macro invocation
    |
    = help: consider increasing the recursion limit by adding a `#![recursion_limit = "256"]` attribute to your crate (`generic_array`)
note: required by a bound in `GenericArray::<T, N>::from_array`
   --> /home/adwin/.cargo/registry/src/mirrors.tuna.tsinghua.edu.cn-4dc01642fd091eda/generic-array-1.3.5/src/lib.rs:773:12
    |
773 | impl<T, N: ArrayLength> GenericArray<T, N> {
    |            ^^^^^^^^^^^ required by this bound in `GenericArray::<T, N>::from_array`
...
940 |     pub const fn from_array<const U: usize>(value: [T; U]) -> Self
    |                  ---------- required by a bound in this associated function
    = note: this error originates in the macro `impl_tuple` (in Nightly builds, run with -Z macro-backtrace for more info)

error[E0275]: overflow evaluating the requirement `Const<8>: IntoArrayLength`
   --> /home/adwin/.cargo/registry/src/mirrors.tuna.tsinghua.edu.cn-4dc01642fd091eda/generic-array-1.3.5/src/impls.rs:163:17
    |
163 |                   GenericArray::from_array([$($t,)*])
    |                   ^^^^^^^^^^^^^^^^^^^^^^^^^^^^^^^^^^^
...
178 | / impl_tuple! {
179 | |     consts::U1  => (A,);
180 | |     consts::U2  => (A,B,);
181 | |     consts::U3  => (A,B,C,);
...   |
190 | |     consts::U12 => (A,B,C,D,E,F,G,H,I,J,K,L,);
191 | | }
    | |_- in this macro invocation
    |
    = help: consider increasing the recursion limit by adding a `#![recursion_limit = "256"]` attribute to your crate (`generic_array`)
note: required by a bound in `GenericArray::<T, N>::from_array`
   --> /home/adwin/.cargo/registry/src/mirrors.tuna.tsinghua.edu.cn-4dc01642fd091eda/generic-array-1.3.5/src/lib.rs:942:19
    |
940 |     pub const fn from_array<const U: usize>(value: [T; U]) -> Self
    |                  ---------- required by a bound in this associated function
941 |     where
942 |         Const<U>: IntoArrayLength<ArrayLength = N>,
    |                   ^^^^^^^^^^^^^^^^^^^^^^^^^^^^^^^^ required by this bound in `GenericArray::<T, N>::from_array`
    = note: this error originates in the macro `impl_tuple` (in Nightly builds, run with -Z macro-backtrace for more info)

error[E0275]: overflow evaluating the requirement `<Const<8> as IntoArrayLength>::ArrayLength == UInt<UInt<UInt<UInt<UTerm, typenum::B1>, B0>, ...>, ...>`
   --> /home/adwin/.cargo/registry/src/mirrors.tuna.tsinghua.edu.cn-4dc01642fd091eda/generic-array-1.3.5/src/impls.rs:163:17
    |
163 |                   GenericArray::from_array([$($t,)*])
    |                   ^^^^^^^^^^^^^^^^^^^^^^^^^^^^^^^^^^^
...
178 | / impl_tuple! {
179 | |     consts::U1  => (A,);
180 | |     consts::U2  => (A,B,);
181 | |     consts::U3  => (A,B,C,);
...   |
190 | |     consts::U12 => (A,B,C,D,E,F,G,H,I,J,K,L,);
191 | | }
    | |_- in this macro invocation
    |
    = help: consider increasing the recursion limit by adding a `#![recursion_limit = "256"]` attribute to your crate (`generic_array`)
note: required by a bound in `GenericArray::<T, N>::from_array`
   --> /home/adwin/.cargo/registry/src/mirrors.tuna.tsinghua.edu.cn-4dc01642fd091eda/generic-array-1.3.5/src/lib.rs:942:35
    |
940 |     pub const fn from_array<const U: usize>(value: [T; U]) -> Self
    |                  ---------- required by a bound in this associated function
941 |     where
942 |         Const<U>: IntoArrayLength<ArrayLength = N>,
    |                                   ^^^^^^^^^^^^^^^ required by this bound in `GenericArray::<T, N>::from_array`
    = note: this error originates in the macro `impl_tuple` (in Nightly builds, run with -Z macro-backtrace for more info)

error[E0275]: overflow evaluating the requirement `GenericArray<T, UInt<UInt<UInt<UInt<UTerm, ...>, ...>, ...>, ...>>: Sized`
   --> /home/adwin/.cargo/registry/src/mirrors.tuna.tsinghua.edu.cn-4dc01642fd091eda/generic-array-1.3.5/src/impls.rs:163:17
    |
163 |                   GenericArray::from_array([$($t,)*])
    |                   ^^^^^^^^^^^^^^^^^^^^^^^^^^^^^^^^^^^
...
178 | / impl_tuple! {
179 | |     consts::U1  => (A,);
180 | |     consts::U2  => (A,B,);
181 | |     consts::U3  => (A,B,C,);
...   |
190 | |     consts::U12 => (A,B,C,D,E,F,G,H,I,J,K,L,);
191 | | }
    | |_- in this macro invocation
    |
    = help: consider increasing the recursion limit by adding a `#![recursion_limit = "256"]` attribute to your crate (`generic_array`)
    = note: the return type of a function must have a statically known size
    = note: this error originates in the macro `impl_tuple` (in Nightly builds, run with -Z macro-backtrace for more info)

error[E0275]: overflow evaluating the requirement `GenericArray<T, UInt<UInt<UInt<UInt<UTerm, ...>, ...>, ...>, ...>> well-formed`
   --> /home/adwin/.cargo/registry/src/mirrors.tuna.tsinghua.edu.cn-4dc01642fd091eda/generic-array-1.3.5/src/impls.rs:163:17
    |
163 |                   GenericArray::from_array([$($t,)*])
    |                   ^^^^^^^^^^^^
...
178 | / impl_tuple! {
179 | |     consts::U1  => (A,);
180 | |     consts::U2  => (A,B,);
181 | |     consts::U3  => (A,B,C,);
...   |
190 | |     consts::U12 => (A,B,C,D,E,F,G,H,I,J,K,L,);
191 | | }
    | |_- in this macro invocation
    |
    = help: consider increasing the recursion limit by adding a `#![recursion_limit = "256"]` attribute to your crate (`generic_array`)
    = note: this error originates in the macro `impl_tuple` (in Nightly builds, run with -Z macro-backtrace for more info)

error[E0275]: overflow evaluating the requirement `GenericArray<T, UInt<UInt<UInt<UInt<UTerm, ...>, ...>, ...>, ...>> well-formed`
   --> /home/adwin/.cargo/registry/src/mirrors.tuna.tsinghua.edu.cn-4dc01642fd091eda/generic-array-1.3.5/src/impls.rs:163:17
    |
163 |                   GenericArray::from_array([$($t,)*])
    |                   ^^^^^^^^^^^^^^^^^^^^^^^^^^^^^^^^^^^
...
178 | / impl_tuple! {
179 | |     consts::U1  => (A,);
180 | |     consts::U2  => (A,B,);
181 | |     consts::U3  => (A,B,C,);
...   |
190 | |     consts::U12 => (A,B,C,D,E,F,G,H,I,J,K,L,);
191 | | }
    | |_- in this macro invocation
    |
    = help: consider increasing the recursion limit by adding a `#![recursion_limit = "256"]` attribute to your crate (`generic_array`)
    = note: this error originates in the macro `impl_tuple` (in Nightly builds, run with -Z macro-backtrace for more info)

error[E0275]: overflow evaluating the requirement `Const<9>: IntoArrayLength`
   --> /home/adwin/.cargo/registry/src/mirrors.tuna.tsinghua.edu.cn-4dc01642fd091eda/generic-array-1.3.5/src/impls.rs:163:17
    |
163 |                   GenericArray::from_array([$($t,)*])
    |                   ^^^^^^^^^^^^^^^^^^^^^^^^^^^^^^^^^^^
...
178 | / impl_tuple! {
179 | |     consts::U1  => (A,);
180 | |     consts::U2  => (A,B,);
181 | |     consts::U3  => (A,B,C,);
...   |
190 | |     consts::U12 => (A,B,C,D,E,F,G,H,I,J,K,L,);
191 | | }
    | |_- in this macro invocation
    |
    = help: consider increasing the recursion limit by adding a `#![recursion_limit = "256"]` attribute to your crate (`generic_array`)
note: required by a bound in `GenericArray::<T, N>::from_array`
   --> /home/adwin/.cargo/registry/src/mirrors.tuna.tsinghua.edu.cn-4dc01642fd091eda/generic-array-1.3.5/src/lib.rs:942:19
    |
940 |     pub const fn from_array<const U: usize>(value: [T; U]) -> Self
    |                  ---------- required by a bound in this associated function
941 |     where
942 |         Const<U>: IntoArrayLength<ArrayLength = N>,
    |                   ^^^^^^^^^^^^^^^^^^^^^^^^^^^^^^^^ required by this bound in `GenericArray::<T, N>::from_array`
    = note: this error originates in the macro `impl_tuple` (in Nightly builds, run with -Z macro-backtrace for more info)

error[E0275]: overflow evaluating the requirement `<Const<9> as IntoArrayLength>::ArrayLength == UInt<UInt<UInt<UInt<UTerm, typenum::B1>, B0>, ...>, ...>`
   --> /home/adwin/.cargo/registry/src/mirrors.tuna.tsinghua.edu.cn-4dc01642fd091eda/generic-array-1.3.5/src/impls.rs:163:17
    |
163 |                   GenericArray::from_array([$($t,)*])
    |                   ^^^^^^^^^^^^^^^^^^^^^^^^^^^^^^^^^^^
...
178 | / impl_tuple! {
179 | |     consts::U1  => (A,);
180 | |     consts::U2  => (A,B,);
181 | |     consts::U3  => (A,B,C,);
...   |
190 | |     consts::U12 => (A,B,C,D,E,F,G,H,I,J,K,L,);
191 | | }
    | |_- in this macro invocation
    |
    = help: consider increasing the recursion limit by adding a `#![recursion_limit = "256"]` attribute to your crate (`generic_array`)
note: required by a bound in `GenericArray::<T, N>::from_array`
   --> /home/adwin/.cargo/registry/src/mirrors.tuna.tsinghua.edu.cn-4dc01642fd091eda/generic-array-1.3.5/src/lib.rs:942:35
    |
940 |     pub const fn from_array<const U: usize>(value: [T; U]) -> Self
    |                  ---------- required by a bound in this associated function
941 |     where
942 |         Const<U>: IntoArrayLength<ArrayLength = N>,
    |                                   ^^^^^^^^^^^^^^^ required by this bound in `GenericArray::<T, N>::from_array`
    = note: this error originates in the macro `impl_tuple` (in Nightly builds, run with -Z macro-backtrace for more info)

error[E0275]: overflow evaluating the requirement `Const<10>: IntoArrayLength`
   --> /home/adwin/.cargo/registry/src/mirrors.tuna.tsinghua.edu.cn-4dc01642fd091eda/generic-array-1.3.5/src/impls.rs:163:17
    |
163 |                   GenericArray::from_array([$($t,)*])
    |                   ^^^^^^^^^^^^^^^^^^^^^^^^^^^^^^^^^^^
...
178 | / impl_tuple! {
179 | |     consts::U1  => (A,);
180 | |     consts::U2  => (A,B,);
181 | |     consts::U3  => (A,B,C,);
...   |
190 | |     consts::U12 => (A,B,C,D,E,F,G,H,I,J,K,L,);
191 | | }
    | |_- in this macro invocation
    |
    = help: consider increasing the recursion limit by adding a `#![recursion_limit = "256"]` attribute to your crate (`generic_array`)
note: required by a bound in `GenericArray::<T, N>::from_array`
   --> /home/adwin/.cargo/registry/src/mirrors.tuna.tsinghua.edu.cn-4dc01642fd091eda/generic-array-1.3.5/src/lib.rs:942:19
    |
940 |     pub const fn from_array<const U: usize>(value: [T; U]) -> Self
    |                  ---------- required by a bound in this associated function
941 |     where
942 |         Const<U>: IntoArrayLength<ArrayLength = N>,
    |                   ^^^^^^^^^^^^^^^^^^^^^^^^^^^^^^^^ required by this bound in `GenericArray::<T, N>::from_array`
    = note: this error originates in the macro `impl_tuple` (in Nightly builds, run with -Z macro-backtrace for more info)

error[E0275]: overflow evaluating the requirement `<Const<10> as IntoArrayLength>::ArrayLength == UInt<UInt<UInt<UInt<UTerm, typenum::B1>, B0>, ...>, ...>`
   --> /home/adwin/.cargo/registry/src/mirrors.tuna.tsinghua.edu.cn-4dc01642fd091eda/generic-array-1.3.5/src/impls.rs:163:17
    |
163 |                   GenericArray::from_array([$($t,)*])
    |                   ^^^^^^^^^^^^^^^^^^^^^^^^^^^^^^^^^^^
...
178 | / impl_tuple! {
179 | |     consts::U1  => (A,);
180 | |     consts::U2  => (A,B,);
181 | |     consts::U3  => (A,B,C,);
...   |
190 | |     consts::U12 => (A,B,C,D,E,F,G,H,I,J,K,L,);
191 | | }
    | |_- in this macro invocation
    |
    = help: consider increasing the recursion limit by adding a `#![recursion_limit = "256"]` attribute to your crate (`generic_array`)
note: required by a bound in `GenericArray::<T, N>::from_array`
   --> /home/adwin/.cargo/registry/src/mirrors.tuna.tsinghua.edu.cn-4dc01642fd091eda/generic-array-1.3.5/src/lib.rs:942:35
    |
940 |     pub const fn from_array<const U: usize>(value: [T; U]) -> Self
    |                  ---------- required by a bound in this associated function
941 |     where
942 |         Const<U>: IntoArrayLength<ArrayLength = N>,
    |                                   ^^^^^^^^^^^^^^^ required by this bound in `GenericArray::<T, N>::from_array`
    = note: this error originates in the macro `impl_tuple` (in Nightly builds, run with -Z macro-backtrace for more info)

error[E0275]: overflow evaluating the requirement `Const<11>: IntoArrayLength`
   --> /home/adwin/.cargo/registry/src/mirrors.tuna.tsinghua.edu.cn-4dc01642fd091eda/generic-array-1.3.5/src/impls.rs:163:17
    |
163 |                   GenericArray::from_array([$($t,)*])
    |                   ^^^^^^^^^^^^^^^^^^^^^^^^^^^^^^^^^^^
...
178 | / impl_tuple! {
179 | |     consts::U1  => (A,);
180 | |     consts::U2  => (A,B,);
181 | |     consts::U3  => (A,B,C,);
...   |
190 | |     consts::U12 => (A,B,C,D,E,F,G,H,I,J,K,L,);
191 | | }
    | |_- in this macro invocation
    |
    = help: consider increasing the recursion limit by adding a `#![recursion_limit = "256"]` attribute to your crate (`generic_array`)
note: required by a bound in `GenericArray::<T, N>::from_array`
   --> /home/adwin/.cargo/registry/src/mirrors.tuna.tsinghua.edu.cn-4dc01642fd091eda/generic-array-1.3.5/src/lib.rs:942:19
    |
940 |     pub const fn from_array<const U: usize>(value: [T; U]) -> Self
    |                  ---------- required by a bound in this associated function
941 |     where
942 |         Const<U>: IntoArrayLength<ArrayLength = N>,
    |                   ^^^^^^^^^^^^^^^^^^^^^^^^^^^^^^^^ required by this bound in `GenericArray::<T, N>::from_array`
    = note: this error originates in the macro `impl_tuple` (in Nightly builds, run with -Z macro-backtrace for more info)

error[E0275]: overflow evaluating the requirement `<Const<11> as IntoArrayLength>::ArrayLength == UInt<UInt<UInt<UInt<UTerm, typenum::B1>, B0>, ...>, ...>`
   --> /home/adwin/.cargo/registry/src/mirrors.tuna.tsinghua.edu.cn-4dc01642fd091eda/generic-array-1.3.5/src/impls.rs:163:17
    |
163 |                   GenericArray::from_array([$($t,)*])
    |                   ^^^^^^^^^^^^^^^^^^^^^^^^^^^^^^^^^^^
...
178 | / impl_tuple! {
179 | |     consts::U1  => (A,);
180 | |     consts::U2  => (A,B,);
181 | |     consts::U3  => (A,B,C,);
...   |
190 | |     consts::U12 => (A,B,C,D,E,F,G,H,I,J,K,L,);
191 | | }
    | |_- in this macro invocation
    |
    = help: consider increasing the recursion limit by adding a `#![recursion_limit = "256"]` attribute to your crate (`generic_array`)
note: required by a bound in `GenericArray::<T, N>::from_array`
   --> /home/adwin/.cargo/registry/src/mirrors.tuna.tsinghua.edu.cn-4dc01642fd091eda/generic-array-1.3.5/src/lib.rs:942:35
    |
940 |     pub const fn from_array<const U: usize>(value: [T; U]) -> Self
    |                  ---------- required by a bound in this associated function
941 |     where
942 |         Const<U>: IntoArrayLength<ArrayLength = N>,
    |                                   ^^^^^^^^^^^^^^^ required by this bound in `GenericArray::<T, N>::from_array`
    = note: this error originates in the macro `impl_tuple` (in Nightly builds, run with -Z macro-backtrace for more info)

error[E0275]: overflow evaluating the requirement `UInt<UInt<UInt<UInt<UTerm, typenum::B1>, typenum::B1>, ...>, ...>: ArrayLength`
   --> /home/adwin/.cargo/registry/src/mirrors.tuna.tsinghua.edu.cn-4dc01642fd091eda/generic-array-1.3.5/src/impls.rs:163:17
    |
163 |                   GenericArray::from_array([$($t,)*])
    |                   ^^^^^^^^^^^^^^^^^^^^^^^^^^^^^^^^^^^
...
178 | / impl_tuple! {
179 | |     consts::U1  => (A,);
180 | |     consts::U2  => (A,B,);
181 | |     consts::U3  => (A,B,C,);
...   |
190 | |     consts::U12 => (A,B,C,D,E,F,G,H,I,J,K,L,);
191 | | }
    | |_- in this macro invocation
    |
    = help: consider increasing the recursion limit by adding a `#![recursion_limit = "256"]` attribute to your crate (`generic_array`)
note: required by a bound in `GenericArray::<T, N>::from_array`
   --> /home/adwin/.cargo/registry/src/mirrors.tuna.tsinghua.edu.cn-4dc01642fd091eda/generic-array-1.3.5/src/lib.rs:773:12
    |
773 | impl<T, N: ArrayLength> GenericArray<T, N> {
    |            ^^^^^^^^^^^ required by this bound in `GenericArray::<T, N>::from_array`
...
940 |     pub const fn from_array<const U: usize>(value: [T; U]) -> Self
    |                  ---------- required by a bound in this associated function
    = note: this error originates in the macro `impl_tuple` (in Nightly builds, run with -Z macro-backtrace for more info)

error[E0275]: overflow evaluating the requirement `Const<12>: IntoArrayLength`
   --> /home/adwin/.cargo/registry/src/mirrors.tuna.tsinghua.edu.cn-4dc01642fd091eda/generic-array-1.3.5/src/impls.rs:163:17
    |
163 |                   GenericArray::from_array([$($t,)*])
    |                   ^^^^^^^^^^^^^^^^^^^^^^^^^^^^^^^^^^^
...
178 | / impl_tuple! {
179 | |     consts::U1  => (A,);
180 | |     consts::U2  => (A,B,);
181 | |     consts::U3  => (A,B,C,);
...   |
190 | |     consts::U12 => (A,B,C,D,E,F,G,H,I,J,K,L,);
191 | | }
    | |_- in this macro invocation
    |
    = help: consider increasing the recursion limit by adding a `#![recursion_limit = "256"]` attribute to your crate (`generic_array`)
note: required by a bound in `GenericArray::<T, N>::from_array`
   --> /home/adwin/.cargo/registry/src/mirrors.tuna.tsinghua.edu.cn-4dc01642fd091eda/generic-array-1.3.5/src/lib.rs:942:19
    |
940 |     pub const fn from_array<const U: usize>(value: [T; U]) -> Self
    |                  ---------- required by a bound in this associated function
941 |     where
942 |         Const<U>: IntoArrayLength<ArrayLength = N>,
    |                   ^^^^^^^^^^^^^^^^^^^^^^^^^^^^^^^^ required by this bound in `GenericArray::<T, N>::from_array`
    = note: this error originates in the macro `impl_tuple` (in Nightly builds, run with -Z macro-backtrace for more info)

error[E0275]: overflow evaluating the requirement `<Const<12> as IntoArrayLength>::ArrayLength == UInt<UInt<UInt<UInt<UTerm, typenum::B1>, typenum::B1>, ...>, ...>`
   --> /home/adwin/.cargo/registry/src/mirrors.tuna.tsinghua.edu.cn-4dc01642fd091eda/generic-array-1.3.5/src/impls.rs:163:17
    |
163 |                   GenericArray::from_array([$($t,)*])
    |                   ^^^^^^^^^^^^^^^^^^^^^^^^^^^^^^^^^^^
...
178 | / impl_tuple! {
179 | |     consts::U1  => (A,);
180 | |     consts::U2  => (A,B,);
181 | |     consts::U3  => (A,B,C,);
...   |
190 | |     consts::U12 => (A,B,C,D,E,F,G,H,I,J,K,L,);
191 | | }
    | |_- in this macro invocation
    |
    = help: consider increasing the recursion limit by adding a `#![recursion_limit = "256"]` attribute to your crate (`generic_array`)
note: required by a bound in `GenericArray::<T, N>::from_array`
   --> /home/adwin/.cargo/registry/src/mirrors.tuna.tsinghua.edu.cn-4dc01642fd091eda/generic-array-1.3.5/src/lib.rs:942:35
    |
940 |     pub const fn from_array<const U: usize>(value: [T; U]) -> Self
    |                  ---------- required by a bound in this associated function
941 |     where
942 |         Const<U>: IntoArrayLength<ArrayLength = N>,
    |                                   ^^^^^^^^^^^^^^^ required by this bound in `GenericArray::<T, N>::from_array`
    = note: this error originates in the macro `impl_tuple` (in Nightly builds, run with -Z macro-backtrace for more info)

    Checking av1-grain v0.2.5
Some errors have detailed explanations: E0275, E0282.
For more information about an error, try `rustc --explain E0275`.
error: could not compile `generic-array` (lib) due to 120 previous errors
warning: build failed, waiting for other jobs to finish...
