Running as unit: run-p2433109-i15013215.scope; invocation ID: cb63a1eea97140fa90341af29fb9cf40
   Compiling proc-macro2 v1.0.95
   Compiling unicode-ident v1.0.18
   Compiling libc v0.2.172
    Checking cfg-if v1.0.0
   Compiling autocfg v1.4.0
    Checking log v0.4.27
   Compiling serde v1.0.219
    Checking smallvec v1.15.0
    Checking futures-core v0.3.31
   Compiling zerocopy v0.8.25
    Checking memchr v2.7.4
    Checking pin-project-lite v0.2.16
   Compiling parking_lot_core v0.9.11
   Compiling lock_api v0.4.13
    Checking once_cell v1.21.3
    Checking scopeguard v1.2.0
    Checking stable_deref_trait v1.2.0
    Checking itoa v1.0.15
    Checking equivalent v1.0.2
    Checking foldhash v0.1.5
    Checking allocator-api2 v0.2.21
   Compiling quote v1.0.40
   Compiling version_check v0.9.5
   Compiling syn v2.0.101
   Compiling crossbeam-utils v0.8.21
    Checking hashbrown v0.15.3
   Compiling shlex v1.3.0
   Compiling cc v1.2.26
    Checking signal-hook-registry v1.4.5
    Checking mio v1.0.4
   Compiling getrandom v0.2.16
    Checking parking_lot v0.12.4
   Compiling rand_core v0.6.4
    Checking bytes v1.10.1
   Compiling slab v0.4.9
    Checking futures-io v0.3.31
    Checking bitflags v1.3.2
   Compiling pkg-config v0.3.32
    Checking arrayvec v0.7.6
    Checking socket2 v0.5.10
   Compiling num-traits v0.2.19
   Compiling ppv-lite86 v0.2.21
    Checking static_assertions v1.1.0
   Compiling paste v1.0.15
    Checking either v1.15.0
    Checking ryu v1.0.20
    Checking futures-sink v0.3.31
    Checking powerfmt v0.2.0
   Compiling num-conv v0.1.0
   Compiling time-core v0.1.4
   Compiling rand_chacha v0.3.1
    Checking deranged v0.4.0
   Compiling time-macros v0.2.22
   Compiling rand v0.8.5
   Compiling siphasher v1.0.1
    Checking num_threads v0.1.7
   Compiling phf_shared v0.11.3
    Checking futures-channel v0.3.31
    Checking indexmap v2.9.0
    Checking tracing-core v0.1.34
    Checking futures-task v0.3.31
    Checking pin-utils v0.1.0
   Compiling typenum v1.18.0
    Checking simd-adler32 v0.3.7
    Checking lazy_static v1.5.0
   Compiling phf_generator v0.11.3
    Checking atomic-waker v1.1.2
   Compiling generic-array v0.14.7
    Checking encoding_rs v0.8.35
    Checking time v0.3.41
   Compiling vcpkg v0.2.15
    Checking writeable v0.6.1
    Checking litemap v0.8.0
    Checking percent-encoding v2.3.1
    Checking fnv v1.0.7
    Checking http v1.3.1
   Compiling openssl-sys v0.9.109
   Compiling icu_properties_data v2.0.1
   Compiling toml_datetime v0.6.11
    Checking byteorder v1.5.0
   Compiling icu_normalizer_data v2.0.0
    Checking adler2 v2.0.0
   Compiling synstructure v0.13.2
   Compiling rustversion v1.0.21
    Checking miniz_oxide v0.8.8
   Compiling ring v0.17.14
   Compiling thiserror v1.0.69
   Compiling heck v0.5.0
    Checking http-body v1.0.1
    Checking crc32fast v1.4.2
   Compiling httparse v1.10.1
    Checking new_debug_unreachable v1.0.6
   Compiling signal-hook v0.3.18
    Checking zeroize v1.8.1
    Checking unicode-width v0.1.14
   Compiling strsim v0.11.1
   Compiling ident_case v1.0.1
    Checking utf8_iter v1.0.4
    Checking rustls-pki-types v1.12.0
    Checking flate2 v1.1.1
    Checking num-integer v0.1.46
   Compiling darling_core v0.20.11
    Checking itertools v0.13.0
    Checking tower-service v0.3.3
    Checking try-lock v0.2.5
   Compiling openssl v0.10.73
    Checking untrusted v0.9.0
   Compiling serde_json v1.0.140
   Compiling serde_derive v1.0.219
   Compiling zerofrom-derive v0.1.6
   Compiling displaydoc v0.2.5
   Compiling yoke-derive v0.8.0
   Compiling tokio-macros v2.5.0
    Checking zerofrom v0.1.6
   Compiling zerovec-derive v0.11.1
   Compiling bytemuck_derive v1.9.3
    Checking yoke v0.8.0
    Checking tokio v1.45.1
   Compiling futures-macro v0.3.31
   Compiling tracing-attributes v0.1.29
    Checking zerovec v0.11.2
    Checking futures-util v0.3.31
    Checking bytemuck v1.23.0
    Checking zerotrie v0.2.2
    Checking symphonia-core v0.5.4
    Checking tinystr v0.8.1
    Checking icu_locale_core v2.0.0
    Checking tracing v0.1.41
    Checking potential_utf v0.1.2
   Compiling thiserror-impl v1.0.69
    Checking icu_collections v2.0.0
    Checking icu_provider v2.0.0
   Compiling yoke-derive v0.7.5
    Checking icu_normalizer v2.0.0
    Checking icu_properties v2.0.1
   Compiling phf_macros v0.11.3
   Compiling zerovec-derive v0.10.3
    Checking yoke v0.7.5
   Compiling getrandom v0.3.3
    Checking foreign-types-shared v0.1.1
   Compiling rustix v0.38.44
   Compiling syn v1.0.109
    Checking bitflags v2.9.1
    Checking num-bigint v0.4.6
    Checking idna_adapter v1.2.1
    Checking foreign-types v0.3.2
    Checking phf v0.11.3
   Compiling darling_macro v0.20.11
   Compiling openssl-macros v0.1.1
    Checking zerovec v0.10.4
    Checking want v0.3.1
    Checking tokio-util v0.7.17
    Checking unicode-segmentation v1.12.0
   Compiling anyhow v1.0.98
    Checking linux-raw-sys v0.4.15
    Checking h2 v0.4.10
   Compiling rustls v0.23.27
   Compiling native-tls v0.2.14
    Checking rustls-webpki v0.103.3
    Checking signal-hook-mio v0.2.4
   Compiling darling v0.20.11
    Checking idna v1.0.3
   Compiling strum_macros v0.26.4
    Checking crypto-common v0.1.6
    Checking castaway v0.2.3
    Checking form_urlencoded v1.2.1
    Checking crossbeam-epoch v0.9.18
    Checking concurrent-queue v2.5.0
   Compiling cookie v0.18.1
    Checking subtle v2.6.1
   Compiling indoc v2.0.6
    Checking parking v2.2.1
    Checking ipnet v2.11.0
    Checking hyper v1.6.0
   Compiling rayon-core v1.12.1
    Checking openssl-probe v0.1.6
    Checking base64 v0.22.1
   Compiling instability v0.3.7
    Checking crossterm v0.28.1
    Checking strum v0.26.3
    Checking crossbeam-deque v0.8.6
    Checking hyper-util v0.1.14
    Checking compact_str v0.8.1
    Checking tinystr v0.7.6
    Checking unicode-truncate v1.1.0
    Checking symphonia-metadata v0.5.4
    Checking lru v0.12.5
    Checking sync_wrapper v1.0.2
   Compiling icu_locid_transform_data v1.5.1
    Checking writeable v0.5.5
    Checking cassowary v0.3.0
    Checking minimal-lexical v0.2.1
   Compiling winnow v0.5.40
    Checking fastrand v2.3.0
   Compiling siphasher v0.3.11
    Checking psl-types v2.0.11
    Checking tower-layer v0.3.3
    Checking litemap v0.7.5
   Compiling litrs v0.4.1
    Checking unicode-width v0.2.0
    Checking ratatui v0.29.0
    Checking icu_locid v1.5.0
   Compiling document-features v0.2.11
    Checking tokio-rustls v0.26.2
    Checking tower v0.5.2
    Checking publicsuffix v2.3.0
   Compiling phf_shared v0.10.0
    Checking nom v7.1.3
    Checking tokio-native-tls v0.3.1
    Checking url v2.5.4
   Compiling toml_edit v0.19.15
   Compiling icu_provider_macros v1.5.0
    Checking webpki-roots v1.0.0
    Checking http-body-util v0.1.3
    Checking iri-string v0.7.8
    Checking pure-rust-locales v0.8.1
   Compiling icu_properties_data v1.5.1
    Checking rustc-hash v2.1.1
    Checking fast-float2 v0.2.3
    Checking sptr v0.3.2
    Checking hyper-tls v0.6.0
    Checking boa_string v0.20.0
    Checking icu_provider v1.5.0
    Checking cookie_store v0.21.1
    Checking hyper-rustls v0.27.7
   Compiling phf_generator v0.10.0
   Compiling zvariant_utils v1.0.1
    Checking tower-http v0.6.6
    Checking event-listener v5.4.0
    Checking serde_urlencoded v0.7.1
    Checking async-compression v0.4.23
   Compiling boa_macros v0.20.0
    Checking fxhash v0.2.1
   Compiling phf_codegen v0.11.3
   Compiling string_cache_codegen v0.5.4
    Checking event-listener v2.5.3
   Compiling built v0.7.7
    Checking cpufeatures v0.2.17
    Checking mac v0.1.1
    Checking mime v0.3.17
    Checking thin-vec v0.2.14
    Checking iana-time-zone v0.1.63
   Compiling winnow v0.7.10
   Compiling unicode-xid v0.2.6
   Compiling proc-macro-crate v1.3.1
    Checking aligned-vec v0.5.0
    Checking boa_profiler v0.20.0
    Checking precomputed-hash v0.1.1
   Compiling io-lifetimes v1.0.11
    Checking v_frame v0.3.8
    Checking boa_gc v0.20.0
   Compiling aho-corasick v1.1.3
    Checking reqwest v0.12.19
    Checking chrono v0.4.41
   Compiling rav1e v0.7.1
    Checking futf v0.1.5
   Compiling markup5ever v0.12.1
    Checking event-listener-strategy v0.5.4
   Compiling phf_codegen v0.10.0
    Checking icu_locid_transform v1.5.0
    Checking rayon v1.10.0
    Checking symphonia-utils-xiph v0.5.4
    Checking icu_collections v1.5.0
    Checking num-rational v0.4.2
    Checking futures-executor v0.3.31
   Compiling enumflags2_derive v0.7.11
   Compiling async-trait v0.1.88
   Compiling profiling-procmacros v1.0.16
    Checking block-padding v0.3.3
    Checking block-buffer v0.10.4
   Compiling toml_edit v0.22.27
   Compiling alsa-sys v0.3.1
   Compiling memoffset v0.9.1
   Compiling memoffset v0.7.1
   Compiling polling v2.8.0
    Checking futures-lite v2.6.0
   Compiling regex-syntax v0.8.5
    Checking fastrand v1.9.0
    Checking waker-fn v1.2.0
   Compiling rustix v0.37.28
    Checking dtoa v1.0.10
    Checking utf-8 v0.7.6
    Checking async-task v4.7.1
   Compiling icu_normalizer_data v1.5.1
    Checking utf8parse v0.2.2
    Checking anstyle-parse v0.2.7
    Checking dtoa-short v0.3.5
    Checking tendril v0.4.3
    Checking futures-lite v1.13.0
    Checking enumflags2 v0.7.11
    Checking digest v0.10.7
    Checking inout v0.1.4
    Checking profiling v1.0.16
    Checking av1-grain v0.2.4
    Checking futures v0.3.31
    Checking icu_properties v1.5.1
   Compiling selectors v0.25.0
    Checking maybe-rayon v0.1.1
   Compiling zvariant_derive v3.15.2
   Compiling regex-automata v0.4.9
    Checking async-channel v2.3.1
    Checking boa_interner v0.20.0
   Compiling proc-macro-crate v3.3.0
    Checking string_cache v0.8.9
    Checking async-lock v2.8.0
    Checking piper v0.2.4
   Compiling arg_enum_proc_macro v0.3.4
   Compiling cssparser-macros v0.6.1
   Compiling num-derive v0.4.2
   Compiling html5ever v0.27.0
    Checking itertools v0.12.1
   Compiling ahash v0.8.12
   Compiling simd_helpers v0.1.0
   Compiling async-fs v1.6.0
   Compiling async-io v1.13.0
   Compiling thiserror v2.0.12
   Compiling portable-atomic v1.11.1
    Checking imgref v1.11.0
    Checking weezl v0.1.10
   Compiling rustix v1.0.7
    Checking colorchoice v1.0.4
    Checking is_terminal_polyfill v1.70.1
    Checking quick-error v2.0.1
    Checking bitstream-io v2.6.0
    Checking linux-raw-sys v0.3.8
    Checking anstyle-query v1.1.3
    Checking anstyle v1.0.11
   Compiling noop_proc_macro v0.3.0
    Checking anstream v0.6.19
   Compiling regex v1.11.1
    Checking loop9 v0.1.5
   Compiling num_enum_derive v0.7.3
    Checking cssparser v0.31.2
    Checking blocking v1.6.1
    Checking zvariant v3.15.2
    Checking boa_ast v0.20.0
    Checking cipher v0.4.4
    Checking sha1 v0.10.6
    Checking phf v0.10.1
   Compiling derivative v2.2.0
    Checking rat-event v1.2.3
    Checking rat-reloc v1.1.2
    Checking rand_core v0.9.3
   Compiling derive_more v0.99.20
   Compiling thiserror-impl v2.0.12
    Checking zune-inflate v0.2.54
    Checking fdeflate v0.3.7
    Checking avif-serialize v0.8.3
    Checking regress v0.10.3
    Checking socket2 v0.4.10
    Checking servo_arc v0.3.0
    Checking half v2.6.0
    Checking byteorder-lite v0.1.0
    Checking utf16_iter v1.0.5
    Checking tinyvec_macros v0.1.1
    Checking lebe v0.5.2
    Checking clap_lex v0.7.4
    Checking hex v0.4.3
    Checking extended v0.1.0
    Checking linux-raw-sys v0.9.4
    Checking hashbrown v0.14.5
   Compiling cpal v0.15.3
    Checking write16 v1.0.0
    Checking rgb v0.8.50
    Checking jpeg-decoder v0.3.1
    Checking bit_field v0.10.2
    Checking zune-core v0.4.12
    Checking color_quant v1.1.0
    Checking boa_parser v0.20.0
    Checking zune-jpeg v0.4.16
    Checking gif v0.13.1
    Checking tiff v0.9.1
    Checking ravif v0.11.12
    Checking exr v1.73.0
    Checking dashmap v6.1.0
    Checking clap_builder v4.5.39
    Checking icu_normalizer v1.5.0
    Checking symphonia-format-riff v0.5.4
    Checking image-webp v0.2.1
    Checking tinyvec v1.9.0
    Checking png v0.17.16
    Checking zbus_names v2.6.1
    Checking rand_chacha v0.9.0
    Checking alsa v0.9.1
    Checking nix v0.26.4
    Checking intrusive-collections v0.9.7
    Checking num_enum v0.7.3
   Compiling zbus_macros v3.15.2
    Checking async-executor v1.13.2
    Checking reqwest-middleware v0.3.3
    Checking symphonia-format-isomp4 v0.5.4
    Checking symphonia-bundle-flac v0.5.4
    Checking symphonia-codec-vorbis v0.5.4
   Compiling derive_more-impl v1.0.0
   Compiling const_format_proc_macros v0.2.34
    Checking async-broadcast v0.5.1
    Checking retry-policies v0.4.0
    Checking symphonia-bundle-mp3 v0.5.4
    Checking serde_spanned v0.6.9
    Checking symphonia-codec-pcm v0.5.4
    Checking symphonia-codec-aac v0.5.4
    Checking symphonia-codec-adpcm v0.5.4
    Checking qoi v0.4.1
   Compiling async-recursion v1.1.1
   Compiling serde_repr v0.1.20
   Compiling clap_derive v4.5.32
    Checking getopts v0.2.21
    Checking ogg v0.8.0
    Checking sharded-slab v0.1.7
    Checking tracing-log v0.2.0
    Checking xdg-home v1.3.0
    Checking thread_local v1.1.8
   Compiling fs-err v3.1.1
    Checking ordered-stream v0.2.0
    Checking option-ext v0.2.0
    Checking toml_write v0.1.2
    Checking str_indices v0.4.4
   Compiling souvlaki v0.8.2
    Checking pollster v0.4.0
    Checking ego-tree v0.6.3
    Checking dasp_sample v0.11.0
    Checking ryu-js v1.0.2
    Checking tap v1.0.1
    Checking nu-ansi-term v0.50.1
    Checking boa_engine v0.20.0
    Checking zbus v3.15.2
    Checking tracing-subscriber v0.3.20
    Checking clap v4.5.39
    Checking scraper v0.20.0
    Checking ropey v1.6.1
    Checking dirs-sys v0.5.0
    Checking derive_more v1.0.0
    Checking lewton v0.10.2
    Checking symphonia v0.5.4
    Checking const_format v0.2.34
    Checking image v0.25.6
    Checking reqwest-retry v0.6.1
    Checking rand v0.9.1
    Checking tempfile v3.20.0
    Checking rat-scrolled v1.1.1
    Checking rat-focus v1.0.1
    Checking aes v0.8.4
    Checking cbc v0.1.2
error[E0271]: type mismatch resolving `&[u16] == &Vec<u16>`
   --> /home/adwin/.cargo/registry/src/mirrors.tuna.tsinghua.edu.cn-4dc01642fd091eda/boa_engine-0.20.0/src/builtins/json/mod.rs:694:25
    |
694 |                         &separator,
    |                         ^^^^^^^^^^ types differ

error[E0271]: type mismatch resolving `&[u16] == &Vec<u16>`
   --> /home/adwin/.cargo/registry/src/mirrors.tuna.tsinghua.edu.cn-4dc01642fd091eda/boa_engine-0.20.0/src/builtins/json/mod.rs:807:25
    |
807 |                         &separator,
    |                         ^^^^^^^^^^ types differ

    Checking m3u8-rs v6.0.0
    Checking format_num_pattern v0.9.3
    Checking json-crawler v0.0.11 (/tmp/nix-shell.uUVugk/nick42d_youtui_03xrm_d2/json-crawler)
    Checking unicode-display-width v0.3.0
    Checking tokio-stream v0.1.17
    Checking serde_qs v0.13.0
    Checking filedescriptor v0.8.3
    Checking itertools v0.14.0
    Checking base64 v0.21.7
    Checking dyn-clone v1.0.19
    Checking hound v3.5.1
    Checking icy_sixel v0.1.3
    Checking claxon v0.4.3
    Checking urlencoding v2.1.3
    Checking iset v0.3.1
    Checking rat-cursor v1.2.0
    Checking pollster v0.3.0
    Checking ratatui-image v8.0.1
    Checking rat-text v1.0.4
    Checking rodio v0.20.1
    Checking gag v1.0.0
    Checking toml v0.8.23
    Checking async-callback-manager v0.0.11 (/tmp/nix-shell.uUVugk/nick42d_youtui_03xrm_d2/async-callback-manager)
    Checking directories v6.0.0
    Checking ytmapi-rs v0.2.3 (/tmp/nix-shell.uUVugk/nick42d_youtui_03xrm_d2/ytmapi-rs)
    Checking tui-logger v0.14.5
    Checking clap_complete v4.5.52
    Checking async_cell v0.2.2
warning: use of deprecated unit variant `common::LibraryStatusIcon::LibrarySaved`: Future deprecation see https://github.com/nick42d/youtui/issues/271
   --> ytmapi-rs/src/common.rs:106:5
    |
106 |     LibrarySaved,
    |     ^^^^^^^^^^^^
    |
    = note: `#[warn(deprecated)]` on by default

warning: use of deprecated unit variant `common::LibraryStatusIcon::LibraryAdd`: Future deprecation see https://github.com/nick42d/youtui/issues/271
   --> ytmapi-rs/src/common.rs:109:5
    |
109 |     LibraryAdd,
    |     ^^^^^^^^^^

warning: use of deprecated unit variant `common::LibraryStatusIcon::LibrarySaved`: Future deprecation see https://github.com/nick42d/youtui/issues/271
   --> ytmapi-rs/src/common.rs:106:5
    |
106 |     LibrarySaved,
    |     ^^^^^^^^^^^^

warning: use of deprecated unit variant `common::LibraryStatusIcon::LibrarySaved`: Future deprecation see https://github.com/nick42d/youtui/issues/271
   --> ytmapi-rs/src/common.rs:119:32
    |
119 |             LibraryStatusIcon::LibrarySaved => {
    |                                ^^^^^^^^^^^^

warning: use of deprecated unit variant `common::LibraryStatusIcon::LibraryAdd`: Future deprecation see https://github.com/nick42d/youtui/issues/271
   --> ytmapi-rs/src/common.rs:123:32
    |
123 |             LibraryStatusIcon::LibraryAdd => {
    |                                ^^^^^^^^^^

warning: use of deprecated constant `nav_consts::STRAPLINE_TEXT`: Google deprecating this path in future
 --> ytmapi-rs/src/parse/playlist.rs:3:65
  |
3 |     ParsedUploadArtist, ParsedUploadSongAlbum, ProcessedResult, STRAPLINE_TEXT, TITLE_TEXT,
  |                                                                 ^^^^^^^^^^^^^^

warning: use of deprecated constant `nav_consts::STRAPLINE_TEXT`: Google deprecating this path in future
   --> ytmapi-rs/src/parse/playlist.rs:565:47
    |
565 |     let author = header.take_value_pointers(&[STRAPLINE_TEXT, FACEPILE_TEXT])?;
    |                                               ^^^^^^^^^^^^^^

warning: use of deprecated constant `nav_consts::STRAPLINE_RUNS`: Google deprecating this path in future
 --> ytmapi-rs/src/parse/podcasts.rs:2:55
  |
2 |     ParseFrom, RUN_TEXT, SECONDARY_SECTION_LIST_ITEM, STRAPLINE_RUNS, TAB_CONTENT,
  |                                                       ^^^^^^^^^^^^^^

warning: use of deprecated constant `nav_consts::STRAPLINE_RUNS`: Google deprecating this path in future
   --> ytmapi-rs/src/parse/podcasts.rs:277:74
    |
277 |         let mut strapline = responsive_header.navigate_pointer(concatcp!(STRAPLINE_RUNS, "/0"))?;
    |                                                                          ^^^^^^^^^^^^^^

warning: use of deprecated constant `nav_consts::STRAPLINE_RUNS`: Google deprecating this path in future
   --> ytmapi-rs/src/parse/podcasts.rs:237:29
    |
237 |             .borrow_pointer(STRAPLINE_RUNS)?
    |                             ^^^^^^^^^^^^^^

For more information about this error, try `rustc --explain E0271`.
error: could not compile `boa_engine` (lib) due to 2 previous errors
warning: build failed, waiting for other jobs to finish...
warning: use of deprecated field `parse::artist::AlbumResult::album_type`: Future deprecation see https://github.com/nick42d/youtui/issues/211
   --> ytmapi-rs/src/parse/artist.rs:361:9
    |
361 |         album_type,
    |         ^^^^^^^^^^

error[E0283]: type annotations needed
   --> ytmapi-rs/src/parse/playlist.rs:271:9
    |
271 |         parse_watch_playlist_track_from_video_renderer,
    |         ^^^^^^^^^^^^^^^^^^^^^^^^^^^^^^^^^^^^^^^^^^^^^^ cannot infer type of the type parameter `C` declared on the function `parse_watch_playlist_track_from_video_renderer`
    |
    = note: cannot satisfy `_: JsonCrawler`
help: the following types implement trait `JsonCrawler`
   --> json-crawler/src/lib.rs:216:1
    |
216 | impl<'a> JsonCrawler for JsonCrawlerBorrowed<'a> {
    | ^^^^^^^^^^^^^^^^^^^^^^^^^^^^^^^^^^^^^^^^^^^^^^^^ `JsonCrawlerBorrowed<'a>`
...
411 | impl JsonCrawler for JsonCrawlerOwned {
    | ^^^^^^^^^^^^^^^^^^^^^^^^^^^^^^^^^^^^^ `JsonCrawlerOwned`
note: required by a bound in `parse_watch_playlist_track_from_video_renderer`
   --> ytmapi-rs/src/parse/playlist.rs:275:54
    |
275 | fn parse_watch_playlist_track_from_video_renderer<C: JsonCrawler>(
    |                                                      ^^^^^^^^^^^ required by this bound in `parse_watch_playlist_track_from_video_renderer`
help: consider specifying the generic argument
    |
271 |         parse_watch_playlist_track_from_video_renderer::<C>,
    |                                                       +++++

For more information about this error, try `rustc --explain E0283`.
warning: `ytmapi-rs` (lib) generated 12 warnings (1 duplicate)
error: could not compile `ytmapi-rs` (lib) due to 1 previous error; 12 warnings emitted
