Running as unit: run-p1520591-i5714282.scope; invocation ID: ec721122588344378ab4168898d1c5e0
   Compiling proc-macro2 v1.0.103
   Compiling quote v1.0.42
   Compiling unicode-ident v1.0.22
   Compiling libc v0.2.177
    Checking cfg-if v1.0.4
   Compiling serde_core v1.0.228
   Compiling zerocopy v0.8.27
   Compiling version_check v0.9.5
    Checking memchr v2.7.6
   Compiling serde v1.0.228
    Checking log v0.4.28
    Checking once_cell v1.21.3
    Checking scopeguard v1.2.0
    Checking lock_api v0.4.14
    Checking itoa v1.0.15
   Compiling libm v0.2.15
    Checking pin-project-lite v0.2.16
   Compiling getrandom v0.3.4
   Compiling ref-cast v1.0.25
   Compiling autocfg v1.5.0
   Compiling cfg_aliases v0.2.1
    Checking spin v0.9.8
   Compiling num-traits v0.2.19
   Compiling syn v2.0.110
   Compiling anyhow v1.0.100
    Checking bytes v1.11.0
    Checking zeroize v1.8.2
   Compiling allocator-api2 v0.2.21
    Checking smallvec v1.15.1
    Checking getrandom v0.2.16
    Checking mio v1.1.0
   Compiling paste v1.0.15
   Compiling foldhash v0.2.0
   Compiling equivalent v1.0.2
    Checking lazy_static v1.5.0
   Compiling hashbrown v0.16.0
    Checking ppv-lite86 v0.2.21
    Checking rand_core v0.6.4
    Checking socket2 v0.6.1
    Checking tracing-core v0.1.34
   Compiling typeid v1.0.3
    Checking ryu v1.0.20
   Compiling serde_json v1.0.145
   Compiling ahash v0.8.12
    Checking subtle v2.6.1
    Checking rand_chacha v0.3.1
   Compiling syn v1.0.109
    Checking zenoh-result v1.7.1
    Checking rand v0.8.5
   Compiling crossbeam-utils v0.8.21
    Checking bitflags v2.10.0
    Checking futures-sink v0.3.31
    Checking either v1.15.0
    Checking futures-core v0.3.31
   Compiling hashbrown v0.14.5
    Checking aho-corasick v1.1.4
   Compiling thiserror v2.0.17
   Compiling shlex v1.3.0
   Compiling find-msvc-tools v0.1.4
   Compiling dyn-clone v1.0.20
   Compiling cc v1.2.45
   Compiling keyed-set v1.1.0
   Compiling token-cell v2.0.0
   Compiling zenoh-macros v1.7.1
    Checking option-ext v0.2.0
   Compiling rustversion v1.0.22
    Checking regex-syntax v0.8.8
    Checking rustls-pki-types v1.13.0
   Compiling typenum v1.19.0
    Checking slab v0.4.11
   Compiling semver v1.0.27
   Compiling nix v0.29.0
   Compiling rustc_version v0.4.1
   Compiling generic-array v0.14.7
    Checking nu-ansi-term v0.50.3
   Compiling winnow v0.7.13
   Compiling ring v0.17.14
    Checking zenoh-collections v1.7.1
    Checking futures-channel v0.3.31
   Compiling indexmap v2.12.0
    Checking regex-automata v0.4.13
   Compiling synstructure v0.13.2
   Compiling serde_derive_internals v0.29.1
   Compiling ucd-trie v0.1.7
   Compiling unicode-xid v0.2.6
    Checking futures-io v0.3.31
    Checking pin-utils v0.1.0
   Compiling toml_datetime v0.7.3
    Checking futures-task v0.3.31
   Compiling serde_derive v1.0.228
   Compiling ref-cast-impl v1.0.25
   Compiling tokio-macros v2.6.0
   Compiling schemars_derive v1.1.0
   Compiling tracing-attributes v0.1.30
    Checking tokio v1.48.0
   Compiling displaydoc v0.2.5
   Compiling thiserror-impl v2.0.17
   Compiling toml_parser v1.0.4
    Checking tracing v0.1.41
   Compiling futures-macro v0.3.31
    Checking untrusted v0.9.0
   Compiling zerofrom-derive v0.1.6
   Compiling toml_edit v0.23.7
    Checking futures-util v0.3.31
   Compiling pest v2.8.3
   Compiling const_format_proc_macros v0.2.34
    Checking zenoh-buffers v1.7.1
    Checking humantime v2.3.0
   Compiling stabby-macros v72.1.1
   Compiling rustls v0.23.35
   Compiling ident_case v1.0.1
   Compiling fnv v1.0.7
   Compiling strsim v0.11.1
    Checking ron v0.12.0
    Checking schemars v1.1.0
   Compiling darling_core v0.21.3
   Compiling pest_meta v2.8.3
    Checking const_format v0.2.35
    Checking rustls-webpki v0.103.8
   Compiling proc-macro-crate v3.4.0
   Compiling zenoh-keyexpr v1.7.1
    Checking zerofrom v0.1.6
   Compiling yoke-derive v0.8.1
   Compiling stabby-abi v72.1.1
    Checking num-integer v0.1.46
    Checking const-oid v0.9.6
    Checking stable_deref_trait v1.2.1
    Checking powerfmt v0.2.0
    Checking spin v0.10.0
    Checking minimal-lexical v0.2.1
   Compiling num-conv v0.1.0
   Compiling time-core v0.1.6
   Compiling cfg_aliases v0.1.1
   Compiling static_init_macro v1.0.4
    Checking uhlc v0.8.2
   Compiling time-macros v0.2.24
    Checking nom v7.1.3
    Checking deranged v0.5.5
    Checking yoke v0.8.1
   Compiling darling_macro v0.21.3
   Compiling pest_generator v2.8.3
   Compiling async-trait v0.1.89
    Checking dirs-sys v0.5.0
    Checking zenoh-runtime v1.7.1
    Checking rand_core v0.9.3
    Checking sha2-const-stable v0.1.0
   Compiling stabby v72.1.1
    Checking zenoh-core v1.7.1
    Checking no-std-net v0.6.0
    Checking siphasher v1.0.1
   Compiling pest_derive v2.8.3
    Checking pnet_base v0.35.0
    Checking time v0.3.44
    Checking rand_chacha v0.9.0
    Checking dirs v6.0.0
    Checking zenoh-protocol v1.7.1
   Compiling darling v0.21.3
    Checking tracing-serde v0.2.0
    Checking ipnetwork v0.20.0
    Checking crypto-common v0.1.7
    Checking matchers v0.2.0
   Compiling unzip-n v0.1.2
   Compiling asn1-rs-derive v0.6.0
   Compiling zerovec-derive v0.11.2
    Checking rusticata-macros v4.1.0
   Compiling asn1-rs-impl v0.2.0
    Checking crossbeam-queue v0.3.12
    Checking crossbeam-channel v0.5.15
    Checking tracing-log v0.2.0
    Checking sharded-slab v0.1.7
    Checking nanorand v0.7.0
    Checking pnet_sys v0.35.0
   Compiling static_init v1.0.4
    Checking thread_local v1.1.9
    Checking openssl-probe v0.1.6
    Checking rustls-native-certs v0.8.2
    Checking zerovec v0.11.5
    Checking pnet_datalink v0.35.0
    Checking flume v0.11.1
    Checking json5 v0.4.1
   Compiling validated_struct_macros v2.2.0
    Checking tracing-subscriber v0.3.20
    Checking rand v0.9.2
    Checking asn1-rs v0.7.1
   Compiling serde_with_macros v3.15.1
    Checking shellexpand v3.1.1
    Checking futures-executor v0.3.31
   Compiling quinn-udp v0.5.14
   Compiling zenoh-shm v1.7.1
    Checking libloading v0.8.9
    Checking unsafe-libyaml v0.2.11
    Checking tinyvec_macros v0.1.1
   Compiling oid-registry v0.8.1
    Checking home v0.5.12
    Checking bitflags v1.3.2
    Checking data-encoding v2.9.0
    Checking tinyvec v1.10.0
    Checking fastbloom v0.14.0
error: internal compiler error: compiler/rustc_middle/src/middle/privacy.rs:187:21: DefId(0:822 ~ asn1_rs[1548]::asn1_types::set::{use#0}): reachable Restricted(DefId(0:5 ~ asn1_rs[1548]::asn1_types)) > nominal Restricted(DefId(0:821 ~ asn1_rs[1548]::asn1_types::set))
 --> /home/adwin/.cargo/registry/src/mirrors.tuna.tsinghua.edu.cn-4dc01642fd091eda/asn1-rs-0.7.1/src/asn1_types/set.rs:1:5
  |
1 | use crate::*;
  |     ^^^^^


thread 'rustc' (1523831) panicked at compiler/rustc_middle/src/middle/privacy.rs:187:21:
Box<dyn Any>
stack backtrace:
    Checking futures v0.3.31
   0: std::panicking::begin_panic::<rustc_errors::ExplicitBug>
             at /home/adwin/Code/rust/rust/base/library/std/src/panicking.rs:761:5
   1: std::panic::panic_any::<rustc_errors::ExplicitBug>
             at /home/adwin/Code/rust/rust/base/library/std/src/panic.rs:260:5
   2: <rustc_errors::diagnostic::BugAbort as rustc_errors::diagnostic::EmissionGuarantee>::emit_producing_guarantee
             at /home/adwin/Code/rust/rust/base/compiler/rustc_errors/src/diagnostic.rs:62:9
   3: <rustc_errors::diagnostic::Diag<rustc_errors::diagnostic::BugAbort>>::emit
             at /home/adwin/Code/rust/rust/base/compiler/rustc_errors/src/diagnostic.rs:1359:9
   4: <rustc_errors::DiagCtxtHandle>::span_bug::<rustc_span::span_encoding::Span, alloc::string::String>
             at /home/adwin/Code/rust/rust/base/compiler/rustc_errors/src/lib.rs:962:48
   5: rustc_middle::util::bug::opt_span_bug_fmt::<rustc_span::span_encoding::Span>::{closure#0}
             at /home/adwin/Code/rust/rust/base/compiler/rustc_middle/src/util/bug.rs:38:54
   6: rustc_middle::ty::context::tls::with_opt::<rustc_middle::util::bug::opt_span_bug_fmt<rustc_span::span_encoding::Span>::{closure#0}, !>::{closure#0}
             at /home/adwin/Code/rust/rust/base/compiler/rustc_middle/src/ty/context/tls.rs:136:23
   7: rustc_middle::ty::context::tls::with_context_opt::<rustc_middle::ty::context::tls::with_opt<rustc_middle::util::bug::opt_span_bug_fmt<rustc_span::span_encoding::Span>::{closure#0}, !>::{closure#0}, !>
             at /home/adwin/Code/rust/rust/base/compiler/rustc_middle/src/ty/context/tls.rs:79:18
   8: rustc_middle::ty::context::tls::with_opt::<rustc_middle::util::bug::opt_span_bug_fmt<rustc_span::span_encoding::Span>::{closure#0}, !>
             at /home/adwin/Code/rust/rust/base/compiler/rustc_middle/src/ty/context/tls.rs:134:5
   9: rustc_middle::util::bug::opt_span_bug_fmt::<rustc_span::span_encoding::Span>
             at /home/adwin/Code/rust/rust/base/compiler/rustc_middle/src/util/bug.rs:33:5
  10: rustc_middle::util::bug::span_bug_fmt::<rustc_span::span_encoding::Span>
             at /home/adwin/Code/rust/rust/base/compiler/rustc_middle/src/util/bug.rs:24:5
  11: <rustc_middle::middle::privacy::EffectiveVisibilities>::check_invariants
             at /home/adwin/Code/rust/rust/base/compiler/rustc_middle/src/macros.rs:34:9
  12: rustc_privacy::effective_visibilities
             at /home/adwin/Code/rust/rust/base/compiler/rustc_privacy/src/lib.rs:1790:36
    Checking validated_struct v2.2.0
      [... omitted 20 frames ...]
  13: rustc_middle::query::inner::query_ensure::<rustc_query_system::query::caches::SingleCache<rustc_middle::query::erase::ErasedData<[u8; 8]>>>
             at /home/adwin/Code/rust/rust/base/compiler/rustc_middle/src/query/inner.rs:45:9
  14: <rustc_middle::query::plumbing::TyCtxtEnsureOk>::effective_visibilities
             at /home/adwin/Code/rust/rust/base/compiler/rustc_middle/src/query/plumbing.rs:188:9
  15: rustc_interface::passes::analysis::{closure#0}::{closure#1}::{closure#0}
             at /home/adwin/Code/rust/rust/base/compiler/rustc_interface/src/passes.rs:1161:33
  16: <core::panic::unwind_safe::AssertUnwindSafe<rustc_interface::passes::analysis::{closure#0}::{closure#1}::{closure#0}> as core::ops::function::FnOnce<()>>::call_once
             at /home/adwin/Code/rust/rust/base/library/core/src/panic/unwind_safe.rs:274:9
  17: std::panicking::catch_unwind::do_call::<core::panic::unwind_safe::AssertUnwindSafe<rustc_interface::passes::analysis::{closure#0}::{closure#1}::{closure#0}>, ()>
             at /home/adwin/Code/rust/rust/base/library/std/src/panicking.rs:581:40
  18: std::panicking::catch_unwind::<(), core::panic::unwind_safe::AssertUnwindSafe<rustc_interface::passes::analysis::{closure#0}::{closure#1}::{closure#0}>>
             at /home/adwin/Code/rust/rust/base/library/std/src/panicking.rs:544:19
  19: std::panic::catch_unwind::<core::panic::unwind_safe::AssertUnwindSafe<rustc_interface::passes::analysis::{closure#0}::{closure#1}::{closure#0}>, ()>
             at /home/adwin/Code/rust/rust/base/library/std/src/panic.rs:359:14
  20: <rustc_data_structures::sync::parallel::ParallelGuard>::run::<(), rustc_interface::passes::analysis::{closure#0}::{closure#1}::{closure#0}>
             at /home/adwin/Code/rust/rust/base/compiler/rustc_data_structures/src/sync/parallel.rs:23:9
  21: rustc_interface::passes::analysis::{closure#0}::{closure#1}
             at /home/adwin/Code/rust/rust/base/compiler/rustc_data_structures/src/sync/parallel.rs:87:27
  22: rustc_data_structures::sync::parallel::parallel_guard::<(), rustc_interface::passes::analysis::{closure#0}::{closure#1}>
             at /home/adwin/Code/rust/rust/base/compiler/rustc_data_structures/src/sync/parallel.rs:39:15
  23: rustc_interface::passes::analysis::{closure#0}
             at /home/adwin/Code/rust/rust/base/compiler/rustc_interface/src/passes.rs:1159:9
  24: <rustc_data_structures::profiling::VerboseTimingGuard>::run::<(), rustc_interface::passes::analysis::{closure#0}>
             at /home/adwin/Code/rust/rust/base/compiler/rustc_data_structures/src/profiling.rs:844:9
  25: <rustc_session::session::Session>::time::<(), rustc_interface::passes::analysis::{closure#0}>
             at /home/adwin/Code/rust/rust/base/compiler/rustc_session/src/utils.rs:17:50
  26: rustc_interface::passes::analysis
             at /home/adwin/Code/rust/rust/base/compiler/rustc_interface/src/passes.rs:1158:10
      [... omitted 20 frames ...]
  27: rustc_middle::query::inner::query_ensure::<rustc_query_system::query::caches::SingleCache<rustc_middle::query::erase::ErasedData<[u8; 0]>>>
             at /home/adwin/Code/rust/rust/base/compiler/rustc_middle/src/query/inner.rs:45:9
  28: <rustc_middle::query::plumbing::TyCtxtEnsureOk>::analysis
             at /home/adwin/Code/rust/rust/base/compiler/rustc_middle/src/query/plumbing.rs:188:9
  29: rustc_driver_impl::run_compiler::{closure#0}::{closure#2}
             at /home/adwin/Code/rust/rust/base/compiler/rustc_driver_impl/src/lib.rs:333:29
  30: rustc_interface::passes::create_and_enter_global_ctxt::<core::option::Option<rustc_interface::queries::Linker>, rustc_driver_impl::run_compiler::{closure#0}::{closure#2}>::{closure#2}::{closure#0}
             at /home/adwin/Code/rust/rust/base/compiler/rustc_interface/src/passes.rs:1018:27
  31: <rustc_middle::ty::context::GlobalCtxt>::enter::<rustc_interface::passes::create_and_enter_global_ctxt<core::option::Option<rustc_interface::queries::Linker>, rustc_driver_impl::run_compiler::{closure#0}::{closure#2}>::{closure#2}::{closure#0}, core::option::Option<rustc_interface::queries::Linker>>::{closure#1}
             at /home/adwin/Code/rust/rust/base/compiler/rustc_middle/src/ty/context.rs:1647:37
  32: rustc_middle::ty::context::tls::enter_context::<<rustc_middle::ty::context::GlobalCtxt>::enter<rustc_interface::passes::create_and_enter_global_ctxt<core::option::Option<rustc_interface::queries::Linker>, rustc_driver_impl::run_compiler::{closure#0}::{closure#2}>::{closure#2}::{closure#0}, core::option::Option<rustc_interface::queries::Linker>>::{closure#1}, core::option::Option<rustc_interface::queries::Linker>>::{closure#0}
             at /home/adwin/Code/rust/rust/base/compiler/rustc_middle/src/ty/context/tls.rs:60:9
  33: <std::thread::local::LocalKey<core::cell::Cell<*const ()>>>::try_with::<rustc_middle::ty::context::tls::enter_context<<rustc_middle::ty::context::GlobalCtxt>::enter<rustc_interface::passes::create_and_enter_global_ctxt<core::option::Option<rustc_interface::queries::Linker>, rustc_driver_impl::run_compiler::{closure#0}::{closure#2}>::{closure#2}::{closure#0}, core::option::Option<rustc_interface::queries::Linker>>::{closure#1}, core::option::Option<rustc_interface::queries::Linker>>::{closure#0}, core::option::Option<rustc_interface::queries::Linker>>
             at /home/adwin/Code/rust/rust/base/library/std/src/thread/local.rs:513:12
  34: <std::thread::local::LocalKey<core::cell::Cell<*const ()>>>::with::<rustc_middle::ty::context::tls::enter_context<<rustc_middle::ty::context::GlobalCtxt>::enter<rustc_interface::passes::create_and_enter_global_ctxt<core::option::Option<rustc_interface::queries::Linker>, rustc_driver_impl::run_compiler::{closure#0}::{closure#2}>::{closure#2}::{closure#0}, core::option::Option<rustc_interface::queries::Linker>>::{closure#1}, core::option::Option<rustc_interface::queries::Linker>>::{closure#0}, core::option::Option<rustc_interface::queries::Linker>>
             at /home/adwin/Code/rust/rust/base/library/std/src/thread/local.rs:477:20
  35: rustc_middle::ty::context::tls::enter_context::<<rustc_middle::ty::context::GlobalCtxt>::enter<rustc_interface::passes::create_and_enter_global_ctxt<core::option::Option<rustc_interface::queries::Linker>, rustc_driver_impl::run_compiler::{closure#0}::{closure#2}>::{closure#2}::{closure#0}, core::option::Option<rustc_interface::queries::Linker>>::{closure#1}, core::option::Option<rustc_interface::queries::Linker>>
             at /home/adwin/Code/rust/rust/base/compiler/rustc_middle/src/ty/context/tls.rs:57:9
  36: <rustc_middle::ty::context::GlobalCtxt>::enter::<rustc_interface::passes::create_and_enter_global_ctxt<core::option::Option<rustc_interface::queries::Linker>, rustc_driver_impl::run_compiler::{closure#0}::{closure#2}>::{closure#2}::{closure#0}, core::option::Option<rustc_interface::queries::Linker>>
             at /home/adwin/Code/rust/rust/base/compiler/rustc_middle/src/ty/context.rs:1647:9
  37: <rustc_middle::ty::context::TyCtxt>::create_global_ctxt::<core::option::Option<rustc_interface::queries::Linker>, rustc_interface::passes::create_and_enter_global_ctxt<core::option::Option<rustc_interface::queries::Linker>, rustc_driver_impl::run_compiler::{closure#0}::{closure#2}>::{closure#2}::{closure#0}>
             at /home/adwin/Code/rust/rust/base/compiler/rustc_middle/src/ty/context.rs:1854:13
  38: rustc_interface::passes::create_and_enter_global_ctxt::<core::option::Option<rustc_interface::queries::Linker>, rustc_driver_impl::run_compiler::{closure#0}::{closure#2}>::{closure#2}
             at /home/adwin/Code/rust/rust/base/compiler/rustc_interface/src/passes.rs:985:9
  39: <rustc_interface::passes::create_and_enter_global_ctxt<core::option::Option<rustc_interface::queries::Linker>, rustc_driver_impl::run_compiler::{closure#0}::{closure#2}>::{closure#2} as core::ops::function::FnOnce<(&rustc_session::session::Session, rustc_middle::ty::context::CurrentGcx, alloc::sync::Arc<rustc_data_structures::jobserver::Proxy>, &std::sync::once_lock::OnceLock<rustc_middle::ty::context::GlobalCtxt>, &rustc_data_structures::sync::worker_local::WorkerLocal<rustc_middle::arena::Arena>, &rustc_data_structures::sync::worker_local::WorkerLocal<rustc_hir::Arena>, rustc_driver_impl::run_compiler::{closure#0}::{closure#2})>>::call_once::{shim:vtable#0}
             at /home/adwin/Code/rust/rust/base/library/core/src/ops/function.rs:250:5
  40: <alloc::boxed::Box<dyn for<'a> core::ops::function::FnOnce<(&'a rustc_session::session::Session, rustc_middle::ty::context::CurrentGcx, alloc::sync::Arc<rustc_data_structures::jobserver::Proxy>, &'a std::sync::once_lock::OnceLock<rustc_middle::ty::context::GlobalCtxt<'a>>, &'a rustc_data_structures::sync::worker_local::WorkerLocal<rustc_middle::arena::Arena<'a>>, &'a rustc_data_structures::sync::worker_local::WorkerLocal<rustc_hir::Arena<'a>>, rustc_driver_impl::run_compiler::{closure#0}::{closure#2}), Output = core::option::Option<rustc_interface::queries::Linker>>> as core::ops::function::FnOnce<(&rustc_session::session::Session, rustc_middle::ty::context::CurrentGcx, alloc::sync::Arc<rustc_data_structures::jobserver::Proxy>, &std::sync::once_lock::OnceLock<rustc_middle::ty::context::GlobalCtxt>, &rustc_data_structures::sync::worker_local::WorkerLocal<rustc_middle::arena::Arena>, &rustc_data_structures::sync::worker_local::WorkerLocal<rustc_hir::Arena>, rustc_driver_impl::run_compiler::{closure#0}::{closure#2})>>::call_once
             at /home/adwin/Code/rust/rust/base/library/alloc/src/boxed.rs:2206:9
  41: rustc_interface::passes::create_and_enter_global_ctxt::<core::option::Option<rustc_interface::queries::Linker>, rustc_driver_impl::run_compiler::{closure#0}::{closure#2}>
             at /home/adwin/Code/rust/rust/base/compiler/rustc_interface/src/passes.rs:1026:5
  42: rustc_driver_impl::run_compiler::{closure#0}
             at /home/adwin/Code/rust/rust/base/compiler/rustc_driver_impl/src/lib.rs:306:22
  43: rustc_interface::interface::run_compiler::<(), rustc_driver_impl::run_compiler::{closure#0}>::{closure#1}::{closure#0}
             at /home/adwin/Code/rust/rust/base/compiler/rustc_interface/src/interface.rs:515:80
  44: <core::panic::unwind_safe::AssertUnwindSafe<rustc_interface::interface::run_compiler<(), rustc_driver_impl::run_compiler::{closure#0}>::{closure#1}::{closure#0}> as core::ops::function::FnOnce<()>>::call_once
             at /home/adwin/Code/rust/rust/base/library/core/src/panic/unwind_safe.rs:274:9
  45: std::panicking::catch_unwind::do_call::<core::panic::unwind_safe::AssertUnwindSafe<rustc_interface::interface::run_compiler<(), rustc_driver_impl::run_compiler::{closure#0}>::{closure#1}::{closure#0}>, ()>
             at /home/adwin/Code/rust/rust/base/library/std/src/panicking.rs:581:40
  46: std::panicking::catch_unwind::<(), core::panic::unwind_safe::AssertUnwindSafe<rustc_interface::interface::run_compiler<(), rustc_driver_impl::run_compiler::{closure#0}>::{closure#1}::{closure#0}>>
             at /home/adwin/Code/rust/rust/base/library/std/src/panicking.rs:544:19
  47: std::panic::catch_unwind::<core::panic::unwind_safe::AssertUnwindSafe<rustc_interface::interface::run_compiler<(), rustc_driver_impl::run_compiler::{closure#0}>::{closure#1}::{closure#0}>, ()>
             at /home/adwin/Code/rust/rust/base/library/std/src/panic.rs:359:14
  48: rustc_interface::interface::run_compiler::<(), rustc_driver_impl::run_compiler::{closure#0}>::{closure#1}
             at /home/adwin/Code/rust/rust/base/compiler/rustc_interface/src/interface.rs:515:23
  49: rustc_interface::util::run_in_thread_pool_with_globals::<rustc_interface::interface::run_compiler<(), rustc_driver_impl::run_compiler::{closure#0}>::{closure#1}, ()>::{closure#0}
             at /home/adwin/Code/rust/rust/base/compiler/rustc_interface/src/util.rs:204:17
  50: rustc_interface::util::run_in_thread_with_globals::<rustc_interface::util::run_in_thread_pool_with_globals<rustc_interface::interface::run_compiler<(), rustc_driver_impl::run_compiler::{closure#0}>::{closure#1}, ()>::{closure#0}, ()>::{closure#0}::{closure#0}::{closure#0}
             at /home/adwin/Code/rust/rust/base/compiler/rustc_interface/src/util.rs:158:24
  51: <scoped_tls::ScopedKey<rustc_span::SessionGlobals>>::set::<rustc_interface::util::run_in_thread_with_globals<rustc_interface::util::run_in_thread_pool_with_globals<rustc_interface::interface::run_compiler<(), rustc_driver_impl::run_compiler::{closure#0}>::{closure#1}, ()>::{closure#0}, ()>::{closure#0}::{closure#0}::{closure#0}, ()>
             at /home/adwin/.cargo/registry/src/mirrors.tuna.tsinghua.edu.cn-4dc01642fd091eda/scoped-tls-1.0.1/src/lib.rs:137:9
  52: rustc_span::create_session_globals_then::<(), rustc_interface::util::run_in_thread_with_globals<rustc_interface::util::run_in_thread_pool_with_globals<rustc_interface::interface::run_compiler<(), rustc_driver_impl::run_compiler::{closure#0}>::{closure#1}, ()>::{closure#0}, ()>::{closure#0}::{closure#0}::{closure#0}>
             at /home/adwin/Code/rust/rust/base/compiler/rustc_span/src/lib.rs:142:21
  53: rustc_interface::util::run_in_thread_with_globals::<rustc_interface::util::run_in_thread_pool_with_globals<rustc_interface::interface::run_compiler<(), rustc_driver_impl::run_compiler::{closure#0}>::{closure#1}, ()>::{closure#0}, ()>::{closure#0}::{closure#0}
             at /home/adwin/Code/rust/rust/base/compiler/rustc_interface/src/util.rs:154:17
note: Some details are omitted, run with `RUST_BACKTRACE=full` for a verbose backtrace.

note: we would appreciate a bug report: https://github.com/rust-lang/rust/issues/new?labels=C-bug%2C+I-ICE%2C+T-compiler&template=ice.md

note: please make sure that you have updated to the latest nightly

note: please attach the file at `/home/adwin/.cargo/registry/src/mirrors.tuna.tsinghua.edu.cn-4dc01642fd091eda/asn1-rs-0.7.1/rustc-ice-2026-02-18T15_45_21-1523829.txt` to your bug report

note: rustc 1.95.0-dev running on x86_64-unknown-linux-gnu

note: compiler flags: --crate-type lib -C embed-bitcode=no -C strip=debuginfo -Z next-solver

note: some of the compiler flags provided by cargo are hidden

query stack during panic:
#0 [effective_visibilities] checking effective visibilities
#1 [analysis] running analysis passes on crate `asn1_rs`
end of query stack
    Checking rustls-platform-verifier v0.6.2
    Checking serde_with v3.15.1
error: could not compile `asn1-rs` (lib)

Caused by:
  process didn't exit successfully: `/home/adwin/.rustup/toolchains/next-solver-globally-cherry-picked/bin/rustc --crate-name asn1_rs --edition=2018 /home/adwin/.cargo/registry/src/mirrors.tuna.tsinghua.edu.cn-4dc01642fd091eda/asn1-rs-0.7.1/src/lib.rs --error-format=json --json=diagnostic-rendered-ansi,artifacts,future-incompat --crate-type lib --emit=dep-info,metadata -C embed-bitcode=no --cfg 'feature="datetime"' --cfg 'feature="default"' --cfg 'feature="std"' --cfg 'feature="time"' --check-cfg 'cfg(docsrs,test)' --check-cfg 'cfg(feature, values("bigint", "bits", "bitvec", "colored", "cookie-factory", "datetime", "debug", "default", "num-bigint", "serialize", "std", "time", "trace"))' -C metadata=90f09303bb1a9af0 -C extra-filename=-1a93497bbe5b6848 --out-dir /getea/tmp/crater-spurious/nu-zenoh-0.2.1/target/debug/deps -C strip=debuginfo -L dependency=/getea/tmp/crater-spurious/nu-zenoh-0.2.1/target/debug/deps --extern asn1_rs_derive=/getea/tmp/crater-spurious/nu-zenoh-0.2.1/target/debug/deps/libasn1_rs_derive-97f2390286bf836b.so --extern asn1_rs_impl=/getea/tmp/crater-spurious/nu-zenoh-0.2.1/target/debug/deps/libasn1_rs_impl-c823dbf1129935e1.so --extern displaydoc=/getea/tmp/crater-spurious/nu-zenoh-0.2.1/target/debug/deps/libdisplaydoc-9b26619e2fd51867.so --extern nom=/getea/tmp/crater-spurious/nu-zenoh-0.2.1/target/debug/deps/libnom-5d1ada79f3c39046.rmeta --extern num_traits=/getea/tmp/crater-spurious/nu-zenoh-0.2.1/target/debug/deps/libnum_traits-b17a3a3695f2ea33.rmeta --extern rusticata_macros=/getea/tmp/crater-spurious/nu-zenoh-0.2.1/target/debug/deps/librusticata_macros-66d153bf78c0573a.rmeta --extern thiserror=/getea/tmp/crater-spurious/nu-zenoh-0.2.1/target/debug/deps/libthiserror-eba020bf27c10df4.rmeta --extern time=/getea/tmp/crater-spurious/nu-zenoh-0.2.1/target/debug/deps/libtime-11026d310b8e8d41.rmeta --cap-lints allow -Znext-solver` (exit status: 101)
warning: build failed, waiting for other jobs to finish...
error[E0658]: use of unstable library feature `freeze`
  --> /home/adwin/.cargo/registry/src/mirrors.tuna.tsinghua.edu.cn-4dc01642fd091eda/stabby-abi-72.1.1/src/vtable/mod.rs:21:54
   |
21 | pub trait IConstConstructor<'a, Source>: 'a + Copy + core::marker::Freeze {
   |                                                      ^^^^^^^^^^^^^^^^^^^^
   |
   = note: see issue #121675 <https://github.com/rust-lang/rust/issues/121675> for more information
   = help: add `#![feature(freeze)]` to the crate attributes to enable

For more information about this error, try `rustc --explain E0658`.
error: could not compile `stabby-abi` (lib) due to 1 previous error
