Running as unit: run-p2499333-i15079439.scope; invocation ID: c56308ec8c2e464385848daf07f9eaa7
   Compiling proc-macro2 v1.0.95
   Compiling unicode-ident v1.0.18
    Checking cfg-if v1.0.1
   Compiling libc v0.2.174
   Compiling version_check v0.9.5
   Compiling serde v1.0.219
    Checking memchr v2.7.5
    Checking itoa v1.0.15
   Compiling typenum v1.18.0
   Compiling generic-array v0.14.7
   Compiling serde_json v1.0.140
    Checking once_cell v1.21.3
    Checking ryu v1.0.20
   Compiling rustversion v1.0.21
   Compiling wasm-bindgen-shared v0.2.100
   Compiling bumpalo v3.18.1
   Compiling log v0.4.27
   Compiling quote v1.0.40
    Checking pin-project-lite v0.2.16
    Checking getrandom v0.2.16
    Checking subtle v2.6.1
    Checking rand_core v0.6.4
   Compiling wasm-bindgen v0.2.100
    Checking futures-core v0.3.31
   Compiling syn v2.0.103
   Compiling semver v1.0.26
    Checking const-oid v0.9.6
    Checking futures-sink v0.3.31
    Checking bytes v1.10.1
    Checking futures-channel v0.3.31
   Compiling autocfg v1.5.0
    Checking slab v0.4.10
    Checking smallvec v1.15.1
   Compiling thiserror v2.0.12
   Compiling rustc_version v0.4.1
    Checking futures-task v0.3.31
    Checking futures-io v0.3.31
    Checking pin-utils v0.1.0
    Checking stable_deref_trait v1.2.0
    Checking fnv v1.0.7
    Checking percent-encoding v2.3.1
    Checking http v1.3.1
    Checking equivalent v1.0.2
    Checking base64ct v1.8.0
    Checking hashbrown v0.15.4
   Compiling lock_api v0.4.13
    Checking cpufeatures v0.2.17
   Compiling thiserror v1.0.69
    Checking litemap v0.8.0
   Compiling parking_lot_core v0.9.11
    Checking writeable v0.6.1
   Compiling proc-macro-error-attr2 v2.0.0
    Checking num_cpus v1.17.0
   Compiling icu_normalizer_data v2.0.0
   Compiling icu_properties_data v2.0.1
   Compiling crossbeam-utils v0.8.21
    Checking indexmap v2.9.0
    Checking pem-rfc7468 v0.7.0
    Checking form_urlencoded v1.2.1
   Compiling unicode-xid v0.2.6
   Compiling paste v1.0.15
   Compiling unicode-segmentation v1.12.0
   Compiling radium v0.7.0
    Checking scopeguard v1.2.0
    Checking utf8_iter v1.0.4
    Checking tap v1.0.1
   Compiling libm v0.2.15
   Compiling convert_case v0.8.0
    Checking wyz v0.5.1
    Checking concurrent-queue v2.5.0
   Compiling num-traits v0.2.19
   Compiling proc-macro2-diagnostics v0.10.1
    Checking funty v2.0.0
    Checking base16ct v0.2.0
    Checking parking v2.2.1
    Checking event-listener v5.4.0
   Compiling proc-macro-utils v0.10.0
   Compiling const_format_proc_macros v0.2.34
    Checking throw_error v0.3.0
    Checking bitvec v1.0.1
    Checking mio v1.0.4
    Checking socket2 v0.5.10
   Compiling slotmap v1.0.7
    Checking base64 v0.22.1
   Compiling anyhow v1.0.98
    Checking tokio v1.45.1
    Checking event-listener-strategy v0.5.4
   Compiling server_fn_macro v0.8.2
   Compiling reactive_graph v0.2.2
    Checking send_wrapper v0.6.0
   Compiling camino v1.1.10
    Checking hashbrown v0.14.5
   Compiling shlex v1.3.0
    Checking or_poisoned v0.1.0
   Compiling cc v1.2.27
    Checking dashmap v6.1.0
    Checking async-lock v3.4.0
   Compiling wasm-bindgen-backend v0.2.100
   Compiling synstructure v0.13.2
   Compiling proc-macro-error2 v2.0.1
    Checking ff v0.13.1
    Checking group v0.13.0
   Compiling const_format v0.2.34
   Compiling xxhash-rust v0.8.15
   Compiling vcpkg v0.2.15
   Compiling zerocopy v0.8.26
   Compiling wasm-bindgen-macro-support v0.2.100
    Checking either v1.15.0
   Compiling strsim v0.11.1
   Compiling serde_derive v1.0.219
   Compiling zeroize_derive v1.4.2
   Compiling futures-macro v0.3.31
   Compiling thiserror-impl v2.0.12
   Compiling zerofrom-derive v0.1.6
    Checking zeroize v1.8.1
   Compiling wasm-bindgen-macro v0.2.100
    Checking futures-util v0.3.31
   Compiling yoke-derive v0.8.0
    Checking crypto-common v0.1.6
    Checking block-buffer v0.10.4
    Checking digest v0.10.7
   Compiling zerovec-derive v0.11.1
   Compiling displaydoc v0.2.5
    Checking zerofrom v0.1.6
   Compiling thiserror-impl v1.0.69
    Checking inout v0.1.4
    Checking cipher v0.4.4
    Checking yoke v0.8.0
    Checking der v0.7.10
    Checking hmac v0.12.1
    Checking zerovec v0.11.2
    Checking zerotrie v0.2.2
   Compiling pin-project-internal v1.1.10
    Checking signature v2.2.0
    Checking spki v0.7.3
   Compiling async-trait v0.1.88
    Checking futures-executor v0.3.31
    Checking pkcs8 v0.10.2
    Checking futures v0.3.31
   Compiling derive-where v1.5.0
    Checking tinystr v0.8.1
    Checking icu_locale_core v2.0.0
    Checking potential_utf v0.1.2
    Checking icu_collections v2.0.0
    Checking pin-project v1.1.10
    Checking hkdf v0.12.4
    Checking crypto-bigint v0.5.5
   Compiling syn_derive v0.2.0
    Checking icu_provider v2.0.0
    Checking icu_normalizer v2.0.0
    Checking icu_properties v2.0.1
    Checking rustc-hash v2.1.1
   Compiling pkg-config v0.3.32
   Compiling ident_case v1.0.1
    Checking guardian v1.3.0
   Compiling darling_core v0.20.11
   Compiling openssl-sys v0.9.109
   Compiling quote-use-macros v0.8.4
    Checking idna_adapter v1.2.1
    Checking idna v1.0.3
   Compiling reactive_stores_macro v0.2.2
    Checking itertools v0.14.0
    Checking url v2.5.4
    Checking serdect v0.2.0
    Checking sec1 v0.7.3
    Checking hydration_context v0.3.0
    Checking serde_spanned v0.6.9
    Checking elliptic-curve v0.13.8
    Checking toml_datetime v0.6.11
   Compiling manyhow-macros v0.11.4
    Checking parking_lot v0.12.4
    Checking http-body v1.0.1
   Compiling tachys v0.2.3
    Checking aho-corasick v1.1.3
   Compiling prettyplease v0.2.34
   Compiling winnow v0.5.40
    Checking regex-syntax v0.8.5
   Compiling yansi v1.0.1
    Checking js-sys v0.3.77
   Compiling getrandom v0.3.3
    Checking winnow v0.7.11
    Checking utf8-width v0.1.7
    Checking html-escape v0.2.13
   Compiling darling_macro v0.20.11
   Compiling manyhow v0.11.4
    Checking oco_ref v0.2.0
    Checking regex-automata v0.4.9
   Compiling toml_edit v0.19.15
    Checking toml_edit v0.22.27
    Checking web-sys v0.3.77
    Checking wasm-bindgen-futures v0.4.50
    Checking any_spawner v0.3.0
    Checking serde-wasm-bindgen v0.6.5
   Compiling quote-use v0.8.4
    Checking rfc6979 v0.4.0
error[E0282]: type annotations needed for `&_`
   --> /home/adwin/.cargo/registry/src/mirrors.tuna.tsinghua.edu.cn-4dc01642fd091eda/reactive_graph-0.2.2/src/computed/async_derived/arc_async_derived.rs:646:14
    |
646 |             |v| v.deref(),
    |              ^  - type must be known at this point
    |
help: consider giving this closure parameter an explicit type, where the placeholders `_` are specified
    |
646 |             |v: &_| v.deref(),
    |               ++++

error[E0282]: type annotations needed for `&mut _`
   --> /home/adwin/.cargo/registry/src/mirrors.tuna.tsinghua.edu.cn-4dc01642fd091eda/reactive_graph-0.2.2/src/computed/async_derived/arc_async_derived.rs:647:14
    |
647 |             |v| v.deref_mut(),
    |              ^  - type must be known at this point
    |
help: consider giving this closure parameter an explicit type, where the placeholders `_` are specified
    |
647 |             |v: &mut _| v.deref_mut(),
    |               ++++++++

error[E0282]: type annotations needed for `&_`
   --> /home/adwin/.cargo/registry/src/mirrors.tuna.tsinghua.edu.cn-4dc01642fd091eda/reactive_graph-0.2.2/src/computed/async_derived/arc_async_derived.rs:656:14
    |
656 |             |v| v.deref(),
    |              ^  - type must be known at this point
    |
help: consider giving this closure parameter an explicit type, where the placeholders `_` are specified
    |
656 |             |v: &_| v.deref(),
    |               ++++

error[E0282]: type annotations needed for `&mut _`
   --> /home/adwin/.cargo/registry/src/mirrors.tuna.tsinghua.edu.cn-4dc01642fd091eda/reactive_graph-0.2.2/src/computed/async_derived/arc_async_derived.rs:657:14
    |
657 |             |v| v.deref_mut(),
    |              ^  - type must be known at this point
    |
help: consider giving this closure parameter an explicit type, where the placeholders `_` are specified
    |
657 |             |v: &mut _| v.deref_mut(),
    |               ++++++++

error[E0282]: type annotations needed for `&_`
   --> /home/adwin/.cargo/registry/src/mirrors.tuna.tsinghua.edu.cn-4dc01642fd091eda/reactive_graph-0.2.2/src/computed/async_derived/async_derived.rs:354:14
    |
354 |             |v| v.deref(),
    |              ^  - type must be known at this point
    |
help: consider giving this closure parameter an explicit type, where the placeholders `_` are specified
    |
354 |             |v: &_| v.deref(),
    |               ++++

error[E0282]: type annotations needed for `&mut _`
   --> /home/adwin/.cargo/registry/src/mirrors.tuna.tsinghua.edu.cn-4dc01642fd091eda/reactive_graph-0.2.2/src/computed/async_derived/async_derived.rs:355:14
    |
355 |             |v| v.deref_mut(),
    |              ^  - type must be known at this point
    |
help: consider giving this closure parameter an explicit type, where the placeholders `_` are specified
    |
355 |             |v: &mut _| v.deref_mut(),
    |               ++++++++

error[E0282]: type annotations needed for `&_`
   --> /home/adwin/.cargo/registry/src/mirrors.tuna.tsinghua.edu.cn-4dc01642fd091eda/reactive_graph-0.2.2/src/computed/async_derived/async_derived.rs:365:40
    |
365 |                 MappedMut::new(inner, |v| v.deref(), |v| v.deref_mut())
    |                                        ^  - type must be known at this point
    |
help: consider giving this closure parameter an explicit type, where the placeholders `_` are specified
    |
365 |                 MappedMut::new(inner, |v: &_| v.deref(), |v| v.deref_mut())
    |                                         ++++

error[E0282]: type annotations needed for `&mut _`
   --> /home/adwin/.cargo/registry/src/mirrors.tuna.tsinghua.edu.cn-4dc01642fd091eda/reactive_graph-0.2.2/src/computed/async_derived/async_derived.rs:365:55
    |
365 |                 MappedMut::new(inner, |v| v.deref(), |v| v.deref_mut())
    |                                                       ^  - type must be known at this point
    |
help: consider giving this closure parameter an explicit type, where the placeholders `_` are specified
    |
365 |                 MappedMut::new(inner, |v| v.deref(), |v: &mut _| v.deref_mut())
    |                                                        ++++++++

    Checking sha2 v0.10.9
    Checking either_of v0.1.6
error[E0282]: type annotations needed for `&_`
   --> /home/adwin/.cargo/registry/src/mirrors.tuna.tsinghua.edu.cn-4dc01642fd091eda/reactive_graph-0.2.2/src/computed/async_derived/arc_async_derived.rs:629:59
    |
629 |             ReadGuard::new(Mapped::new_with_guard(plain, |v| v.deref()))
    |                                                           ^  - type must be known at this point
    |
help: consider giving this closure parameter an explicit type, where the placeholders `_` are specified
    |
629 |             ReadGuard::new(Mapped::new_with_guard(plain, |v: &_| v.deref()))
    |                                                            ++++

   Compiling server_fn v0.8.2
    Checking const_str_slice_concat v0.1.0
   Compiling collection_literals v1.0.1
   Compiling same-file v1.0.6
    Checking drain_filter_polyfill v0.1.3
For more information about this error, try `rustc --explain E0282`.
error: could not compile `reactive_graph` (lib) due to 9 previous errors
warning: build failed, waiting for other jobs to finish...
