Running as unit: run-p2519544-i15099650.scope; invocation ID: 8764f241ab5442fcb216ce2731a5d8c7
   Compiling version_check v0.9.3
   Compiling proc-macro2 v1.0.27
   Compiling unicode-xid v0.2.2
   Compiling syn v1.0.73
   Compiling libc v0.2.98
   Compiling autocfg v1.0.1
   Compiling typenum v1.13.0
    Checking cfg-if v1.0.0
   Compiling generic-array v0.14.4
   Compiling memchr v2.4.0
   Compiling log v0.4.14
   Compiling serde_derive v1.0.126
   Compiling serde v1.0.126
   Compiling proc-macro-hack v0.5.19
   Compiling quote v1.0.9
   Compiling futures-core v0.3.15
   Compiling bitflags v1.2.1
   Compiling proc-macro-nested v0.1.7
   Compiling futures-channel v0.3.15
   Compiling futures-task v0.3.15
   Compiling futures-macro v0.3.15
   Compiling tokio v1.8.1
   Compiling num-traits v0.2.14
   Compiling yansi v0.5.0
   Compiling futures-util v0.3.15
   Compiling standback v0.2.17
   Compiling proc-macro2-diagnostics v0.9.1
   Compiling num-integer v0.1.44
    Checking pin-project-lite v0.2.7
    Checking once_cell v1.8.0
   Compiling instant v0.1.10
   Compiling indexmap v1.7.0
    Checking slab v0.4.3
    Checking fnv v1.0.7
   Compiling subtle v2.4.1
    Checking lazy_static v1.4.0
   Compiling scopeguard v1.1.0
   Compiling smallvec v1.6.1
   Compiling lock_api v0.4.4
   Compiling httparse v1.4.1
   Compiling opaque-debug v0.3.0
    Checking bytes v1.0.1
    Checking futures-sink v0.3.15
   Compiling parking_lot_core v0.8.3
   Compiling const_fn v0.4.8
   Compiling time v0.2.27
    Checking itoa v0.4.7
   Compiling parking_lot v0.11.1
   Compiling cipher v0.2.5
    Checking mio v0.7.13
    Checking num_cpus v1.13.0
    Checking getrandom v0.2.3
    Checking signal-hook-registry v1.4.0
   Compiling uncased v0.9.6
    Checking futures-io v0.3.15
   Compiling pq-sys v0.4.6
    Checking pin-utils v0.1.0
    Checking rand_core v0.6.3
   Compiling universal-hash v0.4.0
   Compiling digest v0.9.0
   Compiling cookie v0.15.1
   Compiling ref-cast v1.0.6
   Compiling cpuid-bool v0.2.0
    Checking ppv-lite86 v0.2.10
   Compiling http v0.2.4
   Compiling tracing-core v0.1.18
   Compiling polyval v0.4.5
    Checking rand_chacha v0.3.1
   Compiling aes-soft v0.6.4
   Compiling crypto-mac v0.10.0
    Checking time v0.1.43
   Compiling hashbrown v0.11.2
   Compiling hmac v0.10.1
   Compiling aes v0.6.0
    Checking rand v0.8.4
   Compiling tracing v0.1.26
   Compiling ghash v0.3.1
   Compiling ctr v0.6.0
   Compiling block-buffer v0.9.0
   Compiling aead v0.3.2
   Compiling aho-corasick v0.7.18
   Compiling regex-syntax v0.6.25
   Compiling ryu v1.0.5
   Compiling crossbeam-utils v0.8.5
   Compiling cpufeatures v0.1.5
   Compiling try-lock v0.2.3
   Compiling sha2 v0.9.5
   Compiling want v0.3.0
   Compiling aes-gcm v0.8.0
   Compiling http-body v0.4.2
   Compiling devise_core v0.3.0
   Compiling hkdf v0.10.0
   Compiling socket2 v0.4.0
   Compiling regex v1.5.4
    Checking same-file v1.0.6
   Compiling encoding_rs v0.8.28
    Checking base64 v0.13.0
   Compiling ucd-trie v0.1.3
   Compiling httpdate v1.0.1
   Compiling tower-service v0.3.1
   Compiling serde_json v1.0.64
    Checking percent-encoding v2.1.0
   Compiling tokio-macros v1.3.0
   Compiling time-macros-impl v0.1.2
   Compiling pear_codegen v0.2.3
   Compiling ref-cast-impl v1.0.6
   Compiling time-macros v0.1.1
   Compiling diesel_derives v1.4.1
    Checking tokio-util v0.6.7
   Compiling devise_codegen v0.3.0
    Checking inlinable_string v0.1.14
   Compiling devise v0.3.0
   Compiling pear v0.2.3
   Compiling parse-zoneinfo v0.3.0
   Compiling pest v2.1.3
    Checking walkdir v2.3.2
    Checking chrono v0.4.19
    Checking scheduled-thread-pool v0.2.5
    Checking h2 v0.3.3
   Compiling stable-pattern v0.1.0
    Checking bstr v0.2.16
   Compiling atomic v0.5.0
   Compiling multer v2.0.0
   Compiling figment v0.10.6
   Compiling state v0.5.2
   Compiling convert_case v0.4.0
    Checking mime v0.3.16
    Checking unchecked-index v0.2.2
   Compiling maplit v1.0.2
   Compiling async-trait v0.1.50
    Checking cfg-if v0.1.10
    Checking unic-char-range v0.9.0
    Checking unic-common v0.9.0
   Compiling either v1.6.1
   Compiling derive_more v0.99.16
    Checking unic-ucd-version v0.9.0
    Checking unic-char-property v0.9.0
    Checking net2 v0.2.37
   Compiling pest_meta v2.1.3
    Checking twoway v0.2.2
    Checking globset v0.4.8
   Compiling r2d2 v0.8.9
    Checking hyper v0.14.10
   Compiling chrono-tz v0.5.3
    Checking toml v0.5.8
    Checking futures-executor v0.3.15
   Compiling async-stream-impl v0.3.2
    Checking thread_local v1.1.3
   Compiling rocket v0.5.0-rc.1
    Checking iovec v0.1.4
   Compiling byteorder v1.4.3
    Checking remove_dir_all v0.5.3
   Compiling glob v0.3.0
    Checking spin v0.9.2
    Checking diesel v1.4.7
    Checking rocket_http v0.5.0-rc.1
    Checking tempfile v3.2.0
    Checking mio v0.6.23
    Checking ignore v0.4.18
    Checking async-stream v0.3.2
    Checking futures v0.3.15
   Compiling pest_generator v2.1.3
    Checking unic-ucd-segment v0.9.0
    Checking ubyte v0.10.1
    Checking tokio-stream v0.1.7
    Checking inotify-sys v0.1.5
    Checking atty v0.2.14
    Checking lazycell v1.3.0
    Checking deunicode v0.4.3
    Checking binascii v0.1.4
    Checking slug v0.1.4
    Checking mio-extras v2.0.6
    Checking inotify v0.7.1
   Compiling pest_derive v2.1.0
    Checking unic-segment v0.9.0
    Checking globwalk v0.8.1
    Checking filetime v0.2.14
    Checking humansize v1.1.1
    Checking constant_time_eq v0.1.5
    Checking arrayref v0.3.6
    Checking arrayvec v0.5.2
    Checking notify v4.0.17
   Compiling rocket_sync_db_pools_codegen v0.1.0-rc.1
    Checking blake2b_simd v0.5.11
    Checking normpath v0.3.0
    Checking rust-argon2 v0.8.3
    Checking dotenv v0.15.0
   Compiling rocket_codegen v0.5.0-rc.1
    Checking tera v1.12.1
    Checking rocket_dyn_templates v0.1.0-rc.1
    Checking migrations_internals v1.4.1
    Checking rocket_sync_db_pools v0.1.0-rc.1
   Compiling migrations_macros v1.4.2
error: linking with `cc` failed: exit status: 1
  |
  = note:  "cc" "-Wl,--version-script=/tmp/nix-shell.uUVugk/r4gus_solid-broccoli_5gw4u_kl/target/debug/deps/rustcA2K7ER/list" "-Wl,--no-undefined-version" "-m64" "/tmp/nix-shell.uUVugk/r4gus_solid-broccoli_5gw4u_kl/target/debug/deps/rustcA2K7ER/symbols.o" "<4 object files omitted>" "/tmp/nix-shell.uUVugk/r4gus_solid-broccoli_5gw4u_kl/target/debug/deps/rustcA2K7ER/rmeta.o" "<1 object files omitted>" "-Wl,--as-needed" "-Wl,-Bstatic" "/tmp/nix-shell.uUVugk/r4gus_solid-broccoli_5gw4u_kl/target/debug/deps/{libsyn-9645d73c667f4daf,libquote-e42712d86c804996,libproc_macro2-d8d231c413aef8f2,libunicode_xid-00eba0ed0e789dae}.rlib" "<sysroot>/lib/rustlib/x86_64-unknown-linux-gnu/lib/{libproc_macro-*,librustc_literal_escaper-*}.rlib" "/tmp/nix-shell.uUVugk/r4gus_solid-broccoli_5gw4u_kl/target/debug/deps/{libmigrations_internals-2bd35f1b8565e60b,libdiesel-9f31db4ccde3ca7d,libpq_sys-b6494ce58b3c34c2,libchrono-173e7bc461a1964d,libserde-e5cac94068ac54c7,libnum_integer-358a173a87ee80e3,libnum_traits-5601d2e233ffde0e,libtime-d5918716a98aaac0,libr2d2-eaafc4667f123581,libscheduled_thread_pool-7fed7f188969da86,libparking_lot-e53740acd90bb7f2,libparking_lot_core-6bf9a49a68a7687d,liblibc-1606d2bb2dd2720f,libsmallvec-a2fe6d698e915e19,liblock_api-36a629d501502a6f,libscopeguard-2df2a689e64016b1,libinstant-c9c1748aa7536acf,liblog-ca5a5c6c032f05e8,libcfg_if-51c511c8c5af069c,libbyteorder-c0a8ce3869280ab9,libbitflags-7ac72ee85ee3eef3}.rlib" "<sysroot>/lib/rustlib/x86_64-unknown-linux-gnu/lib/{libstd-*,libpanic_unwind-*,libobject-*,libmemchr-*,libaddr2line-*,libgimli-*,libcfg_if-*,librustc_demangle-*,libstd_detect-*,libhashbrown-*,librustc_std_workspace_alloc-*,libminiz_oxide-*,libadler2-*,libunwind-*,liblibc-*,librustc_std_workspace_core-*,liballoc-*,libcore-*,libcompiler_builtins-*}.rlib" "-Wl,-Bdynamic" "-lpq" "-lgcc_s" "-lutil" "-lrt" "-lpthread" "-lm" "-ldl" "-lc" "-L" "/tmp/nix-shell.uUVugk/r4gus_solid-broccoli_5gw4u_kl/target/debug/deps/rustcA2K7ER/raw-dylibs" "-B<sysroot>/lib/rustlib/x86_64-unknown-linux-gnu/bin/gcc-ld" "-fuse-ld=lld" "-Wl,--eh-frame-hdr" "-Wl,-z,noexecstack" "-L" "<sysroot>/lib/rustlib/x86_64-unknown-linux-gnu/lib" "-o" "/tmp/nix-shell.uUVugk/r4gus_solid-broccoli_5gw4u_kl/target/debug/deps/libmigrations_macros-ba8e3b1048cb1bdd.so" "-Wl,--gc-sections" "-shared" "-Wl,-z,relro,-z,now" "-Wl,--strip-debug" "-nodefaultlibs"
  = note: some arguments are omitted. use `--verbose` to show all linker arguments
  = note: rust-lld: error: unable to find library -lpq
          collect2: error: ld returned 1 exit status
          

error: could not compile `migrations_macros` (lib) due to 1 previous error
