Running as unit: run-p2553117-i15133223.scope; invocation ID: 65d3a5924df24273b0a1e9cdbb98a134
    Blocking waiting for file lock on package cache
    Blocking waiting for file lock on package cache
   Compiling proc-macro2 v1.0.89
   Compiling unicode-ident v1.0.13
   Compiling libc v0.2.161
   Compiling autocfg v1.4.0
    Checking cfg-if v1.0.0
   Compiling version_check v0.9.5
   Compiling serde v1.0.214
   Compiling libm v0.2.11
   Compiling shlex v1.3.0
   Compiling crossbeam-utils v0.8.20
   Compiling num-traits v0.2.19
    Checking either v1.13.0
   Compiling quote v1.0.37
   Compiling siphasher v0.3.11
    Checking crossbeam-epoch v0.9.18
   Compiling jobserver v0.1.32
   Compiling phf_shared v0.11.2
    Checking byteorder v1.5.0
   Compiling syn v2.0.87
   Compiling regex-syntax v0.8.5
    Checking crossbeam-deque v0.8.5
   Compiling cc v1.1.34
   Compiling rand_core v0.6.4
    Checking getrandom v0.2.15
   Compiling rayon-core v1.12.1
   Compiling rand v0.8.5
    Checking once_cell v1.20.2
    Checking bytes v1.8.0
    Checking memchr v2.7.4
    Checking rayon v1.10.0
   Compiling phf_generator v0.11.2
   Compiling phf_codegen v0.11.2
    Checking iana-time-zone v0.1.61
    Checking allocator-api2 v0.2.18
   Compiling ahash v0.8.11
   Compiling regex-automata v0.4.8
   Compiling rustversion v1.0.18
    Checking static_assertions v1.1.0
   Compiling heck v0.5.0
   Compiling lock_api v0.4.12
   Compiling parking_lot_core v0.9.10
    Checking phf v0.11.2
    Checking smallvec v1.13.2
    Checking scopeguard v1.2.0
    Checking log v0.4.22
    Checking ryu v1.0.18
    Checking parking_lot v0.12.3
   Compiling pkg-config v0.3.31
    Checking aho-corasick v1.1.3
   Compiling regex v1.11.1
   Compiling parse-zoneinfo v0.3.1
   Compiling signal-hook v0.3.17
    Checking signal-hook-registry v1.4.2
    Checking itoa v1.0.11
    Checking mio v0.8.11
    Checking foldhash v0.1.3
    Checking equivalent v1.0.1
    Checking atoi v2.0.0
    Checking unicode-width v0.1.14
    Checking num-integer v0.1.46
    Checking signal-hook-mio v0.2.4
    Checking base64 v0.22.1
   Compiling chrono-tz-build v0.4.0
   Compiling zstd-sys v2.0.13+zstd.1.5.6
    Checking num-bigint v0.4.6
    Checking num-iter v0.1.45
    Checking num-complex v0.4.6
   Compiling chrono-tz v0.10.0
    Checking half v2.4.1
   Compiling zstd-safe v7.2.1
    Checking alloc-no-stdlib v2.0.4
    Checking alloc-stdlib v0.2.2
    Checking adler2 v2.0.0
    Checking miniz_oxide v0.8.0
    Checking num-rational v0.4.2
    Checking brotli-decompressor v4.0.1
    Checking num v0.4.3
    Checking arrow-buffer v53.2.0
    Checking lexical-util v1.0.3
   Compiling serde_derive v1.0.214
   Compiling zerocopy-derive v0.7.35
   Compiling strum_macros v0.26.4
    Checking crc32fast v1.4.2
   Compiling snap v1.1.1
    Checking percent-encoding v2.3.1
    Checking flate2 v1.0.34
    Checking pin-project-lite v0.2.15
   Compiling semver v1.0.23
    Checking lexical-parse-integer v1.0.2
    Checking lexical-write-integer v1.0.2
    Checking futures-core v0.3.31
    Checking zerocopy v0.7.35
    Checking lexical-write-float v1.0.2
    Checking lexical-parse-float v1.0.2
   Compiling slab v0.4.9
    Checking futures-sink v0.3.31
    Checking ppv-lite86 v0.2.20
    Checking lexical-core v1.0.2
   Compiling rustc_version v0.4.1
   Compiling tokio-macros v2.4.0
    Checking rand_chacha v0.3.1
    Checking tinyvec_macros v0.1.1
    Checking futures-io v0.3.31
   Compiling serde_json v1.0.132
    Checking strum v0.26.3
    Checking tinyvec v1.8.0
   Compiling flatbuffers v24.3.25
    Checking tokio v1.41.0
    Checking futures-channel v0.3.31
   Compiling futures-macro v0.3.31
    Checking pin-utils v0.1.0
    Checking futures-task v0.3.31
    Checking twox-hash v1.6.3
    Checking unicode-normalization v0.1.24
    Checking unicode-bidi v0.3.17
    Checking bitflags v1.3.2
    Checking futures-util v0.3.31
    Checking idna v0.5.0
    Checking lz4_flex v0.11.3
    Checking form_urlencoded v1.2.1
   Compiling snafu-derive v0.8.5
   Compiling tracing-attributes v0.1.27
    Checking csv-core v0.1.11
    Checking tracing-core v0.1.32
   Compiling paste v1.0.15
    Checking same-file v1.0.6
   Compiling thiserror v1.0.66
    Checking tracing v0.1.40
    Checking walkdir v2.5.0
    Checking url v2.5.2
   Compiling async-trait v0.1.83
    Checking snafu v0.8.5
   Compiling thiserror-impl v1.0.66
    Checking futures-executor v0.3.31
    Checking futures v0.3.31
   Compiling psm v0.1.23
    Checking ordered-float v2.10.1
    Checking chrono v0.4.38
    Checking bitflags v2.6.0
    Checking hashbrown v0.14.5
    Checking hashbrown v0.15.0
    Checking crossterm v0.27.0
    Checking arrow-schema v53.2.0
    Checking indexmap v2.6.0
    Checking comfy-table v7.1.1
    Checking csv v1.3.0
    Checking arrow-data v53.2.0
    Checking itertools v0.13.0
    Checking integer-encoding v3.0.4
    Checking lazy_static v1.5.0
    Checking humantime v2.1.0
    Checking thrift v0.17.0
    Checking brotli v7.0.0
   Compiling sqlparser_derive v0.2.2
   Compiling stacker v0.1.17
   Compiling target-features v0.1.6
    Checking array-init-cursor v0.2.0
   Compiling seq-macro v0.3.5
    Checking planus v0.3.1
    Checking sqlparser v0.51.0
    Checking object_store v0.11.1
    Checking num_cpus v1.16.0
   Compiling syn v1.0.109
   Compiling chrono-tz-build v0.2.1
    Checking polars-arrow-format v0.1.0
   Compiling bytemuck_derive v1.8.0
    Checking castaway v0.2.3
   Compiling polars-utils v0.44.2
    Checking simdutf8 v0.1.5
    Checking compact_str v0.8.0
    Checking zstd v0.13.2
   Compiling chrono-tz v0.8.6
    Checking polars-error v0.44.2
    Checking arrow-array v53.2.0
    Checking raw-cpuid v11.2.0
    Checking memmap2 v0.7.1
    Checking bytemuck v1.19.0
   Compiling polars-schema v0.44.2
   Compiling polars-arrow v0.44.2
    Checking unicode-segmentation v1.12.0
    Checking dyn-clone v1.0.17
    Checking fast-float v0.2.0
    Checking itoap v1.0.1
   Compiling rustix v0.38.38
    Checking streaming-iterator v0.1.9
    Checking arrow-select v53.2.0
    Checking arrow-arith v53.2.0
    Checking arrow-row v53.2.0
    Checking atoi_simd v0.15.6
    Checking arrow-cast v53.2.0
    Checking arrow-string v53.2.0
    Checking arrow-ord v53.2.0
    Checking ethnum v1.5.0
    Checking strength_reduce v0.2.4
   Compiling polars-compute v0.44.2
    Checking linux-raw-sys v0.4.14
   Compiling typenum v1.17.0
    Checking hex v0.4.3
    Checking arrow-ipc v53.2.0
    Checking arrow-json v53.2.0
    Checking arrow-csv v53.2.0
   Compiling lz4-sys v1.11.1+lz4-1.10.0
   Compiling generic-array v0.14.7
   Compiling polars-core v0.44.2
    Checking rand_distr v0.4.3
   Compiling polars-ops v0.44.2
    Checking parquet v53.2.0
    Checking arrow v53.2.0
    Checking xxhash-rust v0.8.12
    Checking fixedbitset v0.4.2
    Checking unicode-reverse v1.0.9
    Checking petgraph v0.6.5
    Checking argminmax v0.6.2
    Checking fallible-streaming-iterator v0.1.9
    Checking fastrand v2.1.1
    Checking streaming-decompression v0.1.2
    Checking now v0.1.3
    Checking tempfile v3.13.0
    Checking dashmap v6.1.0
   Compiling multiversion-macros v0.7.4
    Checking brotli v6.0.0
    Checking glob v0.3.1
    Checking polars-parquet-format v0.1.0
    Checking utf8parse v0.2.2
    Checking block-buffer v0.10.4
    Checking crypto-common v0.1.6
error[E0271]: type mismatch resolving `[i32] == ScalarBuffer<i32>`
   --> /home/adwin/.cargo/registry/src/mirrors.tuna.tsinghua.edu.cn-4dc01642fd091eda/parquet-53.2.0/src/arrow/arrow_writer/mod.rs:821:44
    |
821 |                     write_primitive(typed, array.values(), levels)
    |                                            ^^^^^^^^^^^^^^ types differ

error[E0271]: type mismatch resolving `[i32] == ScalarBuffer<i32>`
   --> /home/adwin/.cargo/registry/src/mirrors.tuna.tsinghua.edu.cn-4dc01642fd091eda/parquet-53.2.0/src/arrow/arrow_writer/mod.rs:835:44
    |
835 |                     write_primitive(typed, array.values(), levels)
    |                                            ^^^^^^^^^^^^^^ types differ

error[E0271]: type mismatch resolving `[i32] == ScalarBuffer<i32>`
   --> /home/adwin/.cargo/registry/src/mirrors.tuna.tsinghua.edu.cn-4dc01642fd091eda/parquet-53.2.0/src/arrow/arrow_writer/mod.rs:842:44
    |
842 |                     write_primitive(typed, array.values(), levels)
    |                                            ^^^^^^^^^^^^^^ types differ

error[E0271]: type mismatch resolving `[i32] == ScalarBuffer<i32>`
   --> /home/adwin/.cargo/registry/src/mirrors.tuna.tsinghua.edu.cn-4dc01642fd091eda/parquet-53.2.0/src/arrow/arrow_writer/mod.rs:847:44
    |
847 |                     write_primitive(typed, array.values(), levels)
    |                                            ^^^^^^^^^^^^^^ types differ

error[E0271]: type mismatch resolving `[i64] == ScalarBuffer<i64>`
   --> /home/adwin/.cargo/registry/src/mirrors.tuna.tsinghua.edu.cn-4dc01642fd091eda/parquet-53.2.0/src/arrow/arrow_writer/mod.rs:863:44
    |
863 |                     write_primitive(typed, array.values(), levels)
    |                                            ^^^^^^^^^^^^^^ types differ

error[E0271]: type mismatch resolving `[i64] == ScalarBuffer<i64>`
   --> /home/adwin/.cargo/registry/src/mirrors.tuna.tsinghua.edu.cn-4dc01642fd091eda/parquet-53.2.0/src/arrow/arrow_writer/mod.rs:877:44
    |
877 |                     write_primitive(typed, array.values(), levels)
    |                                            ^^^^^^^^^^^^^^ types differ

error[E0271]: type mismatch resolving `[i64] == ScalarBuffer<i64>`
   --> /home/adwin/.cargo/registry/src/mirrors.tuna.tsinghua.edu.cn-4dc01642fd091eda/parquet-53.2.0/src/arrow/arrow_writer/mod.rs:884:44
    |
884 |                     write_primitive(typed, array.values(), levels)
    |                                            ^^^^^^^^^^^^^^ types differ

error[E0271]: type mismatch resolving `[i64] == ScalarBuffer<i64>`
   --> /home/adwin/.cargo/registry/src/mirrors.tuna.tsinghua.edu.cn-4dc01642fd091eda/parquet-53.2.0/src/arrow/arrow_writer/mod.rs:889:44
    |
889 |                     write_primitive(typed, array.values(), levels)
    |                                            ^^^^^^^^^^^^^^ types differ

error[E0271]: type mismatch resolving `[f32] == ScalarBuffer<f32>`
   --> /home/adwin/.cargo/registry/src/mirrors.tuna.tsinghua.edu.cn-4dc01642fd091eda/parquet-53.2.0/src/arrow/arrow_writer/mod.rs:898:36
    |
898 |             write_primitive(typed, array.values(), levels)
    |                                    ^^^^^^^^^^^^^^ types differ

error[E0271]: type mismatch resolving `[f64] == ScalarBuffer<f64>`
   --> /home/adwin/.cargo/registry/src/mirrors.tuna.tsinghua.edu.cn-4dc01642fd091eda/parquet-53.2.0/src/arrow/arrow_writer/mod.rs:902:36
    |
902 |             write_primitive(typed, array.values(), levels)
    |                                    ^^^^^^^^^^^^^^ types differ

   Compiling recursive-proc-macro-impl v0.1.1
   Compiling polars-plan v0.44.2
    Checking multiversion v0.7.4
    Checking home v0.5.9
    Checking subtle v2.6.1
    Checking recursive v0.1.1
    Checking digest v0.10.7
   Compiling lzma-sys v0.1.20
   Compiling bzip2-sys v0.1.11+1.0.8
   Compiling blake3 v1.5.4
    Checking anstyle-parse v0.2.6
    Checking datafusion-common-runtime v43.0.0
   Compiling vte_generate_state_changes v0.1.2
   Compiling polars-lazy v0.44.2
    Checking anstyle v1.0.10
    Checking is_terminal_polyfill v1.70.1
    Checking anstyle-query v1.1.2
    Checking arrayref v0.3.9
    Checking constant_time_eq v0.3.1
    Checking cpufeatures v0.2.14
    Checking colorchoice v1.0.3
For more information about this error, try `rustc --explain E0271`.
    Checking arrayvec v0.7.6
error: could not compile `parquet` (lib) due to 10 previous errors
warning: build failed, waiting for other jobs to finish...
