Running as unit: run-p2562042-i15142148.scope; invocation ID: d38af17429d748e08df55c688cba747b
    Blocking waiting for file lock on package cache
    Blocking waiting for file lock on package cache
   Compiling proc-macro2 v1.0.94
   Compiling unicode-ident v1.0.18
   Compiling libc v0.2.171
   Compiling serde v1.0.219
   Compiling autocfg v1.4.0
    Checking cfg-if v1.0.0
   Compiling version_check v0.9.5
   Compiling typenum v1.18.0
    Checking pin-project-lite v0.2.16
    Checking memchr v2.7.4
   Compiling generic-array v0.14.7
    Checking futures-core v0.3.31
    Checking log v0.4.26
   Compiling lock_api v0.4.12
   Compiling parking_lot_core v0.9.10
   Compiling slab v0.4.9
   Compiling quote v1.0.40
   Compiling shlex v1.3.0
    Checking itoa v1.0.15
    Checking once_cell v1.21.1
    Checking futures-io v0.3.31
   Compiling jobserver v0.1.32
    Checking bytes v1.10.1
   Compiling syn v2.0.100
   Compiling crossbeam-utils v0.8.21
    Checking scopeguard v1.2.0
   Compiling cc v1.2.16
   Compiling thiserror v2.0.12
   Compiling zerocopy v0.8.23
    Checking futures-sink v0.3.31
    Checking tracing-core v0.1.33
    Checking stable_deref_trait v1.2.0
    Checking subtle v2.6.1
    Checking socket2 v0.5.8
    Checking mio v1.0.3
    Checking signal-hook-registry v1.4.2
   Compiling num-traits v0.2.19
    Checking writeable v0.5.5
    Checking equivalent v1.0.2
    Checking allocator-api2 v0.2.21
   Compiling pkg-config v0.3.32
    Checking foldhash v0.1.5
    Checking crypto-common v0.1.6
    Checking block-buffer v0.10.4
    Checking litemap v0.7.5
    Checking digest v0.10.7
    Checking hashbrown v0.15.2
   Compiling serde_json v1.0.140
    Checking parking v2.2.1
    Checking futures-channel v0.3.31
    Checking pin-utils v0.1.0
   Compiling getrandom v0.3.2
    Checking futures-task v0.3.31
    Checking icu_locid_transform_data v1.5.0
    Checking concurrent-queue v2.5.0
    Checking getrandom v0.2.15
    Checking cpufeatures v0.2.17
    Checking icu_properties_data v1.5.0
    Checking minimal-lexical v0.2.1
    Checking percent-encoding v2.3.1
    Checking indexmap v2.8.0
    Checking block-padding v0.3.3
    Checking nom v7.1.3
    Checking icu_normalizer_data v1.5.0
    Checking utf16_iter v1.0.5
    Checking utf8_iter v1.0.4
    Checking write16 v1.0.0
    Checking inout v0.1.4
   Compiling time-core v0.1.4
    Checking ryu v1.0.20
   Compiling num-conv v0.1.0
    Checking powerfmt v0.2.0
    Checking fnv v1.0.7
    Checking zeroize v1.8.1
    Checking ppv-lite86 v0.2.21
    Checking deranged v0.4.0
   Compiling time-macros v0.2.21
    Checking cipher v0.4.4
    Checking form_urlencoded v1.2.1
    Checking base64ct v1.7.3
    Checking event-listener v5.4.0
   Compiling ring v0.17.14
    Checking pem-rfc7468 v0.7.0
    Checking hmac v0.12.1
    Checking const-oid v0.9.6
    Checking flagset v0.4.6
    Checking rustls-pki-types v1.11.0
    Checking sha2 v0.10.8
   Compiling synstructure v0.13.1
    Checking time v0.3.40
   Compiling openssl-src v300.4.2+3.4.1
   Compiling vcpkg v0.2.15
    Checking openssl-probe v0.1.6
    Checking atomic-waker v1.1.2
    Checking rusticata-macros v4.1.0
    Checking rand_core v0.9.3
   Compiling openssl-sys v0.9.107
    Checking untrusted v0.9.0
   Compiling crunchy v0.2.3
    Checking rand_chacha v0.9.0
    Checking num-integer v0.1.46
   Compiling serde_derive v1.0.219
   Compiling displaydoc v0.2.5
   Compiling zerofrom-derive v0.1.6
   Compiling yoke-derive v0.7.5
   Compiling zerovec-derive v0.10.3
   Compiling tracing-attributes v0.1.28
   Compiling icu_provider_macros v1.5.0
   Compiling thiserror-impl v2.0.12
    Checking zerofrom v0.1.6
    Checking yoke v0.7.5
    Checking zerovec v0.10.4
    Checking tracing v0.1.41
   Compiling tokio-macros v2.5.0
   Compiling futures-macro v0.3.31
    Checking tinystr v0.7.6
    Checking icu_locid v1.5.0
    Checking futures-util v0.3.31
    Checking icu_provider v1.5.0
    Checking icu_locid_transform v1.5.0
    Checking icu_collections v1.5.0
    Checking icu_properties v1.5.1
   Compiling der_derive v0.7.3
    Checking smallvec v1.14.0
    Checking bitflags v2.9.0
    Checking parking_lot v0.12.3
    Checking icu_normalizer v1.5.0
    Checking tokio v1.44.2
    Checking idna_adapter v1.2.0
    Checking idna v1.0.3
    Checking der v0.7.9
    Checking url v2.5.4
   Compiling asn1-rs-impl v0.2.0
   Compiling asn1-rs-derive v0.6.0
    Checking spki v0.7.3
   Compiling tiny-keccak v2.0.2
   Compiling oid-registry v0.8.1
    Checking asn1-rs v0.7.1
    Checking fastrand v2.3.0
   Compiling httparse v1.10.1
    Checking x509-cert v0.2.5
    Checking num-bigint v0.4.6
    Checking rand v0.9.0
   Compiling async-trait v0.1.88
    Checking rustls-pemfile v2.2.0
    Checking pbkdf2 v0.12.2
    Checking event-listener-strategy v0.5.3
    Checking salsa20 v0.10.2
    Checking http v1.3.1
    Checking sha1 v0.10.6
    Checking tokio-util v0.7.14
   Compiling zstd-sys v2.0.14+zstd.1.5.7
   Compiling rustls v0.23.25
    Checking cookie-factory v0.3.2
   Compiling rustix v0.38.44
   Compiling tinyvec_macros v0.1.1
    Checking hex v0.4.3
   Compiling tinyvec v1.9.0
    Checking der-parser v10.0.0
    Checking scrypt v0.11.0
    Checking cms v0.2.3
    Checking rustls-webpki v0.103.0
    Checking futures-lite v2.6.0
    Checking either v1.15.0
    Checking aes v0.8.4
    Checking cbc v0.1.2
   Compiling rand_core v0.6.4
   Compiling iana-time-zone v0.1.61
   Compiling rustix v1.0.3
    Checking data-encoding v2.8.0
   Compiling crc-catalog v2.4.0
    Checking foreign-types-shared v0.1.1
   Compiling openssl v0.10.72
   Compiling ucd-trie v0.1.7
    Checking lazy_static v1.5.0
    Checking linux-raw-sys v0.4.15
   Compiling io-lifetimes v1.0.11
    Checking x509-parser v0.17.0
   Compiling tokio-stream v0.1.17
   Compiling pest v2.7.15
    Checking foreign-types v0.3.2
   Compiling crc v3.2.1
   Compiling chrono v0.4.40
    Checking pkcs5 v0.7.1
   Compiling rand_chacha v0.3.1
    Checking pkcs12 v0.1.0
   Compiling futures-intrusive v0.5.0
   Compiling const-random-macro v0.1.16
   Compiling unicode-normalization v0.1.24
    Checking http-body v1.0.1
    Checking rustls-native-certs v0.7.3
   Compiling hashlink v0.10.0
    Checking rustls-webpki v0.102.8
   Compiling crossbeam-queue v0.3.12
   Compiling openssl-macros v0.1.1
    Checking rc2 v0.8.1
    Checking des v0.8.1
   Compiling polling v2.8.0
    Checking encoding_rs v0.8.35
   Compiling rustix v0.37.28
    Checking alloc-no-stdlib v2.0.4
   Compiling zstd-safe v7.2.3
    Checking local-waker v0.1.4
   Compiling unicode-bidi v0.3.18
   Compiling unicode-properties v0.1.3
    Checking async-task v4.7.1
    Checking base64 v0.22.1
   Compiling uuid v1.16.0
    Checking try-lock v0.2.5
   Compiling linux-raw-sys v0.9.3
   Compiling native-tls v0.2.14
   Compiling sqlx-core v0.8.3
    Checking want v0.3.1
   Compiling stringprep v0.1.5
    Checking rustls-connector v0.20.1
    Checking alloc-stdlib v0.2.2
    Checking p12-keystore v0.1.4
   Compiling hkdf v0.12.4
    Checking const-random v0.1.18
   Compiling rand v0.8.5
    Checking polling v3.7.4
   Compiling pest_meta v2.7.15
    Checking amq-protocol-types v7.2.2
    Checking h2 v0.4.8
   Compiling atoi v2.0.0
    Checking async-channel v2.3.1
    Checking async-lock v3.4.0
    Checking piper v0.2.4
   Compiling md-5 v0.10.6
    Checking http v0.2.12
    Checking aho-corasick v1.1.3
   Compiling async-io v1.13.0
   Compiling dotenvy v0.15.7
    Checking bitflags v1.3.2
    Checking regex-syntax v0.8.5
   Compiling crc16 v0.4.0
   Compiling unicode-xid v0.2.6
    Checking adler2 v2.0.0
   Compiling whoami v1.5.2
    Checking linux-raw-sys v0.3.8
    Checking tower-service v0.3.3
   Compiling byteorder v1.5.0
    Checking event-listener v2.5.3
   Compiling home v0.5.11
    Checking fastrand v1.9.0
   Compiling doc-comment v0.3.3
    Checking waker-fn v1.2.0
    Checking futures-lite v1.13.0
    Checking hyper v1.6.0
   Compiling sqlx-postgres v0.8.3
    Checking regex-automata v0.4.9
    Checking async-lock v2.8.0
   Compiling tempfile v3.19.0
    Checking miniz_oxide v0.8.5
   Compiling derive_more-impl v2.0.1
    Checking async-io v2.4.0
    Checking blocking v1.6.1
    Checking amq-protocol-uri v7.2.2
   Compiling pest_generator v2.7.15
    Checking dlv-list v0.5.2
    Checking tcp-stream v0.28.0
    Checking brotli-decompressor v4.0.2
    Checking async-executor v1.13.1
    Checking actix-utils v3.0.1
    Checking actix-rt v2.10.0
    Checking serde_spanned v0.6.8
    Checking toml_datetime v0.6.8
   Compiling bytestring v1.4.0
    Checking spin v0.9.8
    Checking socket2 v0.4.10
    Checking actix-service v2.0.3
   Compiling cookie v0.16.2
    Checking crc32fast v1.4.2
   Compiling heck v0.5.0
   Compiling amq-protocol v7.2.2
   Compiling regex-lite v0.1.6
   Compiling semver v1.0.26
    Checking winnow v0.7.4
    Checking mime v0.3.17
    Checking hashbrown v0.14.5
   Compiling actix-router v0.5.3
    Checking ordered-multimap v0.7.3
    Checking derive_more v2.0.1
   Compiling sqlx-macros-core v0.8.3
    Checking flate2 v1.1.0
    Checking flume v0.11.1
    Checking brotli v7.0.0
    Checking async-global-executor v3.1.0
    Checking zstd v0.13.3
    Checking toml_edit v0.22.24
    Checking amq-protocol-tcp v7.2.2
   Compiling pest_derive v2.7.15
    Checking regex v1.11.1
    Checking hyper-util v0.1.10
    Checking h2 v0.3.26
    Checking local-channel v0.1.5
    Checking http-body-util v0.1.3
    Checking bytes-utils v0.1.4
    Checking actix-codec v0.5.2
    Checking reactor-trait v1.1.0
    Checking executor-trait v2.1.2
    Checking futures-executor v0.3.31
    Checking serde_urlencoded v0.7.1
    Checking sync_wrapper v1.0.2
    Checking unicode-segmentation v1.12.0
    Checking language-tags v0.3.2
   Compiling lapin v2.5.3
    Checking tower-layer v0.3.3
    Checking base64 v0.21.7
    Checking httpdate v1.0.3
    Checking arraydeque v0.5.1
    Checking trim-in-place v0.1.7
    Checking rust-ini v0.21.1
    Checking yaml-rust2 v0.10.0
    Checking ron v0.8.1
    Checking convert_case v0.6.0
    Checking tower v0.5.2
    Checking futures v0.3.31
    Checking async-global-executor-trait v2.2.0
    Checking async-reactor-trait v1.1.0
    Checking redis-protocol v6.0.0
    Checking toml v0.8.20
    Checking pinky-swear v6.2.0
   Compiling sqlx-macros v0.8.3
    Checking actix-http v3.10.0
    Checking json5 v0.4.1
   Compiling actix-web-codegen v4.3.0
    Checking actix-server v2.5.1
   Compiling actix-macros v0.2.4
   Compiling fred-macros v0.1.0
    Checking float-cmp v0.10.0
    Checking ipnet v2.11.0
    Checking urlencoding v2.1.3
    Checking impl-more v0.1.9
    Checking pathdiff v0.2.3
    Checking arc-swap v1.7.1
    Checking config v0.15.11
    Checking sqlx v0.8.3
    Checking fred v10.1.0
    Checking actix-web v4.10.2
error[E0275]: overflow evaluating the requirement `Box<Pinky<std::result::Result<channel::Channel, error::Error>>>: CoerceUnsized<Box<dyn Cancellable<...> + Send>>`
    --> /home/adwin/.cargo/registry/src/mirrors.tuna.tsinghua.edu.cn-4dc01642fd091eda/lapin-2.5.3/src/generated.rs:1250:17
     |
1250 |                 Box::new(resolver),
     |                 ^^^^^^^^^^^^^^^^^^
     |
     = help: consider increasing the recursion limit by adding a `#![recursion_limit = "256"]` attribute to your crate (`lapin`)
     = note: required for the cast from `Box<Pinky<std::result::Result<channel::Channel, error::Error>>>` to `Box<(dyn Cancellable<error::Error> + Send + 'static)>`

error[E0275]: overflow evaluating the requirement `PinkySwear<std::result::Result<channel::Channel, error::Error>>: IntoFuture`
    --> /home/adwin/.cargo/registry/src/mirrors.tuna.tsinghua.edu.cn-4dc01642fd091eda/lapin-2.5.3/src/generated.rs:1254:17
     |
1254 |         promise.await
     |                 ^^^^^
     |
     = help: consider increasing the recursion limit by adding a `#![recursion_limit = "256"]` attribute to your crate (`lapin`)

error[E0275]: overflow evaluating the requirement `<PinkySwear<std::result::Result<channel::Channel, error::Error>> as IntoFuture>::IntoFuture == _`
    --> /home/adwin/.cargo/registry/src/mirrors.tuna.tsinghua.edu.cn-4dc01642fd091eda/lapin-2.5.3/src/generated.rs:1254:17
     |
1254 |         promise.await
     |                 ^^^^^
     |
     = help: consider increasing the recursion limit by adding a `#![recursion_limit = "256"]` attribute to your crate (`lapin`)

error[E0275]: overflow evaluating the requirement `<PinkySwear<std::result::Result<channel::Channel, error::Error>> as IntoFuture>::IntoFuture <: _`
    --> /home/adwin/.cargo/registry/src/mirrors.tuna.tsinghua.edu.cn-4dc01642fd091eda/lapin-2.5.3/src/generated.rs:1254:17
     |
1254 |         promise.await
     |                 ^^^^^
     |
     = help: consider increasing the recursion limit by adding a `#![recursion_limit = "256"]` attribute to your crate (`lapin`)

error[E0275]: overflow evaluating the requirement `<PinkySwear<std::result::Result<channel::Channel, error::Error>> as IntoFuture>::IntoFuture well-formed`
    --> /home/adwin/.cargo/registry/src/mirrors.tuna.tsinghua.edu.cn-4dc01642fd091eda/lapin-2.5.3/src/generated.rs:1254:17
     |
1254 |         promise.await
     |                 ^^^^^
     |
     = help: consider increasing the recursion limit by adding a `#![recursion_limit = "256"]` attribute to your crate (`lapin`)

error[E0275]: overflow evaluating the requirement `Pin<Box<impl Future<Output = ()>>>: CoerceUnsized<Pin<Box<dyn Future<Output = ()> + Send>>>`
   --> /home/adwin/.cargo/registry/src/mirrors.tuna.tsinghua.edu.cn-4dc01642fd091eda/lapin-2.5.3/src/connection.rs:405:24
    |
405 |         executor.spawn(Box::pin(internal_rpc.run(channels.clone())));
    |                        ^^^^^^^^^^^^^^^^^^^^^^^^^^^^^^^^^^^^^^^^^^^^
    |
    = help: consider increasing the recursion limit by adding a `#![recursion_limit = "256"]` attribute to your crate (`lapin`)
    = note: required for the cast from `Pin<Box<impl Future<Output = ()>>>` to `Pin<Box<(dyn Future<Output = ()> + Send + 'static)>>`

error[E0275]: overflow evaluating the requirement `{closure@/home/adwin/.cargo/registry/src/mirrors.tuna.tsinghua.edu.cn-4dc01642fd091eda/lapin-2.5.3/src/io_loop.rs:165:24: 165:31}: Send`
   --> /home/adwin/.cargo/registry/src/mirrors.tuna.tsinghua.edu.cn-4dc01642fd091eda/lapin-2.5.3/src/io_loop.rs:165:18
    |
165 |                 .spawn(move || {
    |                  ^^^^^
    |
    = help: consider increasing the recursion limit by adding a `#![recursion_limit = "256"]` attribute to your crate (`lapin`)
note: required by a bound in `Builder::spawn`
   --> /home/adwin/.rustup/toolchains/nightly-x86_64-unknown-linux-gnu/lib/rustlib/src/rust/library/std/src/thread/builder.rs:188:12
    |
185 |     pub fn spawn<F, T>(self, f: F) -> io::Result<JoinHandle<T>>
    |            ----- required by a bound in this associated function
...
188 |         F: Send + 'static,
    |            ^^^^ required by this bound in `Builder::spawn`

error[E0275]: overflow evaluating the requirement `Pin<Box<{async block@/home/adwin/.cargo/registry/src/mirrors.tuna.tsinghua.edu.cn-4dc01642fd091eda/lapin-2.5.3/src/heartbeat.rs:50:38: 50:48}>>: CoerceUnsized<Pin<Box<dyn Future<Output = ()> + Send>>>`
  --> /home/adwin/.cargo/registry/src/mirrors.tuna.tsinghua.edu.cn-4dc01642fd091eda/lapin-2.5.3/src/heartbeat.rs:50:29
   |
50 |           self.executor.spawn(Box::pin(async move {
   |  _____________________________^
51 | |             while let Some(dur) = heartbeat.poll_timeout() {
52 | |                 heartbeat.reactor.sleep(dur).await;
53 | |             }
54 | |         }));
   | |__________^
   |
   = help: consider increasing the recursion limit by adding a `#![recursion_limit = "256"]` attribute to your crate (`lapin`)
   = note: required for the cast from `Pin<Box<...>>` to `Pin<Box<dyn Future<Output = ()> + Send>>`
   = note: the full name for the type has been written to '/tmp/nix-shell.uUVugk/roger-oliver_person-db_n8_3sck9/target/debug/deps/lapin-914af9bbd53ac4f4.long-type-5501712888944241760.txt'
   = note: consider using `--verbose` to print the full type name to the console

error[E0275]: overflow evaluating the requirement `{async block@/home/adwin/.cargo/registry/src/mirrors.tuna.tsinghua.edu.cn-4dc01642fd091eda/lapin-2.5.3/src/channel.rs:525:52: 525:62}: Send`
   --> /home/adwin/.cargo/registry/src/mirrors.tuna.tsinghua.edu.cn-4dc01642fd091eda/lapin-2.5.3/src/channel.rs:525:27
    |
525 |         self.internal_rpc.register_internal_future(async move {
    |                           ^^^^^^^^^^^^^^^^^^^^^^^^
    |
    = help: consider increasing the recursion limit by adding a `#![recursion_limit = "256"]` attribute to your crate (`lapin`)
note: required by a bound in `InternalRPCHandle::register_internal_future`
   --> /home/adwin/.cargo/registry/src/mirrors.tuna.tsinghua.edu.cn-4dc01642fd091eda/lapin-2.5.3/src/internal_rpc.rs:150:47
    |
148 |     pub(crate) fn register_internal_future(
    |                   ------------------------ required by a bound in this associated function
149 |         &self,
150 |         f: impl Future<Output = Result<()>> + Send + 'static,
    |                                               ^^^^ required by this bound in `InternalRPCHandle::register_internal_future`

error[E0275]: overflow evaluating the requirement `{async block@/home/adwin/.cargo/registry/src/mirrors.tuna.tsinghua.edu.cn-4dc01642fd091eda/lapin-2.5.3/src/channel.rs:704:56: 704:66}: Send`
   --> /home/adwin/.cargo/registry/src/mirrors.tuna.tsinghua.edu.cn-4dc01642fd091eda/lapin-2.5.3/src/channel.rs:704:31
    |
704 |             self.internal_rpc.register_internal_future(async move {
    |                               ^^^^^^^^^^^^^^^^^^^^^^^^
    |
    = help: consider increasing the recursion limit by adding a `#![recursion_limit = "256"]` attribute to your crate (`lapin`)
note: required by a bound in `InternalRPCHandle::register_internal_future`
   --> /home/adwin/.cargo/registry/src/mirrors.tuna.tsinghua.edu.cn-4dc01642fd091eda/lapin-2.5.3/src/internal_rpc.rs:150:47
    |
148 |     pub(crate) fn register_internal_future(
    |                   ------------------------ required by a bound in this associated function
149 |         &self,
150 |         f: impl Future<Output = Result<()>> + Send + 'static,
    |                                               ^^^^ required by this bound in `InternalRPCHandle::register_internal_future`

error[E0275]: overflow evaluating the requirement `{async block@/home/adwin/.cargo/registry/src/mirrors.tuna.tsinghua.edu.cn-4dc01642fd091eda/lapin-2.5.3/src/channel.rs:735:56: 735:66}: Send`
   --> /home/adwin/.cargo/registry/src/mirrors.tuna.tsinghua.edu.cn-4dc01642fd091eda/lapin-2.5.3/src/channel.rs:735:31
    |
735 |             self.internal_rpc.register_internal_future(async move {
    |                               ^^^^^^^^^^^^^^^^^^^^^^^^
    |
    = help: consider increasing the recursion limit by adding a `#![recursion_limit = "256"]` attribute to your crate (`lapin`)
note: required by a bound in `InternalRPCHandle::register_internal_future`
   --> /home/adwin/.cargo/registry/src/mirrors.tuna.tsinghua.edu.cn-4dc01642fd091eda/lapin-2.5.3/src/internal_rpc.rs:150:47
    |
148 |     pub(crate) fn register_internal_future(
    |                   ------------------------ required by a bound in this associated function
149 |         &self,
150 |         f: impl Future<Output = Result<()>> + Send + 'static,
    |                                               ^^^^ required by this bound in `InternalRPCHandle::register_internal_future`

error[E0275]: overflow evaluating the requirement `{async block@/home/adwin/.cargo/registry/src/mirrors.tuna.tsinghua.edu.cn-4dc01642fd091eda/lapin-2.5.3/src/channel.rs:768:56: 768:66}: Send`
   --> /home/adwin/.cargo/registry/src/mirrors.tuna.tsinghua.edu.cn-4dc01642fd091eda/lapin-2.5.3/src/channel.rs:768:31
    |
768 |             self.internal_rpc.register_internal_future(async move {
    |                               ^^^^^^^^^^^^^^^^^^^^^^^^
    |
    = help: consider increasing the recursion limit by adding a `#![recursion_limit = "256"]` attribute to your crate (`lapin`)
note: required by a bound in `InternalRPCHandle::register_internal_future`
   --> /home/adwin/.cargo/registry/src/mirrors.tuna.tsinghua.edu.cn-4dc01642fd091eda/lapin-2.5.3/src/internal_rpc.rs:150:47
    |
148 |     pub(crate) fn register_internal_future(
    |                   ------------------------ required by a bound in this associated function
149 |         &self,
150 |         f: impl Future<Output = Result<()>> + Send + 'static,
    |                                               ^^^^ required by this bound in `InternalRPCHandle::register_internal_future`

error[E0275]: overflow evaluating the requirement `{async block@/home/adwin/.cargo/registry/src/mirrors.tuna.tsinghua.edu.cn-4dc01642fd091eda/lapin-2.5.3/src/channel.rs:868:52: 868:62}: Send`
   --> /home/adwin/.cargo/registry/src/mirrors.tuna.tsinghua.edu.cn-4dc01642fd091eda/lapin-2.5.3/src/channel.rs:868:27
    |
868 |         self.internal_rpc.register_internal_future(async move {
    |                           ^^^^^^^^^^^^^^^^^^^^^^^^
    |
    = help: consider increasing the recursion limit by adding a `#![recursion_limit = "256"]` attribute to your crate (`lapin`)
note: required by a bound in `InternalRPCHandle::register_internal_future`
   --> /home/adwin/.cargo/registry/src/mirrors.tuna.tsinghua.edu.cn-4dc01642fd091eda/lapin-2.5.3/src/internal_rpc.rs:150:47
    |
148 |     pub(crate) fn register_internal_future(
    |                   ------------------------ required by a bound in this associated function
149 |         &self,
150 |         f: impl Future<Output = Result<()>> + Send + 'static,
    |                                               ^^^^ required by this bound in `InternalRPCHandle::register_internal_future`

error[E0275]: overflow evaluating the requirement `{async block@/home/adwin/.cargo/registry/src/mirrors.tuna.tsinghua.edu.cn-4dc01642fd091eda/lapin-2.5.3/src/channel.rs:900:39: 900:49}: Send`
   --> /home/adwin/.cargo/registry/src/mirrors.tuna.tsinghua.edu.cn-4dc01642fd091eda/lapin-2.5.3/src/channel.rs:900:14
    |
900 |             .register_internal_future(async move { channel.channel_close_ok(error).await });
    |              ^^^^^^^^^^^^^^^^^^^^^^^^
    |
    = help: consider increasing the recursion limit by adding a `#![recursion_limit = "256"]` attribute to your crate (`lapin`)
note: required by a bound in `InternalRPCHandle::register_internal_future`
   --> /home/adwin/.cargo/registry/src/mirrors.tuna.tsinghua.edu.cn-4dc01642fd091eda/lapin-2.5.3/src/internal_rpc.rs:150:47
    |
148 |     pub(crate) fn register_internal_future(
    |                   ------------------------ required by a bound in this associated function
149 |         &self,
150 |         f: impl Future<Output = Result<()>> + Send + 'static,
    |                                               ^^^^ required by this bound in `InternalRPCHandle::register_internal_future`

error[E0275]: overflow evaluating the requirement `{async block@/home/adwin/.cargo/registry/src/mirrors.tuna.tsinghua.edu.cn-4dc01642fd091eda/lapin-2.5.3/src/channel.rs:1130:56: 1130:66}: Send`
    --> /home/adwin/.cargo/registry/src/mirrors.tuna.tsinghua.edu.cn-4dc01642fd091eda/lapin-2.5.3/src/channel.rs:1130:31
     |
1130 |             self.internal_rpc.register_internal_future(async move {
     |                               ^^^^^^^^^^^^^^^^^^^^^^^^
     |
     = help: consider increasing the recursion limit by adding a `#![recursion_limit = "256"]` attribute to your crate (`lapin`)
note: required by a bound in `InternalRPCHandle::register_internal_future`
    --> /home/adwin/.cargo/registry/src/mirrors.tuna.tsinghua.edu.cn-4dc01642fd091eda/lapin-2.5.3/src/internal_rpc.rs:150:47
     |
 148 |     pub(crate) fn register_internal_future(
     |                   ------------------------ required by a bound in this associated function
 149 |         &self,
 150 |         f: impl Future<Output = Result<()>> + Send + 'static,
     |                                               ^^^^ required by this bound in `InternalRPCHandle::register_internal_future`

error[E0275]: overflow evaluating the requirement `{async block@/home/adwin/.cargo/registry/src/mirrors.tuna.tsinghua.edu.cn-4dc01642fd091eda/lapin-2.5.3/src/channels.rs:211:68: 211:78}: Send`
   --> /home/adwin/.cargo/registry/src/mirrors.tuna.tsinghua.edu.cn-4dc01642fd091eda/lapin-2.5.3/src/channels.rs:211:43
    |
211 |                         self.internal_rpc.register_internal_future(async move {
    |                                           ^^^^^^^^^^^^^^^^^^^^^^^^
    |
    = help: consider increasing the recursion limit by adding a `#![recursion_limit = "256"]` attribute to your crate (`lapin`)
note: required by a bound in `InternalRPCHandle::register_internal_future`
   --> /home/adwin/.cargo/registry/src/mirrors.tuna.tsinghua.edu.cn-4dc01642fd091eda/lapin-2.5.3/src/internal_rpc.rs:150:47
    |
148 |     pub(crate) fn register_internal_future(
    |                   ------------------------ required by a bound in this associated function
149 |         &self,
150 |         f: impl Future<Output = Result<()>> + Send + 'static,
    |                                               ^^^^ required by this bound in `InternalRPCHandle::register_internal_future`

error[E0275]: overflow evaluating the requirement `{async block@/home/adwin/.cargo/registry/src/mirrors.tuna.tsinghua.edu.cn-4dc01642fd091eda/lapin-2.5.3/src/channels.rs:234:68: 234:78}: Send`
   --> /home/adwin/.cargo/registry/src/mirrors.tuna.tsinghua.edu.cn-4dc01642fd091eda/lapin-2.5.3/src/channels.rs:234:43
    |
234 |                         self.internal_rpc.register_internal_future(async move {
    |                                           ^^^^^^^^^^^^^^^^^^^^^^^^
    |
    = help: consider increasing the recursion limit by adding a `#![recursion_limit = "256"]` attribute to your crate (`lapin`)
note: required by a bound in `InternalRPCHandle::register_internal_future`
   --> /home/adwin/.cargo/registry/src/mirrors.tuna.tsinghua.edu.cn-4dc01642fd091eda/lapin-2.5.3/src/internal_rpc.rs:150:47
    |
148 |     pub(crate) fn register_internal_future(
    |                   ------------------------ required by a bound in this associated function
149 |         &self,
150 |         f: impl Future<Output = Result<()>> + Send + 'static,
    |                                               ^^^^ required by this bound in `InternalRPCHandle::register_internal_future`

error[E0275]: overflow evaluating the requirement `{async block@/home/adwin/.cargo/registry/src/mirrors.tuna.tsinghua.edu.cn-4dc01642fd091eda/lapin-2.5.3/src/internal_rpc.rs:241:25: 241:35}: Send`
   --> /home/adwin/.cargo/registry/src/mirrors.tuna.tsinghua.edu.cn-4dc01642fd091eda/lapin-2.5.3/src/internal_rpc.rs:240:33
    |
240 |                     self.handle.register_internal_future_with_resolver(
    |                                 ^^^^^^^^^^^^^^^^^^^^^^^^^^^^^^^^^^^^^^
    |
    = help: consider increasing the recursion limit by adding a `#![recursion_limit = "256"]` attribute to your crate (`lapin`)
note: required by a bound in `InternalRPCHandle::register_internal_future_with_resolver`
   --> /home/adwin/.cargo/registry/src/mirrors.tuna.tsinghua.edu.cn-4dc01642fd091eda/lapin-2.5.3/src/internal_rpc.rs:162:47
    |
160 |     fn register_internal_future_with_resolver(
    |        -------------------------------------- required by a bound in this associated function
161 |         &self,
162 |         f: impl Future<Output = Result<()>> + Send + 'static,
    |                                               ^^^^ required by this bound in `InternalRPCHandle::register_internal_future_with_resolver`

error[E0275]: overflow evaluating the requirement `{async block@/home/adwin/.cargo/registry/src/mirrors.tuna.tsinghua.edu.cn-4dc01642fd091eda/lapin-2.5.3/src/internal_rpc.rs:253:25: 253:35}: Send`
   --> /home/adwin/.cargo/registry/src/mirrors.tuna.tsinghua.edu.cn-4dc01642fd091eda/lapin-2.5.3/src/internal_rpc.rs:252:33
    |
252 |                     self.handle.register_internal_future_with_resolver(
    |                                 ^^^^^^^^^^^^^^^^^^^^^^^^^^^^^^^^^^^^^^
    |
    = help: consider increasing the recursion limit by adding a `#![recursion_limit = "256"]` attribute to your crate (`lapin`)
note: required by a bound in `InternalRPCHandle::register_internal_future_with_resolver`
   --> /home/adwin/.cargo/registry/src/mirrors.tuna.tsinghua.edu.cn-4dc01642fd091eda/lapin-2.5.3/src/internal_rpc.rs:162:47
    |
160 |     fn register_internal_future_with_resolver(
    |        -------------------------------------- required by a bound in this associated function
161 |         &self,
162 |         f: impl Future<Output = Result<()>> + Send + 'static,
    |                                               ^^^^ required by this bound in `InternalRPCHandle::register_internal_future_with_resolver`

error[E0275]: overflow evaluating the requirement `{async block@/home/adwin/.cargo/registry/src/mirrors.tuna.tsinghua.edu.cn-4dc01642fd091eda/lapin-2.5.3/src/internal_rpc.rs:265:25: 265:35}: Send`
   --> /home/adwin/.cargo/registry/src/mirrors.tuna.tsinghua.edu.cn-4dc01642fd091eda/lapin-2.5.3/src/internal_rpc.rs:264:33
    |
264 |                     self.handle.register_internal_future_with_resolver(
    |                                 ^^^^^^^^^^^^^^^^^^^^^^^^^^^^^^^^^^^^^^
    |
    = help: consider increasing the recursion limit by adding a `#![recursion_limit = "256"]` attribute to your crate (`lapin`)
note: required by a bound in `InternalRPCHandle::register_internal_future_with_resolver`
   --> /home/adwin/.cargo/registry/src/mirrors.tuna.tsinghua.edu.cn-4dc01642fd091eda/lapin-2.5.3/src/internal_rpc.rs:162:47
    |
160 |     fn register_internal_future_with_resolver(
    |        -------------------------------------- required by a bound in this associated function
161 |         &self,
162 |         f: impl Future<Output = Result<()>> + Send + 'static,
    |                                               ^^^^ required by this bound in `InternalRPCHandle::register_internal_future_with_resolver`

error[E0275]: overflow evaluating the requirement `{async block@/home/adwin/.cargo/registry/src/mirrors.tuna.tsinghua.edu.cn-4dc01642fd091eda/lapin-2.5.3/src/internal_rpc.rs:276:53: 276:63}: Send`
   --> /home/adwin/.cargo/registry/src/mirrors.tuna.tsinghua.edu.cn-4dc01642fd091eda/lapin-2.5.3/src/internal_rpc.rs:276:28
    |
276 |                     handle.register_internal_future(async move {
    |                            ^^^^^^^^^^^^^^^^^^^^^^^^
    |
    = help: consider increasing the recursion limit by adding a `#![recursion_limit = "256"]` attribute to your crate (`lapin`)
note: required by a bound in `InternalRPCHandle::register_internal_future`
   --> /home/adwin/.cargo/registry/src/mirrors.tuna.tsinghua.edu.cn-4dc01642fd091eda/lapin-2.5.3/src/internal_rpc.rs:150:47
    |
148 |     pub(crate) fn register_internal_future(
    |                   ------------------------ required by a bound in this associated function
149 |         &self,
150 |         f: impl Future<Output = Result<()>> + Send + 'static,
    |                                               ^^^^ required by this bound in `InternalRPCHandle::register_internal_future`

error[E0275]: overflow evaluating the requirement `{async block@/home/adwin/.cargo/registry/src/mirrors.tuna.tsinghua.edu.cn-4dc01642fd091eda/lapin-2.5.3/src/internal_rpc.rs:289:53: 289:63}: Send`
   --> /home/adwin/.cargo/registry/src/mirrors.tuna.tsinghua.edu.cn-4dc01642fd091eda/lapin-2.5.3/src/internal_rpc.rs:289:28
    |
289 |                     handle.register_internal_future(async move {
    |                            ^^^^^^^^^^^^^^^^^^^^^^^^
    |
    = help: consider increasing the recursion limit by adding a `#![recursion_limit = "256"]` attribute to your crate (`lapin`)
note: required by a bound in `InternalRPCHandle::register_internal_future`
   --> /home/adwin/.cargo/registry/src/mirrors.tuna.tsinghua.edu.cn-4dc01642fd091eda/lapin-2.5.3/src/internal_rpc.rs:150:47
    |
148 |     pub(crate) fn register_internal_future(
    |                   ------------------------ required by a bound in this associated function
149 |         &self,
150 |         f: impl Future<Output = Result<()>> + Send + 'static,
    |                                               ^^^^ required by this bound in `InternalRPCHandle::register_internal_future`

error[E0275]: overflow evaluating the requirement `{async block@/home/adwin/.cargo/registry/src/mirrors.tuna.tsinghua.edu.cn-4dc01642fd091eda/lapin-2.5.3/src/internal_rpc.rs:295:53: 295:63}: Send`
   --> /home/adwin/.cargo/registry/src/mirrors.tuna.tsinghua.edu.cn-4dc01642fd091eda/lapin-2.5.3/src/internal_rpc.rs:295:28
    |
295 |                     handle.register_internal_future(async move {
    |                            ^^^^^^^^^^^^^^^^^^^^^^^^
    |
    = help: consider increasing the recursion limit by adding a `#![recursion_limit = "256"]` attribute to your crate (`lapin`)
note: required by a bound in `InternalRPCHandle::register_internal_future`
   --> /home/adwin/.cargo/registry/src/mirrors.tuna.tsinghua.edu.cn-4dc01642fd091eda/lapin-2.5.3/src/internal_rpc.rs:150:47
    |
148 |     pub(crate) fn register_internal_future(
    |                   ------------------------ required by a bound in this associated function
149 |         &self,
150 |         f: impl Future<Output = Result<()>> + Send + 'static,
    |                                               ^^^^ required by this bound in `InternalRPCHandle::register_internal_future`

error[E0275]: overflow evaluating the requirement `{async block@/home/adwin/.cargo/registry/src/mirrors.tuna.tsinghua.edu.cn-4dc01642fd091eda/lapin-2.5.3/src/internal_rpc.rs:303:53: 303:63}: Send`
   --> /home/adwin/.cargo/registry/src/mirrors.tuna.tsinghua.edu.cn-4dc01642fd091eda/lapin-2.5.3/src/internal_rpc.rs:303:28
    |
303 |                     handle.register_internal_future(async move {
    |                            ^^^^^^^^^^^^^^^^^^^^^^^^
    |
    = help: consider increasing the recursion limit by adding a `#![recursion_limit = "256"]` attribute to your crate (`lapin`)
note: required by a bound in `InternalRPCHandle::register_internal_future`
   --> /home/adwin/.cargo/registry/src/mirrors.tuna.tsinghua.edu.cn-4dc01642fd091eda/lapin-2.5.3/src/internal_rpc.rs:150:47
    |
148 |     pub(crate) fn register_internal_future(
    |                   ------------------------ required by a bound in this associated function
149 |         &self,
150 |         f: impl Future<Output = Result<()>> + Send + 'static,
    |                                               ^^^^ required by this bound in `InternalRPCHandle::register_internal_future`

For more information about this error, try `rustc --explain E0275`.
error: could not compile `lapin` (lib) due to 24 previous errors
warning: build failed, waiting for other jobs to finish...
