Running as unit: run-p741099-i4934790.scope; invocation ID: 851ff50345fc4e9babb5039f47426ed0
   Compiling proc-macro2 v1.0.103
   Compiling unicode-ident v1.0.22
   Compiling quote v1.0.41
   Compiling serde v1.0.228
   Compiling serde_core v1.0.228
    Checking cfg-if v1.0.4
   Compiling libc v0.2.177
    Checking memchr v2.7.6
    Checking itoa v1.0.15
    Checking pin-project-lite v0.2.16
    Checking futures-core v0.3.31
    Checking smallvec v1.15.1
   Compiling parking_lot_core v0.9.12
    Checking futures-sink v0.3.31
    Checking scopeguard v1.2.0
   Compiling version_check v0.9.5
    Checking lock_api v0.4.14
    Checking futures-io v0.3.31
    Checking futures-channel v0.3.31
    Checking pin-utils v0.1.0
   Compiling thiserror v2.0.17
    Checking fnv v1.0.7
   Compiling typenum v1.19.0
   Compiling syn v2.0.108
   Compiling generic-array v0.14.9
    Checking log v0.4.28
    Checking slab v0.4.11
    Checking mio v1.1.0
    Checking socket2 v0.6.1
    Checking futures-task v0.3.31
    Checking parking_lot v0.12.5
   Compiling getrandom v0.3.4
    Checking stable_deref_trait v1.2.1
    Checking once_cell v1.21.3
    Checking ryu v1.0.20
   Compiling autocfg v1.5.0
   Compiling zerocopy v0.8.27
    Checking subtle v2.6.1
   Compiling num-traits v0.2.19
    Checking allocator-api2 v0.2.21
    Checking foldhash v0.1.5
    Checking equivalent v1.0.2
   Compiling httparse v1.10.1
    Checking hashbrown v0.15.2
    Checking tracing-core v0.1.34
    Checking block-buffer v0.10.4
    Checking crypto-common v0.1.6
    Checking digest v0.10.7
   Compiling serde_json v1.0.145
    Checking percent-encoding v2.3.2
    Checking rand_core v0.9.3
    Checking cpufeatures v0.2.17
    Checking base64 v0.22.1
    Checking litemap v0.8.1
    Checking writeable v0.6.2
    Checking form_urlencoded v1.2.2
   Compiling icu_normalizer_data v2.1.1
   Compiling find-msvc-tools v0.1.4
   Compiling shlex v1.3.0
    Checking tower-service v0.3.3
   Compiling icu_properties_data v2.1.1
   Compiling cc v1.2.43
   Compiling ucd-trie v0.1.7
    Checking httpdate v1.0.3
    Checking ppv-lite86 v0.2.21
   Compiling rustversion v1.0.22
    Checking rand_chacha v0.9.0
    Checking mime v0.3.17
    Checking rand v0.9.2
    Checking tower-layer v0.3.3
   Compiling thiserror v1.0.69
    Checking tinyvec_macros v0.1.1
    Checking tinyvec v1.10.0
    Checking sha1 v0.10.6
    Checking num-integer v0.1.46
   Compiling aho-corasick v1.1.3
   Compiling strsim v0.11.1
    Checking utf-8 v0.7.6
    Checking utf8_iter v1.0.4
    Checking data-encoding v2.9.0
   Compiling regex-syntax v0.8.5
   Compiling synstructure v0.13.2
   Compiling ident_case v1.0.1
    Checking atomic-waker v1.1.2
    Checking sync_wrapper v1.0.2
   Compiling darling_core v0.20.10
    Checking num-bigint v0.4.6
    Checking unicode-normalization v0.1.24
    Checking encoding_rs v0.8.35
    Checking powerfmt v0.2.0
   Compiling serde_derive v1.0.228
   Compiling tokio-macros v2.6.0
   Compiling thiserror-impl v2.0.17
   Compiling futures-macro v0.3.31
   Compiling zerofrom-derive v0.1.6
   Compiling yoke-derive v0.8.1
    Checking futures-util v0.3.31
   Compiling zerovec-derive v0.11.2
   Compiling displaydoc v0.2.5
   Compiling tracing-attributes v0.1.30
   Compiling pest v2.7.15
    Checking zerofrom v0.1.6
    Checking yoke v0.8.1
   Compiling thiserror-impl v1.0.69
    Checking zerovec v0.11.5
    Checking tinystr v0.8.2
    Checking icu_locale_core v2.1.1
    Checking tracing v0.1.41
    Checking potential_utf v0.1.4
    Checking zerotrie v0.2.3
    Checking icu_collections v2.1.1
   Compiling pest_meta v2.7.15
    Checking icu_provider v2.1.1
   Compiling regex-automata v0.4.9
   Compiling num-conv v0.1.0
    Checking unicode-bidi v0.3.18
    Checking bytes v1.10.1
    Checking indexmap v2.8.0
    Checking icu_properties v2.1.1
    Checking tokio v1.48.0
    Checking http v1.3.1
    Checking icu_normalizer v2.1.1
    Checking serde_urlencoded v0.7.1
    Checking idna_adapter v1.2.1
    Checking idna v1.1.0
    Checking http v0.2.12
    Checking http-body v1.0.1
    Checking http-body-util v0.1.3
    Checking tungstenite v0.28.0
    Checking bitflags v2.10.0
   Compiling rustix v1.0.3
   Compiling heck v0.5.0
   Compiling winnow v0.7.4
   Compiling toml_datetime v0.6.8
   Compiling time-core v0.1.4
    Checking unicode-properties v0.1.3
   Compiling time-macros v0.2.22
    Checking stringprep v0.1.5
   Compiling strum_macros v0.26.4
   Compiling async-graphql-value v7.0.17
   Compiling regex v1.11.1
    Checking axum-core v0.5.5
    Checking url v2.5.7
   Compiling pest_generator v2.7.15
   Compiling darling_macro v0.20.10
    Checking tokio-util v0.7.16
    Checking hyper v1.7.0
    Checking tower v0.5.2
    Checking tokio-tungstenite v0.28.0
   Compiling toml_edit v0.22.24
    Checking hyper-util v0.1.17
    Checking deranged v0.4.1
   Compiling async-trait v0.1.89
   Compiling ring v0.17.14
    Checking sha2 v0.10.9
    Checking md-5 v0.10.6
    Checking hmac v0.12.1
    Checking serde_path_to_error v0.1.20
   Compiling multer v3.1.0
    Checking adler2 v2.0.0
    Checking fallible-iterator v0.2.0
    Checking byteorder v1.5.0
    Checking try-lock v0.2.5
    Checking matchit v0.8.4
    Checking linux-raw-sys v0.9.3
   Compiling lazy_static v1.5.0
    Checking siphasher v1.0.1
    Checking time v0.3.41
    Checking phf_shared v0.13.1
   Compiling Inflector v0.11.4
    Checking postgres-protocol v0.6.9
   Compiling proc-macro-crate v3.3.0
    Checking want v0.3.1
    Checking miniz_oxide v0.8.5
   Compiling pest_derive v2.7.15
    Checking axum v0.8.6
    Checking h2 v0.3.26
   Compiling darling v0.20.10
   Compiling strum v0.26.3
   Compiling async-graphql-parser v7.0.17
    Checking http-body v0.4.6
   Compiling async-stream-impl v0.3.6
   Compiling tikv-jemalloc-sys v0.6.1+5.3.0-1-ge13ca993e8ccb9ba9847cc330696e02839f328f7
    Checking socket2 v0.5.8
    Checking getrandom v0.2.15
    Checking crc32fast v1.4.2
    Checking untrusted v0.9.0
    Checking iana-time-zone v0.1.61
    Checking base64 v0.21.7
   Compiling ref-cast v1.0.24
    Checking fastrand v2.3.0
    Checking ascii_utils v0.9.3
    Checking spin v0.9.8
    Checking fast_chemail v0.9.6
    Checking tempfile v3.19.1
    Checking chrono v0.4.40
    Checking flate2 v1.1.0
    Checking async-stream v0.3.6
    Checking handlebars v5.1.2
    Checking hyper v0.14.32
   Compiling async-graphql-derive v7.0.17
    Checking simple_asn1 v0.6.3
    Checking postgres-types v0.2.11
    Checking phf v0.13.1
    Checking combine v4.6.7
    Checking bb8 v0.9.0
    Checking halfbrown v0.3.0
    Checking futures-executor v0.3.31
   Compiling ref-cast-impl v1.0.24
    Checking pem v3.0.5
    Checking float-cmp v0.10.0
    Checking lru v0.12.5
    Checking static_assertions_next v1.1.2
    Checking futures-timer v3.0.3
    Checking sync_wrapper v0.1.2
   Compiling anyhow v1.0.100
    Checking sha1_smol v1.0.1
    Checking whoami v1.6.1
    Checking ipnet v2.11.0
    Checking tokio-postgres v0.7.15
    Checking sharded-slab v0.1.7
    Checking reqwest v0.11.27
    Checking value-trait v0.11.0
    Checking jsonwebtoken v9.1.0
    Checking futures v0.3.31
    Checking async-compression v0.4.21
    Checking tokio-stream v0.1.17
    Checking tracing-log v0.2.0
    Checking thread_local v1.1.8
    Checking simdutf8 v0.1.5
    Checking nu-ansi-term v0.50.1
    Checking simd-json v0.15.1
    Checking tracing-subscriber v0.3.20
    Checking bb8-postgres v0.9.0
    Checking firebase-auth v0.5.1
    Checking tower-http v0.6.6
    Checking axum-extra v0.10.3
    Checking dotenvy v0.15.7
    Checking async-graphql v7.0.17
    Checking redis v0.32.7
error: failed to run custom build command for `tikv-jemalloc-sys v0.6.1+5.3.0-1-ge13ca993e8ccb9ba9847cc330696e02839f328f7`

Caused by:
  process didn't exit successfully: `/tmp/nix-shell.AaBijX/rust-dd_rust-axum-async-graphql-postgres-redis-starter_8j7vb72h/target/debug/build/tikv-jemalloc-sys-46cd70985bbfad7a/build-script-build` (exit status: 101)
  --- stdout
  TARGET=x86_64-unknown-linux-gnu
  HOST=x86_64-unknown-linux-gnu
  NUM_JOBS=6
  OUT_DIR="/tmp/nix-shell.AaBijX/rust-dd_rust-axum-async-graphql-postgres-redis-starter_8j7vb72h/target/debug/build/tikv-jemalloc-sys-6b6eb99df68cb4e0/out"
  BUILD_DIR="/tmp/nix-shell.AaBijX/rust-dd_rust-axum-async-graphql-postgres-redis-starter_8j7vb72h/target/debug/build/tikv-jemalloc-sys-6b6eb99df68cb4e0/out/build"
  SRC_DIR="/home/adwin/.cargo/registry/src/mirrors.tuna.tsinghua.edu.cn-4dc01642fd091eda/tikv-jemalloc-sys-0.6.1+5.3.0-1-ge13ca993e8ccb9ba9847cc330696e02839f328f7"
  cargo:rustc-cfg=prefixed
  cargo:rerun-if-env-changed=X86_64_UNKNOWN_LINUX_GNU_JEMALLOC_OVERRIDE
  cargo:rerun-if-env-changed=JEMALLOC_OVERRIDE
  OPT_LEVEL = Some(0)
  OUT_DIR = Some(/tmp/nix-shell.AaBijX/rust-dd_rust-axum-async-graphql-postgres-redis-starter_8j7vb72h/target/debug/build/tikv-jemalloc-sys-6b6eb99df68cb4e0/out)
  TARGET = Some(x86_64-unknown-linux-gnu)
  CARGO_ENCODED_RUSTFLAGS = Some(-Znext-solver)
  HOST = Some(x86_64-unknown-linux-gnu)
  cargo:rerun-if-env-changed=CC_x86_64-unknown-linux-gnu
  CC_x86_64-unknown-linux-gnu = None
  cargo:rerun-if-env-changed=CC_x86_64_unknown_linux_gnu
  CC_x86_64_unknown_linux_gnu = None
  cargo:rerun-if-env-changed=HOST_CC
  HOST_CC = None
  cargo:rerun-if-env-changed=CC
  CC = Some(gcc)
  cargo:rerun-if-env-changed=CC_KNOWN_WRAPPER_CUSTOM
  CC_KNOWN_WRAPPER_CUSTOM = None
  RUSTC_WRAPPER = None
  cargo:rerun-if-env-changed=CC_ENABLE_DEBUG_OUTPUT
  cargo:rerun-if-env-changed=CRATE_CC_NO_DEFAULTS
  CRATE_CC_NO_DEFAULTS = None
  DEBUG = Some(false)
  CARGO_CFG_TARGET_FEATURE = Some(fxsr,sse,sse2,x87)
  cargo:rerun-if-env-changed=CFLAGS
  CFLAGS = None
  cargo:rerun-if-env-changed=HOST_CFLAGS
  HOST_CFLAGS = None
  cargo:rerun-if-env-changed=CFLAGS_x86_64_unknown_linux_gnu
  CFLAGS_x86_64_unknown_linux_gnu = None
  cargo:rerun-if-env-changed=CFLAGS_x86_64-unknown-linux-gnu
  CFLAGS_x86_64-unknown-linux-gnu = None
  CC="gcc"
  CFLAGS="-O0 -ffunction-sections -fdata-sections -fPIC -m64 -Wall"
  JEMALLOC_REPO_DIR="jemalloc"
  cargo:rerun-if-env-changed=X86_64_UNKNOWN_LINUX_GNU_JEMALLOC_SYS_WITH_MALLOC_CONF
  cargo:rerun-if-env-changed=JEMALLOC_SYS_WITH_MALLOC_CONF
  cargo:rerun-if-env-changed=X86_64_UNKNOWN_LINUX_GNU_JEMALLOC_SYS_WITH_LG_PAGE
  cargo:rerun-if-env-changed=JEMALLOC_SYS_WITH_LG_PAGE
  cargo:rerun-if-env-changed=X86_64_UNKNOWN_LINUX_GNU_JEMALLOC_SYS_WITH_LG_HUGEPAGE
  cargo:rerun-if-env-changed=JEMALLOC_SYS_WITH_LG_HUGEPAGE
  cargo:rerun-if-env-changed=X86_64_UNKNOWN_LINUX_GNU_JEMALLOC_SYS_WITH_LG_QUANTUM
  cargo:rerun-if-env-changed=JEMALLOC_SYS_WITH_LG_QUANTUM
  cargo:rerun-if-env-changed=X86_64_UNKNOWN_LINUX_GNU_JEMALLOC_SYS_WITH_LG_VADDR
  cargo:rerun-if-env-changed=JEMALLOC_SYS_WITH_LG_VADDR
  --with-jemalloc-prefix=_rjem_
  CARGO_FEATURE_STATS not set
  running: cd "/tmp/nix-shell.AaBijX/rust-dd_rust-axum-async-graphql-postgres-redis-starter_8j7vb72h/target/debug/build/tikv-jemalloc-sys-6b6eb99df68cb4e0/out/build" && CC="gcc" CFLAGS="-O0 -ffunction-sections -fdata-sections -fPIC -m64 -Wall" CPPFLAGS="-O0 -ffunction-sections -fdata-sections -fPIC -m64 -Wall" LDFLAGS="-O0 -ffunction-sections -fdata-sections -fPIC -m64 -Wall" "sh" "/tmp/nix-shell.AaBijX/rust-dd_rust-axum-async-graphql-postgres-redis-starter_8j7vb72h/target/debug/build/tikv-jemalloc-sys-6b6eb99df68cb4e0/out/build/configure" "--with-version=5.3.0-1-ge13ca993e8ccb9ba9847cc330696e02839f328f7" "--disable-cxx" "--enable-doc=no" "--enable-shared=no" "--with-jemalloc-prefix=_rjem_" "--with-private-namespace=_rjem_" "--disable-stats" "--host=x86_64-unknown-linux-gnu" "--build=x86_64-unknown-linux-gnu" "--prefix=/tmp/nix-shell.AaBijX/rust-dd_rust-axum-async-graphql-postgres-redis-starter_8j7vb72h/target/debug/build/tikv-jemalloc-sys-6b6eb99df68cb4e0/out"
  checking for xsltproc... false
  checking for x86_64-unknown-linux-gnu-gcc... gcc
  checking whether the C compiler works... yes
  checking for C compiler default output file name... a.out
  checking for suffix of executables... 
  checking whether we are cross compiling... no
  checking for suffix of object files... o
  checking whether we are using the GNU C compiler... yes
  checking whether gcc accepts -g... yes
  checking for gcc option to accept ISO C89... none needed
  checking whether compiler is cray... no
  checking whether compiler supports -std=gnu11... yes
  checking whether compiler supports -Werror=unknown-warning-option... no
  checking whether compiler supports -Wall... yes
  checking whether compiler supports -Wextra... yes
  checking whether compiler supports -Wshorten-64-to-32... no
  checking whether compiler supports -Wsign-compare... yes
  checking whether compiler supports -Wundef... yes
  checking whether compiler supports -Wno-format-zero-length... yes
  checking whether compiler supports -Wpointer-arith... yes
  checking whether compiler supports -Wno-missing-braces... yes
  checking whether compiler supports -Wno-missing-field-initializers... yes
  checking whether compiler supports -Wno-missing-attributes... yes
  checking whether compiler supports -pipe... yes
  checking whether compiler supports -g3... yes
  checking how to run the C preprocessor... gcc -E
  checking for grep that handles long lines and -e... /nix/store/bc6zxzjnkjp4r9nhz5imy3cypvdh6r4n-gnugrep-3.12/bin/grep
  checking for egrep... /nix/store/bc6zxzjnkjp4r9nhz5imy3cypvdh6r4n-gnugrep-3.12/bin/grep -E
  checking for ANSI C header files... yes
  checking for sys/types.h... yes
  checking for sys/stat.h... yes
  checking for stdlib.h... yes
  checking for string.h... yes
  checking for memory.h... yes
  checking for strings.h... yes
  checking for inttypes.h... yes
  checking for stdint.h... yes
  checking for unistd.h... yes
  checking whether byte ordering is bigendian... no
  checking size of void *... 8
  checking size of int... 4
  checking size of long... 8
  checking size of long long... 8
  checking size of intmax_t... 8
  checking build system type... x86_64-unknown-linux-gnu
  checking host system type... x86_64-unknown-linux-gnu
  checking whether pause instruction is compilable... yes
  checking number of significant virtual address bits... 48
  checking for x86_64-unknown-linux-gnu-ar... ar
  checking for x86_64-unknown-linux-gnu-nm... nm
  checking for gawk... gawk
  checking malloc.h usability... yes
  checking malloc.h presence... yes
  checking for malloc.h... yes
  checking whether malloc_usable_size definition can use const argument... no
  checking for library containing log... -lm
  checking whether __attribute__ syntax is compilable... yes
  checking whether compiler supports -fvisibility=hidden... yes
  checking whether compiler supports -fvisibility=hidden... yes
  checking whether compiler supports -Werror... yes
  checking whether compiler supports -herror_on_warning... no
  checking whether tls_model attribute is compilable... yes
  checking whether compiler supports -Werror... yes
  checking whether compiler supports -herror_on_warning... no
  checking whether alloc_size attribute is compilable... no
  checking whether compiler supports -Werror... yes
  checking whether compiler supports -herror_on_warning... no
  checking whether format(gnu_printf, ...) attribute is compilable... no
  checking whether compiler supports -Werror... yes
  checking whether compiler supports -herror_on_warning... no
  checking whether format(printf, ...) attribute is compilable... no
  checking whether compiler supports -Werror... yes
  checking whether compiler supports -herror_on_warning... no
  checking whether format(printf, ...) attribute is compilable... no
  checking whether compiler supports -Wimplicit-fallthrough... yes
  checking whether fallthrough attribute is compilable... yes
  checking whether compiler supports -Wimplicit-fallthrough... yes
  checking whether compiler supports -Wimplicit-fallthrough... yes
  checking whether compiler supports -Werror... yes
  checking whether compiler supports -herror_on_warning... no
  checking whether cold attribute is compilable... yes
  checking whether vm_make_tag is compilable... no
  checking for a BSD-compatible install... /nix/store/psy9v2asypgl9ylg8cnzkixc7fv0snj0-coreutils-9.7/bin/install -c
  checking for x86_64-unknown-linux-gnu-ranlib... ranlib
  checking for ld... /nix/store/pbqah1qk4b5y14fqinr1h8zvhqy71v81-gcc-wrapper-14.3.0/bin/ld
  checking for autoconf... false
  checking for memalign... yes
  checking for valloc... yes
  checking for malloc_size... no
  checking whether compiler supports -O3... yes
  checking whether compiler supports -O3... yes
  checking whether compiler supports -funroll-loops... yes
  checking configured backtracing method... N/A
  checking for sbrk... yes
  checking whether utrace(2) is compilable... no
  checking whether utrace(2) with label is compilable... no
  checking whether a program using __builtin_unreachable is compilable... yes
  checking whether a program using __builtin_ffsl is compilable... yes
  checking whether a program using __builtin_popcountl is compilable... yes
  checking LG_PAGE... 12
  checking pthread.h usability... yes
  checking pthread.h presence... yes
  checking for pthread.h... yes
  checking for pthread_create in -lpthread... yes
  checking dlfcn.h usability... yes
  checking dlfcn.h presence... yes
  checking for dlfcn.h... yes
  checking for dlsym... yes
  checking whether pthread_atfork(3) is compilable... yes
  checking whether pthread_setname_np(3) is compilable... yes
  checking whether pthread_getname_np(3) is compilable... yes
  checking whether pthread_get_name_np(3) is compilable... no
  checking for library containing clock_gettime... none required
  checking whether clock_gettime(CLOCK_MONOTONIC_COARSE, ...) is compilable... yes
  checking whether clock_gettime(CLOCK_MONOTONIC, ...) is compilable... yes
  checking whether mach_absolute_time() is compilable... no
  checking whether clock_gettime(CLOCK_REALTIME, ...) is compilable... yes
  checking whether compiler supports -Werror... yes
  checking whether syscall(2) is compilable... no
  checking for secure_getenv... yes
  checking for sched_getcpu... yes
  checking for sched_setaffinity... yes
  checking for issetugid... no
  checking for _malloc_thread_cleanup... no
  checking for _pthread_mutex_init_calloc_cb... no
  checking for memcntl... no
  checking for TLS... yes
  checking whether C11 atomics is compilable... yes
  checking whether GCC __atomic atomics is compilable... yes
  checking whether GCC 8-bit __atomic atomics is compilable... yes
  checking whether GCC __sync atomics is compilable... yes
  checking whether GCC 8-bit __sync atomics is compilable... yes
  checking whether Darwin OSAtomic*() is compilable... no
  checking whether madvise(2) is compilable... yes
  checking whether madvise(..., MADV_FREE) is compilable... yes
  checking whether madvise(..., MADV_DONTNEED) is compilable... yes
  checking whether madvise(..., MADV_DO[NT]DUMP) is compilable... yes
  checking whether madvise(..., MADV_[NO]HUGEPAGE) is compilable... yes
  checking whether madvise(..., MADV_[NO]CORE) is compilable... no
  checking whether mprotect(2) is compilable... yes
  checking for __builtin_clz... yes
  checking whether Darwin os_unfair_lock_*() is compilable... no
  checking whether glibc malloc hook is compilable... no
  checking whether glibc memalign hook is compilable... no
  checking whether pthreads adaptive mutexes is compilable... yes
  checking whether compiler supports -D_GNU_SOURCE... yes
  checking whether compiler supports -Werror... yes
  checking whether compiler supports -herror_on_warning... no
  checking whether strerror_r returns char with gnu source is compilable... no
  checking whether strerror_r header only is compilable... no
  running: "tail" "-n" "100" "/tmp/nix-shell.AaBijX/rust-dd_rust-axum-async-graphql-postgres-redis-starter_8j7vb72h/target/debug/build/tikv-jemalloc-sys-6b6eb99df68cb4e0/out/build/config.log"
  target_alias=''

  ## ----------- ##
  ## confdefs.h. ##
  ## ----------- ##

  /* confdefs.h */
  #define PACKAGE_NAME ""
  #define PACKAGE_TARNAME ""
  #define PACKAGE_VERSION ""
  #define PACKAGE_STRING ""
  #define PACKAGE_BUGREPORT ""
  #define PACKAGE_URL ""
  #define JEMALLOC_HAS_RESTRICT
  #define STDC_HEADERS 1
  #define HAVE_SYS_TYPES_H 1
  #define HAVE_SYS_STAT_H 1
  #define HAVE_STDLIB_H 1
  #define HAVE_STRING_H 1
  #define HAVE_MEMORY_H 1
  #define HAVE_STRINGS_H 1
  #define HAVE_INTTYPES_H 1
  #define HAVE_STDINT_H 1
  #define HAVE_UNISTD_H 1
  #define SIZEOF_VOID_P 8
  #define LG_SIZEOF_PTR 3
  #define SIZEOF_INT 4
  #define LG_SIZEOF_INT 2
  #define SIZEOF_LONG 8
  #define LG_SIZEOF_LONG 3
  #define SIZEOF_LONG_LONG 8
  #define LG_SIZEOF_LONG_LONG 3
  #define SIZEOF_INTMAX_T 8
  #define LG_SIZEOF_INTMAX_T 3
  #define HAVE_CPU_SPINWAIT 1
  #define CPU_SPINWAIT __asm__ volatile("pause")
  #define LG_VADDR 48
  #define LG_VADDR 48
  #define JEMALLOC_PURGE_MADVISE_DONTNEED_ZEROS  
  #define JEMALLOC_HAS_ALLOCA_H  
  #define JEMALLOC_PROC_SYS_VM_OVERCOMMIT_MEMORY  
  #define JEMALLOC_THREADED_INIT  
  #define JEMALLOC_USE_CXX_THROW  
  #define HAVE_MALLOC_H 1
  #define JEMALLOC_USABLE_SIZE_CONST 
  #define JEMALLOC_HAVE_ATTR  
  #define JEMALLOC_HAVE_ATTR_FALLTHROUGH  
  #define JEMALLOC_HAVE_ATTR_COLD  
  #define JEMALLOC_PREFIX "_rjem_"
  #define JEMALLOC_CPREFIX "_RJEM_"
  #define JEMALLOC_OVERRIDE_MEMALIGN  
  #define JEMALLOC_OVERRIDE_VALLOC  
  #define JEMALLOC_PRIVATE_NAMESPACE _rjem_je_
  #define JEMALLOC_CONFIG_MALLOC_CONF ""
  #define JEMALLOC_MAPS_COALESCE  
  #define JEMALLOC_RETAIN  
  #define JEMALLOC_ZERO_REALLOC_DEFAULT_FREE  
  #define JEMALLOC_DSS  
  #define JEMALLOC_FILL  
  #define JEMALLOC_CACHE_OBLIVIOUS  
  #define JEMALLOC_INTERNAL_UNREACHABLE __builtin_unreachable
  #define JEMALLOC_INTERNAL_FFSLL __builtin_ffsll
  #define JEMALLOC_INTERNAL_FFSL __builtin_ffsl
  #define JEMALLOC_INTERNAL_FFS __builtin_ffs
  #define JEMALLOC_INTERNAL_POPCOUNT __builtin_popcount
  #define JEMALLOC_INTERNAL_POPCOUNTL __builtin_popcountl
  #define JEMALLOC_INTERNAL_POPCOUNTLL __builtin_popcountll
  #define LG_PAGE 12
  #define LG_HUGEPAGE 21
  #define JEMALLOC_HAVE_PTHREAD  
  #define HAVE_PTHREAD_H 1
  #define HAVE_DLFCN_H 1
  #define JEMALLOC_HAVE_DLSYM  
  #define JEMALLOC_HAVE_PTHREAD_ATFORK  
  #define JEMALLOC_HAVE_PTHREAD_SETNAME_NP  
  #define JEMALLOC_HAVE_PTHREAD_GETNAME_NP  
  #define JEMALLOC_HAVE_CLOCK_MONOTONIC_COARSE  
  #define JEMALLOC_HAVE_CLOCK_MONOTONIC  
  #define JEMALLOC_HAVE_CLOCK_REALTIME  
  #define JEMALLOC_HAVE_SECURE_GETENV  
  #define JEMALLOC_HAVE_SCHED_GETCPU  
  #define JEMALLOC_HAVE_SCHED_SETAFFINITY  
  #define JEMALLOC_TLS
  #define JEMALLOC_C11_ATOMICS  
  #define JEMALLOC_GCC_ATOMIC_ATOMICS  
  #define JEMALLOC_GCC_U8_ATOMIC_ATOMICS  
  #define JEMALLOC_GCC_SYNC_ATOMICS  
  #define JEMALLOC_GCC_U8_SYNC_ATOMICS  
  #define JEMALLOC_HAVE_MADVISE  
  #define JEMALLOC_PURGE_MADVISE_FREE  
  #define JEMALLOC_PURGE_MADVISE_DONTNEED  
  #define JEMALLOC_MADVISE_DONTDUMP  
  #define JEMALLOC_HAVE_MADVISE_HUGE  
  #define JEMALLOC_HAVE_MPROTECT  
  #define JEMALLOC_HAVE_BUILTIN_CLZ  
  #define JEMALLOC_TLS_MODEL __attribute__((tls_model("initial-exec")))
  #define JEMALLOC_BACKGROUND_THREAD  
  #define JEMALLOC_HAVE_PTHREAD_MUTEX_ADAPTIVE_NP  

  configure: exit 1

  --- stderr
  configure: error: cannot determine return type of strerror_r

  thread 'main' (744026) panicked at /home/adwin/.cargo/registry/src/mirrors.tuna.tsinghua.edu.cn-4dc01642fd091eda/tikv-jemalloc-sys-0.6.1+5.3.0-1-ge13ca993e8ccb9ba9847cc330696e02839f328f7/build.rs:411:9:
  command did not execute successfully: cd "/tmp/nix-shell.AaBijX/rust-dd_rust-axum-async-graphql-postgres-redis-starter_8j7vb72h/target/debug/build/tikv-jemalloc-sys-6b6eb99df68cb4e0/out/build" && CC="gcc" CFLAGS="-O0 -ffunction-sections -fdata-sections -fPIC -m64 -Wall" CPPFLAGS="-O0 -ffunction-sections -fdata-sections -fPIC -m64 -Wall" LDFLAGS="-O0 -ffunction-sections -fdata-sections -fPIC -m64 -Wall" "sh" "/tmp/nix-shell.AaBijX/rust-dd_rust-axum-async-graphql-postgres-redis-starter_8j7vb72h/target/debug/build/tikv-jemalloc-sys-6b6eb99df68cb4e0/out/build/configure" "--with-version=5.3.0-1-ge13ca993e8ccb9ba9847cc330696e02839f328f7" "--disable-cxx" "--enable-doc=no" "--enable-shared=no" "--with-jemalloc-prefix=_rjem_" "--with-private-namespace=_rjem_" "--disable-stats" "--host=x86_64-unknown-linux-gnu" "--build=x86_64-unknown-linux-gnu" "--prefix=/tmp/nix-shell.AaBijX/rust-dd_rust-axum-async-graphql-postgres-redis-starter_8j7vb72h/target/debug/build/tikv-jemalloc-sys-6b6eb99df68cb4e0/out"
  expected success, got: exit status: 1
  note: run with `RUST_BACKTRACE=1` environment variable to display a backtrace
warning: build failed, waiting for other jobs to finish...
