Running as unit: run-p335082-i12915611.scope; invocation ID: cac8e9457ab54f97939b77976b9edae3
warning: only one of `license` or `license-file` is necessary
`license` should be used if the package license can be expressed with a standard SPDX expression.
`license-file` should be used if the package uses a non-standard license.
See https://doc.rust-lang.org/cargo/reference/manifest.html#the-license-and-license-file-fields for more information.
 Downloading crates ...
  Downloaded minijinja v2.5.0 (registry `tuna`)
   Compiling proc-macro2 v1.0.92
   Compiling unicode-ident v1.0.14
   Compiling autocfg v1.4.0
   Compiling libc v0.2.167
   Compiling version_check v0.9.5
   Compiling serde v1.0.215
    Checking cfg-if v1.0.0
   Compiling typenum v1.17.0
    Checking memchr v2.7.4
   Compiling shlex v1.3.0
   Compiling lock_api v0.4.12
   Compiling slab v0.4.9
   Compiling cc v1.2.2
   Compiling generic-array v0.14.7
   Compiling stable_deref_trait v1.2.0
   Compiling crossbeam-utils v0.8.20
    Checking pin-project-lite v0.2.15
    Checking futures-core v0.3.31
   Compiling num-traits v0.2.19
   Compiling quote v1.0.37
   Compiling ahash v0.8.11
    Checking smallvec v1.13.2
    Checking itoa v1.0.14
   Compiling syn v2.0.90
    Checking scopeguard v1.2.0
   Compiling parking_lot_core v0.9.10
    Checking once_cell v1.20.2
   Compiling litemap v0.7.4
    Checking bytes v1.9.0
   Compiling writeable v0.5.5
    Checking futures-sink v0.3.31
   Compiling serde_json v1.0.133
   Compiling icu_locid_transform_data v1.5.0
    Checking socket2 v0.5.8
    Checking mio v1.0.3
   Compiling thiserror v1.0.69
    Checking futures-task v0.3.31
    Checking pin-utils v0.1.0
    Checking futures-io v0.3.31
   Compiling icu_properties_data v1.5.0
    Checking futures-util v0.3.31
    Checking spin v0.9.8
   Compiling pkg-config v0.3.31
   Compiling utf16_iter v1.0.5
   Compiling vcpkg v0.2.15
   Compiling paste v1.0.15
   Compiling write16 v1.0.0
   Compiling utf8_iter v1.0.4
   Compiling icu_normalizer_data v1.5.0
   Compiling ring v0.17.8
   Compiling libsqlite3-sys v0.30.1
    Checking ryu v1.0.18
   Compiling percent-encoding v2.3.1
   Compiling zerocopy v0.7.35
   Compiling form_urlencoded v1.2.1
   Compiling crypto-common v0.1.6
   Compiling block-buffer v0.10.4
    Checking futures-channel v0.3.31
    Checking tracing-core v0.1.33
   Compiling allocator-api2 v0.2.21
    Checking log v0.4.22
    Checking rustls-pki-types v1.10.0
   Compiling minimal-lexical v0.2.1
    Checking fnv v1.0.7
    Checking http v1.1.0
   Compiling synstructure v0.13.1
   Compiling tokio v1.41.1
   Compiling nom v7.1.3
   Compiling hashbrown v0.14.5
   Compiling parking_lot v0.12.3
   Compiling digest v0.10.7
   Compiling zerofrom-derive v0.1.5
   Compiling yoke-derive v0.7.5
   Compiling zerovec-derive v0.10.3
   Compiling displaydoc v0.2.5
   Compiling icu_provider_macros v1.5.0
   Compiling serde_derive v1.0.215
   Compiling zerofrom v0.1.5
    Checking yoke v0.7.5
   Compiling tracing-attributes v0.1.28
   Compiling tokio-macros v2.4.0
   Compiling zerovec v0.10.4
   Compiling tinystr v0.7.6
   Compiling icu_locid v1.5.0
    Checking icu_provider v1.5.0
   Compiling icu_collections v1.5.0
    Checking icu_locid_transform v1.5.0
   Compiling thiserror-impl v1.0.69
    Checking icu_properties v1.5.1
    Checking tracing v0.1.41
   Compiling concurrent-queue v2.5.0
    Checking icu_normalizer v1.5.0
    Checking getrandom v0.2.15
   Compiling crc-catalog v2.4.0
    Checking idna_adapter v1.2.0
    Checking untrusted v0.9.0
   Compiling equivalent v1.0.1
   Compiling httparse v1.9.5
   Compiling hashbrown v0.15.2
   Compiling rustix v0.38.41
   Compiling parking v2.2.1
   Compiling iana-time-zone v0.1.61
   Compiling cpufeatures v0.2.16
   Compiling unicode_categories v0.1.1
   Compiling sha2 v0.10.8
   Compiling indexmap v2.7.0
   Compiling sqlformat v0.2.6
   Compiling chrono v0.4.38
   Compiling either v1.13.0
   Compiling event-listener v5.3.1
   Compiling idna v1.0.3
   Compiling url v2.5.4
   Compiling crc v3.2.1
   Compiling tokio-stream v0.1.16
   Compiling futures-intrusive v0.5.0
   Compiling hashlink v0.9.1
    Checking http-body v1.0.1
   Compiling atoi v2.0.0
   Compiling crossbeam-queue v0.3.11
   Compiling hex v0.4.3
   Compiling rustls v0.23.19
   Compiling heck v0.5.0
   Compiling linux-raw-sys v0.4.14
   Compiling byteorder v1.5.0
   Compiling bitflags v2.6.0
    Checking try-lock v0.2.5
    Checking want v0.3.1
   Compiling flume v0.11.1
    Checking rustls-webpki v0.102.8
   Compiling serde_urlencoded v0.7.1
   Compiling futures-executor v0.3.31
    Checking subtle v2.6.1
    Checking zeroize v1.8.1
    Checking utf8parse v0.2.2
   Compiling fastrand v2.2.0
   Compiling tempfile v3.14.0
    Checking anstyle-parse v0.2.6
    Checking hyper v1.5.1
    Checking dirs-sys-next v0.1.2
    Checking anstyle v1.0.10
    Checking colorchoice v1.0.3
    Checking anstyle-query v1.1.2
   Compiling dotenvy v0.15.7
    Checking tower-service v0.3.3
    Checking is_terminal_polyfill v1.70.1
    Checking anstream v0.6.18
    Checking hyper-util v0.1.10
    Checking dirs-next v2.0.0
    Checking webpki-roots v0.26.7
    Checking csv-core v0.1.11
    Checking aho-corasick v1.1.3
    Checking strsim v0.11.1
   Compiling sqlx-core v0.8.2
    Checking tokio-rustls v0.26.0
    Checking regex-syntax v0.8.5
    Checking clap_lex v0.7.3
    Checking hyper-rustls v0.27.3
    Checking clap_builder v4.5.21
    Checking csv v1.3.1
    Checking term v0.7.0
   Compiling clap_derive v4.5.18
    Checking http-body-util v0.1.2
    Checking rustls-pemfile v2.2.0
    Checking is-terminal v0.4.13
    Checking sync_wrapper v1.0.2
    Checking encode_unicode v1.0.0
    Checking regex-automata v0.4.9
    Checking lazy_static v1.5.0
    Checking ipnet v2.10.1
    Checking base64 v0.22.1
    Checking mime v0.3.17
    Checking unicode-width v0.1.14
    Checking reqwest v0.12.9
    Checking prettytable-rs v0.10.0
    Checking minijinja v2.5.0
    Checking clap v4.5.21
   Compiling sqlx-sqlite v0.8.2
    Checking regex v1.11.1
error[E0283]: type annotations needed
   --> /home/adwin/.cargo/registry/src/mirrors.tuna.tsinghua.edu.cn-4dc01642fd091eda/minijinja-2.5.0/src/environment.rs:701:34
    |
701 |             .insert(name.into(), filters::BoxedFilter::new(f));
    |                                  ^^^^^^^^^^^^^^^^^^^^^^^^^ - type must be known at this point
    |                                  |
    |                                  cannot infer type of the type parameter `Args` declared on the associated function `new`
    |
    = note: cannot satisfy `F: filters::Filter<Rv, _>`
    = help: the following types implement trait `filters::Filter<Rv, Args>`:
              `Func` implements `filters::Filter<Rv, ()>`
              `Func` implements `filters::Filter<Rv, (A, B)>`
              `Func` implements `filters::Filter<Rv, (A, B, C)>`
              `Func` implements `filters::Filter<Rv, (A, B, C, D)>`
              `Func` implements `filters::Filter<Rv, (A, B, C, D, E)>`
              `Func` implements `filters::Filter<Rv, (A,)>`
note: required by a bound in `BoxedFilter::new`
   --> /home/adwin/.cargo/registry/src/mirrors.tuna.tsinghua.edu.cn-4dc01642fd091eda/minijinja-2.5.0/src/filters.rs:238:12
    |
236 |     pub fn new<F, Rv, Args>(f: F) -> BoxedFilter
    |            --- required by a bound in this associated function
237 |     where
238 |         F: Filter<Rv, Args> + for<'a> Filter<Rv, <Args as FunctionArgs<'a>>::Output>,
    |            ^^^^^^^^^^^^^^^^ required by this bound in `BoxedFilter::new`
help: consider specifying the generic arguments
    |
701 |             .insert(name.into(), filters::BoxedFilter::new::<F, Rv, Args>(f));
    |                                                           +++++++++++++++

error[E0283]: type annotations needed
   --> /home/adwin/.cargo/registry/src/mirrors.tuna.tsinghua.edu.cn-4dc01642fd091eda/minijinja-2.5.0/src/environment.rs:722:40
    |
722 |         self.tests.insert(name.into(), tests::BoxedTest::new(f));
    |                                        ^^^^^^^^^^^^^^^^^^^^^ - type must be known at this point
    |                                        |
    |                                        cannot infer type of the type parameter `Args` declared on the associated function `new`
    |
    = note: cannot satisfy `F: tests::Test<Rv, _>`
    = help: the following types implement trait `tests::Test<Rv, Args>`:
              `Func` implements `tests::Test<Rv, ()>`
              `Func` implements `tests::Test<Rv, (A, B)>`
              `Func` implements `tests::Test<Rv, (A, B, C)>`
              `Func` implements `tests::Test<Rv, (A, B, C, D)>`
              `Func` implements `tests::Test<Rv, (A, B, C, D, E)>`
              `Func` implements `tests::Test<Rv, (A,)>`
note: required by a bound in `BoxedTest::new`
   --> /home/adwin/.cargo/registry/src/mirrors.tuna.tsinghua.edu.cn-4dc01642fd091eda/minijinja-2.5.0/src/tests.rs:184:12
    |
182 |     pub fn new<F, Rv, Args>(f: F) -> BoxedTest
    |            --- required by a bound in this associated function
183 |     where
184 |         F: Test<Rv, Args> + for<'a> Test<Rv, <Args as FunctionArgs<'a>>::Output>,
    |            ^^^^^^^^^^^^^^ required by this bound in `BoxedTest::new`
help: consider specifying the generic arguments
    |
722 |         self.tests.insert(name.into(), tests::BoxedTest::new::<F, Rv, Args>(f));
    |                                                             +++++++++++++++

error[E0283]: type annotations needed
    --> /home/adwin/.cargo/registry/src/mirrors.tuna.tsinghua.edu.cn-4dc01642fd091eda/minijinja-2.5.0/src/environment.rs:745:38
     |
 745 |         self.add_global(name.into(), Value::from_function(f))
     |                                      ^^^^^^^^^^^^^^^^^^^^ - type must be known at this point
     |                                      |
     |                                      cannot infer type of the type parameter `Args` declared on the associated function `from_function`
     |
     = note: cannot satisfy `F: Function<Rv, _>`
     = help: the following types implement trait `Function<Rv, Args>`:
               `Func` implements `Function<Rv, ()>`
               `Func` implements `Function<Rv, (A, B)>`
               `Func` implements `Function<Rv, (A, B, C)>`
               `Func` implements `Function<Rv, (A, B, C, D)>`
               `Func` implements `Function<Rv, (A, B, C, D, E)>`
               `Func` implements `Function<Rv, (A,)>`
note: required by a bound in `value::Value::from_function`
    --> /home/adwin/.cargo/registry/src/mirrors.tuna.tsinghua.edu.cn-4dc01642fd091eda/minijinja-2.5.0/src/value/mod.rs:1014:12
     |
1011 |     pub fn from_function<F, Rv, Args>(f: F) -> Value
     |            ------------- required by a bound in this associated function
...
1014 |         F: functions::Function<Rv, Args>
     |            ^^^^^^^^^^^^^^^^^^^^^^^^^^^^^ required by this bound in `Value::from_function`
help: consider specifying the generic arguments
     |
 745 |         self.add_global(name.into(), Value::from_function::<F, Rv, Args>(f))
     |                                                          +++++++++++++++

error[E0283]: type annotations needed
    --> /home/adwin/.cargo/registry/src/mirrors.tuna.tsinghua.edu.cn-4dc01642fd091eda/minijinja-2.5.0/src/value/mod.rs:1019:9
     |
1019 |         functions::BoxedFunction::new(f).to_value()
     |         ^^^^^^^^^^^^^^^^^^^^^^^^^^^^^ - type must be known at this point
     |         |
     |         cannot infer type of the type parameter `Args` declared on the associated function `new`
     |
     = note: cannot satisfy `F: Function<Rv, _>`
     = help: the following types implement trait `Function<Rv, Args>`:
               `Func` implements `Function<Rv, ()>`
               `Func` implements `Function<Rv, (A, B)>`
               `Func` implements `Function<Rv, (A, B, C)>`
               `Func` implements `Function<Rv, (A, B, C, D)>`
               `Func` implements `Function<Rv, (A, B, C, D, E)>`
               `Func` implements `Function<Rv, (A,)>`
note: required by a bound in `BoxedFunction::new`
    --> /home/adwin/.cargo/registry/src/mirrors.tuna.tsinghua.edu.cn-4dc01642fd091eda/minijinja-2.5.0/src/functions.rs:213:12
     |
 211 |     pub fn new<F, Rv, Args>(f: F) -> BoxedFunction
     |            --- required by a bound in this associated function
 212 |     where
 213 |         F: Function<Rv, Args> + for<'a> Function<Rv, <Args as FunctionArgs<'a>>::Output>,
     |            ^^^^^^^^^^^^^^^^^^ required by this bound in `BoxedFunction::new`
help: consider specifying the generic arguments
     |
1019 |         functions::BoxedFunction::new::<F, Rv, Args>(f).to_value()
     |                                      +++++++++++++++

For more information about this error, try `rustc --explain E0283`.
error: could not compile `minijinja` (lib) due to 4 previous errors
warning: build failed, waiting for other jobs to finish...
