Running as unit: run-p2645812-i15225902.scope; invocation ID: 140dba9294ac4ac4811643a17c091749
   Compiling proc-macro2 v1.0.94
   Compiling unicode-ident v1.0.12
   Compiling autocfg v1.1.0
    Checking cfg-if v1.0.0
   Compiling libc v0.2.174
   Compiling shlex v1.3.0
   Compiling serde v1.0.219
   Compiling log v0.4.14
   Compiling cc v1.2.30
    Checking pin-project-lite v0.2.14
   Compiling pkg-config v0.3.19
   Compiling memchr v2.5.0
    Checking once_cell v1.19.0
   Compiling crossbeam-utils v0.8.19
   Compiling quote v1.0.40
    Checking futures-core v0.3.31
   Compiling syn v2.0.100
    Checking bitflags v2.9.1
   Compiling slab v0.4.9
   Compiling getrandom v0.2.2
   Compiling thiserror v1.0.56
    Checking futures-io v0.3.31
    Checking lazy_static v1.5.0
    Checking tracing-core v0.1.32
   Compiling ppv-lite86 v0.2.10
   Compiling getrandom v0.1.16
    Checking scopeguard v1.1.0
   Compiling bzip2-sys v0.1.11+1.0.8
    Checking num_cpus v1.13.0
    Checking aho-corasick v0.7.19
   Compiling miniz_oxide v0.4.4
   Compiling version_check v0.9.2
    Checking itoa v0.4.7
   Compiling anyhow v1.0.38
   Compiling crc32fast v1.2.1
    Checking regex-syntax v0.6.27
    Checking parking v2.2.1
   Compiling vcpkg v0.2.15
    Checking concurrent-queue v2.5.0
    Checking bytes v1.1.0
   Compiling siphasher v0.3.6
   Compiling rand_core v0.5.1
   Compiling tokio v1.28.2
   Compiling rustix v0.38.32
   Compiling winnow v0.7.12
   Compiling equivalent v1.0.1
   Compiling openssl-sys v0.9.107
   Compiling ryu v1.0.5
   Compiling hashbrown v0.15.4
   Compiling rand_core v0.6.2
    Checking event-listener v5.4.0
    Checking socket2 v0.4.9
    Checking mio v0.8.6
    Checking regex v1.5.5
   Compiling toml_datetime v0.6.11
   Compiling indexmap v2.10.0
    Checking linux-raw-sys v0.4.13
   Compiling futures-task v0.3.17
    Checking event-listener-strategy v0.5.4
   Compiling rand_chacha v0.3.0
   Compiling rand_pcg v0.2.1
   Compiling rand_chacha v0.2.2
   Compiling futures-util v0.3.17
   Compiling memoffset v0.6.5
   Compiling cfg_aliases v0.2.1
   Compiling typenum v1.14.0
    Checking fnv v1.0.7
    Checking fastrand v2.3.0
   Compiling openssl v0.10.72
   Compiling toml_edit v0.22.27
   Compiling static_assertions v1.1.0
    Checking foreign-types-shared v0.1.1
    Checking foreign-types v0.3.2
    Checking http v0.2.4
   Compiling rand v0.7.3
   Compiling rand v0.8.3
   Compiling phf_shared v0.8.0
   Compiling phf_shared v0.10.0
   Compiling generic-array v0.14.4
   Compiling crossbeam-epoch v0.9.8
    Checking futures-sink v0.3.17
   Compiling native-tls v0.2.11
   Compiling serde_derive v1.0.219
   Compiling thiserror-impl v1.0.56
   Compiling tracing-attributes v0.1.30
   Compiling enumflags2_derive v0.7.12
   Compiling proc-macro-crate v3.3.0
   Compiling openssl-macros v0.1.1
    Checking matches v0.1.9
   Compiling serde_json v1.0.62
   Compiling unicode-xid v0.2.1
   Compiling futures-channel v0.3.17
   Compiling httparse v1.8.0
    Checking tinyvec_macros v0.1.0
    Checking pin-utils v0.1.0
    Checking tinyvec v1.3.1
    Checking tracing v0.1.40
    Checking tokio-util v0.7.3
   Compiling phf_generator v0.10.0
   Compiling phf_generator v0.8.0
    Checking futures-lite v2.6.0
   Compiling memoffset v0.9.1
    Checking try-lock v0.2.3
    Checking new_debug_unreachable v1.0.4
   Compiling syn v1.0.67
    Checking openssl-probe v0.1.4
    Checking percent-encoding v2.1.0
    Checking itoa v1.0.6
   Compiling rustix v1.0.8
    Checking form_urlencoded v1.0.1
    Checking want v0.3.0
   Compiling string_cache_codegen v0.5.1
    Checking h2 v0.3.26
    Checking unicode-normalization v0.1.19
   Compiling phf_codegen v0.10.0
    Checking http-body v0.4.3
   Compiling num-traits v0.2.14
    Checking hex v0.4.3
    Checking httpdate v1.0.1
    Checking remove_dir_all v0.5.3
   Compiling encoding_rs v0.8.28
    Checking mac v0.1.1
    Checking linux-raw-sys v0.9.4
    Checking tower-service v0.3.1
    Checking smallvec v1.13.2
    Checking linked-hash-map v0.5.6
    Checking adler v1.0.2
    Checking unicode-bidi v0.3.6
    Checking idna v0.2.3
    Checking yaml-rust v0.4.5
    Checking futf v0.1.4
    Checking tokio-native-tls v0.3.0
   Compiling markup5ever v0.11.0
    Checking hyper v0.14.26
    Checking crossbeam-deque v0.8.1
   Compiling zvariant_utils v3.2.0
   Compiling enumflags2 v0.7.12
    Checking polling v3.6.0
   Compiling zvariant_derive v5.6.0
    Checking async-lock v3.4.0
    Checking crossbeam-channel v0.5.0
    Checking async-task v4.7.1
    Checking utf-8 v0.7.6
   Compiling endi v1.1.0
    Checking precomputed-hash v0.1.1
    Checking dtoa v0.4.7
    Checking serde_yaml v0.8.17
    Checking string_cache v0.8.1
   Compiling zvariant v5.6.0
    Checking tendril v0.4.2
    Checking async-io v2.5.0
    Checking flate2 v1.0.20
    Checking bzip2 v0.4.4
    Checking hyper-tls v0.5.0
    Checking phf v0.10.1
    Checking serde_urlencoded v0.7.1
    Checking url v2.2.2
    Checking digest v0.9.0
    Checking block-buffer v0.9.0
   Compiling nix v0.30.1
    Checking async-channel v2.5.0
    Checking signal-hook-registry v1.4.5
    Checking time v0.1.44
    Checking rand v0.4.6
   Compiling wayland-sys v0.31.5
   Compiling lock_api v0.4.11
    Checking libloading v0.7.0
   Compiling parking_lot_core v0.9.9
    Checking hashbrown v0.12.3
   Compiling crossbeam-queue v0.3.5
    Checking cpufeatures v0.2.1
    Checking base64 v0.21.0
    Checking byteorder v1.4.3
   Compiling bitflags v1.2.1
    Checking ipnet v2.3.1
    Checking mime v0.3.16
    Checking glob v0.3.0
    Checking opaque-debug v0.3.0
   Compiling rayon-core v1.9.3
    Checking atomic-waker v1.1.2
    Checking sha2 v0.9.6
    Checking piper v0.2.4
    Checking reqwest v0.11.17
    Checking zip v0.5.13
   Compiling zbus_names v4.2.0
    Checking tempdir v0.3.7
    Checking dlib v0.5.2
    Checking async-signal v0.2.12
   Compiling toml v0.5.8
   Compiling wayland-backend v0.3.7
   Compiling espanso-info v0.1.0 (/tmp/nix-shell.uUVugk/slapcat_slapcat-espanso_hmyr75h0/espanso-info)
   Compiling html5ever v0.26.0
    Checking either v1.6.1
    Checking natord v1.0.9
    Checking cfg-if v0.1.10
    Checking unicode-width v0.1.8
    Checking fs_extra v1.3.0
    Checking espanso-package v0.1.0 (/tmp/nix-shell.uUVugk/slapcat_slapcat-espanso_hmyr75h0/espanso-package)
   Compiling winres v0.1.11
    Checking net2 v0.2.37
   Compiling zbus_macros v5.9.0
warning: espanso-info@0.1.0: In file included from /nix/store/x4cz3spvw0bwwz5sjsdn2qm4f89rcryn-glibc-2.40-66-dev/include/bits/libc-header-start.h:33,
warning: espanso-info@0.1.0:                  from /nix/store/x4cz3spvw0bwwz5sjsdn2qm4f89rcryn-glibc-2.40-66-dev/include/stdint.h:26,
warning: espanso-info@0.1.0:                  from /nix/store/sa7j7cddyblhcb3ch3ds10w7nw75yjj1-gcc-14.3.0/lib/gcc/x86_64-unknown-linux-gnu/14.3.0/include/stdint.h:9,
warning: espanso-info@0.1.0:                  from src/x11/native.h:23,
warning: espanso-info@0.1.0:                  from src/x11/native.cpp:20:
warning: espanso-info@0.1.0: /nix/store/x4cz3spvw0bwwz5sjsdn2qm4f89rcryn-glibc-2.40-66-dev/include/features.h:422:4: warning: #warning _FORTIFY_SOURCE requires compiling with optimization (-O) [-Wcpp]
warning: espanso-info@0.1.0:   422 | #  warning _FORTIFY_SOURCE requires compiling with optimization (-O)
warning: espanso-info@0.1.0:       |    ^~~~~~~
warning: espanso-info@0.1.0: src/x11/native.cpp:21:10: fatal error: X11/XKBlib.h: No such file or directory
warning: espanso-info@0.1.0:    21 | #include <X11/XKBlib.h>
warning: espanso-info@0.1.0:       |          ^~~~~~~~~~~~~~
warning: espanso-info@0.1.0: compilation terminated.
error: failed to run custom build command for `espanso-info v0.1.0 (/tmp/nix-shell.uUVugk/slapcat_slapcat-espanso_hmyr75h0/espanso-info)`

Caused by:
  process didn't exit successfully: `/tmp/nix-shell.uUVugk/slapcat_slapcat-espanso_hmyr75h0/target/debug/build/espanso-info-24ae2695f3634cdd/build-script-build` (exit status: 1)
  --- stdout
  cargo:rerun-if-changed=src/x11/native.h
  cargo:rerun-if-changed=src/x11/native.c
  OUT_DIR = Some(/tmp/nix-shell.uUVugk/slapcat_slapcat-espanso_hmyr75h0/target/debug/build/espanso-info-42ff02826f5ca19d/out)
  OPT_LEVEL = Some(0)
  TARGET = Some(x86_64-unknown-linux-gnu)
  HOST = Some(x86_64-unknown-linux-gnu)
  cargo:rerun-if-env-changed=CXX_x86_64-unknown-linux-gnu
  CXX_x86_64-unknown-linux-gnu = None
  cargo:rerun-if-env-changed=CXX_x86_64_unknown_linux_gnu
  CXX_x86_64_unknown_linux_gnu = None
  cargo:rerun-if-env-changed=HOST_CXX
  HOST_CXX = None
  cargo:rerun-if-env-changed=CXX
  CXX = Some(g++)
  cargo:rerun-if-env-changed=CC_KNOWN_WRAPPER_CUSTOM
  CC_KNOWN_WRAPPER_CUSTOM = None
  RUSTC_WRAPPER = None
  cargo:rerun-if-env-changed=CC_ENABLE_DEBUG_OUTPUT
  cargo:rerun-if-env-changed=CRATE_CC_NO_DEFAULTS
  CRATE_CC_NO_DEFAULTS = None
  DEBUG = Some(false)
  CARGO_CFG_TARGET_FEATURE = Some(fxsr,sse,sse2,x87)
  cargo:rerun-if-env-changed=CXXFLAGS
  CXXFLAGS = None
  cargo:rerun-if-env-changed=HOST_CXXFLAGS
  HOST_CXXFLAGS = None
  cargo:rerun-if-env-changed=CXXFLAGS_x86_64_unknown_linux_gnu
  CXXFLAGS_x86_64_unknown_linux_gnu = None
  cargo:rerun-if-env-changed=CXXFLAGS_x86_64-unknown-linux-gnu
  CXXFLAGS_x86_64-unknown-linux-gnu = None
  CARGO_ENCODED_RUSTFLAGS = Some(-Znext-solver)
  cargo:warning=In file included from /nix/store/x4cz3spvw0bwwz5sjsdn2qm4f89rcryn-glibc-2.40-66-dev/include/bits/libc-header-start.h:33,
  cargo:warning=                 from /nix/store/x4cz3spvw0bwwz5sjsdn2qm4f89rcryn-glibc-2.40-66-dev/include/stdint.h:26,
  cargo:warning=                 from /nix/store/sa7j7cddyblhcb3ch3ds10w7nw75yjj1-gcc-14.3.0/lib/gcc/x86_64-unknown-linux-gnu/14.3.0/include/stdint.h:9,
  cargo:warning=                 from src/x11/native.h:23,
  cargo:warning=                 from src/x11/native.cpp:20:
  cargo:warning=/nix/store/x4cz3spvw0bwwz5sjsdn2qm4f89rcryn-glibc-2.40-66-dev/include/features.h:422:4: warning: #warning _FORTIFY_SOURCE requires compiling with optimization (-O) [-Wcpp]
  cargo:warning=  422 | #  warning _FORTIFY_SOURCE requires compiling with optimization (-O)
  cargo:warning=      |    ^~~~~~~
  cargo:warning=src/x11/native.cpp:21:10: fatal error: X11/XKBlib.h: No such file or directory
  cargo:warning=   21 | #include <X11/XKBlib.h>
  cargo:warning=      |          ^~~~~~~~~~~~~~
  cargo:warning=compilation terminated.

  --- stderr


  error occurred in cc-rs: command did not execute successfully (status code exit status: 1): LC_ALL="C" "g++" "-O0" "-ffunction-sections" "-fdata-sections" "-fPIC" "-m64" "-I" "src/x11" "-Wall" "-Wextra" "-o" "/tmp/nix-shell.uUVugk/slapcat_slapcat-espanso_hmyr75h0/target/debug/build/espanso-info-42ff02826f5ca19d/out/dc4583883bea3e57-native.o" "-c" "src/x11/native.cpp"


warning: build failed, waiting for other jobs to finish...
