Running as unit: run-p1416300-i1416600.scope; invocation ID: a2ddc04b3bc84c929a1b8466cc1a5568
    Updating `tuna` index
 Downloading crates ...
  Downloaded controller v0.58.0 (registry `tuna`)
   Compiling proc-macro2 v1.0.94
   Compiling unicode-ident v1.0.12
   Compiling libc v0.2.170
    Checking cfg-if v1.0.0
   Compiling autocfg v1.3.0
    Checking pin-project-lite v0.2.14
    Checking itoa v1.0.11
    Checking memchr v2.7.4
    Checking bytes v1.10.1
    Checking futures-core v0.3.30
    Checking once_cell v1.19.0
   Compiling serde v1.0.204
    Checking log v0.4.22
   Compiling parking_lot_core v0.9.10
   Compiling shlex v1.3.0
   Compiling lock_api v0.4.12
    Checking smallvec v1.13.2
    Checking scopeguard v1.2.0
   Compiling version_check v0.9.5
    Checking futures-sink v0.3.30
   Compiling slab v0.4.9
    Checking tracing-core v0.1.32
    Checking fnv v1.0.7
    Checking futures-channel v0.3.30
    Checking pin-utils v0.1.0
   Compiling quote v1.0.36
    Checking futures-task v0.3.30
    Checking futures-io v0.3.30
   Compiling pkg-config v0.3.30
    Checking ryu v1.0.18
    Checking equivalent v1.0.1
   Compiling serde_json v1.0.121
    Checking http v1.2.0
   Compiling syn v2.0.100
   Compiling jobserver v0.1.32
    Checking signal-hook-registry v1.4.2
    Checking mio v1.0.1
    Checking socket2 v0.5.7
    Checking parking_lot v0.12.3
    Checking getrandom v0.2.15
    Checking hashbrown v0.14.5
   Compiling cc v1.2.16
    Checking ppv-lite86 v0.2.17
   Compiling thiserror v2.0.12
   Compiling httparse v1.9.4
   Compiling typenum v1.17.0
   Compiling generic-array v0.14.7
    Checking percent-encoding v2.3.1
    Checking bitflags v2.6.0
   Compiling getrandom v0.3.1
    Checking http-body v1.0.1
   Compiling num-traits v0.2.19
    Checking aho-corasick v1.1.3
    Checking regex-syntax v0.8.4
    Checking base64 v0.22.1
    Checking rustls-pki-types v1.11.0
    Checking atomic-waker v1.1.2
    Checking tower-service v0.3.3
   Compiling vcpkg v0.2.15
   Compiling zerocopy v0.8.23
   Compiling thiserror v1.0.63
    Checking try-lock v0.2.5
    Checking want v0.3.1
    Checking rand_core v0.9.3
    Checking openssl-probe v0.1.5
    Checking rand_chacha v0.9.0
    Checking form_urlencoded v1.2.1
   Compiling ucd-trie v0.1.7
    Checking untrusted v0.9.0
    Checking cpufeatures v0.2.12
   Compiling ring v0.17.13
   Compiling openssl-sys v0.9.103
   Compiling crossbeam-utils v0.8.20
   Compiling zstd-sys v2.0.12+zstd.1.5.6
    Checking rand_core v0.6.4
   Compiling schemars v0.8.21
    Checking mime v0.3.17
    Checking regex-automata v0.4.7
   Compiling rustls v0.23.23
    Checking iana-time-zone v0.1.60
    Checking zeroize v1.8.1
    Checking block-buffer v0.10.4
    Checking crypto-common v0.1.6
    Checking rand_chacha v0.3.1
    Checking digest v0.10.7
    Checking ordered-float v2.10.1
    Checking sha1 v0.10.6
    Checking tinyvec_macros v0.1.1
   Compiling proc-macro-hack v0.5.20+deprecated
   Compiling paste v1.0.15
    Checking foreign-types-shared v0.1.1
    Checking subtle v2.6.1
    Checking rand v0.9.0
    Checking tower-layer v0.3.3
   Compiling k8s-openapi v0.24.0
   Compiling openssl v0.10.66
    Checking dyn-clone v1.0.17
    Checking foreign-types v0.3.2
    Checking tinyvec v1.8.0
    Checking concurrent-queue v2.5.0
    Checking rand v0.8.5
   Compiling proc-macro-error-attr v1.0.4
    Checking sync_wrapper v1.0.2
    Checking parking v2.2.1
    Checking utf-8 v0.7.6
    Checking foldhash v0.1.4
   Compiling zstd-safe v7.2.0
   Compiling strsim v0.11.1
    Checking local-waker v0.1.4
   Compiling native-tls v0.2.12
    Checking regex v1.10.5
    Checking alloc-no-stdlib v2.0.4
   Compiling syn v1.0.109
    Checking data-encoding v2.6.0
   Compiling ident_case v1.0.1
    Checking alloc-stdlib v0.2.2
    Checking unicode-normalization v0.1.23
    Checking event-listener v5.4.0
   Compiling serde_derive_internals v0.29.1
   Compiling darling_core v0.20.10
    Checking rustls-native-certs v0.8.1
   Compiling ahash v0.8.11
   Compiling proc-macro-error v1.0.4
    Checking http v0.2.12
    Checking powerfmt v0.2.0
    Checking unicode-bidi v0.3.15
    Checking unsafe-libyaml v0.2.11
    Checking adler v1.0.2
   Compiling time-core v0.1.2
    Checking regex-syntax v0.6.29
   Compiling num-conv v0.1.0
    Checking either v1.13.0
   Compiling serde_derive v1.0.204
   Compiling tokio-macros v2.5.0
   Compiling tracing-attributes v0.1.27
    Checking tokio v1.44.0
   Compiling futures-macro v0.3.30
   Compiling thiserror-impl v2.0.12
    Checking futures-util v0.3.30
   Compiling thiserror-impl v1.0.63
    Checking tracing v0.1.40
   Compiling schemars_derive v0.8.21
   Compiling pest v2.7.15
   Compiling openssl-macros v0.1.1
    Checking rustls-webpki v0.102.8
    Checking tungstenite v0.26.2
   Compiling pest_meta v2.7.15
    Checking futures-executor v0.3.30
    Checking http-body-util v0.1.2
    Checking tokio-util v0.7.11
   Compiling pest_generator v2.7.15
    Checking tower v0.5.2
   Compiling enum-ordinalize-derive v4.3.1
   Compiling async-trait v0.1.81
   Compiling pest_derive v2.7.15
    Checking tokio-rustls v0.26.2
   Compiling unicode-xid v0.2.6
    Checking indexmap v2.2.6
    Checking chrono v0.4.38
    Checking serde-value v0.7.0
   Compiling bytestring v1.3.1
   Compiling derive_more-impl v2.0.1
    Checking h2 v0.4.8
    Checking serde_yaml v0.9.34+deprecated
    Checking jsonptr v0.7.1
    Checking jsonpath-rust v0.7.5
   Compiling enum-ordinalize v4.3.0
    Checking tokio-tungstenite v0.26.2
    Checking json-patch v4.0.0
    Checking actix-rt v2.10.0
    Checking futures v0.3.30
    Checking tower-http v0.6.2
   Compiling darling_macro v0.20.10
    Checking regex-automata v0.1.10
   Compiling random-number-macro-impl v0.1.7
   Compiling pin-project-internal v1.1.5
   Compiling async-stream-impl v0.3.6
   Compiling time-macros v0.2.18
    Checking miniz_oxide v0.7.4
    Checking idna v0.5.0
    Checking deranged v0.3.11
    Checking actix-service v2.0.2
    Checking event-listener-strategy v0.5.3
    Checking brotli-decompressor v4.0.1
    Checking actix-utils v3.0.1
    Checking secrecy v0.10.3
    Checking pem v3.0.5
   Compiling cookie v0.16.2
    Checking encoding_rs v0.8.34
    Checking hyper v1.6.0
    Checking crc32fast v1.4.2
    Checking overload v0.1.1
    Checking zerocopy v0.7.35
    Checking allocator-api2 v0.2.21
    Checking utf8parse v0.2.2
    Checking home v0.5.11
    Checking lazy_static v1.5.0
   Compiling regex-lite v0.1.6
    Checking fastrand v2.1.0
    Checking hashbrown v0.15.2
    Checking backon v1.5.0
    Checking sharded-slab v0.1.7
    Checking anstyle-parse v0.2.5
    Checking hyper-util v0.1.10
    Checking time v0.3.36
   Compiling actix-router v0.5.3
    Checking brotli v7.0.0
    Checking nu-ansi-term v0.46.0
    Checking flate2 v1.0.30
    Checking derive_more v2.0.1
    Checking async-broadcast v0.7.2
    Checking url v2.5.2
    Checking pin-project v1.1.5
    Checking async-stream v0.3.6
    Checking matchers v0.1.0
    Checking random-number v0.1.8
   Compiling darling v0.20.10
    Checking tokio-native-tls v0.3.1
   Compiling educe v0.6.0
    Checking hyper-rustls v0.27.5
    Checking hyper-timeout v0.5.2
    Checking h2 v0.3.26
    Checking tracing-serde v0.1.3
    Checking serde_urlencoded v0.7.1
    Checking actix-codec v0.5.2
    Checking tokio-stream v0.1.15
    Checking opentelemetry v0.27.1
    Checking local-channel v0.1.5
    Checking mio v0.8.11
    Checking hostname v0.4.0
    Checking tracing-log v0.2.0
    Checking thread_local v1.1.8
    Checking language-tags v0.3.2
   Compiling rustversion v1.0.17
   Compiling semver v1.0.23
    Checking anstyle-query v1.1.1
   Compiling prometheus-client v0.23.1
    Checking colorchoice v1.0.2
    Checking glob v0.3.2
   Compiling anyhow v1.0.86
    Checking anstyle v1.0.8
    Checking httpdate v1.0.3
    Checking is_terminal_polyfill v1.70.1
   Compiling heck v0.5.0
    Checking anstream v0.6.15
    Checking opentelemetry_sdk v0.27.1
    Checking tracing-subscriber v0.3.18
    Checking actix-server v2.4.0
    Checking hyper-tls v0.6.0
   Compiling kube-derive v0.99.0
    Checking random-pick v1.2.16
    Checking zstd v0.13.2
   Compiling utoipa-gen v3.5.0
   Compiling actix-web-codegen v4.3.0
   Compiling prometheus-client-derive-encode v0.4.2
   Compiling actix-macros v0.2.4
    Checking rustls-pemfile v2.2.0
    Checking clap_lex v0.7.2
    Checking ipnet v2.9.0
    Checking dtoa v1.0.10
    Checking impl-more v0.1.9
    Checking clap_builder v4.5.11
    Checking passwords v3.1.16
    Checking reqwest v0.12.12
   Compiling clap_derive v4.5.11
    Checking actix-http v3.10.0
    Checking tracing-opentelemetry v0.28.0
    Checking itertools v0.14.0
    Checking strum v0.26.3
   Compiling strum_macros v0.26.4
    Checking clap v4.5.11
    Checking utoipa v3.5.0
    Checking actix-web v4.10.2
    Checking kube-core v0.99.0
    Checking kube-client v0.99.0
    Checking kube-runtime v0.99.0
    Checking kube v0.99.0
    Checking controller v0.58.0
error[E0275]: overflow evaluating the requirement `impl futures::Future<Output = std::result::Result<kube::kube_runtime::controller::Action, Error>>: std::marker::Send`
    --> /home/adwin/.cargo/registry/src/mirrors.tuna.tsinghua.edu.cn-4dc01642fd091eda/controller-0.58.0/src/controller.rs:992:10
     |
 992 |         .run(reconcile, error_policy, state.to_context(client).await)
     |          ^^^
     |
     = help: consider increasing the recursion limit by adding a `#![recursion_limit = "256"]` attribute to your crate (`controller`)
note: required by a bound in `Controller::<K>::run`
    --> /home/adwin/.cargo/registry/src/mirrors.tuna.tsinghua.edu.cn-4dc01642fd091eda/kube-runtime-0.99.0/src/controller/mod.rs:1658:49
     |
1650 |     pub fn run<ReconcilerFut, Ctx>(
     |            --- required by a bound in this associated function
...
1658 |         ReconcilerFut: TryFuture<Ok = Action> + Send + 'static,
     |                                                 ^^^^ required by this bound in `Controller::<K>::run`

error[E0275]: overflow evaluating the requirement `impl Stream<Item = std::result::Result<(ObjectRef<CoreDB>, kube::kube_runtime::controller::Action), kube::kube_runtime::controller::Error<..., ...>>> well-formed`
   --> /home/adwin/.cargo/registry/src/mirrors.tuna.tsinghua.edu.cn-4dc01642fd091eda/controller-0.58.0/src/controller.rs:992:10
    |
992 |         .run(reconcile, error_policy, state.to_context(client).await)
    |          ^^^
    |
    = help: consider increasing the recursion limit by adding a `#![recursion_limit = "256"]` attribute to your crate (`controller`)

error[E0275]: overflow evaluating the requirement `impl Stream<Item = std::result::Result<(ObjectRef<CoreDB>, kube::kube_runtime::controller::Action), kube::kube_runtime::controller::Error<..., ...>>> well-formed`
   --> /home/adwin/.cargo/registry/src/mirrors.tuna.tsinghua.edu.cn-4dc01642fd091eda/controller-0.58.0/src/controller.rs:989:5
    |
989 | /     Controller::new(coredb, watcherConfig::default().any_semantic())
990 | |         .owns(secret_api, watcherConfig::default().any_semantic())
991 | |         .shutdown_on_signal()
992 | |         .run(reconcile, error_policy, state.to_context(client).await)
993 | |         .filter_map(|x| async move { std::result::Result::ok(x) })
    | |__________________________________________________________________^
    |
    = help: consider increasing the recursion limit by adding a `#![recursion_limit = "256"]` attribute to your crate (`controller`)

error[E0275]: overflow evaluating the requirement `impl Stream<Item = std::result::Result<(ObjectRef<CoreDB>, kube::kube_runtime::controller::Action), kube::kube_runtime::controller::Error<..., ...>>> well-formed`
   --> /home/adwin/.cargo/registry/src/mirrors.tuna.tsinghua.edu.cn-4dc01642fd091eda/controller-0.58.0/src/controller.rs:993:10
    |
993 |         .filter_map(|x| async move { std::result::Result::ok(x) })
    |          ^^^^^^^^^^
    |
    = help: consider increasing the recursion limit by adding a `#![recursion_limit = "256"]` attribute to your crate (`controller`)

error[E0275]: overflow evaluating the requirement `ForEach<futures::stream::FilterMap<impl Stream<Item = std::result::Result<(ObjectRef<CoreDB>, ...), ...>>, ..., ...>, ..., ...> well-formed`
   --> /home/adwin/.cargo/registry/src/mirrors.tuna.tsinghua.edu.cn-4dc01642fd091eda/controller-0.58.0/src/controller.rs:989:5
    |
989 | /     Controller::new(coredb, watcherConfig::default().any_semantic())
990 | |         .owns(secret_api, watcherConfig::default().any_semantic())
991 | |         .shutdown_on_signal()
992 | |         .run(reconcile, error_policy, state.to_context(client).await)
993 | |         .filter_map(|x| async move { std::result::Result::ok(x) })
994 | |         .for_each(|_| futures::future::ready(()))
    | |_________________________________________________^
    |
    = help: consider increasing the recursion limit by adding a `#![recursion_limit = "256"]` attribute to your crate (`controller`)

error[E0275]: overflow evaluating the requirement `futures::stream::FilterMap<impl Stream<Item = std::result::Result<(ObjectRef<CoreDB>, kube::kube_runtime::controller::Action), ...>>, ..., ...> well-formed`
   --> /home/adwin/.cargo/registry/src/mirrors.tuna.tsinghua.edu.cn-4dc01642fd091eda/controller-0.58.0/src/controller.rs:993:10
    |
993 |         .filter_map(|x| async move { std::result::Result::ok(x) })
    |          ^^^^^^^^^^
    |
    = help: consider increasing the recursion limit by adding a `#![recursion_limit = "256"]` attribute to your crate (`controller`)

error[E0275]: overflow evaluating the requirement `futures::stream::FilterMap<impl Stream<Item = std::result::Result<(ObjectRef<CoreDB>, kube::kube_runtime::controller::Action), ...>>, ..., ...> well-formed`
   --> /home/adwin/.cargo/registry/src/mirrors.tuna.tsinghua.edu.cn-4dc01642fd091eda/controller-0.58.0/src/controller.rs:989:5
    |
989 | /     Controller::new(coredb, watcherConfig::default().any_semantic())
990 | |         .owns(secret_api, watcherConfig::default().any_semantic())
991 | |         .shutdown_on_signal()
992 | |         .run(reconcile, error_policy, state.to_context(client).await)
993 | |         .filter_map(|x| async move { std::result::Result::ok(x) })
994 | |         .for_each(|_| futures::future::ready(()))
    | |_________________________________________________^
    |
    = help: consider increasing the recursion limit by adding a `#![recursion_limit = "256"]` attribute to your crate (`controller`)

error[E0275]: overflow evaluating the requirement `futures::stream::FilterMap<impl Stream<Item = std::result::Result<(ObjectRef<CoreDB>, kube::kube_runtime::controller::Action), ...>>, ..., ...> well-formed`
   --> /home/adwin/.cargo/registry/src/mirrors.tuna.tsinghua.edu.cn-4dc01642fd091eda/controller-0.58.0/src/controller.rs:994:10
    |
994 |         .for_each(|_| futures::future::ready(()))
    |          ^^^^^^^^
    |
    = help: consider increasing the recursion limit by adding a `#![recursion_limit = "256"]` attribute to your crate (`controller`)

error[E0275]: overflow evaluating the requirement `ForEach<futures::stream::FilterMap<impl Stream<Item = std::result::Result<(ObjectRef<CoreDB>, ...), ...>>, ..., ...>, ..., ...> well-formed`
   --> /home/adwin/.cargo/registry/src/mirrors.tuna.tsinghua.edu.cn-4dc01642fd091eda/controller-0.58.0/src/controller.rs:994:10
    |
994 |         .for_each(|_| futures::future::ready(()))
    |          ^^^^^^^^
    |
    = help: consider increasing the recursion limit by adding a `#![recursion_limit = "256"]` attribute to your crate (`controller`)

error[E0275]: overflow evaluating the requirement `<ForEach<futures::stream::FilterMap<impl Stream<Item = std::result::Result<(ObjectRef<...>, ...), ...>>, ..., ...>, ..., ...> as std::future::IntoFuture>::IntoFuture well-formed`
   --> /home/adwin/.cargo/registry/src/mirrors.tuna.tsinghua.edu.cn-4dc01642fd091eda/controller-0.58.0/src/controller.rs:995:10
    |
995 |         .await;
    |          ^^^^^
    |
    = help: consider increasing the recursion limit by adding a `#![recursion_limit = "256"]` attribute to your crate (`controller`)

error[E0275]: overflow evaluating the requirement `ForEach<futures::stream::FilterMap<impl Stream<Item = std::result::Result<(ObjectRef<CoreDB>, ...), ...>>, ..., ...>, ..., ...> well-formed`
   --> /home/adwin/.cargo/registry/src/mirrors.tuna.tsinghua.edu.cn-4dc01642fd091eda/controller-0.58.0/src/controller.rs:995:10
    |
995 |         .await;
    |          ^^^^^
    |
    = help: consider increasing the recursion limit by adding a `#![recursion_limit = "256"]` attribute to your crate (`controller`)

error[E0275]: overflow evaluating the requirement `Pin<&mut ForEach<futures::stream::FilterMap<impl Stream<Item = std::result::Result<(..., ...), ...>>, ..., ...>, ..., ...>> well-formed`
   --> /home/adwin/.cargo/registry/src/mirrors.tuna.tsinghua.edu.cn-4dc01642fd091eda/controller-0.58.0/src/controller.rs:995:10
    |
995 |         .await;
    |          ^^^^^
    |
    = help: consider increasing the recursion limit by adding a `#![recursion_limit = "256"]` attribute to your crate (`controller`)

error[E0275]: overflow evaluating the requirement `&mut ForEach<futures::stream::FilterMap<impl Stream<Item = std::result::Result<(ObjectRef<...>, ...), ...>>, ..., ...>, ..., ...> well-formed`
   --> /home/adwin/.cargo/registry/src/mirrors.tuna.tsinghua.edu.cn-4dc01642fd091eda/controller-0.58.0/src/controller.rs:995:10
    |
995 |         .await;
    |          ^^^^^
    |
    = help: consider increasing the recursion limit by adding a `#![recursion_limit = "256"]` attribute to your crate (`controller`)

error[E0275]: overflow evaluating the requirement `Poll<<ForEach<futures::stream::FilterMap<impl Stream<Item = std::result::Result<(..., ...), ...>>, ..., ...>, ..., ...> as futures::Future>::Output> well-formed`
   --> /home/adwin/.cargo/registry/src/mirrors.tuna.tsinghua.edu.cn-4dc01642fd091eda/controller-0.58.0/src/controller.rs:995:10
    |
995 |         .await;
    |          ^^^^^
    |
    = help: consider increasing the recursion limit by adding a `#![recursion_limit = "256"]` attribute to your crate (`controller`)

For more information about this error, try `rustc --explain E0275`.
error: could not compile `controller` (lib) due to 14 previous errors
