Running as unit: run-p372470-i4566184.scope; invocation ID: dd4320d29d8344edb2f65e6039edec3b
   Compiling proc-macro2 v1.0.66
   Compiling unicode-ident v1.0.11
   Compiling serde v1.0.183
   Compiling serde_derive v1.0.183
   Compiling libc v0.2.147
   Compiling thiserror v1.0.47
   Compiling memchr v2.5.0
   Compiling minimal-lexical v0.2.1
   Compiling camino v1.1.6
   Compiling serde_json v1.0.105
   Compiling quote v1.0.33
   Compiling nom v7.1.3
   Compiling semver v1.0.18
   Compiling anyhow v1.0.75
   Compiling syn v2.0.29
   Compiling version_check v0.9.4
   Compiling glob v0.3.1
   Compiling unicase v2.6.0
    Checking value-bag v1.4.1
    Checking log v0.4.20
    Checking cfg-if v1.0.0
   Compiling autocfg v1.1.0
   Compiling mime_guess v2.0.4
   Compiling once_cell v1.18.0
   Compiling mime v0.3.17
   Compiling clang-sys v1.6.1
   Compiling prettyplease v0.2.12
   Compiling syn v1.0.109
   Compiling rustix v0.38.8
   Compiling futures-core v0.3.28
   Compiling paste v1.0.14
   Compiling crossbeam-utils v0.8.16
    Checking itoa v1.0.9
   Compiling regex-syntax v0.7.4
   Compiling ryu v1.0.15
   Compiling heck v0.4.1
   Compiling basic-toml v0.1.4
    Checking bitflags v2.4.0
    Checking linux-raw-sys v0.4.5
   Compiling libloading v0.7.4
    Checking cargo-platform v0.1.3
   Compiling regex-automata v0.3.6
   Compiling bindgen v0.66.1
    Checking utf8parse v0.2.1
    Checking event-listener v2.5.3
   Compiling either v1.9.0
    Checking anstyle-parse v0.2.1
    Checking concurrent-queue v2.2.0
   Compiling which v4.4.0
    Checking is-terminal v0.4.9
   Compiling cexpr v0.6.0
   Compiling thiserror-impl v1.0.47
   Compiling scroll_derive v0.11.1
   Compiling uniffi_checksum_derive v0.24.1 (https://github.com/mozilla/uniffi-rs/#e20b9c2b)
   Compiling askama_derive v0.12.1
   Compiling regex v1.9.3
   Compiling slab v0.4.9
   Compiling cargo_metadata v0.15.4
    Checking pin-project-lite v0.2.13
   Compiling fs-err v2.9.0
    Checking waker-fn v1.1.0
    Checking futures-io v0.3.28
    Checking fastrand v1.9.0
   Compiling peeking_take_while v0.1.2
    Checking bytes v1.4.0
   Compiling io-lifetimes v1.0.11
   Compiling lazy_static v1.4.0
    Checking colorchoice v1.0.0
    Checking parking v2.1.0
    Checking anstyle-query v1.0.0
   Compiling siphasher v0.3.10
   Compiling shlex v1.1.0
   Compiling lazycell v1.3.0
   Compiling rustc-hash v1.1.0
    Checking anstyle v1.0.1
    Checking anstream v0.3.2
   Compiling uniffi_meta v0.24.1 (https://github.com/mozilla/uniffi-rs/#e20b9c2b)
    Checking futures-lite v1.13.0
   Compiling uniffi_testing v0.24.1 (https://github.com/mozilla/uniffi-rs/#e20b9c2b)
   Compiling scroll v0.11.0
    Checking async-lock v2.8.0
   Compiling weedle2 v4.0.0 (https://github.com/mozilla/uniffi-rs/#e20b9c2b)
   Compiling polling v2.8.0
   Compiling cc v1.0.82
   Compiling ucd-trie v0.1.6
    Checking clap_lex v0.5.0
   Compiling askama_escape v0.10.3
    Checking strsim v0.10.0
   Compiling plain v0.2.3
   Compiling rustix v0.37.23
    Checking clap_builder v4.3.23
   Compiling askama v0.12.0
   Compiling goblin v0.6.1
   Compiling backtrace v0.3.68
   Compiling pest v2.7.2
   Compiling uniffi_udl v0.24.1 (https://github.com/mozilla/uniffi-rs/#e20b9c2b)
   Compiling clap_derive v4.3.12
   Compiling toml v0.5.11
   Compiling async-io v1.13.0
    Checking gimli v0.27.3
   Compiling failure_derive v0.1.8
    Checking async-task v4.4.0
   Compiling unicode-xid v0.2.4
    Checking linux-raw-sys v0.3.8
   Compiling speech-dispatcher-sys v0.7.0
    Checking adler v1.0.2
    Checking bitflags v1.3.2
    Checking miniz_oxide v0.7.1
   Compiling uniffi_bindgen v0.24.1 (https://github.com/mozilla/uniffi-rs/#e20b9c2b)
    Checking clap v4.3.23
   Compiling synstructure v0.12.6
error: failed to run custom build command for `speech-dispatcher-sys v0.7.0`

Caused by:
  process didn't exit successfully: `/tmp/nix-shell.AaBijX/terhechte_uniffi-swift-async-example_khtagg8l/target/debug/build/speech-dispatcher-sys-36bd7660c008c348/build-script-build` (exit status: 101)
  --- stdout
  cargo:rustc-link-lib=speechd

  --- stderr
  wrapper.h:1:10: fatal error: 'speech-dispatcher/libspeechd.h' file not found

  thread 'main' (374910) panicked at /home/adwin/.cargo/registry/src/mirrors.tuna.tsinghua.edu.cn-4dc01642fd091eda/speech-dispatcher-sys-0.7.0/build.rs:22:10:
  called `Result::unwrap()` on an `Err` value: ClangDiagnostic("wrapper.h:1:10: fatal error: 'speech-dispatcher/libspeechd.h' file not found\n")
  note: run with `RUST_BACKTRACE=1` environment variable to display a backtrace
warning: build failed, waiting for other jobs to finish...
