Running as unit: run-p315706-i4509424.scope; invocation ID: 34750b3a99dd4651a114c256d9ad70b0
   Compiling proc-macro2 v1.0.87
   Compiling unicode-ident v1.0.13
   Compiling serde v1.0.210
    Checking cfg-if v1.0.0
   Compiling libc v0.2.159
   Compiling autocfg v1.4.0
    Checking once_cell v1.20.2
    Checking byteorder v1.5.0
   Compiling version_check v0.9.5
    Checking pin-project-lite v0.2.14
   Compiling thiserror v1.0.64
   Compiling hashbrown v0.15.0
   Compiling equivalent v1.0.1
   Compiling winnow v0.6.20
   Compiling toml_datetime v0.6.8
    Checking tracing-core v0.1.32
   Compiling crossbeam-utils v0.8.20
   Compiling quote v1.0.37
   Compiling indexmap v2.6.0
   Compiling ahash v0.8.11
   Compiling syn v2.0.79
    Checking getrandom v0.2.15
    Checking allocator-api2 v0.2.18
    Checking rand_core v0.6.4
    Checking parking v2.2.1
    Checking concurrent-queue v2.5.0
   Compiling slab v0.4.9
    Checking futures-core v0.3.31
    Checking arrayvec v0.7.6
    Checking event-listener v5.3.1
    Checking fastrand v2.1.1
   Compiling typeid v1.0.2
    Checking futures-io v0.3.31
    Checking event-listener-strategy v0.5.2
    Checking thread_local v1.1.8
    Checking futures-lite v2.3.0
   Compiling uuid v1.10.0
    Checking fixedbitset v0.4.2
    Checking async-task v4.7.1
    Checking web-time v1.1.0
    Checking async-channel v2.3.1
    Checking bevy_ptr v0.14.2
    Checking downcast-rs v1.2.1
   Compiling toml_edit v0.22.22
    Checking fixedbitset v0.5.7
    Checking log v0.4.22
    Checking nonmax v0.5.5
   Compiling num-traits v0.2.19
    Checking memchr v2.7.4
   Compiling lock_api v0.4.12
    Checking async-executor v1.13.1
    Checking libloading v0.8.5
    Checking bevy_tasks v0.14.2
   Compiling pkg-config v0.3.31
   Compiling cfg_aliases v0.1.1
    Checking scopeguard v1.2.0
   Compiling parking_lot_core v0.9.10
    Checking bitflags v1.3.2
    Checking unicode-width v0.1.14
    Checking raw-window-handle v0.6.2
    Checking bit-vec v0.6.3
    Checking aho-corasick v1.1.3
    Checking regex-syntax v0.8.5
    Checking termcolor v1.4.1
   Compiling shlex v1.3.0
    Checking bit-set v0.5.3
   Compiling cc v1.1.28
    Checking codespan-reporting v0.11.1
    Checking crossbeam-channel v0.5.13
    Checking hexf-parse v0.2.1
   Compiling khronos-egl v6.0.0
    Checking simd-adler32 v0.3.7
    Checking unicode-xid v0.2.6
    Checking rustc-hash v1.1.0
    Checking atomic-waker v1.1.2
   Compiling ash v0.37.3+1.3.251
    Checking piper v0.2.4
    Checking regex-automata v0.4.8
   Compiling wgpu-hal v0.21.1
    Checking libloading v0.7.4
   Compiling blake3 v1.5.4
    Checking adler2 v2.0.0
    Checking accesskit v0.14.0
    Checking miniz_oxide v0.8.0
   Compiling bevy_macro_utils v0.14.2
   Compiling encase_derive_impl v0.8.0
    Checking blocking v1.6.1
   Compiling wgpu-core v0.21.1
    Checking async-lock v3.4.0
    Checking crc32fast v1.4.2
    Checking event-listener v2.5.3
    Checking arrayref v0.3.9
    Checking renderdoc-sys v1.1.0
    Checking glow v0.13.1
    Checking constant_time_eq v0.3.1
    Checking profiling v1.0.15
    Checking base64 v0.21.7
    Checking regex v1.11.0
    Checking static_assertions v1.1.0
   Compiling litrs v0.4.1
    Checking async-fs v2.1.2
   Compiling serde_derive v1.0.210
   Compiling zerocopy-derive v0.7.35
   Compiling thiserror-impl v1.0.64
   Compiling bytemuck_derive v1.8.0
   Compiling tracing-attributes v0.1.27
    Checking zerocopy v0.7.35
   Compiling bevy_utils_proc_macros v0.14.2
    Checking ppv-lite86 v0.2.20
    Checking bytemuck v1.18.0
   Compiling bevy_reflect_derive v0.14.2
    Checking tracing v0.1.40
    Checking rand_chacha v0.3.1
   Compiling bevy_ecs_macros v0.14.2
    Checking rand v0.8.5
   Compiling bevy_derive v0.14.2
   Compiling document-features v0.2.10
   Compiling bevy_asset_macros v0.14.2
   Compiling encase_derive v0.8.0
    Checking async-broadcast v0.5.1
    Checking flate2 v1.0.34
    Checking fdeflate v0.3.5
   Compiling wgpu v0.20.1
    Checking const_soft_float v0.1.4
    Checking const_panic v0.2.10
    Checking png v0.17.14
    Checking twox-hash v1.6.3
    Checking constgebra v0.1.4
    Checking sysinfo v0.30.13
    Checking byteorder-lite v0.1.0
    Checking const-fnv1a-hash v1.1.0
    Checking data-encoding v2.6.0
   Compiling cfg_aliases v0.2.1
    Checking ruzstd v0.7.2
    Checking image v0.25.2
   Compiling bevy_render_macros v0.14.2
   Compiling bevy_encase_derive v0.14.2
    Checking ktx2 v0.3.0
    Checking lazy_static v1.5.0
   Compiling rustix v0.38.37
    Checking ryu v1.0.18
    Checking regex-syntax v0.6.29
    Checking linux-raw-sys v0.4.14
    Checking radsort v0.1.1
   Compiling synstructure v0.13.1
   Compiling alsa-sys v0.3.1
    Checking overload v0.1.1
    Checking nu-ansi-term v0.46.0
    Checking sharded-slab v0.1.7
   Compiling nix v0.29.0
   Compiling x11-dl v2.21.0
   Compiling libudev-sys v0.1.4
    Checking euclid v0.22.11
    Checking bitflags v2.6.0
    Checking smallvec v1.13.2
    Checking hashbrown v0.14.5
    Checking glam v0.27.0
    Checking smol_str v0.2.2
    Checking petgraph v0.6.5
    Checking erased-serde v0.4.5
    Checking parking_lot v0.12.3
    Checking bevy_utils v0.14.2
    Checking spirv v0.3.0+sdk-1.3.268.0
    Checking gpu-alloc-types v0.3.0
    Checking gpu-descriptor-types v0.2.0
    Checking wgpu-types v0.20.0
    Checking gpu-descriptor v0.3.0
    Checking gpu-alloc v0.6.0
    Checking ron v0.8.1
    Checking naga v0.20.0
    Checking regex-automata v0.1.10
    Checking tracing-log v0.2.0
    Checking svg_fmt v0.4.3
   Compiling serde_json v1.0.128
    Checking ttf-parser v0.25.0
    Checking itoa v1.0.11
    Checking matchers v0.1.0
    Checking tinyvec_macros v0.1.1
    Checking tracing-subscriber v0.3.18
    Checking tinyvec v1.8.0
    Checking guillotiere v0.6.2
    Checking bevy_reflect v0.14.2
    Checking encase v0.8.0
    Checking bevy_mikktspace v0.14.2
    Checking hexasphere v12.0.0
    Checking owned_ttf_parser v0.25.0
   Compiling zerofrom-derive v0.1.4
   Compiling winit v0.30.5
    Checking approx v0.5.1
    Checking dlib v0.5.2
    Checking inotify-sys v0.1.5
   Compiling slotmap v1.0.7
   Compiling inflections v1.1.1
    Checking as-raw-xcb-connection v1.0.1
    Checking percent-encoding v2.3.1
    Checking rectangle-pack v0.4.2
    Checking x11rb-protocol v0.13.1
    Checking polling v3.7.3
    Checking xkeysym v0.2.1
   Compiling cpal v0.15.3
    Checking ab_glyph_rasterizer v0.1.8
    Checking ab_glyph v0.2.29
    Checking xkbcommon-dl v0.4.2
    Checking calloop v0.13.0
    Checking zerofrom v0.1.4
   Compiling gltf-derive v1.4.1
    Checking inotify v0.10.2
    Checking alsa v0.9.1
    Checking bevy_ecs v0.14.2
    Checking bevy_math v0.14.2
   Compiling yoke-derive v0.7.4
    Checking naga_oil v0.14.0
    Checking ogg v0.8.0
    Checking cursor-icon v1.1.0
    Checking bevy_color v0.14.3
    Checking dasp_sample v0.11.0
    Checking xi-unicode v0.3.0
    Checking stable_deref_trait v1.2.0
   Compiling gilrs v0.10.10
    Checking vec_map v0.8.2
   Compiling anyhow v1.0.89
    Checking dpi v0.1.1
    Checking gilrs-core v0.5.15
    Checking yoke v0.7.4
    Checking glyph_brush_layout v0.2.4
    Checking lewton v0.10.2
    Checking gltf-json v1.4.1
   Compiling displaydoc v0.2.5
    Checking x11rb v0.13.1
   Compiling zerovec-derive v0.10.3
    Checking grid v0.14.0
    Checking fnv v1.0.7
    Checking zerovec v0.10.4
    Checking taffy v0.5.2
    Checking gltf v1.4.1
    Checking rodio v0.18.1
   Compiling bevy_gizmos_macros v0.14.2
   Compiling bevy_state_macros v0.14.2
    Checking base64 v0.22.1
   Compiling either v1.13.0
   Compiling typenum v1.17.0
    Checking writeable v0.5.5
   Compiling itertools v0.12.1
    Checking tinystr v0.7.6
    Checking accesskit_winit v0.20.4
   Compiling generic-array v0.14.7
    Checking litemap v0.7.3
   Compiling parking_lot_core v0.8.6
    Checking icu_locid v1.5.0
   Compiling icu_provider_macros v1.5.0
    Checking bevy_app v0.14.2
    Checking instant v0.1.13
    Checking bytes v1.7.2
    Checking bevy_core v0.14.2
    Checking bevy_a11y v0.14.2
    Checking bevy_time v0.14.2
    Checking bevy_window v0.14.2
    Checking bevy_hierarchy v0.14.2
    Checking bevy_asset v0.14.2
    Checking bevy_transform v0.14.2
    Checking bevy_log v0.14.2
    Checking bevy_input v0.14.2
    Checking bevy_state v0.14.2
    Checking bevy_diagnostic v0.14.2
   Compiling prost-derive v0.12.6
    Checking icu_provider v1.5.0
   Compiling yarnspinner_macros v0.1.0
    Checking icu_locid_transform_data v1.5.0
    Checking icu_locid_transform v1.5.0
    Checking prost v0.12.6
    Checking parking_lot v0.11.2
    Checking fixed_decimal v0.5.6
    Checking murmur3 v0.4.1
    Checking uuid v0.8.2
    Checking icu_plurals_data v1.5.0
    Checking better_any v0.2.0
    Checking anstyle v1.0.8
    Checking typed-arena v2.0.2
    Checking icu_plurals v1.5.0
    Checking antlr-rust v0.3.0-beta
    Checking annotate-snippets v0.10.2
    Checking bevy_winit v0.14.2
    Checking bevy_gilrs v0.14.2
    Checking crypto-common v0.1.6
    Checking block-buffer v0.10.4
    Checking unicode-normalization v0.1.24
    Checking unicode-segmentation v1.12.0
    Checking bevy_render v0.14.2
    Checking bevy_audio v0.14.2
    Checking digest v0.10.7
    Checking csv-core v0.1.11
    Checking cpufeatures v0.2.14
    Checking sha2 v0.10.8
    Checking csv v1.3.0
    Checking glob v0.3.1
    Checking bevy_core_pipeline v0.14.2
    Checking bevy_scene v0.14.2
    Checking bevy_animation v0.14.2
    Checking bevy_sprite v0.14.2
    Checking bevy_pbr v0.14.2
    Checking bevy_text v0.14.2
    Checking bevy_ui v0.14.2
    Checking bevy_gltf v0.14.2
    Checking bevy_gizmos v0.14.2
    Checking bevy_internal v0.14.2
    Checking bevy v0.14.2
    Checking yarnspinner_core v0.3.0
    Checking yarnspinner_compiler v0.3.0
    Checking yarnspinner_runtime v0.3.0
    Checking yarnspinner v0.3.0
    Checking bevy_yarnspinner v0.3.1
error[E0283]: type annotations needed
   --> /home/adwin/.cargo/registry/src/mirrors.tuna.tsinghua.edu.cn-4dc01642fd091eda/bevy_yarnspinner-0.3.1/src/commands/command_wrapping.rs:92:17
    |
 92 |                 call_inner(self, In(input), $($param),*)
    |                 ^^^^^^^^^^^^^^^^^^^^^^^^^^^^^^^^^^^^^^^^ cannot infer type
...
100 | all_tuples!(impl_command_function, 0, 16, F);
    | -------------------------------------------- in this macro invocation
    |
    = note: cannot satisfy `_: YarnFnParam`
    = help: the following types implement trait `YarnFnParam`:
              &bool
              &f32
              &f64
              &i128
              &i16
              &i32
              &i64
              &i8
            and 45 others
note: required by a bound in `<Func as command_wrapping::YarnCommand<fn(bevy::prelude::In<Input>) -> Output>>::run::call_inner`
   --> /home/adwin/.cargo/registry/src/mirrors.tuna.tsinghua.edu.cn-4dc01642fd091eda/bevy_yarnspinner-0.3.1/src/commands/command_wrapping.rs:84:38
    |
 84 |                 fn call_inner<Input: YarnFnParam, Output: TaskFinishedIndicator, $($param,)*>(
    |                                      ^^^^^^^^^^^ required by this bound in `call_inner`
...
100 | all_tuples!(impl_command_function, 0, 16, F);
    | -------------------------------------------- in this macro invocation
    = note: this error originates in the macro `impl_command_function` which comes from the expansion of the macro `all_tuples` (in Nightly builds, run with -Z macro-backtrace for more info)

error[E0283]: type annotations needed
   --> /home/adwin/.cargo/registry/src/mirrors.tuna.tsinghua.edu.cn-4dc01642fd091eda/bevy_yarnspinner-0.3.1/src/commands/command_wrapping.rs:92:17
    |
 92 |                 call_inner(self, In(input), $($param),*)
    |                 ^^^^^^^^^^^^^^^^^^^^^^^^^^^^^^^^^^^^^^^^ cannot infer type
...
100 | all_tuples!(impl_command_function, 0, 16, F);
    | -------------------------------------------- in this macro invocation
    |
    = note: cannot satisfy `_: YarnFnParam`
    = help: the following types implement trait `YarnFnParam`:
              &bool
              &f32
              &f64
              &i128
              &i16
              &i32
              &i64
              &i8
            and 45 others
note: required by a bound in `<Func as command_wrapping::YarnCommand<fn(bevy::prelude::In<Input>, F0) -> Output>>::run::call_inner`
   --> /home/adwin/.cargo/registry/src/mirrors.tuna.tsinghua.edu.cn-4dc01642fd091eda/bevy_yarnspinner-0.3.1/src/commands/command_wrapping.rs:84:38
    |
 84 |                 fn call_inner<Input: YarnFnParam, Output: TaskFinishedIndicator, $($param,)*>(
    |                                      ^^^^^^^^^^^ required by this bound in `call_inner`
...
100 | all_tuples!(impl_command_function, 0, 16, F);
    | -------------------------------------------- in this macro invocation
    = note: this error originates in the macro `impl_command_function` which comes from the expansion of the macro `all_tuples` (in Nightly builds, run with -Z macro-backtrace for more info)

error[E0283]: type annotations needed
   --> /home/adwin/.cargo/registry/src/mirrors.tuna.tsinghua.edu.cn-4dc01642fd091eda/bevy_yarnspinner-0.3.1/src/commands/command_wrapping.rs:92:17
    |
 92 |                 call_inner(self, In(input), $($param),*)
    |                 ^^^^^^^^^^^^^^^^^^^^^^^^^^^^^^^^^^^^^^^^ cannot infer type
...
100 | all_tuples!(impl_command_function, 0, 16, F);
    | -------------------------------------------- in this macro invocation
    |
    = note: cannot satisfy `_: YarnFnParam`
    = help: the following types implement trait `YarnFnParam`:
              &bool
              &f32
              &f64
              &i128
              &i16
              &i32
              &i64
              &i8
            and 45 others
note: required by a bound in `<Func as command_wrapping::YarnCommand<fn(bevy::prelude::In<Input>, F0, F1) -> Output>>::run::call_inner`
   --> /home/adwin/.cargo/registry/src/mirrors.tuna.tsinghua.edu.cn-4dc01642fd091eda/bevy_yarnspinner-0.3.1/src/commands/command_wrapping.rs:84:38
    |
 84 |                 fn call_inner<Input: YarnFnParam, Output: TaskFinishedIndicator, $($param,)*>(
    |                                      ^^^^^^^^^^^ required by this bound in `call_inner`
...
100 | all_tuples!(impl_command_function, 0, 16, F);
    | -------------------------------------------- in this macro invocation
    = note: this error originates in the macro `impl_command_function` which comes from the expansion of the macro `all_tuples` (in Nightly builds, run with -Z macro-backtrace for more info)

error[E0283]: type annotations needed
   --> /home/adwin/.cargo/registry/src/mirrors.tuna.tsinghua.edu.cn-4dc01642fd091eda/bevy_yarnspinner-0.3.1/src/commands/command_wrapping.rs:92:17
    |
 92 |                 call_inner(self, In(input), $($param),*)
    |                 ^^^^^^^^^^^^^^^^^^^^^^^^^^^^^^^^^^^^^^^^ cannot infer type
...
100 | all_tuples!(impl_command_function, 0, 16, F);
    | -------------------------------------------- in this macro invocation
    |
    = note: cannot satisfy `_: YarnFnParam`
    = help: the following types implement trait `YarnFnParam`:
              &bool
              &f32
              &f64
              &i128
              &i16
              &i32
              &i64
              &i8
            and 45 others
note: required by a bound in `<Func as command_wrapping::YarnCommand<fn(bevy::prelude::In<Input>, F0, F1, F2) -> Output>>::run::call_inner`
   --> /home/adwin/.cargo/registry/src/mirrors.tuna.tsinghua.edu.cn-4dc01642fd091eda/bevy_yarnspinner-0.3.1/src/commands/command_wrapping.rs:84:38
    |
 84 |                 fn call_inner<Input: YarnFnParam, Output: TaskFinishedIndicator, $($param,)*>(
    |                                      ^^^^^^^^^^^ required by this bound in `call_inner`
...
100 | all_tuples!(impl_command_function, 0, 16, F);
    | -------------------------------------------- in this macro invocation
    = note: this error originates in the macro `impl_command_function` which comes from the expansion of the macro `all_tuples` (in Nightly builds, run with -Z macro-backtrace for more info)

error[E0283]: type annotations needed
   --> /home/adwin/.cargo/registry/src/mirrors.tuna.tsinghua.edu.cn-4dc01642fd091eda/bevy_yarnspinner-0.3.1/src/commands/command_wrapping.rs:92:17
    |
 92 |                 call_inner(self, In(input), $($param),*)
    |                 ^^^^^^^^^^^^^^^^^^^^^^^^^^^^^^^^^^^^^^^^ cannot infer type
...
100 | all_tuples!(impl_command_function, 0, 16, F);
    | -------------------------------------------- in this macro invocation
    |
    = note: cannot satisfy `_: YarnFnParam`
    = help: the following types implement trait `YarnFnParam`:
              &bool
              &f32
              &f64
              &i128
              &i16
              &i32
              &i64
              &i8
            and 45 others
note: required by a bound in `<Func as command_wrapping::YarnCommand<fn(bevy::prelude::In<Input>, F0, F1, F2, F3) -> Output>>::run::call_inner`
   --> /home/adwin/.cargo/registry/src/mirrors.tuna.tsinghua.edu.cn-4dc01642fd091eda/bevy_yarnspinner-0.3.1/src/commands/command_wrapping.rs:84:38
    |
 84 |                 fn call_inner<Input: YarnFnParam, Output: TaskFinishedIndicator, $($param,)*>(
    |                                      ^^^^^^^^^^^ required by this bound in `call_inner`
...
100 | all_tuples!(impl_command_function, 0, 16, F);
    | -------------------------------------------- in this macro invocation
    = note: this error originates in the macro `impl_command_function` which comes from the expansion of the macro `all_tuples` (in Nightly builds, run with -Z macro-backtrace for more info)

error[E0283]: type annotations needed
   --> /home/adwin/.cargo/registry/src/mirrors.tuna.tsinghua.edu.cn-4dc01642fd091eda/bevy_yarnspinner-0.3.1/src/commands/command_wrapping.rs:92:17
    |
 92 |                 call_inner(self, In(input), $($param),*)
    |                 ^^^^^^^^^^^^^^^^^^^^^^^^^^^^^^^^^^^^^^^^ cannot infer type
...
100 | all_tuples!(impl_command_function, 0, 16, F);
    | -------------------------------------------- in this macro invocation
    |
    = note: cannot satisfy `_: YarnFnParam`
    = help: the following types implement trait `YarnFnParam`:
              &bool
              &f32
              &f64
              &i128
              &i16
              &i32
              &i64
              &i8
            and 45 others
note: required by a bound in `<Func as command_wrapping::YarnCommand<fn(bevy::prelude::In<Input>, F0, F1, F2, F3, F4) -> Output>>::run::call_inner`
   --> /home/adwin/.cargo/registry/src/mirrors.tuna.tsinghua.edu.cn-4dc01642fd091eda/bevy_yarnspinner-0.3.1/src/commands/command_wrapping.rs:84:38
    |
 84 |                 fn call_inner<Input: YarnFnParam, Output: TaskFinishedIndicator, $($param,)*>(
    |                                      ^^^^^^^^^^^ required by this bound in `call_inner`
...
100 | all_tuples!(impl_command_function, 0, 16, F);
    | -------------------------------------------- in this macro invocation
    = note: this error originates in the macro `impl_command_function` which comes from the expansion of the macro `all_tuples` (in Nightly builds, run with -Z macro-backtrace for more info)

error[E0283]: type annotations needed
   --> /home/adwin/.cargo/registry/src/mirrors.tuna.tsinghua.edu.cn-4dc01642fd091eda/bevy_yarnspinner-0.3.1/src/commands/command_wrapping.rs:92:17
    |
 92 |                 call_inner(self, In(input), $($param),*)
    |                 ^^^^^^^^^^^^^^^^^^^^^^^^^^^^^^^^^^^^^^^^ cannot infer type
...
100 | all_tuples!(impl_command_function, 0, 16, F);
    | -------------------------------------------- in this macro invocation
    |
    = note: cannot satisfy `_: YarnFnParam`
    = help: the following types implement trait `YarnFnParam`:
              &bool
              &f32
              &f64
              &i128
              &i16
              &i32
              &i64
              &i8
            and 45 others
note: required by a bound in `<Func as command_wrapping::YarnCommand<fn(bevy::prelude::In<Input>, F0, F1, F2, F3, F4, F5) -> Output>>::run::call_inner`
   --> /home/adwin/.cargo/registry/src/mirrors.tuna.tsinghua.edu.cn-4dc01642fd091eda/bevy_yarnspinner-0.3.1/src/commands/command_wrapping.rs:84:38
    |
 84 |                 fn call_inner<Input: YarnFnParam, Output: TaskFinishedIndicator, $($param,)*>(
    |                                      ^^^^^^^^^^^ required by this bound in `call_inner`
...
100 | all_tuples!(impl_command_function, 0, 16, F);
    | -------------------------------------------- in this macro invocation
    = note: this error originates in the macro `impl_command_function` which comes from the expansion of the macro `all_tuples` (in Nightly builds, run with -Z macro-backtrace for more info)

error[E0283]: type annotations needed
   --> /home/adwin/.cargo/registry/src/mirrors.tuna.tsinghua.edu.cn-4dc01642fd091eda/bevy_yarnspinner-0.3.1/src/commands/command_wrapping.rs:92:17
    |
 92 |                 call_inner(self, In(input), $($param),*)
    |                 ^^^^^^^^^^^^^^^^^^^^^^^^^^^^^^^^^^^^^^^^ cannot infer type
...
100 | all_tuples!(impl_command_function, 0, 16, F);
    | -------------------------------------------- in this macro invocation
    |
    = note: cannot satisfy `_: YarnFnParam`
    = help: the following types implement trait `YarnFnParam`:
              &bool
              &f32
              &f64
              &i128
              &i16
              &i32
              &i64
              &i8
            and 45 others
note: required by a bound in `<Func as command_wrapping::YarnCommand<fn(bevy::prelude::In<Input>, F0, F1, F2, F3, F4, F5, F6) -> Output>>::run::call_inner`
   --> /home/adwin/.cargo/registry/src/mirrors.tuna.tsinghua.edu.cn-4dc01642fd091eda/bevy_yarnspinner-0.3.1/src/commands/command_wrapping.rs:84:38
    |
 84 |                 fn call_inner<Input: YarnFnParam, Output: TaskFinishedIndicator, $($param,)*>(
    |                                      ^^^^^^^^^^^ required by this bound in `call_inner`
...
100 | all_tuples!(impl_command_function, 0, 16, F);
    | -------------------------------------------- in this macro invocation
    = note: this error originates in the macro `impl_command_function` which comes from the expansion of the macro `all_tuples` (in Nightly builds, run with -Z macro-backtrace for more info)

error[E0283]: type annotations needed
   --> /home/adwin/.cargo/registry/src/mirrors.tuna.tsinghua.edu.cn-4dc01642fd091eda/bevy_yarnspinner-0.3.1/src/commands/command_wrapping.rs:92:17
    |
 92 |                 call_inner(self, In(input), $($param),*)
    |                 ^^^^^^^^^^^^^^^^^^^^^^^^^^^^^^^^^^^^^^^^ cannot infer type
...
100 | all_tuples!(impl_command_function, 0, 16, F);
    | -------------------------------------------- in this macro invocation
    |
    = note: cannot satisfy `_: YarnFnParam`
    = help: the following types implement trait `YarnFnParam`:
              &bool
              &f32
              &f64
              &i128
              &i16
              &i32
              &i64
              &i8
            and 45 others
note: required by a bound in `<Func as command_wrapping::YarnCommand<fn(bevy::prelude::In<Input>, F0, F1, F2, F3, F4, F5, F6, F7) -> Output>>::run::call_inner`
   --> /home/adwin/.cargo/registry/src/mirrors.tuna.tsinghua.edu.cn-4dc01642fd091eda/bevy_yarnspinner-0.3.1/src/commands/command_wrapping.rs:84:38
    |
 84 |                 fn call_inner<Input: YarnFnParam, Output: TaskFinishedIndicator, $($param,)*>(
    |                                      ^^^^^^^^^^^ required by this bound in `call_inner`
...
100 | all_tuples!(impl_command_function, 0, 16, F);
    | -------------------------------------------- in this macro invocation
    = note: this error originates in the macro `impl_command_function` which comes from the expansion of the macro `all_tuples` (in Nightly builds, run with -Z macro-backtrace for more info)

error[E0283]: type annotations needed
   --> /home/adwin/.cargo/registry/src/mirrors.tuna.tsinghua.edu.cn-4dc01642fd091eda/bevy_yarnspinner-0.3.1/src/commands/command_wrapping.rs:92:17
    |
 92 |                 call_inner(self, In(input), $($param),*)
    |                 ^^^^^^^^^^^^^^^^^^^^^^^^^^^^^^^^^^^^^^^^ cannot infer type
...
100 | all_tuples!(impl_command_function, 0, 16, F);
    | -------------------------------------------- in this macro invocation
    |
    = note: cannot satisfy `_: YarnFnParam`
    = help: the following types implement trait `YarnFnParam`:
              &bool
              &f32
              &f64
              &i128
              &i16
              &i32
              &i64
              &i8
            and 45 others
note: required by a bound in `<Func as command_wrapping::YarnCommand<fn(bevy::prelude::In<Input>, F0, F1, F2, F3, F4, F5, F6, F7, F8) -> Output>>::run::call_inner`
   --> /home/adwin/.cargo/registry/src/mirrors.tuna.tsinghua.edu.cn-4dc01642fd091eda/bevy_yarnspinner-0.3.1/src/commands/command_wrapping.rs:84:38
    |
 84 |                 fn call_inner<Input: YarnFnParam, Output: TaskFinishedIndicator, $($param,)*>(
    |                                      ^^^^^^^^^^^ required by this bound in `call_inner`
...
100 | all_tuples!(impl_command_function, 0, 16, F);
    | -------------------------------------------- in this macro invocation
    = note: this error originates in the macro `impl_command_function` which comes from the expansion of the macro `all_tuples` (in Nightly builds, run with -Z macro-backtrace for more info)

error[E0283]: type annotations needed
   --> /home/adwin/.cargo/registry/src/mirrors.tuna.tsinghua.edu.cn-4dc01642fd091eda/bevy_yarnspinner-0.3.1/src/commands/command_wrapping.rs:92:17
    |
 92 |                 call_inner(self, In(input), $($param),*)
    |                 ^^^^^^^^^^^^^^^^^^^^^^^^^^^^^^^^^^^^^^^^ cannot infer type
...
100 | all_tuples!(impl_command_function, 0, 16, F);
    | -------------------------------------------- in this macro invocation
    |
    = note: cannot satisfy `_: YarnFnParam`
    = help: the following types implement trait `YarnFnParam`:
              &bool
              &f32
              &f64
              &i128
              &i16
              &i32
              &i64
              &i8
            and 45 others
note: required by a bound in `<Func as command_wrapping::YarnCommand<fn(bevy::prelude::In<Input>, F0, F1, F2, F3, F4, F5, F6, F7, F8, F9) -> Output>>::run::call_inner`
   --> /home/adwin/.cargo/registry/src/mirrors.tuna.tsinghua.edu.cn-4dc01642fd091eda/bevy_yarnspinner-0.3.1/src/commands/command_wrapping.rs:84:38
    |
 84 |                 fn call_inner<Input: YarnFnParam, Output: TaskFinishedIndicator, $($param,)*>(
    |                                      ^^^^^^^^^^^ required by this bound in `call_inner`
...
100 | all_tuples!(impl_command_function, 0, 16, F);
    | -------------------------------------------- in this macro invocation
    = note: this error originates in the macro `impl_command_function` which comes from the expansion of the macro `all_tuples` (in Nightly builds, run with -Z macro-backtrace for more info)

error[E0283]: type annotations needed
   --> /home/adwin/.cargo/registry/src/mirrors.tuna.tsinghua.edu.cn-4dc01642fd091eda/bevy_yarnspinner-0.3.1/src/commands/command_wrapping.rs:92:17
    |
 92 |                 call_inner(self, In(input), $($param),*)
    |                 ^^^^^^^^^^^^^^^^^^^^^^^^^^^^^^^^^^^^^^^^ cannot infer type
...
100 | all_tuples!(impl_command_function, 0, 16, F);
    | -------------------------------------------- in this macro invocation
    |
    = note: cannot satisfy `_: YarnFnParam`
    = help: the following types implement trait `YarnFnParam`:
              &bool
              &f32
              &f64
              &i128
              &i16
              &i32
              &i64
              &i8
            and 45 others
note: required by a bound in `<Func as command_wrapping::YarnCommand<fn(bevy::prelude::In<Input>, F0, F1, F2, F3, F4, F5, F6, F7, F8, F9, F10) -> Output>>::run::call_inner`
   --> /home/adwin/.cargo/registry/src/mirrors.tuna.tsinghua.edu.cn-4dc01642fd091eda/bevy_yarnspinner-0.3.1/src/commands/command_wrapping.rs:84:38
    |
 84 |                 fn call_inner<Input: YarnFnParam, Output: TaskFinishedIndicator, $($param,)*>(
    |                                      ^^^^^^^^^^^ required by this bound in `call_inner`
...
100 | all_tuples!(impl_command_function, 0, 16, F);
    | -------------------------------------------- in this macro invocation
    = note: this error originates in the macro `impl_command_function` which comes from the expansion of the macro `all_tuples` (in Nightly builds, run with -Z macro-backtrace for more info)

error[E0283]: type annotations needed
   --> /home/adwin/.cargo/registry/src/mirrors.tuna.tsinghua.edu.cn-4dc01642fd091eda/bevy_yarnspinner-0.3.1/src/commands/command_wrapping.rs:92:17
    |
 92 |                 call_inner(self, In(input), $($param),*)
    |                 ^^^^^^^^^^^^^^^^^^^^^^^^^^^^^^^^^^^^^^^^ cannot infer type
...
100 | all_tuples!(impl_command_function, 0, 16, F);
    | -------------------------------------------- in this macro invocation
    |
    = note: cannot satisfy `_: YarnFnParam`
    = help: the following types implement trait `YarnFnParam`:
              &bool
              &f32
              &f64
              &i128
              &i16
              &i32
              &i64
              &i8
            and 45 others
note: required by a bound in `<Func as command_wrapping::YarnCommand<fn(bevy::prelude::In<Input>, F0, F1, F2, F3, F4, F5, F6, F7, F8, F9, F10, F11) -> Output>>::run::call_inner`
   --> /home/adwin/.cargo/registry/src/mirrors.tuna.tsinghua.edu.cn-4dc01642fd091eda/bevy_yarnspinner-0.3.1/src/commands/command_wrapping.rs:84:38
    |
 84 |                 fn call_inner<Input: YarnFnParam, Output: TaskFinishedIndicator, $($param,)*>(
    |                                      ^^^^^^^^^^^ required by this bound in `call_inner`
...
100 | all_tuples!(impl_command_function, 0, 16, F);
    | -------------------------------------------- in this macro invocation
    = note: this error originates in the macro `impl_command_function` which comes from the expansion of the macro `all_tuples` (in Nightly builds, run with -Z macro-backtrace for more info)

error[E0283]: type annotations needed
   --> /home/adwin/.cargo/registry/src/mirrors.tuna.tsinghua.edu.cn-4dc01642fd091eda/bevy_yarnspinner-0.3.1/src/commands/command_wrapping.rs:92:17
    |
 92 |                 call_inner(self, In(input), $($param),*)
    |                 ^^^^^^^^^^^^^^^^^^^^^^^^^^^^^^^^^^^^^^^^ cannot infer type
...
100 | all_tuples!(impl_command_function, 0, 16, F);
    | -------------------------------------------- in this macro invocation
    |
    = note: cannot satisfy `_: YarnFnParam`
    = help: the following types implement trait `YarnFnParam`:
              &bool
              &f32
              &f64
              &i128
              &i16
              &i32
              &i64
              &i8
            and 45 others
note: required by a bound in `<Func as command_wrapping::YarnCommand<fn(bevy::prelude::In<Input>, F0, F1, F2, F3, F4, F5, F6, F7, F8, F9, F10, F11, F12) -> Output>>::run::call_inner`
   --> /home/adwin/.cargo/registry/src/mirrors.tuna.tsinghua.edu.cn-4dc01642fd091eda/bevy_yarnspinner-0.3.1/src/commands/command_wrapping.rs:84:38
    |
 84 |                 fn call_inner<Input: YarnFnParam, Output: TaskFinishedIndicator, $($param,)*>(
    |                                      ^^^^^^^^^^^ required by this bound in `call_inner`
...
100 | all_tuples!(impl_command_function, 0, 16, F);
    | -------------------------------------------- in this macro invocation
    = note: this error originates in the macro `impl_command_function` which comes from the expansion of the macro `all_tuples` (in Nightly builds, run with -Z macro-backtrace for more info)

error[E0283]: type annotations needed
   --> /home/adwin/.cargo/registry/src/mirrors.tuna.tsinghua.edu.cn-4dc01642fd091eda/bevy_yarnspinner-0.3.1/src/commands/command_wrapping.rs:92:17
    |
 92 |                 call_inner(self, In(input), $($param),*)
    |                 ^^^^^^^^^^^^^^^^^^^^^^^^^^^^^^^^^^^^^^^^ cannot infer type
...
100 | all_tuples!(impl_command_function, 0, 16, F);
    | -------------------------------------------- in this macro invocation
    |
    = note: cannot satisfy `_: YarnFnParam`
    = help: the following types implement trait `YarnFnParam`:
              &bool
              &f32
              &f64
              &i128
              &i16
              &i32
              &i64
              &i8
            and 45 others
note: required by a bound in `<Func as command_wrapping::YarnCommand<fn(bevy::prelude::In<Input>, F0, F1, F2, F3, F4, F5, F6, F7, F8, F9, F10, F11, F12, F13) -> Output>>::run::call_inner`
   --> /home/adwin/.cargo/registry/src/mirrors.tuna.tsinghua.edu.cn-4dc01642fd091eda/bevy_yarnspinner-0.3.1/src/commands/command_wrapping.rs:84:38
    |
 84 |                 fn call_inner<Input: YarnFnParam, Output: TaskFinishedIndicator, $($param,)*>(
    |                                      ^^^^^^^^^^^ required by this bound in `call_inner`
...
100 | all_tuples!(impl_command_function, 0, 16, F);
    | -------------------------------------------- in this macro invocation
    = note: this error originates in the macro `impl_command_function` which comes from the expansion of the macro `all_tuples` (in Nightly builds, run with -Z macro-backtrace for more info)

error[E0283]: type annotations needed
   --> /home/adwin/.cargo/registry/src/mirrors.tuna.tsinghua.edu.cn-4dc01642fd091eda/bevy_yarnspinner-0.3.1/src/commands/command_wrapping.rs:92:17
    |
 92 |                 call_inner(self, In(input), $($param),*)
    |                 ^^^^^^^^^^^^^^^^^^^^^^^^^^^^^^^^^^^^^^^^ cannot infer type
...
100 | all_tuples!(impl_command_function, 0, 16, F);
    | -------------------------------------------- in this macro invocation
    |
    = note: cannot satisfy `_: YarnFnParam`
    = help: the following types implement trait `YarnFnParam`:
              &bool
              &f32
              &f64
              &i128
              &i16
              &i32
              &i64
              &i8
            and 45 others
note: required by a bound in `<Func as command_wrapping::YarnCommand<fn(bevy::prelude::In<Input>, F0, F1, F2, F3, F4, F5, F6, F7, F8, F9, F10, F11, F12, F13, F14) -> Output>>::run::call_inner`
   --> /home/adwin/.cargo/registry/src/mirrors.tuna.tsinghua.edu.cn-4dc01642fd091eda/bevy_yarnspinner-0.3.1/src/commands/command_wrapping.rs:84:38
    |
 84 |                 fn call_inner<Input: YarnFnParam, Output: TaskFinishedIndicator, $($param,)*>(
    |                                      ^^^^^^^^^^^ required by this bound in `call_inner`
...
100 | all_tuples!(impl_command_function, 0, 16, F);
    | -------------------------------------------- in this macro invocation
    = note: this error originates in the macro `impl_command_function` which comes from the expansion of the macro `all_tuples` (in Nightly builds, run with -Z macro-backtrace for more info)

error[E0283]: type annotations needed
   --> /home/adwin/.cargo/registry/src/mirrors.tuna.tsinghua.edu.cn-4dc01642fd091eda/bevy_yarnspinner-0.3.1/src/commands/command_wrapping.rs:92:17
    |
 92 |                 call_inner(self, In(input), $($param),*)
    |                 ^^^^^^^^^^^^^^^^^^^^^^^^^^^^^^^^^^^^^^^^ cannot infer type
...
100 | all_tuples!(impl_command_function, 0, 16, F);
    | -------------------------------------------- in this macro invocation
    |
    = note: cannot satisfy `_: YarnFnParam`
    = help: the following types implement trait `YarnFnParam`:
              &bool
              &f32
              &f64
              &i128
              &i16
              &i32
              &i64
              &i8
            and 45 others
note: required by a bound in `<Func as command_wrapping::YarnCommand<fn(bevy::prelude::In<Input>, F0, F1, F2, F3, F4, F5, F6, F7, F8, F9, F10, F11, F12, F13, F14, F15) -> Output>>::run::call_inner`
   --> /home/adwin/.cargo/registry/src/mirrors.tuna.tsinghua.edu.cn-4dc01642fd091eda/bevy_yarnspinner-0.3.1/src/commands/command_wrapping.rs:84:38
    |
 84 |                 fn call_inner<Input: YarnFnParam, Output: TaskFinishedIndicator, $($param,)*>(
    |                                      ^^^^^^^^^^^ required by this bound in `call_inner`
...
100 | all_tuples!(impl_command_function, 0, 16, F);
    | -------------------------------------------- in this macro invocation
    = note: this error originates in the macro `impl_command_function` which comes from the expansion of the macro `all_tuples` (in Nightly builds, run with -Z macro-backtrace for more info)

For more information about this error, try `rustc --explain E0283`.
error: could not compile `bevy_yarnspinner` (lib) due to 17 previous errors
