Running as unit: run-p1610304-i1610604.scope; invocation ID: f081406dc0ce4c92bb1ba18af80e9eb6
    Updating `tuna` index
 Downloading crates ...
  Downloaded log-once v0.4.1 (registry `tuna`)
  Downloaded clean-path v0.2.1 (registry `tuna`)
  Downloaded atomig-macro v0.4.0 (registry `tuna`)
  Downloaded re_tuid v0.23.3 (registry `tuna`)
  Downloaded re_string_interner v0.23.3 (registry `tuna`)
  Downloaded re_log v0.23.3 (registry `tuna`)
  Downloaded re_error v0.23.3 (registry `tuna`)
  Downloaded re_view_tensor v0.23.3 (registry `tuna`)
  Downloaded re_case v0.23.3 (registry `tuna`)
  Downloaded sublime_fuzzy v0.7.0 (registry `tuna`)
  Downloaded re_build_info v0.23.3 (registry `tuna`)
  Downloaded rust-format v0.3.4 (registry `tuna`)
  Downloaded re_capabilities v0.23.3 (registry `tuna`)
  Downloaded lz4_flex v0.7.5 (registry `tuna`)
  Downloaded http-cache-semantics v2.1.0 (registry `tuna`)
  Downloaded hello_egui_utils v0.8.0 (registry `tuna`)
  Downloaded puffin_http v0.16.1 (registry `tuna`)
  Downloaded re_byte_size v0.23.3 (registry `tuna`)
  Downloaded econtext v0.2.0 (registry `tuna`)
  Downloaded clang-format v0.3.0 (registry `tuna`)
  Downloaded re_format_arrow v0.23.3 (registry `tuna`)
  Downloaded similar-asserts v1.7.0 (registry `tuna`)
  Downloaded rosbag v0.6.3 (registry `tuna`)
  Downloaded re_format v0.23.3 (registry `tuna`)
  Downloaded egui_table v0.3.0 (registry `tuna`)
  Downloaded http-cache-reqwest v0.15.1 (registry `tuna`)
  Downloaded atomig v0.4.3 (registry `tuna`)
  Downloaded re_grpc_client v0.23.3 (registry `tuna`)
  Downloaded re_uri v0.23.3 (registry `tuna`)
  Downloaded re_crash_handler v0.23.3 (registry `tuna`)
  Downloaded quaternion-core v0.5.4 (registry `tuna`)
  Downloaded re_build_tools v0.23.3 (registry `tuna`)
  Downloaded poll-promise v0.3.0 (registry `tuna`)
  Downloaded puffin v0.19.1 (registry `tuna`)
  Downloaded rexif v0.7.5 (registry `tuna`)
  Downloaded re_memory v0.23.3 (registry `tuna`)
  Downloaded re_math v0.20.0 (registry `tuna`)
  Downloaded uvt v0.1.0 (registry `tuna`)
  Downloaded re_tracing v0.23.3 (registry `tuna`)
  Downloaded re_smart_channel v0.23.3 (registry `tuna`)
  Downloaded egui_commonmark_backend v0.20.0 (registry `tuna`)
  Downloaded reflink-copy v0.1.26 (registry `tuna`)
  Downloaded ply-rs v0.1.3 (registry `tuna`)
  Downloaded hexasphere v14.1.0 (registry `tuna`)
  Downloaded arrow v54.3.1 (registry `tuna`)
  Downloaded arrow-string v54.3.1 (registry `tuna`)
  Downloaded re_dataframe v0.23.3 (registry `tuna`)
  Downloaded re_data_source v0.23.3 (registry `tuna`)
  Downloaded re_sorbet v0.23.3 (registry `tuna`)
  Downloaded re_grpc_server v0.23.3 (registry `tuna`)
  Downloaded arrow-row v54.3.1 (registry `tuna`)
  Downloaded http-cache v0.20.1 (registry `tuna`)
  Downloaded egui_commonmark v0.20.0 (registry `tuna`)
  Downloaded egui_animation v0.8.0 (registry `tuna`)
  Downloaded fjadra v0.2.1 (registry `tuna`)
  Downloaded re_analytics v0.23.3 (registry `tuna`)
  Downloaded egui_plot v0.32.1 (registry `tuna`)
  Downloaded egui_dnd v0.12.0 (registry `tuna`)
  Downloaded re_mp4 v0.3.0 (registry `tuna`)
  Downloaded cacache v13.1.0 (registry `tuna`)
  Downloaded arrow-data v54.3.1 (registry `tuna`)
  Downloaded arrow-schema v54.3.1 (registry `tuna`)
  Downloaded re_log_encoding v0.23.3 (registry `tuna`)
  Downloaded re_view_bar_chart v0.23.3 (registry `tuna`)
  Downloaded re_video v0.23.3 (registry `tuna`)
  Downloaded re_view_text_document v0.23.3 (registry `tuna`)
  Downloaded re_dataframe_ui v0.23.3 (registry `tuna`)
  Downloaded re_data_loader v0.23.3 (registry `tuna`)
  Downloaded arrow-ord v54.3.1 (registry `tuna`)
  Downloaded re_entity_db v0.23.3 (registry `tuna`)
  Downloaded re_view_map v0.23.3 (registry `tuna`)
  Downloaded arrow-arith v54.3.1 (registry `tuna`)
  Downloaded binrw_derive v0.12.0 (registry `tuna`)
  Downloaded re_chunk_store_ui v0.23.3 (registry `tuna`)
  Downloaded re_component_ui v0.23.3 (registry `tuna`)
  Downloaded re_view_text_log v0.23.3 (registry `tuna`)
  Downloaded walkers v0.36.0 (registry `tuna`)
  Downloaded re_viewport v0.23.3 (registry `tuna`)
  Downloaded re_query v0.23.3 (registry `tuna`)
  Downloaded re_context_menu v0.23.3 (registry `tuna`)
  Downloaded re_types_core v0.23.3 (registry `tuna`)
  Downloaded egui_tiles v0.12.0 (registry `tuna`)
  Downloaded arrow-buffer v54.3.1 (registry `tuna`)
  Downloaded arrow-select v54.3.1 (registry `tuna`)
  Downloaded re_view v0.23.3 (registry `tuna`)
  Downloaded re_redap_browser v0.23.3 (registry `tuna`)
  Downloaded arrow-cast v54.3.1 (registry `tuna`)
  Downloaded arrow-ipc v54.3.1 (registry `tuna`)
  Downloaded arrow-array v54.3.1 (registry `tuna`)
  Downloaded re_chunk v0.23.3 (registry `tuna`)
  Downloaded re_view_time_series v0.23.3 (registry `tuna`)
  Downloaded jiff-static v0.2.14 (registry `tuna`)
  Downloaded re_protos v0.23.3 (registry `tuna`)
  Downloaded re_log_types v0.23.3 (registry `tuna`)
  Downloaded re_sdk v0.23.3 (registry `tuna`)
  Downloaded re_data_ui v0.23.3 (registry `tuna`)
  Downloaded re_chunk_store v0.23.3 (registry `tuna`)
  Downloaded re_blueprint_tree v0.23.3 (registry `tuna`)
  Downloaded binrw v0.12.0 (registry `tuna`)
  Downloaded re_types_builder v0.23.3 (registry `tuna`)
  Downloaded parquet v54.3.1 (registry `tuna`)
  Downloaded re_view_graph v0.23.3 (registry `tuna`)
  Downloaded re_view_dataframe v0.23.3 (registry `tuna`)
  Downloaded re_selection_panel v0.23.3 (registry `tuna`)
  Downloaded re_time_panel v0.23.3 (registry `tuna`)
  Downloaded re_view_spatial v0.23.3 (registry `tuna`)
  Downloaded re_renderer v0.23.3 (registry `tuna`)
  Downloaded vtkio v0.6.3 (registry `tuna`)
  Downloaded tinystl v0.0.3 (registry `tuna`)
  Downloaded re_viewport_blueprint v0.23.3 (registry `tuna`)
  Downloaded re_types v0.23.3 (registry `tuna`)
  Downloaded re_ui v0.23.3 (registry `tuna`)
  Downloaded rerun v0.23.3 (registry `tuna`)
  Downloaded re_rav1d v0.1.3 (registry `tuna`)
  Downloaded re_viewer_context v0.23.3 (registry `tuna`)
  Downloaded re_int_histogram v0.23.3 (registry `tuna`)
  Downloaded re_arrow_util v0.23.3 (registry `tuna`)
  Downloaded mcap v0.23.1 (registry `tuna`)
  Downloaded re_viewer v0.23.3 (registry `tuna`)
  Downloaded tqdm v0.7.0 (registry `tuna`)
  Downloaded tonic-web v0.12.3 (registry `tuna`)
  Downloaded re_web_viewer_server v0.23.3 (registry `tuna`)
   Compiling proc-macro2 v1.0.95
   Compiling unicode-ident v1.0.18
   Compiling libc v0.2.172
   Compiling autocfg v1.4.0
    Checking cfg-if v1.0.0
   Compiling version_check v0.9.5
   Compiling libm v0.2.15
   Compiling serde v1.0.219
    Checking once_cell v1.21.3
    Checking bytes v1.10.1
    Checking smallvec v1.15.1
   Compiling num-traits v0.2.19
   Compiling semver v1.0.26
   Compiling getrandom v0.3.3
    Checking log v0.4.27
   Compiling shlex v1.3.0
   Compiling zerocopy v0.8.25
   Compiling anyhow v1.0.98
    Checking pin-project-lite v0.2.16
    Checking static_assertions v1.1.0
    Checking hashbrown v0.15.4
   Compiling typenum v1.18.0
   Compiling quote v1.0.40
   Compiling syn v2.0.101
   Compiling jobserver v0.1.33
    Checking memchr v2.7.4
   Compiling ahash v0.8.12
   Compiling thiserror v1.0.69
    Checking arrow-schema v54.3.1
   Compiling cc v1.2.24
    Checking iana-time-zone v0.1.63
   Compiling lock_api v0.4.13
    Checking byteorder v1.5.0
   Compiling parking_lot_core v0.9.11
    Checking scopeguard v1.2.0
    Checking bitflags v1.3.2
    Checking getrandom v0.2.16
    Checking lexical-util v1.0.6
    Checking num-integer v0.1.46
    Checking num-complex v0.4.6
    Checking chrono v0.4.41
    Checking parking_lot v0.12.4
    Checking num-bigint v0.4.6
    Checking num-iter v0.1.45
    Checking tracing-core v0.1.34
    Checking itoa v1.0.15
    Checking base64 v0.22.1
    Checking lexical-parse-integer v1.0.5
    Checking lexical-write-integer v1.0.5
    Checking ryu v1.0.20
    Checking lexical-parse-float v1.0.5
    Checking aho-corasick v1.1.3
    Checking lexical-write-float v1.0.5
    Checking regex-syntax v0.8.5
    Checking adler2 v2.0.0
    Checking stable_deref_trait v1.2.0
    Checking utf8parse v0.2.2
    Checking miniz_oxide v0.8.8
    Checking anstyle-parse v0.2.6
    Checking atoi v2.0.0
    Checking anstyle-query v1.1.2
    Checking lexical-core v1.0.5
    Checking either v1.15.0
    Checking colorchoice v1.0.3
    Checking anstyle v1.0.10
    Checking is_terminal_polyfill v1.70.1
   Compiling generic-array v0.14.7
    Checking futures-core v0.3.31
    Checking anstream v0.6.18
   Compiling crossbeam-utils v0.8.21
    Checking signal-hook-registry v1.4.5
   Compiling litrs v0.4.1
    Checking env_filter v0.1.3
    Checking fnv v1.0.7
    Checking jiff v0.2.14
    Checking log-once v0.4.1
    Checking zeroize v1.8.1
   Compiling serde_json v1.0.140
   Compiling camino v1.1.10
   Compiling document-features v0.2.11
    Checking rustls-pki-types v1.12.0
    Checking itertools v0.10.5
    Checking litemap v0.8.0
    Checking regex-automata v0.4.9
    Checking unicode-segmentation v1.12.0
   Compiling object v0.36.7
    Checking writeable v0.6.1
    Checking itertools v0.14.0
   Compiling ring v0.17.14
   Compiling icu_normalizer_data v2.0.0
    Checking gimli v0.31.1
   Compiling icu_properties_data v2.0.1
    Checking puffin v0.19.1
    Checking re_tracing v0.23.3
    Checking crossbeam-epoch v0.9.18
    Checking http v1.3.1
    Checking regex v1.11.1
   Compiling synstructure v0.13.2
    Checking socket2 v0.5.10
    Checking addr2line v0.24.2
    Checking mio v1.0.4
    Checking percent-encoding v2.3.1
    Checking env_logger v0.11.8
    Checking rustc-demangle v0.1.24
   Compiling same-file v1.0.6
   Compiling walkdir v2.5.0
    Checking crossbeam-deque v0.8.6
    Checking untrusted v0.9.0
    Checking nohash-hasher v0.2.0
    Checking web-time v1.1.0
    Checking pin-utils v0.1.0
   Compiling glob v0.3.2
    Checking futures-task v0.3.31
    Checking futures-util v0.3.31
    Checking http-body v1.0.1
    Checking convert_case v0.6.0
   Compiling slab v0.4.9
    Checking tower-service v0.3.3
   Compiling az v1.2.1
    Checking futures-sink v0.3.31
   Compiling rustls v0.23.27
    Checking re_case v0.23.3
    Checking crossbeam-channel v0.5.15
    Checking subtle v2.6.1
   Compiling crypto-common v0.1.6
   Compiling block-buffer v0.10.4
    Checking utf8_iter v1.0.4
   Compiling serde_derive v1.0.219
   Compiling bytemuck_derive v1.9.3
   Compiling thiserror-impl v1.0.69
   Compiling tracing-attributes v0.1.29
   Compiling zerofrom-derive v0.1.6
   Compiling yoke-derive v0.8.0
   Compiling zerovec-derive v0.11.1
   Compiling displaydoc v0.2.5
    Checking bytemuck v1.23.0
   Compiling tokio-macros v2.5.0
    Checking tracing v0.1.41
    Checking half v2.6.0
    Checking re_log v0.23.3
    Checking zerofrom v0.1.6
    Checking backtrace v0.3.75
    Checking yoke v0.8.0
    Checking bitflags v2.9.1
    Checking re_error v0.23.3
   Compiling fixed v1.29.0
   Compiling powerfmt v0.2.0
    Checking zerotrie v0.2.2
    Checking tokio v1.45.1
   Compiling deranged v0.4.0
   Compiling digest v0.10.7
    Checking zerovec v0.11.2
    Checking form_urlencoded v1.2.1
    Checking crossbeam-queue v0.3.12
    Checking re_format v0.23.3
    Checking equivalent v1.0.2
   Compiling pkg-config v0.3.32
   Compiling cpufeatures v0.2.17
   Compiling num-conv v0.1.0
    Checking unicode-width v0.2.0
   Compiling rustix v0.38.44
   Compiling time-core v0.1.4
   Compiling httparse v1.10.1
    Checking tower-layer v0.3.3
    Checking rustls-webpki v0.103.3
   Compiling time v0.3.41
   Compiling sha2 v0.10.9
    Checking indexmap v2.9.0
    Checking crossbeam v0.8.4
   Compiling num-derive v0.4.2
    Checking tinystr v0.8.1
    Checking potential_utf v0.1.2
    Checking icu_collections v2.0.0
    Checking icu_locale_core v2.0.0
    Checking ppv-lite86 v0.2.21
    Checking icu_provider v2.0.0
    Checking rand_core v0.6.4
    Checking linux-raw-sys v0.4.15
    Checking icu_properties v2.0.1
    Checking icu_normalizer v2.0.0
    Checking natord v1.0.9
    Checking clean-path v0.2.1
   Compiling paste v1.0.15
    Checking atomic-waker v1.1.2
    Checking try-lock v0.2.5
   Compiling rustversion v1.0.21
   Compiling unindent v0.2.4
    Checking mime v0.3.17
    Checking want v0.3.1
    Checking rand_chacha v0.3.1
    Checking http-body-util v0.1.3
    Checking idna_adapter v1.2.1
    Checking idna v1.0.3
    Checking futures-channel v0.3.31
   Compiling indexmap v1.9.3
    Checking sync_wrapper v1.0.2
    Checking httpdate v1.0.3
    Checking crossterm v0.28.1
    Checking rand v0.8.5
    Checking tokio-util v0.7.15
   Compiling async-trait v0.1.88
   Compiling pin-project-internal v1.1.10
    Checking h2 v0.4.10
   Compiling unicase v2.8.1
    Checking num-rational v0.4.2
    Checking uuid v1.17.0
    Checking re_string_interner v0.23.3
    Checking num v0.4.3
    Checking url v2.5.4
    Checking arrow-buffer v54.3.1
   Compiling cargo-platform v0.1.9
   Compiling rustc_version v0.4.1
    Checking arrow-data v54.3.1
   Compiling prost-derive v0.13.5
    Checking hashbrown v0.12.3
   Compiling flatbuffers v24.12.23
    Checking pin-project v1.1.10
    Checking axum-core v0.4.5
    Checking arrow-array v54.3.1
   Compiling cargo_metadata v0.18.1
    Checking comfy-table v7.1.4
    Checking tower v0.5.2
    Checking console v0.15.11
   Compiling async-stream-impl v0.3.6
    Checking crc32fast v1.4.2
    Checking openssl-probe v0.1.6
    Checking matchit v0.7.3
    Checking prost v0.13.5
    Checking async-stream v0.3.6
    Checking rustls-native-certs v0.8.1
    Checking tower v0.4.13
   Compiling re_build_tools v0.23.3
    Checking tokio-rustls v0.26.2
    Checking tokio-stream v0.1.17
    Checking arrow-select v54.3.1
    Checking arrow-ipc v54.3.1
    Checking arrow-row v54.3.1
    Checking arrow-arith v54.3.1
    Checking hyper v1.6.0
    Checking similar v2.7.0
    Checking rustls-pemfile v2.2.0
    Checking arrow-cast v54.3.1
    Checking arrow-ord v54.3.1
    Checking arrow-string v54.3.1
    Checking similar-asserts v1.7.0
    Checking flate2 v1.1.1
    Checking twox-hash v1.6.3
   Compiling rustix v1.0.7
    Checking prost-types v0.13.5
    Checking rmp v0.8.14
   Compiling error-chain v0.12.4
   Compiling pulldown-cmark v0.9.6
    Checking hyper-util v0.1.14
   Compiling linux-raw-sys v0.9.4
    Checking rmp-serde v1.3.0
    Checking lz4_flex v0.11.3
    Checking arrow v54.3.1
    Checking serde_bytes v0.11.17
    Checking re_byte_size v0.23.3
    Checking re_arrow_util v0.23.3
    Checking re_build_info v0.23.3
    Checking re_tuid v0.23.3
    Checking axum v0.7.9
    Checking re_types_core v0.23.3
   Compiling siphasher v1.0.1
   Compiling fastrand v2.3.0
   Compiling phf_shared v0.11.3
   Compiling cargo_metadata v0.14.2
   Compiling bytecount v0.6.9
   Compiling phf v0.11.3
    Checking re_format_arrow v0.23.3
    Checking webpki-roots v1.0.0
    Checking mio v0.8.11
   Compiling matrixmultiply v0.3.10
    Checking hyper-timeout v0.5.2
   Compiling tempfile v3.20.0
   Compiling cfg_aliases v0.2.1
    Checking emath v0.31.1
    Checking array-init v2.1.0
   Compiling rayon-core v1.12.1
   Compiling peg-runtime v0.6.3
   Compiling skeptic v0.13.7
   Compiling syn v1.0.109
   Compiling re_video v0.23.3
    Checking webpki-roots v0.26.11
   Compiling peg-macros v0.6.3
   Compiling mime_guess2 v2.3.1
   Compiling zstd-sys v2.0.15+zstd.1.5.7
   Compiling ident_case v1.0.1
   Compiling seq-macro v0.3.6
    Checking zune-core v0.4.12
   Compiling ply-rs v0.1.3
    Checking glam v0.28.0
    Checking econtext v0.2.0
    Checking rawpointer v0.2.1
    Checking option-ext v0.2.0
    Checking dirs-sys v0.4.1
    Checking zune-jpeg v0.4.16
   Compiling darling_core v0.20.11
    Checking peg v0.6.3
    Checking ureq v2.12.1
   Compiling re_analytics v0.23.3
    Checking re_mp4 v0.3.0
    Checking cfb v0.7.3
    Checking re_log_types v0.23.3
    Checking poll-promise v0.3.0
   Compiling lz4-sys v1.11.1+lz4-1.10.0
    Checking weezl v0.1.10
    Checking bit-vec v0.8.0
   Compiling snap v1.1.1
    Checking byteorder-lite v0.1.0
    Checking re_sorbet v0.23.3
    Checking re_uri v0.23.3
   Compiling signal-hook v0.3.18
    Checking linked-hash-map v0.5.6
    Checking jpeg-decoder v0.3.1
    Checking re_smart_channel v0.23.3
    Checking re_chunk v0.23.3
   Compiling darling_macro v0.20.11
    Checking image v0.25.6
    Checking tiff v0.9.1
    Checking re_math v0.20.0
    Checking infer v0.16.0
    Checking ehttp v0.5.0
    Checking rayon v1.10.0
    Checking ndarray v0.16.1
    Checking directories v5.0.1
    Checking tonic v0.12.3
    Checking ecolor v0.31.1
   Compiling lzma-sys v0.1.20
   Compiling bzip2-sys v0.1.13+1.0.8
    Checking ordered-float v2.10.1
    Checking inotify-sys v0.1.5
   Compiling binrw_derive v0.12.0
    Checking indent v0.1.1
   Compiling zstd-safe v7.2.4
    Checking integer-encoding v3.0.4
    Checking tap v1.0.1
    Checking thrift v0.17.0
    Checking inotify v0.9.6
    Checking re_protos v0.23.3
   Compiling darling v0.20.11
    Checking tower-http v0.5.2
    Checking sysinfo v0.30.13
    Checking memory-stats v1.2.0
    Checking filetime v0.2.25
   Compiling owo-colors v3.5.0
   Compiling unicode-xid v0.2.6
   Compiling binrw v0.12.0
   Compiling portable-atomic v1.11.1
    Checking re_memory v0.23.3
    Checking re_types v0.23.3
   Compiling const_format_proc_macros v0.2.34
    Checking notify v6.1.1
    Checking tonic-web v0.12.3
    Checking signal-hook-mio v0.2.4
   Compiling enumset_derive v0.11.0
    Checking parquet v54.3.1
    Checking re_crash_handler v0.23.3
   Compiling re_sdk v0.23.3
    Checking memchr v1.0.2
    Checking nom v3.2.1
    Checking re_log_encoding v0.23.3
    Checking re_chunk_store v0.23.3
    Checking re_grpc_client v0.23.3
error[E0271]: type mismatch resolving `[i32] == ScalarBuffer<i32>`
   --> /home/adwin/.cargo/registry/src/mirrors.tuna.tsinghua.edu.cn-4dc01642fd091eda/parquet-54.3.1/src/arrow/arrow_writer/mod.rs:823:44
    |
823 |                     write_primitive(typed, array.values(), levels)
    |                                            ^^^^^^^^^^^^^^ types differ

error[E0271]: type mismatch resolving `[i32] == ScalarBuffer<i32>`
   --> /home/adwin/.cargo/registry/src/mirrors.tuna.tsinghua.edu.cn-4dc01642fd091eda/parquet-54.3.1/src/arrow/arrow_writer/mod.rs:837:44
    |
837 |                     write_primitive(typed, array.values(), levels)
    |                                            ^^^^^^^^^^^^^^ types differ

error[E0271]: type mismatch resolving `[i32] == ScalarBuffer<i32>`
   --> /home/adwin/.cargo/registry/src/mirrors.tuna.tsinghua.edu.cn-4dc01642fd091eda/parquet-54.3.1/src/arrow/arrow_writer/mod.rs:844:44
    |
844 |                     write_primitive(typed, array.values(), levels)
    |                                            ^^^^^^^^^^^^^^ types differ

error[E0271]: type mismatch resolving `[i32] == ScalarBuffer<i32>`
   --> /home/adwin/.cargo/registry/src/mirrors.tuna.tsinghua.edu.cn-4dc01642fd091eda/parquet-54.3.1/src/arrow/arrow_writer/mod.rs:852:48
    |
852 |                         write_primitive(typed, array.values(), levels)
    |                                                ^^^^^^^^^^^^^^ types differ

error[E0271]: type mismatch resolving `[i32] == ScalarBuffer<i32>`
   --> /home/adwin/.cargo/registry/src/mirrors.tuna.tsinghua.edu.cn-4dc01642fd091eda/parquet-54.3.1/src/arrow/arrow_writer/mod.rs:859:48
    |
859 |                         write_primitive(typed, array.values(), levels)
    |                                                ^^^^^^^^^^^^^^ types differ

error[E0271]: type mismatch resolving `[i32] == ScalarBuffer<i32>`
   --> /home/adwin/.cargo/registry/src/mirrors.tuna.tsinghua.edu.cn-4dc01642fd091eda/parquet-54.3.1/src/arrow/arrow_writer/mod.rs:864:48
    |
864 |                         write_primitive(typed, array.values(), levels)
    |                                                ^^^^^^^^^^^^^^ types differ

error[E0271]: type mismatch resolving `[i32] == ScalarBuffer<i32>`
   --> /home/adwin/.cargo/registry/src/mirrors.tuna.tsinghua.edu.cn-4dc01642fd091eda/parquet-54.3.1/src/arrow/arrow_writer/mod.rs:870:44
    |
870 |                     write_primitive(typed, array.values(), levels)
    |                                            ^^^^^^^^^^^^^^ types differ

error[E0271]: type mismatch resolving `[i64] == ScalarBuffer<i64>`
   --> /home/adwin/.cargo/registry/src/mirrors.tuna.tsinghua.edu.cn-4dc01642fd091eda/parquet-54.3.1/src/arrow/arrow_writer/mod.rs:888:44
    |
888 |                     write_primitive(typed, array.values(), levels)
    |                                            ^^^^^^^^^^^^^^ types differ

error[E0271]: type mismatch resolving `[i64] == ScalarBuffer<i64>`
   --> /home/adwin/.cargo/registry/src/mirrors.tuna.tsinghua.edu.cn-4dc01642fd091eda/parquet-54.3.1/src/arrow/arrow_writer/mod.rs:892:44
    |
892 |                     write_primitive(typed, array.values(), levels)
    |                                            ^^^^^^^^^^^^^^ types differ

error[E0271]: type mismatch resolving `[i64] == ScalarBuffer<i64>`
   --> /home/adwin/.cargo/registry/src/mirrors.tuna.tsinghua.edu.cn-4dc01642fd091eda/parquet-54.3.1/src/arrow/arrow_writer/mod.rs:906:44
    |
906 |                     write_primitive(typed, array.values(), levels)
    |                                            ^^^^^^^^^^^^^^ types differ

error[E0271]: type mismatch resolving `[i64] == ScalarBuffer<i64>`
   --> /home/adwin/.cargo/registry/src/mirrors.tuna.tsinghua.edu.cn-4dc01642fd091eda/parquet-54.3.1/src/arrow/arrow_writer/mod.rs:913:44
    |
913 |                     write_primitive(typed, array.values(), levels)
    |                                            ^^^^^^^^^^^^^^ types differ

error[E0271]: type mismatch resolving `[i64] == ScalarBuffer<i64>`
   --> /home/adwin/.cargo/registry/src/mirrors.tuna.tsinghua.edu.cn-4dc01642fd091eda/parquet-54.3.1/src/arrow/arrow_writer/mod.rs:921:48
    |
921 |                         write_primitive(typed, array.values(), levels)
    |                                                ^^^^^^^^^^^^^^ types differ

error[E0271]: type mismatch resolving `[i64] == ScalarBuffer<i64>`
   --> /home/adwin/.cargo/registry/src/mirrors.tuna.tsinghua.edu.cn-4dc01642fd091eda/parquet-54.3.1/src/arrow/arrow_writer/mod.rs:928:48
    |
928 |                         write_primitive(typed, array.values(), levels)
    |                                                ^^^^^^^^^^^^^^ types differ

error[E0271]: type mismatch resolving `[i64] == ScalarBuffer<i64>`
   --> /home/adwin/.cargo/registry/src/mirrors.tuna.tsinghua.edu.cn-4dc01642fd091eda/parquet-54.3.1/src/arrow/arrow_writer/mod.rs:933:48
    |
933 |                         write_primitive(typed, array.values(), levels)
    |                                                ^^^^^^^^^^^^^^ types differ

error[E0271]: type mismatch resolving `[i64] == ScalarBuffer<i64>`
   --> /home/adwin/.cargo/registry/src/mirrors.tuna.tsinghua.edu.cn-4dc01642fd091eda/parquet-54.3.1/src/arrow/arrow_writer/mod.rs:939:44
    |
939 |                     write_primitive(typed, array.values(), levels)
    |                                            ^^^^^^^^^^^^^^ types differ

error[E0271]: type mismatch resolving `[f32] == ScalarBuffer<f32>`
   --> /home/adwin/.cargo/registry/src/mirrors.tuna.tsinghua.edu.cn-4dc01642fd091eda/parquet-54.3.1/src/arrow/arrow_writer/mod.rs:948:36
    |
948 |             write_primitive(typed, array.values(), levels)
    |                                    ^^^^^^^^^^^^^^ types differ

error[E0271]: type mismatch resolving `[f64] == ScalarBuffer<f64>`
   --> /home/adwin/.cargo/registry/src/mirrors.tuna.tsinghua.edu.cn-4dc01642fd091eda/parquet-54.3.1/src/arrow/arrow_writer/mod.rs:952:36
    |
952 |             write_primitive(typed, array.values(), levels)
    |                                    ^^^^^^^^^^^^^^ types differ

    Checking bzip2 v0.4.4
    Checking enumset v1.1.6
    Checking re_query v0.23.3
    Checking const_format v0.2.34
    Checking crossterm v0.25.0
For more information about this error, try `rustc --explain E0271`.
error: could not compile `parquet` (lib) due to 17 previous errors
warning: build failed, waiting for other jobs to finish...
