Running as unit: run-p1705078-i1705378.scope; invocation ID: c37cff4fe90045b3b72aa09eee042f82
   Compiling proc-macro2 v1.0.103
   Compiling unicode-ident v1.0.22
   Compiling quote v1.0.42
   Compiling autocfg v1.5.0
   Compiling libm v0.2.15
    Checking cfg-if v1.0.4
   Compiling serde_core v1.0.228
   Compiling cfg_aliases v0.2.1
   Compiling thiserror v2.0.17
   Compiling crossbeam-utils v0.8.21
   Compiling libc v0.2.178
    Checking log v0.4.29
    Checking arrayvec v0.7.6
   Compiling zerocopy v0.8.31
   Compiling num-traits v0.2.19
   Compiling rustversion v1.0.22
    Checking equivalent v1.0.2
   Compiling rayon-core v1.13.0
    Checking smallvec v1.15.1
    Checking simd-adler32 v0.3.8
    Checking crossbeam-epoch v0.9.18
    Checking allocator-api2 v0.2.21
    Checking foldhash v0.1.5
   Compiling syn v2.0.111
    Checking either v1.15.0
    Checking crossbeam-deque v0.8.6
    Checking hashbrown v0.15.5
   Compiling parking_lot_core v0.9.12
   Compiling heck v0.5.0
    Checking memchr v2.7.6
   Compiling anyhow v1.0.100
   Compiling naga v25.0.1
    Checking libloading v0.8.9
    Checking bit-vec v0.8.0
    Checking adler2 v2.0.1
   Compiling crc32fast v1.5.0
    Checking unicode-width v0.2.2
    Checking stable_deref_trait v1.2.1
   Compiling ash v0.38.0+1.3.281
   Compiling khronos-egl v6.0.0
    Checking scopeguard v1.2.0
    Checking num-integer v0.1.46
    Checking termcolor v1.4.1
    Checking hashbrown v0.16.1
    Checking lock_api v0.4.14
    Checking bit-set v0.8.0
    Checking as-slice v0.2.1
    Checking codespan-reporting v0.12.0
    Checking num-bigint v0.4.6
    Checking miniz_oxide v0.8.9
    Checking rayon v1.11.0
   Compiling wgpu-hal v25.0.2
   Compiling built v0.8.0
   Compiling av-scenechange v0.14.1
    Checking rustc-hash v1.1.0
    Checking bitflags v2.10.0
   Compiling paste v1.0.15
    Checking hexf-parse v0.2.1
    Checking spirv v0.3.0+sdk-1.3.268.0
    Checking indexmap v2.12.1
    Checking gpu-alloc-types v0.3.0
    Checking gpu-descriptor-types v0.2.0
    Checking once_cell v1.21.3
    Checking gpu-descriptor v0.3.2
   Compiling rav1e v0.8.1
    Checking gpu-alloc v0.6.0
    Checking num-rational v0.4.2
    Checking parking_lot v0.12.5
    Checking aligned v0.4.3
    Checking ordered-float v4.6.0
    Checking core2 v0.4.0
    Checking nom v8.0.0
    Checking quick-error v2.0.1
    Checking renderdoc-sys v1.1.0
   Compiling pastey v0.1.1
    Checking glow v0.16.0
    Checking y4m v0.8.0
    Checking raw-window-handle v0.6.2
    Checking bitstream-io v4.9.0
    Checking flate2 v1.1.5
    Checking itertools v0.14.0
   Compiling simd_helpers v0.1.0
   Compiling wgpu-core v25.0.2
    Checking zune-core v0.4.12
   Compiling litrs v1.0.0
    Checking imgref v1.12.0
    Checking new_debug_unreachable v1.0.6
    Checking weezl v0.1.12
   Compiling noop_proc_macro v0.3.0
    Checking maybe-rayon v0.1.1
    Checking loop9 v0.1.5
    Checking zune-jpeg v0.4.21
    Checking pxfm v0.1.27
    Checking fdeflate v0.3.7
   Compiling document-features v0.2.12
    Checking zune-inflate v0.2.54
    Checking avif-serialize v0.8.6
   Compiling wgpu v25.0.2
    Checking lebe v0.5.3
    Checking rgb v0.8.52
    Checking zune-core v0.5.0
    Checking bit_field v0.10.3
    Checking color_quant v1.1.0
    Checking byteorder-lite v0.1.0
    Checking png v0.18.0
    Checking zune-jpeg v0.5.7
    Checking gif v0.14.1
    Checking image-webp v0.2.4
    Checking ttf-parser v0.21.1
    Checking static_assertions v1.1.0
   Compiling thiserror-impl v2.0.17
   Compiling zerocopy-derive v0.8.31
   Compiling profiling-procmacros v1.0.17
   Compiling bytemuck_derive v1.10.2
   Compiling equator-macro v0.4.2
    Checking profiling v1.0.17
   Compiling strum_macros v0.26.4
   Compiling arg_enum_proc_macro v0.3.4
    Checking equator v0.4.2
    Checking aligned-vec v0.6.4
   Compiling num-derive v0.4.2
   Compiling fax_derive v0.2.0
    Checking v_frame v0.3.9
    Checking bytemuck v1.24.0
    Checking fax v0.2.6
    Checking wgpu-types v25.0.0
    Checking qoi v0.4.1
    Checking moxcms v0.7.11
    Checking fontdue v0.9.3
    Checking strum v0.26.3
    Checking half v2.7.1
    Checking tiff v0.10.3
    Checking exr v1.74.0
    Checking av1-grain v0.2.5
    Checking wgpu-core-deps-windows-linux-android v25.0.0
    Checking ravif v0.12.0
    Checking image v0.25.9
error[E0275]: overflow evaluating the requirement `wgpu_core::ContextWgpuCore: CommonTraits`
   --> /home/adwin/.cargo/registry/src/mirrors.tuna.tsinghua.edu.cn-4dc01642fd091eda/wgpu-25.0.2/src/backend/wgpu_core.rs:778:38
    |
778 | impl dispatch::InstanceInterface for ContextWgpuCore {
    |                                      ^^^^^^^^^^^^^^^
    |
    = help: consider increasing the recursion limit by adding a `#![recursion_limit = "256"]` attribute to your crate (`wgpu`)
note: required by a bound in `InstanceInterface`
   --> /home/adwin/.cargo/registry/src/mirrors.tuna.tsinghua.edu.cn-4dc01642fd091eda/wgpu-25.0.2/src/dispatch.rs:60:30
    |
 60 | pub trait InstanceInterface: CommonTraits {
    |                              ^^^^^^^^^^^^ required by this bound in `InstanceInterface`

error[E0275]: overflow evaluating the requirement `wgpu_core::CoreAdapter: CommonTraits`
   --> /home/adwin/.cargo/registry/src/mirrors.tuna.tsinghua.edu.cn-4dc01642fd091eda/wgpu-25.0.2/src/backend/wgpu_core.rs:900:37
    |
900 | impl dispatch::AdapterInterface for CoreAdapter {
    |                                     ^^^^^^^^^^^
    |
    = help: consider increasing the recursion limit by adding a `#![recursion_limit = "256"]` attribute to your crate (`wgpu`)
note: required by a bound in `AdapterInterface`
   --> /home/adwin/.cargo/registry/src/mirrors.tuna.tsinghua.edu.cn-4dc01642fd091eda/wgpu-25.0.2/src/dispatch.rs:81:29
    |
 81 | pub trait AdapterInterface: CommonTraits {
    |                             ^^^^^^^^^^^^ required by this bound in `AdapterInterface`

error[E0275]: overflow evaluating the requirement `wgpu_core::CoreDevice: CommonTraits`
   --> /home/adwin/.cargo/registry/src/mirrors.tuna.tsinghua.edu.cn-4dc01642fd091eda/wgpu-25.0.2/src/backend/wgpu_core.rs:985:36
    |
985 | impl dispatch::DeviceInterface for CoreDevice {
    |                                    ^^^^^^^^^^
    |
    = help: consider increasing the recursion limit by adding a `#![recursion_limit = "256"]` attribute to your crate (`wgpu`)
note: required by a bound in `DeviceInterface`
   --> /home/adwin/.cargo/registry/src/mirrors.tuna.tsinghua.edu.cn-4dc01642fd091eda/wgpu-25.0.2/src/dispatch.rs:105:28
    |
105 | pub trait DeviceInterface: CommonTraits {
    |                            ^^^^^^^^^^^^ required by this bound in `DeviceInterface`

error[E0275]: overflow evaluating the requirement `wgpu_core::CoreQueue: CommonTraits`
    --> /home/adwin/.cargo/registry/src/mirrors.tuna.tsinghua.edu.cn-4dc01642fd091eda/wgpu-25.0.2/src/backend/wgpu_core.rs:1716:35
     |
1716 | impl dispatch::QueueInterface for CoreQueue {
     |                                   ^^^^^^^^^
     |
     = help: consider increasing the recursion limit by adding a `#![recursion_limit = "256"]` attribute to your crate (`wgpu`)
note: required by a bound in `QueueInterface`
    --> /home/adwin/.cargo/registry/src/mirrors.tuna.tsinghua.edu.cn-4dc01642fd091eda/wgpu-25.0.2/src/dispatch.rs:177:27
     |
 177 | pub trait QueueInterface: CommonTraits {
     |                           ^^^^^^^^^^^^ required by this bound in `QueueInterface`

error[E0275]: overflow evaluating the requirement `wgpu_core::CoreShaderModule: CommonTraits`
    --> /home/adwin/.cargo/registry/src/mirrors.tuna.tsinghua.edu.cn-4dc01642fd091eda/wgpu-25.0.2/src/backend/wgpu_core.rs:1908:42
     |
1908 | impl dispatch::ShaderModuleInterface for CoreShaderModule {
     |                                          ^^^^^^^^^^^^^^^^
     |
     = help: consider increasing the recursion limit by adding a `#![recursion_limit = "256"]` attribute to your crate (`wgpu`)
note: required by a bound in `ShaderModuleInterface`
    --> /home/adwin/.cargo/registry/src/mirrors.tuna.tsinghua.edu.cn-4dc01642fd091eda/wgpu-25.0.2/src/dispatch.rs:215:34
     |
 215 | pub trait ShaderModuleInterface: CommonTraits {
     |                                  ^^^^^^^^^^^^ required by this bound in `ShaderModuleInterface`

error[E0275]: overflow evaluating the requirement `wgpu_core::CoreBindGroupLayout: CommonTraits`
    --> /home/adwin/.cargo/registry/src/mirrors.tuna.tsinghua.edu.cn-4dc01642fd091eda/wgpu-25.0.2/src/backend/wgpu_core.rs:1920:45
     |
1920 | impl dispatch::BindGroupLayoutInterface for CoreBindGroupLayout {}
     |                                             ^^^^^^^^^^^^^^^^^^^
     |
     = help: consider increasing the recursion limit by adding a `#![recursion_limit = "256"]` attribute to your crate (`wgpu`)
note: required by a bound in `BindGroupLayoutInterface`
    --> /home/adwin/.cargo/registry/src/mirrors.tuna.tsinghua.edu.cn-4dc01642fd091eda/wgpu-25.0.2/src/dispatch.rs:218:37
     |
 218 | pub trait BindGroupLayoutInterface: CommonTraits {}
     |                                     ^^^^^^^^^^^^ required by this bound in `BindGroupLayoutInterface`

error[E0275]: overflow evaluating the requirement `wgpu_core::CoreBindGroup: CommonTraits`
    --> /home/adwin/.cargo/registry/src/mirrors.tuna.tsinghua.edu.cn-4dc01642fd091eda/wgpu-25.0.2/src/backend/wgpu_core.rs:1928:39
     |
1928 | impl dispatch::BindGroupInterface for CoreBindGroup {}
     |                                       ^^^^^^^^^^^^^
     |
     = help: consider increasing the recursion limit by adding a `#![recursion_limit = "256"]` attribute to your crate (`wgpu`)
note: required by a bound in `BindGroupInterface`
    --> /home/adwin/.cargo/registry/src/mirrors.tuna.tsinghua.edu.cn-4dc01642fd091eda/wgpu-25.0.2/src/dispatch.rs:219:31
     |
 219 | pub trait BindGroupInterface: CommonTraits {}
     |                               ^^^^^^^^^^^^ required by this bound in `BindGroupInterface`

error[E0275]: overflow evaluating the requirement `wgpu_core::CoreTextureView: CommonTraits`
    --> /home/adwin/.cargo/registry/src/mirrors.tuna.tsinghua.edu.cn-4dc01642fd091eda/wgpu-25.0.2/src/backend/wgpu_core.rs:1936:41
     |
1936 | impl dispatch::TextureViewInterface for CoreTextureView {}
     |                                         ^^^^^^^^^^^^^^^
     |
     = help: consider increasing the recursion limit by adding a `#![recursion_limit = "256"]` attribute to your crate (`wgpu`)
note: required by a bound in `TextureViewInterface`
    --> /home/adwin/.cargo/registry/src/mirrors.tuna.tsinghua.edu.cn-4dc01642fd091eda/wgpu-25.0.2/src/dispatch.rs:220:33
     |
 220 | pub trait TextureViewInterface: CommonTraits {}
     |                                 ^^^^^^^^^^^^ required by this bound in `TextureViewInterface`

error[E0275]: overflow evaluating the requirement `wgpu_core::CoreSampler: CommonTraits`
    --> /home/adwin/.cargo/registry/src/mirrors.tuna.tsinghua.edu.cn-4dc01642fd091eda/wgpu-25.0.2/src/backend/wgpu_core.rs:1945:37
     |
1945 | impl dispatch::SamplerInterface for CoreSampler {}
     |                                     ^^^^^^^^^^^
     |
     = help: consider increasing the recursion limit by adding a `#![recursion_limit = "256"]` attribute to your crate (`wgpu`)
note: required by a bound in `SamplerInterface`
    --> /home/adwin/.cargo/registry/src/mirrors.tuna.tsinghua.edu.cn-4dc01642fd091eda/wgpu-25.0.2/src/dispatch.rs:221:29
     |
 221 | pub trait SamplerInterface: CommonTraits {}
     |                             ^^^^^^^^^^^^ required by this bound in `SamplerInterface`

error[E0275]: overflow evaluating the requirement `wgpu_core::CoreBuffer: CommonTraits`
    --> /home/adwin/.cargo/registry/src/mirrors.tuna.tsinghua.edu.cn-4dc01642fd091eda/wgpu-25.0.2/src/backend/wgpu_core.rs:1953:36
     |
1953 | impl dispatch::BufferInterface for CoreBuffer {
     |                                    ^^^^^^^^^^
     |
     = help: consider increasing the recursion limit by adding a `#![recursion_limit = "256"]` attribute to your crate (`wgpu`)
note: required by a bound in `BufferInterface`
    --> /home/adwin/.cargo/registry/src/mirrors.tuna.tsinghua.edu.cn-4dc01642fd091eda/wgpu-25.0.2/src/dispatch.rs:222:28
     |
 222 | pub trait BufferInterface: CommonTraits {
     |                            ^^^^^^^^^^^^ required by this bound in `BufferInterface`

error[E0275]: overflow evaluating the requirement `wgpu_core::CoreTexture: CommonTraits`
    --> /home/adwin/.cargo/registry/src/mirrors.tuna.tsinghua.edu.cn-4dc01642fd091eda/wgpu-25.0.2/src/backend/wgpu_core.rs:2036:37
     |
2036 | impl dispatch::TextureInterface for CoreTexture {
     |                                     ^^^^^^^^^^^
     |
     = help: consider increasing the recursion limit by adding a `#![recursion_limit = "256"]` attribute to your crate (`wgpu`)
note: required by a bound in `TextureInterface`
    --> /home/adwin/.cargo/registry/src/mirrors.tuna.tsinghua.edu.cn-4dc01642fd091eda/wgpu-25.0.2/src/dispatch.rs:241:29
     |
 241 | pub trait TextureInterface: CommonTraits {
     |                             ^^^^^^^^^^^^ required by this bound in `TextureInterface`

error[E0275]: overflow evaluating the requirement `wgpu_core::CoreBlas: CommonTraits`
    --> /home/adwin/.cargo/registry/src/mirrors.tuna.tsinghua.edu.cn-4dc01642fd091eda/wgpu-25.0.2/src/backend/wgpu_core.rs:2081:34
     |
2081 | impl dispatch::BlasInterface for CoreBlas {}
     |                                  ^^^^^^^^
     |
     = help: consider increasing the recursion limit by adding a `#![recursion_limit = "256"]` attribute to your crate (`wgpu`)
note: required by a bound in `BlasInterface`
    --> /home/adwin/.cargo/registry/src/mirrors.tuna.tsinghua.edu.cn-4dc01642fd091eda/wgpu-25.0.2/src/dispatch.rs:246:26
     |
 246 | pub trait BlasInterface: CommonTraits {}
     |                          ^^^^^^^^^^^^ required by this bound in `BlasInterface`

error[E0275]: overflow evaluating the requirement `wgpu_core::CoreTlas: CommonTraits`
    --> /home/adwin/.cargo/registry/src/mirrors.tuna.tsinghua.edu.cn-4dc01642fd091eda/wgpu-25.0.2/src/backend/wgpu_core.rs:2089:34
     |
2089 | impl dispatch::TlasInterface for CoreTlas {}
     |                                  ^^^^^^^^
     |
     = help: consider increasing the recursion limit by adding a `#![recursion_limit = "256"]` attribute to your crate (`wgpu`)
note: required by a bound in `TlasInterface`
    --> /home/adwin/.cargo/registry/src/mirrors.tuna.tsinghua.edu.cn-4dc01642fd091eda/wgpu-25.0.2/src/dispatch.rs:247:26
     |
 247 | pub trait TlasInterface: CommonTraits {}
     |                          ^^^^^^^^^^^^ required by this bound in `TlasInterface`

error[E0275]: overflow evaluating the requirement `wgpu_core::CoreQuerySet: CommonTraits`
    --> /home/adwin/.cargo/registry/src/mirrors.tuna.tsinghua.edu.cn-4dc01642fd091eda/wgpu-25.0.2/src/backend/wgpu_core.rs:2097:38
     |
2097 | impl dispatch::QuerySetInterface for CoreQuerySet {}
     |                                      ^^^^^^^^^^^^
     |
     = help: consider increasing the recursion limit by adding a `#![recursion_limit = "256"]` attribute to your crate (`wgpu`)
note: required by a bound in `QuerySetInterface`
    --> /home/adwin/.cargo/registry/src/mirrors.tuna.tsinghua.edu.cn-4dc01642fd091eda/wgpu-25.0.2/src/dispatch.rs:248:30
     |
 248 | pub trait QuerySetInterface: CommonTraits {}
     |                              ^^^^^^^^^^^^ required by this bound in `QuerySetInterface`

error[E0275]: overflow evaluating the requirement `wgpu_core::CorePipelineLayout: CommonTraits`
    --> /home/adwin/.cargo/registry/src/mirrors.tuna.tsinghua.edu.cn-4dc01642fd091eda/wgpu-25.0.2/src/backend/wgpu_core.rs:2105:44
     |
2105 | impl dispatch::PipelineLayoutInterface for CorePipelineLayout {}
     |                                            ^^^^^^^^^^^^^^^^^^
     |
     = help: consider increasing the recursion limit by adding a `#![recursion_limit = "256"]` attribute to your crate (`wgpu`)
note: required by a bound in `PipelineLayoutInterface`
    --> /home/adwin/.cargo/registry/src/mirrors.tuna.tsinghua.edu.cn-4dc01642fd091eda/wgpu-25.0.2/src/dispatch.rs:249:36
     |
 249 | pub trait PipelineLayoutInterface: CommonTraits {}
     |                                    ^^^^^^^^^^^^ required by this bound in `PipelineLayoutInterface`

error[E0275]: overflow evaluating the requirement `wgpu_core::CoreRenderPipeline: CommonTraits`
    --> /home/adwin/.cargo/registry/src/mirrors.tuna.tsinghua.edu.cn-4dc01642fd091eda/wgpu-25.0.2/src/backend/wgpu_core.rs:2113:44
     |
2113 | impl dispatch::RenderPipelineInterface for CoreRenderPipeline {
     |                                            ^^^^^^^^^^^^^^^^^^
     |
     = help: consider increasing the recursion limit by adding a `#![recursion_limit = "256"]` attribute to your crate (`wgpu`)
note: required by a bound in `RenderPipelineInterface`
    --> /home/adwin/.cargo/registry/src/mirrors.tuna.tsinghua.edu.cn-4dc01642fd091eda/wgpu-25.0.2/src/dispatch.rs:250:36
     |
 250 | pub trait RenderPipelineInterface: CommonTraits {
     |                                    ^^^^^^^^^^^^ required by this bound in `RenderPipelineInterface`

error[E0275]: overflow evaluating the requirement `wgpu_core::CoreComputePipeline: CommonTraits`
    --> /home/adwin/.cargo/registry/src/mirrors.tuna.tsinghua.edu.cn-4dc01642fd091eda/wgpu-25.0.2/src/backend/wgpu_core.rs:2140:45
     |
2140 | impl dispatch::ComputePipelineInterface for CoreComputePipeline {
     |                                             ^^^^^^^^^^^^^^^^^^^
     |
     = help: consider increasing the recursion limit by adding a `#![recursion_limit = "256"]` attribute to your crate (`wgpu`)
note: required by a bound in `ComputePipelineInterface`
    --> /home/adwin/.cargo/registry/src/mirrors.tuna.tsinghua.edu.cn-4dc01642fd091eda/wgpu-25.0.2/src/dispatch.rs:253:37
     |
 253 | pub trait ComputePipelineInterface: CommonTraits {
     |                                     ^^^^^^^^^^^^ required by this bound in `ComputePipelineInterface`

error[E0275]: overflow evaluating the requirement `wgpu_core::CorePipelineCache: CommonTraits`
    --> /home/adwin/.cargo/registry/src/mirrors.tuna.tsinghua.edu.cn-4dc01642fd091eda/wgpu-25.0.2/src/backend/wgpu_core.rs:2167:43
     |
2167 | impl dispatch::PipelineCacheInterface for CorePipelineCache {
     |                                           ^^^^^^^^^^^^^^^^^
     |
     = help: consider increasing the recursion limit by adding a `#![recursion_limit = "256"]` attribute to your crate (`wgpu`)
note: required by a bound in `PipelineCacheInterface`
    --> /home/adwin/.cargo/registry/src/mirrors.tuna.tsinghua.edu.cn-4dc01642fd091eda/wgpu-25.0.2/src/dispatch.rs:256:35
     |
 256 | pub trait PipelineCacheInterface: CommonTraits {
     |                                   ^^^^^^^^^^^^ required by this bound in `PipelineCacheInterface`

error[E0275]: overflow evaluating the requirement `wgpu_core::CoreCommandEncoder: CommonTraits`
    --> /home/adwin/.cargo/registry/src/mirrors.tuna.tsinghua.edu.cn-4dc01642fd091eda/wgpu-25.0.2/src/backend/wgpu_core.rs:2179:44
     |
2179 | impl dispatch::CommandEncoderInterface for CoreCommandEncoder {
     |                                            ^^^^^^^^^^^^^^^^^^
     |
     = help: consider increasing the recursion limit by adding a `#![recursion_limit = "256"]` attribute to your crate (`wgpu`)
note: required by a bound in `CommandEncoderInterface`
    --> /home/adwin/.cargo/registry/src/mirrors.tuna.tsinghua.edu.cn-4dc01642fd091eda/wgpu-25.0.2/src/dispatch.rs:259:36
     |
 259 | pub trait CommandEncoderInterface: CommonTraits {
     |                                    ^^^^^^^^^^^^ required by this bound in `CommandEncoderInterface`

error[E0275]: overflow evaluating the requirement `wgpu_core::CoreCommandBuffer: CommonTraits`
    --> /home/adwin/.cargo/registry/src/mirrors.tuna.tsinghua.edu.cn-4dc01642fd091eda/wgpu-25.0.2/src/backend/wgpu_core.rs:2684:43
     |
2684 | impl dispatch::CommandBufferInterface for CoreCommandBuffer {}
     |                                           ^^^^^^^^^^^^^^^^^
     |
     = help: consider increasing the recursion limit by adding a `#![recursion_limit = "256"]` attribute to your crate (`wgpu`)
note: required by a bound in `CommandBufferInterface`
    --> /home/adwin/.cargo/registry/src/mirrors.tuna.tsinghua.edu.cn-4dc01642fd091eda/wgpu-25.0.2/src/dispatch.rs:500:35
     |
 500 | pub trait CommandBufferInterface: CommonTraits {}
     |                                   ^^^^^^^^^^^^ required by this bound in `CommandBufferInterface`

error[E0275]: overflow evaluating the requirement `wgpu_core::CoreComputePass: CommonTraits`
    --> /home/adwin/.cargo/registry/src/mirrors.tuna.tsinghua.edu.cn-4dc01642fd091eda/wgpu-25.0.2/src/backend/wgpu_core.rs:2692:41
     |
2692 | impl dispatch::ComputePassInterface for CoreComputePass {
     |                                         ^^^^^^^^^^^^^^^
     |
     = help: consider increasing the recursion limit by adding a `#![recursion_limit = "256"]` attribute to your crate (`wgpu`)
note: required by a bound in `ComputePassInterface`
    --> /home/adwin/.cargo/registry/src/mirrors.tuna.tsinghua.edu.cn-4dc01642fd091eda/wgpu-25.0.2/src/dispatch.rs:339:33
     |
 339 | pub trait ComputePassInterface: CommonTraits {
     |                                 ^^^^^^^^^^^^ required by this bound in `ComputePassInterface`

error[E0275]: overflow evaluating the requirement `wgpu_core::CoreRenderPass: CommonTraits`
    --> /home/adwin/.cargo/registry/src/mirrors.tuna.tsinghua.edu.cn-4dc01642fd091eda/wgpu-25.0.2/src/backend/wgpu_core.rs:2895:40
     |
2895 | impl dispatch::RenderPassInterface for CoreRenderPass {
     |                                        ^^^^^^^^^^^^^^
     |
     = help: consider increasing the recursion limit by adding a `#![recursion_limit = "256"]` attribute to your crate (`wgpu`)
note: required by a bound in `RenderPassInterface`
    --> /home/adwin/.cargo/registry/src/mirrors.tuna.tsinghua.edu.cn-4dc01642fd091eda/wgpu-25.0.2/src/dispatch.rs:365:32
     |
 365 | pub trait RenderPassInterface: CommonTraits {
     |                                ^^^^^^^^^^^^ required by this bound in `RenderPassInterface`

error[E0275]: overflow evaluating the requirement `wgpu_core::CoreRenderBundleEncoder: CommonTraits`
    --> /home/adwin/.cargo/registry/src/mirrors.tuna.tsinghua.edu.cn-4dc01642fd091eda/wgpu-25.0.2/src/backend/wgpu_core.rs:3418:49
     |
3418 | impl dispatch::RenderBundleEncoderInterface for CoreRenderBundleEncoder {
     |                                                 ^^^^^^^^^^^^^^^^^^^^^^^
     |
     = help: consider increasing the recursion limit by adding a `#![recursion_limit = "256"]` attribute to your crate (`wgpu`)
note: required by a bound in `RenderBundleEncoderInterface`
    --> /home/adwin/.cargo/registry/src/mirrors.tuna.tsinghua.edu.cn-4dc01642fd091eda/wgpu-25.0.2/src/dispatch.rs:458:41
     |
 458 | pub trait RenderBundleEncoderInterface: CommonTraits {
     |                                         ^^^^^^^^^^^^ required by this bound in `RenderBundleEncoderInterface`

error[E0275]: overflow evaluating the requirement `wgpu_core::CoreSurface: CommonTraits`
    --> /home/adwin/.cargo/registry/src/mirrors.tuna.tsinghua.edu.cn-4dc01642fd091eda/wgpu-25.0.2/src/backend/wgpu_core.rs:3545:37
     |
3545 | impl dispatch::SurfaceInterface for CoreSurface {
     |                                     ^^^^^^^^^^^
     |
     = help: consider increasing the recursion limit by adding a `#![recursion_limit = "256"]` attribute to your crate (`wgpu`)
note: required by a bound in `SurfaceInterface`
    --> /home/adwin/.cargo/registry/src/mirrors.tuna.tsinghua.edu.cn-4dc01642fd091eda/wgpu-25.0.2/src/dispatch.rs:503:29
     |
 503 | pub trait SurfaceInterface: CommonTraits {
     |                             ^^^^^^^^^^^^ required by this bound in `SurfaceInterface`

error[E0275]: overflow evaluating the requirement `wgpu_core::CoreSurfaceOutputDetail: CommonTraits`
    --> /home/adwin/.cargo/registry/src/mirrors.tuna.tsinghua.edu.cn-4dc01642fd091eda/wgpu-25.0.2/src/backend/wgpu_core.rs:3622:49
     |
3622 | impl dispatch::SurfaceOutputDetailInterface for CoreSurfaceOutputDetail {
     |                                                 ^^^^^^^^^^^^^^^^^^^^^^^
     |
     = help: consider increasing the recursion limit by adding a `#![recursion_limit = "256"]` attribute to your crate (`wgpu`)
note: required by a bound in `SurfaceOutputDetailInterface`
    --> /home/adwin/.cargo/registry/src/mirrors.tuna.tsinghua.edu.cn-4dc01642fd091eda/wgpu-25.0.2/src/dispatch.rs:516:41
     |
 516 | pub trait SurfaceOutputDetailInterface: CommonTraits {
     |                                         ^^^^^^^^^^^^ required by this bound in `SurfaceOutputDetailInterface`

error[E0275]: overflow evaluating the requirement `adapter::Adapter: Send`
  --> /home/adwin/.cargo/registry/src/mirrors.tuna.tsinghua.edu.cn-4dc01642fd091eda/wgpu-25.0.2/src/api/adapter.rs:21:37
   |
21 | static_assertions::assert_impl_all!(Adapter: Send, Sync);
   |                                     ^^^^^^^
   |
   = help: consider increasing the recursion limit by adding a `#![recursion_limit = "256"]` attribute to your crate (`wgpu`)
note: required by a bound in `adapter::_::{closure#0}::assert_impl_all`
  --> /home/adwin/.cargo/registry/src/mirrors.tuna.tsinghua.edu.cn-4dc01642fd091eda/wgpu-25.0.2/src/api/adapter.rs:21:1
   |
21 | static_assertions::assert_impl_all!(Adapter: Send, Sync);
   | ^^^^^^^^^^^^^^^^^^^^^^^^^^^^^^^^^^^^^^^^^^^^^^^^^^^^^^^^ required by this bound in `assert_impl_all`
   = note: this error originates in the macro `static_assertions::assert_impl_all` (in Nightly builds, run with -Z macro-backtrace for more info)

error[E0275]: overflow evaluating the requirement `adapter::Adapter: Sync`
  --> /home/adwin/.cargo/registry/src/mirrors.tuna.tsinghua.edu.cn-4dc01642fd091eda/wgpu-25.0.2/src/api/adapter.rs:21:37
   |
21 | static_assertions::assert_impl_all!(Adapter: Send, Sync);
   |                                     ^^^^^^^
   |
   = help: consider increasing the recursion limit by adding a `#![recursion_limit = "256"]` attribute to your crate (`wgpu`)
note: required by a bound in `adapter::_::{closure#0}::assert_impl_all`
  --> /home/adwin/.cargo/registry/src/mirrors.tuna.tsinghua.edu.cn-4dc01642fd091eda/wgpu-25.0.2/src/api/adapter.rs:21:1
   |
21 | static_assertions::assert_impl_all!(Adapter: Send, Sync);
   | ^^^^^^^^^^^^^^^^^^^^^^^^^^^^^^^^^^^^^^^^^^^^^^^^^^^^^^^^ required by this bound in `assert_impl_all`
   = note: this error originates in the macro `static_assertions::assert_impl_all` (in Nightly builds, run with -Z macro-backtrace for more info)

error[E0275]: overflow evaluating the requirement `wgt::RequestAdapterOptions<&surface::Surface<'_>>: Send`
  --> /home/adwin/.cargo/registry/src/mirrors.tuna.tsinghua.edu.cn-4dc01642fd091eda/wgpu-25.0.2/src/api/adapter.rs:34:37
   |
34 | static_assertions::assert_impl_all!(RequestAdapterOptions<'_, '_>: Send, Sync);
   |                                     ^^^^^^^^^^^^^^^^^^^^^^^^^^^^^
   |
   = help: consider increasing the recursion limit by adding a `#![recursion_limit = "256"]` attribute to your crate (`wgpu`)
note: required by a bound in `adapter::_::{closure#0}::assert_impl_all`
  --> /home/adwin/.cargo/registry/src/mirrors.tuna.tsinghua.edu.cn-4dc01642fd091eda/wgpu-25.0.2/src/api/adapter.rs:34:1
   |
34 | static_assertions::assert_impl_all!(RequestAdapterOptions<'_, '_>: Send, Sync);
   | ^^^^^^^^^^^^^^^^^^^^^^^^^^^^^^^^^^^^^^^^^^^^^^^^^^^^^^^^^^^^^^^^^^^^^^^^^^^^^^ required by this bound in `assert_impl_all`
   = note: this error originates in the macro `static_assertions::assert_impl_all` (in Nightly builds, run with -Z macro-backtrace for more info)

error[E0275]: overflow evaluating the requirement `wgt::RequestAdapterOptions<&surface::Surface<'_>>: Sync`
  --> /home/adwin/.cargo/registry/src/mirrors.tuna.tsinghua.edu.cn-4dc01642fd091eda/wgpu-25.0.2/src/api/adapter.rs:34:37
   |
34 | static_assertions::assert_impl_all!(RequestAdapterOptions<'_, '_>: Send, Sync);
   |                                     ^^^^^^^^^^^^^^^^^^^^^^^^^^^^^
   |
   = help: consider increasing the recursion limit by adding a `#![recursion_limit = "256"]` attribute to your crate (`wgpu`)
note: required by a bound in `adapter::_::{closure#0}::assert_impl_all`
  --> /home/adwin/.cargo/registry/src/mirrors.tuna.tsinghua.edu.cn-4dc01642fd091eda/wgpu-25.0.2/src/api/adapter.rs:34:1
   |
34 | static_assertions::assert_impl_all!(RequestAdapterOptions<'_, '_>: Send, Sync);
   | ^^^^^^^^^^^^^^^^^^^^^^^^^^^^^^^^^^^^^^^^^^^^^^^^^^^^^^^^^^^^^^^^^^^^^^^^^^^^^^ required by this bound in `assert_impl_all`
   = note: this error originates in the macro `static_assertions::assert_impl_all` (in Nightly builds, run with -Z macro-backtrace for more info)

error[E0275]: overflow evaluating the requirement `bind_group::BindGroup: Send`
  --> /home/adwin/.cargo/registry/src/mirrors.tuna.tsinghua.edu.cn-4dc01642fd091eda/wgpu-25.0.2/src/api/bind_group.rs:16:37
   |
16 | static_assertions::assert_impl_all!(BindGroup: Send, Sync);
   |                                     ^^^^^^^^^
   |
   = help: consider increasing the recursion limit by adding a `#![recursion_limit = "256"]` attribute to your crate (`wgpu`)
note: required by a bound in `bind_group::_::{closure#0}::assert_impl_all`
  --> /home/adwin/.cargo/registry/src/mirrors.tuna.tsinghua.edu.cn-4dc01642fd091eda/wgpu-25.0.2/src/api/bind_group.rs:16:1
   |
16 | static_assertions::assert_impl_all!(BindGroup: Send, Sync);
   | ^^^^^^^^^^^^^^^^^^^^^^^^^^^^^^^^^^^^^^^^^^^^^^^^^^^^^^^^^^ required by this bound in `assert_impl_all`
   = note: this error originates in the macro `static_assertions::assert_impl_all` (in Nightly builds, run with -Z macro-backtrace for more info)

error[E0275]: overflow evaluating the requirement `bind_group::BindGroup: Sync`
  --> /home/adwin/.cargo/registry/src/mirrors.tuna.tsinghua.edu.cn-4dc01642fd091eda/wgpu-25.0.2/src/api/bind_group.rs:16:37
   |
16 | static_assertions::assert_impl_all!(BindGroup: Send, Sync);
   |                                     ^^^^^^^^^
   |
   = help: consider increasing the recursion limit by adding a `#![recursion_limit = "256"]` attribute to your crate (`wgpu`)
note: required by a bound in `bind_group::_::{closure#0}::assert_impl_all`
  --> /home/adwin/.cargo/registry/src/mirrors.tuna.tsinghua.edu.cn-4dc01642fd091eda/wgpu-25.0.2/src/api/bind_group.rs:16:1
   |
16 | static_assertions::assert_impl_all!(BindGroup: Send, Sync);
   | ^^^^^^^^^^^^^^^^^^^^^^^^^^^^^^^^^^^^^^^^^^^^^^^^^^^^^^^^^^ required by this bound in `assert_impl_all`
   = note: this error originates in the macro `static_assertions::assert_impl_all` (in Nightly builds, run with -Z macro-backtrace for more info)

error[E0275]: overflow evaluating the requirement `bind_group::BindingResource<'_>: Send`
  --> /home/adwin/.cargo/registry/src/mirrors.tuna.tsinghua.edu.cn-4dc01642fd091eda/wgpu-25.0.2/src/api/bind_group.rs:78:37
   |
78 | static_assertions::assert_impl_all!(BindingResource<'_>: Send, Sync);
   |                                     ^^^^^^^^^^^^^^^^^^^
   |
   = help: consider increasing the recursion limit by adding a `#![recursion_limit = "256"]` attribute to your crate (`wgpu`)
note: required by a bound in `bind_group::_::{closure#0}::assert_impl_all`
  --> /home/adwin/.cargo/registry/src/mirrors.tuna.tsinghua.edu.cn-4dc01642fd091eda/wgpu-25.0.2/src/api/bind_group.rs:78:1
   |
78 | static_assertions::assert_impl_all!(BindingResource<'_>: Send, Sync);
   | ^^^^^^^^^^^^^^^^^^^^^^^^^^^^^^^^^^^^^^^^^^^^^^^^^^^^^^^^^^^^^^^^^^^^ required by this bound in `assert_impl_all`
   = note: this error originates in the macro `static_assertions::assert_impl_all` (in Nightly builds, run with -Z macro-backtrace for more info)

error[E0275]: overflow evaluating the requirement `bind_group::BindingResource<'_>: Sync`
  --> /home/adwin/.cargo/registry/src/mirrors.tuna.tsinghua.edu.cn-4dc01642fd091eda/wgpu-25.0.2/src/api/bind_group.rs:78:37
   |
78 | static_assertions::assert_impl_all!(BindingResource<'_>: Send, Sync);
   |                                     ^^^^^^^^^^^^^^^^^^^
   |
   = help: consider increasing the recursion limit by adding a `#![recursion_limit = "256"]` attribute to your crate (`wgpu`)
note: required by a bound in `bind_group::_::{closure#0}::assert_impl_all`
  --> /home/adwin/.cargo/registry/src/mirrors.tuna.tsinghua.edu.cn-4dc01642fd091eda/wgpu-25.0.2/src/api/bind_group.rs:78:1
   |
78 | static_assertions::assert_impl_all!(BindingResource<'_>: Send, Sync);
   | ^^^^^^^^^^^^^^^^^^^^^^^^^^^^^^^^^^^^^^^^^^^^^^^^^^^^^^^^^^^^^^^^^^^^ required by this bound in `assert_impl_all`
   = note: this error originates in the macro `static_assertions::assert_impl_all` (in Nightly builds, run with -Z macro-backtrace for more info)

error[E0275]: overflow evaluating the requirement `bind_group::BufferBinding<'_>: Send`
   --> /home/adwin/.cargo/registry/src/mirrors.tuna.tsinghua.edu.cn-4dc01642fd091eda/wgpu-25.0.2/src/api/bind_group.rs:110:37
    |
110 | static_assertions::assert_impl_all!(BufferBinding<'_>: Send, Sync);
    |                                     ^^^^^^^^^^^^^^^^^
    |
    = help: consider increasing the recursion limit by adding a `#![recursion_limit = "256"]` attribute to your crate (`wgpu`)
note: required by a bound in `bind_group::_::{closure#0}::assert_impl_all`
   --> /home/adwin/.cargo/registry/src/mirrors.tuna.tsinghua.edu.cn-4dc01642fd091eda/wgpu-25.0.2/src/api/bind_group.rs:110:1
    |
110 | static_assertions::assert_impl_all!(BufferBinding<'_>: Send, Sync);
    | ^^^^^^^^^^^^^^^^^^^^^^^^^^^^^^^^^^^^^^^^^^^^^^^^^^^^^^^^^^^^^^^^^^ required by this bound in `assert_impl_all`
    = note: this error originates in the macro `static_assertions::assert_impl_all` (in Nightly builds, run with -Z macro-backtrace for more info)

error[E0275]: overflow evaluating the requirement `bind_group::BufferBinding<'_>: Sync`
   --> /home/adwin/.cargo/registry/src/mirrors.tuna.tsinghua.edu.cn-4dc01642fd091eda/wgpu-25.0.2/src/api/bind_group.rs:110:37
    |
110 | static_assertions::assert_impl_all!(BufferBinding<'_>: Send, Sync);
    |                                     ^^^^^^^^^^^^^^^^^
    |
    = help: consider increasing the recursion limit by adding a `#![recursion_limit = "256"]` attribute to your crate (`wgpu`)
note: required by a bound in `bind_group::_::{closure#0}::assert_impl_all`
   --> /home/adwin/.cargo/registry/src/mirrors.tuna.tsinghua.edu.cn-4dc01642fd091eda/wgpu-25.0.2/src/api/bind_group.rs:110:1
    |
110 | static_assertions::assert_impl_all!(BufferBinding<'_>: Send, Sync);
    | ^^^^^^^^^^^^^^^^^^^^^^^^^^^^^^^^^^^^^^^^^^^^^^^^^^^^^^^^^^^^^^^^^^ required by this bound in `assert_impl_all`
    = note: this error originates in the macro `static_assertions::assert_impl_all` (in Nightly builds, run with -Z macro-backtrace for more info)

error[E0275]: overflow evaluating the requirement `bind_group::BindGroupEntry<'_>: Send`
   --> /home/adwin/.cargo/registry/src/mirrors.tuna.tsinghua.edu.cn-4dc01642fd091eda/wgpu-25.0.2/src/api/bind_group.rs:126:37
    |
126 | static_assertions::assert_impl_all!(BindGroupEntry<'_>: Send, Sync);
    |                                     ^^^^^^^^^^^^^^^^^^
    |
    = help: consider increasing the recursion limit by adding a `#![recursion_limit = "256"]` attribute to your crate (`wgpu`)
note: required by a bound in `bind_group::_::{closure#0}::assert_impl_all`
   --> /home/adwin/.cargo/registry/src/mirrors.tuna.tsinghua.edu.cn-4dc01642fd091eda/wgpu-25.0.2/src/api/bind_group.rs:126:1
    |
126 | static_assertions::assert_impl_all!(BindGroupEntry<'_>: Send, Sync);
    | ^^^^^^^^^^^^^^^^^^^^^^^^^^^^^^^^^^^^^^^^^^^^^^^^^^^^^^^^^^^^^^^^^^^ required by this bound in `assert_impl_all`
    = note: this error originates in the macro `static_assertions::assert_impl_all` (in Nightly builds, run with -Z macro-backtrace for more info)

error[E0275]: overflow evaluating the requirement `bind_group::BindGroupEntry<'_>: Sync`
   --> /home/adwin/.cargo/registry/src/mirrors.tuna.tsinghua.edu.cn-4dc01642fd091eda/wgpu-25.0.2/src/api/bind_group.rs:126:37
    |
126 | static_assertions::assert_impl_all!(BindGroupEntry<'_>: Send, Sync);
    |                                     ^^^^^^^^^^^^^^^^^^
    |
    = help: consider increasing the recursion limit by adding a `#![recursion_limit = "256"]` attribute to your crate (`wgpu`)
note: required by a bound in `bind_group::_::{closure#0}::assert_impl_all`
   --> /home/adwin/.cargo/registry/src/mirrors.tuna.tsinghua.edu.cn-4dc01642fd091eda/wgpu-25.0.2/src/api/bind_group.rs:126:1
    |
126 | static_assertions::assert_impl_all!(BindGroupEntry<'_>: Send, Sync);
    | ^^^^^^^^^^^^^^^^^^^^^^^^^^^^^^^^^^^^^^^^^^^^^^^^^^^^^^^^^^^^^^^^^^^ required by this bound in `assert_impl_all`
    = note: this error originates in the macro `static_assertions::assert_impl_all` (in Nightly builds, run with -Z macro-backtrace for more info)

error[E0275]: overflow evaluating the requirement `bind_group::BindGroupDescriptor<'_>: Send`
   --> /home/adwin/.cargo/registry/src/mirrors.tuna.tsinghua.edu.cn-4dc01642fd091eda/wgpu-25.0.2/src/api/bind_group.rs:144:37
    |
144 | static_assertions::assert_impl_all!(BindGroupDescriptor<'_>: Send, Sync);
    |                                     ^^^^^^^^^^^^^^^^^^^^^^^
    |
    = help: consider increasing the recursion limit by adding a `#![recursion_limit = "256"]` attribute to your crate (`wgpu`)
note: required by a bound in `bind_group::_::{closure#0}::assert_impl_all`
   --> /home/adwin/.cargo/registry/src/mirrors.tuna.tsinghua.edu.cn-4dc01642fd091eda/wgpu-25.0.2/src/api/bind_group.rs:144:1
    |
144 | static_assertions::assert_impl_all!(BindGroupDescriptor<'_>: Send, Sync);
    | ^^^^^^^^^^^^^^^^^^^^^^^^^^^^^^^^^^^^^^^^^^^^^^^^^^^^^^^^^^^^^^^^^^^^^^^^ required by this bound in `assert_impl_all`
    = note: this error originates in the macro `static_assertions::assert_impl_all` (in Nightly builds, run with -Z macro-backtrace for more info)

error[E0275]: overflow evaluating the requirement `bind_group::BindGroupDescriptor<'_>: Sync`
   --> /home/adwin/.cargo/registry/src/mirrors.tuna.tsinghua.edu.cn-4dc01642fd091eda/wgpu-25.0.2/src/api/bind_group.rs:144:37
    |
144 | static_assertions::assert_impl_all!(BindGroupDescriptor<'_>: Send, Sync);
    |                                     ^^^^^^^^^^^^^^^^^^^^^^^
    |
    = help: consider increasing the recursion limit by adding a `#![recursion_limit = "256"]` attribute to your crate (`wgpu`)
note: required by a bound in `bind_group::_::{closure#0}::assert_impl_all`
   --> /home/adwin/.cargo/registry/src/mirrors.tuna.tsinghua.edu.cn-4dc01642fd091eda/wgpu-25.0.2/src/api/bind_group.rs:144:1
    |
144 | static_assertions::assert_impl_all!(BindGroupDescriptor<'_>: Send, Sync);
    | ^^^^^^^^^^^^^^^^^^^^^^^^^^^^^^^^^^^^^^^^^^^^^^^^^^^^^^^^^^^^^^^^^^^^^^^^ required by this bound in `assert_impl_all`
    = note: this error originates in the macro `static_assertions::assert_impl_all` (in Nightly builds, run with -Z macro-backtrace for more info)

error[E0275]: overflow evaluating the requirement `bind_group_layout::BindGroupLayout: Send`
  --> /home/adwin/.cargo/registry/src/mirrors.tuna.tsinghua.edu.cn-4dc01642fd091eda/wgpu-25.0.2/src/api/bind_group_layout.rs:19:37
   |
19 | static_assertions::assert_impl_all!(BindGroupLayout: Send, Sync);
   |                                     ^^^^^^^^^^^^^^^
   |
   = help: consider increasing the recursion limit by adding a `#![recursion_limit = "256"]` attribute to your crate (`wgpu`)
note: required by a bound in `bind_group_layout::_::{closure#0}::assert_impl_all`
  --> /home/adwin/.cargo/registry/src/mirrors.tuna.tsinghua.edu.cn-4dc01642fd091eda/wgpu-25.0.2/src/api/bind_group_layout.rs:19:1
   |
19 | static_assertions::assert_impl_all!(BindGroupLayout: Send, Sync);
   | ^^^^^^^^^^^^^^^^^^^^^^^^^^^^^^^^^^^^^^^^^^^^^^^^^^^^^^^^^^^^^^^^ required by this bound in `assert_impl_all`
   = note: this error originates in the macro `static_assertions::assert_impl_all` (in Nightly builds, run with -Z macro-backtrace for more info)

error[E0275]: overflow evaluating the requirement `bind_group_layout::BindGroupLayout: Sync`
  --> /home/adwin/.cargo/registry/src/mirrors.tuna.tsinghua.edu.cn-4dc01642fd091eda/wgpu-25.0.2/src/api/bind_group_layout.rs:19:37
   |
19 | static_assertions::assert_impl_all!(BindGroupLayout: Send, Sync);
   |                                     ^^^^^^^^^^^^^^^
   |
   = help: consider increasing the recursion limit by adding a `#![recursion_limit = "256"]` attribute to your crate (`wgpu`)
note: required by a bound in `bind_group_layout::_::{closure#0}::assert_impl_all`
  --> /home/adwin/.cargo/registry/src/mirrors.tuna.tsinghua.edu.cn-4dc01642fd091eda/wgpu-25.0.2/src/api/bind_group_layout.rs:19:1
   |
19 | static_assertions::assert_impl_all!(BindGroupLayout: Send, Sync);
   | ^^^^^^^^^^^^^^^^^^^^^^^^^^^^^^^^^^^^^^^^^^^^^^^^^^^^^^^^^^^^^^^^ required by this bound in `assert_impl_all`
   = note: this error originates in the macro `static_assertions::assert_impl_all` (in Nightly builds, run with -Z macro-backtrace for more info)

error[E0275]: overflow evaluating the requirement `blas::BlasTriangleGeometry<'_>: wgt::WasmNotSendSync`
   --> /home/adwin/.cargo/registry/src/mirrors.tuna.tsinghua.edu.cn-4dc01642fd091eda/wgpu-25.0.2/src/api/blas.rs:114:37
    |
114 | static_assertions::assert_impl_all!(BlasTriangleGeometry<'_>: WasmNotSendSync);
    |                                     ^^^^^^^^^^^^^^^^^^^^^^^^
    |
    = help: consider increasing the recursion limit by adding a `#![recursion_limit = "256"]` attribute to your crate (`wgpu`)
note: required by a bound in `blas::_::{closure#0}::assert_impl_all`
   --> /home/adwin/.cargo/registry/src/mirrors.tuna.tsinghua.edu.cn-4dc01642fd091eda/wgpu-25.0.2/src/api/blas.rs:114:1
    |
114 | static_assertions::assert_impl_all!(BlasTriangleGeometry<'_>: WasmNotSendSync);
    | ^^^^^^^^^^^^^^^^^^^^^^^^^^^^^^^^^^^^^^^^^^^^^^^^^^^^^^^^^^^^^^^^^^^^^^^^^^^^^^ required by this bound in `assert_impl_all`
    = note: this error originates in the macro `static_assertions::assert_impl_all` (in Nightly builds, run with -Z macro-backtrace for more info)

error[E0275]: overflow evaluating the requirement `blas::BlasGeometries<'_>: wgt::WasmNotSendSync`
   --> /home/adwin/.cargo/registry/src/mirrors.tuna.tsinghua.edu.cn-4dc01642fd091eda/wgpu-25.0.2/src/api/blas.rs:121:37
    |
121 | static_assertions::assert_impl_all!(BlasGeometries<'_>: WasmNotSendSync);
    |                                     ^^^^^^^^^^^^^^^^^^
    |
    = help: consider increasing the recursion limit by adding a `#![recursion_limit = "256"]` attribute to your crate (`wgpu`)
note: required by a bound in `blas::_::{closure#0}::assert_impl_all`
   --> /home/adwin/.cargo/registry/src/mirrors.tuna.tsinghua.edu.cn-4dc01642fd091eda/wgpu-25.0.2/src/api/blas.rs:121:1
    |
121 | static_assertions::assert_impl_all!(BlasGeometries<'_>: WasmNotSendSync);
    | ^^^^^^^^^^^^^^^^^^^^^^^^^^^^^^^^^^^^^^^^^^^^^^^^^^^^^^^^^^^^^^^^^^^^^^^^ required by this bound in `assert_impl_all`
    = note: this error originates in the macro `static_assertions::assert_impl_all` (in Nightly builds, run with -Z macro-backtrace for more info)

error[E0275]: overflow evaluating the requirement `blas::BlasBuildEntry<'_>: wgt::WasmNotSendSync`
   --> /home/adwin/.cargo/registry/src/mirrors.tuna.tsinghua.edu.cn-4dc01642fd091eda/wgpu-25.0.2/src/api/blas.rs:130:37
    |
130 | static_assertions::assert_impl_all!(BlasBuildEntry<'_>: WasmNotSendSync);
    |                                     ^^^^^^^^^^^^^^^^^^
    |
    = help: consider increasing the recursion limit by adding a `#![recursion_limit = "256"]` attribute to your crate (`wgpu`)
note: required by a bound in `blas::_::{closure#0}::assert_impl_all`
   --> /home/adwin/.cargo/registry/src/mirrors.tuna.tsinghua.edu.cn-4dc01642fd091eda/wgpu-25.0.2/src/api/blas.rs:130:1
    |
130 | static_assertions::assert_impl_all!(BlasBuildEntry<'_>: WasmNotSendSync);
    | ^^^^^^^^^^^^^^^^^^^^^^^^^^^^^^^^^^^^^^^^^^^^^^^^^^^^^^^^^^^^^^^^^^^^^^^^ required by this bound in `assert_impl_all`
    = note: this error originates in the macro `static_assertions::assert_impl_all` (in Nightly builds, run with -Z macro-backtrace for more info)

error[E0275]: overflow evaluating the requirement `blas::Blas: wgt::WasmNotSendSync`
   --> /home/adwin/.cargo/registry/src/mirrors.tuna.tsinghua.edu.cn-4dc01642fd091eda/wgpu-25.0.2/src/api/blas.rs:144:37
    |
144 | static_assertions::assert_impl_all!(Blas: WasmNotSendSync);
    |                                     ^^^^
    |
    = help: consider increasing the recursion limit by adding a `#![recursion_limit = "256"]` attribute to your crate (`wgpu`)
note: required by a bound in `blas::_::{closure#0}::assert_impl_all`
   --> /home/adwin/.cargo/registry/src/mirrors.tuna.tsinghua.edu.cn-4dc01642fd091eda/wgpu-25.0.2/src/api/blas.rs:144:1
    |
144 | static_assertions::assert_impl_all!(Blas: WasmNotSendSync);
    | ^^^^^^^^^^^^^^^^^^^^^^^^^^^^^^^^^^^^^^^^^^^^^^^^^^^^^^^^^^ required by this bound in `assert_impl_all`
    = note: this error originates in the macro `static_assertions::assert_impl_all` (in Nightly builds, run with -Z macro-backtrace for more info)

error[E0275]: overflow evaluating the requirement `buffer::Buffer: Send`
   --> /home/adwin/.cargo/registry/src/mirrors.tuna.tsinghua.edu.cn-4dc01642fd091eda/wgpu-25.0.2/src/api/buffer.rs:185:37
    |
185 | static_assertions::assert_impl_all!(Buffer: Send, Sync);
    |                                     ^^^^^^
    |
    = help: consider increasing the recursion limit by adding a `#![recursion_limit = "256"]` attribute to your crate (`wgpu`)
note: required by a bound in `buffer::_::{closure#0}::assert_impl_all`
   --> /home/adwin/.cargo/registry/src/mirrors.tuna.tsinghua.edu.cn-4dc01642fd091eda/wgpu-25.0.2/src/api/buffer.rs:185:1
    |
185 | static_assertions::assert_impl_all!(Buffer: Send, Sync);
    | ^^^^^^^^^^^^^^^^^^^^^^^^^^^^^^^^^^^^^^^^^^^^^^^^^^^^^^^ required by this bound in `assert_impl_all`
    = note: this error originates in the macro `static_assertions::assert_impl_all` (in Nightly builds, run with -Z macro-backtrace for more info)

error[E0275]: overflow evaluating the requirement `buffer::Buffer: Sync`
   --> /home/adwin/.cargo/registry/src/mirrors.tuna.tsinghua.edu.cn-4dc01642fd091eda/wgpu-25.0.2/src/api/buffer.rs:185:37
    |
185 | static_assertions::assert_impl_all!(Buffer: Send, Sync);
    |                                     ^^^^^^
    |
    = help: consider increasing the recursion limit by adding a `#![recursion_limit = "256"]` attribute to your crate (`wgpu`)
note: required by a bound in `buffer::_::{closure#0}::assert_impl_all`
   --> /home/adwin/.cargo/registry/src/mirrors.tuna.tsinghua.edu.cn-4dc01642fd091eda/wgpu-25.0.2/src/api/buffer.rs:185:1
    |
185 | static_assertions::assert_impl_all!(Buffer: Send, Sync);
    | ^^^^^^^^^^^^^^^^^^^^^^^^^^^^^^^^^^^^^^^^^^^^^^^^^^^^^^^ required by this bound in `assert_impl_all`
    = note: this error originates in the macro `static_assertions::assert_impl_all` (in Nightly builds, run with -Z macro-backtrace for more info)

error[E0275]: overflow evaluating the requirement `buffer::BufferSlice<'_>: Send`
   --> /home/adwin/.cargo/registry/src/mirrors.tuna.tsinghua.edu.cn-4dc01642fd091eda/wgpu-25.0.2/src/api/buffer.rs:438:37
    |
438 | static_assertions::assert_impl_all!(BufferSlice<'_>: Send, Sync);
    |                                     ^^^^^^^^^^^^^^^
    |
    = help: consider increasing the recursion limit by adding a `#![recursion_limit = "256"]` attribute to your crate (`wgpu`)
note: required by a bound in `buffer::_::{closure#0}::assert_impl_all`
   --> /home/adwin/.cargo/registry/src/mirrors.tuna.tsinghua.edu.cn-4dc01642fd091eda/wgpu-25.0.2/src/api/buffer.rs:438:1
    |
438 | static_assertions::assert_impl_all!(BufferSlice<'_>: Send, Sync);
    | ^^^^^^^^^^^^^^^^^^^^^^^^^^^^^^^^^^^^^^^^^^^^^^^^^^^^^^^^^^^^^^^^ required by this bound in `assert_impl_all`
    = note: this error originates in the macro `static_assertions::assert_impl_all` (in Nightly builds, run with -Z macro-backtrace for more info)

error[E0275]: overflow evaluating the requirement `buffer::BufferSlice<'_>: Sync`
   --> /home/adwin/.cargo/registry/src/mirrors.tuna.tsinghua.edu.cn-4dc01642fd091eda/wgpu-25.0.2/src/api/buffer.rs:438:37
    |
438 | static_assertions::assert_impl_all!(BufferSlice<'_>: Send, Sync);
    |                                     ^^^^^^^^^^^^^^^
    |
    = help: consider increasing the recursion limit by adding a `#![recursion_limit = "256"]` attribute to your crate (`wgpu`)
note: required by a bound in `buffer::_::{closure#0}::assert_impl_all`
   --> /home/adwin/.cargo/registry/src/mirrors.tuna.tsinghua.edu.cn-4dc01642fd091eda/wgpu-25.0.2/src/api/buffer.rs:438:1
    |
438 | static_assertions::assert_impl_all!(BufferSlice<'_>: Send, Sync);
    | ^^^^^^^^^^^^^^^^^^^^^^^^^^^^^^^^^^^^^^^^^^^^^^^^^^^^^^^^^^^^^^^^ required by this bound in `assert_impl_all`
    = note: this error originates in the macro `static_assertions::assert_impl_all` (in Nightly builds, run with -Z macro-backtrace for more info)

error[E0275]: overflow evaluating the requirement `command_buffer::CommandBuffer: Send`
  --> /home/adwin/.cargo/registry/src/mirrors.tuna.tsinghua.edu.cn-4dc01642fd091eda/wgpu-25.0.2/src/api/command_buffer.rs:15:37
   |
15 | static_assertions::assert_impl_all!(CommandBuffer: Send, Sync);
   |                                     ^^^^^^^^^^^^^
   |
   = help: consider increasing the recursion limit by adding a `#![recursion_limit = "256"]` attribute to your crate (`wgpu`)
note: required by a bound in `command_buffer::_::{closure#0}::assert_impl_all`
  --> /home/adwin/.cargo/registry/src/mirrors.tuna.tsinghua.edu.cn-4dc01642fd091eda/wgpu-25.0.2/src/api/command_buffer.rs:15:1
   |
15 | static_assertions::assert_impl_all!(CommandBuffer: Send, Sync);
   | ^^^^^^^^^^^^^^^^^^^^^^^^^^^^^^^^^^^^^^^^^^^^^^^^^^^^^^^^^^^^^^ required by this bound in `assert_impl_all`
   = note: this error originates in the macro `static_assertions::assert_impl_all` (in Nightly builds, run with -Z macro-backtrace for more info)

error[E0275]: overflow evaluating the requirement `command_buffer::CommandBuffer: Sync`
  --> /home/adwin/.cargo/registry/src/mirrors.tuna.tsinghua.edu.cn-4dc01642fd091eda/wgpu-25.0.2/src/api/command_buffer.rs:15:37
   |
15 | static_assertions::assert_impl_all!(CommandBuffer: Send, Sync);
   |                                     ^^^^^^^^^^^^^
   |
   = help: consider increasing the recursion limit by adding a `#![recursion_limit = "256"]` attribute to your crate (`wgpu`)
note: required by a bound in `command_buffer::_::{closure#0}::assert_impl_all`
  --> /home/adwin/.cargo/registry/src/mirrors.tuna.tsinghua.edu.cn-4dc01642fd091eda/wgpu-25.0.2/src/api/command_buffer.rs:15:1
   |
15 | static_assertions::assert_impl_all!(CommandBuffer: Send, Sync);
   | ^^^^^^^^^^^^^^^^^^^^^^^^^^^^^^^^^^^^^^^^^^^^^^^^^^^^^^^^^^^^^^ required by this bound in `assert_impl_all`
   = note: this error originates in the macro `static_assertions::assert_impl_all` (in Nightly builds, run with -Z macro-backtrace for more info)

error[E0275]: overflow evaluating the requirement `command_encoder::CommandEncoder: Send`
  --> /home/adwin/.cargo/registry/src/mirrors.tuna.tsinghua.edu.cn-4dc01642fd091eda/wgpu-25.0.2/src/api/command_encoder.rs:25:37
   |
25 | static_assertions::assert_impl_all!(CommandEncoder: Send, Sync);
   |                                     ^^^^^^^^^^^^^^
   |
   = help: consider increasing the recursion limit by adding a `#![recursion_limit = "256"]` attribute to your crate (`wgpu`)
note: required by a bound in `command_encoder::_::{closure#0}::assert_impl_all`
  --> /home/adwin/.cargo/registry/src/mirrors.tuna.tsinghua.edu.cn-4dc01642fd091eda/wgpu-25.0.2/src/api/command_encoder.rs:25:1
   |
25 | static_assertions::assert_impl_all!(CommandEncoder: Send, Sync);
   | ^^^^^^^^^^^^^^^^^^^^^^^^^^^^^^^^^^^^^^^^^^^^^^^^^^^^^^^^^^^^^^^ required by this bound in `assert_impl_all`
   = note: this error originates in the macro `static_assertions::assert_impl_all` (in Nightly builds, run with -Z macro-backtrace for more info)

error[E0275]: overflow evaluating the requirement `command_encoder::CommandEncoder: Sync`
  --> /home/adwin/.cargo/registry/src/mirrors.tuna.tsinghua.edu.cn-4dc01642fd091eda/wgpu-25.0.2/src/api/command_encoder.rs:25:37
   |
25 | static_assertions::assert_impl_all!(CommandEncoder: Send, Sync);
   |                                     ^^^^^^^^^^^^^^
   |
   = help: consider increasing the recursion limit by adding a `#![recursion_limit = "256"]` attribute to your crate (`wgpu`)
note: required by a bound in `command_encoder::_::{closure#0}::assert_impl_all`
  --> /home/adwin/.cargo/registry/src/mirrors.tuna.tsinghua.edu.cn-4dc01642fd091eda/wgpu-25.0.2/src/api/command_encoder.rs:25:1
   |
25 | static_assertions::assert_impl_all!(CommandEncoder: Send, Sync);
   | ^^^^^^^^^^^^^^^^^^^^^^^^^^^^^^^^^^^^^^^^^^^^^^^^^^^^^^^^^^^^^^^ required by this bound in `assert_impl_all`
   = note: this error originates in the macro `static_assertions::assert_impl_all` (in Nightly builds, run with -Z macro-backtrace for more info)

error[E0275]: overflow evaluating the requirement `wgt::TexelCopyBufferInfo<&buffer::Buffer>: Send`
  --> /home/adwin/.cargo/registry/src/mirrors.tuna.tsinghua.edu.cn-4dc01642fd091eda/wgpu-25.0.2/src/api/command_encoder.rs:45:37
   |
45 | static_assertions::assert_impl_all!(TexelCopyBufferInfo<'_>: Send, Sync);
   |                                     ^^^^^^^^^^^^^^^^^^^^^^^
   |
   = help: consider increasing the recursion limit by adding a `#![recursion_limit = "256"]` attribute to your crate (`wgpu`)
note: required by a bound in `command_encoder::_::{closure#0}::assert_impl_all`
  --> /home/adwin/.cargo/registry/src/mirrors.tuna.tsinghua.edu.cn-4dc01642fd091eda/wgpu-25.0.2/src/api/command_encoder.rs:45:1
   |
45 | static_assertions::assert_impl_all!(TexelCopyBufferInfo<'_>: Send, Sync);
   | ^^^^^^^^^^^^^^^^^^^^^^^^^^^^^^^^^^^^^^^^^^^^^^^^^^^^^^^^^^^^^^^^^^^^^^^^ required by this bound in `assert_impl_all`
   = note: this error originates in the macro `static_assertions::assert_impl_all` (in Nightly builds, run with -Z macro-backtrace for more info)

error[E0275]: overflow evaluating the requirement `wgt::TexelCopyBufferInfo<&buffer::Buffer>: Sync`
  --> /home/adwin/.cargo/registry/src/mirrors.tuna.tsinghua.edu.cn-4dc01642fd091eda/wgpu-25.0.2/src/api/command_encoder.rs:45:37
   |
45 | static_assertions::assert_impl_all!(TexelCopyBufferInfo<'_>: Send, Sync);
   |                                     ^^^^^^^^^^^^^^^^^^^^^^^
   |
   = help: consider increasing the recursion limit by adding a `#![recursion_limit = "256"]` attribute to your crate (`wgpu`)
note: required by a bound in `command_encoder::_::{closure#0}::assert_impl_all`
  --> /home/adwin/.cargo/registry/src/mirrors.tuna.tsinghua.edu.cn-4dc01642fd091eda/wgpu-25.0.2/src/api/command_encoder.rs:45:1
   |
45 | static_assertions::assert_impl_all!(TexelCopyBufferInfo<'_>: Send, Sync);
   | ^^^^^^^^^^^^^^^^^^^^^^^^^^^^^^^^^^^^^^^^^^^^^^^^^^^^^^^^^^^^^^^^^^^^^^^^ required by this bound in `assert_impl_all`
   = note: this error originates in the macro `static_assertions::assert_impl_all` (in Nightly builds, run with -Z macro-backtrace for more info)

error[E0275]: overflow evaluating the requirement `wgt::TexelCopyTextureInfo<&texture::Texture>: Send`
  --> /home/adwin/.cargo/registry/src/mirrors.tuna.tsinghua.edu.cn-4dc01642fd091eda/wgpu-25.0.2/src/api/command_encoder.rs:54:37
   |
54 | static_assertions::assert_impl_all!(TexelCopyTextureInfo<'_>: Send, Sync);
   |                                     ^^^^^^^^^^^^^^^^^^^^^^^^
   |
   = help: consider increasing the recursion limit by adding a `#![recursion_limit = "256"]` attribute to your crate (`wgpu`)
note: required by a bound in `command_encoder::_::{closure#0}::assert_impl_all`
  --> /home/adwin/.cargo/registry/src/mirrors.tuna.tsinghua.edu.cn-4dc01642fd091eda/wgpu-25.0.2/src/api/command_encoder.rs:54:1
   |
54 | static_assertions::assert_impl_all!(TexelCopyTextureInfo<'_>: Send, Sync);
   | ^^^^^^^^^^^^^^^^^^^^^^^^^^^^^^^^^^^^^^^^^^^^^^^^^^^^^^^^^^^^^^^^^^^^^^^^^ required by this bound in `assert_impl_all`
   = note: this error originates in the macro `static_assertions::assert_impl_all` (in Nightly builds, run with -Z macro-backtrace for more info)

error[E0275]: overflow evaluating the requirement `wgt::TexelCopyTextureInfo<&texture::Texture>: Sync`
  --> /home/adwin/.cargo/registry/src/mirrors.tuna.tsinghua.edu.cn-4dc01642fd091eda/wgpu-25.0.2/src/api/command_encoder.rs:54:37
   |
54 | static_assertions::assert_impl_all!(TexelCopyTextureInfo<'_>: Send, Sync);
   |                                     ^^^^^^^^^^^^^^^^^^^^^^^^
   |
   = help: consider increasing the recursion limit by adding a `#![recursion_limit = "256"]` attribute to your crate (`wgpu`)
note: required by a bound in `command_encoder::_::{closure#0}::assert_impl_all`
  --> /home/adwin/.cargo/registry/src/mirrors.tuna.tsinghua.edu.cn-4dc01642fd091eda/wgpu-25.0.2/src/api/command_encoder.rs:54:1
   |
54 | static_assertions::assert_impl_all!(TexelCopyTextureInfo<'_>: Send, Sync);
   | ^^^^^^^^^^^^^^^^^^^^^^^^^^^^^^^^^^^^^^^^^^^^^^^^^^^^^^^^^^^^^^^^^^^^^^^^^ required by this bound in `assert_impl_all`
   = note: this error originates in the macro `static_assertions::assert_impl_all` (in Nightly builds, run with -Z macro-backtrace for more info)

error[E0275]: overflow evaluating the requirement `compute_pass::ComputePass<'_>: Send`
  --> /home/adwin/.cargo/registry/src/mirrors.tuna.tsinghua.edu.cn-4dc01642fd091eda/wgpu-25.0.2/src/api/compute_pass.rs:20:37
   |
20 | static_assertions::assert_impl_all!(ComputePass<'_>: Send, Sync);
   |                                     ^^^^^^^^^^^^^^^
   |
   = help: consider increasing the recursion limit by adding a `#![recursion_limit = "256"]` attribute to your crate (`wgpu`)
note: required by a bound in `compute_pass::_::{closure#0}::assert_impl_all`
  --> /home/adwin/.cargo/registry/src/mirrors.tuna.tsinghua.edu.cn-4dc01642fd091eda/wgpu-25.0.2/src/api/compute_pass.rs:20:1
   |
20 | static_assertions::assert_impl_all!(ComputePass<'_>: Send, Sync);
   | ^^^^^^^^^^^^^^^^^^^^^^^^^^^^^^^^^^^^^^^^^^^^^^^^^^^^^^^^^^^^^^^^ required by this bound in `assert_impl_all`
   = note: this error originates in the macro `static_assertions::assert_impl_all` (in Nightly builds, run with -Z macro-backtrace for more info)

error[E0275]: overflow evaluating the requirement `compute_pass::ComputePass<'_>: Sync`
  --> /home/adwin/.cargo/registry/src/mirrors.tuna.tsinghua.edu.cn-4dc01642fd091eda/wgpu-25.0.2/src/api/compute_pass.rs:20:37
   |
20 | static_assertions::assert_impl_all!(ComputePass<'_>: Send, Sync);
   |                                     ^^^^^^^^^^^^^^^
   |
   = help: consider increasing the recursion limit by adding a `#![recursion_limit = "256"]` attribute to your crate (`wgpu`)
note: required by a bound in `compute_pass::_::{closure#0}::assert_impl_all`
  --> /home/adwin/.cargo/registry/src/mirrors.tuna.tsinghua.edu.cn-4dc01642fd091eda/wgpu-25.0.2/src/api/compute_pass.rs:20:1
   |
20 | static_assertions::assert_impl_all!(ComputePass<'_>: Send, Sync);
   | ^^^^^^^^^^^^^^^^^^^^^^^^^^^^^^^^^^^^^^^^^^^^^^^^^^^^^^^^^^^^^^^^ required by this bound in `assert_impl_all`
   = note: this error originates in the macro `static_assertions::assert_impl_all` (in Nightly builds, run with -Z macro-backtrace for more info)

error[E0275]: overflow evaluating the requirement `ComputePassTimestampWrites<'_>: Send`
   --> /home/adwin/.cargo/registry/src/mirrors.tuna.tsinghua.edu.cn-4dc01642fd091eda/wgpu-25.0.2/src/api/compute_pass.rs:160:37
    |
160 | static_assertions::assert_impl_all!(ComputePassTimestampWrites<'_>: Send, Sync);
    |                                     ^^^^^^^^^^^^^^^^^^^^^^^^^^^^^^
    |
    = help: consider increasing the recursion limit by adding a `#![recursion_limit = "256"]` attribute to your crate (`wgpu`)
note: required by a bound in `compute_pass::_::{closure#0}::assert_impl_all`
   --> /home/adwin/.cargo/registry/src/mirrors.tuna.tsinghua.edu.cn-4dc01642fd091eda/wgpu-25.0.2/src/api/compute_pass.rs:160:1
    |
160 | static_assertions::assert_impl_all!(ComputePassTimestampWrites<'_>: Send, Sync);
    | ^^^^^^^^^^^^^^^^^^^^^^^^^^^^^^^^^^^^^^^^^^^^^^^^^^^^^^^^^^^^^^^^^^^^^^^^^^^^^^^ required by this bound in `assert_impl_all`
    = note: this error originates in the macro `static_assertions::assert_impl_all` (in Nightly builds, run with -Z macro-backtrace for more info)

error[E0275]: overflow evaluating the requirement `ComputePassTimestampWrites<'_>: Sync`
   --> /home/adwin/.cargo/registry/src/mirrors.tuna.tsinghua.edu.cn-4dc01642fd091eda/wgpu-25.0.2/src/api/compute_pass.rs:160:37
    |
160 | static_assertions::assert_impl_all!(ComputePassTimestampWrites<'_>: Send, Sync);
    |                                     ^^^^^^^^^^^^^^^^^^^^^^^^^^^^^^
    |
    = help: consider increasing the recursion limit by adding a `#![recursion_limit = "256"]` attribute to your crate (`wgpu`)
note: required by a bound in `compute_pass::_::{closure#0}::assert_impl_all`
   --> /home/adwin/.cargo/registry/src/mirrors.tuna.tsinghua.edu.cn-4dc01642fd091eda/wgpu-25.0.2/src/api/compute_pass.rs:160:1
    |
160 | static_assertions::assert_impl_all!(ComputePassTimestampWrites<'_>: Send, Sync);
    | ^^^^^^^^^^^^^^^^^^^^^^^^^^^^^^^^^^^^^^^^^^^^^^^^^^^^^^^^^^^^^^^^^^^^^^^^^^^^^^^ required by this bound in `assert_impl_all`
    = note: this error originates in the macro `static_assertions::assert_impl_all` (in Nightly builds, run with -Z macro-backtrace for more info)

error[E0275]: overflow evaluating the requirement `compute_pass::ComputePassDescriptor<'_>: Send`
   --> /home/adwin/.cargo/registry/src/mirrors.tuna.tsinghua.edu.cn-4dc01642fd091eda/wgpu-25.0.2/src/api/compute_pass.rs:178:37
    |
178 | static_assertions::assert_impl_all!(ComputePassDescriptor<'_>: Send, Sync);
    |                                     ^^^^^^^^^^^^^^^^^^^^^^^^^
    |
    = help: consider increasing the recursion limit by adding a `#![recursion_limit = "256"]` attribute to your crate (`wgpu`)
note: required by a bound in `compute_pass::_::{closure#0}::assert_impl_all`
   --> /home/adwin/.cargo/registry/src/mirrors.tuna.tsinghua.edu.cn-4dc01642fd091eda/wgpu-25.0.2/src/api/compute_pass.rs:178:1
    |
178 | static_assertions::assert_impl_all!(ComputePassDescriptor<'_>: Send, Sync);
    | ^^^^^^^^^^^^^^^^^^^^^^^^^^^^^^^^^^^^^^^^^^^^^^^^^^^^^^^^^^^^^^^^^^^^^^^^^^ required by this bound in `assert_impl_all`
    = note: this error originates in the macro `static_assertions::assert_impl_all` (in Nightly builds, run with -Z macro-backtrace for more info)

error[E0275]: overflow evaluating the requirement `compute_pass::ComputePassDescriptor<'_>: Sync`
   --> /home/adwin/.cargo/registry/src/mirrors.tuna.tsinghua.edu.cn-4dc01642fd091eda/wgpu-25.0.2/src/api/compute_pass.rs:178:37
    |
178 | static_assertions::assert_impl_all!(ComputePassDescriptor<'_>: Send, Sync);
    |                                     ^^^^^^^^^^^^^^^^^^^^^^^^^
    |
    = help: consider increasing the recursion limit by adding a `#![recursion_limit = "256"]` attribute to your crate (`wgpu`)
note: required by a bound in `compute_pass::_::{closure#0}::assert_impl_all`
   --> /home/adwin/.cargo/registry/src/mirrors.tuna.tsinghua.edu.cn-4dc01642fd091eda/wgpu-25.0.2/src/api/compute_pass.rs:178:1
    |
178 | static_assertions::assert_impl_all!(ComputePassDescriptor<'_>: Send, Sync);
    | ^^^^^^^^^^^^^^^^^^^^^^^^^^^^^^^^^^^^^^^^^^^^^^^^^^^^^^^^^^^^^^^^^^^^^^^^^^ required by this bound in `assert_impl_all`
    = note: this error originates in the macro `static_assertions::assert_impl_all` (in Nightly builds, run with -Z macro-backtrace for more info)

error[E0275]: overflow evaluating the requirement `compute_pipeline::ComputePipeline: Send`
  --> /home/adwin/.cargo/registry/src/mirrors.tuna.tsinghua.edu.cn-4dc01642fd091eda/wgpu-25.0.2/src/api/compute_pipeline.rs:14:37
   |
14 | static_assertions::assert_impl_all!(ComputePipeline: Send, Sync);
   |                                     ^^^^^^^^^^^^^^^
   |
   = help: consider increasing the recursion limit by adding a `#![recursion_limit = "256"]` attribute to your crate (`wgpu`)
note: required by a bound in `compute_pipeline::_::{closure#0}::assert_impl_all`
  --> /home/adwin/.cargo/registry/src/mirrors.tuna.tsinghua.edu.cn-4dc01642fd091eda/wgpu-25.0.2/src/api/compute_pipeline.rs:14:1
   |
14 | static_assertions::assert_impl_all!(ComputePipeline: Send, Sync);
   | ^^^^^^^^^^^^^^^^^^^^^^^^^^^^^^^^^^^^^^^^^^^^^^^^^^^^^^^^^^^^^^^^ required by this bound in `assert_impl_all`
   = note: this error originates in the macro `static_assertions::assert_impl_all` (in Nightly builds, run with -Z macro-backtrace for more info)

error[E0275]: overflow evaluating the requirement `compute_pipeline::ComputePipeline: Sync`
  --> /home/adwin/.cargo/registry/src/mirrors.tuna.tsinghua.edu.cn-4dc01642fd091eda/wgpu-25.0.2/src/api/compute_pipeline.rs:14:37
   |
14 | static_assertions::assert_impl_all!(ComputePipeline: Send, Sync);
   |                                     ^^^^^^^^^^^^^^^
   |
   = help: consider increasing the recursion limit by adding a `#![recursion_limit = "256"]` attribute to your crate (`wgpu`)
note: required by a bound in `compute_pipeline::_::{closure#0}::assert_impl_all`
  --> /home/adwin/.cargo/registry/src/mirrors.tuna.tsinghua.edu.cn-4dc01642fd091eda/wgpu-25.0.2/src/api/compute_pipeline.rs:14:1
   |
14 | static_assertions::assert_impl_all!(ComputePipeline: Send, Sync);
   | ^^^^^^^^^^^^^^^^^^^^^^^^^^^^^^^^^^^^^^^^^^^^^^^^^^^^^^^^^^^^^^^^ required by this bound in `assert_impl_all`
   = note: this error originates in the macro `static_assertions::assert_impl_all` (in Nightly builds, run with -Z macro-backtrace for more info)

error[E0275]: overflow evaluating the requirement `compute_pipeline::ComputePipelineDescriptor<'_>: Send`
  --> /home/adwin/.cargo/registry/src/mirrors.tuna.tsinghua.edu.cn-4dc01642fd091eda/wgpu-25.0.2/src/api/compute_pipeline.rs:81:37
   |
81 | static_assertions::assert_impl_all!(ComputePipelineDescriptor<'_>: Send, Sync);
   |                                     ^^^^^^^^^^^^^^^^^^^^^^^^^^^^^
   |
   = help: consider increasing the recursion limit by adding a `#![recursion_limit = "256"]` attribute to your crate (`wgpu`)
note: required by a bound in `compute_pipeline::_::{closure#0}::assert_impl_all`
  --> /home/adwin/.cargo/registry/src/mirrors.tuna.tsinghua.edu.cn-4dc01642fd091eda/wgpu-25.0.2/src/api/compute_pipeline.rs:81:1
   |
81 | static_assertions::assert_impl_all!(ComputePipelineDescriptor<'_>: Send, Sync);
   | ^^^^^^^^^^^^^^^^^^^^^^^^^^^^^^^^^^^^^^^^^^^^^^^^^^^^^^^^^^^^^^^^^^^^^^^^^^^^^^ required by this bound in `assert_impl_all`
   = note: this error originates in the macro `static_assertions::assert_impl_all` (in Nightly builds, run with -Z macro-backtrace for more info)

error[E0275]: overflow evaluating the requirement `compute_pipeline::ComputePipelineDescriptor<'_>: Sync`
  --> /home/adwin/.cargo/registry/src/mirrors.tuna.tsinghua.edu.cn-4dc01642fd091eda/wgpu-25.0.2/src/api/compute_pipeline.rs:81:37
   |
81 | static_assertions::assert_impl_all!(ComputePipelineDescriptor<'_>: Send, Sync);
   |                                     ^^^^^^^^^^^^^^^^^^^^^^^^^^^^^
   |
   = help: consider increasing the recursion limit by adding a `#![recursion_limit = "256"]` attribute to your crate (`wgpu`)
note: required by a bound in `compute_pipeline::_::{closure#0}::assert_impl_all`
  --> /home/adwin/.cargo/registry/src/mirrors.tuna.tsinghua.edu.cn-4dc01642fd091eda/wgpu-25.0.2/src/api/compute_pipeline.rs:81:1
   |
81 | static_assertions::assert_impl_all!(ComputePipelineDescriptor<'_>: Send, Sync);
   | ^^^^^^^^^^^^^^^^^^^^^^^^^^^^^^^^^^^^^^^^^^^^^^^^^^^^^^^^^^^^^^^^^^^^^^^^^^^^^^ required by this bound in `assert_impl_all`
   = note: this error originates in the macro `static_assertions::assert_impl_all` (in Nightly builds, run with -Z macro-backtrace for more info)

error[E0275]: overflow evaluating the requirement `api::device::Device: Send`
  --> /home/adwin/.cargo/registry/src/mirrors.tuna.tsinghua.edu.cn-4dc01642fd091eda/wgpu-25.0.2/src/api/device.rs:23:37
   |
23 | static_assertions::assert_impl_all!(Device: Send, Sync);
   |                                     ^^^^^^
   |
   = help: consider increasing the recursion limit by adding a `#![recursion_limit = "256"]` attribute to your crate (`wgpu`)
note: required by a bound in `api::device::_::{closure#0}::assert_impl_all`
  --> /home/adwin/.cargo/registry/src/mirrors.tuna.tsinghua.edu.cn-4dc01642fd091eda/wgpu-25.0.2/src/api/device.rs:23:1
   |
23 | static_assertions::assert_impl_all!(Device: Send, Sync);
   | ^^^^^^^^^^^^^^^^^^^^^^^^^^^^^^^^^^^^^^^^^^^^^^^^^^^^^^^ required by this bound in `assert_impl_all`
   = note: this error originates in the macro `static_assertions::assert_impl_all` (in Nightly builds, run with -Z macro-backtrace for more info)

error[E0275]: overflow evaluating the requirement `api::device::Device: Sync`
  --> /home/adwin/.cargo/registry/src/mirrors.tuna.tsinghua.edu.cn-4dc01642fd091eda/wgpu-25.0.2/src/api/device.rs:23:37
   |
23 | static_assertions::assert_impl_all!(Device: Send, Sync);
   |                                     ^^^^^^
   |
   = help: consider increasing the recursion limit by adding a `#![recursion_limit = "256"]` attribute to your crate (`wgpu`)
note: required by a bound in `api::device::_::{closure#0}::assert_impl_all`
  --> /home/adwin/.cargo/registry/src/mirrors.tuna.tsinghua.edu.cn-4dc01642fd091eda/wgpu-25.0.2/src/api/device.rs:23:1
   |
23 | static_assertions::assert_impl_all!(Device: Send, Sync);
   | ^^^^^^^^^^^^^^^^^^^^^^^^^^^^^^^^^^^^^^^^^^^^^^^^^^^^^^^ required by this bound in `assert_impl_all`
   = note: this error originates in the macro `static_assertions::assert_impl_all` (in Nightly builds, run with -Z macro-backtrace for more info)

error[E0275]: overflow evaluating the requirement `api::instance::Instance: Send`
  --> /home/adwin/.cargo/registry/src/mirrors.tuna.tsinghua.edu.cn-4dc01642fd091eda/wgpu-25.0.2/src/api/instance.rs:39:37
   |
39 | static_assertions::assert_impl_all!(Instance: Send, Sync);
   |                                     ^^^^^^^^
   |
   = help: consider increasing the recursion limit by adding a `#![recursion_limit = "256"]` attribute to your crate (`wgpu`)
note: required by a bound in `api::instance::_::{closure#0}::assert_impl_all`
  --> /home/adwin/.cargo/registry/src/mirrors.tuna.tsinghua.edu.cn-4dc01642fd091eda/wgpu-25.0.2/src/api/instance.rs:39:1
   |
39 | static_assertions::assert_impl_all!(Instance: Send, Sync);
   | ^^^^^^^^^^^^^^^^^^^^^^^^^^^^^^^^^^^^^^^^^^^^^^^^^^^^^^^^^ required by this bound in `assert_impl_all`
   = note: this error originates in the macro `static_assertions::assert_impl_all` (in Nightly builds, run with -Z macro-backtrace for more info)

error[E0275]: overflow evaluating the requirement `api::instance::Instance: Sync`
  --> /home/adwin/.cargo/registry/src/mirrors.tuna.tsinghua.edu.cn-4dc01642fd091eda/wgpu-25.0.2/src/api/instance.rs:39:37
   |
39 | static_assertions::assert_impl_all!(Instance: Send, Sync);
   |                                     ^^^^^^^^
   |
   = help: consider increasing the recursion limit by adding a `#![recursion_limit = "256"]` attribute to your crate (`wgpu`)
note: required by a bound in `api::instance::_::{closure#0}::assert_impl_all`
  --> /home/adwin/.cargo/registry/src/mirrors.tuna.tsinghua.edu.cn-4dc01642fd091eda/wgpu-25.0.2/src/api/instance.rs:39:1
   |
39 | static_assertions::assert_impl_all!(Instance: Send, Sync);
   | ^^^^^^^^^^^^^^^^^^^^^^^^^^^^^^^^^^^^^^^^^^^^^^^^^^^^^^^^^ required by this bound in `assert_impl_all`
   = note: this error originates in the macro `static_assertions::assert_impl_all` (in Nightly builds, run with -Z macro-backtrace for more info)

error[E0275]: overflow evaluating the requirement `wgpu_core::ContextWgpuCore: CommonTraits`
   --> /home/adwin/.cargo/registry/src/mirrors.tuna.tsinghua.edu.cn-4dc01642fd091eda/wgpu-25.0.2/src/api/instance.rs:141:24
    |
141 |                 inner: crate::backend::ContextWgpuCore::new(_instance_desc).into(),
    |                        ^^^^^^^^^^^^^^^^^^^^^^^^^^^^^^^
    |
    = help: consider increasing the recursion limit by adding a `#![recursion_limit = "256"]` attribute to your crate (`wgpu`)
note: required by a bound in `InstanceInterface::new`
   --> /home/adwin/.cargo/registry/src/mirrors.tuna.tsinghua.edu.cn-4dc01642fd091eda/wgpu-25.0.2/src/dispatch.rs:60:30
    |
 60 | pub trait InstanceInterface: CommonTraits {
    |                              ^^^^^^^^^^^^ required by this bound in `InstanceInterface::new`
 61 |     fn new(desc: &crate::InstanceDescriptor) -> Self
    |        --- required by a bound in this associated function

error[E0275]: overflow evaluating the requirement `pipeline_cache::PipelineCache: Send`
  --> /home/adwin/.cargo/registry/src/mirrors.tuna.tsinghua.edu.cn-4dc01642fd091eda/wgpu-25.0.2/src/api/pipeline_cache.rs:76:37
   |
76 | static_assertions::assert_impl_all!(PipelineCache: Send, Sync);
   |                                     ^^^^^^^^^^^^^
   |
   = help: consider increasing the recursion limit by adding a `#![recursion_limit = "256"]` attribute to your crate (`wgpu`)
note: required by a bound in `pipeline_cache::_::{closure#0}::assert_impl_all`
  --> /home/adwin/.cargo/registry/src/mirrors.tuna.tsinghua.edu.cn-4dc01642fd091eda/wgpu-25.0.2/src/api/pipeline_cache.rs:76:1
   |
76 | static_assertions::assert_impl_all!(PipelineCache: Send, Sync);
   | ^^^^^^^^^^^^^^^^^^^^^^^^^^^^^^^^^^^^^^^^^^^^^^^^^^^^^^^^^^^^^^ required by this bound in `assert_impl_all`
   = note: this error originates in the macro `static_assertions::assert_impl_all` (in Nightly builds, run with -Z macro-backtrace for more info)

error[E0275]: overflow evaluating the requirement `pipeline_cache::PipelineCache: Sync`
  --> /home/adwin/.cargo/registry/src/mirrors.tuna.tsinghua.edu.cn-4dc01642fd091eda/wgpu-25.0.2/src/api/pipeline_cache.rs:76:37
   |
76 | static_assertions::assert_impl_all!(PipelineCache: Send, Sync);
   |                                     ^^^^^^^^^^^^^
   |
   = help: consider increasing the recursion limit by adding a `#![recursion_limit = "256"]` attribute to your crate (`wgpu`)
note: required by a bound in `pipeline_cache::_::{closure#0}::assert_impl_all`
  --> /home/adwin/.cargo/registry/src/mirrors.tuna.tsinghua.edu.cn-4dc01642fd091eda/wgpu-25.0.2/src/api/pipeline_cache.rs:76:1
   |
76 | static_assertions::assert_impl_all!(PipelineCache: Send, Sync);
   | ^^^^^^^^^^^^^^^^^^^^^^^^^^^^^^^^^^^^^^^^^^^^^^^^^^^^^^^^^^^^^^ required by this bound in `assert_impl_all`
   = note: this error originates in the macro `static_assertions::assert_impl_all` (in Nightly builds, run with -Z macro-backtrace for more info)

error[E0275]: overflow evaluating the requirement `pipeline_layout::PipelineLayout: Send`
  --> /home/adwin/.cargo/registry/src/mirrors.tuna.tsinghua.edu.cn-4dc01642fd091eda/wgpu-25.0.2/src/api/pipeline_layout.rs:14:37
   |
14 | static_assertions::assert_impl_all!(PipelineLayout: Send, Sync);
   |                                     ^^^^^^^^^^^^^^
   |
   = help: consider increasing the recursion limit by adding a `#![recursion_limit = "256"]` attribute to your crate (`wgpu`)
note: required by a bound in `pipeline_layout::_::{closure#0}::assert_impl_all`
  --> /home/adwin/.cargo/registry/src/mirrors.tuna.tsinghua.edu.cn-4dc01642fd091eda/wgpu-25.0.2/src/api/pipeline_layout.rs:14:1
   |
14 | static_assertions::assert_impl_all!(PipelineLayout: Send, Sync);
   | ^^^^^^^^^^^^^^^^^^^^^^^^^^^^^^^^^^^^^^^^^^^^^^^^^^^^^^^^^^^^^^^ required by this bound in `assert_impl_all`
   = note: this error originates in the macro `static_assertions::assert_impl_all` (in Nightly builds, run with -Z macro-backtrace for more info)

error[E0275]: overflow evaluating the requirement `pipeline_layout::PipelineLayout: Sync`
  --> /home/adwin/.cargo/registry/src/mirrors.tuna.tsinghua.edu.cn-4dc01642fd091eda/wgpu-25.0.2/src/api/pipeline_layout.rs:14:37
   |
14 | static_assertions::assert_impl_all!(PipelineLayout: Send, Sync);
   |                                     ^^^^^^^^^^^^^^
   |
   = help: consider increasing the recursion limit by adding a `#![recursion_limit = "256"]` attribute to your crate (`wgpu`)
note: required by a bound in `pipeline_layout::_::{closure#0}::assert_impl_all`
  --> /home/adwin/.cargo/registry/src/mirrors.tuna.tsinghua.edu.cn-4dc01642fd091eda/wgpu-25.0.2/src/api/pipeline_layout.rs:14:1
   |
14 | static_assertions::assert_impl_all!(PipelineLayout: Send, Sync);
   | ^^^^^^^^^^^^^^^^^^^^^^^^^^^^^^^^^^^^^^^^^^^^^^^^^^^^^^^^^^^^^^^ required by this bound in `assert_impl_all`
   = note: this error originates in the macro `static_assertions::assert_impl_all` (in Nightly builds, run with -Z macro-backtrace for more info)

error[E0275]: overflow evaluating the requirement `pipeline_layout::PipelineLayoutDescriptor<'_>: Send`
  --> /home/adwin/.cargo/registry/src/mirrors.tuna.tsinghua.edu.cn-4dc01642fd091eda/wgpu-25.0.2/src/api/pipeline_layout.rs:39:37
   |
39 | static_assertions::assert_impl_all!(PipelineLayoutDescriptor<'_>: Send, Sync);
   |                                     ^^^^^^^^^^^^^^^^^^^^^^^^^^^^
   |
   = help: consider increasing the recursion limit by adding a `#![recursion_limit = "256"]` attribute to your crate (`wgpu`)
note: required by a bound in `pipeline_layout::_::{closure#0}::assert_impl_all`
  --> /home/adwin/.cargo/registry/src/mirrors.tuna.tsinghua.edu.cn-4dc01642fd091eda/wgpu-25.0.2/src/api/pipeline_layout.rs:39:1
   |
39 | static_assertions::assert_impl_all!(PipelineLayoutDescriptor<'_>: Send, Sync);
   | ^^^^^^^^^^^^^^^^^^^^^^^^^^^^^^^^^^^^^^^^^^^^^^^^^^^^^^^^^^^^^^^^^^^^^^^^^^^^^ required by this bound in `assert_impl_all`
   = note: this error originates in the macro `static_assertions::assert_impl_all` (in Nightly builds, run with -Z macro-backtrace for more info)

error[E0275]: overflow evaluating the requirement `pipeline_layout::PipelineLayoutDescriptor<'_>: Sync`
  --> /home/adwin/.cargo/registry/src/mirrors.tuna.tsinghua.edu.cn-4dc01642fd091eda/wgpu-25.0.2/src/api/pipeline_layout.rs:39:37
   |
39 | static_assertions::assert_impl_all!(PipelineLayoutDescriptor<'_>: Send, Sync);
   |                                     ^^^^^^^^^^^^^^^^^^^^^^^^^^^^
   |
   = help: consider increasing the recursion limit by adding a `#![recursion_limit = "256"]` attribute to your crate (`wgpu`)
note: required by a bound in `pipeline_layout::_::{closure#0}::assert_impl_all`
  --> /home/adwin/.cargo/registry/src/mirrors.tuna.tsinghua.edu.cn-4dc01642fd091eda/wgpu-25.0.2/src/api/pipeline_layout.rs:39:1
   |
39 | static_assertions::assert_impl_all!(PipelineLayoutDescriptor<'_>: Send, Sync);
   | ^^^^^^^^^^^^^^^^^^^^^^^^^^^^^^^^^^^^^^^^^^^^^^^^^^^^^^^^^^^^^^^^^^^^^^^^^^^^^ required by this bound in `assert_impl_all`
   = note: this error originates in the macro `static_assertions::assert_impl_all` (in Nightly builds, run with -Z macro-backtrace for more info)

error[E0275]: overflow evaluating the requirement `query_set::QuerySet: Send`
  --> /home/adwin/.cargo/registry/src/mirrors.tuna.tsinghua.edu.cn-4dc01642fd091eda/wgpu-25.0.2/src/api/query_set.rs:14:37
   |
14 | static_assertions::assert_impl_all!(QuerySet: Send, Sync);
   |                                     ^^^^^^^^
   |
   = help: consider increasing the recursion limit by adding a `#![recursion_limit = "256"]` attribute to your crate (`wgpu`)
note: required by a bound in `query_set::_::{closure#0}::assert_impl_all`
  --> /home/adwin/.cargo/registry/src/mirrors.tuna.tsinghua.edu.cn-4dc01642fd091eda/wgpu-25.0.2/src/api/query_set.rs:14:1
   |
14 | static_assertions::assert_impl_all!(QuerySet: Send, Sync);
   | ^^^^^^^^^^^^^^^^^^^^^^^^^^^^^^^^^^^^^^^^^^^^^^^^^^^^^^^^^ required by this bound in `assert_impl_all`
   = note: this error originates in the macro `static_assertions::assert_impl_all` (in Nightly builds, run with -Z macro-backtrace for more info)

error[E0275]: overflow evaluating the requirement `query_set::QuerySet: Sync`
  --> /home/adwin/.cargo/registry/src/mirrors.tuna.tsinghua.edu.cn-4dc01642fd091eda/wgpu-25.0.2/src/api/query_set.rs:14:37
   |
14 | static_assertions::assert_impl_all!(QuerySet: Send, Sync);
   |                                     ^^^^^^^^
   |
   = help: consider increasing the recursion limit by adding a `#![recursion_limit = "256"]` attribute to your crate (`wgpu`)
note: required by a bound in `query_set::_::{closure#0}::assert_impl_all`
  --> /home/adwin/.cargo/registry/src/mirrors.tuna.tsinghua.edu.cn-4dc01642fd091eda/wgpu-25.0.2/src/api/query_set.rs:14:1
   |
14 | static_assertions::assert_impl_all!(QuerySet: Send, Sync);
   | ^^^^^^^^^^^^^^^^^^^^^^^^^^^^^^^^^^^^^^^^^^^^^^^^^^^^^^^^^ required by this bound in `assert_impl_all`
   = note: this error originates in the macro `static_assertions::assert_impl_all` (in Nightly builds, run with -Z macro-backtrace for more info)

error[E0275]: overflow evaluating the requirement `api::queue::Queue: Send`
  --> /home/adwin/.cargo/registry/src/mirrors.tuna.tsinghua.edu.cn-4dc01642fd091eda/wgpu-25.0.2/src/api/queue.rs:18:37
   |
18 | static_assertions::assert_impl_all!(Queue: Send, Sync);
   |                                     ^^^^^
   |
   = help: consider increasing the recursion limit by adding a `#![recursion_limit = "256"]` attribute to your crate (`wgpu`)
note: required by a bound in `api::queue::_::{closure#0}::assert_impl_all`
  --> /home/adwin/.cargo/registry/src/mirrors.tuna.tsinghua.edu.cn-4dc01642fd091eda/wgpu-25.0.2/src/api/queue.rs:18:1
   |
18 | static_assertions::assert_impl_all!(Queue: Send, Sync);
   | ^^^^^^^^^^^^^^^^^^^^^^^^^^^^^^^^^^^^^^^^^^^^^^^^^^^^^^ required by this bound in `assert_impl_all`
   = note: this error originates in the macro `static_assertions::assert_impl_all` (in Nightly builds, run with -Z macro-backtrace for more info)

error[E0275]: overflow evaluating the requirement `api::queue::Queue: Sync`
  --> /home/adwin/.cargo/registry/src/mirrors.tuna.tsinghua.edu.cn-4dc01642fd091eda/wgpu-25.0.2/src/api/queue.rs:18:37
   |
18 | static_assertions::assert_impl_all!(Queue: Send, Sync);
   |                                     ^^^^^
   |
   = help: consider increasing the recursion limit by adding a `#![recursion_limit = "256"]` attribute to your crate (`wgpu`)
note: required by a bound in `api::queue::_::{closure#0}::assert_impl_all`
  --> /home/adwin/.cargo/registry/src/mirrors.tuna.tsinghua.edu.cn-4dc01642fd091eda/wgpu-25.0.2/src/api/queue.rs:18:1
   |
18 | static_assertions::assert_impl_all!(Queue: Send, Sync);
   | ^^^^^^^^^^^^^^^^^^^^^^^^^^^^^^^^^^^^^^^^^^^^^^^^^^^^^^ required by this bound in `assert_impl_all`
   = note: this error originates in the macro `static_assertions::assert_impl_all` (in Nightly builds, run with -Z macro-backtrace for more info)

error[E0275]: overflow evaluating the requirement `QueueWriteBufferView<'_>: Send`
  --> /home/adwin/.cargo/registry/src/mirrors.tuna.tsinghua.edu.cn-4dc01642fd091eda/wgpu-25.0.2/src/api/queue.rs:54:37
   |
54 | static_assertions::assert_impl_all!(QueueWriteBufferView<'_>: Send, Sync);
   |                                     ^^^^^^^^^^^^^^^^^^^^^^^^
   |
   = help: consider increasing the recursion limit by adding a `#![recursion_limit = "256"]` attribute to your crate (`wgpu`)
note: required by a bound in `api::queue::_::{closure#0}::assert_impl_all`
  --> /home/adwin/.cargo/registry/src/mirrors.tuna.tsinghua.edu.cn-4dc01642fd091eda/wgpu-25.0.2/src/api/queue.rs:54:1
   |
54 | static_assertions::assert_impl_all!(QueueWriteBufferView<'_>: Send, Sync);
   | ^^^^^^^^^^^^^^^^^^^^^^^^^^^^^^^^^^^^^^^^^^^^^^^^^^^^^^^^^^^^^^^^^^^^^^^^^ required by this bound in `assert_impl_all`
   = note: this error originates in the macro `static_assertions::assert_impl_all` (in Nightly builds, run with -Z macro-backtrace for more info)

error[E0275]: overflow evaluating the requirement `QueueWriteBufferView<'_>: Sync`
  --> /home/adwin/.cargo/registry/src/mirrors.tuna.tsinghua.edu.cn-4dc01642fd091eda/wgpu-25.0.2/src/api/queue.rs:54:37
   |
54 | static_assertions::assert_impl_all!(QueueWriteBufferView<'_>: Send, Sync);
   |                                     ^^^^^^^^^^^^^^^^^^^^^^^^
   |
   = help: consider increasing the recursion limit by adding a `#![recursion_limit = "256"]` attribute to your crate (`wgpu`)
note: required by a bound in `api::queue::_::{closure#0}::assert_impl_all`
  --> /home/adwin/.cargo/registry/src/mirrors.tuna.tsinghua.edu.cn-4dc01642fd091eda/wgpu-25.0.2/src/api/queue.rs:54:1
   |
54 | static_assertions::assert_impl_all!(QueueWriteBufferView<'_>: Send, Sync);
   | ^^^^^^^^^^^^^^^^^^^^^^^^^^^^^^^^^^^^^^^^^^^^^^^^^^^^^^^^^^^^^^^^^^^^^^^^^ required by this bound in `assert_impl_all`
   = note: this error originates in the macro `static_assertions::assert_impl_all` (in Nightly builds, run with -Z macro-backtrace for more info)

error[E0275]: overflow evaluating the requirement `wgpu_core::CoreRenderBundleEncoder: CommonTraits`
   --> /home/adwin/.cargo/registry/src/mirrors.tuna.tsinghua.edu.cn-4dc01642fd091eda/wgpu-25.0.2/src/api/render_bundle_encoder.rs:57:65
    |
 57 |             dispatch::DispatchRenderBundleEncoder::Core(b) => b.finish(desc),
    |                                                                 ^^^^^^
    |
    = help: consider increasing the recursion limit by adding a `#![recursion_limit = "256"]` attribute to your crate (`wgpu`)
note: required by a bound in `RenderBundleEncoderInterface::finish`
   --> /home/adwin/.cargo/registry/src/mirrors.tuna.tsinghua.edu.cn-4dc01642fd091eda/wgpu-25.0.2/src/dispatch.rs:458:41
    |
458 | pub trait RenderBundleEncoderInterface: CommonTraits {
    |                                         ^^^^^^^^^^^^ required by this bound in `RenderBundleEncoderInterface::finish`
...
495 |     fn finish(self, desc: &crate::RenderBundleDescriptor<'_>) -> DispatchRenderBundle
    |        ------ required by a bound in this associated function

error[E0275]: overflow evaluating the requirement `render_pass::RenderPass<'_>: Send`
  --> /home/adwin/.cargo/registry/src/mirrors.tuna.tsinghua.edu.cn-4dc01642fd091eda/wgpu-25.0.2/src/api/render_pass.rs:35:37
   |
35 | static_assertions::assert_impl_all!(RenderPass<'_>: Send, Sync);
   |                                     ^^^^^^^^^^^^^^
   |
   = help: consider increasing the recursion limit by adding a `#![recursion_limit = "256"]` attribute to your crate (`wgpu`)
note: required by a bound in `render_pass::_::{closure#0}::assert_impl_all`
  --> /home/adwin/.cargo/registry/src/mirrors.tuna.tsinghua.edu.cn-4dc01642fd091eda/wgpu-25.0.2/src/api/render_pass.rs:35:1
   |
35 | static_assertions::assert_impl_all!(RenderPass<'_>: Send, Sync);
   | ^^^^^^^^^^^^^^^^^^^^^^^^^^^^^^^^^^^^^^^^^^^^^^^^^^^^^^^^^^^^^^^ required by this bound in `assert_impl_all`
   = note: this error originates in the macro `static_assertions::assert_impl_all` (in Nightly builds, run with -Z macro-backtrace for more info)

error[E0275]: overflow evaluating the requirement `render_pass::RenderPass<'_>: Sync`
  --> /home/adwin/.cargo/registry/src/mirrors.tuna.tsinghua.edu.cn-4dc01642fd091eda/wgpu-25.0.2/src/api/render_pass.rs:35:37
   |
35 | static_assertions::assert_impl_all!(RenderPass<'_>: Send, Sync);
   |                                     ^^^^^^^^^^^^^^
   |
   = help: consider increasing the recursion limit by adding a `#![recursion_limit = "256"]` attribute to your crate (`wgpu`)
note: required by a bound in `render_pass::_::{closure#0}::assert_impl_all`
  --> /home/adwin/.cargo/registry/src/mirrors.tuna.tsinghua.edu.cn-4dc01642fd091eda/wgpu-25.0.2/src/api/render_pass.rs:35:1
   |
35 | static_assertions::assert_impl_all!(RenderPass<'_>: Send, Sync);
   | ^^^^^^^^^^^^^^^^^^^^^^^^^^^^^^^^^^^^^^^^^^^^^^^^^^^^^^^^^^^^^^^ required by this bound in `assert_impl_all`
   = note: this error originates in the macro `static_assertions::assert_impl_all` (in Nightly builds, run with -Z macro-backtrace for more info)

error[E0275]: overflow evaluating the requirement `RenderPassTimestampWrites<'_>: Send`
   --> /home/adwin/.cargo/registry/src/mirrors.tuna.tsinghua.edu.cn-4dc01642fd091eda/wgpu-25.0.2/src/api/render_pass.rs:525:37
    |
525 | static_assertions::assert_impl_all!(RenderPassTimestampWrites<'_>: Send, Sync);
    |                                     ^^^^^^^^^^^^^^^^^^^^^^^^^^^^^
    |
    = help: consider increasing the recursion limit by adding a `#![recursion_limit = "256"]` attribute to your crate (`wgpu`)
note: required by a bound in `render_pass::_::{closure#0}::assert_impl_all`
   --> /home/adwin/.cargo/registry/src/mirrors.tuna.tsinghua.edu.cn-4dc01642fd091eda/wgpu-25.0.2/src/api/render_pass.rs:525:1
    |
525 | static_assertions::assert_impl_all!(RenderPassTimestampWrites<'_>: Send, Sync);
    | ^^^^^^^^^^^^^^^^^^^^^^^^^^^^^^^^^^^^^^^^^^^^^^^^^^^^^^^^^^^^^^^^^^^^^^^^^^^^^^ required by this bound in `assert_impl_all`
    = note: this error originates in the macro `static_assertions::assert_impl_all` (in Nightly builds, run with -Z macro-backtrace for more info)

error[E0275]: overflow evaluating the requirement `RenderPassTimestampWrites<'_>: Sync`
   --> /home/adwin/.cargo/registry/src/mirrors.tuna.tsinghua.edu.cn-4dc01642fd091eda/wgpu-25.0.2/src/api/render_pass.rs:525:37
    |
525 | static_assertions::assert_impl_all!(RenderPassTimestampWrites<'_>: Send, Sync);
    |                                     ^^^^^^^^^^^^^^^^^^^^^^^^^^^^^
    |
    = help: consider increasing the recursion limit by adding a `#![recursion_limit = "256"]` attribute to your crate (`wgpu`)
note: required by a bound in `render_pass::_::{closure#0}::assert_impl_all`
   --> /home/adwin/.cargo/registry/src/mirrors.tuna.tsinghua.edu.cn-4dc01642fd091eda/wgpu-25.0.2/src/api/render_pass.rs:525:1
    |
525 | static_assertions::assert_impl_all!(RenderPassTimestampWrites<'_>: Send, Sync);
    | ^^^^^^^^^^^^^^^^^^^^^^^^^^^^^^^^^^^^^^^^^^^^^^^^^^^^^^^^^^^^^^^^^^^^^^^^^^^^^^ required by this bound in `assert_impl_all`
    = note: this error originates in the macro `static_assertions::assert_impl_all` (in Nightly builds, run with -Z macro-backtrace for more info)

error[E0275]: overflow evaluating the requirement `render_pass::RenderPassColorAttachment<'_>: Send`
   --> /home/adwin/.cargo/registry/src/mirrors.tuna.tsinghua.edu.cn-4dc01642fd091eda/wgpu-25.0.2/src/api/render_pass.rs:545:37
    |
545 | static_assertions::assert_impl_all!(RenderPassColorAttachment<'_>: Send, Sync);
    |                                     ^^^^^^^^^^^^^^^^^^^^^^^^^^^^^
    |
    = help: consider increasing the recursion limit by adding a `#![recursion_limit = "256"]` attribute to your crate (`wgpu`)
note: required by a bound in `render_pass::_::{closure#0}::assert_impl_all`
   --> /home/adwin/.cargo/registry/src/mirrors.tuna.tsinghua.edu.cn-4dc01642fd091eda/wgpu-25.0.2/src/api/render_pass.rs:545:1
    |
545 | static_assertions::assert_impl_all!(RenderPassColorAttachment<'_>: Send, Sync);
    | ^^^^^^^^^^^^^^^^^^^^^^^^^^^^^^^^^^^^^^^^^^^^^^^^^^^^^^^^^^^^^^^^^^^^^^^^^^^^^^ required by this bound in `assert_impl_all`
    = note: this error originates in the macro `static_assertions::assert_impl_all` (in Nightly builds, run with -Z macro-backtrace for more info)

error[E0275]: overflow evaluating the requirement `render_pass::RenderPassColorAttachment<'_>: Sync`
   --> /home/adwin/.cargo/registry/src/mirrors.tuna.tsinghua.edu.cn-4dc01642fd091eda/wgpu-25.0.2/src/api/render_pass.rs:545:37
    |
545 | static_assertions::assert_impl_all!(RenderPassColorAttachment<'_>: Send, Sync);
    |                                     ^^^^^^^^^^^^^^^^^^^^^^^^^^^^^
    |
    = help: consider increasing the recursion limit by adding a `#![recursion_limit = "256"]` attribute to your crate (`wgpu`)
note: required by a bound in `render_pass::_::{closure#0}::assert_impl_all`
   --> /home/adwin/.cargo/registry/src/mirrors.tuna.tsinghua.edu.cn-4dc01642fd091eda/wgpu-25.0.2/src/api/render_pass.rs:545:1
    |
545 | static_assertions::assert_impl_all!(RenderPassColorAttachment<'_>: Send, Sync);
    | ^^^^^^^^^^^^^^^^^^^^^^^^^^^^^^^^^^^^^^^^^^^^^^^^^^^^^^^^^^^^^^^^^^^^^^^^^^^^^^ required by this bound in `assert_impl_all`
    = note: this error originates in the macro `static_assertions::assert_impl_all` (in Nightly builds, run with -Z macro-backtrace for more info)

error[E0275]: overflow evaluating the requirement `render_pass::RenderPassDepthStencilAttachment<'_>: Send`
   --> /home/adwin/.cargo/registry/src/mirrors.tuna.tsinghua.edu.cn-4dc01642fd091eda/wgpu-25.0.2/src/api/render_pass.rs:563:37
    |
563 | static_assertions::assert_impl_all!(RenderPassDepthStencilAttachment<'_>: Send, Sync);
    |                                     ^^^^^^^^^^^^^^^^^^^^^^^^^^^^^^^^^^^^
    |
    = help: consider increasing the recursion limit by adding a `#![recursion_limit = "256"]` attribute to your crate (`wgpu`)
note: required by a bound in `render_pass::_::{closure#0}::assert_impl_all`
   --> /home/adwin/.cargo/registry/src/mirrors.tuna.tsinghua.edu.cn-4dc01642fd091eda/wgpu-25.0.2/src/api/render_pass.rs:563:1
    |
563 | static_assertions::assert_impl_all!(RenderPassDepthStencilAttachment<'_>: Send, Sync);
    | ^^^^^^^^^^^^^^^^^^^^^^^^^^^^^^^^^^^^^^^^^^^^^^^^^^^^^^^^^^^^^^^^^^^^^^^^^^^^^^^^^^^^^ required by this bound in `assert_impl_all`
    = note: this error originates in the macro `static_assertions::assert_impl_all` (in Nightly builds, run with -Z macro-backtrace for more info)

error[E0275]: overflow evaluating the requirement `render_pass::RenderPassDepthStencilAttachment<'_>: Sync`
   --> /home/adwin/.cargo/registry/src/mirrors.tuna.tsinghua.edu.cn-4dc01642fd091eda/wgpu-25.0.2/src/api/render_pass.rs:563:37
    |
563 | static_assertions::assert_impl_all!(RenderPassDepthStencilAttachment<'_>: Send, Sync);
    |                                     ^^^^^^^^^^^^^^^^^^^^^^^^^^^^^^^^^^^^
    |
    = help: consider increasing the recursion limit by adding a `#![recursion_limit = "256"]` attribute to your crate (`wgpu`)
note: required by a bound in `render_pass::_::{closure#0}::assert_impl_all`
   --> /home/adwin/.cargo/registry/src/mirrors.tuna.tsinghua.edu.cn-4dc01642fd091eda/wgpu-25.0.2/src/api/render_pass.rs:563:1
    |
563 | static_assertions::assert_impl_all!(RenderPassDepthStencilAttachment<'_>: Send, Sync);
    | ^^^^^^^^^^^^^^^^^^^^^^^^^^^^^^^^^^^^^^^^^^^^^^^^^^^^^^^^^^^^^^^^^^^^^^^^^^^^^^^^^^^^^ required by this bound in `assert_impl_all`
    = note: this error originates in the macro `static_assertions::assert_impl_all` (in Nightly builds, run with -Z macro-backtrace for more info)

error[E0275]: overflow evaluating the requirement `render_pass::RenderPassDescriptor<'_>: Send`
   --> /home/adwin/.cargo/registry/src/mirrors.tuna.tsinghua.edu.cn-4dc01642fd091eda/wgpu-25.0.2/src/api/render_pass.rs:587:37
    |
587 | static_assertions::assert_impl_all!(RenderPassDescriptor<'_>: Send, Sync);
    |                                     ^^^^^^^^^^^^^^^^^^^^^^^^
    |
    = help: consider increasing the recursion limit by adding a `#![recursion_limit = "256"]` attribute to your crate (`wgpu`)
note: required by a bound in `render_pass::_::{closure#0}::assert_impl_all`
   --> /home/adwin/.cargo/registry/src/mirrors.tuna.tsinghua.edu.cn-4dc01642fd091eda/wgpu-25.0.2/src/api/render_pass.rs:587:1
    |
587 | static_assertions::assert_impl_all!(RenderPassDescriptor<'_>: Send, Sync);
    | ^^^^^^^^^^^^^^^^^^^^^^^^^^^^^^^^^^^^^^^^^^^^^^^^^^^^^^^^^^^^^^^^^^^^^^^^^ required by this bound in `assert_impl_all`
    = note: this error originates in the macro `static_assertions::assert_impl_all` (in Nightly builds, run with -Z macro-backtrace for more info)

error[E0275]: overflow evaluating the requirement `render_pass::RenderPassDescriptor<'_>: Sync`
   --> /home/adwin/.cargo/registry/src/mirrors.tuna.tsinghua.edu.cn-4dc01642fd091eda/wgpu-25.0.2/src/api/render_pass.rs:587:37
    |
587 | static_assertions::assert_impl_all!(RenderPassDescriptor<'_>: Send, Sync);
    |                                     ^^^^^^^^^^^^^^^^^^^^^^^^
    |
    = help: consider increasing the recursion limit by adding a `#![recursion_limit = "256"]` attribute to your crate (`wgpu`)
note: required by a bound in `render_pass::_::{closure#0}::assert_impl_all`
   --> /home/adwin/.cargo/registry/src/mirrors.tuna.tsinghua.edu.cn-4dc01642fd091eda/wgpu-25.0.2/src/api/render_pass.rs:587:1
    |
587 | static_assertions::assert_impl_all!(RenderPassDescriptor<'_>: Send, Sync);
    | ^^^^^^^^^^^^^^^^^^^^^^^^^^^^^^^^^^^^^^^^^^^^^^^^^^^^^^^^^^^^^^^^^^^^^^^^^ required by this bound in `assert_impl_all`
    = note: this error originates in the macro `static_assertions::assert_impl_all` (in Nightly builds, run with -Z macro-backtrace for more info)

error[E0275]: overflow evaluating the requirement `render_pipeline::RenderPipeline: Send`
  --> /home/adwin/.cargo/registry/src/mirrors.tuna.tsinghua.edu.cn-4dc01642fd091eda/wgpu-25.0.2/src/api/render_pipeline.rs:16:37
   |
16 | static_assertions::assert_impl_all!(RenderPipeline: Send, Sync);
   |                                     ^^^^^^^^^^^^^^
   |
   = help: consider increasing the recursion limit by adding a `#![recursion_limit = "256"]` attribute to your crate (`wgpu`)
note: required by a bound in `render_pipeline::_::{closure#0}::assert_impl_all`
  --> /home/adwin/.cargo/registry/src/mirrors.tuna.tsinghua.edu.cn-4dc01642fd091eda/wgpu-25.0.2/src/api/render_pipeline.rs:16:1
   |
16 | static_assertions::assert_impl_all!(RenderPipeline: Send, Sync);
   | ^^^^^^^^^^^^^^^^^^^^^^^^^^^^^^^^^^^^^^^^^^^^^^^^^^^^^^^^^^^^^^^ required by this bound in `assert_impl_all`
   = note: this error originates in the macro `static_assertions::assert_impl_all` (in Nightly builds, run with -Z macro-backtrace for more info)

error[E0275]: overflow evaluating the requirement `render_pipeline::RenderPipeline: Sync`
  --> /home/adwin/.cargo/registry/src/mirrors.tuna.tsinghua.edu.cn-4dc01642fd091eda/wgpu-25.0.2/src/api/render_pipeline.rs:16:37
   |
16 | static_assertions::assert_impl_all!(RenderPipeline: Send, Sync);
   |                                     ^^^^^^^^^^^^^^
   |
   = help: consider increasing the recursion limit by adding a `#![recursion_limit = "256"]` attribute to your crate (`wgpu`)
note: required by a bound in `render_pipeline::_::{closure#0}::assert_impl_all`
  --> /home/adwin/.cargo/registry/src/mirrors.tuna.tsinghua.edu.cn-4dc01642fd091eda/wgpu-25.0.2/src/api/render_pipeline.rs:16:1
   |
16 | static_assertions::assert_impl_all!(RenderPipeline: Send, Sync);
   | ^^^^^^^^^^^^^^^^^^^^^^^^^^^^^^^^^^^^^^^^^^^^^^^^^^^^^^^^^^^^^^^ required by this bound in `assert_impl_all`
   = note: this error originates in the macro `static_assertions::assert_impl_all` (in Nightly builds, run with -Z macro-backtrace for more info)

error[E0275]: overflow evaluating the requirement `render_pipeline::VertexState<'_>: Send`
   --> /home/adwin/.cargo/registry/src/mirrors.tuna.tsinghua.edu.cn-4dc01642fd091eda/wgpu-25.0.2/src/api/render_pipeline.rs:112:37
    |
112 | static_assertions::assert_impl_all!(VertexState<'_>: Send, Sync);
    |                                     ^^^^^^^^^^^^^^^
    |
    = help: consider increasing the recursion limit by adding a `#![recursion_limit = "256"]` attribute to your crate (`wgpu`)
note: required by a bound in `render_pipeline::_::{closure#0}::assert_impl_all`
   --> /home/adwin/.cargo/registry/src/mirrors.tuna.tsinghua.edu.cn-4dc01642fd091eda/wgpu-25.0.2/src/api/render_pipeline.rs:112:1
    |
112 | static_assertions::assert_impl_all!(VertexState<'_>: Send, Sync);
    | ^^^^^^^^^^^^^^^^^^^^^^^^^^^^^^^^^^^^^^^^^^^^^^^^^^^^^^^^^^^^^^^^ required by this bound in `assert_impl_all`
    = note: this error originates in the macro `static_assertions::assert_impl_all` (in Nightly builds, run with -Z macro-backtrace for more info)

error[E0275]: overflow evaluating the requirement `render_pipeline::VertexState<'_>: Sync`
   --> /home/adwin/.cargo/registry/src/mirrors.tuna.tsinghua.edu.cn-4dc01642fd091eda/wgpu-25.0.2/src/api/render_pipeline.rs:112:37
    |
112 | static_assertions::assert_impl_all!(VertexState<'_>: Send, Sync);
    |                                     ^^^^^^^^^^^^^^^
    |
    = help: consider increasing the recursion limit by adding a `#![recursion_limit = "256"]` attribute to your crate (`wgpu`)
note: required by a bound in `render_pipeline::_::{closure#0}::assert_impl_all`
   --> /home/adwin/.cargo/registry/src/mirrors.tuna.tsinghua.edu.cn-4dc01642fd091eda/wgpu-25.0.2/src/api/render_pipeline.rs:112:1
    |
112 | static_assertions::assert_impl_all!(VertexState<'_>: Send, Sync);
    | ^^^^^^^^^^^^^^^^^^^^^^^^^^^^^^^^^^^^^^^^^^^^^^^^^^^^^^^^^^^^^^^^ required by this bound in `assert_impl_all`
    = note: this error originates in the macro `static_assertions::assert_impl_all` (in Nightly builds, run with -Z macro-backtrace for more info)

error[E0275]: overflow evaluating the requirement `render_pipeline::FragmentState<'_>: Send`
   --> /home/adwin/.cargo/registry/src/mirrors.tuna.tsinghua.edu.cn-4dc01642fd091eda/wgpu-25.0.2/src/api/render_pipeline.rs:140:37
    |
140 | static_assertions::assert_impl_all!(FragmentState<'_>: Send, Sync);
    |                                     ^^^^^^^^^^^^^^^^^
    |
    = help: consider increasing the recursion limit by adding a `#![recursion_limit = "256"]` attribute to your crate (`wgpu`)
note: required by a bound in `render_pipeline::_::{closure#0}::assert_impl_all`
   --> /home/adwin/.cargo/registry/src/mirrors.tuna.tsinghua.edu.cn-4dc01642fd091eda/wgpu-25.0.2/src/api/render_pipeline.rs:140:1
    |
140 | static_assertions::assert_impl_all!(FragmentState<'_>: Send, Sync);
    | ^^^^^^^^^^^^^^^^^^^^^^^^^^^^^^^^^^^^^^^^^^^^^^^^^^^^^^^^^^^^^^^^^^ required by this bound in `assert_impl_all`
    = note: this error originates in the macro `static_assertions::assert_impl_all` (in Nightly builds, run with -Z macro-backtrace for more info)

error[E0275]: overflow evaluating the requirement `render_pipeline::FragmentState<'_>: Sync`
   --> /home/adwin/.cargo/registry/src/mirrors.tuna.tsinghua.edu.cn-4dc01642fd091eda/wgpu-25.0.2/src/api/render_pipeline.rs:140:37
    |
140 | static_assertions::assert_impl_all!(FragmentState<'_>: Send, Sync);
    |                                     ^^^^^^^^^^^^^^^^^
    |
    = help: consider increasing the recursion limit by adding a `#![recursion_limit = "256"]` attribute to your crate (`wgpu`)
note: required by a bound in `render_pipeline::_::{closure#0}::assert_impl_all`
   --> /home/adwin/.cargo/registry/src/mirrors.tuna.tsinghua.edu.cn-4dc01642fd091eda/wgpu-25.0.2/src/api/render_pipeline.rs:140:1
    |
140 | static_assertions::assert_impl_all!(FragmentState<'_>: Send, Sync);
    | ^^^^^^^^^^^^^^^^^^^^^^^^^^^^^^^^^^^^^^^^^^^^^^^^^^^^^^^^^^^^^^^^^^ required by this bound in `assert_impl_all`
    = note: this error originates in the macro `static_assertions::assert_impl_all` (in Nightly builds, run with -Z macro-backtrace for more info)

error[E0275]: overflow evaluating the requirement `render_pipeline::RenderPipelineDescriptor<'_>: Send`
   --> /home/adwin/.cargo/registry/src/mirrors.tuna.tsinghua.edu.cn-4dc01642fd091eda/wgpu-25.0.2/src/api/render_pipeline.rs:189:37
    |
189 | static_assertions::assert_impl_all!(RenderPipelineDescriptor<'_>: Send, Sync);
    |                                     ^^^^^^^^^^^^^^^^^^^^^^^^^^^^
    |
    = help: consider increasing the recursion limit by adding a `#![recursion_limit = "256"]` attribute to your crate (`wgpu`)
note: required by a bound in `render_pipeline::_::{closure#0}::assert_impl_all`
   --> /home/adwin/.cargo/registry/src/mirrors.tuna.tsinghua.edu.cn-4dc01642fd091eda/wgpu-25.0.2/src/api/render_pipeline.rs:189:1
    |
189 | static_assertions::assert_impl_all!(RenderPipelineDescriptor<'_>: Send, Sync);
    | ^^^^^^^^^^^^^^^^^^^^^^^^^^^^^^^^^^^^^^^^^^^^^^^^^^^^^^^^^^^^^^^^^^^^^^^^^^^^^ required by this bound in `assert_impl_all`
    = note: this error originates in the macro `static_assertions::assert_impl_all` (in Nightly builds, run with -Z macro-backtrace for more info)

error[E0275]: overflow evaluating the requirement `render_pipeline::RenderPipelineDescriptor<'_>: Sync`
   --> /home/adwin/.cargo/registry/src/mirrors.tuna.tsinghua.edu.cn-4dc01642fd091eda/wgpu-25.0.2/src/api/render_pipeline.rs:189:37
    |
189 | static_assertions::assert_impl_all!(RenderPipelineDescriptor<'_>: Send, Sync);
    |                                     ^^^^^^^^^^^^^^^^^^^^^^^^^^^^
    |
    = help: consider increasing the recursion limit by adding a `#![recursion_limit = "256"]` attribute to your crate (`wgpu`)
note: required by a bound in `render_pipeline::_::{closure#0}::assert_impl_all`
   --> /home/adwin/.cargo/registry/src/mirrors.tuna.tsinghua.edu.cn-4dc01642fd091eda/wgpu-25.0.2/src/api/render_pipeline.rs:189:1
    |
189 | static_assertions::assert_impl_all!(RenderPipelineDescriptor<'_>: Send, Sync);
    | ^^^^^^^^^^^^^^^^^^^^^^^^^^^^^^^^^^^^^^^^^^^^^^^^^^^^^^^^^^^^^^^^^^^^^^^^^^^^^ required by this bound in `assert_impl_all`
    = note: this error originates in the macro `static_assertions::assert_impl_all` (in Nightly builds, run with -Z macro-backtrace for more info)

error[E0275]: overflow evaluating the requirement `sampler::Sampler: Send`
  --> /home/adwin/.cargo/registry/src/mirrors.tuna.tsinghua.edu.cn-4dc01642fd091eda/wgpu-25.0.2/src/api/sampler.rs:17:37
   |
17 | static_assertions::assert_impl_all!(Sampler: Send, Sync);
   |                                     ^^^^^^^
   |
   = help: consider increasing the recursion limit by adding a `#![recursion_limit = "256"]` attribute to your crate (`wgpu`)
note: required by a bound in `sampler::_::{closure#0}::assert_impl_all`
  --> /home/adwin/.cargo/registry/src/mirrors.tuna.tsinghua.edu.cn-4dc01642fd091eda/wgpu-25.0.2/src/api/sampler.rs:17:1
   |
17 | static_assertions::assert_impl_all!(Sampler: Send, Sync);
   | ^^^^^^^^^^^^^^^^^^^^^^^^^^^^^^^^^^^^^^^^^^^^^^^^^^^^^^^^ required by this bound in `assert_impl_all`
   = note: this error originates in the macro `static_assertions::assert_impl_all` (in Nightly builds, run with -Z macro-backtrace for more info)

error[E0275]: overflow evaluating the requirement `sampler::Sampler: Sync`
  --> /home/adwin/.cargo/registry/src/mirrors.tuna.tsinghua.edu.cn-4dc01642fd091eda/wgpu-25.0.2/src/api/sampler.rs:17:37
   |
17 | static_assertions::assert_impl_all!(Sampler: Send, Sync);
   |                                     ^^^^^^^
   |
   = help: consider increasing the recursion limit by adding a `#![recursion_limit = "256"]` attribute to your crate (`wgpu`)
note: required by a bound in `sampler::_::{closure#0}::assert_impl_all`
  --> /home/adwin/.cargo/registry/src/mirrors.tuna.tsinghua.edu.cn-4dc01642fd091eda/wgpu-25.0.2/src/api/sampler.rs:17:1
   |
17 | static_assertions::assert_impl_all!(Sampler: Send, Sync);
   | ^^^^^^^^^^^^^^^^^^^^^^^^^^^^^^^^^^^^^^^^^^^^^^^^^^^^^^^^ required by this bound in `assert_impl_all`
   = note: this error originates in the macro `static_assertions::assert_impl_all` (in Nightly builds, run with -Z macro-backtrace for more info)

error[E0275]: overflow evaluating the requirement `shader_module::ShaderModule: Send`
  --> /home/adwin/.cargo/registry/src/mirrors.tuna.tsinghua.edu.cn-4dc01642fd091eda/wgpu-25.0.2/src/api/shader_module.rs:23:37
   |
23 | static_assertions::assert_impl_all!(ShaderModule: Send, Sync);
   |                                     ^^^^^^^^^^^^
   |
   = help: consider increasing the recursion limit by adding a `#![recursion_limit = "256"]` attribute to your crate (`wgpu`)
note: required by a bound in `shader_module::_::{closure#0}::assert_impl_all`
  --> /home/adwin/.cargo/registry/src/mirrors.tuna.tsinghua.edu.cn-4dc01642fd091eda/wgpu-25.0.2/src/api/shader_module.rs:23:1
   |
23 | static_assertions::assert_impl_all!(ShaderModule: Send, Sync);
   | ^^^^^^^^^^^^^^^^^^^^^^^^^^^^^^^^^^^^^^^^^^^^^^^^^^^^^^^^^^^^^ required by this bound in `assert_impl_all`
   = note: this error originates in the macro `static_assertions::assert_impl_all` (in Nightly builds, run with -Z macro-backtrace for more info)

error[E0275]: overflow evaluating the requirement `shader_module::ShaderModule: Sync`
  --> /home/adwin/.cargo/registry/src/mirrors.tuna.tsinghua.edu.cn-4dc01642fd091eda/wgpu-25.0.2/src/api/shader_module.rs:23:37
   |
23 | static_assertions::assert_impl_all!(ShaderModule: Send, Sync);
   |                                     ^^^^^^^^^^^^
   |
   = help: consider increasing the recursion limit by adding a `#![recursion_limit = "256"]` attribute to your crate (`wgpu`)
note: required by a bound in `shader_module::_::{closure#0}::assert_impl_all`
  --> /home/adwin/.cargo/registry/src/mirrors.tuna.tsinghua.edu.cn-4dc01642fd091eda/wgpu-25.0.2/src/api/shader_module.rs:23:1
   |
23 | static_assertions::assert_impl_all!(ShaderModule: Send, Sync);
   | ^^^^^^^^^^^^^^^^^^^^^^^^^^^^^^^^^^^^^^^^^^^^^^^^^^^^^^^^^^^^^ required by this bound in `assert_impl_all`
   = note: this error originates in the macro `static_assertions::assert_impl_all` (in Nightly builds, run with -Z macro-backtrace for more info)

error[E0275]: overflow evaluating the requirement `surface::Surface<'_>: Send`
   --> /home/adwin/.cargo/registry/src/mirrors.tuna.tsinghua.edu.cn-4dc01642fd091eda/wgpu-25.0.2/src/api/surface.rs:196:37
    |
196 | static_assertions::assert_impl_all!(Surface<'_>: Send, Sync);
    |                                     ^^^^^^^^^^^
    |
    = help: consider increasing the recursion limit by adding a `#![recursion_limit = "256"]` attribute to your crate (`wgpu`)
note: required by a bound in `surface::_::{closure#0}::assert_impl_all`
   --> /home/adwin/.cargo/registry/src/mirrors.tuna.tsinghua.edu.cn-4dc01642fd091eda/wgpu-25.0.2/src/api/surface.rs:196:1
    |
196 | static_assertions::assert_impl_all!(Surface<'_>: Send, Sync);
    | ^^^^^^^^^^^^^^^^^^^^^^^^^^^^^^^^^^^^^^^^^^^^^^^^^^^^^^^^^^^^ required by this bound in `assert_impl_all`
    = note: this error originates in the macro `static_assertions::assert_impl_all` (in Nightly builds, run with -Z macro-backtrace for more info)

error[E0275]: overflow evaluating the requirement `surface::Surface<'_>: Sync`
   --> /home/adwin/.cargo/registry/src/mirrors.tuna.tsinghua.edu.cn-4dc01642fd091eda/wgpu-25.0.2/src/api/surface.rs:196:37
    |
196 | static_assertions::assert_impl_all!(Surface<'_>: Send, Sync);
    |                                     ^^^^^^^^^^^
    |
    = help: consider increasing the recursion limit by adding a `#![recursion_limit = "256"]` attribute to your crate (`wgpu`)
note: required by a bound in `surface::_::{closure#0}::assert_impl_all`
   --> /home/adwin/.cargo/registry/src/mirrors.tuna.tsinghua.edu.cn-4dc01642fd091eda/wgpu-25.0.2/src/api/surface.rs:196:1
    |
196 | static_assertions::assert_impl_all!(Surface<'_>: Send, Sync);
    | ^^^^^^^^^^^^^^^^^^^^^^^^^^^^^^^^^^^^^^^^^^^^^^^^^^^^^^^^^^^^ required by this bound in `assert_impl_all`
    = note: this error originates in the macro `static_assertions::assert_impl_all` (in Nightly builds, run with -Z macro-backtrace for more info)

error[E0275]: overflow evaluating the requirement `surface_texture::SurfaceTexture: Send`
  --> /home/adwin/.cargo/registry/src/mirrors.tuna.tsinghua.edu.cn-4dc01642fd091eda/wgpu-25.0.2/src/api/surface_texture.rs:23:37
   |
23 | static_assertions::assert_impl_all!(SurfaceTexture: Send, Sync);
   |                                     ^^^^^^^^^^^^^^
   |
   = help: consider increasing the recursion limit by adding a `#![recursion_limit = "256"]` attribute to your crate (`wgpu`)
note: required by a bound in `surface_texture::_::{closure#0}::assert_impl_all`
  --> /home/adwin/.cargo/registry/src/mirrors.tuna.tsinghua.edu.cn-4dc01642fd091eda/wgpu-25.0.2/src/api/surface_texture.rs:23:1
   |
23 | static_assertions::assert_impl_all!(SurfaceTexture: Send, Sync);
   | ^^^^^^^^^^^^^^^^^^^^^^^^^^^^^^^^^^^^^^^^^^^^^^^^^^^^^^^^^^^^^^^ required by this bound in `assert_impl_all`
   = note: this error originates in the macro `static_assertions::assert_impl_all` (in Nightly builds, run with -Z macro-backtrace for more info)

error[E0275]: overflow evaluating the requirement `surface_texture::SurfaceTexture: Sync`
  --> /home/adwin/.cargo/registry/src/mirrors.tuna.tsinghua.edu.cn-4dc01642fd091eda/wgpu-25.0.2/src/api/surface_texture.rs:23:37
   |
23 | static_assertions::assert_impl_all!(SurfaceTexture: Send, Sync);
   |                                     ^^^^^^^^^^^^^^
   |
   = help: consider increasing the recursion limit by adding a `#![recursion_limit = "256"]` attribute to your crate (`wgpu`)
note: required by a bound in `surface_texture::_::{closure#0}::assert_impl_all`
  --> /home/adwin/.cargo/registry/src/mirrors.tuna.tsinghua.edu.cn-4dc01642fd091eda/wgpu-25.0.2/src/api/surface_texture.rs:23:1
   |
23 | static_assertions::assert_impl_all!(SurfaceTexture: Send, Sync);
   | ^^^^^^^^^^^^^^^^^^^^^^^^^^^^^^^^^^^^^^^^^^^^^^^^^^^^^^^^^^^^^^^ required by this bound in `assert_impl_all`
   = note: this error originates in the macro `static_assertions::assert_impl_all` (in Nightly builds, run with -Z macro-backtrace for more info)

error[E0275]: overflow evaluating the requirement `texture::Texture: Send`
  --> /home/adwin/.cargo/registry/src/mirrors.tuna.tsinghua.edu.cn-4dc01642fd091eda/wgpu-25.0.2/src/api/texture.rs:14:37
   |
14 | static_assertions::assert_impl_all!(Texture: Send, Sync);
   |                                     ^^^^^^^
   |
   = help: consider increasing the recursion limit by adding a `#![recursion_limit = "256"]` attribute to your crate (`wgpu`)
note: required by a bound in `texture::_::{closure#0}::assert_impl_all`
  --> /home/adwin/.cargo/registry/src/mirrors.tuna.tsinghua.edu.cn-4dc01642fd091eda/wgpu-25.0.2/src/api/texture.rs:14:1
   |
14 | static_assertions::assert_impl_all!(Texture: Send, Sync);
   | ^^^^^^^^^^^^^^^^^^^^^^^^^^^^^^^^^^^^^^^^^^^^^^^^^^^^^^^^ required by this bound in `assert_impl_all`
   = note: this error originates in the macro `static_assertions::assert_impl_all` (in Nightly builds, run with -Z macro-backtrace for more info)

error[E0275]: overflow evaluating the requirement `texture::Texture: Sync`
  --> /home/adwin/.cargo/registry/src/mirrors.tuna.tsinghua.edu.cn-4dc01642fd091eda/wgpu-25.0.2/src/api/texture.rs:14:37
   |
14 | static_assertions::assert_impl_all!(Texture: Send, Sync);
   |                                     ^^^^^^^
   |
   = help: consider increasing the recursion limit by adding a `#![recursion_limit = "256"]` attribute to your crate (`wgpu`)
note: required by a bound in `texture::_::{closure#0}::assert_impl_all`
  --> /home/adwin/.cargo/registry/src/mirrors.tuna.tsinghua.edu.cn-4dc01642fd091eda/wgpu-25.0.2/src/api/texture.rs:14:1
   |
14 | static_assertions::assert_impl_all!(Texture: Send, Sync);
   | ^^^^^^^^^^^^^^^^^^^^^^^^^^^^^^^^^^^^^^^^^^^^^^^^^^^^^^^^ required by this bound in `assert_impl_all`
   = note: this error originates in the macro `static_assertions::assert_impl_all` (in Nightly builds, run with -Z macro-backtrace for more info)

error[E0275]: overflow evaluating the requirement `texture_view::TextureView: Send`
  --> /home/adwin/.cargo/registry/src/mirrors.tuna.tsinghua.edu.cn-4dc01642fd091eda/wgpu-25.0.2/src/api/texture_view.rs:17:37
   |
17 | static_assertions::assert_impl_all!(TextureView: Send, Sync);
   |                                     ^^^^^^^^^^^
   |
   = help: consider increasing the recursion limit by adding a `#![recursion_limit = "256"]` attribute to your crate (`wgpu`)
note: required by a bound in `texture_view::_::{closure#0}::assert_impl_all`
  --> /home/adwin/.cargo/registry/src/mirrors.tuna.tsinghua.edu.cn-4dc01642fd091eda/wgpu-25.0.2/src/api/texture_view.rs:17:1
   |
17 | static_assertions::assert_impl_all!(TextureView: Send, Sync);
   | ^^^^^^^^^^^^^^^^^^^^^^^^^^^^^^^^^^^^^^^^^^^^^^^^^^^^^^^^^^^^ required by this bound in `assert_impl_all`
   = note: this error originates in the macro `static_assertions::assert_impl_all` (in Nightly builds, run with -Z macro-backtrace for more info)

error[E0275]: overflow evaluating the requirement `texture_view::TextureView: Sync`
  --> /home/adwin/.cargo/registry/src/mirrors.tuna.tsinghua.edu.cn-4dc01642fd091eda/wgpu-25.0.2/src/api/texture_view.rs:17:37
   |
17 | static_assertions::assert_impl_all!(TextureView: Send, Sync);
   |                                     ^^^^^^^^^^^
   |
   = help: consider increasing the recursion limit by adding a `#![recursion_limit = "256"]` attribute to your crate (`wgpu`)
note: required by a bound in `texture_view::_::{closure#0}::assert_impl_all`
  --> /home/adwin/.cargo/registry/src/mirrors.tuna.tsinghua.edu.cn-4dc01642fd091eda/wgpu-25.0.2/src/api/texture_view.rs:17:1
   |
17 | static_assertions::assert_impl_all!(TextureView: Send, Sync);
   | ^^^^^^^^^^^^^^^^^^^^^^^^^^^^^^^^^^^^^^^^^^^^^^^^^^^^^^^^^^^^ required by this bound in `assert_impl_all`
   = note: this error originates in the macro `static_assertions::assert_impl_all` (in Nightly builds, run with -Z macro-backtrace for more info)

error[E0275]: overflow evaluating the requirement `tlas::Tlas: wgt::WasmNotSendSync`
  --> /home/adwin/.cargo/registry/src/mirrors.tuna.tsinghua.edu.cn-4dc01642fd091eda/wgpu-25.0.2/src/api/tlas.rs:31:37
   |
31 | static_assertions::assert_impl_all!(Tlas: WasmNotSendSync);
   |                                     ^^^^
   |
   = help: consider increasing the recursion limit by adding a `#![recursion_limit = "256"]` attribute to your crate (`wgpu`)
note: required by a bound in `tlas::_::{closure#0}::assert_impl_all`
  --> /home/adwin/.cargo/registry/src/mirrors.tuna.tsinghua.edu.cn-4dc01642fd091eda/wgpu-25.0.2/src/api/tlas.rs:31:1
   |
31 | static_assertions::assert_impl_all!(Tlas: WasmNotSendSync);
   | ^^^^^^^^^^^^^^^^^^^^^^^^^^^^^^^^^^^^^^^^^^^^^^^^^^^^^^^^^^ required by this bound in `assert_impl_all`
   = note: this error originates in the macro `static_assertions::assert_impl_all` (in Nightly builds, run with -Z macro-backtrace for more info)

error[E0275]: overflow evaluating the requirement `tlas::TlasBuildEntry<'_>: wgt::WasmNotSendSync`
  --> /home/adwin/.cargo/registry/src/mirrors.tuna.tsinghua.edu.cn-4dc01642fd091eda/wgpu-25.0.2/src/api/tlas.rs:73:37
   |
73 | static_assertions::assert_impl_all!(TlasBuildEntry<'_>: WasmNotSendSync);
   |                                     ^^^^^^^^^^^^^^^^^^
   |
   = help: consider increasing the recursion limit by adding a `#![recursion_limit = "256"]` attribute to your crate (`wgpu`)
note: required by a bound in `tlas::_::{closure#0}::assert_impl_all`
  --> /home/adwin/.cargo/registry/src/mirrors.tuna.tsinghua.edu.cn-4dc01642fd091eda/wgpu-25.0.2/src/api/tlas.rs:73:1
   |
73 | static_assertions::assert_impl_all!(TlasBuildEntry<'_>: WasmNotSendSync);
   | ^^^^^^^^^^^^^^^^^^^^^^^^^^^^^^^^^^^^^^^^^^^^^^^^^^^^^^^^^^^^^^^^^^^^^^^^ required by this bound in `assert_impl_all`
   = note: this error originates in the macro `static_assertions::assert_impl_all` (in Nightly builds, run with -Z macro-backtrace for more info)

error[E0275]: overflow evaluating the requirement `tlas::TlasPackage: wgt::WasmNotSendSync`
  --> /home/adwin/.cargo/registry/src/mirrors.tuna.tsinghua.edu.cn-4dc01642fd091eda/wgpu-25.0.2/src/api/tlas.rs:81:37
   |
81 | static_assertions::assert_impl_all!(TlasPackage: WasmNotSendSync);
   |                                     ^^^^^^^^^^^
   |
   = help: consider increasing the recursion limit by adding a `#![recursion_limit = "256"]` attribute to your crate (`wgpu`)
note: required by a bound in `tlas::_::{closure#0}::assert_impl_all`
  --> /home/adwin/.cargo/registry/src/mirrors.tuna.tsinghua.edu.cn-4dc01642fd091eda/wgpu-25.0.2/src/api/tlas.rs:81:1
   |
81 | static_assertions::assert_impl_all!(TlasPackage: WasmNotSendSync);
   | ^^^^^^^^^^^^^^^^^^^^^^^^^^^^^^^^^^^^^^^^^^^^^^^^^^^^^^^^^^^^^^^^^ required by this bound in `assert_impl_all`
   = note: this error originates in the macro `static_assertions::assert_impl_all` (in Nightly builds, run with -Z macro-backtrace for more info)

error[E0275]: overflow evaluating the requirement `Pin<Box<core::future::Ready<core::result::Result<DispatchAdapter, wgt::RequestAdapterError>>>>: CoerceUnsized<Pin<...>>`
   --> /home/adwin/.cargo/registry/src/mirrors.tuna.tsinghua.edu.cn-4dc01642fd091eda/wgpu-25.0.2/src/backend/wgpu_core.rs:874:9
    |
874 |         Box::pin(ready(adapter))
    |         ^^^^^^^^^^^^^^^^^^^^^^^^
    |
    = help: consider increasing the recursion limit by adding a `#![recursion_limit = "256"]` attribute to your crate (`wgpu`)
    = note: required for the cast from `Pin<Box<core::future::Ready<core::result::Result<DispatchAdapter, wgt::RequestAdapterError>>>>` to `Pin<Box<(dyn RequestAdapterFuture + 'static)>>`

error[E0275]: overflow evaluating the requirement `Pin<Box<core::future::Ready<core::result::Result<(DispatchDevice, DispatchQueue), ...>>>>: CoerceUnsized<...>`
   --> /home/adwin/.cargo/registry/src/mirrors.tuna.tsinghua.edu.cn-4dc01642fd091eda/wgpu-25.0.2/src/backend/wgpu_core.rs:923:24
    |
923 |                 return Box::pin(ready(Err(err.into())));
    |                        ^^^^^^^^^^^^^^^^^^^^^^^^^^^^^^^^
    |
    = help: consider increasing the recursion limit by adding a `#![recursion_limit = "256"]` attribute to your crate (`wgpu`)
    = note: required for the cast from `Pin<Box<Ready<Result<(DispatchDevice, DispatchQueue), RequestDeviceError>>>>` to `Pin<Box<(dyn RequestDeviceFuture + 'static)>>`
    = note: the full name for the type has been written to '/getea/tmp/crater-spurious/wgpu_canvas-5.0.4/target/debug/deps/wgpu-166d97a011bec92b.long-type-10713736185569188076.txt'
    = note: consider using `--verbose` to print the full type name to the console

error[E0275]: overflow evaluating the requirement `Pin<Box<core::future::Ready<core::result::Result<(DispatchDevice, DispatchQueue), ...>>>>: CoerceUnsized<...>`
   --> /home/adwin/.cargo/registry/src/mirrors.tuna.tsinghua.edu.cn-4dc01642fd091eda/wgpu-25.0.2/src/backend/wgpu_core.rs:938:9
    |
938 |         Box::pin(ready(Ok((device.into(), queue.into()))))
    |         ^^^^^^^^^^^^^^^^^^^^^^^^^^^^^^^^^^^^^^^^^^^^^^^^^^
    |
    = help: consider increasing the recursion limit by adding a `#![recursion_limit = "256"]` attribute to your crate (`wgpu`)
    = note: required for the cast from `Pin<Box<Ready<Result<(DispatchDevice, DispatchQueue), RequestDeviceError>>>>` to `Pin<Box<(dyn RequestDeviceFuture + 'static)>>`
    = note: the full name for the type has been written to '/getea/tmp/crater-spurious/wgpu_canvas-5.0.4/target/debug/deps/wgpu-166d97a011bec92b.long-type-10713736185569188076.txt'
    = note: consider using `--verbose` to print the full type name to the console

error[E0275]: overflow evaluating the requirement `wgpu_core::CoreComputePass: CommonTraits`
    --> /home/adwin/.cargo/registry/src/mirrors.tuna.tsinghua.edu.cn-4dc01642fd091eda/wgpu-25.0.2/src/backend/wgpu_core.rs:2891:45
     |
2891 |         dispatch::ComputePassInterface::end(self);
     |         ----------------------------------- ^^^^
     |         |
     |         required by a bound introduced by this call
     |
     = help: consider increasing the recursion limit by adding a `#![recursion_limit = "256"]` attribute to your crate (`wgpu`)
note: required by a bound in `ComputePassInterface::end`
    --> /home/adwin/.cargo/registry/src/mirrors.tuna.tsinghua.edu.cn-4dc01642fd091eda/wgpu-25.0.2/src/dispatch.rs:339:33
     |
 339 | pub trait ComputePassInterface: CommonTraits {
     |                                 ^^^^^^^^^^^^ required by this bound in `ComputePassInterface::end`
...
 363 |     fn end(&mut self);
     |        --- required by a bound in this associated function

error[E0275]: overflow evaluating the requirement `wgpu_core::CoreRenderPass: CommonTraits`
    --> /home/adwin/.cargo/registry/src/mirrors.tuna.tsinghua.edu.cn-4dc01642fd091eda/wgpu-25.0.2/src/backend/wgpu_core.rs:3414:44
     |
3414 |         dispatch::RenderPassInterface::end(self);
     |         ---------------------------------- ^^^^
     |         |
     |         required by a bound introduced by this call
     |
     = help: consider increasing the recursion limit by adding a `#![recursion_limit = "256"]` attribute to your crate (`wgpu`)
note: required by a bound in `RenderPassInterface::end`
    --> /home/adwin/.cargo/registry/src/mirrors.tuna.tsinghua.edu.cn-4dc01642fd091eda/wgpu-25.0.2/src/dispatch.rs:365:32
     |
 365 | pub trait RenderPassInterface: CommonTraits {
     |                                ^^^^^^^^^^^^ required by this bound in `RenderPassInterface::end`
...
 455 |     fn end(&mut self);
     |        --- required by a bound in this associated function

error[E0275]: overflow evaluating the requirement `{closure@/home/adwin/.cargo/registry/src/mirrors.tuna.tsinghua.edu.cn-4dc01642fd091eda/wgpu-25.0.2/src/util/belt.rs:195:44: 195:52}: wgt::WasmNotSend`
   --> /home/adwin/.cargo/registry/src/mirrors.tuna.tsinghua.edu.cn-4dc01642fd091eda/wgpu-25.0.2/src/util/belt.rs:195:18
    |
195 |                 .map_async(MapMode::Write, move |_| {
    |                  ^^^^^^^^^
    |
    = help: consider increasing the recursion limit by adding a `#![recursion_limit = "256"]` attribute to your crate (`wgpu`)
note: required by a bound in `buffer::BufferSlice::<'a>::map_async`
   --> /home/adwin/.cargo/registry/src/mirrors.tuna.tsinghua.edu.cn-4dc01642fd091eda/wgpu-25.0.2/src/api/buffer.rs:495:63
    |
492 |     pub fn map_async(
    |            --------- required by a bound in this associated function
...
495 |         callback: impl FnOnce(Result<(), BufferAsyncError>) + WasmNotSend + 'static,
    |                                                               ^^^^^^^^^^^ required by this bound in `BufferSlice::<'a>::map_async`

error[E0275]: overflow evaluating the requirement `{closure@/home/adwin/.cargo/registry/src/mirrors.tuna.tsinghua.edu.cn-4dc01642fd091eda/wgpu-25.0.2/src/util/mod.rs:122:46: 122:59}: wgt::WasmNotSend`
   --> /home/adwin/.cargo/registry/src/mirrors.tuna.tsinghua.edu.cn-4dc01642fd091eda/wgpu-25.0.2/src/util/mod.rs:122:14
    |
122 |             .map_async(super::MapMode::Read, move |result| {
    |              ^^^^^^^^^
    |
    = help: consider increasing the recursion limit by adding a `#![recursion_limit = "256"]` attribute to your crate (`wgpu`)
note: required by a bound in `buffer::BufferSlice::<'a>::map_async`
   --> /home/adwin/.cargo/registry/src/mirrors.tuna.tsinghua.edu.cn-4dc01642fd091eda/wgpu-25.0.2/src/api/buffer.rs:495:63
    |
492 |     pub fn map_async(
    |            --------- required by a bound in this associated function
...
495 |         callback: impl FnOnce(Result<(), BufferAsyncError>) + WasmNotSend + 'static,
    |                                                               ^^^^^^^^^^^ required by this bound in `BufferSlice::<'a>::map_async`

For more information about this error, try `rustc --explain E0275`.
error: could not compile `wgpu` (lib) due to 125 previous errors
warning: build failed, waiting for other jobs to finish...
