Running as unit: run-p863635-i13444002.scope; invocation ID: c540858bc876400697b92d6f2f2bd244
    Updating `tuna` index
 Downloading crates ...
  Downloaded ufmt-write v0.1.0 (registry `tuna`)
  Downloaded ufmt-macros v0.3.0 (registry `tuna`)
  Downloaded z85 v3.0.5 (registry `tuna`)
  Downloaded noodles-core v0.15.0 (registry `tuna`)
  Downloaded noodles v0.87.0 (registry `tuna`)
  Downloaded fix-hidden-lifetime-bug-proc_macros v0.2.7 (registry `tuna`)
  Downloaded aws-smithy-async v1.2.2 (registry `tuna`)
  Downloaded delta_kernel_derive v0.6.1 (registry `tuna`)
  Downloaded noodles-bed v0.18.0 (registry `tuna`)
  Downloaded noodles-fastq v0.16.0 (registry `tuna`)
  Downloaded noodles-gtf v0.35.0 (registry `tuna`)
  Downloaded fix-hidden-lifetime-bug v0.2.7 (registry `tuna`)
  Downloaded noodles-tabix v0.47.0 (registry `tuna`)
  Downloaded index_list v0.2.15 (registry `tuna`)
  Downloaded libdeflater v0.13.0 (registry `tuna`)
  Downloaded arrow-row v53.3.0 (registry `tuna`)
  Downloaded arrow-string v53.3.0 (registry `tuna`)
  Downloaded noodles-fasta v0.46.0 (registry `tuna`)
  Downloaded noodles-gff v0.41.0 (registry `tuna`)
  Downloaded arrow-arith v53.3.0 (registry `tuna`)
  Downloaded noodles-bgzf v0.34.0 (registry `tuna`)
  Downloaded gb-io v0.7.1 (registry `tuna`)
  Downloaded arrow-csv v53.3.0 (registry `tuna`)
  Downloaded coitrees v0.4.0 (registry `tuna`)
  Downloaded arrow-schema v53.3.0 (registry `tuna`)
  Downloaded arrow-data v53.3.0 (registry `tuna`)
  Downloaded deltalake-aws v0.6.0 (registry `tuna`)
  Downloaded noodles-csi v0.41.0 (registry `tuna`)
  Downloaded arrow-ord v53.3.0 (registry `tuna`)
  Downloaded deltalake v0.23.2 (registry `tuna`)
  Downloaded arrow-select v53.3.0 (registry `tuna`)
  Downloaded aws-runtime v1.5.1 (registry `tuna`)
  Downloaded datafusion-proto-common v44.0.0 (registry `tuna`)
  Downloaded arrow-json v53.3.0 (registry `tuna`)
  Downloaded datafusion-cli v44.0.0 (registry `tuna`)
  Downloaded attohttpc v0.25.0 (registry `tuna`)
  Downloaded aws-sdk-sso v1.51.0 (registry `tuna`)
  Downloaded noodles-bcf v0.66.0 (registry `tuna`)
  Downloaded arrow-buffer v53.3.0 (registry `tuna`)
  Downloaded noodles-bam v0.72.0 (registry `tuna`)
  Downloaded arrow v53.3.0 (registry `tuna`)
  Downloaded aws-smithy-types v1.2.10 (registry `tuna`)
  Downloaded aws-sdk-ssooidc v1.52.0 (registry `tuna`)
  Downloaded roaring v0.10.9 (registry `tuna`)
  Downloaded arrow-cast v53.3.0 (registry `tuna`)
  Downloaded arrow-ipc v53.3.0 (registry `tuna`)
  Downloaded noodles-sam v0.68.0 (registry `tuna`)
  Downloaded aws-smithy-runtime v1.7.5 (registry `tuna`)
  Downloaded aws-config v1.5.11 (registry `tuna`)
  Downloaded noodles-cram v0.73.0 (registry `tuna`)
  Downloaded noodles-vcf v0.70.0 (registry `tuna`)
  Downloaded ufmt v0.2.0 (registry `tuna`)
  Downloaded datafusion-proto v44.0.0 (registry `tuna`)
  Downloaded aws-sdk-sts v1.52.0 (registry `tuna`)
  Downloaded apache-avro v0.17.0 (registry `tuna`)
  Downloaded libdeflate-sys v0.13.0 (registry `tuna`)
  Downloaded arrow-array v53.3.0 (registry `tuna`)
  Downloaded delta_kernel v0.6.0 (registry `tuna`)
  Downloaded deltalake-core v0.23.2 (registry `tuna`)
  Downloaded parquet v53.3.0 (registry `tuna`)
  Downloaded aws-sdk-dynamodb v1.56.0 (registry `tuna`)
  Downloaded bigtools v0.5.4 (registry `tuna`)
   Compiling proc-macro2 v1.0.92
   Compiling unicode-ident v1.0.14
   Compiling libc v0.2.169
    Checking cfg-if v1.0.0
   Compiling autocfg v1.4.0
   Compiling shlex v1.3.0
    Checking bytes v1.9.0
    Checking memchr v2.7.4
    Checking smallvec v1.13.2
    Checking pin-project-lite v0.2.15
   Compiling parking_lot_core v0.9.10
    Checking scopeguard v1.2.0
    Checking once_cell v1.20.2
   Compiling lock_api v0.4.12
    Checking futures-core v0.3.31
   Compiling version_check v0.9.5
   Compiling slab v0.4.9
    Checking byteorder v1.5.0
    Checking allocator-api2 v0.2.21
   Compiling libm v0.2.11
    Checking futures-sink v0.3.31
   Compiling quote v1.0.37
   Compiling num-traits v0.2.19
    Checking futures-io v0.3.31
    Checking futures-channel v0.3.31
   Compiling jobserver v0.1.32
   Compiling syn v2.0.90
    Checking futures-task v0.3.31
    Checking pin-utils v0.1.0
   Compiling serde v1.0.216
    Checking foldhash v0.1.4
    Checking equivalent v1.0.1
    Checking itoa v1.0.14
    Checking log v0.4.22
    Checking hashbrown v0.15.2
   Compiling cc v1.2.5
    Checking fnv v1.0.7
   Compiling pkg-config v0.3.31
    Checking bitflags v2.6.0
    Checking ryu v1.0.18
    Checking tracing-core v0.1.33
   Compiling getrandom v0.2.15
    Checking http v1.2.0
   Compiling rand_core v0.6.4
    Checking indexmap v2.7.0
    Checking signal-hook-registry v1.4.2
    Checking socket2 v0.5.8
    Checking mio v1.0.3
    Checking parking_lot v0.12.3
    Checking num-integer v0.1.46
   Compiling siphasher v0.3.11
    Checking untrusted v0.9.0
    Checking either v1.13.0
    Checking spin v0.9.8
   Compiling typenum v1.17.0
   Compiling generic-array v0.14.7
    Checking aho-corasick v1.1.3
    Checking regex-syntax v0.8.5
    Checking subtle v2.6.1
    Checking percent-encoding v2.3.1
    Checking http-body v1.0.1
   Compiling semver v1.0.24
    Checking openssl-probe v0.1.5
    Checking num_cpus v1.16.0
   Compiling ahash v0.8.11
    Checking stable_deref_trait v1.2.0
   Compiling httparse v1.9.5
    Checking zeroize v1.8.1
   Compiling ring v0.17.8
    Checking static_assertions v1.1.0
   Compiling rustc_version v0.4.1
   Compiling phf_shared v0.11.2
    Checking try-lock v0.2.5
    Checking want v0.3.1
    Checking crc32fast v1.4.2
   Compiling heck v0.5.0
    Checking lexical-util v1.0.6
    Checking iana-time-zone v0.1.61
    Checking tower-service v0.3.3
   Compiling rustversion v1.0.18
    Checking adler2 v2.0.0
    Checking miniz_oxide v0.8.2
   Compiling regex-automata v0.4.9
    Checking form_urlencoded v1.2.1
    Checking num-iter v0.1.45
    Checking num-complex v0.4.6
    Checking litemap v0.7.4
    Checking crypto-common v0.1.6
    Checking block-buffer v0.10.4
    Checking writeable v0.5.5
    Checking digest v0.10.7
    Checking flate2 v1.0.35
    Checking half v2.4.1
    Checking phf v0.11.2
    Checking lexical-parse-integer v1.0.5
    Checking lexical-write-integer v1.0.5
    Checking icu_locid_transform_data v1.5.0
   Compiling vcpkg v0.2.15
    Checking lexical-parse-float v1.0.5
    Checking icu_properties_data v1.5.0
    Checking lexical-write-float v1.0.5
    Checking icu_normalizer_data v1.5.0
    Checking utf8_iter v1.0.4
    Checking utf16_iter v1.0.5
    Checking write16 v1.0.0
   Compiling zstd-sys v2.0.13+zstd.1.5.6
    Checking rustls-pki-types v1.10.1
   Compiling regex v1.11.1
    Checking lexical-core v1.0.5
   Compiling openssl-sys v0.9.104
    Checking base64 v0.22.1
   Compiling parse-zoneinfo v0.3.1
   Compiling openssl v0.10.68
   Compiling serde_json v1.0.133
    Checking foreign-types-shared v0.1.1
    Checking atomic-waker v1.1.2
    Checking foreign-types v0.3.2
   Compiling rustls v0.23.20
   Compiling native-tls v0.2.12
   Compiling zstd-safe v7.2.1
   Compiling synstructure v0.13.1
   Compiling bzip2-sys v0.1.11+1.0.8
    Checking unicode-width v0.2.0
   Compiling lzma-sys v0.1.20
    Checking atoi v2.0.0
    Checking regex-lite v0.1.6
    Checking rustls-native-certs v0.8.1
    Checking md-5 v0.10.6
   Compiling flatbuffers v24.3.25
   Compiling crossbeam-utils v0.8.21
    Checking rustls-pemfile v2.2.0
    Checking twox-hash v1.6.3
    Checking sync_wrapper v1.0.2
    Checking encoding_rs v0.8.35
    Checking mime v0.3.17
   Compiling snap v1.1.1
    Checking bitflags v1.3.2
    Checking ipnet v2.10.1
    Checking humantime v2.1.0
   Compiling thiserror v1.0.69
    Checking alloc-no-stdlib v2.0.4
    Checking same-file v1.0.6
    Checking walkdir v2.5.0
    Checking alloc-stdlib v0.2.2
    Checking lz4_flex v0.11.3
    Checking bzip2 v0.4.4
   Compiling psm v0.1.24
    Checking itertools v0.13.0
    Checking lazy_static v1.5.0
   Compiling paste v1.0.15
   Compiling tokio-macros v2.4.0
   Compiling zerocopy-derive v0.7.35
   Compiling futures-macro v0.3.31
   Compiling serde_derive v1.0.216
    Checking tokio v1.42.0
    Checking futures-util v0.3.31
    Checking zerocopy v0.7.35
   Compiling tracing-attributes v0.1.28
   Compiling ppv-lite86 v0.2.20
   Compiling zerofrom-derive v0.1.5
   Compiling rand_chacha v0.3.1
   Compiling rand v0.8.5
    Checking tracing v0.1.41
   Compiling yoke-derive v0.7.5
   Compiling zerovec-derive v0.10.3
    Checking zerofrom v0.1.5
   Compiling phf_generator v0.11.2
    Checking http-body-util v0.1.2
    Checking futures-executor v0.3.31
    Checking futures v0.3.31
   Compiling displaydoc v0.2.5
   Compiling phf_codegen v0.11.2
   Compiling chrono-tz-build v0.4.0
   Compiling icu_provider_macros v1.5.0
    Checking yoke v0.7.5
    Checking zerovec v0.10.4
   Compiling chrono-tz v0.10.0
   Compiling strum_macros v0.26.4
    Checking tokio-util v0.7.13
    Checking h2 v0.4.7
    Checking tinystr v0.7.6
    Checking icu_collections v1.5.0
    Checking icu_locid v1.5.0
   Compiling openssl-macros v0.1.1
    Checking rustls-webpki v0.102.8
    Checking icu_provider v1.5.0
    Checking icu_locid_transform v1.5.0
    Checking num-bigint v0.4.6
    Checking chrono v0.4.39
    Checking arrow-schema v53.3.0
    Checking num-rational v0.4.2
    Checking icu_properties v1.5.1
    Checking num v0.4.3
    Checking arrow-buffer v53.3.0
    Checking arrow-data v53.3.0
    Checking strum v0.26.3
    Checking uuid v1.11.0
    Checking hyper v1.5.2
    Checking comfy-table v7.1.3
    Checking tokio-native-tls v0.3.1
    Checking tokio-rustls v0.26.1
    Checking serde_urlencoded v0.7.1
    Checking icu_normalizer v1.5.0
   Compiling snafu-derive v0.8.5
    Checking quick-xml v0.37.1
    Checking hashbrown v0.14.5
    Checking idna_adapter v1.2.0
    Checking idna v1.0.3
    Checking hyper-util v0.1.10
    Checking url v2.5.4
   Compiling thiserror-impl v1.0.69
   Compiling async-trait v0.1.83
    Checking brotli-decompressor v4.0.1
   Compiling stacker v0.1.17
    Checking ordered-float v2.10.1
    Checking hyper-tls v0.6.0
    Checking hyper-rustls v0.27.5
    Checking core2 v0.4.0
    Checking csv-core v0.1.11
    Checking reqwest v0.12.9
   Compiling bigdecimal v0.4.7
    Checking snafu v0.8.5
    Checking integer-encoding v3.0.4
    Checking rle-decode-fast v1.0.3
    Checking zstd v0.13.2
    Checking libflate_lz77 v2.1.0
    Checking thrift v0.17.0
    Checking csv v1.3.1
    Checking brotli v7.0.0
    Checking serde_bytes v0.11.15
   Compiling typed-builder-macro v0.19.1
    Checking dary_heap v0.3.7
    Checking adler32 v1.2.0
   Compiling seq-macro v0.3.5
    Checking libflate v2.1.0
    Checking object_store v0.11.2
   Compiling sqlparser_derive v0.3.0
   Compiling recursive-proc-macro-impl v0.1.1
    Checking xz2 v0.1.7
    Checking fastrand v2.3.0
   Compiling rustix v0.38.42
    Checking recursive v0.1.1
    Checking datafusion-doc v44.0.0
    Checking linux-raw-sys v0.4.14
    Checking arrow-array v53.3.0
    Checking sqlparser v0.53.0
    Checking cpufeatures v0.2.16
    Checking sha2 v0.10.8
    Checking fixedbitset v0.4.2
    Checking hex v0.4.3
    Checking petgraph v0.6.5
    Checking dashmap v6.1.0
    Checking typed-builder v0.19.1
    Checking apache-avro v0.17.0
    Checking datafusion-common-runtime v44.0.0
   Compiling datafusion-macros v44.0.0
   Compiling blake3 v1.5.5
    Checking tempfile v3.14.0
    Checking http v0.2.12
    Checking arrow-select v53.3.0
    Checking arrow-arith v53.3.0
    Checking arrow-row v53.3.0
    Checking constant_time_eq v0.3.1
    Checking unicode-segmentation v1.12.0
    Checking arrayvec v0.7.6
    Checking arrayref v0.3.9
    Checking async-compression v0.4.18
    Checking bzip2 v0.5.0
    Checking arrow-cast v53.3.0
    Checking arrow-ord v53.3.0
    Checking arrow-string v53.3.0
    Checking bstr v1.11.1
    Checking blake2 v0.10.6
    Checking crossbeam-channel v0.5.14
    Checking glob v0.3.1
    Checking http-body v0.4.6
    Checking noodles-core v0.15.0
    Checking bit-vec v0.8.0
    Checking powerfmt v0.2.0
    Checking vsimd v0.8.0
    Checking num-conv v0.1.0
    Checking time-core v0.1.2
    Checking deranged v0.3.11
    Checking noodles-bgzf v0.34.0
    Checking outref v0.5.1
    Checking bytes-utils v0.1.4
   Compiling rustls v0.21.12
    Checking sct v0.7.1
    Checking rustls-webpki v0.101.7
   Compiling syn v1.0.109
    Checking base64-simd v0.8.0
    Checking noodles-csi v0.41.0
    Checking arrow-ipc v53.3.0
    Checking arrow-json v53.3.0
    Checking arrow-csv v53.3.0
    Checking base64 v0.21.7
    Checking time v0.3.37
    Checking rustls-pemfile v1.0.4
    Checking aws-smithy-async v1.2.2
    Checking rustls-native-certs v0.6.3
    Checking noodles-tabix v0.47.0
    Checking noodles-sam v0.68.0
    Checking noodles-fasta v0.46.0
    Checking parquet v53.3.0
    Checking arrow v53.3.0
    Checking noodles-vcf v0.70.0
    Checking h2 v0.3.26
    Checking aws-smithy-types v1.2.10
    Checking httpdate v1.0.3
    Checking tokio-rustls v0.24.1
    Checking aws-smithy-runtime-api v1.7.3
    Checking noodles-bam v0.72.0
    Checking noodles-gff v0.41.0
    Checking noodles-gtf v0.35.0
    Checking noodles-bed v0.18.0
    Checking noodles-bcf v0.66.0
    Checking aws-smithy-http v0.60.11
    Checking aws-credential-types v1.2.1
    Checking noodles-fastq v0.16.0
   Compiling aws-types v1.3.3
   Compiling anyhow v1.0.94
    Checking hmac v0.12.1
    Checking noodles-cram v0.73.0
    Checking aws-sigv4 v1.2.6
error[E0271]: type mismatch resolving `[i32] == ScalarBuffer<i32>`
   --> /home/adwin/.cargo/registry/src/mirrors.tuna.tsinghua.edu.cn-4dc01642fd091eda/parquet-53.3.0/src/arrow/arrow_writer/mod.rs:821:44
    |
821 |                     write_primitive(typed, array.values(), levels)
    |                                            ^^^^^^^^^^^^^^ types differ

error[E0271]: type mismatch resolving `[i32] == ScalarBuffer<i32>`
   --> /home/adwin/.cargo/registry/src/mirrors.tuna.tsinghua.edu.cn-4dc01642fd091eda/parquet-53.3.0/src/arrow/arrow_writer/mod.rs:835:44
    |
835 |                     write_primitive(typed, array.values(), levels)
    |                                            ^^^^^^^^^^^^^^ types differ

error[E0271]: type mismatch resolving `[i32] == ScalarBuffer<i32>`
   --> /home/adwin/.cargo/registry/src/mirrors.tuna.tsinghua.edu.cn-4dc01642fd091eda/parquet-53.3.0/src/arrow/arrow_writer/mod.rs:842:44
    |
842 |                     write_primitive(typed, array.values(), levels)
    |                                            ^^^^^^^^^^^^^^ types differ

error[E0271]: type mismatch resolving `[i32] == ScalarBuffer<i32>`
   --> /home/adwin/.cargo/registry/src/mirrors.tuna.tsinghua.edu.cn-4dc01642fd091eda/parquet-53.3.0/src/arrow/arrow_writer/mod.rs:847:44
    |
847 |                     write_primitive(typed, array.values(), levels)
    |                                            ^^^^^^^^^^^^^^ types differ

error[E0271]: type mismatch resolving `[i64] == ScalarBuffer<i64>`
   --> /home/adwin/.cargo/registry/src/mirrors.tuna.tsinghua.edu.cn-4dc01642fd091eda/parquet-53.3.0/src/arrow/arrow_writer/mod.rs:863:44
    |
863 |                     write_primitive(typed, array.values(), levels)
    |                                            ^^^^^^^^^^^^^^ types differ

error[E0271]: type mismatch resolving `[i64] == ScalarBuffer<i64>`
   --> /home/adwin/.cargo/registry/src/mirrors.tuna.tsinghua.edu.cn-4dc01642fd091eda/parquet-53.3.0/src/arrow/arrow_writer/mod.rs:877:44
    |
877 |                     write_primitive(typed, array.values(), levels)
    |                                            ^^^^^^^^^^^^^^ types differ

error[E0271]: type mismatch resolving `[i64] == ScalarBuffer<i64>`
   --> /home/adwin/.cargo/registry/src/mirrors.tuna.tsinghua.edu.cn-4dc01642fd091eda/parquet-53.3.0/src/arrow/arrow_writer/mod.rs:884:44
    |
884 |                     write_primitive(typed, array.values(), levels)
    |                                            ^^^^^^^^^^^^^^ types differ

error[E0271]: type mismatch resolving `[i64] == ScalarBuffer<i64>`
   --> /home/adwin/.cargo/registry/src/mirrors.tuna.tsinghua.edu.cn-4dc01642fd091eda/parquet-53.3.0/src/arrow/arrow_writer/mod.rs:889:44
    |
889 |                     write_primitive(typed, array.values(), levels)
    |                                            ^^^^^^^^^^^^^^ types differ

error[E0271]: type mismatch resolving `[f32] == ScalarBuffer<f32>`
   --> /home/adwin/.cargo/registry/src/mirrors.tuna.tsinghua.edu.cn-4dc01642fd091eda/parquet-53.3.0/src/arrow/arrow_writer/mod.rs:898:36
    |
898 |             write_primitive(typed, array.values(), levels)
    |                                    ^^^^^^^^^^^^^^ types differ

error[E0271]: type mismatch resolving `[f64] == ScalarBuffer<f64>`
   --> /home/adwin/.cargo/registry/src/mirrors.tuna.tsinghua.edu.cn-4dc01642fd091eda/parquet-53.3.0/src/arrow/arrow_writer/mod.rs:902:36
    |
902 |             write_primitive(typed, array.values(), levels)
    |                                    ^^^^^^^^^^^^^^ types differ

    Checking aws-smithy-json v0.61.1
    Checking utf8parse v0.2.2
    Checking urlencoding v2.1.3
    Checking anstyle-parse v0.2.6
    Checking anstyle-query v1.1.2
    Checking anstyle v1.0.10
    Checking colorchoice v1.0.3
    Checking xmlparser v0.13.6
    Checking is_terminal_polyfill v1.70.1
    Checking anstream v0.6.18
    Checking aws-smithy-xml v0.60.9
    Checking aws-smithy-query v0.60.7
   Compiling phf_shared v0.10.0
   Compiling proc-macro-error-attr v1.0.4
   Compiling delta_kernel v0.6.0
   Compiling phf_generator v0.10.0
   Compiling libdeflate-sys v0.13.0
   Compiling proc-macro-error v1.0.4
   Compiling thiserror v2.0.8
    Checking hyper v0.14.32
    Checking bytemuck v1.21.0
    Checking clap_lex v0.7.4
    Checking strsim v0.11.1
   Compiling version_check v0.1.5
    Checking roaring v0.10.9
    Checking clap_builder v4.5.23
   Compiling nom v4.2.3
For more information about this error, try `rustc --explain E0271`.
   Compiling string_cache_codegen v0.5.2
    Checking noodles v0.87.0
error: could not compile `parquet` (lib) due to 10 previous errors
warning: build failed, waiting for other jobs to finish...
