Running as unit: run-p1383154-i13963290.scope; invocation ID: 547819bc06644f0cafdcd2fd9dada5e0
   Compiling proc-macro2 v1.0.101
   Compiling quote v1.0.41
   Compiling unicode-ident v1.0.19
   Compiling libc v0.2.177
    Checking cfg-if v1.0.4
   Compiling autocfg v1.5.0
    Checking once_cell v1.21.3
    Checking bytes v1.10.1
   Compiling serde_core v1.0.228
   Compiling serde v1.0.228
    Checking memchr v2.7.6
   Compiling shlex v1.3.0
   Compiling find-msvc-tools v0.1.4
    Checking hashbrown v0.16.0
   Compiling libm v0.2.15
   Compiling num-traits v0.2.19
   Compiling syn v2.0.106
   Compiling zerocopy v0.8.27
    Checking pin-project-lite v0.2.16
    Checking smallvec v1.15.1
   Compiling jobserver v0.1.34
    Checking futures-core v0.3.31
   Compiling getrandom v0.3.4
    Checking itoa v1.0.15
    Checking equivalent v1.0.2
    Checking scopeguard v1.2.0
    Checking lock_api v0.4.14
   Compiling version_check v0.9.5
   Compiling parking_lot_core v0.9.12
   Compiling cc v1.2.41
    Checking futures-sink v0.3.31
    Checking bitflags v2.9.4
   Compiling pkg-config v0.3.32
    Checking parking_lot v0.12.5
    Checking indexmap v2.11.4
    Checking socket2 v0.6.1
    Checking signal-hook-registry v1.4.6
    Checking mio v1.1.0
    Checking slab v0.4.11
    Checking num-integer v0.1.46
    Checking futures-channel v0.3.31
    Checking pin-utils v0.1.0
    Checking stable_deref_trait v1.2.1
    Checking futures-io v0.3.31
    Checking futures-task v0.3.31
    Checking num-bigint v0.4.6
    Checking fnv v1.0.7
    Checking num-iter v0.1.45
    Checking num-complex v0.4.6
    Checking tracing-core v0.1.34
    Checking ryu v1.0.20
   Compiling serde_json v1.0.145
   Compiling ahash v0.8.12
   Compiling vcpkg v0.2.15
    Checking writeable v0.6.1
    Checking litemap v0.8.0
   Compiling icu_properties_data v2.0.1
    Checking iana-time-zone v0.1.64
   Compiling icu_normalizer_data v2.0.0
    Checking arrow-schema v56.2.0
    Checking chrono v0.4.42
    Checking getrandom v0.2.16
    Checking num-rational v0.4.2
    Checking base64 v0.22.1
   Compiling openssl-sys v0.9.110
   Compiling httparse v1.10.1
    Checking percent-encoding v2.3.2
    Checking num v0.4.3
    Checking http v1.3.1
   Compiling semver v1.0.27
    Checking try-lock v0.2.5
    Checking log v0.4.28
    Checking tower-service v0.3.3
    Checking want v0.3.1
   Compiling rustc_version v0.4.1
    Checking rand_core v0.9.3
   Compiling openssl v0.10.74
    Checking lexical-util v1.0.7
    Checking zeroize v1.8.2
    Checking foreign-types-shared v0.1.1
    Checking http-body v1.0.1
    Checking foreign-types v0.3.2
    Checking rustls-pki-types v1.12.0
    Checking form_urlencoded v1.2.2
    Checking socket2 v0.5.10
    Checking utf8_iter v1.0.4
   Compiling native-tls v0.2.14
   Compiling zstd-sys v2.0.16+zstd.1.5.7
   Compiling thiserror v2.0.17
   Compiling rustix v1.1.2
    Checking openssl-probe v0.1.6
    Checking atomic-waker v1.1.2
    Checking ipnet v2.11.0
    Checking lexical-parse-integer v1.0.6
    Checking lexical-write-integer v1.0.6
   Compiling ring v0.17.14
    Checking aho-corasick v1.1.3
    Checking linux-raw-sys v0.11.0
    Checking mime v0.3.17
   Compiling synstructure v0.13.2
   Compiling paste v1.0.15
    Checking regex-syntax v0.8.8
   Compiling anyhow v1.0.100
   Compiling unicase v2.8.1
   Compiling ref-cast v1.0.25
    Checking either v1.15.0
   Compiling mime_guess v2.0.5
    Checking lexical-write-float v1.0.6
    Checking lexical-parse-float v1.0.6
   Compiling serde_derive v1.0.228
   Compiling zerocopy-derive v0.8.27
   Compiling tokio-macros v2.6.0
   Compiling zerofrom-derive v0.1.6
    Checking tokio v1.48.0
    Checking zerofrom v0.1.6
   Compiling yoke-derive v0.8.0
   Compiling futures-macro v0.3.31
   Compiling zerovec-derive v0.11.1
    Checking yoke v0.8.0
   Compiling displaydoc v0.2.5
   Compiling tracing-attributes v0.1.30
    Checking futures-util v0.3.31
    Checking half v2.7.1
    Checking arrow-buffer v56.2.0
    Checking zerovec v0.11.4
    Checking tracing v0.1.41
    Checking zerotrie v0.2.2
    Checking tokio-util v0.7.16
    Checking arrow-data v56.2.0
    Checking ppv-lite86 v0.2.21
   Compiling openssl-macros v0.1.1
    Checking rand_chacha v0.9.0
    Checking rand v0.9.2
    Checking tinystr v0.8.1
    Checking potential_utf v0.1.3
    Checking icu_locale_core v2.0.0
    Checking icu_collections v2.0.0
    Checking arrow-array v56.2.0
    Checking h2 v0.4.12
   Compiling pin-project-internal v1.1.10
    Checking icu_provider v2.0.0
    Checking icu_normalizer v2.0.0
    Checking icu_properties v2.0.1
   Compiling thiserror-impl v2.0.17
    Checking arrow-select v56.2.0
    Checking idna_adapter v1.2.1
    Checking idna v1.1.0
    Checking url v2.5.7
    Checking pin-project v1.1.10
    Checking twox-hash v2.1.2
    Checking hyper v1.7.0
    Checking serde_urlencoded v0.7.1
    Checking regex-automata v0.4.13
   Compiling ref-cast-impl v1.0.25
    Checking sync_wrapper v1.0.2
   Compiling memoffset v0.9.1
    Checking encoding_rs v0.8.35
   Compiling zstd-safe v7.2.4
   Compiling crossbeam-utils v0.8.21
    Checking tower-layer v0.3.3
   Compiling crc32fast v1.5.0
    Checking hyper-util v0.1.17
    Checking tower v0.5.2
    Checking tokio-native-tls v0.3.1
    Checking lexical-core v1.0.6
    Checking itertools v0.14.0
   Compiling serde_derive_internals v0.29.1
    Checking http-body-util v0.1.3
    Checking regex v1.12.2
   Compiling flatbuffers v25.9.23
   Compiling lz4-sys v1.11.1+lz4-1.10.0
    Checking atoi v2.0.0
    Checking simd-adler32 v0.3.7
    Checking adler2 v2.0.1
    Checking byteorder v1.5.0
    Checking iri-string v0.7.8
   Compiling strsim v0.11.1
   Compiling winnow v0.7.13
    Checking minimal-lexical v0.2.1
    Checking untrusted v0.9.0
    Checking zlib-rs v0.5.2
   Compiling ident_case v1.0.1
    Checking mixtrics v0.2.2
   Compiling darling_core v0.21.3
    Checking tower-http v0.6.6
    Checking libz-rs-sys v0.5.2
    Checking nom v7.1.3
    Checking hyper-tls v0.6.0
   Compiling schemars_derive v1.0.4
    Checking miniz_oxide v0.8.9
   Compiling toml_parser v1.0.4
    Checking arrow-cast v56.2.0
    Checking futures-executor v0.3.31
    Checking bincode v1.3.3
    Checking http v0.2.12
   Compiling proc-macro-error-attr v1.0.4
    Checking num_cpus v1.17.0
   Compiling thiserror v1.0.69
    Checking foldhash v0.1.5
    Checking option-ext v0.2.0
    Checking alloc-no-stdlib v2.0.4
   Compiling io-uring v0.7.10
   Compiling prettyplease v0.2.37
    Checking utf8parse v0.2.2
    Checking allocator-api2 v0.2.21
   Compiling portable-atomic v1.11.1
   Compiling syn v1.0.109
   Compiling toml_datetime v0.7.3
   Compiling rustversion v1.0.22
   Compiling rustls v0.23.33
   Compiling toml_edit v0.23.7
    Checking hashbrown v0.15.5
    Checking anstyle-parse v0.2.7
    Checking zstd v0.13.3
    Checking alloc-stdlib v0.2.2
    Checking dirs-sys v0.5.0
    Checking foyer-common v0.20.0
    Checking futures v0.3.31
   Compiling darling_macro v0.21.3
    Checking flate2 v1.1.4
    Checking crossbeam-epoch v0.9.18
    Checking foyer-intrusive-collections v0.10.0-dev
    Checking rustls-webpki v0.103.7
    Checking reqwest v0.12.24
    Checking cmsketch v0.2.2
   Compiling thiserror-impl v1.0.69
    Checking webpki-roots v1.0.3
   Compiling rstest_macros v0.25.0
    Checking nanorand v0.7.0
   Compiling proc-macro-error v1.0.4
    Checking spin v0.9.8
    Checking csv-core v0.1.13
    Checking is_terminal_polyfill v1.70.1
    Checking arc-swap v1.7.1
    Checking unicode-width v0.2.2
   Compiling snap v1.1.1
    Checking simdutf8 v0.1.5
   Compiling small_ctor v0.1.2
    Checking anstyle v1.0.13
    Checking anstyle-query v1.1.4
   Compiling rayon-core v1.13.0
    Checking futures-timer v3.0.3
    Checking colorchoice v1.0.4
    Checking subtle v2.6.1
    Checking web-time v1.1.0
    Checking fastant v0.1.10
    Checking anstream v0.6.21
    Checking console v0.15.11
    Checking foyer-memory v0.20.0
    Checking csv v1.4.0
    Checking flume v0.11.1
    Checking webpki-roots v0.26.11
    Checking arrow-ipc v56.2.0
    Checking crossbeam-deque v0.8.6
   Compiling darling v0.21.3
   Compiling proc-macro-crate v3.4.0
    Checking dirs v6.0.0
    Checking brotli-decompressor v5.0.0
    Checking http-body v0.4.6
    Checking h2 v0.3.27
    Checking core_affinity v0.8.3
    Checking eventsource-stream v0.2.3
    Checking socks v0.3.4
    Checking serde_spanned v0.6.9
    Checking toml_datetime v0.6.11
    Checking fs4 v0.13.1
   Compiling async-stream-impl v0.3.6
    Checking rand_core v0.6.4
    Checking ordered-float v2.10.1
   Compiling indexmap v1.9.3
    Checking dyn-clone v1.0.20
   Compiling glob v0.3.3
    Checking toml_write v0.1.2
   Compiling relative-path v1.9.3
    Checking httpdate v1.0.3
    Checking powerfmt v0.2.0
    Checking bit-vec v0.6.3
    Checking integer-encoding v3.0.4
   Compiling heck v0.5.0
    Checking clap_lex v0.7.6
   Compiling num-conv v0.1.0
   Compiling time-core v0.1.6
    Checking number_prefix v0.4.0
   Compiling schemars v1.0.4
    Checking indicatif v0.17.11
    Checking hyper v0.14.32
   Compiling time-macros v0.2.24
    Checking toml_edit v0.22.27
   Compiling clap_derive v4.5.49
    Checking clap_builder v4.5.49
    Checking thrift v0.17.0
    Checking bit-set v0.5.3
    Checking deranged v0.5.4
    Checking async-stream v0.3.6
    Checking rand_chacha v0.3.1
   Compiling bon-macros v3.8.1
    Checking reqwest-eventsource v0.6.0
    Checking ureq v2.12.1
    Checking brotli v8.0.2
    Checking arrow-csv v56.2.0
    Checking arrow-json v56.2.0
    Checking tracing-futures v0.2.5
    Checking arrow-string v56.2.0
    Checking arrow-ord v56.2.0
    Checking lz4_flex v0.11.5
    Checking arrow-row v56.2.0
    Checking arrow-arith v56.2.0
    Checking terminal_size v0.4.3
    Checking lz4 v1.28.1
    Checking foyer-storage v0.20.0
    Checking ordered-float v5.1.0
    Checking nom v8.0.0
    Checking lazy_static v1.5.0
   Compiling heck v0.4.1
    Checking os_str_bytes v6.6.1
    Checking sync_wrapper v0.1.2
   Compiling seq-macro v0.3.6
    Checking as-any v0.3.2
    Checking hashbrown v0.12.3
    Checking base64 v0.21.7
    Checking fastrand v2.3.0
    Checking reqwest v0.11.27
    Checking time v0.3.44
    Checking tempfile v3.23.0
    Checking foyer v0.20.0
    Checking parquet v56.2.0
   Compiling enum_dispatch v0.3.13
    Checking rig-core v0.22.0
    Checking bon v3.8.1
   Compiling clap_derive v3.2.25
    Checking clap_lex v0.2.4
    Checking arrow v56.2.0
    Checking fraction v0.13.1
   Compiling dsrs_macros v0.7.2
    Checking kdam v0.6.3
    Checking rstest v0.25.0
    Checking rayon v1.11.0
    Checking hf-hub v0.4.3
    Checking rand v0.8.5
    Checking clap v4.5.49
    Checking toml v0.8.23
error[E0271]: type mismatch resolving `[i32] == ScalarBuffer<i32>`
    --> /home/adwin/.cargo/registry/src/mirrors.tuna.tsinghua.edu.cn-4dc01642fd091eda/parquet-56.2.0/src/arrow/arrow_writer/mod.rs:1121:44
     |
1121 |                     write_primitive(typed, array.values(), levels)
     |                                            ^^^^^^^^^^^^^^ types differ

error[E0271]: type mismatch resolving `[i32] == ScalarBuffer<i32>`
    --> /home/adwin/.cargo/registry/src/mirrors.tuna.tsinghua.edu.cn-4dc01642fd091eda/parquet-56.2.0/src/arrow/arrow_writer/mod.rs:1134:44
     |
1134 |                     write_primitive(typed, array.values(), levels)
     |                                            ^^^^^^^^^^^^^^ types differ

error[E0271]: type mismatch resolving `[i32] == ScalarBuffer<i32>`
    --> /home/adwin/.cargo/registry/src/mirrors.tuna.tsinghua.edu.cn-4dc01642fd091eda/parquet-56.2.0/src/arrow/arrow_writer/mod.rs:1141:44
     |
1141 |                     write_primitive(typed, array.values(), levels)
     |                                            ^^^^^^^^^^^^^^ types differ

error[E0271]: type mismatch resolving `[i32] == ScalarBuffer<i32>`
    --> /home/adwin/.cargo/registry/src/mirrors.tuna.tsinghua.edu.cn-4dc01642fd091eda/parquet-56.2.0/src/arrow/arrow_writer/mod.rs:1148:44
     |
1148 |                     write_primitive(typed, array.values(), levels)
     |                                            ^^^^^^^^^^^^^^ types differ

error[E0271]: type mismatch resolving `[i32] == ScalarBuffer<i32>`
    --> /home/adwin/.cargo/registry/src/mirrors.tuna.tsinghua.edu.cn-4dc01642fd091eda/parquet-56.2.0/src/arrow/arrow_writer/mod.rs:1155:44
     |
1155 |                     write_primitive(typed, array.values(), levels)
     |                                            ^^^^^^^^^^^^^^ types differ

error[E0271]: type mismatch resolving `[i32] == ScalarBuffer<i32>`
    --> /home/adwin/.cargo/registry/src/mirrors.tuna.tsinghua.edu.cn-4dc01642fd091eda/parquet-56.2.0/src/arrow/arrow_writer/mod.rs:1163:48
     |
1163 |                         write_primitive(typed, array.values(), levels)
     |                                                ^^^^^^^^^^^^^^ types differ

error[E0271]: type mismatch resolving `[i32] == ScalarBuffer<i32>`
    --> /home/adwin/.cargo/registry/src/mirrors.tuna.tsinghua.edu.cn-4dc01642fd091eda/parquet-56.2.0/src/arrow/arrow_writer/mod.rs:1170:48
     |
1170 |                         write_primitive(typed, array.values(), levels)
     |                                                ^^^^^^^^^^^^^^ types differ

error[E0271]: type mismatch resolving `[i32] == ScalarBuffer<i32>`
    --> /home/adwin/.cargo/registry/src/mirrors.tuna.tsinghua.edu.cn-4dc01642fd091eda/parquet-56.2.0/src/arrow/arrow_writer/mod.rs:1177:48
     |
1177 |                         write_primitive(typed, array.values(), levels)
     |                                                ^^^^^^^^^^^^^^ types differ

error[E0271]: type mismatch resolving `[i32] == ScalarBuffer<i32>`
    --> /home/adwin/.cargo/registry/src/mirrors.tuna.tsinghua.edu.cn-4dc01642fd091eda/parquet-56.2.0/src/arrow/arrow_writer/mod.rs:1184:48
     |
1184 |                         write_primitive(typed, array.values(), levels)
     |                                                ^^^^^^^^^^^^^^ types differ

error[E0271]: type mismatch resolving `[i32] == ScalarBuffer<i32>`
    --> /home/adwin/.cargo/registry/src/mirrors.tuna.tsinghua.edu.cn-4dc01642fd091eda/parquet-56.2.0/src/arrow/arrow_writer/mod.rs:1189:48
     |
1189 |                         write_primitive(typed, array.values(), levels)
     |                                                ^^^^^^^^^^^^^^ types differ

error[E0271]: type mismatch resolving `[i32] == ScalarBuffer<i32>`
    --> /home/adwin/.cargo/registry/src/mirrors.tuna.tsinghua.edu.cn-4dc01642fd091eda/parquet-56.2.0/src/arrow/arrow_writer/mod.rs:1195:44
     |
1195 |                     write_primitive(typed, array.values(), levels)
     |                                            ^^^^^^^^^^^^^^ types differ

error[E0271]: type mismatch resolving `[i64] == ScalarBuffer<i64>`
    --> /home/adwin/.cargo/registry/src/mirrors.tuna.tsinghua.edu.cn-4dc01642fd091eda/parquet-56.2.0/src/arrow/arrow_writer/mod.rs:1213:44
     |
1213 |                     write_primitive(typed, array.values(), levels)
     |                                            ^^^^^^^^^^^^^^ types differ

error[E0271]: type mismatch resolving `[i64] == ScalarBuffer<i64>`
    --> /home/adwin/.cargo/registry/src/mirrors.tuna.tsinghua.edu.cn-4dc01642fd091eda/parquet-56.2.0/src/arrow/arrow_writer/mod.rs:1217:44
     |
1217 |                     write_primitive(typed, array.values(), levels)
     |                                            ^^^^^^^^^^^^^^ types differ

error[E0271]: type mismatch resolving `[i64] == ScalarBuffer<i64>`
    --> /home/adwin/.cargo/registry/src/mirrors.tuna.tsinghua.edu.cn-4dc01642fd091eda/parquet-56.2.0/src/arrow/arrow_writer/mod.rs:1230:44
     |
1230 |                     write_primitive(typed, array.values(), levels)
     |                                            ^^^^^^^^^^^^^^ types differ

error[E0271]: type mismatch resolving `[i64] == ScalarBuffer<i64>`
    --> /home/adwin/.cargo/registry/src/mirrors.tuna.tsinghua.edu.cn-4dc01642fd091eda/parquet-56.2.0/src/arrow/arrow_writer/mod.rs:1237:44
     |
1237 |                     write_primitive(typed, array.values(), levels)
     |                                            ^^^^^^^^^^^^^^ types differ

error[E0271]: type mismatch resolving `[i64] == ScalarBuffer<i64>`
    --> /home/adwin/.cargo/registry/src/mirrors.tuna.tsinghua.edu.cn-4dc01642fd091eda/parquet-56.2.0/src/arrow/arrow_writer/mod.rs:1244:44
     |
1244 |                     write_primitive(typed, array.values(), levels)
     |                                            ^^^^^^^^^^^^^^ types differ

error[E0271]: type mismatch resolving `[i64] == ScalarBuffer<i64>`
    --> /home/adwin/.cargo/registry/src/mirrors.tuna.tsinghua.edu.cn-4dc01642fd091eda/parquet-56.2.0/src/arrow/arrow_writer/mod.rs:1252:48
     |
1252 |                         write_primitive(typed, array.values(), levels)
     |                                                ^^^^^^^^^^^^^^ types differ

error[E0271]: type mismatch resolving `[i64] == ScalarBuffer<i64>`
    --> /home/adwin/.cargo/registry/src/mirrors.tuna.tsinghua.edu.cn-4dc01642fd091eda/parquet-56.2.0/src/arrow/arrow_writer/mod.rs:1259:48
     |
1259 |                         write_primitive(typed, array.values(), levels)
     |                                                ^^^^^^^^^^^^^^ types differ

error[E0271]: type mismatch resolving `[i64] == ScalarBuffer<i64>`
    --> /home/adwin/.cargo/registry/src/mirrors.tuna.tsinghua.edu.cn-4dc01642fd091eda/parquet-56.2.0/src/arrow/arrow_writer/mod.rs:1266:48
     |
1266 |                         write_primitive(typed, array.values(), levels)
     |                                                ^^^^^^^^^^^^^^ types differ

error[E0271]: type mismatch resolving `[i64] == ScalarBuffer<i64>`
    --> /home/adwin/.cargo/registry/src/mirrors.tuna.tsinghua.edu.cn-4dc01642fd091eda/parquet-56.2.0/src/arrow/arrow_writer/mod.rs:1271:48
     |
1271 |                         write_primitive(typed, array.values(), levels)
     |                                                ^^^^^^^^^^^^^^ types differ

error[E0271]: type mismatch resolving `[i64] == ScalarBuffer<i64>`
    --> /home/adwin/.cargo/registry/src/mirrors.tuna.tsinghua.edu.cn-4dc01642fd091eda/parquet-56.2.0/src/arrow/arrow_writer/mod.rs:1277:44
     |
1277 |                     write_primitive(typed, array.values(), levels)
     |                                            ^^^^^^^^^^^^^^ types differ

error[E0271]: type mismatch resolving `[f32] == ScalarBuffer<f32>`
    --> /home/adwin/.cargo/registry/src/mirrors.tuna.tsinghua.edu.cn-4dc01642fd091eda/parquet-56.2.0/src/arrow/arrow_writer/mod.rs:1286:36
     |
1286 |             write_primitive(typed, array.values(), levels)
     |                                    ^^^^^^^^^^^^^^ types differ

error[E0271]: type mismatch resolving `[f64] == ScalarBuffer<f64>`
    --> /home/adwin/.cargo/registry/src/mirrors.tuna.tsinghua.edu.cn-4dc01642fd091eda/parquet-56.2.0/src/arrow/arrow_writer/mod.rs:1290:36
     |
1290 |             write_primitive(typed, array.values(), levels)
     |                                    ^^^^^^^^^^^^^^ types differ

    Checking fancy-regex v0.11.0
   Compiling async-trait v0.1.89
    Checking atty v0.2.14
    Checking bytecount v0.6.9
    Checking textwrap v0.16.2
    Checking termcolor v1.4.1
    Checking pathdiff v0.2.3
    Checking bitflags v1.3.2
    Checking num-cmp v0.1.0
    Checking uuid v1.18.1
    Checking strsim v0.10.0
    Checking config v0.14.1
    Checking clap v3.2.25
    Checking shellexpand v3.1.1
    Checking xtr-api v0.2.0 (/tmp/nix-shell.uUVugk/WismutHansen_xtr_79qecs4j/xtr-api)
For more information about this error, try `rustc --explain E0271`.
error: could not compile `parquet` (lib) due to 23 previous errors
warning: build failed, waiting for other jobs to finish...
