Running as unit: run-p1759445-i1759745.scope; invocation ID: f6c9f3272abe417aa5dd52f986a0468b
    Updating `tuna` index
 Downloading crates ...
  Downloaded yazi-proxy v25.12.29 (registry `tuna`)
  Downloaded yazi-parser v25.12.29 (registry `tuna`)
  Downloaded yazi-binding v25.12.29 (registry `tuna`)
  Downloaded yazi-boot v25.12.29 (registry `tuna`)
  Downloaded yazi-plugin v25.12.29 (registry `tuna`)
  Downloaded yazi-watcher v25.12.29 (registry `tuna`)
  Downloaded yazi-widgets v25.12.29 (registry `tuna`)
  Downloaded yazi-scheduler v25.12.29 (registry `tuna`)
  Downloaded yazi-dds v25.12.29 (registry `tuna`)
  Downloaded luajit-src v210.6.5+7152e15 (registry `tuna`)
  Downloaded yazi-prebuilt v0.1.0 (registry `tuna`)
   Compiling proc-macro2 v1.0.104
   Compiling quote v1.0.42
   Compiling unicode-ident v1.0.22
    Checking cfg-if v1.0.4
   Compiling libc v0.2.178
   Compiling typenum v1.19.0
   Compiling version_check v0.9.5
   Compiling serde_core v1.0.228
    Checking subtle v2.6.1
   Compiling autocfg v1.5.0
   Compiling libm v0.2.15
    Checking cpufeatures v0.2.17
    Checking const-oid v0.9.6
   Compiling generic-array v0.14.7
   Compiling rustversion v1.0.22
    Checking log v0.4.29
   Compiling num-traits v0.2.19
    Checking memchr v2.7.6
   Compiling serde v1.0.228
   Compiling zerocopy v0.8.31
   Compiling syn v2.0.111
    Checking base64ct v1.8.1
   Compiling parking_lot_core v0.9.12
   Compiling strsim v0.11.1
    Checking smallvec v1.15.1
   Compiling anyhow v1.0.100
   Compiling thiserror v2.0.17
    Checking pin-project-lite v0.2.16
   Compiling fnv v1.0.7
   Compiling ident_case v1.0.1
    Checking scopeguard v1.2.0
    Checking lock_api v0.4.14
    Checking pem-rfc7468 v0.7.0
    Checking getrandom v0.2.16
    Checking errno v0.3.14
    Checking rand_core v0.6.4
    Checking signal-hook-registry v1.4.8
    Checking mio v1.1.1
   Compiling heck v0.5.0
   Compiling shlex v1.3.0
    Checking parking_lot v0.12.5
    Checking bytes v1.11.0
    Checking futures-core v0.3.31
   Compiling find-msvc-tools v0.1.6
    Checking allocator-api2 v0.2.21
    Checking either v1.15.0
    Checking foldhash v0.2.0
    Checking equivalent v1.0.2
   Compiling signal-hook v0.3.18
   Compiling cc v1.2.51
   Compiling unicode-segmentation v1.12.0
   Compiling getrandom v0.3.4
    Checking num-integer v0.1.46
    Checking socket2 v0.6.1
   Compiling semver v1.0.27
   Compiling convert_case v0.10.0
    Checking itoa v1.0.17
   Compiling litrs v1.0.0
    Checking bitflags v2.10.0
    Checking hashbrown v0.16.1
   Compiling crossbeam-utils v0.8.21
    Checking futures-sink v0.3.31
   Compiling rustc_version v0.4.1
    Checking rand_core v0.9.3
    Checking futures-channel v0.3.31
    Checking itertools v0.14.0
    Checking pin-utils v0.1.0
    Checking futures-io v0.3.31
   Compiling rustix v1.1.3
   Compiling document-features v0.2.12
    Checking const-oid v0.10.1
    Checking slab v0.4.11
    Checking futures-task v0.3.31
   Compiling linux-raw-sys v0.11.0
    Checking itertools v0.13.0
    Checking ff v0.13.1
    Checking hybrid-array v0.4.5
    Checking castaway v0.2.4
    Checking base16ct v0.2.0
    Checking powerfmt v0.2.0
    Checking static_assertions v1.1.0
    Checking once_cell v1.21.3
    Checking unicode-width v0.2.2
   Compiling indoc v2.0.7
    Checking ryu v1.0.22
    Checking deranged v0.5.5
    Checking signal-hook-mio v0.2.5
    Checking group v0.13.0
    Checking lru v0.16.2
   Compiling instability v0.3.10
    Checking simd-adler32 v0.3.8
    Checking num_threads v0.1.7
   Compiling hax-lib v0.3.5
    Checking num-conv v0.1.0
    Checking time-core v0.1.6
    Checking crypto-common v0.2.0-rc.8
    Checking block-buffer v0.11.0
    Checking crossbeam-epoch v0.9.18
    Checking pem-rfc7468 v1.0.0
    Checking unicode-truncate v2.0.0
   Compiling rayon-core v1.13.0
    Checking opaque-debug v0.3.1
   Compiling pkg-config v0.3.32
    Checking regex-syntax v0.8.8
    Checking yazi-macro v25.12.29
   Compiling utf8parse v0.2.2
    Checking crossbeam-deque v0.8.6
   Compiling anstyle-parse v0.2.7
   Compiling vergen-lib v0.1.6
    Checking time v0.3.44
    Checking aho-corasick v1.1.4
    Checking typed-path v0.12.0
   Compiling darling_core v0.20.11
    Checking digest v0.11.0-rc.5
    Checking rand_core v0.10.0-rc-3
    Checking stable_deref_trait v1.2.1
   Compiling crc32fast v1.5.0
   Compiling is_terminal_polyfill v1.70.2
   Compiling colorchoice v1.0.4
   Compiling anstyle-query v1.1.5
    Checking adler2 v2.0.1
   Compiling anstyle v1.0.13
    Checking arrayvec v0.7.6
   Compiling anstream v0.6.21
    Checking miniz_oxide v0.8.9
    Checking as-slice v0.2.1
    Checking regex-automata v0.4.13
    Checking tracing-core v0.1.36
   Compiling curve25519-dalek v4.1.3
    Checking line-clipping v0.3.5
    Checking uzers v0.12.2
   Compiling vergen v9.0.6
    Checking nom v8.0.0
   Compiling libcrux-intrinsics v0.0.4
    Checking option-ext v0.2.0
   Compiling av-scenechange v0.14.1
   Compiling paste v1.0.15
   Compiling cfg_aliases v0.2.1
    Checking spin v0.9.8
    Checking iana-time-zone v0.1.64
   Compiling built v0.8.0
   Compiling zeroize_derive v1.4.2
   Compiling serde_derive v1.0.228
   Compiling zerocopy-derive v0.8.31
   Compiling thiserror-impl v2.0.17
   Compiling futures-macro v0.3.31
    Checking zeroize v1.8.2
   Compiling tokio-macros v2.6.0
    Checking crypto-common v0.1.7
    Checking block-buffer v0.10.4
    Checking block-padding v0.3.3
   Compiling darling_macro v0.20.11
    Checking digest v0.10.7
    Checking inout v0.1.4
    Checking cipher v0.4.4
    Checking sha2 v0.10.9
    Checking hmac v0.12.1
   Compiling darling v0.20.11
    Checking aes v0.8.4
    Checking pbkdf2 v0.12.2
    Checking salsa20 v0.10.2
    Checking cbc v0.1.2
    Checking der v0.7.10
   Compiling derive_more-impl v2.1.1
    Checking scrypt v0.11.0
    Checking tokio v1.48.0
    Checking futures-util v0.3.31
   Compiling strum_macros v0.27.2
    Checking derive_more v2.1.1
    Checking kasuari v0.4.11
    Checking spki v0.7.3
    Checking hkdf v0.12.4
    Checking pkcs5 v0.7.1
    Checking signature v2.2.0
    Checking crypto-bigint v0.5.5
    Checking pkcs8 v0.10.2
    Checking sec1 v0.7.3
   Compiling equator-macro v0.4.2
    Checking ppv-lite86 v0.2.21
    Checking rand_chacha v0.3.1
    Checking rand_chacha v0.9.0
    Checking rand v0.8.5
    Checking rand v0.9.2
    Checking strum v0.27.2
    Checking compact_str v0.9.0
    Checking crossterm v0.29.0
    Checking elliptic-curve v0.13.8
    Checking equator v0.4.2
    Checking num-bigint v0.4.6
    Checking ratatui-core v0.1.0
    Checking futures-executor v0.3.31
   Compiling derive_builder_core v0.20.2
    Checking futures v0.3.31
    Checking universal-hash v0.5.1
   Compiling hax-lib-macros v0.3.5
   Compiling bytemuck_derive v1.10.2
    Checking aligned-vec v0.6.4
    Checking ordered-float v5.1.0
    Checking rfc6979 v0.4.0
    Checking der v0.8.0-rc.10
   Compiling derive_builder_macro v0.20.2
    Checking num-rational v0.4.2
    Checking ecdsa v0.16.9
   Compiling derive_builder v0.20.2
    Checking v_frame v0.3.9
    Checking polyval v0.6.2
    Checking primeorder v0.13.6
   Compiling tracing-attributes v0.1.31
   Compiling clap_derive v4.5.49
    Checking bytemuck v1.24.0
    Checking percent-encoding v2.3.2
   Compiling clap_lex v0.7.6
   Compiling clap_builder v4.5.53
    Checking yazi-shared v25.12.29
    Checking spki v0.8.0-rc.4
    Checking ghash v0.5.1
    Checking ratatui-widgets v0.3.0
    Checking libcrux-secrets v0.0.4
    Checking twox-hash v2.1.2
    Checking bstr v1.12.1
    Checking tracing v0.1.44
    Checking ssh-encoding v0.2.0
    Checking ctr v0.9.2
    Checking aead v0.5.2
    Checking crypto-bigint v0.7.0-rc.10
   Compiling rav1e v0.8.1
   Compiling arg_enum_proc_macro v0.3.4
   Compiling profiling-procmacros v1.0.17
   Compiling curve25519-dalek-derive v0.1.1
    Checking chrono v0.4.42
    Checking lazy_static v1.5.0
   Compiling nix v0.29.0
    Checking dirs-sys v0.5.0
    Checking rayon v1.11.0
    Checking aligned v0.4.3
    Checking indexmap v2.12.1
   Compiling vergen-gitcl v1.0.8
    Checking core2 v0.4.0
    Checking urlencoding v2.1.3
    Checking y4m v0.8.0
   Compiling env_home v0.1.0
   Compiling radium v0.7.0
   Compiling pastey v0.1.1
   Compiling num-bigint-dig v0.8.6
    Checking byteorder v1.5.0
   Compiling libcrux-sha3 v0.0.4
    Checking winnow v0.7.14
    Checking blowfish v0.9.1
   Compiling which v8.0.0
    Checking trash v5.2.5
    Checking bitstream-io v4.9.0
   Compiling clap v4.5.53
    Checking flate2 v1.1.5
    Checking dirs v6.0.0
    Checking crypto-primes v0.7.0-pre.4
    Checking profiling v1.0.17
    Checking ratatui-macros v0.7.0
    Checking aes-gcm v0.10.3
    Checking yazi-shim v25.12.29
    Checking libcrux-traits v0.0.4
    Checking pkcs8 v0.11.0-rc.8
    Checking pkcs1 v0.8.0-rc.4
    Checking ratatui-crossterm v0.1.0
    Checking toml_parser v1.0.6+spec-1.1.0
    Checking poly1305 v0.8.0
    Checking ed25519 v2.2.3
    Checking chacha20 v0.9.1
    Checking blake2 v0.10.6
    Checking regex v1.12.2
   Compiling tls_codec_derive v0.4.2
   Compiling num-derive v0.4.2
    Checking signature v3.0.0-rc.6
    Checking sha2 v0.11.0-rc.3
    Checking yazi-ffi v25.12.29
   Compiling ring v0.17.14
    Checking toml_datetime v0.7.5+spec-1.1.0
    Checking serde_spanned v1.0.4
    Checking num-iter v0.1.45
    Checking password-hash v0.5.0
    Checking libcrux-platform v0.0.2
   Compiling simd_helpers v0.1.0
    Checking arc-swap v1.8.0
    Checking maybe-rayon v0.1.1
   Compiling by_address v1.2.1
   Compiling ref-cast v1.0.25
    Checking tap v1.0.1
    Checking imgref v1.12.0
    Checking toml_writer v1.0.6+spec-1.1.0
    Checking quick-error v2.0.1
    Checking new_debug_unreachable v1.0.6
   Compiling thiserror v1.0.69
   Compiling libcrux-ml-kem v0.0.4
   Compiling noop_proc_macro v0.3.0
   Compiling palette v0.7.6
    Checking toml v0.9.10+spec-1.1.0
    Checking tls_codec v0.4.2
    Checking loop9 v0.1.5
    Checking yazi-fs v25.12.29
    Checking wyz v0.5.1
   Compiling palette_derive v0.7.6
    Checking argon2 v0.5.3
    Checking rsa v0.10.0-rc.10
    Checking ssh-cipher v0.2.0
    Checking ed25519-dalek v2.2.0
    Checking ratatui v0.30.0
   Compiling clap_complete v4.5.62
   Compiling luajit-src v210.6.5+7152e15
    Checking bcrypt-pbkdf v0.10.0
    Checking globset v0.4.18
    Checking yazi-term v25.12.29
    Checking p256 v0.13.2
    Checking p521 v0.13.3
    Checking p384 v0.13.1
    Checking safe_arch v0.9.3
    Checking half v2.7.1
    Checking sha1 v0.10.6
   Compiling ref-cast-impl v1.0.25
   Compiling yazi-codegen v25.12.29
   Compiling thiserror-impl v1.0.69
    Checking avif-serialize v0.8.6
    Checking sha1 v0.11.0-rc.3
    Checking fdeflate v0.3.7
    Checking zune-inflate v0.2.54
   Compiling lua-src v548.1.2
    Checking pxfm v0.1.27
    Checking color_quant v1.1.0
    Checking base64 v0.22.1
    Checking lebe v0.5.3
    Checking rgb v0.8.52
    Checking zune-core v0.5.0
    Checking untrusted v0.9.0
    Checking hex v0.4.3
   Compiling typeid v1.0.3
    Checking weezl v0.1.12
    Checking fast-srgb8 v1.0.0
    Checking bit_field v0.10.3
    Checking byteorder-lite v0.1.0
   Compiling zmij v1.0.2
    Checking funty v2.0.0
    Checking av1-grain v0.2.5
    Checking image-webp v0.2.4
    Checking bitvec v1.0.1
    Checking exr v1.74.0
    Checking gif v0.14.1
    Checking moxcms v0.7.11
    Checking internal-russh-forked-ssh-key v0.6.16+upstream-0.6.7
    Checking zune-jpeg v0.5.8
   Compiling mlua-sys v0.9.0
    Checking png v0.18.0
    Checking yazi-config v25.12.29
    Checking wide v0.8.3
    Checking ravif v0.12.0
    Checking russh-cryptovec v0.52.0
   Compiling enum_dispatch v0.3.13
    Checking russh-util v0.52.0
    Checking qoi v0.4.1
    Checking generic-array v1.3.5
   Compiling delegate v0.13.5
error[E0275]: overflow evaluating the requirement `GenericArray<T, UInt<UTerm, typenum::B1>> well-formed`
   --> /home/adwin/.cargo/registry/src/mirrors.tuna.tsinghua.edu.cn-4dc01642fd091eda/generic-array-1.3.5/src/impls.rs:161:13
    |
161 |               fn from(tuple: ($(impl_tuple!(@T $t),)*)) -> Self {
    |               ^^^^^^^^^^^^^^^^^^^^^^^^^^^^^^^^^^^^^^^^^^^^^^^^^
...
178 | / impl_tuple! {
179 | |     consts::U1  => (A,);
180 | |     consts::U2  => (A,B,);
181 | |     consts::U3  => (A,B,C,);
...   |
190 | |     consts::U12 => (A,B,C,D,E,F,G,H,I,J,K,L,);
191 | | }
    | |_- in this macro invocation
    |
    = help: consider increasing the recursion limit by adding a `#![recursion_limit = "256"]` attribute to your crate (`generic_array`)
note: the requirement `GenericArray<T, UInt<UTerm, typenum::B1>> well-formed` appears on the `impl`'s associated function `from` but not on the corresponding trait's associated function
   --> /home/adwin/.rustup/toolchains/nightly-x86_64-unknown-linux-gnu/lib/rustlib/src/rust/library/core/src/convert/mod.rs:592:8
    |
587 | pub const trait From<T>: Sized {
    |                 ---- in this trait
...
592 |     fn from(value: T) -> Self;
    |        ^^^^ this trait's associated function doesn't have the requirement `GenericArray<T, UInt<UTerm, typenum::B1>> well-formed`
    = note: this error originates in the macro `impl_tuple` (in Nightly builds, run with -Z macro-backtrace for more info)

error[E0275]: overflow evaluating the requirement `GenericArray<T, UInt<UTerm, typenum::B1>>: Sized`
   --> /home/adwin/.cargo/registry/src/mirrors.tuna.tsinghua.edu.cn-4dc01642fd091eda/generic-array-1.3.5/src/impls.rs:158:53
    |
158 |           impl<T> From<($(impl_tuple!(@T $t),)*)> for GenericArray<T, $len> {
    |                                                       ^^^^^^^^^^^^^^^^^^^^^
...
178 | / impl_tuple! {
179 | |     consts::U1  => (A,);
180 | |     consts::U2  => (A,B,);
181 | |     consts::U3  => (A,B,C,);
...   |
190 | |     consts::U12 => (A,B,C,D,E,F,G,H,I,J,K,L,);
191 | | }
    | |_- in this macro invocation
    |
    = help: consider increasing the recursion limit by adding a `#![recursion_limit = "256"]` attribute to your crate (`generic_array`)
note: required by a bound in `From`
   --> /home/adwin/.rustup/toolchains/nightly-x86_64-unknown-linux-gnu/lib/rustlib/src/rust/library/core/src/convert/mod.rs:587:26
    |
587 | pub const trait From<T>: Sized {
    |                          ^^^^^ required by this bound in `From`
    = note: this error originates in the macro `impl_tuple` (in Nightly builds, run with -Z macro-backtrace for more info)

error[E0275]: overflow evaluating the requirement `GenericArray<T, UInt<UTerm, typenum::B1>> well-formed`
   --> /home/adwin/.cargo/registry/src/mirrors.tuna.tsinghua.edu.cn-4dc01642fd091eda/generic-array-1.3.5/src/impls.rs:158:53
    |
158 |           impl<T> From<($(impl_tuple!(@T $t),)*)> for GenericArray<T, $len> {
    |                                                       ^^^^^^^^^^^^^^^^^^^^^
...
178 | / impl_tuple! {
179 | |     consts::U1  => (A,);
180 | |     consts::U2  => (A,B,);
181 | |     consts::U3  => (A,B,C,);
...   |
190 | |     consts::U12 => (A,B,C,D,E,F,G,H,I,J,K,L,);
191 | | }
    | |_- in this macro invocation
    |
    = help: consider increasing the recursion limit by adding a `#![recursion_limit = "256"]` attribute to your crate (`generic_array`)
    = note: this error originates in the macro `impl_tuple` (in Nightly builds, run with -Z macro-backtrace for more info)

error[E0275]: overflow evaluating the requirement `GenericArray<T, UInt<UTerm, typenum::B1>> well-formed`
   --> /home/adwin/.cargo/registry/src/mirrors.tuna.tsinghua.edu.cn-4dc01642fd091eda/generic-array-1.3.5/src/impls.rs:170:13
    |
170 |               fn from(array: GenericArray<T, $len>) -> Self {
    |               ^^^^^^^^^^^^^^^^^^^^^^^^^^^^^^^^^^^^^^^^^^^^^
...
178 | / impl_tuple! {
179 | |     consts::U1  => (A,);
180 | |     consts::U2  => (A,B,);
181 | |     consts::U3  => (A,B,C,);
...   |
190 | |     consts::U12 => (A,B,C,D,E,F,G,H,I,J,K,L,);
191 | | }
    | |_- in this macro invocation
    |
    = help: consider increasing the recursion limit by adding a `#![recursion_limit = "256"]` attribute to your crate (`generic_array`)
note: the requirement `GenericArray<T, UInt<UTerm, typenum::B1>> well-formed` appears on the `impl`'s associated function `from` but not on the corresponding trait's associated function
   --> /home/adwin/.rustup/toolchains/nightly-x86_64-unknown-linux-gnu/lib/rustlib/src/rust/library/core/src/convert/mod.rs:592:8
    |
587 | pub const trait From<T>: Sized {
    |                 ---- in this trait
...
592 |     fn from(value: T) -> Self;
    |        ^^^^ this trait's associated function doesn't have the requirement `GenericArray<T, UInt<UTerm, typenum::B1>> well-formed`
    = note: this error originates in the macro `impl_tuple` (in Nightly builds, run with -Z macro-backtrace for more info)

error[E0275]: overflow evaluating the requirement `GenericArray<T, UInt<UTerm, typenum::B1>>: Sized`
   --> /home/adwin/.cargo/registry/src/mirrors.tuna.tsinghua.edu.cn-4dc01642fd091eda/generic-array-1.3.5/src/impls.rs:167:17
    |
167 |           impl<T> From<GenericArray<T, $len>> for ($(impl_tuple!(@T $t),)*) {
    |                   ^^^^^^^^^^^^^^^^^^^^^^^^^^^
...
178 | / impl_tuple! {
179 | |     consts::U1  => (A,);
180 | |     consts::U2  => (A,B,);
181 | |     consts::U3  => (A,B,C,);
...   |
190 | |     consts::U12 => (A,B,C,D,E,F,G,H,I,J,K,L,);
191 | | }
    | |_- in this macro invocation
    |
    = help: consider increasing the recursion limit by adding a `#![recursion_limit = "256"]` attribute to your crate (`generic_array`)
note: required by an implicit `Sized` bound in `From`
   --> /home/adwin/.rustup/toolchains/nightly-x86_64-unknown-linux-gnu/lib/rustlib/src/rust/library/core/src/convert/mod.rs:587:22
    |
587 | pub const trait From<T>: Sized {
    |                      ^ required by the implicit `Sized` requirement on this type parameter in `From`
    = note: this error originates in the macro `impl_tuple` (in Nightly builds, run with -Z macro-backtrace for more info)

error[E0275]: overflow evaluating the requirement `GenericArray<T, UInt<UTerm, typenum::B1>> well-formed`
   --> /home/adwin/.cargo/registry/src/mirrors.tuna.tsinghua.edu.cn-4dc01642fd091eda/generic-array-1.3.5/src/impls.rs:167:17
    |
167 |           impl<T> From<GenericArray<T, $len>> for ($(impl_tuple!(@T $t),)*) {
    |                   ^^^^^^^^^^^^^^^^^^^^^^^^^^^
...
178 | / impl_tuple! {
179 | |     consts::U1  => (A,);
180 | |     consts::U2  => (A,B,);
181 | |     consts::U3  => (A,B,C,);
...   |
190 | |     consts::U12 => (A,B,C,D,E,F,G,H,I,J,K,L,);
191 | | }
    | |_- in this macro invocation
    |
    = help: consider increasing the recursion limit by adding a `#![recursion_limit = "256"]` attribute to your crate (`generic_array`)
    = note: this error originates in the macro `impl_tuple` (in Nightly builds, run with -Z macro-backtrace for more info)

error[E0275]: overflow evaluating the requirement `GenericArray<T, UInt<UInt<UTerm, typenum::B1>, B0>> well-formed`
   --> /home/adwin/.cargo/registry/src/mirrors.tuna.tsinghua.edu.cn-4dc01642fd091eda/generic-array-1.3.5/src/impls.rs:161:13
    |
161 |               fn from(tuple: ($(impl_tuple!(@T $t),)*)) -> Self {
    |               ^^^^^^^^^^^^^^^^^^^^^^^^^^^^^^^^^^^^^^^^^^^^^^^^^
...
178 | / impl_tuple! {
179 | |     consts::U1  => (A,);
180 | |     consts::U2  => (A,B,);
181 | |     consts::U3  => (A,B,C,);
...   |
190 | |     consts::U12 => (A,B,C,D,E,F,G,H,I,J,K,L,);
191 | | }
    | |_- in this macro invocation
    |
    = help: consider increasing the recursion limit by adding a `#![recursion_limit = "256"]` attribute to your crate (`generic_array`)
note: the requirement `GenericArray<T, UInt<UInt<UTerm, typenum::B1>, B0>> well-formed` appears on the `impl`'s associated function `from` but not on the corresponding trait's associated function
   --> /home/adwin/.rustup/toolchains/nightly-x86_64-unknown-linux-gnu/lib/rustlib/src/rust/library/core/src/convert/mod.rs:592:8
    |
587 | pub const trait From<T>: Sized {
    |                 ---- in this trait
...
592 |     fn from(value: T) -> Self;
    |        ^^^^ this trait's associated function doesn't have the requirement `GenericArray<T, UInt<UInt<UTerm, typenum::B1>, B0>> well-formed`
    = note: this error originates in the macro `impl_tuple` (in Nightly builds, run with -Z macro-backtrace for more info)

error[E0275]: overflow evaluating the requirement `GenericArray<T, UInt<UInt<UTerm, typenum::B1>, B0>>: Sized`
   --> /home/adwin/.cargo/registry/src/mirrors.tuna.tsinghua.edu.cn-4dc01642fd091eda/generic-array-1.3.5/src/impls.rs:158:53
    |
158 |           impl<T> From<($(impl_tuple!(@T $t),)*)> for GenericArray<T, $len> {
    |                                                       ^^^^^^^^^^^^^^^^^^^^^
...
178 | / impl_tuple! {
179 | |     consts::U1  => (A,);
180 | |     consts::U2  => (A,B,);
181 | |     consts::U3  => (A,B,C,);
...   |
190 | |     consts::U12 => (A,B,C,D,E,F,G,H,I,J,K,L,);
191 | | }
    | |_- in this macro invocation
    |
    = help: consider increasing the recursion limit by adding a `#![recursion_limit = "256"]` attribute to your crate (`generic_array`)
note: required by a bound in `From`
   --> /home/adwin/.rustup/toolchains/nightly-x86_64-unknown-linux-gnu/lib/rustlib/src/rust/library/core/src/convert/mod.rs:587:26
    |
587 | pub const trait From<T>: Sized {
    |                          ^^^^^ required by this bound in `From`
    = note: this error originates in the macro `impl_tuple` (in Nightly builds, run with -Z macro-backtrace for more info)

error[E0275]: overflow evaluating the requirement `GenericArray<T, UInt<UInt<UTerm, typenum::B1>, B0>> well-formed`
   --> /home/adwin/.cargo/registry/src/mirrors.tuna.tsinghua.edu.cn-4dc01642fd091eda/generic-array-1.3.5/src/impls.rs:158:53
    |
158 |           impl<T> From<($(impl_tuple!(@T $t),)*)> for GenericArray<T, $len> {
    |                                                       ^^^^^^^^^^^^^^^^^^^^^
...
178 | / impl_tuple! {
179 | |     consts::U1  => (A,);
180 | |     consts::U2  => (A,B,);
181 | |     consts::U3  => (A,B,C,);
...   |
190 | |     consts::U12 => (A,B,C,D,E,F,G,H,I,J,K,L,);
191 | | }
    | |_- in this macro invocation
    |
    = help: consider increasing the recursion limit by adding a `#![recursion_limit = "256"]` attribute to your crate (`generic_array`)
    = note: this error originates in the macro `impl_tuple` (in Nightly builds, run with -Z macro-backtrace for more info)

error[E0275]: overflow evaluating the requirement `GenericArray<T, UInt<UInt<UTerm, typenum::B1>, B0>> well-formed`
   --> /home/adwin/.cargo/registry/src/mirrors.tuna.tsinghua.edu.cn-4dc01642fd091eda/generic-array-1.3.5/src/impls.rs:170:13
    |
170 |               fn from(array: GenericArray<T, $len>) -> Self {
    |               ^^^^^^^^^^^^^^^^^^^^^^^^^^^^^^^^^^^^^^^^^^^^^
...
178 | / impl_tuple! {
179 | |     consts::U1  => (A,);
180 | |     consts::U2  => (A,B,);
181 | |     consts::U3  => (A,B,C,);
...   |
190 | |     consts::U12 => (A,B,C,D,E,F,G,H,I,J,K,L,);
191 | | }
    | |_- in this macro invocation
    |
    = help: consider increasing the recursion limit by adding a `#![recursion_limit = "256"]` attribute to your crate (`generic_array`)
note: the requirement `GenericArray<T, UInt<UInt<UTerm, typenum::B1>, B0>> well-formed` appears on the `impl`'s associated function `from` but not on the corresponding trait's associated function
   --> /home/adwin/.rustup/toolchains/nightly-x86_64-unknown-linux-gnu/lib/rustlib/src/rust/library/core/src/convert/mod.rs:592:8
    |
587 | pub const trait From<T>: Sized {
    |                 ---- in this trait
...
592 |     fn from(value: T) -> Self;
    |        ^^^^ this trait's associated function doesn't have the requirement `GenericArray<T, UInt<UInt<UTerm, typenum::B1>, B0>> well-formed`
    = note: this error originates in the macro `impl_tuple` (in Nightly builds, run with -Z macro-backtrace for more info)

error[E0275]: overflow evaluating the requirement `GenericArray<T, UInt<UInt<UTerm, typenum::B1>, B0>>: Sized`
   --> /home/adwin/.cargo/registry/src/mirrors.tuna.tsinghua.edu.cn-4dc01642fd091eda/generic-array-1.3.5/src/impls.rs:167:17
    |
167 |           impl<T> From<GenericArray<T, $len>> for ($(impl_tuple!(@T $t),)*) {
    |                   ^^^^^^^^^^^^^^^^^^^^^^^^^^^
...
178 | / impl_tuple! {
179 | |     consts::U1  => (A,);
180 | |     consts::U2  => (A,B,);
181 | |     consts::U3  => (A,B,C,);
...   |
190 | |     consts::U12 => (A,B,C,D,E,F,G,H,I,J,K,L,);
191 | | }
    | |_- in this macro invocation
    |
    = help: consider increasing the recursion limit by adding a `#![recursion_limit = "256"]` attribute to your crate (`generic_array`)
note: required by an implicit `Sized` bound in `From`
   --> /home/adwin/.rustup/toolchains/nightly-x86_64-unknown-linux-gnu/lib/rustlib/src/rust/library/core/src/convert/mod.rs:587:22
    |
587 | pub const trait From<T>: Sized {
    |                      ^ required by the implicit `Sized` requirement on this type parameter in `From`
    = note: this error originates in the macro `impl_tuple` (in Nightly builds, run with -Z macro-backtrace for more info)

error[E0275]: overflow evaluating the requirement `GenericArray<T, UInt<UInt<UTerm, typenum::B1>, B0>> well-formed`
   --> /home/adwin/.cargo/registry/src/mirrors.tuna.tsinghua.edu.cn-4dc01642fd091eda/generic-array-1.3.5/src/impls.rs:167:17
    |
167 |           impl<T> From<GenericArray<T, $len>> for ($(impl_tuple!(@T $t),)*) {
    |                   ^^^^^^^^^^^^^^^^^^^^^^^^^^^
...
178 | / impl_tuple! {
179 | |     consts::U1  => (A,);
180 | |     consts::U2  => (A,B,);
181 | |     consts::U3  => (A,B,C,);
...   |
190 | |     consts::U12 => (A,B,C,D,E,F,G,H,I,J,K,L,);
191 | | }
    | |_- in this macro invocation
    |
    = help: consider increasing the recursion limit by adding a `#![recursion_limit = "256"]` attribute to your crate (`generic_array`)
    = note: this error originates in the macro `impl_tuple` (in Nightly builds, run with -Z macro-backtrace for more info)

error[E0275]: overflow evaluating the requirement `GenericArray<T, UInt<UInt<UTerm, typenum::B1>, typenum::B1>> well-formed`
   --> /home/adwin/.cargo/registry/src/mirrors.tuna.tsinghua.edu.cn-4dc01642fd091eda/generic-array-1.3.5/src/impls.rs:161:13
    |
161 |               fn from(tuple: ($(impl_tuple!(@T $t),)*)) -> Self {
    |               ^^^^^^^^^^^^^^^^^^^^^^^^^^^^^^^^^^^^^^^^^^^^^^^^^
...
178 | / impl_tuple! {
179 | |     consts::U1  => (A,);
180 | |     consts::U2  => (A,B,);
181 | |     consts::U3  => (A,B,C,);
...   |
190 | |     consts::U12 => (A,B,C,D,E,F,G,H,I,J,K,L,);
191 | | }
    | |_- in this macro invocation
    |
    = help: consider increasing the recursion limit by adding a `#![recursion_limit = "256"]` attribute to your crate (`generic_array`)
note: the requirement `GenericArray<T, UInt<UInt<UTerm, typenum::B1>, typenum::B1>> well-formed` appears on the `impl`'s associated function `from` but not on the corresponding trait's associated function
   --> /home/adwin/.rustup/toolchains/nightly-x86_64-unknown-linux-gnu/lib/rustlib/src/rust/library/core/src/convert/mod.rs:592:8
    |
587 | pub const trait From<T>: Sized {
    |                 ---- in this trait
...
592 |     fn from(value: T) -> Self;
    |        ^^^^ this trait's associated function doesn't have the requirement `GenericArray<T, UInt<UInt<UTerm, typenum::B1>, typenum::B1>> well-formed`
    = note: this error originates in the macro `impl_tuple` (in Nightly builds, run with -Z macro-backtrace for more info)

error[E0275]: overflow evaluating the requirement `GenericArray<T, UInt<UInt<UTerm, typenum::B1>, typenum::B1>>: Sized`
   --> /home/adwin/.cargo/registry/src/mirrors.tuna.tsinghua.edu.cn-4dc01642fd091eda/generic-array-1.3.5/src/impls.rs:158:53
    |
158 |           impl<T> From<($(impl_tuple!(@T $t),)*)> for GenericArray<T, $len> {
    |                                                       ^^^^^^^^^^^^^^^^^^^^^
...
178 | / impl_tuple! {
179 | |     consts::U1  => (A,);
180 | |     consts::U2  => (A,B,);
181 | |     consts::U3  => (A,B,C,);
...   |
190 | |     consts::U12 => (A,B,C,D,E,F,G,H,I,J,K,L,);
191 | | }
    | |_- in this macro invocation
    |
    = help: consider increasing the recursion limit by adding a `#![recursion_limit = "256"]` attribute to your crate (`generic_array`)
note: required by a bound in `From`
   --> /home/adwin/.rustup/toolchains/nightly-x86_64-unknown-linux-gnu/lib/rustlib/src/rust/library/core/src/convert/mod.rs:587:26
    |
587 | pub const trait From<T>: Sized {
    |                          ^^^^^ required by this bound in `From`
    = note: this error originates in the macro `impl_tuple` (in Nightly builds, run with -Z macro-backtrace for more info)

error[E0275]: overflow evaluating the requirement `GenericArray<T, UInt<UInt<UTerm, typenum::B1>, typenum::B1>> well-formed`
   --> /home/adwin/.cargo/registry/src/mirrors.tuna.tsinghua.edu.cn-4dc01642fd091eda/generic-array-1.3.5/src/impls.rs:158:53
    |
158 |           impl<T> From<($(impl_tuple!(@T $t),)*)> for GenericArray<T, $len> {
    |                                                       ^^^^^^^^^^^^^^^^^^^^^
...
178 | / impl_tuple! {
179 | |     consts::U1  => (A,);
180 | |     consts::U2  => (A,B,);
181 | |     consts::U3  => (A,B,C,);
...   |
190 | |     consts::U12 => (A,B,C,D,E,F,G,H,I,J,K,L,);
191 | | }
    | |_- in this macro invocation
    |
    = help: consider increasing the recursion limit by adding a `#![recursion_limit = "256"]` attribute to your crate (`generic_array`)
    = note: this error originates in the macro `impl_tuple` (in Nightly builds, run with -Z macro-backtrace for more info)

error[E0275]: overflow evaluating the requirement `GenericArray<T, UInt<UInt<UTerm, typenum::B1>, typenum::B1>> well-formed`
   --> /home/adwin/.cargo/registry/src/mirrors.tuna.tsinghua.edu.cn-4dc01642fd091eda/generic-array-1.3.5/src/impls.rs:170:13
    |
170 |               fn from(array: GenericArray<T, $len>) -> Self {
    |               ^^^^^^^^^^^^^^^^^^^^^^^^^^^^^^^^^^^^^^^^^^^^^
...
178 | / impl_tuple! {
179 | |     consts::U1  => (A,);
180 | |     consts::U2  => (A,B,);
181 | |     consts::U3  => (A,B,C,);
...   |
190 | |     consts::U12 => (A,B,C,D,E,F,G,H,I,J,K,L,);
191 | | }
    | |_- in this macro invocation
    |
    = help: consider increasing the recursion limit by adding a `#![recursion_limit = "256"]` attribute to your crate (`generic_array`)
note: the requirement `GenericArray<T, UInt<UInt<UTerm, typenum::B1>, typenum::B1>> well-formed` appears on the `impl`'s associated function `from` but not on the corresponding trait's associated function
   --> /home/adwin/.rustup/toolchains/nightly-x86_64-unknown-linux-gnu/lib/rustlib/src/rust/library/core/src/convert/mod.rs:592:8
    |
587 | pub const trait From<T>: Sized {
    |                 ---- in this trait
...
592 |     fn from(value: T) -> Self;
    |        ^^^^ this trait's associated function doesn't have the requirement `GenericArray<T, UInt<UInt<UTerm, typenum::B1>, typenum::B1>> well-formed`
    = note: this error originates in the macro `impl_tuple` (in Nightly builds, run with -Z macro-backtrace for more info)

error[E0275]: overflow evaluating the requirement `GenericArray<T, UInt<UInt<UTerm, typenum::B1>, typenum::B1>>: Sized`
   --> /home/adwin/.cargo/registry/src/mirrors.tuna.tsinghua.edu.cn-4dc01642fd091eda/generic-array-1.3.5/src/impls.rs:167:17
    |
167 |           impl<T> From<GenericArray<T, $len>> for ($(impl_tuple!(@T $t),)*) {
    |                   ^^^^^^^^^^^^^^^^^^^^^^^^^^^
...
178 | / impl_tuple! {
179 | |     consts::U1  => (A,);
180 | |     consts::U2  => (A,B,);
181 | |     consts::U3  => (A,B,C,);
...   |
190 | |     consts::U12 => (A,B,C,D,E,F,G,H,I,J,K,L,);
191 | | }
    | |_- in this macro invocation
    |
    = help: consider increasing the recursion limit by adding a `#![recursion_limit = "256"]` attribute to your crate (`generic_array`)
note: required by an implicit `Sized` bound in `From`
   --> /home/adwin/.rustup/toolchains/nightly-x86_64-unknown-linux-gnu/lib/rustlib/src/rust/library/core/src/convert/mod.rs:587:22
    |
587 | pub const trait From<T>: Sized {
    |                      ^ required by the implicit `Sized` requirement on this type parameter in `From`
    = note: this error originates in the macro `impl_tuple` (in Nightly builds, run with -Z macro-backtrace for more info)

error[E0275]: overflow evaluating the requirement `GenericArray<T, UInt<UInt<UTerm, typenum::B1>, typenum::B1>> well-formed`
   --> /home/adwin/.cargo/registry/src/mirrors.tuna.tsinghua.edu.cn-4dc01642fd091eda/generic-array-1.3.5/src/impls.rs:167:17
    |
167 |           impl<T> From<GenericArray<T, $len>> for ($(impl_tuple!(@T $t),)*) {
    |                   ^^^^^^^^^^^^^^^^^^^^^^^^^^^
...
178 | / impl_tuple! {
179 | |     consts::U1  => (A,);
180 | |     consts::U2  => (A,B,);
181 | |     consts::U3  => (A,B,C,);
...   |
190 | |     consts::U12 => (A,B,C,D,E,F,G,H,I,J,K,L,);
191 | | }
    | |_- in this macro invocation
    |
    = help: consider increasing the recursion limit by adding a `#![recursion_limit = "256"]` attribute to your crate (`generic_array`)
    = note: this error originates in the macro `impl_tuple` (in Nightly builds, run with -Z macro-backtrace for more info)

error[E0275]: overflow evaluating the requirement `GenericArray<T, UInt<UInt<UInt<UTerm, typenum::B1>, ...>, ...>> well-formed`
   --> /home/adwin/.cargo/registry/src/mirrors.tuna.tsinghua.edu.cn-4dc01642fd091eda/generic-array-1.3.5/src/impls.rs:161:13
    |
161 |               fn from(tuple: ($(impl_tuple!(@T $t),)*)) -> Self {
    |               ^^^^^^^^^^^^^^^^^^^^^^^^^^^^^^^^^^^^^^^^^^^^^^^^^
...
178 | / impl_tuple! {
179 | |     consts::U1  => (A,);
180 | |     consts::U2  => (A,B,);
181 | |     consts::U3  => (A,B,C,);
...   |
190 | |     consts::U12 => (A,B,C,D,E,F,G,H,I,J,K,L,);
191 | | }
    | |_- in this macro invocation
    |
    = help: consider increasing the recursion limit by adding a `#![recursion_limit = "256"]` attribute to your crate (`generic_array`)
note: the requirement `GenericArray<T, UInt<UInt<UInt<UTerm, typenum::B1>, B0>, B0>> well-formed` appears on the `impl`'s associated function `from` but not on the corresponding trait's associated function
   --> /home/adwin/.rustup/toolchains/nightly-x86_64-unknown-linux-gnu/lib/rustlib/src/rust/library/core/src/convert/mod.rs:592:8
    |
587 | pub const trait From<T>: Sized {
    |                 ---- in this trait
...
592 |     fn from(value: T) -> Self;
    |        ^^^^ this trait's associated function doesn't have the requirement `GenericArray<T, UInt<UInt<UInt<UTerm, typenum::B1>, B0>, B0>> well-formed`
    = note: this error originates in the macro `impl_tuple` (in Nightly builds, run with -Z macro-backtrace for more info)

error[E0275]: overflow evaluating the requirement `GenericArray<T, UInt<UInt<UInt<UTerm, typenum::B1>, ...>, ...>>: Sized`
   --> /home/adwin/.cargo/registry/src/mirrors.tuna.tsinghua.edu.cn-4dc01642fd091eda/generic-array-1.3.5/src/impls.rs:158:53
    |
158 |           impl<T> From<($(impl_tuple!(@T $t),)*)> for GenericArray<T, $len> {
    |                                                       ^^^^^^^^^^^^^^^^^^^^^
...
178 | / impl_tuple! {
179 | |     consts::U1  => (A,);
180 | |     consts::U2  => (A,B,);
181 | |     consts::U3  => (A,B,C,);
...   |
190 | |     consts::U12 => (A,B,C,D,E,F,G,H,I,J,K,L,);
191 | | }
    | |_- in this macro invocation
    |
    = help: consider increasing the recursion limit by adding a `#![recursion_limit = "256"]` attribute to your crate (`generic_array`)
note: required by a bound in `From`
   --> /home/adwin/.rustup/toolchains/nightly-x86_64-unknown-linux-gnu/lib/rustlib/src/rust/library/core/src/convert/mod.rs:587:26
    |
587 | pub const trait From<T>: Sized {
    |                          ^^^^^ required by this bound in `From`
    = note: this error originates in the macro `impl_tuple` (in Nightly builds, run with -Z macro-backtrace for more info)

error[E0275]: overflow evaluating the requirement `GenericArray<T, UInt<UInt<UInt<UTerm, typenum::B1>, ...>, ...>> well-formed`
   --> /home/adwin/.cargo/registry/src/mirrors.tuna.tsinghua.edu.cn-4dc01642fd091eda/generic-array-1.3.5/src/impls.rs:158:53
    |
158 |           impl<T> From<($(impl_tuple!(@T $t),)*)> for GenericArray<T, $len> {
    |                                                       ^^^^^^^^^^^^^^^^^^^^^
...
178 | / impl_tuple! {
179 | |     consts::U1  => (A,);
180 | |     consts::U2  => (A,B,);
181 | |     consts::U3  => (A,B,C,);
...   |
190 | |     consts::U12 => (A,B,C,D,E,F,G,H,I,J,K,L,);
191 | | }
    | |_- in this macro invocation
    |
    = help: consider increasing the recursion limit by adding a `#![recursion_limit = "256"]` attribute to your crate (`generic_array`)
    = note: this error originates in the macro `impl_tuple` (in Nightly builds, run with -Z macro-backtrace for more info)

error[E0275]: overflow evaluating the requirement `GenericArray<T, UInt<UInt<UInt<UTerm, typenum::B1>, ...>, ...>> well-formed`
   --> /home/adwin/.cargo/registry/src/mirrors.tuna.tsinghua.edu.cn-4dc01642fd091eda/generic-array-1.3.5/src/impls.rs:170:13
    |
170 |               fn from(array: GenericArray<T, $len>) -> Self {
    |               ^^^^^^^^^^^^^^^^^^^^^^^^^^^^^^^^^^^^^^^^^^^^^
...
178 | / impl_tuple! {
179 | |     consts::U1  => (A,);
180 | |     consts::U2  => (A,B,);
181 | |     consts::U3  => (A,B,C,);
...   |
190 | |     consts::U12 => (A,B,C,D,E,F,G,H,I,J,K,L,);
191 | | }
    | |_- in this macro invocation
    |
    = help: consider increasing the recursion limit by adding a `#![recursion_limit = "256"]` attribute to your crate (`generic_array`)
note: the requirement `GenericArray<T, UInt<UInt<UInt<UTerm, typenum::B1>, B0>, B0>> well-formed` appears on the `impl`'s associated function `from` but not on the corresponding trait's associated function
   --> /home/adwin/.rustup/toolchains/nightly-x86_64-unknown-linux-gnu/lib/rustlib/src/rust/library/core/src/convert/mod.rs:592:8
    |
587 | pub const trait From<T>: Sized {
    |                 ---- in this trait
...
592 |     fn from(value: T) -> Self;
    |        ^^^^ this trait's associated function doesn't have the requirement `GenericArray<T, UInt<UInt<UInt<UTerm, typenum::B1>, B0>, B0>> well-formed`
    = note: this error originates in the macro `impl_tuple` (in Nightly builds, run with -Z macro-backtrace for more info)

error[E0275]: overflow evaluating the requirement `GenericArray<T, UInt<UInt<UInt<UTerm, typenum::B1>, ...>, ...>>: Sized`
   --> /home/adwin/.cargo/registry/src/mirrors.tuna.tsinghua.edu.cn-4dc01642fd091eda/generic-array-1.3.5/src/impls.rs:167:17
    |
167 |           impl<T> From<GenericArray<T, $len>> for ($(impl_tuple!(@T $t),)*) {
    |                   ^^^^^^^^^^^^^^^^^^^^^^^^^^^
...
178 | / impl_tuple! {
179 | |     consts::U1  => (A,);
180 | |     consts::U2  => (A,B,);
181 | |     consts::U3  => (A,B,C,);
...   |
190 | |     consts::U12 => (A,B,C,D,E,F,G,H,I,J,K,L,);
191 | | }
    | |_- in this macro invocation
    |
    = help: consider increasing the recursion limit by adding a `#![recursion_limit = "256"]` attribute to your crate (`generic_array`)
note: required by an implicit `Sized` bound in `From`
   --> /home/adwin/.rustup/toolchains/nightly-x86_64-unknown-linux-gnu/lib/rustlib/src/rust/library/core/src/convert/mod.rs:587:22
    |
587 | pub const trait From<T>: Sized {
    |                      ^ required by the implicit `Sized` requirement on this type parameter in `From`
    = note: this error originates in the macro `impl_tuple` (in Nightly builds, run with -Z macro-backtrace for more info)

error[E0275]: overflow evaluating the requirement `GenericArray<T, UInt<UInt<UInt<UTerm, typenum::B1>, ...>, ...>> well-formed`
   --> /home/adwin/.cargo/registry/src/mirrors.tuna.tsinghua.edu.cn-4dc01642fd091eda/generic-array-1.3.5/src/impls.rs:167:17
    |
167 |           impl<T> From<GenericArray<T, $len>> for ($(impl_tuple!(@T $t),)*) {
    |                   ^^^^^^^^^^^^^^^^^^^^^^^^^^^
...
178 | / impl_tuple! {
179 | |     consts::U1  => (A,);
180 | |     consts::U2  => (A,B,);
181 | |     consts::U3  => (A,B,C,);
...   |
190 | |     consts::U12 => (A,B,C,D,E,F,G,H,I,J,K,L,);
191 | | }
    | |_- in this macro invocation
    |
    = help: consider increasing the recursion limit by adding a `#![recursion_limit = "256"]` attribute to your crate (`generic_array`)
    = note: this error originates in the macro `impl_tuple` (in Nightly builds, run with -Z macro-backtrace for more info)

error[E0275]: overflow evaluating the requirement `GenericArray<T, UInt<UInt<UInt<UTerm, typenum::B1>, ...>, ...>> well-formed`
   --> /home/adwin/.cargo/registry/src/mirrors.tuna.tsinghua.edu.cn-4dc01642fd091eda/generic-array-1.3.5/src/impls.rs:161:13
    |
161 |               fn from(tuple: ($(impl_tuple!(@T $t),)*)) -> Self {
    |               ^^^^^^^^^^^^^^^^^^^^^^^^^^^^^^^^^^^^^^^^^^^^^^^^^
...
178 | / impl_tuple! {
179 | |     consts::U1  => (A,);
180 | |     consts::U2  => (A,B,);
181 | |     consts::U3  => (A,B,C,);
...   |
190 | |     consts::U12 => (A,B,C,D,E,F,G,H,I,J,K,L,);
191 | | }
    | |_- in this macro invocation
    |
    = help: consider increasing the recursion limit by adding a `#![recursion_limit = "256"]` attribute to your crate (`generic_array`)
note: the requirement `GenericArray<T, UInt<UInt<UInt<UTerm, typenum::B1>, B0>, typenum::B1>> well-formed` appears on the `impl`'s associated function `from` but not on the corresponding trait's associated function
   --> /home/adwin/.rustup/toolchains/nightly-x86_64-unknown-linux-gnu/lib/rustlib/src/rust/library/core/src/convert/mod.rs:592:8
    |
587 | pub const trait From<T>: Sized {
    |                 ---- in this trait
...
592 |     fn from(value: T) -> Self;
    |        ^^^^ this trait's associated function doesn't have the requirement `GenericArray<T, UInt<UInt<UInt<UTerm, typenum::B1>, B0>, typenum::B1>> well-formed`
    = note: this error originates in the macro `impl_tuple` (in Nightly builds, run with -Z macro-backtrace for more info)

error[E0275]: overflow evaluating the requirement `GenericArray<T, UInt<UInt<UInt<UTerm, typenum::B1>, ...>, ...>> well-formed`
   --> /home/adwin/.cargo/registry/src/mirrors.tuna.tsinghua.edu.cn-4dc01642fd091eda/generic-array-1.3.5/src/impls.rs:170:13
    |
170 |               fn from(array: GenericArray<T, $len>) -> Self {
    |               ^^^^^^^^^^^^^^^^^^^^^^^^^^^^^^^^^^^^^^^^^^^^^
...
178 | / impl_tuple! {
179 | |     consts::U1  => (A,);
180 | |     consts::U2  => (A,B,);
181 | |     consts::U3  => (A,B,C,);
...   |
190 | |     consts::U12 => (A,B,C,D,E,F,G,H,I,J,K,L,);
191 | | }
    | |_- in this macro invocation
    |
    = help: consider increasing the recursion limit by adding a `#![recursion_limit = "256"]` attribute to your crate (`generic_array`)
note: the requirement `GenericArray<T, UInt<UInt<UInt<UTerm, typenum::B1>, B0>, typenum::B1>> well-formed` appears on the `impl`'s associated function `from` but not on the corresponding trait's associated function
   --> /home/adwin/.rustup/toolchains/nightly-x86_64-unknown-linux-gnu/lib/rustlib/src/rust/library/core/src/convert/mod.rs:592:8
    |
587 | pub const trait From<T>: Sized {
    |                 ---- in this trait
...
592 |     fn from(value: T) -> Self;
    |        ^^^^ this trait's associated function doesn't have the requirement `GenericArray<T, UInt<UInt<UInt<UTerm, typenum::B1>, B0>, typenum::B1>> well-formed`
    = note: this error originates in the macro `impl_tuple` (in Nightly builds, run with -Z macro-backtrace for more info)

error[E0275]: overflow evaluating the requirement `GenericArray<T, UInt<UInt<UInt<UTerm, typenum::B1>, ...>, ...>> well-formed`
   --> /home/adwin/.cargo/registry/src/mirrors.tuna.tsinghua.edu.cn-4dc01642fd091eda/generic-array-1.3.5/src/impls.rs:161:13
    |
161 |               fn from(tuple: ($(impl_tuple!(@T $t),)*)) -> Self {
    |               ^^^^^^^^^^^^^^^^^^^^^^^^^^^^^^^^^^^^^^^^^^^^^^^^^
...
178 | / impl_tuple! {
179 | |     consts::U1  => (A,);
180 | |     consts::U2  => (A,B,);
181 | |     consts::U3  => (A,B,C,);
...   |
190 | |     consts::U12 => (A,B,C,D,E,F,G,H,I,J,K,L,);
191 | | }
    | |_- in this macro invocation
    |
    = help: consider increasing the recursion limit by adding a `#![recursion_limit = "256"]` attribute to your crate (`generic_array`)
note: the requirement `GenericArray<T, UInt<UInt<UInt<UTerm, typenum::B1>, typenum::B1>, B0>> well-formed` appears on the `impl`'s associated function `from` but not on the corresponding trait's associated function
   --> /home/adwin/.rustup/toolchains/nightly-x86_64-unknown-linux-gnu/lib/rustlib/src/rust/library/core/src/convert/mod.rs:592:8
    |
587 | pub const trait From<T>: Sized {
    |                 ---- in this trait
...
592 |     fn from(value: T) -> Self;
    |        ^^^^ this trait's associated function doesn't have the requirement `GenericArray<T, UInt<UInt<UInt<UTerm, typenum::B1>, typenum::B1>, B0>> well-formed`
    = note: this error originates in the macro `impl_tuple` (in Nightly builds, run with -Z macro-backtrace for more info)

error[E0275]: overflow evaluating the requirement `GenericArray<T, UInt<UInt<UInt<UTerm, typenum::B1>, ...>, ...>> well-formed`
   --> /home/adwin/.cargo/registry/src/mirrors.tuna.tsinghua.edu.cn-4dc01642fd091eda/generic-array-1.3.5/src/impls.rs:170:13
    |
170 |               fn from(array: GenericArray<T, $len>) -> Self {
    |               ^^^^^^^^^^^^^^^^^^^^^^^^^^^^^^^^^^^^^^^^^^^^^
...
178 | / impl_tuple! {
179 | |     consts::U1  => (A,);
180 | |     consts::U2  => (A,B,);
181 | |     consts::U3  => (A,B,C,);
...   |
190 | |     consts::U12 => (A,B,C,D,E,F,G,H,I,J,K,L,);
191 | | }
    | |_- in this macro invocation
    |
    = help: consider increasing the recursion limit by adding a `#![recursion_limit = "256"]` attribute to your crate (`generic_array`)
note: the requirement `GenericArray<T, UInt<UInt<UInt<UTerm, typenum::B1>, typenum::B1>, B0>> well-formed` appears on the `impl`'s associated function `from` but not on the corresponding trait's associated function
   --> /home/adwin/.rustup/toolchains/nightly-x86_64-unknown-linux-gnu/lib/rustlib/src/rust/library/core/src/convert/mod.rs:592:8
    |
587 | pub const trait From<T>: Sized {
    |                 ---- in this trait
...
592 |     fn from(value: T) -> Self;
    |        ^^^^ this trait's associated function doesn't have the requirement `GenericArray<T, UInt<UInt<UInt<UTerm, typenum::B1>, typenum::B1>, B0>> well-formed`
    = note: this error originates in the macro `impl_tuple` (in Nightly builds, run with -Z macro-backtrace for more info)

error[E0275]: overflow evaluating the requirement `GenericArray<T, UInt<UInt<UInt<UTerm, typenum::B1>, ...>, ...>> well-formed`
   --> /home/adwin/.cargo/registry/src/mirrors.tuna.tsinghua.edu.cn-4dc01642fd091eda/generic-array-1.3.5/src/impls.rs:161:13
    |
161 |               fn from(tuple: ($(impl_tuple!(@T $t),)*)) -> Self {
    |               ^^^^^^^^^^^^^^^^^^^^^^^^^^^^^^^^^^^^^^^^^^^^^^^^^
...
178 | / impl_tuple! {
179 | |     consts::U1  => (A,);
180 | |     consts::U2  => (A,B,);
181 | |     consts::U3  => (A,B,C,);
...   |
190 | |     consts::U12 => (A,B,C,D,E,F,G,H,I,J,K,L,);
191 | | }
    | |_- in this macro invocation
    |
    = help: consider increasing the recursion limit by adding a `#![recursion_limit = "256"]` attribute to your crate (`generic_array`)
note: the requirement `GenericArray<T, UInt<UInt<UInt<UTerm, typenum::B1>, typenum::B1>, typenum::B1>> well-formed` appears on the `impl`'s associated function `from` but not on the corresponding trait's associated function
   --> /home/adwin/.rustup/toolchains/nightly-x86_64-unknown-linux-gnu/lib/rustlib/src/rust/library/core/src/convert/mod.rs:592:8
    |
587 | pub const trait From<T>: Sized {
    |                 ---- in this trait
...
592 |     fn from(value: T) -> Self;
    |        ^^^^ this trait's associated function doesn't have the requirement `GenericArray<T, UInt<UInt<UInt<UTerm, typenum::B1>, typenum::B1>, typenum::B1>> well-formed`
    = note: this error originates in the macro `impl_tuple` (in Nightly builds, run with -Z macro-backtrace for more info)

error[E0275]: overflow evaluating the requirement `GenericArray<T, UInt<UInt<UInt<UTerm, typenum::B1>, ...>, ...>> well-formed`
   --> /home/adwin/.cargo/registry/src/mirrors.tuna.tsinghua.edu.cn-4dc01642fd091eda/generic-array-1.3.5/src/impls.rs:170:13
    |
170 |               fn from(array: GenericArray<T, $len>) -> Self {
    |               ^^^^^^^^^^^^^^^^^^^^^^^^^^^^^^^^^^^^^^^^^^^^^
...
178 | / impl_tuple! {
179 | |     consts::U1  => (A,);
180 | |     consts::U2  => (A,B,);
181 | |     consts::U3  => (A,B,C,);
...   |
190 | |     consts::U12 => (A,B,C,D,E,F,G,H,I,J,K,L,);
191 | | }
    | |_- in this macro invocation
    |
    = help: consider increasing the recursion limit by adding a `#![recursion_limit = "256"]` attribute to your crate (`generic_array`)
note: the requirement `GenericArray<T, UInt<UInt<UInt<UTerm, typenum::B1>, typenum::B1>, typenum::B1>> well-formed` appears on the `impl`'s associated function `from` but not on the corresponding trait's associated function
   --> /home/adwin/.rustup/toolchains/nightly-x86_64-unknown-linux-gnu/lib/rustlib/src/rust/library/core/src/convert/mod.rs:592:8
    |
587 | pub const trait From<T>: Sized {
    |                 ---- in this trait
...
592 |     fn from(value: T) -> Self;
    |        ^^^^ this trait's associated function doesn't have the requirement `GenericArray<T, UInt<UInt<UInt<UTerm, typenum::B1>, typenum::B1>, typenum::B1>> well-formed`
    = note: this error originates in the macro `impl_tuple` (in Nightly builds, run with -Z macro-backtrace for more info)

error[E0275]: overflow evaluating the requirement `GenericArray<T, UInt<UInt<UInt<UInt<UTerm, ...>, ...>, ...>, ...>> well-formed`
   --> /home/adwin/.cargo/registry/src/mirrors.tuna.tsinghua.edu.cn-4dc01642fd091eda/generic-array-1.3.5/src/impls.rs:161:13
    |
161 |               fn from(tuple: ($(impl_tuple!(@T $t),)*)) -> Self {
    |               ^^^^^^^^^^^^^^^^^^^^^^^^^^^^^^^^^^^^^^^^^^^^^^^^^
...
178 | / impl_tuple! {
179 | |     consts::U1  => (A,);
180 | |     consts::U2  => (A,B,);
181 | |     consts::U3  => (A,B,C,);
...   |
190 | |     consts::U12 => (A,B,C,D,E,F,G,H,I,J,K,L,);
191 | | }
    | |_- in this macro invocation
    |
    = help: consider increasing the recursion limit by adding a `#![recursion_limit = "256"]` attribute to your crate (`generic_array`)
note: the requirement `GenericArray<T, UInt<UInt<UInt<UInt<UTerm, typenum::B1>, B0>, B0>, B0>> well-formed` appears on the `impl`'s associated function `from` but not on the corresponding trait's associated function
   --> /home/adwin/.rustup/toolchains/nightly-x86_64-unknown-linux-gnu/lib/rustlib/src/rust/library/core/src/convert/mod.rs:592:8
    |
587 | pub const trait From<T>: Sized {
    |                 ---- in this trait
...
592 |     fn from(value: T) -> Self;
    |        ^^^^ this trait's associated function doesn't have the requirement `GenericArray<T, UInt<UInt<UInt<UInt<UTerm, typenum::B1>, B0>, B0>, B0>> well-formed`
    = note: this error originates in the macro `impl_tuple` (in Nightly builds, run with -Z macro-backtrace for more info)

error[E0275]: overflow evaluating the requirement `GenericArray<T, UInt<UInt<UInt<UInt<UTerm, ...>, ...>, ...>, ...>>: Sized`
   --> /home/adwin/.cargo/registry/src/mirrors.tuna.tsinghua.edu.cn-4dc01642fd091eda/generic-array-1.3.5/src/impls.rs:158:53
    |
158 |           impl<T> From<($(impl_tuple!(@T $t),)*)> for GenericArray<T, $len> {
    |                                                       ^^^^^^^^^^^^^^^^^^^^^
...
178 | / impl_tuple! {
179 | |     consts::U1  => (A,);
180 | |     consts::U2  => (A,B,);
181 | |     consts::U3  => (A,B,C,);
...   |
190 | |     consts::U12 => (A,B,C,D,E,F,G,H,I,J,K,L,);
191 | | }
    | |_- in this macro invocation
    |
    = help: consider increasing the recursion limit by adding a `#![recursion_limit = "256"]` attribute to your crate (`generic_array`)
note: required by a bound in `From`
   --> /home/adwin/.rustup/toolchains/nightly-x86_64-unknown-linux-gnu/lib/rustlib/src/rust/library/core/src/convert/mod.rs:587:26
    |
587 | pub const trait From<T>: Sized {
    |                          ^^^^^ required by this bound in `From`
    = note: this error originates in the macro `impl_tuple` (in Nightly builds, run with -Z macro-backtrace for more info)

error[E0275]: overflow evaluating the requirement `GenericArray<T, UInt<UInt<UInt<UInt<UTerm, ...>, ...>, ...>, ...>> well-formed`
   --> /home/adwin/.cargo/registry/src/mirrors.tuna.tsinghua.edu.cn-4dc01642fd091eda/generic-array-1.3.5/src/impls.rs:158:53
    |
158 |           impl<T> From<($(impl_tuple!(@T $t),)*)> for GenericArray<T, $len> {
    |                                                       ^^^^^^^^^^^^^^^^^^^^^
...
178 | / impl_tuple! {
179 | |     consts::U1  => (A,);
180 | |     consts::U2  => (A,B,);
181 | |     consts::U3  => (A,B,C,);
...   |
190 | |     consts::U12 => (A,B,C,D,E,F,G,H,I,J,K,L,);
191 | | }
    | |_- in this macro invocation
    |
    = help: consider increasing the recursion limit by adding a `#![recursion_limit = "256"]` attribute to your crate (`generic_array`)
    = note: this error originates in the macro `impl_tuple` (in Nightly builds, run with -Z macro-backtrace for more info)

error[E0275]: overflow evaluating the requirement `GenericArray<T, UInt<UInt<UInt<UInt<UTerm, ...>, ...>, ...>, ...>> well-formed`
   --> /home/adwin/.cargo/registry/src/mirrors.tuna.tsinghua.edu.cn-4dc01642fd091eda/generic-array-1.3.5/src/impls.rs:170:13
    |
170 |               fn from(array: GenericArray<T, $len>) -> Self {
    |               ^^^^^^^^^^^^^^^^^^^^^^^^^^^^^^^^^^^^^^^^^^^^^
...
178 | / impl_tuple! {
179 | |     consts::U1  => (A,);
180 | |     consts::U2  => (A,B,);
181 | |     consts::U3  => (A,B,C,);
...   |
190 | |     consts::U12 => (A,B,C,D,E,F,G,H,I,J,K,L,);
191 | | }
    | |_- in this macro invocation
    |
    = help: consider increasing the recursion limit by adding a `#![recursion_limit = "256"]` attribute to your crate (`generic_array`)
note: the requirement `GenericArray<T, UInt<UInt<UInt<UInt<UTerm, typenum::B1>, B0>, B0>, B0>> well-formed` appears on the `impl`'s associated function `from` but not on the corresponding trait's associated function
   --> /home/adwin/.rustup/toolchains/nightly-x86_64-unknown-linux-gnu/lib/rustlib/src/rust/library/core/src/convert/mod.rs:592:8
    |
587 | pub const trait From<T>: Sized {
    |                 ---- in this trait
...
592 |     fn from(value: T) -> Self;
    |        ^^^^ this trait's associated function doesn't have the requirement `GenericArray<T, UInt<UInt<UInt<UInt<UTerm, typenum::B1>, B0>, B0>, B0>> well-formed`
    = note: this error originates in the macro `impl_tuple` (in Nightly builds, run with -Z macro-backtrace for more info)

error[E0275]: overflow evaluating the requirement `GenericArray<T, UInt<UInt<UInt<UInt<UTerm, ...>, ...>, ...>, ...>>: Sized`
   --> /home/adwin/.cargo/registry/src/mirrors.tuna.tsinghua.edu.cn-4dc01642fd091eda/generic-array-1.3.5/src/impls.rs:167:17
    |
167 |           impl<T> From<GenericArray<T, $len>> for ($(impl_tuple!(@T $t),)*) {
    |                   ^^^^^^^^^^^^^^^^^^^^^^^^^^^
...
178 | / impl_tuple! {
179 | |     consts::U1  => (A,);
180 | |     consts::U2  => (A,B,);
181 | |     consts::U3  => (A,B,C,);
...   |
190 | |     consts::U12 => (A,B,C,D,E,F,G,H,I,J,K,L,);
191 | | }
    | |_- in this macro invocation
    |
    = help: consider increasing the recursion limit by adding a `#![recursion_limit = "256"]` attribute to your crate (`generic_array`)
note: required by an implicit `Sized` bound in `From`
   --> /home/adwin/.rustup/toolchains/nightly-x86_64-unknown-linux-gnu/lib/rustlib/src/rust/library/core/src/convert/mod.rs:587:22
    |
587 | pub const trait From<T>: Sized {
    |                      ^ required by the implicit `Sized` requirement on this type parameter in `From`
    = note: this error originates in the macro `impl_tuple` (in Nightly builds, run with -Z macro-backtrace for more info)

error[E0275]: overflow evaluating the requirement `GenericArray<T, UInt<UInt<UInt<UInt<UTerm, ...>, ...>, ...>, ...>> well-formed`
   --> /home/adwin/.cargo/registry/src/mirrors.tuna.tsinghua.edu.cn-4dc01642fd091eda/generic-array-1.3.5/src/impls.rs:167:17
    |
167 |           impl<T> From<GenericArray<T, $len>> for ($(impl_tuple!(@T $t),)*) {
    |                   ^^^^^^^^^^^^^^^^^^^^^^^^^^^
...
178 | / impl_tuple! {
179 | |     consts::U1  => (A,);
180 | |     consts::U2  => (A,B,);
181 | |     consts::U3  => (A,B,C,);
...   |
190 | |     consts::U12 => (A,B,C,D,E,F,G,H,I,J,K,L,);
191 | | }
    | |_- in this macro invocation
    |
    = help: consider increasing the recursion limit by adding a `#![recursion_limit = "256"]` attribute to your crate (`generic_array`)
    = note: this error originates in the macro `impl_tuple` (in Nightly builds, run with -Z macro-backtrace for more info)

error[E0275]: overflow evaluating the requirement `GenericArray<T, UInt<UInt<UInt<UInt<UTerm, ...>, ...>, ...>, ...>> well-formed`
   --> /home/adwin/.cargo/registry/src/mirrors.tuna.tsinghua.edu.cn-4dc01642fd091eda/generic-array-1.3.5/src/impls.rs:161:13
    |
161 |               fn from(tuple: ($(impl_tuple!(@T $t),)*)) -> Self {
    |               ^^^^^^^^^^^^^^^^^^^^^^^^^^^^^^^^^^^^^^^^^^^^^^^^^
...
178 | / impl_tuple! {
179 | |     consts::U1  => (A,);
180 | |     consts::U2  => (A,B,);
181 | |     consts::U3  => (A,B,C,);
...   |
190 | |     consts::U12 => (A,B,C,D,E,F,G,H,I,J,K,L,);
191 | | }
    | |_- in this macro invocation
    |
    = help: consider increasing the recursion limit by adding a `#![recursion_limit = "256"]` attribute to your crate (`generic_array`)
note: the requirement `GenericArray<T, UInt<UInt<UInt<UInt<UTerm, typenum::B1>, B0>, B0>, typenum::B1>> well-formed` appears on the `impl`'s associated function `from` but not on the corresponding trait's associated function
   --> /home/adwin/.rustup/toolchains/nightly-x86_64-unknown-linux-gnu/lib/rustlib/src/rust/library/core/src/convert/mod.rs:592:8
    |
587 | pub const trait From<T>: Sized {
    |                 ---- in this trait
...
592 |     fn from(value: T) -> Self;
    |        ^^^^ this trait's associated function doesn't have the requirement `GenericArray<T, UInt<UInt<UInt<UInt<UTerm, typenum::B1>, B0>, B0>, typenum::B1>> well-formed`
    = note: this error originates in the macro `impl_tuple` (in Nightly builds, run with -Z macro-backtrace for more info)

error[E0275]: overflow evaluating the requirement `GenericArray<T, UInt<UInt<UInt<UInt<UTerm, ...>, ...>, ...>, ...>> well-formed`
   --> /home/adwin/.cargo/registry/src/mirrors.tuna.tsinghua.edu.cn-4dc01642fd091eda/generic-array-1.3.5/src/impls.rs:170:13
    |
170 |               fn from(array: GenericArray<T, $len>) -> Self {
    |               ^^^^^^^^^^^^^^^^^^^^^^^^^^^^^^^^^^^^^^^^^^^^^
...
178 | / impl_tuple! {
179 | |     consts::U1  => (A,);
180 | |     consts::U2  => (A,B,);
181 | |     consts::U3  => (A,B,C,);
...   |
190 | |     consts::U12 => (A,B,C,D,E,F,G,H,I,J,K,L,);
191 | | }
    | |_- in this macro invocation
    |
    = help: consider increasing the recursion limit by adding a `#![recursion_limit = "256"]` attribute to your crate (`generic_array`)
note: the requirement `GenericArray<T, UInt<UInt<UInt<UInt<UTerm, typenum::B1>, B0>, B0>, typenum::B1>> well-formed` appears on the `impl`'s associated function `from` but not on the corresponding trait's associated function
   --> /home/adwin/.rustup/toolchains/nightly-x86_64-unknown-linux-gnu/lib/rustlib/src/rust/library/core/src/convert/mod.rs:592:8
    |
587 | pub const trait From<T>: Sized {
    |                 ---- in this trait
...
592 |     fn from(value: T) -> Self;
    |        ^^^^ this trait's associated function doesn't have the requirement `GenericArray<T, UInt<UInt<UInt<UInt<UTerm, typenum::B1>, B0>, B0>, typenum::B1>> well-formed`
    = note: this error originates in the macro `impl_tuple` (in Nightly builds, run with -Z macro-backtrace for more info)

error[E0275]: overflow evaluating the requirement `GenericArray<T, UInt<UInt<UInt<UInt<UTerm, ...>, ...>, ...>, ...>> well-formed`
   --> /home/adwin/.cargo/registry/src/mirrors.tuna.tsinghua.edu.cn-4dc01642fd091eda/generic-array-1.3.5/src/impls.rs:161:13
    |
161 |               fn from(tuple: ($(impl_tuple!(@T $t),)*)) -> Self {
    |               ^^^^^^^^^^^^^^^^^^^^^^^^^^^^^^^^^^^^^^^^^^^^^^^^^
...
178 | / impl_tuple! {
179 | |     consts::U1  => (A,);
180 | |     consts::U2  => (A,B,);
181 | |     consts::U3  => (A,B,C,);
...   |
190 | |     consts::U12 => (A,B,C,D,E,F,G,H,I,J,K,L,);
191 | | }
    | |_- in this macro invocation
    |
    = help: consider increasing the recursion limit by adding a `#![recursion_limit = "256"]` attribute to your crate (`generic_array`)
note: the requirement `GenericArray<T, UInt<UInt<UInt<UInt<UTerm, typenum::B1>, B0>, typenum::B1>, B0>> well-formed` appears on the `impl`'s associated function `from` but not on the corresponding trait's associated function
   --> /home/adwin/.rustup/toolchains/nightly-x86_64-unknown-linux-gnu/lib/rustlib/src/rust/library/core/src/convert/mod.rs:592:8
    |
587 | pub const trait From<T>: Sized {
    |                 ---- in this trait
...
592 |     fn from(value: T) -> Self;
    |        ^^^^ this trait's associated function doesn't have the requirement `GenericArray<T, UInt<UInt<UInt<UInt<UTerm, typenum::B1>, B0>, typenum::B1>, B0>> well-formed`
    = note: this error originates in the macro `impl_tuple` (in Nightly builds, run with -Z macro-backtrace for more info)

error[E0275]: overflow evaluating the requirement `GenericArray<T, UInt<UInt<UInt<UInt<UTerm, ...>, ...>, ...>, ...>> well-formed`
   --> /home/adwin/.cargo/registry/src/mirrors.tuna.tsinghua.edu.cn-4dc01642fd091eda/generic-array-1.3.5/src/impls.rs:170:13
    |
170 |               fn from(array: GenericArray<T, $len>) -> Self {
    |               ^^^^^^^^^^^^^^^^^^^^^^^^^^^^^^^^^^^^^^^^^^^^^
...
178 | / impl_tuple! {
179 | |     consts::U1  => (A,);
180 | |     consts::U2  => (A,B,);
181 | |     consts::U3  => (A,B,C,);
...   |
190 | |     consts::U12 => (A,B,C,D,E,F,G,H,I,J,K,L,);
191 | | }
    | |_- in this macro invocation
    |
    = help: consider increasing the recursion limit by adding a `#![recursion_limit = "256"]` attribute to your crate (`generic_array`)
note: the requirement `GenericArray<T, UInt<UInt<UInt<UInt<UTerm, typenum::B1>, B0>, typenum::B1>, B0>> well-formed` appears on the `impl`'s associated function `from` but not on the corresponding trait's associated function
   --> /home/adwin/.rustup/toolchains/nightly-x86_64-unknown-linux-gnu/lib/rustlib/src/rust/library/core/src/convert/mod.rs:592:8
    |
587 | pub const trait From<T>: Sized {
    |                 ---- in this trait
...
592 |     fn from(value: T) -> Self;
    |        ^^^^ this trait's associated function doesn't have the requirement `GenericArray<T, UInt<UInt<UInt<UInt<UTerm, typenum::B1>, B0>, typenum::B1>, B0>> well-formed`
    = note: this error originates in the macro `impl_tuple` (in Nightly builds, run with -Z macro-backtrace for more info)

error[E0275]: overflow evaluating the requirement `GenericArray<T, UInt<UInt<UInt<UInt<UTerm, ...>, ...>, ...>, ...>> well-formed`
   --> /home/adwin/.cargo/registry/src/mirrors.tuna.tsinghua.edu.cn-4dc01642fd091eda/generic-array-1.3.5/src/impls.rs:161:13
    |
161 |               fn from(tuple: ($(impl_tuple!(@T $t),)*)) -> Self {
    |               ^^^^^^^^^^^^^^^^^^^^^^^^^^^^^^^^^^^^^^^^^^^^^^^^^
...
178 | / impl_tuple! {
179 | |     consts::U1  => (A,);
180 | |     consts::U2  => (A,B,);
181 | |     consts::U3  => (A,B,C,);
...   |
190 | |     consts::U12 => (A,B,C,D,E,F,G,H,I,J,K,L,);
191 | | }
    | |_- in this macro invocation
    |
    = help: consider increasing the recursion limit by adding a `#![recursion_limit = "256"]` attribute to your crate (`generic_array`)
note: the requirement `GenericArray<T, UInt<UInt<UInt<UInt<UTerm, typenum::B1>, B0>, typenum::B1>, typenum::B1>> well-formed` appears on the `impl`'s associated function `from` but not on the corresponding trait's associated function
   --> /home/adwin/.rustup/toolchains/nightly-x86_64-unknown-linux-gnu/lib/rustlib/src/rust/library/core/src/convert/mod.rs:592:8
    |
587 | pub const trait From<T>: Sized {
    |                 ---- in this trait
...
592 |     fn from(value: T) -> Self;
    |        ^^^^ this trait's associated function doesn't have the requirement `GenericArray<T, UInt<UInt<UInt<UInt<UTerm, typenum::B1>, B0>, typenum::B1>, typenum::B1>> well-formed`
    = note: this error originates in the macro `impl_tuple` (in Nightly builds, run with -Z macro-backtrace for more info)

error[E0275]: overflow evaluating the requirement `GenericArray<T, UInt<UInt<UInt<UInt<UTerm, ...>, ...>, ...>, ...>> well-formed`
   --> /home/adwin/.cargo/registry/src/mirrors.tuna.tsinghua.edu.cn-4dc01642fd091eda/generic-array-1.3.5/src/impls.rs:170:13
    |
170 |               fn from(array: GenericArray<T, $len>) -> Self {
    |               ^^^^^^^^^^^^^^^^^^^^^^^^^^^^^^^^^^^^^^^^^^^^^
...
178 | / impl_tuple! {
179 | |     consts::U1  => (A,);
180 | |     consts::U2  => (A,B,);
181 | |     consts::U3  => (A,B,C,);
...   |
190 | |     consts::U12 => (A,B,C,D,E,F,G,H,I,J,K,L,);
191 | | }
    | |_- in this macro invocation
    |
    = help: consider increasing the recursion limit by adding a `#![recursion_limit = "256"]` attribute to your crate (`generic_array`)
note: the requirement `GenericArray<T, UInt<UInt<UInt<UInt<UTerm, typenum::B1>, B0>, typenum::B1>, typenum::B1>> well-formed` appears on the `impl`'s associated function `from` but not on the corresponding trait's associated function
   --> /home/adwin/.rustup/toolchains/nightly-x86_64-unknown-linux-gnu/lib/rustlib/src/rust/library/core/src/convert/mod.rs:592:8
    |
587 | pub const trait From<T>: Sized {
    |                 ---- in this trait
...
592 |     fn from(value: T) -> Self;
    |        ^^^^ this trait's associated function doesn't have the requirement `GenericArray<T, UInt<UInt<UInt<UInt<UTerm, typenum::B1>, B0>, typenum::B1>, typenum::B1>> well-formed`
    = note: this error originates in the macro `impl_tuple` (in Nightly builds, run with -Z macro-backtrace for more info)

error[E0275]: overflow evaluating the requirement `GenericArray<T, UInt<UInt<UInt<UInt<UTerm, ...>, ...>, ...>, ...>> well-formed`
   --> /home/adwin/.cargo/registry/src/mirrors.tuna.tsinghua.edu.cn-4dc01642fd091eda/generic-array-1.3.5/src/impls.rs:161:13
    |
161 |               fn from(tuple: ($(impl_tuple!(@T $t),)*)) -> Self {
    |               ^^^^^^^^^^^^^^^^^^^^^^^^^^^^^^^^^^^^^^^^^^^^^^^^^
...
178 | / impl_tuple! {
179 | |     consts::U1  => (A,);
180 | |     consts::U2  => (A,B,);
181 | |     consts::U3  => (A,B,C,);
...   |
190 | |     consts::U12 => (A,B,C,D,E,F,G,H,I,J,K,L,);
191 | | }
    | |_- in this macro invocation
    |
    = help: consider increasing the recursion limit by adding a `#![recursion_limit = "256"]` attribute to your crate (`generic_array`)
note: the requirement `GenericArray<T, UInt<UInt<UInt<UInt<UTerm, typenum::B1>, typenum::B1>, B0>, B0>> well-formed` appears on the `impl`'s associated function `from` but not on the corresponding trait's associated function
   --> /home/adwin/.rustup/toolchains/nightly-x86_64-unknown-linux-gnu/lib/rustlib/src/rust/library/core/src/convert/mod.rs:592:8
    |
587 | pub const trait From<T>: Sized {
    |                 ---- in this trait
...
592 |     fn from(value: T) -> Self;
    |        ^^^^ this trait's associated function doesn't have the requirement `GenericArray<T, UInt<UInt<UInt<UInt<UTerm, typenum::B1>, typenum::B1>, B0>, B0>> well-formed`
    = note: this error originates in the macro `impl_tuple` (in Nightly builds, run with -Z macro-backtrace for more info)

error[E0275]: overflow evaluating the requirement `GenericArray<T, UInt<UInt<UInt<UInt<UTerm, ...>, ...>, ...>, ...>> well-formed`
   --> /home/adwin/.cargo/registry/src/mirrors.tuna.tsinghua.edu.cn-4dc01642fd091eda/generic-array-1.3.5/src/impls.rs:170:13
    |
170 |               fn from(array: GenericArray<T, $len>) -> Self {
    |               ^^^^^^^^^^^^^^^^^^^^^^^^^^^^^^^^^^^^^^^^^^^^^
...
178 | / impl_tuple! {
179 | |     consts::U1  => (A,);
180 | |     consts::U2  => (A,B,);
181 | |     consts::U3  => (A,B,C,);
...   |
190 | |     consts::U12 => (A,B,C,D,E,F,G,H,I,J,K,L,);
191 | | }
    | |_- in this macro invocation
    |
    = help: consider increasing the recursion limit by adding a `#![recursion_limit = "256"]` attribute to your crate (`generic_array`)
note: the requirement `GenericArray<T, UInt<UInt<UInt<UInt<UTerm, typenum::B1>, typenum::B1>, B0>, B0>> well-formed` appears on the `impl`'s associated function `from` but not on the corresponding trait's associated function
   --> /home/adwin/.rustup/toolchains/nightly-x86_64-unknown-linux-gnu/lib/rustlib/src/rust/library/core/src/convert/mod.rs:592:8
    |
587 | pub const trait From<T>: Sized {
    |                 ---- in this trait
...
592 |     fn from(value: T) -> Self;
    |        ^^^^ this trait's associated function doesn't have the requirement `GenericArray<T, UInt<UInt<UInt<UInt<UTerm, typenum::B1>, typenum::B1>, B0>, B0>> well-formed`
    = note: this error originates in the macro `impl_tuple` (in Nightly builds, run with -Z macro-backtrace for more info)

error[E0275]: overflow evaluating the requirement `<Self as IsLess<<UInt<UTerm, typenum::B1> as Shl<<<... as typenum::ToUInt>::Output as Shl<...>>::Output>>::Output>>::Output == typenum::B1`
    |
    = help: consider increasing the recursion limit by adding a `#![recursion_limit = "256"]` attribute to your crate (`generic_array`)
note: required by a bound in `IsWithinUsizeBound`
   --> /home/adwin/.cargo/registry/src/mirrors.tuna.tsinghua.edu.cn-4dc01642fd091eda/generic-array-1.3.5/src/lib.rs:395:61
    |
395 | trait IsWithinUsizeBound: typenum::IsLess<MaxArrayLengthP1, Output = typenum::consts::True> {}
    |                                                             ^^^^^^^^^^^^^^^^^^^^^^^^^^^^^^ required by this bound in `IsWithinUsizeBound`

error[E0275]: overflow evaluating the requirement `<UInt<UTerm, typenum::B1> as Shl<<<Const<{ mem::size_of::<usize>() }> as typenum::ToUInt>::Output as Shl<...>>::Output>>::Output: Sized`
   --> /home/adwin/.cargo/registry/src/mirrors.tuna.tsinghua.edu.cn-4dc01642fd091eda/generic-array-1.3.5/src/lib.rs:395:27
    |
395 | trait IsWithinUsizeBound: typenum::IsLess<MaxArrayLengthP1, Output = typenum::consts::True> {}
    |                           ^^^^^^^^^^^^^^^^^^^^^^^^^^^^^^^^^^^^^^^^^^^^^^^^^^^^^^^^^^^^^^^^^
    |
    = help: consider increasing the recursion limit by adding a `#![recursion_limit = "256"]` attribute to your crate (`generic_array`)
note: required by an implicit `Sized` bound in `IsLess`
   --> /home/adwin/.cargo/registry/src/mirrors.tuna.tsinghua.edu.cn-4dc01642fd091eda/typenum-1.19.0/src/type_operators.rs:374:18
    |
374 | pub trait IsLess<Rhs = Self> {
    |                  ^^^^^^^^^^ required by the implicit `Sized` requirement on this type parameter in `IsLess`

error[E0275]: overflow evaluating the requirement `<UInt<UTerm, typenum::B1> as Shl<<<Const<{ mem::size_of::<usize>() }> as typenum::ToUInt>::Output as Shl<...>>::Output>>::Output: Sized`
   --> /home/adwin/.cargo/registry/src/mirrors.tuna.tsinghua.edu.cn-4dc01642fd091eda/generic-array-1.3.5/src/lib.rs:395:61
    |
395 | trait IsWithinUsizeBound: typenum::IsLess<MaxArrayLengthP1, Output = typenum::consts::True> {}
    |                                                             ^^^^^^^^^^^^^^^^^^^^^^^^^^^^^^
    |
    = help: consider increasing the recursion limit by adding a `#![recursion_limit = "256"]` attribute to your crate (`generic_array`)
note: required by an implicit `Sized` bound in `IsLess`
   --> /home/adwin/.cargo/registry/src/mirrors.tuna.tsinghua.edu.cn-4dc01642fd091eda/typenum-1.19.0/src/type_operators.rs:374:18
    |
374 | pub trait IsLess<Rhs = Self> {
    |                  ^^^^^^^^^^ required by the implicit `Sized` requirement on this type parameter in `IsLess`

error[E0275]: overflow evaluating the requirement `<UInt<UTerm, typenum::B1> as Shl<<<Const<{ mem::size_of::<usize>() }> as typenum::ToUInt>::Output as Shl<...>>::Output>>::Output well-formed`
   --> /home/adwin/.cargo/registry/src/mirrors.tuna.tsinghua.edu.cn-4dc01642fd091eda/generic-array-1.3.5/src/lib.rs:395:27
    |
395 | trait IsWithinUsizeBound: typenum::IsLess<MaxArrayLengthP1, Output = typenum::consts::True> {}
    |                           ^^^^^^^^^^^^^^^^^^^^^^^^^^^^^^^^^^^^^^^^^^^^^^^^^^^^^^^^^^^^^^^^^
    |
    = help: consider increasing the recursion limit by adding a `#![recursion_limit = "256"]` attribute to your crate (`generic_array`)

error[E0275]: overflow evaluating the requirement `<UInt<UTerm, typenum::B1> as Shl<<<Const<{ mem::size_of::<usize>() }> as typenum::ToUInt>::Output as Shl<...>>::Output>>::Output well-formed`
   --> /home/adwin/.cargo/registry/src/mirrors.tuna.tsinghua.edu.cn-4dc01642fd091eda/generic-array-1.3.5/src/lib.rs:395:61
    |
395 | trait IsWithinUsizeBound: typenum::IsLess<MaxArrayLengthP1, Output = typenum::consts::True> {}
    |                                                             ^^^^^^^^^^^^^^^^^^^^^^^^^^^^^^
    |
    = help: consider increasing the recursion limit by adding a `#![recursion_limit = "256"]` attribute to your crate (`generic_array`)

error[E0275]: overflow evaluating the requirement `N: IsWithinUsizeBound`
   --> /home/adwin/.cargo/registry/src/mirrors.tuna.tsinghua.edu.cn-4dc01642fd091eda/generic-array-1.3.5/src/lib.rs:397:32
    |
397 | impl<N> IsWithinUsizeBound for N where
    |                                ^
    |
    = help: consider increasing the recursion limit by adding a `#![recursion_limit = "256"]` attribute to your crate (`generic_array`)

error[E0275]: overflow evaluating the requirement `<UInt<UTerm, typenum::B1> as Shl<<<Const<{ mem::size_of::<usize>() }> as typenum::ToUInt>::Output as Shl<...>>::Output>>::Output: Sized`
   --> /home/adwin/.cargo/registry/src/mirrors.tuna.tsinghua.edu.cn-4dc01642fd091eda/generic-array-1.3.5/src/lib.rs:398:42
    |
398 |     N: typenum::IsLess<MaxArrayLengthP1, Output = typenum::consts::True>
    |                                          ^^^^^^^^^^^^^^^^^^^^^^^^^^^^^^
    |
    = help: consider increasing the recursion limit by adding a `#![recursion_limit = "256"]` attribute to your crate (`generic_array`)
note: required by an implicit `Sized` bound in `IsLess`
   --> /home/adwin/.cargo/registry/src/mirrors.tuna.tsinghua.edu.cn-4dc01642fd091eda/typenum-1.19.0/src/type_operators.rs:374:18
    |
374 | pub trait IsLess<Rhs = Self> {
    |                  ^^^^^^^^^^ required by the implicit `Sized` requirement on this type parameter in `IsLess`

error[E0275]: overflow evaluating the requirement `<UInt<UTerm, typenum::B1> as Shl<<<Const<{ mem::size_of::<usize>() }> as typenum::ToUInt>::Output as Shl<...>>::Output>>::Output: Sized`
   --> /home/adwin/.cargo/registry/src/mirrors.tuna.tsinghua.edu.cn-4dc01642fd091eda/generic-array-1.3.5/src/lib.rs:398:8
    |
398 |     N: typenum::IsLess<MaxArrayLengthP1, Output = typenum::consts::True>
    |        ^^^^^^^^^^^^^^^^^^^^^^^^^^^^^^^^^^^^^^^^^^^^^^^^^^^^^^^^^^^^^^^^^
    |
    = help: consider increasing the recursion limit by adding a `#![recursion_limit = "256"]` attribute to your crate (`generic_array`)
note: required by an implicit `Sized` bound in `IsLess`
   --> /home/adwin/.cargo/registry/src/mirrors.tuna.tsinghua.edu.cn-4dc01642fd091eda/typenum-1.19.0/src/type_operators.rs:374:18
    |
374 | pub trait IsLess<Rhs = Self> {
    |                  ^^^^^^^^^^ required by the implicit `Sized` requirement on this type parameter in `IsLess`

error[E0275]: overflow evaluating the requirement `<UInt<UTerm, typenum::B1> as Shl<<<Const<{ mem::size_of::<usize>() }> as typenum::ToUInt>::Output as Shl<...>>::Output>>::Output well-formed`
   --> /home/adwin/.cargo/registry/src/mirrors.tuna.tsinghua.edu.cn-4dc01642fd091eda/generic-array-1.3.5/src/lib.rs:398:42
    |
398 |     N: typenum::IsLess<MaxArrayLengthP1, Output = typenum::consts::True>
    |                                          ^^^^^^^^^^^^^^^^^^^^^^^^^^^^^^
    |
    = help: consider increasing the recursion limit by adding a `#![recursion_limit = "256"]` attribute to your crate (`generic_array`)

error[E0275]: overflow evaluating the requirement `<UInt<UTerm, typenum::B1> as Shl<<<Const<{ mem::size_of::<usize>() }> as typenum::ToUInt>::Output as Shl<...>>::Output>>::Output well-formed`
   --> /home/adwin/.cargo/registry/src/mirrors.tuna.tsinghua.edu.cn-4dc01642fd091eda/generic-array-1.3.5/src/lib.rs:398:8
    |
398 |     N: typenum::IsLess<MaxArrayLengthP1, Output = typenum::consts::True>
    |        ^^^^^^^^^^^^^^^^^^^^^^^^^^^^^^^^^^^^^^^^^^^^^^^^^^^^^^^^^^^^^^^^^
    |
    = help: consider increasing the recursion limit by adding a `#![recursion_limit = "256"]` attribute to your crate (`generic_array`)

   Compiling proc-macro-error-attr2 v2.0.0
error[E0275]: overflow evaluating the requirement `<UInt<N, B0> as IsLess<<UInt<UTerm, typenum::B1> as Shl<...>>::Output>>::Output == typenum::B1`
   --> /home/adwin/.cargo/registry/src/mirrors.tuna.tsinghua.edu.cn-4dc01642fd091eda/generic-array-1.3.5/src/lib.rs:404:11
    |
404 |     Self: IsWithinUsizeBound,
    |           ^^^^^^^^^^^^^^^^^^
    |
    = help: consider increasing the recursion limit by adding a `#![recursion_limit = "256"]` attribute to your crate (`generic_array`)
note: required by a bound in `IsWithinUsizeBound`
   --> /home/adwin/.cargo/registry/src/mirrors.tuna.tsinghua.edu.cn-4dc01642fd091eda/generic-array-1.3.5/src/lib.rs:395:61
    |
395 | trait IsWithinUsizeBound: typenum::IsLess<MaxArrayLengthP1, Output = typenum::consts::True> {}
    |                                                             ^^^^^^^^^^^^^^^^^^^^^^^^^^^^^^ required by this bound in `IsWithinUsizeBound`

error[E0275]: overflow evaluating the requirement `<UInt<N, typenum::B1> as IsLess<<UInt<UTerm, typenum::B1> as Shl<...>>::Output>>::Output == typenum::B1`
   --> /home/adwin/.cargo/registry/src/mirrors.tuna.tsinghua.edu.cn-4dc01642fd091eda/generic-array-1.3.5/src/lib.rs:412:11
    |
412 |     Self: IsWithinUsizeBound,
    |           ^^^^^^^^^^^^^^^^^^
    |
    = help: consider increasing the recursion limit by adding a `#![recursion_limit = "256"]` attribute to your crate (`generic_array`)
note: required by a bound in `IsWithinUsizeBound`
   --> /home/adwin/.cargo/registry/src/mirrors.tuna.tsinghua.edu.cn-4dc01642fd091eda/generic-array-1.3.5/src/lib.rs:395:61
    |
395 | trait IsWithinUsizeBound: typenum::IsLess<MaxArrayLengthP1, Output = typenum::consts::True> {}
    |                                                             ^^^^^^^^^^^^^^^^^^^^^^^^^^^^^^ required by this bound in `IsWithinUsizeBound`

error[E0275]: overflow evaluating the requirement `GenericArray<T, UInt<UTerm, typenum::B1>>: Sized`
   --> /home/adwin/.cargo/registry/src/mirrors.tuna.tsinghua.edu.cn-4dc01642fd091eda/generic-array-1.3.5/src/impls.rs:161:58
    |
161 |               fn from(tuple: ($(impl_tuple!(@T $t),)*)) -> Self {
    |                                                            ^^^^
...
178 | / impl_tuple! {
179 | |     consts::U1  => (A,);
180 | |     consts::U2  => (A,B,);
181 | |     consts::U3  => (A,B,C,);
...   |
190 | |     consts::U12 => (A,B,C,D,E,F,G,H,I,J,K,L,);
191 | | }
    | |_- in this macro invocation
    |
    = help: consider increasing the recursion limit by adding a `#![recursion_limit = "256"]` attribute to your crate (`generic_array`)
    = note: the return type of a function must have a statically known size
    = note: this error originates in the macro `impl_tuple` (in Nightly builds, run with -Z macro-backtrace for more info)

error[E0275]: overflow evaluating the requirement `GenericArray<T, UInt<UTerm, typenum::B1>> well-formed`
   --> /home/adwin/.cargo/registry/src/mirrors.tuna.tsinghua.edu.cn-4dc01642fd091eda/generic-array-1.3.5/src/impls.rs:161:58
    |
161 |               fn from(tuple: ($(impl_tuple!(@T $t),)*)) -> Self {
    |                                                            ^^^^
...
178 | / impl_tuple! {
179 | |     consts::U1  => (A,);
180 | |     consts::U2  => (A,B,);
181 | |     consts::U3  => (A,B,C,);
...   |
190 | |     consts::U12 => (A,B,C,D,E,F,G,H,I,J,K,L,);
191 | | }
    | |_- in this macro invocation
    |
    = help: consider increasing the recursion limit by adding a `#![recursion_limit = "256"]` attribute to your crate (`generic_array`)
    = note: this error originates in the macro `impl_tuple` (in Nightly builds, run with -Z macro-backtrace for more info)

error[E0275]: overflow evaluating the requirement `GenericArray<T, UInt<UTerm, typenum::B1>> well-formed`
   --> /home/adwin/.cargo/registry/src/mirrors.tuna.tsinghua.edu.cn-4dc01642fd091eda/generic-array-1.3.5/src/impls.rs:170:28
    |
170 |               fn from(array: GenericArray<T, $len>) -> Self {
    |                              ^^^^^^^^^^^^^^^^^^^^^
...
178 | / impl_tuple! {
179 | |     consts::U1  => (A,);
180 | |     consts::U2  => (A,B,);
181 | |     consts::U3  => (A,B,C,);
...   |
190 | |     consts::U12 => (A,B,C,D,E,F,G,H,I,J,K,L,);
191 | | }
    | |_- in this macro invocation
    |
    = help: consider increasing the recursion limit by adding a `#![recursion_limit = "256"]` attribute to your crate (`generic_array`)
    = note: this error originates in the macro `impl_tuple` (in Nightly builds, run with -Z macro-backtrace for more info)

error[E0275]: overflow evaluating the requirement `GenericArray<T, UInt<UInt<UTerm, typenum::B1>, B0>>: Sized`
   --> /home/adwin/.cargo/registry/src/mirrors.tuna.tsinghua.edu.cn-4dc01642fd091eda/generic-array-1.3.5/src/impls.rs:161:58
    |
161 |               fn from(tuple: ($(impl_tuple!(@T $t),)*)) -> Self {
    |                                                            ^^^^
...
178 | / impl_tuple! {
179 | |     consts::U1  => (A,);
180 | |     consts::U2  => (A,B,);
181 | |     consts::U3  => (A,B,C,);
...   |
190 | |     consts::U12 => (A,B,C,D,E,F,G,H,I,J,K,L,);
191 | | }
    | |_- in this macro invocation
    |
    = help: consider increasing the recursion limit by adding a `#![recursion_limit = "256"]` attribute to your crate (`generic_array`)
    = note: the return type of a function must have a statically known size
    = note: this error originates in the macro `impl_tuple` (in Nightly builds, run with -Z macro-backtrace for more info)

error[E0275]: overflow evaluating the requirement `GenericArray<T, UInt<UInt<UTerm, typenum::B1>, B0>> well-formed`
   --> /home/adwin/.cargo/registry/src/mirrors.tuna.tsinghua.edu.cn-4dc01642fd091eda/generic-array-1.3.5/src/impls.rs:161:58
    |
161 |               fn from(tuple: ($(impl_tuple!(@T $t),)*)) -> Self {
    |                                                            ^^^^
...
178 | / impl_tuple! {
179 | |     consts::U1  => (A,);
180 | |     consts::U2  => (A,B,);
181 | |     consts::U3  => (A,B,C,);
...   |
190 | |     consts::U12 => (A,B,C,D,E,F,G,H,I,J,K,L,);
191 | | }
    | |_- in this macro invocation
    |
    = help: consider increasing the recursion limit by adding a `#![recursion_limit = "256"]` attribute to your crate (`generic_array`)
    = note: this error originates in the macro `impl_tuple` (in Nightly builds, run with -Z macro-backtrace for more info)

error[E0275]: overflow evaluating the requirement `GenericArray<T, UInt<UInt<UTerm, typenum::B1>, B0>> well-formed`
   --> /home/adwin/.cargo/registry/src/mirrors.tuna.tsinghua.edu.cn-4dc01642fd091eda/generic-array-1.3.5/src/impls.rs:170:28
    |
170 |               fn from(array: GenericArray<T, $len>) -> Self {
    |                              ^^^^^^^^^^^^^^^^^^^^^
...
178 | / impl_tuple! {
179 | |     consts::U1  => (A,);
180 | |     consts::U2  => (A,B,);
181 | |     consts::U3  => (A,B,C,);
...   |
190 | |     consts::U12 => (A,B,C,D,E,F,G,H,I,J,K,L,);
191 | | }
    | |_- in this macro invocation
    |
    = help: consider increasing the recursion limit by adding a `#![recursion_limit = "256"]` attribute to your crate (`generic_array`)
    = note: this error originates in the macro `impl_tuple` (in Nightly builds, run with -Z macro-backtrace for more info)

error[E0275]: overflow evaluating the requirement `GenericArray<T, UInt<UInt<UTerm, typenum::B1>, typenum::B1>>: Sized`
   --> /home/adwin/.cargo/registry/src/mirrors.tuna.tsinghua.edu.cn-4dc01642fd091eda/generic-array-1.3.5/src/impls.rs:161:58
    |
161 |               fn from(tuple: ($(impl_tuple!(@T $t),)*)) -> Self {
    |                                                            ^^^^
...
178 | / impl_tuple! {
179 | |     consts::U1  => (A,);
180 | |     consts::U2  => (A,B,);
181 | |     consts::U3  => (A,B,C,);
...   |
190 | |     consts::U12 => (A,B,C,D,E,F,G,H,I,J,K,L,);
191 | | }
    | |_- in this macro invocation
    |
    = help: consider increasing the recursion limit by adding a `#![recursion_limit = "256"]` attribute to your crate (`generic_array`)
    = note: the return type of a function must have a statically known size
    = note: this error originates in the macro `impl_tuple` (in Nightly builds, run with -Z macro-backtrace for more info)

error[E0275]: overflow evaluating the requirement `GenericArray<T, UInt<UInt<UTerm, typenum::B1>, typenum::B1>> well-formed`
   --> /home/adwin/.cargo/registry/src/mirrors.tuna.tsinghua.edu.cn-4dc01642fd091eda/generic-array-1.3.5/src/impls.rs:161:58
    |
161 |               fn from(tuple: ($(impl_tuple!(@T $t),)*)) -> Self {
    |                                                            ^^^^
...
178 | / impl_tuple! {
179 | |     consts::U1  => (A,);
180 | |     consts::U2  => (A,B,);
181 | |     consts::U3  => (A,B,C,);
...   |
190 | |     consts::U12 => (A,B,C,D,E,F,G,H,I,J,K,L,);
191 | | }
    | |_- in this macro invocation
    |
    = help: consider increasing the recursion limit by adding a `#![recursion_limit = "256"]` attribute to your crate (`generic_array`)
    = note: this error originates in the macro `impl_tuple` (in Nightly builds, run with -Z macro-backtrace for more info)

error[E0275]: overflow evaluating the requirement `GenericArray<T, UInt<UInt<UTerm, typenum::B1>, typenum::B1>> well-formed`
   --> /home/adwin/.cargo/registry/src/mirrors.tuna.tsinghua.edu.cn-4dc01642fd091eda/generic-array-1.3.5/src/impls.rs:170:28
    |
170 |               fn from(array: GenericArray<T, $len>) -> Self {
    |                              ^^^^^^^^^^^^^^^^^^^^^
...
178 | / impl_tuple! {
179 | |     consts::U1  => (A,);
180 | |     consts::U2  => (A,B,);
181 | |     consts::U3  => (A,B,C,);
...   |
190 | |     consts::U12 => (A,B,C,D,E,F,G,H,I,J,K,L,);
191 | | }
    | |_- in this macro invocation
    |
    = help: consider increasing the recursion limit by adding a `#![recursion_limit = "256"]` attribute to your crate (`generic_array`)
    = note: this error originates in the macro `impl_tuple` (in Nightly builds, run with -Z macro-backtrace for more info)

error[E0275]: overflow evaluating the requirement `GenericArray<T, UInt<UInt<UInt<UTerm, typenum::B1>, ...>, ...>>: Sized`
   --> /home/adwin/.cargo/registry/src/mirrors.tuna.tsinghua.edu.cn-4dc01642fd091eda/generic-array-1.3.5/src/impls.rs:161:58
    |
161 |               fn from(tuple: ($(impl_tuple!(@T $t),)*)) -> Self {
    |                                                            ^^^^
...
178 | / impl_tuple! {
179 | |     consts::U1  => (A,);
180 | |     consts::U2  => (A,B,);
181 | |     consts::U3  => (A,B,C,);
...   |
190 | |     consts::U12 => (A,B,C,D,E,F,G,H,I,J,K,L,);
191 | | }
    | |_- in this macro invocation
    |
    = help: consider increasing the recursion limit by adding a `#![recursion_limit = "256"]` attribute to your crate (`generic_array`)
    = note: the return type of a function must have a statically known size
    = note: this error originates in the macro `impl_tuple` (in Nightly builds, run with -Z macro-backtrace for more info)

error[E0275]: overflow evaluating the requirement `GenericArray<T, UInt<UInt<UInt<UTerm, typenum::B1>, ...>, ...>> well-formed`
   --> /home/adwin/.cargo/registry/src/mirrors.tuna.tsinghua.edu.cn-4dc01642fd091eda/generic-array-1.3.5/src/impls.rs:161:58
    |
161 |               fn from(tuple: ($(impl_tuple!(@T $t),)*)) -> Self {
    |                                                            ^^^^
...
178 | / impl_tuple! {
179 | |     consts::U1  => (A,);
180 | |     consts::U2  => (A,B,);
181 | |     consts::U3  => (A,B,C,);
...   |
190 | |     consts::U12 => (A,B,C,D,E,F,G,H,I,J,K,L,);
191 | | }
    | |_- in this macro invocation
    |
    = help: consider increasing the recursion limit by adding a `#![recursion_limit = "256"]` attribute to your crate (`generic_array`)
    = note: this error originates in the macro `impl_tuple` (in Nightly builds, run with -Z macro-backtrace for more info)

error[E0275]: overflow evaluating the requirement `GenericArray<T, UInt<UInt<UInt<UTerm, typenum::B1>, ...>, ...>> well-formed`
   --> /home/adwin/.cargo/registry/src/mirrors.tuna.tsinghua.edu.cn-4dc01642fd091eda/generic-array-1.3.5/src/impls.rs:170:28
    |
170 |               fn from(array: GenericArray<T, $len>) -> Self {
    |                              ^^^^^^^^^^^^^^^^^^^^^
...
178 | / impl_tuple! {
179 | |     consts::U1  => (A,);
180 | |     consts::U2  => (A,B,);
181 | |     consts::U3  => (A,B,C,);
...   |
190 | |     consts::U12 => (A,B,C,D,E,F,G,H,I,J,K,L,);
191 | | }
    | |_- in this macro invocation
    |
    = help: consider increasing the recursion limit by adding a `#![recursion_limit = "256"]` attribute to your crate (`generic_array`)
    = note: this error originates in the macro `impl_tuple` (in Nightly builds, run with -Z macro-backtrace for more info)

error[E0275]: overflow evaluating the requirement `GenericArray<T, UInt<UInt<UInt<UInt<UTerm, ...>, ...>, ...>, ...>>: Sized`
   --> /home/adwin/.cargo/registry/src/mirrors.tuna.tsinghua.edu.cn-4dc01642fd091eda/generic-array-1.3.5/src/impls.rs:161:58
    |
161 |               fn from(tuple: ($(impl_tuple!(@T $t),)*)) -> Self {
    |                                                            ^^^^
...
178 | / impl_tuple! {
179 | |     consts::U1  => (A,);
180 | |     consts::U2  => (A,B,);
181 | |     consts::U3  => (A,B,C,);
...   |
190 | |     consts::U12 => (A,B,C,D,E,F,G,H,I,J,K,L,);
191 | | }
    | |_- in this macro invocation
    |
    = help: consider increasing the recursion limit by adding a `#![recursion_limit = "256"]` attribute to your crate (`generic_array`)
    = note: the return type of a function must have a statically known size
    = note: this error originates in the macro `impl_tuple` (in Nightly builds, run with -Z macro-backtrace for more info)

error[E0275]: overflow evaluating the requirement `GenericArray<T, UInt<UInt<UInt<UInt<UTerm, ...>, ...>, ...>, ...>> well-formed`
   --> /home/adwin/.cargo/registry/src/mirrors.tuna.tsinghua.edu.cn-4dc01642fd091eda/generic-array-1.3.5/src/impls.rs:161:58
    |
161 |               fn from(tuple: ($(impl_tuple!(@T $t),)*)) -> Self {
    |                                                            ^^^^
...
178 | / impl_tuple! {
179 | |     consts::U1  => (A,);
180 | |     consts::U2  => (A,B,);
181 | |     consts::U3  => (A,B,C,);
...   |
190 | |     consts::U12 => (A,B,C,D,E,F,G,H,I,J,K,L,);
191 | | }
    | |_- in this macro invocation
    |
    = help: consider increasing the recursion limit by adding a `#![recursion_limit = "256"]` attribute to your crate (`generic_array`)
    = note: this error originates in the macro `impl_tuple` (in Nightly builds, run with -Z macro-backtrace for more info)

error[E0275]: overflow evaluating the requirement `GenericArray<T, UInt<UInt<UInt<UInt<UTerm, ...>, ...>, ...>, ...>> well-formed`
   --> /home/adwin/.cargo/registry/src/mirrors.tuna.tsinghua.edu.cn-4dc01642fd091eda/generic-array-1.3.5/src/impls.rs:170:28
    |
170 |               fn from(array: GenericArray<T, $len>) -> Self {
    |                              ^^^^^^^^^^^^^^^^^^^^^
...
178 | / impl_tuple! {
179 | |     consts::U1  => (A,);
180 | |     consts::U2  => (A,B,);
181 | |     consts::U3  => (A,B,C,);
...   |
190 | |     consts::U12 => (A,B,C,D,E,F,G,H,I,J,K,L,);
191 | | }
    | |_- in this macro invocation
    |
    = help: consider increasing the recursion limit by adding a `#![recursion_limit = "256"]` attribute to your crate (`generic_array`)
    = note: this error originates in the macro `impl_tuple` (in Nightly builds, run with -Z macro-backtrace for more info)

error[E0275]: overflow evaluating the requirement `UInt<UTerm, typenum::B1>: ArrayLength`
   --> /home/adwin/.cargo/registry/src/mirrors.tuna.tsinghua.edu.cn-4dc01642fd091eda/generic-array-1.3.5/src/impls.rs:163:17
    |
163 |                   GenericArray::from_array([$($t,)*])
    |                   ^^^^^^^^^^^^^^^^^^^^^^^^^^^^^^^^^^^
...
178 | / impl_tuple! {
179 | |     consts::U1  => (A,);
180 | |     consts::U2  => (A,B,);
181 | |     consts::U3  => (A,B,C,);
...   |
190 | |     consts::U12 => (A,B,C,D,E,F,G,H,I,J,K,L,);
191 | | }
    | |_- in this macro invocation
    |
    = help: consider increasing the recursion limit by adding a `#![recursion_limit = "256"]` attribute to your crate (`generic_array`)
note: required by a bound in `GenericArray::<T, N>::from_array`
   --> /home/adwin/.cargo/registry/src/mirrors.tuna.tsinghua.edu.cn-4dc01642fd091eda/generic-array-1.3.5/src/lib.rs:773:12
    |
773 | impl<T, N: ArrayLength> GenericArray<T, N> {
    |            ^^^^^^^^^^^ required by this bound in `GenericArray::<T, N>::from_array`
...
940 |     pub const fn from_array<const U: usize>(value: [T; U]) -> Self
    |                  ---------- required by a bound in this associated function
    = note: this error originates in the macro `impl_tuple` (in Nightly builds, run with -Z macro-backtrace for more info)

error[E0275]: overflow evaluating the requirement `Const<1>: IntoArrayLength`
   --> /home/adwin/.cargo/registry/src/mirrors.tuna.tsinghua.edu.cn-4dc01642fd091eda/generic-array-1.3.5/src/impls.rs:163:17
    |
163 |                   GenericArray::from_array([$($t,)*])
    |                   ^^^^^^^^^^^^^^^^^^^^^^^^^^^^^^^^^^^
...
178 | / impl_tuple! {
179 | |     consts::U1  => (A,);
180 | |     consts::U2  => (A,B,);
181 | |     consts::U3  => (A,B,C,);
...   |
190 | |     consts::U12 => (A,B,C,D,E,F,G,H,I,J,K,L,);
191 | | }
    | |_- in this macro invocation
    |
    = help: consider increasing the recursion limit by adding a `#![recursion_limit = "256"]` attribute to your crate (`generic_array`)
note: required by a bound in `GenericArray::<T, N>::from_array`
   --> /home/adwin/.cargo/registry/src/mirrors.tuna.tsinghua.edu.cn-4dc01642fd091eda/generic-array-1.3.5/src/lib.rs:942:19
    |
940 |     pub const fn from_array<const U: usize>(value: [T; U]) -> Self
    |                  ---------- required by a bound in this associated function
941 |     where
942 |         Const<U>: IntoArrayLength<ArrayLength = N>,
    |                   ^^^^^^^^^^^^^^^^^^^^^^^^^^^^^^^^ required by this bound in `GenericArray::<T, N>::from_array`
    = note: this error originates in the macro `impl_tuple` (in Nightly builds, run with -Z macro-backtrace for more info)

error[E0275]: overflow evaluating the requirement `<Const<1> as IntoArrayLength>::ArrayLength == UInt<UTerm, typenum::B1>`
   --> /home/adwin/.cargo/registry/src/mirrors.tuna.tsinghua.edu.cn-4dc01642fd091eda/generic-array-1.3.5/src/impls.rs:163:17
    |
163 |                   GenericArray::from_array([$($t,)*])
    |                   ^^^^^^^^^^^^^^^^^^^^^^^^^^^^^^^^^^^
...
178 | / impl_tuple! {
179 | |     consts::U1  => (A,);
180 | |     consts::U2  => (A,B,);
181 | |     consts::U3  => (A,B,C,);
...   |
190 | |     consts::U12 => (A,B,C,D,E,F,G,H,I,J,K,L,);
191 | | }
    | |_- in this macro invocation
    |
    = help: consider increasing the recursion limit by adding a `#![recursion_limit = "256"]` attribute to your crate (`generic_array`)
note: required by a bound in `GenericArray::<T, N>::from_array`
   --> /home/adwin/.cargo/registry/src/mirrors.tuna.tsinghua.edu.cn-4dc01642fd091eda/generic-array-1.3.5/src/lib.rs:942:35
    |
940 |     pub const fn from_array<const U: usize>(value: [T; U]) -> Self
    |                  ---------- required by a bound in this associated function
941 |     where
942 |         Const<U>: IntoArrayLength<ArrayLength = N>,
    |                                   ^^^^^^^^^^^^^^^ required by this bound in `GenericArray::<T, N>::from_array`
    = note: this error originates in the macro `impl_tuple` (in Nightly builds, run with -Z macro-backtrace for more info)

error[E0275]: overflow evaluating the requirement `GenericArray<T, UInt<UTerm, typenum::B1>>: Sized`
   --> /home/adwin/.cargo/registry/src/mirrors.tuna.tsinghua.edu.cn-4dc01642fd091eda/generic-array-1.3.5/src/impls.rs:163:17
    |
163 |                   GenericArray::from_array([$($t,)*])
    |                   ^^^^^^^^^^^^^^^^^^^^^^^^^^^^^^^^^^^
...
178 | / impl_tuple! {
179 | |     consts::U1  => (A,);
180 | |     consts::U2  => (A,B,);
181 | |     consts::U3  => (A,B,C,);
...   |
190 | |     consts::U12 => (A,B,C,D,E,F,G,H,I,J,K,L,);
191 | | }
    | |_- in this macro invocation
    |
    = help: consider increasing the recursion limit by adding a `#![recursion_limit = "256"]` attribute to your crate (`generic_array`)
    = note: the return type of a function must have a statically known size
    = note: this error originates in the macro `impl_tuple` (in Nightly builds, run with -Z macro-backtrace for more info)

error[E0275]: overflow evaluating the requirement `GenericArray<T, UInt<UTerm, typenum::B1>> well-formed`
   --> /home/adwin/.cargo/registry/src/mirrors.tuna.tsinghua.edu.cn-4dc01642fd091eda/generic-array-1.3.5/src/impls.rs:163:17
    |
163 |                   GenericArray::from_array([$($t,)*])
    |                   ^^^^^^^^^^^^
...
178 | / impl_tuple! {
179 | |     consts::U1  => (A,);
180 | |     consts::U2  => (A,B,);
181 | |     consts::U3  => (A,B,C,);
...   |
190 | |     consts::U12 => (A,B,C,D,E,F,G,H,I,J,K,L,);
191 | | }
    | |_- in this macro invocation
    |
    = help: consider increasing the recursion limit by adding a `#![recursion_limit = "256"]` attribute to your crate (`generic_array`)
    = note: this error originates in the macro `impl_tuple` (in Nightly builds, run with -Z macro-backtrace for more info)

error[E0275]: overflow evaluating the requirement `GenericArray<T, UInt<UTerm, typenum::B1>> well-formed`
   --> /home/adwin/.cargo/registry/src/mirrors.tuna.tsinghua.edu.cn-4dc01642fd091eda/generic-array-1.3.5/src/impls.rs:163:17
    |
163 |                   GenericArray::from_array([$($t,)*])
    |                   ^^^^^^^^^^^^^^^^^^^^^^^^^^^^^^^^^^^
...
178 | / impl_tuple! {
179 | |     consts::U1  => (A,);
180 | |     consts::U2  => (A,B,);
181 | |     consts::U3  => (A,B,C,);
...   |
190 | |     consts::U12 => (A,B,C,D,E,F,G,H,I,J,K,L,);
191 | | }
    | |_- in this macro invocation
    |
    = help: consider increasing the recursion limit by adding a `#![recursion_limit = "256"]` attribute to your crate (`generic_array`)
    = note: this error originates in the macro `impl_tuple` (in Nightly builds, run with -Z macro-backtrace for more info)

error[E0282]: type annotations needed
   --> /home/adwin/.cargo/registry/src/mirrors.tuna.tsinghua.edu.cn-4dc01642fd091eda/generic-array-1.3.5/src/impls.rs:171:33
    |
171 |                   let [$($t),*] = array.into_array();
    |                                   ^^^^^ cannot infer type
...
178 | / impl_tuple! {
179 | |     consts::U1  => (A,);
180 | |     consts::U2  => (A,B,);
181 | |     consts::U3  => (A,B,C,);
...   |
190 | |     consts::U12 => (A,B,C,D,E,F,G,H,I,J,K,L,);
191 | | }
    | |_- in this macro invocation
    |
    = note: this error originates in the macro `impl_tuple` (in Nightly builds, run with -Z macro-backtrace for more info)

error[E0275]: overflow evaluating the requirement `UInt<UInt<UTerm, typenum::B1>, B0>: ArrayLength`
   --> /home/adwin/.cargo/registry/src/mirrors.tuna.tsinghua.edu.cn-4dc01642fd091eda/generic-array-1.3.5/src/impls.rs:163:17
    |
163 |                   GenericArray::from_array([$($t,)*])
    |                   ^^^^^^^^^^^^^^^^^^^^^^^^^^^^^^^^^^^
...
178 | / impl_tuple! {
179 | |     consts::U1  => (A,);
180 | |     consts::U2  => (A,B,);
181 | |     consts::U3  => (A,B,C,);
...   |
190 | |     consts::U12 => (A,B,C,D,E,F,G,H,I,J,K,L,);
191 | | }
    | |_- in this macro invocation
    |
    = help: consider increasing the recursion limit by adding a `#![recursion_limit = "256"]` attribute to your crate (`generic_array`)
note: required by a bound in `GenericArray::<T, N>::from_array`
   --> /home/adwin/.cargo/registry/src/mirrors.tuna.tsinghua.edu.cn-4dc01642fd091eda/generic-array-1.3.5/src/lib.rs:773:12
    |
773 | impl<T, N: ArrayLength> GenericArray<T, N> {
    |            ^^^^^^^^^^^ required by this bound in `GenericArray::<T, N>::from_array`
...
940 |     pub const fn from_array<const U: usize>(value: [T; U]) -> Self
    |                  ---------- required by a bound in this associated function
    = note: this error originates in the macro `impl_tuple` (in Nightly builds, run with -Z macro-backtrace for more info)

error[E0275]: overflow evaluating the requirement `Const<2>: IntoArrayLength`
   --> /home/adwin/.cargo/registry/src/mirrors.tuna.tsinghua.edu.cn-4dc01642fd091eda/generic-array-1.3.5/src/impls.rs:163:17
    |
163 |                   GenericArray::from_array([$($t,)*])
    |                   ^^^^^^^^^^^^^^^^^^^^^^^^^^^^^^^^^^^
...
178 | / impl_tuple! {
179 | |     consts::U1  => (A,);
180 | |     consts::U2  => (A,B,);
181 | |     consts::U3  => (A,B,C,);
...   |
190 | |     consts::U12 => (A,B,C,D,E,F,G,H,I,J,K,L,);
191 | | }
    | |_- in this macro invocation
    |
    = help: consider increasing the recursion limit by adding a `#![recursion_limit = "256"]` attribute to your crate (`generic_array`)
note: required by a bound in `GenericArray::<T, N>::from_array`
   --> /home/adwin/.cargo/registry/src/mirrors.tuna.tsinghua.edu.cn-4dc01642fd091eda/generic-array-1.3.5/src/lib.rs:942:19
    |
940 |     pub const fn from_array<const U: usize>(value: [T; U]) -> Self
    |                  ---------- required by a bound in this associated function
941 |     where
942 |         Const<U>: IntoArrayLength<ArrayLength = N>,
    |                   ^^^^^^^^^^^^^^^^^^^^^^^^^^^^^^^^ required by this bound in `GenericArray::<T, N>::from_array`
    = note: this error originates in the macro `impl_tuple` (in Nightly builds, run with -Z macro-backtrace for more info)

error[E0275]: overflow evaluating the requirement `<Const<2> as IntoArrayLength>::ArrayLength == UInt<UInt<UTerm, typenum::B1>, B0>`
   --> /home/adwin/.cargo/registry/src/mirrors.tuna.tsinghua.edu.cn-4dc01642fd091eda/generic-array-1.3.5/src/impls.rs:163:17
    |
163 |                   GenericArray::from_array([$($t,)*])
    |                   ^^^^^^^^^^^^^^^^^^^^^^^^^^^^^^^^^^^
...
178 | / impl_tuple! {
179 | |     consts::U1  => (A,);
180 | |     consts::U2  => (A,B,);
181 | |     consts::U3  => (A,B,C,);
...   |
190 | |     consts::U12 => (A,B,C,D,E,F,G,H,I,J,K,L,);
191 | | }
    | |_- in this macro invocation
    |
    = help: consider increasing the recursion limit by adding a `#![recursion_limit = "256"]` attribute to your crate (`generic_array`)
note: required by a bound in `GenericArray::<T, N>::from_array`
   --> /home/adwin/.cargo/registry/src/mirrors.tuna.tsinghua.edu.cn-4dc01642fd091eda/generic-array-1.3.5/src/lib.rs:942:35
    |
940 |     pub const fn from_array<const U: usize>(value: [T; U]) -> Self
    |                  ---------- required by a bound in this associated function
941 |     where
942 |         Const<U>: IntoArrayLength<ArrayLength = N>,
    |                                   ^^^^^^^^^^^^^^^ required by this bound in `GenericArray::<T, N>::from_array`
    = note: this error originates in the macro `impl_tuple` (in Nightly builds, run with -Z macro-backtrace for more info)

error[E0275]: overflow evaluating the requirement `GenericArray<T, UInt<UInt<UTerm, typenum::B1>, B0>>: Sized`
   --> /home/adwin/.cargo/registry/src/mirrors.tuna.tsinghua.edu.cn-4dc01642fd091eda/generic-array-1.3.5/src/impls.rs:163:17
    |
163 |                   GenericArray::from_array([$($t,)*])
    |                   ^^^^^^^^^^^^^^^^^^^^^^^^^^^^^^^^^^^
...
178 | / impl_tuple! {
179 | |     consts::U1  => (A,);
180 | |     consts::U2  => (A,B,);
181 | |     consts::U3  => (A,B,C,);
...   |
190 | |     consts::U12 => (A,B,C,D,E,F,G,H,I,J,K,L,);
191 | | }
    | |_- in this macro invocation
    |
    = help: consider increasing the recursion limit by adding a `#![recursion_limit = "256"]` attribute to your crate (`generic_array`)
    = note: the return type of a function must have a statically known size
    = note: this error originates in the macro `impl_tuple` (in Nightly builds, run with -Z macro-backtrace for more info)

error[E0275]: overflow evaluating the requirement `GenericArray<T, UInt<UInt<UTerm, typenum::B1>, B0>> well-formed`
   --> /home/adwin/.cargo/registry/src/mirrors.tuna.tsinghua.edu.cn-4dc01642fd091eda/generic-array-1.3.5/src/impls.rs:163:17
    |
163 |                   GenericArray::from_array([$($t,)*])
    |                   ^^^^^^^^^^^^
...
178 | / impl_tuple! {
179 | |     consts::U1  => (A,);
180 | |     consts::U2  => (A,B,);
181 | |     consts::U3  => (A,B,C,);
...   |
190 | |     consts::U12 => (A,B,C,D,E,F,G,H,I,J,K,L,);
191 | | }
    | |_- in this macro invocation
    |
    = help: consider increasing the recursion limit by adding a `#![recursion_limit = "256"]` attribute to your crate (`generic_array`)
    = note: this error originates in the macro `impl_tuple` (in Nightly builds, run with -Z macro-backtrace for more info)

error[E0275]: overflow evaluating the requirement `GenericArray<T, UInt<UInt<UTerm, typenum::B1>, B0>> well-formed`
   --> /home/adwin/.cargo/registry/src/mirrors.tuna.tsinghua.edu.cn-4dc01642fd091eda/generic-array-1.3.5/src/impls.rs:163:17
    |
163 |                   GenericArray::from_array([$($t,)*])
    |                   ^^^^^^^^^^^^^^^^^^^^^^^^^^^^^^^^^^^
...
178 | / impl_tuple! {
179 | |     consts::U1  => (A,);
180 | |     consts::U2  => (A,B,);
181 | |     consts::U3  => (A,B,C,);
...   |
190 | |     consts::U12 => (A,B,C,D,E,F,G,H,I,J,K,L,);
191 | | }
    | |_- in this macro invocation
    |
    = help: consider increasing the recursion limit by adding a `#![recursion_limit = "256"]` attribute to your crate (`generic_array`)
    = note: this error originates in the macro `impl_tuple` (in Nightly builds, run with -Z macro-backtrace for more info)

error[E0275]: overflow evaluating the requirement `UInt<UInt<UTerm, typenum::B1>, typenum::B1>: ArrayLength`
   --> /home/adwin/.cargo/registry/src/mirrors.tuna.tsinghua.edu.cn-4dc01642fd091eda/generic-array-1.3.5/src/impls.rs:163:17
    |
163 |                   GenericArray::from_array([$($t,)*])
    |                   ^^^^^^^^^^^^^^^^^^^^^^^^^^^^^^^^^^^
...
178 | / impl_tuple! {
179 | |     consts::U1  => (A,);
180 | |     consts::U2  => (A,B,);
181 | |     consts::U3  => (A,B,C,);
...   |
190 | |     consts::U12 => (A,B,C,D,E,F,G,H,I,J,K,L,);
191 | | }
    | |_- in this macro invocation
    |
    = help: consider increasing the recursion limit by adding a `#![recursion_limit = "256"]` attribute to your crate (`generic_array`)
note: required by a bound in `GenericArray::<T, N>::from_array`
   --> /home/adwin/.cargo/registry/src/mirrors.tuna.tsinghua.edu.cn-4dc01642fd091eda/generic-array-1.3.5/src/lib.rs:773:12
    |
773 | impl<T, N: ArrayLength> GenericArray<T, N> {
    |            ^^^^^^^^^^^ required by this bound in `GenericArray::<T, N>::from_array`
...
940 |     pub const fn from_array<const U: usize>(value: [T; U]) -> Self
    |                  ---------- required by a bound in this associated function
    = note: this error originates in the macro `impl_tuple` (in Nightly builds, run with -Z macro-backtrace for more info)

error[E0275]: overflow evaluating the requirement `Const<3>: IntoArrayLength`
   --> /home/adwin/.cargo/registry/src/mirrors.tuna.tsinghua.edu.cn-4dc01642fd091eda/generic-array-1.3.5/src/impls.rs:163:17
    |
163 |                   GenericArray::from_array([$($t,)*])
    |                   ^^^^^^^^^^^^^^^^^^^^^^^^^^^^^^^^^^^
...
178 | / impl_tuple! {
179 | |     consts::U1  => (A,);
180 | |     consts::U2  => (A,B,);
181 | |     consts::U3  => (A,B,C,);
...   |
190 | |     consts::U12 => (A,B,C,D,E,F,G,H,I,J,K,L,);
191 | | }
    | |_- in this macro invocation
    |
    = help: consider increasing the recursion limit by adding a `#![recursion_limit = "256"]` attribute to your crate (`generic_array`)
note: required by a bound in `GenericArray::<T, N>::from_array`
   --> /home/adwin/.cargo/registry/src/mirrors.tuna.tsinghua.edu.cn-4dc01642fd091eda/generic-array-1.3.5/src/lib.rs:942:19
    |
940 |     pub const fn from_array<const U: usize>(value: [T; U]) -> Self
    |                  ---------- required by a bound in this associated function
941 |     where
942 |         Const<U>: IntoArrayLength<ArrayLength = N>,
    |                   ^^^^^^^^^^^^^^^^^^^^^^^^^^^^^^^^ required by this bound in `GenericArray::<T, N>::from_array`
    = note: this error originates in the macro `impl_tuple` (in Nightly builds, run with -Z macro-backtrace for more info)

error[E0275]: overflow evaluating the requirement `<Const<3> as IntoArrayLength>::ArrayLength == UInt<UInt<UTerm, typenum::B1>, typenum::B1>`
   --> /home/adwin/.cargo/registry/src/mirrors.tuna.tsinghua.edu.cn-4dc01642fd091eda/generic-array-1.3.5/src/impls.rs:163:17
    |
163 |                   GenericArray::from_array([$($t,)*])
    |                   ^^^^^^^^^^^^^^^^^^^^^^^^^^^^^^^^^^^
...
178 | / impl_tuple! {
179 | |     consts::U1  => (A,);
180 | |     consts::U2  => (A,B,);
181 | |     consts::U3  => (A,B,C,);
...   |
190 | |     consts::U12 => (A,B,C,D,E,F,G,H,I,J,K,L,);
191 | | }
    | |_- in this macro invocation
    |
    = help: consider increasing the recursion limit by adding a `#![recursion_limit = "256"]` attribute to your crate (`generic_array`)
note: required by a bound in `GenericArray::<T, N>::from_array`
   --> /home/adwin/.cargo/registry/src/mirrors.tuna.tsinghua.edu.cn-4dc01642fd091eda/generic-array-1.3.5/src/lib.rs:942:35
    |
940 |     pub const fn from_array<const U: usize>(value: [T; U]) -> Self
    |                  ---------- required by a bound in this associated function
941 |     where
942 |         Const<U>: IntoArrayLength<ArrayLength = N>,
    |                                   ^^^^^^^^^^^^^^^ required by this bound in `GenericArray::<T, N>::from_array`
    = note: this error originates in the macro `impl_tuple` (in Nightly builds, run with -Z macro-backtrace for more info)

error[E0275]: overflow evaluating the requirement `GenericArray<T, UInt<UInt<UTerm, typenum::B1>, typenum::B1>>: Sized`
   --> /home/adwin/.cargo/registry/src/mirrors.tuna.tsinghua.edu.cn-4dc01642fd091eda/generic-array-1.3.5/src/impls.rs:163:17
    |
163 |                   GenericArray::from_array([$($t,)*])
    |                   ^^^^^^^^^^^^^^^^^^^^^^^^^^^^^^^^^^^
...
178 | / impl_tuple! {
179 | |     consts::U1  => (A,);
180 | |     consts::U2  => (A,B,);
181 | |     consts::U3  => (A,B,C,);
...   |
190 | |     consts::U12 => (A,B,C,D,E,F,G,H,I,J,K,L,);
191 | | }
    | |_- in this macro invocation
    |
    = help: consider increasing the recursion limit by adding a `#![recursion_limit = "256"]` attribute to your crate (`generic_array`)
    = note: the return type of a function must have a statically known size
    = note: this error originates in the macro `impl_tuple` (in Nightly builds, run with -Z macro-backtrace for more info)

error[E0275]: overflow evaluating the requirement `GenericArray<T, UInt<UInt<UTerm, typenum::B1>, typenum::B1>> well-formed`
   --> /home/adwin/.cargo/registry/src/mirrors.tuna.tsinghua.edu.cn-4dc01642fd091eda/generic-array-1.3.5/src/impls.rs:163:17
    |
163 |                   GenericArray::from_array([$($t,)*])
    |                   ^^^^^^^^^^^^
...
178 | / impl_tuple! {
179 | |     consts::U1  => (A,);
180 | |     consts::U2  => (A,B,);
181 | |     consts::U3  => (A,B,C,);
...   |
190 | |     consts::U12 => (A,B,C,D,E,F,G,H,I,J,K,L,);
191 | | }
    | |_- in this macro invocation
    |
    = help: consider increasing the recursion limit by adding a `#![recursion_limit = "256"]` attribute to your crate (`generic_array`)
    = note: this error originates in the macro `impl_tuple` (in Nightly builds, run with -Z macro-backtrace for more info)

error[E0275]: overflow evaluating the requirement `GenericArray<T, UInt<UInt<UTerm, typenum::B1>, typenum::B1>> well-formed`
   --> /home/adwin/.cargo/registry/src/mirrors.tuna.tsinghua.edu.cn-4dc01642fd091eda/generic-array-1.3.5/src/impls.rs:163:17
    |
163 |                   GenericArray::from_array([$($t,)*])
    |                   ^^^^^^^^^^^^^^^^^^^^^^^^^^^^^^^^^^^
...
178 | / impl_tuple! {
179 | |     consts::U1  => (A,);
180 | |     consts::U2  => (A,B,);
181 | |     consts::U3  => (A,B,C,);
...   |
190 | |     consts::U12 => (A,B,C,D,E,F,G,H,I,J,K,L,);
191 | | }
    | |_- in this macro invocation
    |
    = help: consider increasing the recursion limit by adding a `#![recursion_limit = "256"]` attribute to your crate (`generic_array`)
    = note: this error originates in the macro `impl_tuple` (in Nightly builds, run with -Z macro-backtrace for more info)

error[E0275]: overflow evaluating the requirement `UInt<UInt<UInt<UTerm, typenum::B1>, B0>, B0>: ArrayLength`
   --> /home/adwin/.cargo/registry/src/mirrors.tuna.tsinghua.edu.cn-4dc01642fd091eda/generic-array-1.3.5/src/impls.rs:163:17
    |
163 |                   GenericArray::from_array([$($t,)*])
    |                   ^^^^^^^^^^^^^^^^^^^^^^^^^^^^^^^^^^^
...
178 | / impl_tuple! {
179 | |     consts::U1  => (A,);
180 | |     consts::U2  => (A,B,);
181 | |     consts::U3  => (A,B,C,);
...   |
190 | |     consts::U12 => (A,B,C,D,E,F,G,H,I,J,K,L,);
191 | | }
    | |_- in this macro invocation
    |
    = help: consider increasing the recursion limit by adding a `#![recursion_limit = "256"]` attribute to your crate (`generic_array`)
note: required by a bound in `GenericArray::<T, N>::from_array`
   --> /home/adwin/.cargo/registry/src/mirrors.tuna.tsinghua.edu.cn-4dc01642fd091eda/generic-array-1.3.5/src/lib.rs:773:12
    |
773 | impl<T, N: ArrayLength> GenericArray<T, N> {
    |            ^^^^^^^^^^^ required by this bound in `GenericArray::<T, N>::from_array`
...
940 |     pub const fn from_array<const U: usize>(value: [T; U]) -> Self
    |                  ---------- required by a bound in this associated function
    = note: this error originates in the macro `impl_tuple` (in Nightly builds, run with -Z macro-backtrace for more info)

error[E0275]: overflow evaluating the requirement `Const<4>: IntoArrayLength`
   --> /home/adwin/.cargo/registry/src/mirrors.tuna.tsinghua.edu.cn-4dc01642fd091eda/generic-array-1.3.5/src/impls.rs:163:17
    |
163 |                   GenericArray::from_array([$($t,)*])
    |                   ^^^^^^^^^^^^^^^^^^^^^^^^^^^^^^^^^^^
...
178 | / impl_tuple! {
179 | |     consts::U1  => (A,);
180 | |     consts::U2  => (A,B,);
181 | |     consts::U3  => (A,B,C,);
...   |
190 | |     consts::U12 => (A,B,C,D,E,F,G,H,I,J,K,L,);
191 | | }
    | |_- in this macro invocation
    |
    = help: consider increasing the recursion limit by adding a `#![recursion_limit = "256"]` attribute to your crate (`generic_array`)
note: required by a bound in `GenericArray::<T, N>::from_array`
   --> /home/adwin/.cargo/registry/src/mirrors.tuna.tsinghua.edu.cn-4dc01642fd091eda/generic-array-1.3.5/src/lib.rs:942:19
    |
940 |     pub const fn from_array<const U: usize>(value: [T; U]) -> Self
    |                  ---------- required by a bound in this associated function
941 |     where
942 |         Const<U>: IntoArrayLength<ArrayLength = N>,
    |                   ^^^^^^^^^^^^^^^^^^^^^^^^^^^^^^^^ required by this bound in `GenericArray::<T, N>::from_array`
    = note: this error originates in the macro `impl_tuple` (in Nightly builds, run with -Z macro-backtrace for more info)

error[E0275]: overflow evaluating the requirement `<Const<4> as IntoArrayLength>::ArrayLength == UInt<UInt<UInt<UTerm, typenum::B1>, B0>, B0>`
   --> /home/adwin/.cargo/registry/src/mirrors.tuna.tsinghua.edu.cn-4dc01642fd091eda/generic-array-1.3.5/src/impls.rs:163:17
    |
163 |                   GenericArray::from_array([$($t,)*])
    |                   ^^^^^^^^^^^^^^^^^^^^^^^^^^^^^^^^^^^
...
178 | / impl_tuple! {
179 | |     consts::U1  => (A,);
180 | |     consts::U2  => (A,B,);
181 | |     consts::U3  => (A,B,C,);
...   |
190 | |     consts::U12 => (A,B,C,D,E,F,G,H,I,J,K,L,);
191 | | }
    | |_- in this macro invocation
    |
    = help: consider increasing the recursion limit by adding a `#![recursion_limit = "256"]` attribute to your crate (`generic_array`)
note: required by a bound in `GenericArray::<T, N>::from_array`
   --> /home/adwin/.cargo/registry/src/mirrors.tuna.tsinghua.edu.cn-4dc01642fd091eda/generic-array-1.3.5/src/lib.rs:942:35
    |
940 |     pub const fn from_array<const U: usize>(value: [T; U]) -> Self
    |                  ---------- required by a bound in this associated function
941 |     where
942 |         Const<U>: IntoArrayLength<ArrayLength = N>,
    |                                   ^^^^^^^^^^^^^^^ required by this bound in `GenericArray::<T, N>::from_array`
    = note: this error originates in the macro `impl_tuple` (in Nightly builds, run with -Z macro-backtrace for more info)

error[E0275]: overflow evaluating the requirement `GenericArray<T, UInt<UInt<UInt<UTerm, typenum::B1>, ...>, ...>>: Sized`
   --> /home/adwin/.cargo/registry/src/mirrors.tuna.tsinghua.edu.cn-4dc01642fd091eda/generic-array-1.3.5/src/impls.rs:163:17
    |
163 |                   GenericArray::from_array([$($t,)*])
    |                   ^^^^^^^^^^^^^^^^^^^^^^^^^^^^^^^^^^^
...
178 | / impl_tuple! {
179 | |     consts::U1  => (A,);
180 | |     consts::U2  => (A,B,);
181 | |     consts::U3  => (A,B,C,);
...   |
190 | |     consts::U12 => (A,B,C,D,E,F,G,H,I,J,K,L,);
191 | | }
    | |_- in this macro invocation
    |
    = help: consider increasing the recursion limit by adding a `#![recursion_limit = "256"]` attribute to your crate (`generic_array`)
    = note: the return type of a function must have a statically known size
    = note: this error originates in the macro `impl_tuple` (in Nightly builds, run with -Z macro-backtrace for more info)

error[E0275]: overflow evaluating the requirement `GenericArray<T, UInt<UInt<UInt<UTerm, typenum::B1>, ...>, ...>> well-formed`
   --> /home/adwin/.cargo/registry/src/mirrors.tuna.tsinghua.edu.cn-4dc01642fd091eda/generic-array-1.3.5/src/impls.rs:163:17
    |
163 |                   GenericArray::from_array([$($t,)*])
    |                   ^^^^^^^^^^^^
...
178 | / impl_tuple! {
179 | |     consts::U1  => (A,);
180 | |     consts::U2  => (A,B,);
181 | |     consts::U3  => (A,B,C,);
...   |
190 | |     consts::U12 => (A,B,C,D,E,F,G,H,I,J,K,L,);
191 | | }
    | |_- in this macro invocation
    |
    = help: consider increasing the recursion limit by adding a `#![recursion_limit = "256"]` attribute to your crate (`generic_array`)
    = note: this error originates in the macro `impl_tuple` (in Nightly builds, run with -Z macro-backtrace for more info)

error[E0275]: overflow evaluating the requirement `GenericArray<T, UInt<UInt<UInt<UTerm, typenum::B1>, ...>, ...>> well-formed`
   --> /home/adwin/.cargo/registry/src/mirrors.tuna.tsinghua.edu.cn-4dc01642fd091eda/generic-array-1.3.5/src/impls.rs:163:17
    |
163 |                   GenericArray::from_array([$($t,)*])
    |                   ^^^^^^^^^^^^^^^^^^^^^^^^^^^^^^^^^^^
...
178 | / impl_tuple! {
179 | |     consts::U1  => (A,);
180 | |     consts::U2  => (A,B,);
181 | |     consts::U3  => (A,B,C,);
...   |
190 | |     consts::U12 => (A,B,C,D,E,F,G,H,I,J,K,L,);
191 | | }
    | |_- in this macro invocation
    |
    = help: consider increasing the recursion limit by adding a `#![recursion_limit = "256"]` attribute to your crate (`generic_array`)
    = note: this error originates in the macro `impl_tuple` (in Nightly builds, run with -Z macro-backtrace for more info)

error[E0275]: overflow evaluating the requirement `UInt<UInt<UInt<UTerm, typenum::B1>, B0>, typenum::B1>: ArrayLength`
   --> /home/adwin/.cargo/registry/src/mirrors.tuna.tsinghua.edu.cn-4dc01642fd091eda/generic-array-1.3.5/src/impls.rs:163:17
    |
163 |                   GenericArray::from_array([$($t,)*])
    |                   ^^^^^^^^^^^^^^^^^^^^^^^^^^^^^^^^^^^
...
178 | / impl_tuple! {
179 | |     consts::U1  => (A,);
180 | |     consts::U2  => (A,B,);
181 | |     consts::U3  => (A,B,C,);
...   |
190 | |     consts::U12 => (A,B,C,D,E,F,G,H,I,J,K,L,);
191 | | }
    | |_- in this macro invocation
    |
    = help: consider increasing the recursion limit by adding a `#![recursion_limit = "256"]` attribute to your crate (`generic_array`)
note: required by a bound in `GenericArray::<T, N>::from_array`
   --> /home/adwin/.cargo/registry/src/mirrors.tuna.tsinghua.edu.cn-4dc01642fd091eda/generic-array-1.3.5/src/lib.rs:773:12
    |
773 | impl<T, N: ArrayLength> GenericArray<T, N> {
    |            ^^^^^^^^^^^ required by this bound in `GenericArray::<T, N>::from_array`
...
940 |     pub const fn from_array<const U: usize>(value: [T; U]) -> Self
    |                  ---------- required by a bound in this associated function
    = note: this error originates in the macro `impl_tuple` (in Nightly builds, run with -Z macro-backtrace for more info)

error[E0275]: overflow evaluating the requirement `Const<5>: IntoArrayLength`
   --> /home/adwin/.cargo/registry/src/mirrors.tuna.tsinghua.edu.cn-4dc01642fd091eda/generic-array-1.3.5/src/impls.rs:163:17
    |
163 |                   GenericArray::from_array([$($t,)*])
    |                   ^^^^^^^^^^^^^^^^^^^^^^^^^^^^^^^^^^^
...
178 | / impl_tuple! {
179 | |     consts::U1  => (A,);
180 | |     consts::U2  => (A,B,);
181 | |     consts::U3  => (A,B,C,);
...   |
190 | |     consts::U12 => (A,B,C,D,E,F,G,H,I,J,K,L,);
191 | | }
    | |_- in this macro invocation
    |
    = help: consider increasing the recursion limit by adding a `#![recursion_limit = "256"]` attribute to your crate (`generic_array`)
note: required by a bound in `GenericArray::<T, N>::from_array`
   --> /home/adwin/.cargo/registry/src/mirrors.tuna.tsinghua.edu.cn-4dc01642fd091eda/generic-array-1.3.5/src/lib.rs:942:19
    |
940 |     pub const fn from_array<const U: usize>(value: [T; U]) -> Self
    |                  ---------- required by a bound in this associated function
941 |     where
942 |         Const<U>: IntoArrayLength<ArrayLength = N>,
    |                   ^^^^^^^^^^^^^^^^^^^^^^^^^^^^^^^^ required by this bound in `GenericArray::<T, N>::from_array`
    = note: this error originates in the macro `impl_tuple` (in Nightly builds, run with -Z macro-backtrace for more info)

error[E0275]: overflow evaluating the requirement `<Const<5> as IntoArrayLength>::ArrayLength == UInt<UInt<UInt<UTerm, typenum::B1>, B0>, typenum::B1>`
   --> /home/adwin/.cargo/registry/src/mirrors.tuna.tsinghua.edu.cn-4dc01642fd091eda/generic-array-1.3.5/src/impls.rs:163:17
    |
163 |                   GenericArray::from_array([$($t,)*])
    |                   ^^^^^^^^^^^^^^^^^^^^^^^^^^^^^^^^^^^
...
178 | / impl_tuple! {
179 | |     consts::U1  => (A,);
180 | |     consts::U2  => (A,B,);
181 | |     consts::U3  => (A,B,C,);
...   |
190 | |     consts::U12 => (A,B,C,D,E,F,G,H,I,J,K,L,);
191 | | }
    | |_- in this macro invocation
    |
    = help: consider increasing the recursion limit by adding a `#![recursion_limit = "256"]` attribute to your crate (`generic_array`)
note: required by a bound in `GenericArray::<T, N>::from_array`
   --> /home/adwin/.cargo/registry/src/mirrors.tuna.tsinghua.edu.cn-4dc01642fd091eda/generic-array-1.3.5/src/lib.rs:942:35
    |
940 |     pub const fn from_array<const U: usize>(value: [T; U]) -> Self
    |                  ---------- required by a bound in this associated function
941 |     where
942 |         Const<U>: IntoArrayLength<ArrayLength = N>,
    |                                   ^^^^^^^^^^^^^^^ required by this bound in `GenericArray::<T, N>::from_array`
    = note: this error originates in the macro `impl_tuple` (in Nightly builds, run with -Z macro-backtrace for more info)

error[E0275]: overflow evaluating the requirement `UInt<UInt<UInt<UTerm, typenum::B1>, typenum::B1>, B0>: ArrayLength`
   --> /home/adwin/.cargo/registry/src/mirrors.tuna.tsinghua.edu.cn-4dc01642fd091eda/generic-array-1.3.5/src/impls.rs:163:17
    |
163 |                   GenericArray::from_array([$($t,)*])
    |                   ^^^^^^^^^^^^^^^^^^^^^^^^^^^^^^^^^^^
...
178 | / impl_tuple! {
179 | |     consts::U1  => (A,);
180 | |     consts::U2  => (A,B,);
181 | |     consts::U3  => (A,B,C,);
...   |
190 | |     consts::U12 => (A,B,C,D,E,F,G,H,I,J,K,L,);
191 | | }
    | |_- in this macro invocation
    |
    = help: consider increasing the recursion limit by adding a `#![recursion_limit = "256"]` attribute to your crate (`generic_array`)
note: required by a bound in `GenericArray::<T, N>::from_array`
   --> /home/adwin/.cargo/registry/src/mirrors.tuna.tsinghua.edu.cn-4dc01642fd091eda/generic-array-1.3.5/src/lib.rs:773:12
    |
773 | impl<T, N: ArrayLength> GenericArray<T, N> {
    |            ^^^^^^^^^^^ required by this bound in `GenericArray::<T, N>::from_array`
...
940 |     pub const fn from_array<const U: usize>(value: [T; U]) -> Self
    |                  ---------- required by a bound in this associated function
    = note: this error originates in the macro `impl_tuple` (in Nightly builds, run with -Z macro-backtrace for more info)

error[E0275]: overflow evaluating the requirement `Const<6>: IntoArrayLength`
   --> /home/adwin/.cargo/registry/src/mirrors.tuna.tsinghua.edu.cn-4dc01642fd091eda/generic-array-1.3.5/src/impls.rs:163:17
    |
163 |                   GenericArray::from_array([$($t,)*])
    |                   ^^^^^^^^^^^^^^^^^^^^^^^^^^^^^^^^^^^
...
178 | / impl_tuple! {
179 | |     consts::U1  => (A,);
180 | |     consts::U2  => (A,B,);
181 | |     consts::U3  => (A,B,C,);
...   |
190 | |     consts::U12 => (A,B,C,D,E,F,G,H,I,J,K,L,);
191 | | }
    | |_- in this macro invocation
    |
    = help: consider increasing the recursion limit by adding a `#![recursion_limit = "256"]` attribute to your crate (`generic_array`)
note: required by a bound in `GenericArray::<T, N>::from_array`
   --> /home/adwin/.cargo/registry/src/mirrors.tuna.tsinghua.edu.cn-4dc01642fd091eda/generic-array-1.3.5/src/lib.rs:942:19
    |
940 |     pub const fn from_array<const U: usize>(value: [T; U]) -> Self
    |                  ---------- required by a bound in this associated function
941 |     where
942 |         Const<U>: IntoArrayLength<ArrayLength = N>,
    |                   ^^^^^^^^^^^^^^^^^^^^^^^^^^^^^^^^ required by this bound in `GenericArray::<T, N>::from_array`
    = note: this error originates in the macro `impl_tuple` (in Nightly builds, run with -Z macro-backtrace for more info)

error[E0275]: overflow evaluating the requirement `<Const<6> as IntoArrayLength>::ArrayLength == UInt<UInt<UInt<UTerm, typenum::B1>, typenum::B1>, B0>`
   --> /home/adwin/.cargo/registry/src/mirrors.tuna.tsinghua.edu.cn-4dc01642fd091eda/generic-array-1.3.5/src/impls.rs:163:17
    |
163 |                   GenericArray::from_array([$($t,)*])
    |                   ^^^^^^^^^^^^^^^^^^^^^^^^^^^^^^^^^^^
...
178 | / impl_tuple! {
179 | |     consts::U1  => (A,);
180 | |     consts::U2  => (A,B,);
181 | |     consts::U3  => (A,B,C,);
...   |
190 | |     consts::U12 => (A,B,C,D,E,F,G,H,I,J,K,L,);
191 | | }
    | |_- in this macro invocation
    |
    = help: consider increasing the recursion limit by adding a `#![recursion_limit = "256"]` attribute to your crate (`generic_array`)
note: required by a bound in `GenericArray::<T, N>::from_array`
   --> /home/adwin/.cargo/registry/src/mirrors.tuna.tsinghua.edu.cn-4dc01642fd091eda/generic-array-1.3.5/src/lib.rs:942:35
    |
940 |     pub const fn from_array<const U: usize>(value: [T; U]) -> Self
    |                  ---------- required by a bound in this associated function
941 |     where
942 |         Const<U>: IntoArrayLength<ArrayLength = N>,
    |                                   ^^^^^^^^^^^^^^^ required by this bound in `GenericArray::<T, N>::from_array`
    = note: this error originates in the macro `impl_tuple` (in Nightly builds, run with -Z macro-backtrace for more info)

error[E0275]: overflow evaluating the requirement `UInt<UInt<UInt<UTerm, typenum::B1>, typenum::B1>, typenum::B1>: ArrayLength`
   --> /home/adwin/.cargo/registry/src/mirrors.tuna.tsinghua.edu.cn-4dc01642fd091eda/generic-array-1.3.5/src/impls.rs:163:17
    |
163 |                   GenericArray::from_array([$($t,)*])
    |                   ^^^^^^^^^^^^^^^^^^^^^^^^^^^^^^^^^^^
...
178 | / impl_tuple! {
179 | |     consts::U1  => (A,);
180 | |     consts::U2  => (A,B,);
181 | |     consts::U3  => (A,B,C,);
...   |
190 | |     consts::U12 => (A,B,C,D,E,F,G,H,I,J,K,L,);
191 | | }
    | |_- in this macro invocation
    |
    = help: consider increasing the recursion limit by adding a `#![recursion_limit = "256"]` attribute to your crate (`generic_array`)
note: required by a bound in `GenericArray::<T, N>::from_array`
   --> /home/adwin/.cargo/registry/src/mirrors.tuna.tsinghua.edu.cn-4dc01642fd091eda/generic-array-1.3.5/src/lib.rs:773:12
    |
773 | impl<T, N: ArrayLength> GenericArray<T, N> {
    |            ^^^^^^^^^^^ required by this bound in `GenericArray::<T, N>::from_array`
...
940 |     pub const fn from_array<const U: usize>(value: [T; U]) -> Self
    |                  ---------- required by a bound in this associated function
    = note: this error originates in the macro `impl_tuple` (in Nightly builds, run with -Z macro-backtrace for more info)

error[E0275]: overflow evaluating the requirement `Const<7>: IntoArrayLength`
   --> /home/adwin/.cargo/registry/src/mirrors.tuna.tsinghua.edu.cn-4dc01642fd091eda/generic-array-1.3.5/src/impls.rs:163:17
    |
163 |                   GenericArray::from_array([$($t,)*])
    |                   ^^^^^^^^^^^^^^^^^^^^^^^^^^^^^^^^^^^
...
178 | / impl_tuple! {
179 | |     consts::U1  => (A,);
180 | |     consts::U2  => (A,B,);
181 | |     consts::U3  => (A,B,C,);
...   |
190 | |     consts::U12 => (A,B,C,D,E,F,G,H,I,J,K,L,);
191 | | }
    | |_- in this macro invocation
    |
    = help: consider increasing the recursion limit by adding a `#![recursion_limit = "256"]` attribute to your crate (`generic_array`)
note: required by a bound in `GenericArray::<T, N>::from_array`
   --> /home/adwin/.cargo/registry/src/mirrors.tuna.tsinghua.edu.cn-4dc01642fd091eda/generic-array-1.3.5/src/lib.rs:942:19
    |
940 |     pub const fn from_array<const U: usize>(value: [T; U]) -> Self
    |                  ---------- required by a bound in this associated function
941 |     where
942 |         Const<U>: IntoArrayLength<ArrayLength = N>,
    |                   ^^^^^^^^^^^^^^^^^^^^^^^^^^^^^^^^ required by this bound in `GenericArray::<T, N>::from_array`
    = note: this error originates in the macro `impl_tuple` (in Nightly builds, run with -Z macro-backtrace for more info)

error[E0275]: overflow evaluating the requirement `<Const<7> as IntoArrayLength>::ArrayLength == UInt<UInt<UInt<UTerm, typenum::B1>, typenum::B1>, typenum::B1>`
   --> /home/adwin/.cargo/registry/src/mirrors.tuna.tsinghua.edu.cn-4dc01642fd091eda/generic-array-1.3.5/src/impls.rs:163:17
    |
163 |                   GenericArray::from_array([$($t,)*])
    |                   ^^^^^^^^^^^^^^^^^^^^^^^^^^^^^^^^^^^
...
178 | / impl_tuple! {
179 | |     consts::U1  => (A,);
180 | |     consts::U2  => (A,B,);
181 | |     consts::U3  => (A,B,C,);
...   |
190 | |     consts::U12 => (A,B,C,D,E,F,G,H,I,J,K,L,);
191 | | }
    | |_- in this macro invocation
    |
    = help: consider increasing the recursion limit by adding a `#![recursion_limit = "256"]` attribute to your crate (`generic_array`)
note: required by a bound in `GenericArray::<T, N>::from_array`
   --> /home/adwin/.cargo/registry/src/mirrors.tuna.tsinghua.edu.cn-4dc01642fd091eda/generic-array-1.3.5/src/lib.rs:942:35
    |
940 |     pub const fn from_array<const U: usize>(value: [T; U]) -> Self
    |                  ---------- required by a bound in this associated function
941 |     where
942 |         Const<U>: IntoArrayLength<ArrayLength = N>,
    |                                   ^^^^^^^^^^^^^^^ required by this bound in `GenericArray::<T, N>::from_array`
    = note: this error originates in the macro `impl_tuple` (in Nightly builds, run with -Z macro-backtrace for more info)

error[E0275]: overflow evaluating the requirement `UInt<UInt<UInt<UInt<UTerm, typenum::B1>, B0>, ...>, ...>: ArrayLength`
   --> /home/adwin/.cargo/registry/src/mirrors.tuna.tsinghua.edu.cn-4dc01642fd091eda/generic-array-1.3.5/src/impls.rs:163:17
    |
163 |                   GenericArray::from_array([$($t,)*])
    |                   ^^^^^^^^^^^^^^^^^^^^^^^^^^^^^^^^^^^
...
178 | / impl_tuple! {
179 | |     consts::U1  => (A,);
180 | |     consts::U2  => (A,B,);
181 | |     consts::U3  => (A,B,C,);
...   |
190 | |     consts::U12 => (A,B,C,D,E,F,G,H,I,J,K,L,);
191 | | }
    | |_- in this macro invocation
    |
    = help: consider increasing the recursion limit by adding a `#![recursion_limit = "256"]` attribute to your crate (`generic_array`)
note: required by a bound in `GenericArray::<T, N>::from_array`
   --> /home/adwin/.cargo/registry/src/mirrors.tuna.tsinghua.edu.cn-4dc01642fd091eda/generic-array-1.3.5/src/lib.rs:773:12
    |
773 | impl<T, N: ArrayLength> GenericArray<T, N> {
    |            ^^^^^^^^^^^ required by this bound in `GenericArray::<T, N>::from_array`
...
940 |     pub const fn from_array<const U: usize>(value: [T; U]) -> Self
    |                  ---------- required by a bound in this associated function
    = note: this error originates in the macro `impl_tuple` (in Nightly builds, run with -Z macro-backtrace for more info)

error[E0275]: overflow evaluating the requirement `Const<8>: IntoArrayLength`
   --> /home/adwin/.cargo/registry/src/mirrors.tuna.tsinghua.edu.cn-4dc01642fd091eda/generic-array-1.3.5/src/impls.rs:163:17
    |
163 |                   GenericArray::from_array([$($t,)*])
    |                   ^^^^^^^^^^^^^^^^^^^^^^^^^^^^^^^^^^^
...
178 | / impl_tuple! {
179 | |     consts::U1  => (A,);
180 | |     consts::U2  => (A,B,);
181 | |     consts::U3  => (A,B,C,);
...   |
190 | |     consts::U12 => (A,B,C,D,E,F,G,H,I,J,K,L,);
191 | | }
    | |_- in this macro invocation
    |
    = help: consider increasing the recursion limit by adding a `#![recursion_limit = "256"]` attribute to your crate (`generic_array`)
note: required by a bound in `GenericArray::<T, N>::from_array`
   --> /home/adwin/.cargo/registry/src/mirrors.tuna.tsinghua.edu.cn-4dc01642fd091eda/generic-array-1.3.5/src/lib.rs:942:19
    |
940 |     pub const fn from_array<const U: usize>(value: [T; U]) -> Self
    |                  ---------- required by a bound in this associated function
941 |     where
942 |         Const<U>: IntoArrayLength<ArrayLength = N>,
    |                   ^^^^^^^^^^^^^^^^^^^^^^^^^^^^^^^^ required by this bound in `GenericArray::<T, N>::from_array`
    = note: this error originates in the macro `impl_tuple` (in Nightly builds, run with -Z macro-backtrace for more info)

error[E0275]: overflow evaluating the requirement `<Const<8> as IntoArrayLength>::ArrayLength == UInt<UInt<UInt<UInt<UTerm, typenum::B1>, B0>, ...>, ...>`
   --> /home/adwin/.cargo/registry/src/mirrors.tuna.tsinghua.edu.cn-4dc01642fd091eda/generic-array-1.3.5/src/impls.rs:163:17
    |
163 |                   GenericArray::from_array([$($t,)*])
    |                   ^^^^^^^^^^^^^^^^^^^^^^^^^^^^^^^^^^^
...
178 | / impl_tuple! {
179 | |     consts::U1  => (A,);
180 | |     consts::U2  => (A,B,);
181 | |     consts::U3  => (A,B,C,);
...   |
190 | |     consts::U12 => (A,B,C,D,E,F,G,H,I,J,K,L,);
191 | | }
    | |_- in this macro invocation
    |
    = help: consider increasing the recursion limit by adding a `#![recursion_limit = "256"]` attribute to your crate (`generic_array`)
note: required by a bound in `GenericArray::<T, N>::from_array`
   --> /home/adwin/.cargo/registry/src/mirrors.tuna.tsinghua.edu.cn-4dc01642fd091eda/generic-array-1.3.5/src/lib.rs:942:35
    |
940 |     pub const fn from_array<const U: usize>(value: [T; U]) -> Self
    |                  ---------- required by a bound in this associated function
941 |     where
942 |         Const<U>: IntoArrayLength<ArrayLength = N>,
    |                                   ^^^^^^^^^^^^^^^ required by this bound in `GenericArray::<T, N>::from_array`
    = note: this error originates in the macro `impl_tuple` (in Nightly builds, run with -Z macro-backtrace for more info)

error[E0275]: overflow evaluating the requirement `GenericArray<T, UInt<UInt<UInt<UInt<UTerm, ...>, ...>, ...>, ...>>: Sized`
   --> /home/adwin/.cargo/registry/src/mirrors.tuna.tsinghua.edu.cn-4dc01642fd091eda/generic-array-1.3.5/src/impls.rs:163:17
    |
163 |                   GenericArray::from_array([$($t,)*])
    |                   ^^^^^^^^^^^^^^^^^^^^^^^^^^^^^^^^^^^
...
178 | / impl_tuple! {
179 | |     consts::U1  => (A,);
180 | |     consts::U2  => (A,B,);
181 | |     consts::U3  => (A,B,C,);
...   |
190 | |     consts::U12 => (A,B,C,D,E,F,G,H,I,J,K,L,);
191 | | }
    | |_- in this macro invocation
    |
    = help: consider increasing the recursion limit by adding a `#![recursion_limit = "256"]` attribute to your crate (`generic_array`)
    = note: the return type of a function must have a statically known size
    = note: this error originates in the macro `impl_tuple` (in Nightly builds, run with -Z macro-backtrace for more info)

error[E0275]: overflow evaluating the requirement `GenericArray<T, UInt<UInt<UInt<UInt<UTerm, ...>, ...>, ...>, ...>> well-formed`
   --> /home/adwin/.cargo/registry/src/mirrors.tuna.tsinghua.edu.cn-4dc01642fd091eda/generic-array-1.3.5/src/impls.rs:163:17
    |
163 |                   GenericArray::from_array([$($t,)*])
    |                   ^^^^^^^^^^^^
...
178 | / impl_tuple! {
179 | |     consts::U1  => (A,);
180 | |     consts::U2  => (A,B,);
181 | |     consts::U3  => (A,B,C,);
...   |
190 | |     consts::U12 => (A,B,C,D,E,F,G,H,I,J,K,L,);
191 | | }
    | |_- in this macro invocation
    |
    = help: consider increasing the recursion limit by adding a `#![recursion_limit = "256"]` attribute to your crate (`generic_array`)
    = note: this error originates in the macro `impl_tuple` (in Nightly builds, run with -Z macro-backtrace for more info)

error[E0275]: overflow evaluating the requirement `GenericArray<T, UInt<UInt<UInt<UInt<UTerm, ...>, ...>, ...>, ...>> well-formed`
   --> /home/adwin/.cargo/registry/src/mirrors.tuna.tsinghua.edu.cn-4dc01642fd091eda/generic-array-1.3.5/src/impls.rs:163:17
    |
163 |                   GenericArray::from_array([$($t,)*])
    |                   ^^^^^^^^^^^^^^^^^^^^^^^^^^^^^^^^^^^
...
178 | / impl_tuple! {
179 | |     consts::U1  => (A,);
180 | |     consts::U2  => (A,B,);
181 | |     consts::U3  => (A,B,C,);
...   |
190 | |     consts::U12 => (A,B,C,D,E,F,G,H,I,J,K,L,);
191 | | }
    | |_- in this macro invocation
    |
    = help: consider increasing the recursion limit by adding a `#![recursion_limit = "256"]` attribute to your crate (`generic_array`)
    = note: this error originates in the macro `impl_tuple` (in Nightly builds, run with -Z macro-backtrace for more info)

error[E0275]: overflow evaluating the requirement `Const<9>: IntoArrayLength`
   --> /home/adwin/.cargo/registry/src/mirrors.tuna.tsinghua.edu.cn-4dc01642fd091eda/generic-array-1.3.5/src/impls.rs:163:17
    |
163 |                   GenericArray::from_array([$($t,)*])
    |                   ^^^^^^^^^^^^^^^^^^^^^^^^^^^^^^^^^^^
...
178 | / impl_tuple! {
179 | |     consts::U1  => (A,);
180 | |     consts::U2  => (A,B,);
181 | |     consts::U3  => (A,B,C,);
...   |
190 | |     consts::U12 => (A,B,C,D,E,F,G,H,I,J,K,L,);
191 | | }
    | |_- in this macro invocation
    |
    = help: consider increasing the recursion limit by adding a `#![recursion_limit = "256"]` attribute to your crate (`generic_array`)
note: required by a bound in `GenericArray::<T, N>::from_array`
   --> /home/adwin/.cargo/registry/src/mirrors.tuna.tsinghua.edu.cn-4dc01642fd091eda/generic-array-1.3.5/src/lib.rs:942:19
    |
940 |     pub const fn from_array<const U: usize>(value: [T; U]) -> Self
    |                  ---------- required by a bound in this associated function
941 |     where
942 |         Const<U>: IntoArrayLength<ArrayLength = N>,
    |                   ^^^^^^^^^^^^^^^^^^^^^^^^^^^^^^^^ required by this bound in `GenericArray::<T, N>::from_array`
    = note: this error originates in the macro `impl_tuple` (in Nightly builds, run with -Z macro-backtrace for more info)

error[E0275]: overflow evaluating the requirement `<Const<9> as IntoArrayLength>::ArrayLength == UInt<UInt<UInt<UInt<UTerm, typenum::B1>, B0>, ...>, ...>`
   --> /home/adwin/.cargo/registry/src/mirrors.tuna.tsinghua.edu.cn-4dc01642fd091eda/generic-array-1.3.5/src/impls.rs:163:17
    |
163 |                   GenericArray::from_array([$($t,)*])
    |                   ^^^^^^^^^^^^^^^^^^^^^^^^^^^^^^^^^^^
...
178 | / impl_tuple! {
179 | |     consts::U1  => (A,);
180 | |     consts::U2  => (A,B,);
181 | |     consts::U3  => (A,B,C,);
...   |
190 | |     consts::U12 => (A,B,C,D,E,F,G,H,I,J,K,L,);
191 | | }
    | |_- in this macro invocation
    |
    = help: consider increasing the recursion limit by adding a `#![recursion_limit = "256"]` attribute to your crate (`generic_array`)
note: required by a bound in `GenericArray::<T, N>::from_array`
   --> /home/adwin/.cargo/registry/src/mirrors.tuna.tsinghua.edu.cn-4dc01642fd091eda/generic-array-1.3.5/src/lib.rs:942:35
    |
940 |     pub const fn from_array<const U: usize>(value: [T; U]) -> Self
    |                  ---------- required by a bound in this associated function
941 |     where
942 |         Const<U>: IntoArrayLength<ArrayLength = N>,
    |                                   ^^^^^^^^^^^^^^^ required by this bound in `GenericArray::<T, N>::from_array`
    = note: this error originates in the macro `impl_tuple` (in Nightly builds, run with -Z macro-backtrace for more info)

error[E0275]: overflow evaluating the requirement `Const<10>: IntoArrayLength`
   --> /home/adwin/.cargo/registry/src/mirrors.tuna.tsinghua.edu.cn-4dc01642fd091eda/generic-array-1.3.5/src/impls.rs:163:17
    |
163 |                   GenericArray::from_array([$($t,)*])
    |                   ^^^^^^^^^^^^^^^^^^^^^^^^^^^^^^^^^^^
...
178 | / impl_tuple! {
179 | |     consts::U1  => (A,);
180 | |     consts::U2  => (A,B,);
181 | |     consts::U3  => (A,B,C,);
...   |
190 | |     consts::U12 => (A,B,C,D,E,F,G,H,I,J,K,L,);
191 | | }
    | |_- in this macro invocation
    |
    = help: consider increasing the recursion limit by adding a `#![recursion_limit = "256"]` attribute to your crate (`generic_array`)
note: required by a bound in `GenericArray::<T, N>::from_array`
   --> /home/adwin/.cargo/registry/src/mirrors.tuna.tsinghua.edu.cn-4dc01642fd091eda/generic-array-1.3.5/src/lib.rs:942:19
    |
940 |     pub const fn from_array<const U: usize>(value: [T; U]) -> Self
    |                  ---------- required by a bound in this associated function
941 |     where
942 |         Const<U>: IntoArrayLength<ArrayLength = N>,
    |                   ^^^^^^^^^^^^^^^^^^^^^^^^^^^^^^^^ required by this bound in `GenericArray::<T, N>::from_array`
    = note: this error originates in the macro `impl_tuple` (in Nightly builds, run with -Z macro-backtrace for more info)

error[E0275]: overflow evaluating the requirement `<Const<10> as IntoArrayLength>::ArrayLength == UInt<UInt<UInt<UInt<UTerm, typenum::B1>, B0>, ...>, ...>`
   --> /home/adwin/.cargo/registry/src/mirrors.tuna.tsinghua.edu.cn-4dc01642fd091eda/generic-array-1.3.5/src/impls.rs:163:17
    |
163 |                   GenericArray::from_array([$($t,)*])
    |                   ^^^^^^^^^^^^^^^^^^^^^^^^^^^^^^^^^^^
...
178 | / impl_tuple! {
179 | |     consts::U1  => (A,);
180 | |     consts::U2  => (A,B,);
181 | |     consts::U3  => (A,B,C,);
...   |
190 | |     consts::U12 => (A,B,C,D,E,F,G,H,I,J,K,L,);
191 | | }
    | |_- in this macro invocation
    |
    = help: consider increasing the recursion limit by adding a `#![recursion_limit = "256"]` attribute to your crate (`generic_array`)
note: required by a bound in `GenericArray::<T, N>::from_array`
   --> /home/adwin/.cargo/registry/src/mirrors.tuna.tsinghua.edu.cn-4dc01642fd091eda/generic-array-1.3.5/src/lib.rs:942:35
    |
940 |     pub const fn from_array<const U: usize>(value: [T; U]) -> Self
    |                  ---------- required by a bound in this associated function
941 |     where
942 |         Const<U>: IntoArrayLength<ArrayLength = N>,
    |                                   ^^^^^^^^^^^^^^^ required by this bound in `GenericArray::<T, N>::from_array`
    = note: this error originates in the macro `impl_tuple` (in Nightly builds, run with -Z macro-backtrace for more info)

error[E0275]: overflow evaluating the requirement `Const<11>: IntoArrayLength`
   --> /home/adwin/.cargo/registry/src/mirrors.tuna.tsinghua.edu.cn-4dc01642fd091eda/generic-array-1.3.5/src/impls.rs:163:17
    |
163 |                   GenericArray::from_array([$($t,)*])
    |                   ^^^^^^^^^^^^^^^^^^^^^^^^^^^^^^^^^^^
...
178 | / impl_tuple! {
179 | |     consts::U1  => (A,);
180 | |     consts::U2  => (A,B,);
181 | |     consts::U3  => (A,B,C,);
...   |
190 | |     consts::U12 => (A,B,C,D,E,F,G,H,I,J,K,L,);
191 | | }
    | |_- in this macro invocation
    |
    = help: consider increasing the recursion limit by adding a `#![recursion_limit = "256"]` attribute to your crate (`generic_array`)
note: required by a bound in `GenericArray::<T, N>::from_array`
   --> /home/adwin/.cargo/registry/src/mirrors.tuna.tsinghua.edu.cn-4dc01642fd091eda/generic-array-1.3.5/src/lib.rs:942:19
    |
940 |     pub const fn from_array<const U: usize>(value: [T; U]) -> Self
    |                  ---------- required by a bound in this associated function
941 |     where
942 |         Const<U>: IntoArrayLength<ArrayLength = N>,
    |                   ^^^^^^^^^^^^^^^^^^^^^^^^^^^^^^^^ required by this bound in `GenericArray::<T, N>::from_array`
    = note: this error originates in the macro `impl_tuple` (in Nightly builds, run with -Z macro-backtrace for more info)

error[E0275]: overflow evaluating the requirement `<Const<11> as IntoArrayLength>::ArrayLength == UInt<UInt<UInt<UInt<UTerm, typenum::B1>, B0>, ...>, ...>`
   --> /home/adwin/.cargo/registry/src/mirrors.tuna.tsinghua.edu.cn-4dc01642fd091eda/generic-array-1.3.5/src/impls.rs:163:17
    |
163 |                   GenericArray::from_array([$($t,)*])
    |                   ^^^^^^^^^^^^^^^^^^^^^^^^^^^^^^^^^^^
...
178 | / impl_tuple! {
179 | |     consts::U1  => (A,);
180 | |     consts::U2  => (A,B,);
181 | |     consts::U3  => (A,B,C,);
...   |
190 | |     consts::U12 => (A,B,C,D,E,F,G,H,I,J,K,L,);
191 | | }
    | |_- in this macro invocation
    |
    = help: consider increasing the recursion limit by adding a `#![recursion_limit = "256"]` attribute to your crate (`generic_array`)
note: required by a bound in `GenericArray::<T, N>::from_array`
   --> /home/adwin/.cargo/registry/src/mirrors.tuna.tsinghua.edu.cn-4dc01642fd091eda/generic-array-1.3.5/src/lib.rs:942:35
    |
940 |     pub const fn from_array<const U: usize>(value: [T; U]) -> Self
    |                  ---------- required by a bound in this associated function
941 |     where
942 |         Const<U>: IntoArrayLength<ArrayLength = N>,
    |                                   ^^^^^^^^^^^^^^^ required by this bound in `GenericArray::<T, N>::from_array`
    = note: this error originates in the macro `impl_tuple` (in Nightly builds, run with -Z macro-backtrace for more info)

error[E0275]: overflow evaluating the requirement `UInt<UInt<UInt<UInt<UTerm, typenum::B1>, typenum::B1>, ...>, ...>: ArrayLength`
   --> /home/adwin/.cargo/registry/src/mirrors.tuna.tsinghua.edu.cn-4dc01642fd091eda/generic-array-1.3.5/src/impls.rs:163:17
    |
163 |                   GenericArray::from_array([$($t,)*])
    |                   ^^^^^^^^^^^^^^^^^^^^^^^^^^^^^^^^^^^
...
178 | / impl_tuple! {
179 | |     consts::U1  => (A,);
180 | |     consts::U2  => (A,B,);
181 | |     consts::U3  => (A,B,C,);
...   |
190 | |     consts::U12 => (A,B,C,D,E,F,G,H,I,J,K,L,);
191 | | }
    | |_- in this macro invocation
    |
    = help: consider increasing the recursion limit by adding a `#![recursion_limit = "256"]` attribute to your crate (`generic_array`)
note: required by a bound in `GenericArray::<T, N>::from_array`
   --> /home/adwin/.cargo/registry/src/mirrors.tuna.tsinghua.edu.cn-4dc01642fd091eda/generic-array-1.3.5/src/lib.rs:773:12
    |
773 | impl<T, N: ArrayLength> GenericArray<T, N> {
    |            ^^^^^^^^^^^ required by this bound in `GenericArray::<T, N>::from_array`
...
940 |     pub const fn from_array<const U: usize>(value: [T; U]) -> Self
    |                  ---------- required by a bound in this associated function
    = note: this error originates in the macro `impl_tuple` (in Nightly builds, run with -Z macro-backtrace for more info)

error[E0275]: overflow evaluating the requirement `Const<12>: IntoArrayLength`
   --> /home/adwin/.cargo/registry/src/mirrors.tuna.tsinghua.edu.cn-4dc01642fd091eda/generic-array-1.3.5/src/impls.rs:163:17
    |
163 |                   GenericArray::from_array([$($t,)*])
    |                   ^^^^^^^^^^^^^^^^^^^^^^^^^^^^^^^^^^^
...
178 | / impl_tuple! {
179 | |     consts::U1  => (A,);
180 | |     consts::U2  => (A,B,);
181 | |     consts::U3  => (A,B,C,);
...   |
190 | |     consts::U12 => (A,B,C,D,E,F,G,H,I,J,K,L,);
191 | | }
    | |_- in this macro invocation
    |
    = help: consider increasing the recursion limit by adding a `#![recursion_limit = "256"]` attribute to your crate (`generic_array`)
note: required by a bound in `GenericArray::<T, N>::from_array`
   --> /home/adwin/.cargo/registry/src/mirrors.tuna.tsinghua.edu.cn-4dc01642fd091eda/generic-array-1.3.5/src/lib.rs:942:19
    |
940 |     pub const fn from_array<const U: usize>(value: [T; U]) -> Self
    |                  ---------- required by a bound in this associated function
941 |     where
942 |         Const<U>: IntoArrayLength<ArrayLength = N>,
    |                   ^^^^^^^^^^^^^^^^^^^^^^^^^^^^^^^^ required by this bound in `GenericArray::<T, N>::from_array`
    = note: this error originates in the macro `impl_tuple` (in Nightly builds, run with -Z macro-backtrace for more info)

error[E0275]: overflow evaluating the requirement `<Const<12> as IntoArrayLength>::ArrayLength == UInt<UInt<UInt<UInt<UTerm, typenum::B1>, typenum::B1>, ...>, ...>`
   --> /home/adwin/.cargo/registry/src/mirrors.tuna.tsinghua.edu.cn-4dc01642fd091eda/generic-array-1.3.5/src/impls.rs:163:17
    |
163 |                   GenericArray::from_array([$($t,)*])
    |                   ^^^^^^^^^^^^^^^^^^^^^^^^^^^^^^^^^^^
...
178 | / impl_tuple! {
179 | |     consts::U1  => (A,);
180 | |     consts::U2  => (A,B,);
181 | |     consts::U3  => (A,B,C,);
...   |
190 | |     consts::U12 => (A,B,C,D,E,F,G,H,I,J,K,L,);
191 | | }
    | |_- in this macro invocation
    |
    = help: consider increasing the recursion limit by adding a `#![recursion_limit = "256"]` attribute to your crate (`generic_array`)
note: required by a bound in `GenericArray::<T, N>::from_array`
   --> /home/adwin/.cargo/registry/src/mirrors.tuna.tsinghua.edu.cn-4dc01642fd091eda/generic-array-1.3.5/src/lib.rs:942:35
    |
940 |     pub const fn from_array<const U: usize>(value: [T; U]) -> Self
    |                  ---------- required by a bound in this associated function
941 |     where
942 |         Const<U>: IntoArrayLength<ArrayLength = N>,
    |                                   ^^^^^^^^^^^^^^^ required by this bound in `GenericArray::<T, N>::from_array`
    = note: this error originates in the macro `impl_tuple` (in Nightly builds, run with -Z macro-backtrace for more info)

    Checking home v0.5.12
Some errors have detailed explanations: E0275, E0282.
For more information about an error, try `rustc --explain E0275`.
error: could not compile `generic-array` (lib) due to 120 previous errors
warning: build failed, waiting for other jobs to finish...
