Running as unit: run-p2859259-i15439333.scope; invocation ID: 3237c7d04cde4f46b950605a8cc322e7
warning: unused key `features` in [target] config table `cfg(target_arch = "wasm32")`
   Compiling proc-macro2 v1.0.94
   Compiling unicode-ident v1.0.18
   Compiling libc v0.2.171
    Checking memchr v2.7.4
    Checking pin-project-lite v0.2.16
    Checking stable_deref_trait v1.2.0
   Compiling serde v1.0.219
    Checking futures-core v0.3.31
    Checking bytes v1.10.1
    Checking cfg-if v1.0.0
   Compiling autocfg v1.4.0
   Compiling shlex v1.3.0
    Checking futures-sink v0.3.31
    Checking itoa v1.0.15
   Compiling cc v1.2.18
   Compiling slab v0.4.9
   Compiling icu_locid_transform_data v1.5.1
    Checking litemap v0.7.5
    Checking writeable v0.5.5
    Checking futures-channel v0.3.31
   Compiling quote v1.0.40
    Checking futures-io v0.3.31
    Checking futures-task v0.3.31
   Compiling icu_properties_data v1.5.1
    Checking mio v1.0.3
   Compiling syn v2.0.100
    Checking socket2 v0.5.9
    Checking pin-utils v0.1.0
    Checking smallvec v1.15.0
    Checking rustls-pki-types v1.11.0
   Compiling icu_normalizer_data v1.5.1
    Checking fnv v1.0.7
    Checking tokio v1.44.2
   Compiling version_check v0.9.5
    Checking once_cell v1.21.3
   Compiling typenum v1.18.0
    Checking http v1.3.1
   Compiling generic-array v0.14.7
    Checking getrandom v0.2.15
   Compiling httparse v1.10.1
    Checking untrusted v0.9.0
   Compiling ring v0.17.14
    Checking http-body v1.0.1
    Checking write16 v1.0.0
    Checking try-lock v0.2.5
    Checking utf8parse v0.2.2
   Compiling rustls v0.23.26
    Checking utf16_iter v1.0.5
    Checking alloc-no-stdlib v2.0.4
    Checking utf8_iter v1.0.4
    Checking alloc-stdlib v0.2.2
    Checking anstyle-parse v0.2.6
    Checking want v0.3.1
    Checking tracing-core v0.1.33
    Checking aho-corasick v1.1.3
    Checking ryu v1.0.20
    Checking is_terminal_polyfill v1.70.1
    Checking anstyle-query v1.1.2
    Checking adler2 v2.0.0
    Checking tower-service v0.3.3
    Checking regex-syntax v0.8.5
    Checking hashbrown v0.15.2
    Checking subtle v2.6.1
    Checking equivalent v1.0.2
    Checking colorchoice v1.0.3
    Checking percent-encoding v2.3.1
    Checking zeroize v1.8.1
    Checking anstyle v1.0.10
    Checking form_urlencoded v1.2.1
    Checking indexmap v2.9.0
    Checking anstream v0.6.18
    Checking miniz_oxide v0.8.7
    Checking tracing v0.1.41
    Checking brotli-decompressor v4.0.2
    Checking crc32fast v1.4.2
    Checking regex-automata v0.4.9
    Checking log v0.4.27
   Compiling serde_json v1.0.140
    Checking flate2 v1.1.1
    Checking block-buffer v0.10.4
    Checking brotli v7.0.0
    Checking crypto-common v0.1.6
    Checking webpki-roots v0.26.8
   Compiling synstructure v0.13.1
    Checking sync_wrapper v1.0.2
    Checking strsim v0.11.1
   Compiling anyhow v1.0.97
    Checking tower-layer v0.3.3
    Checking clap_lex v0.7.4
   Compiling heck v0.5.0
    Checking rustls-webpki v0.103.1
    Checking winnow v0.7.4
    Checking regex v1.11.1
   Compiling thiserror v2.0.12
    Checking env_filter v0.1.3
    Checking clap_builder v4.5.35
    Checking tokio-util v0.7.14
   Compiling zerofrom-derive v0.1.6
   Compiling yoke-derive v0.7.5
   Compiling zerovec-derive v0.10.3
   Compiling serde_derive v1.0.219
   Compiling displaydoc v0.2.5
    Checking zerofrom v0.1.6
   Compiling futures-macro v0.3.31
    Checking yoke v0.7.5
   Compiling icu_provider_macros v1.5.0
    Checking tokio-rustls v0.26.2
    Checking async-compression v0.4.22
   Compiling thiserror-impl v2.0.12
   Compiling clap_derive v4.5.32
    Checking futures-util v0.3.31
    Checking digest v0.10.7
    Checking zerovec v0.10.4
    Checking http-body-util v0.1.3
    Checking rustls-pemfile v2.2.0
    Checking result v1.0.0
    Checking void v1.0.2
    Checking jiff v0.2.5
    Checking mime v0.3.17
    Checking tinystr v0.7.6
    Checking icu_collections v1.5.0
    Checking icu_locid v1.5.0
    Checking ipnet v2.11.0
    Checking base64 v0.22.1
    Checking icu_provider v1.5.0
    Checking unsafe-libyaml v0.2.11
    Checking clap v4.5.35
    Checking md-5 v0.10.6
    Checking icu_locid_transform v1.5.0
    Checking urlencoding v2.1.3
    Checking uuid v1.16.0
    Checking bitflags v2.9.0
    Checking linked-hash-map v0.5.6
    Checking case_insensitive_string v0.2.9
    Checking icu_properties v1.5.1
    Checking configparser v3.1.0
    Checking lazy_static v1.5.0
    Checking hyper v1.6.0
    Checking tower v0.5.2
    Checking futures-executor v0.3.31
    Checking futures v0.3.31
    Checking hyper-util v0.1.11
    Checking env_logger v0.11.8
    Checking icu_normalizer v1.5.0
    Checking hyper-rustls v0.27.5
    Checking idna_adapter v1.2.0
    Checking idna v1.0.3
    Checking url v2.5.4
    Checking serde_spanned v0.6.8
    Checking toml_datetime v0.6.8
    Checking serde_urlencoded v0.7.1
    Checking serde_bytes v0.11.17
    Checking serde_ini v0.2.0
    Checking serde_yaml v0.9.34+deprecated
    Checking toml_edit v0.22.24
    Checking minijinja v2.9.0
error[E0283]: type annotations needed
    --> /home/adwin/.cargo/registry/src/mirrors.tuna.tsinghua.edu.cn-4dc01642fd091eda/minijinja-2.9.0/src/environment.rs:708:42
     |
 708 |         self.filters.insert(name.into(), Value::from_function(f));
     |                                          ^^^^^^^^^^^^^^^^^^^^ - type must be known at this point
     |                                          |
     |                                          cannot infer type of the type parameter `Args` declared on the associated function `from_function`
     |
     = note: cannot satisfy `F: Function<Rv, _>`
     = help: the following types implement trait `Function<Rv, Args>`:
               `Func` implements `Function<Rv, ()>`
               `Func` implements `Function<Rv, (A, B)>`
               `Func` implements `Function<Rv, (A, B, C)>`
               `Func` implements `Function<Rv, (A, B, C, D)>`
               `Func` implements `Function<Rv, (A, B, C, D, E)>`
               `Func` implements `Function<Rv, (A,)>`
note: required by a bound in `value::Value::from_function`
    --> /home/adwin/.cargo/registry/src/mirrors.tuna.tsinghua.edu.cn-4dc01642fd091eda/minijinja-2.9.0/src/value/mod.rs:1060:12
     |
1057 |     pub fn from_function<F, Rv, Args>(f: F) -> Value
     |            ------------- required by a bound in this associated function
...
1060 |         F: functions::Function<Rv, Args>
     |            ^^^^^^^^^^^^^^^^^^^^^^^^^^^^^ required by this bound in `Value::from_function`
help: consider specifying the generic arguments
     |
 708 |         self.filters.insert(name.into(), Value::from_function::<F, Rv, Args>(f));
     |                                                              +++++++++++++++

error[E0283]: type annotations needed
    --> /home/adwin/.cargo/registry/src/mirrors.tuna.tsinghua.edu.cn-4dc01642fd091eda/minijinja-2.9.0/src/environment.rs:730:40
     |
 730 |         self.tests.insert(name.into(), Value::from_function(f));
     |                                        ^^^^^^^^^^^^^^^^^^^^ - type must be known at this point
     |                                        |
     |                                        cannot infer type of the type parameter `Args` declared on the associated function `from_function`
     |
     = note: cannot satisfy `F: Function<Rv, _>`
     = help: the following types implement trait `Function<Rv, Args>`:
               `Func` implements `Function<Rv, ()>`
               `Func` implements `Function<Rv, (A, B)>`
               `Func` implements `Function<Rv, (A, B, C)>`
               `Func` implements `Function<Rv, (A, B, C, D)>`
               `Func` implements `Function<Rv, (A, B, C, D, E)>`
               `Func` implements `Function<Rv, (A,)>`
note: required by a bound in `value::Value::from_function`
    --> /home/adwin/.cargo/registry/src/mirrors.tuna.tsinghua.edu.cn-4dc01642fd091eda/minijinja-2.9.0/src/value/mod.rs:1060:12
     |
1057 |     pub fn from_function<F, Rv, Args>(f: F) -> Value
     |            ------------- required by a bound in this associated function
...
1060 |         F: functions::Function<Rv, Args>
     |            ^^^^^^^^^^^^^^^^^^^^^^^^^^^^^ required by this bound in `Value::from_function`
help: consider specifying the generic arguments
     |
 730 |         self.tests.insert(name.into(), Value::from_function::<F, Rv, Args>(f));
     |                                                            +++++++++++++++

error[E0283]: type annotations needed
    --> /home/adwin/.cargo/registry/src/mirrors.tuna.tsinghua.edu.cn-4dc01642fd091eda/minijinja-2.9.0/src/environment.rs:756:38
     |
 756 |         self.add_global(name.into(), Value::from_function(f))
     |                                      ^^^^^^^^^^^^^^^^^^^^ - type must be known at this point
     |                                      |
     |                                      cannot infer type of the type parameter `Args` declared on the associated function `from_function`
     |
     = note: cannot satisfy `F: Function<Rv, _>`
     = help: the following types implement trait `Function<Rv, Args>`:
               `Func` implements `Function<Rv, ()>`
               `Func` implements `Function<Rv, (A, B)>`
               `Func` implements `Function<Rv, (A, B, C)>`
               `Func` implements `Function<Rv, (A, B, C, D)>`
               `Func` implements `Function<Rv, (A, B, C, D, E)>`
               `Func` implements `Function<Rv, (A,)>`
note: required by a bound in `value::Value::from_function`
    --> /home/adwin/.cargo/registry/src/mirrors.tuna.tsinghua.edu.cn-4dc01642fd091eda/minijinja-2.9.0/src/value/mod.rs:1060:12
     |
1057 |     pub fn from_function<F, Rv, Args>(f: F) -> Value
     |            ------------- required by a bound in this associated function
...
1060 |         F: functions::Function<Rv, Args>
     |            ^^^^^^^^^^^^^^^^^^^^^^^^^^^^^ required by this bound in `Value::from_function`
help: consider specifying the generic arguments
     |
 756 |         self.add_global(name.into(), Value::from_function::<F, Rv, Args>(f))
     |                                                          +++++++++++++++

    Checking reqwest v0.12.15
error[E0283]: type annotations needed
    --> /home/adwin/.cargo/registry/src/mirrors.tuna.tsinghua.edu.cn-4dc01642fd091eda/minijinja-2.9.0/src/value/mod.rs:1065:9
     |
1065 |         functions::BoxedFunction::new(f).to_value()
     |         ^^^^^^^^^^^^^^^^^^^^^^^^^^^^^ - type must be known at this point
     |         |
     |         cannot infer type of the type parameter `Args` declared on the associated function `new`
     |
     = note: cannot satisfy `F: Function<Rv, _>`
     = help: the following types implement trait `Function<Rv, Args>`:
               `Func` implements `Function<Rv, ()>`
               `Func` implements `Function<Rv, (A, B)>`
               `Func` implements `Function<Rv, (A, B, C)>`
               `Func` implements `Function<Rv, (A, B, C, D)>`
               `Func` implements `Function<Rv, (A, B, C, D, E)>`
               `Func` implements `Function<Rv, (A,)>`
note: required by a bound in `BoxedFunction::new`
    --> /home/adwin/.cargo/registry/src/mirrors.tuna.tsinghua.edu.cn-4dc01642fd091eda/minijinja-2.9.0/src/functions.rs:234:12
     |
 232 |     pub fn new<F, Rv, Args>(f: F) -> BoxedFunction
     |            --- required by a bound in this associated function
 233 |     where
 234 |         F: Function<Rv, Args> + for<'a> Function<Rv, <Args as FunctionArgs<'a>>::Output>,
     |            ^^^^^^^^^^^^^^^^^^ required by this bound in `BoxedFunction::new`
help: consider specifying the generic arguments
     |
1065 |         functions::BoxedFunction::new::<F, Rv, Args>(f).to_value()
     |                                      +++++++++++++++

For more information about this error, try `rustc --explain E0283`.
error: could not compile `minijinja` (lib) due to 4 previous errors
warning: build failed, waiting for other jobs to finish...
